# Time          1.0000E-01
# Units: Dimensionless (Log10(Q/Keq)
    Distance           Quartz           K-Feldspar_Li    Oligoclase_Li    Biotite_Li       Kaolinite_Li7    Kaolinite_Li6
    5.0000000E-02   -2.2719009E-01   -4.4351926E+00   -8.6055480E+00   -3.1804923E+01    6.1699192E-03   -9.7694987E-03
    1.5000000E-01   -2.1023054E-01   -4.3883821E+00   -8.5654666E+00   -3.1404778E+01    5.9049029E-03   -1.0045022E-02
    2.5000000E-01   -1.9215649E-01   -4.3376528E+00   -8.5215828E+00   -3.1125498E+01    5.9308423E-03   -1.0028409E-02
    3.5000000E-01   -1.7474674E-01   -4.2884139E+00   -8.4789650E+00   -3.0899805E+01    5.9567892E-03   -1.0010772E-02
    4.5000000E-01   -1.5797180E-01   -4.2406216E+00   -8.4375790E+00   -3.0704226E+01    5.9834319E-03   -9.9915370E-03
    5.5000000E-01   -1.4178662E-01   -4.1941818E+00   -8.3973431E+00   -3.0528252E+01    6.0107151E-03   -9.9708604E-03
    6.5000000E-01   -1.2615059E-01   -4.1490088E+00   -8.3581833E+00   -3.0366252E+01    6.0385845E-03   -9.9488855E-03
    7.5000000E-01   -1.1102711E-01   -4.1050256E+00   -8.3200325E+00   -3.0214839E+01    6.0669956E-03   -9.9257359E-03
    8.5000000E-01   -9.6383077E-02   -4.0621617E+00   -8.2828303E+00   -3.0071809E+01    6.0959117E-03   -9.9015182E-03
    9.5000000E-01   -8.2188491E-02   -4.0203533E+00   -8.2465214E+00   -2.9935641E+01    6.1253026E-03   -9.8763247E-03
    1.0500000E+00   -6.8416049E-02   -3.9795420E+00   -8.2110555E+00   -2.9805235E+01    6.1551434E-03   -9.8502353E-03
    1.1500000E+00   -5.5040847E-02   -3.9396741E+00   -8.1763866E+00   -2.9679768E+01    6.1854134E-03   -9.8233192E-03
    1.2500000E+00   -4.2040111E-02   -3.9007006E+00   -8.1424724E+00   -2.9558603E+01    6.2160957E-03   -9.7956365E-03
    1.3500000E+00   -2.9392956E-02   -3.8625762E+00   -8.1092741E+00   -2.9441240E+01    6.2471763E-03   -9.7672396E-03
    1.4500000E+00   -1.7080189E-02   -3.8252591E+00   -8.0767559E+00   -2.9327273E+01    6.2786439E-03   -9.7381739E-03
    1.5500000E+00   -5.0841294E-03   -3.7887106E+00   -8.0448847E+00   -2.9216369E+01    6.3104892E-03   -9.7084787E-03
    1.6500000E+00    6.6115632E-03   -3.7528948E+00   -8.0136299E+00   -2.9108251E+01    6.3427049E-03   -9.6781882E-03
    1.7500000E+00    1.8021999E-02   -3.7177784E+00   -7.9829629E+00   -2.9002684E+01    6.3752850E-03   -9.6473323E-03
    1.8500000E+00    2.9161167E-02   -3.6833303E+00   -7.9528575E+00   -2.8899469E+01    6.4082251E-03   -9.6159365E-03
    1.9500000E+00    4.0042055E-02   -3.6495218E+00   -7.9232890E+00   -2.8798432E+01    6.4415218E-03   -9.5840232E-03
    2.0500000E+00    5.0676744E-02   -3.6163258E+00   -7.8942345E+00   -2.8699422E+01    6.4751728E-03   -9.5516114E-03
    2.1500000E+00    6.1076488E-02   -3.5837171E+00   -7.8656724E+00   -2.8602308E+01    6.5091766E-03   -9.5187175E-03
    2.2500000E+00    7.1251792E-02   -3.5516719E+00   -7.8375828E+00   -2.8506972E+01    6.5435326E-03   -9.4853557E-03
    2.3500000E+00    8.1212471E-02   -3.5201681E+00   -7.8099468E+00   -2.8413309E+01    6.5782408E-03   -9.4515377E-03
    2.4500000E+00    9.0967714E-02   -3.4891848E+00   -7.7827467E+00   -2.8321226E+01    6.6133018E-03   -9.4172737E-03
    2.5500000E+00    1.0052613E-01   -3.4587023E+00   -7.7559659E+00   -2.8230638E+01    6.6487167E-03   -9.3825719E-03
    2.6500000E+00    1.0989581E-01   -3.4287022E+00   -7.7295887E+00   -2.8141470E+01    6.6844872E-03   -9.3474392E-03
    2.7500000E+00    1.1908434E-01   -3.3991669E+00   -7.7036005E+00   -2.8053650E+01    6.7206154E-03   -9.3118810E-03
    2.8500000E+00    1.2809887E-01   -3.3700799E+00   -7.6779872E+00   -2.7967117E+01    6.7571036E-03   -9.2759018E-03
    2.9500000E+00    1.3694614E-01   -3.3414256E+00   -7.6527357E+00   -2.7881812E+01    6.7939549E-03   -9.2395048E-03
    3.0500000E+00    1.4563249E-01   -3.3131892E+00   -7.6278335E+00   -2.7797680E+01    6.8311722E-03   -9.2026921E-03
    3.1500000E+00    1.5416392E-01   -3.2853567E+00   -7.6032689E+00   -2.7714673E+01    6.8687592E-03   -9.1654652E-03
    3.2500000E+00    1.6254611E-01   -3.2579148E+00   -7.5790307E+00   -2.7632744E+01    6.9067196E-03   -9.1278247E-03
    3.3500000E+00    1.7078440E-01   -3.2308509E+00   -7.5551082E+00   -2.7551851E+01    6.9450575E-03   -9.0897705E-03
    3.4500000E+00    1.7888388E-01   -3.2041529E+00   -7.5314913E+00   -2.7471954E+01    6.9837770E-03   -9.0513017E-03
    3.5500000E+00    1.8684937E-01   -3.1778093E+00   -7.5081705E+00   -2.7393016E+01    7.0228830E-03   -9.0124170E-03
    3.6500000E+00    1.9468544E-01   -3.1518094E+00   -7.4851366E+00   -2.7315003E+01    7.0623800E-03   -8.9731145E-03
    3.7500000E+00    2.0239642E-01   -3.1261427E+00   -7.4623809E+00   -2.7237881E+01    7.1022731E-03   -8.9333916E-03
    3.8500000E+00    2.0998643E-01   -3.1007993E+00   -7.4398950E+00   -2.7161620E+01    7.1425676E-03   -8.8932455E-03
    3.9500000E+00    2.1745941E-01   -3.0757697E+00   -7.4176712E+00   -2.7086192E+01    7.1832689E-03   -8.8526727E-03
    4.0500000E+00    2.2481908E-01   -3.0510449E+00   -7.3957017E+00   -2.7011569E+01    7.2243827E-03   -8.8116695E-03
    4.1500000E+00    2.3206902E-01   -3.0266162E+00   -7.3739795E+00   -2.6937725E+01    7.2659149E-03   -8.7702317E-03
    4.2500000E+00    2.3921260E-01   -3.0024754E+00   -7.3524974E+00   -2.6864636E+01    7.3078715E-03   -8.7283546E-03
    4.3500000E+00    2.4625308E-01   -2.9786145E+00   -7.3312490E+00   -2.6792279E+01    7.3502588E-03   -8.6860335E-03
    4.4500000E+00    2.5319355E-01   -2.9550259E+00   -7.3102278E+00   -2.6720632E+01    7.3930834E-03   -8.6432630E-03
    4.5500000E+00    2.6003696E-01   -2.9317024E+00   -7.2894278E+00   -2.6649675E+01    7.4363518E-03   -8.6000376E-03
    4.6500000E+00    2.6678613E-01   -2.9086369E+00   -7.2688432E+00   -2.6579387E+01    7.4800710E-03   -8.5563514E-03
    4.7500000E+00    2.7344378E-01   -2.8858228E+00   -7.2484682E+00   -2.6509751E+01    7.5242481E-03   -8.5121983E-03
    4.8500000E+00    2.8001250E-01   -2.8632535E+00   -7.2282976E+00   -2.6440746E+01    7.5688904E-03   -8.4675716E-03
    4.9500000E+00    2.8649476E-01   -2.8409228E+00   -7.2083262E+00   -2.6372358E+01    7.6140054E-03   -8.4224647E-03
    5.0500000E+00    2.9289295E-01   -2.8188249E+00   -7.1885490E+00   -2.6304568E+01    7.6596009E-03   -8.3768705E-03
    5.1500000E+00    2.9920935E-01   -2.7969539E+00   -7.1689611E+00   -2.6237362E+01    7.7056847E-03   -8.3307817E-03
    5.2500000E+00    3.0544614E-01   -2.7753043E+00   -7.1495581E+00   -2.6170724E+01    7.7522652E-03   -8.2841907E-03
    5.3500000E+00    3.1160544E-01   -2.7538709E+00   -7.1303353E+00   -2.6104640E+01    7.7993506E-03   -8.2370895E-03
    5.4500000E+00    3.1768925E-01   -2.7326483E+00   -7.1112887E+00   -2.6039096E+01    7.8469496E-03   -8.1894700E-03
    5.5500000E+00    3.2369953E-01   -2.7116318E+00   -7.0924139E+00   -2.5974079E+01    7.8950711E-03   -8.1413238E-03
    5.6500000E+00    3.2963815E-01   -2.6908164E+00   -7.0737071E+00   -2.5909576E+01    7.9437242E-03   -8.0926421E-03
    5.7500000E+00    3.3550689E-01   -2.6701977E+00   -7.0551644E+00   -2.5845574E+01    7.9929181E-03   -8.0434159E-03
    5.8500000E+00    3.4130749E-01   -2.6497711E+00   -7.0367821E+00   -2.5782062E+01    8.0426627E-03   -7.9936360E-03
    5.9500000E+00    3.4704162E-01   -2.6295323E+00   -7.0185566E+00   -2.5719029E+01    8.0929676E-03   -7.9432927E-03
    6.0500000E+00    3.5271089E-01   -2.6094771E+00   -7.0004844E+00   -2.5656463E+01    8.1438430E-03   -7.8923761E-03
    6.1500000E+00    3.5831683E-01   -2.5896016E+00   -6.9825621E+00   -2.5594353E+01    8.1952994E-03   -7.8408762E-03
    6.2500000E+00    3.6386095E-01   -2.5699019E+00   -6.9647866E+00   -2.5532691E+01    8.2473474E-03   -7.7887823E-03
    6.3500000E+00    3.6934469E-01   -2.5503741E+00   -6.9471547E+00   -2.5471465E+01    8.2999981E-03   -7.7360838E-03
    6.4500000E+00    3.7476943E-01   -2.5310146E+00   -6.9296632E+00   -2.5410666E+01    8.3532626E-03   -7.6827695E-03
    6.5500000E+00    3.8013653E-01   -2.5118199E+00   -6.9123094E+00   -2.5350285E+01    8.4071527E-03   -7.6288279E-03
    6.6500000E+00    3.8544727E-01   -2.4927865E+00   -6.8950903E+00   -2.5290312E+01    8.4616802E-03   -7.5742474E-03
    6.7500000E+00    3.9070292E-01   -2.4739111E+00   -6.8780032E+00   -2.5230740E+01    8.5168574E-03   -7.5190158E-03
    6.8500000E+00    3.9590468E-01   -2.4551906E+00   -6.8610453E+00   -2.5171560E+01    8.5726968E-03   -7.4631206E-03
    6.9500000E+00    4.0105373E-01   -2.4366217E+00   -6.8442141E+00   -2.5112764E+01    8.6292115E-03   -7.4065489E-03
    7.0500000E+00    4.0615120E-01   -2.4182015E+00   -6.8275070E+00   -2.5054343E+01    8.6864147E-03   -7.3492877E-03
    7.1500000E+00    4.1119818E-01   -2.3999269E+00   -6.8109217E+00   -2.4996291E+01    8.7443201E-03   -7.2913233E-03
    7.2500000E+00    4.1619575E-01   -2.3817953E+00   -6.7944556E+00   -2.4938599E+01    8.8029418E-03   -7.2326416E-03
    7.3500000E+00    4.2114494E-01   -2.3638036E+00   -6.7781065E+00   -2.4881261E+01    8.8622943E-03   -7.1732284E-03
    7.4500000E+00    4.2604673E-01   -2.3459494E+00   -6.7618721E+00   -2.4824269E+01    8.9223924E-03   -7.1130687E-03
    7.5500000E+00    4.3090209E-01   -2.3282299E+00   -6.7457503E+00   -2.4767618E+01    8.9832515E-03   -7.0521474E-03
    7.6500000E+00    4.3571197E-01   -2.3106425E+00   -6.7297389E+00   -2.4711299E+01    9.0448874E-03   -6.9904486E-03
    7.7500000E+00    4.4047727E-01   -2.2931849E+00   -6.7138358E+00   -2.4655307E+01    9.1073164E-03   -6.9279562E-03
    7.8500000E+00    4.4519888E-01   -2.2758546E+00   -6.6980391E+00   -2.4599636E+01    9.1705550E-03   -6.8646535E-03
    7.9500000E+00    4.4987764E-01   -2.2586493E+00   -6.6823467E+00   -2.4544279E+01    9.2346207E-03   -6.8005234E-03
    8.0500000E+00    4.5451439E-01   -2.2415666E+00   -6.6667568E+00   -2.4489231E+01    9.2995312E-03   -6.7355481E-03
    8.1500000E+00    4.5910994E-01   -2.2246044E+00   -6.6512675E+00   -2.4434485E+01    9.3653046E-03   -6.6697093E-03
    8.2500000E+00    4.6366506E-01   -2.2077604E+00   -6.6358769E+00   -2.4380036E+01    9.4319599E-03   -6.6029883E-03
    8.3500000E+00    4.6818052E-01   -2.1910326E+00   -6.6205834E+00   -2.4325879E+01    9.4995166E-03   -6.5353656E-03
    8.4500000E+00    4.7265705E-01   -2.1744190E+00   -6.6053852E+00   -2.4272009E+01    9.5679946E-03   -6.4668213E-03
    8.5500000E+00    4.7709538E-01   -2.1579174E+00   -6.5902806E+00   -2.4218419E+01    9.6374146E-03   -6.3973347E-03
    8.6500000E+00    4.8149620E-01   -2.1415260E+00   -6.5752679E+00   -2.4165106E+01    9.7077980E-03   -6.3268844E-03
    8.7500000E+00    4.8586020E-01   -2.1252429E+00   -6.5603456E+00   -2.4112063E+01    9.7791667E-03   -6.2554486E-03
    8.8500000E+00    4.9018802E-01   -2.1090661E+00   -6.5455122E+00   -2.4059287E+01    9.8515434E-03   -6.1830045E-03
    8.9500000E+00    4.9448032E-01   -2.0929939E+00   -6.5307660E+00   -2.4006772E+01    9.9249517E-03   -6.1095287E-03
    9.0500000E+00    4.9873772E-01   -2.0770245E+00   -6.5161057E+00   -2.3954514E+01    9.9994157E-03   -6.0349970E-03
    9.1500000E+00    5.0296082E-01   -2.0611562E+00   -6.5015297E+00   -2.3902509E+01    1.0074960E-02   -5.9593844E-03
    9.2500000E+00    5.0715023E-01   -2.0453873E+00   -6.4870366E+00   -2.3850751E+01    1.0151612E-02   -5.8826651E-03
    9.3500000E+00    5.1130651E-01   -2.0297162E+00   -6.4726251E+00   -2.3799237E+01    1.0229396E-02   -5.8048122E-03
    9.4500000E+00    5.1543023E-01   -2.0141411E+00   -6.4582938E+00   -2.3747963E+01    1.0308342E-02   -5.7257983E-03
    9.5500000E+00    5.1952194E-01   -1.9986607E+00   -6.4440413E+00   -2.3696924E+01    1.0388477E-02   -5.6455948E-03
    9.6500000E+00    5.2358217E-01   -1.9832732E+00   -6.4298664E+00   -2.3646116E+01    1.0469831E-02   -5.5641720E-03
    9.7500000E+00    5.2761143E-01   -1.9679773E+00   -6.4157678E+00   -2.3595535E+01    1.0552435E-02   -5.4814994E-03
    9.8500000E+00    5.3161025E-01   -1.9527714E+00   -6.4017443E+00   -2.3545178E+01    1.0636320E-02   -5.3975453E-03
    9.9500000E+00    5.3557910E-01   -1.9376542E+00   -6.3877947E+00   -2.3495040E+01    1.0721520E-02   -5.3122770E-03
    1.0050000E+01    5.3951848E-01   -1.9226241E+00   -6.3739177E+00   -2.3445119E+01    1.0808068E-02   -5.2256603E-03
    1.0150000E+01    5.4342884E-01   -1.9076799E+00   -6.3601121E+00   -2.3395410E+01    1.0895999E-02   -5.1376601E-03
    1.0250000E+01    5.4731066E-01   -1.8928202E+00   -6.3463770E+00   -2.3345909E+01    1.0985350E-02   -5.0482399E-03
    1.0350000E+01    5.5116438E-01   -1.8780437E+00   -6.3327111E+00   -2.3296614E+01    1.1076159E-02   -4.9573617E-03
    1.0450000E+01    5.5499044E-01   -1.8633490E+00   -6.3191133E+00   -2.3247521E+01    1.1168465E-02   -4.8649864E-03
    1.0550000E+01    5.5878926E-01   -1.8487350E+00   -6.3055826E+00   -2.3198626E+01    1.1262309E-02   -4.7710730E-03
    1.0650000E+01    5.6256125E-01   -1.8342004E+00   -6.2921179E+00   -2.3149927E+01    1.1357733E-02   -4.6755792E-03
    1.0750000E+01    5.6630683E-01   -1.8197439E+00   -6.2787183E+00   -2.3101420E+01    1.1454782E-02   -4.5784611E-03
    1.0850000E+01    5.7002639E-01   -1.8053644E+00   -6.2653825E+00   -2.3053101E+01    1.1553500E-02   -4.4796729E-03
    1.0950000E+01    5.7372032E-01   -1.7910608E+00   -6.2521098E+00   -2.3004968E+01    1.1653936E-02   -4.3791671E-03
    1.1050000E+01    5.7738900E-01   -1.7768318E+00   -6.2388991E+00   -2.2957018E+01    1.1756139E-02   -4.2768943E-03
    1.1150000E+01    5.8103280E-01   -1.7626764E+00   -6.2257494E+00   -2.2909248E+01    1.1860161E-02   -4.1728031E-03
    1.1250000E+01    5.8465207E-01   -1.7485935E+00   -6.2126599E+00   -2.2861654E+01    1.1966054E-02   -4.0668398E-03
    1.1350000E+01    5.8824718E-01   -1.7345819E+00   -6.1996295E+00   -2.2814234E+01    1.2073875E-02   -3.9589488E-03
    1.1450000E+01    5.9181847E-01   -1.7206407E+00   -6.1866574E+00   -2.2766985E+01    1.2183682E-02   -3.8490721E-03
    1.1550000E+01    5.9536627E-01   -1.7067687E+00   -6.1737427E+00   -2.2719905E+01    1.2295535E-02   -3.7371490E-03
    1.1650000E+01    5.9889093E-01   -1.6929651E+00   -6.1608845E+00   -2.2672990E+01    1.2409497E-02   -3.6231164E-03
    1.1750000E+01    6.0239275E-01   -1.6792287E+00   -6.1480819E+00   -2.2626237E+01    1.2525635E-02   -3.5069085E-03
    1.1850000E+01    6.0587206E-01   -1.6655586E+00   -6.1353342E+00   -2.2579645E+01    1.2644016E-02   -3.3884566E-03
    1.1950000E+01    6.0932916E-01   -1.6519538E+00   -6.1226404E+00   -2.2533210E+01    1.2764714E-02   -3.2676887E-03
    1.2050000E+01    6.1276436E-01   -1.6384134E+00   -6.1099997E+00   -2.2486930E+01    1.2887802E-02   -3.1445299E-03
    1.2150000E+01    6.1617796E-01   -1.6249365E+00   -6.0974114E+00   -2.2440803E+01    1.3013360E-02   -3.0189016E-03
    1.2250000E+01    6.1957024E-01   -1.6115221E+00   -6.0848746E+00   -2.2394825E+01    1.3141469E-02   -2.8907219E-03
    1.2350000E+01    6.2294148E-01   -1.5981693E+00   -6.0723886E+00   -2.2348995E+01    1.3272215E-02   -2.7599048E-03
    1.2450000E+01    6.2629197E-01   -1.5848772E+00   -6.0599525E+00   -2.2303310E+01    1.3405688E-02   -2.6263603E-03
    1.2550000E+01    6.2962198E-01   -1.5716450E+00   -6.0475657E+00   -2.2257768E+01    1.3541983E-02   -2.4899940E-03
    1.2650000E+01    6.3293177E-01   -1.5584717E+00   -6.0352273E+00   -2.2212366E+01    1.3681199E-02   -2.3507073E-03
    1.2750000E+01    6.3622160E-01   -1.5453567E+00   -6.0229365E+00   -2.2167102E+01    1.3823439E-02   -2.2083961E-03
    1.2850000E+01    6.3949173E-01   -1.5322989E+00   -6.0106928E+00   -2.2121973E+01    1.3968812E-02   -2.0629517E-03
    1.2950000E+01    6.4274241E-01   -1.5192976E+00   -5.9984953E+00   -2.2076978E+01    1.4117432E-02   -1.9142596E-03
    1.3050000E+01    6.4597388E-01   -1.5063520E+00   -5.9863433E+00   -2.2032114E+01    1.4269421E-02   -1.7621993E-03
    1.3150000E+01    6.4918638E-01   -1.4934612E+00   -5.9742361E+00   -2.1987379E+01    1.4424904E-02   -1.6066444E-03
    1.3250000E+01    6.5238014E-01   -1.4806245E+00   -5.9621730E+00   -2.1942771E+01    1.4584015E-02   -1.4474614E-03
    1.3350000E+01    6.5555540E-01   -1.4678411E+00   -5.9501533E+00   -2.1898288E+01    1.4746894E-02   -1.2845100E-03
    1.3450000E+01    6.5871239E-01   -1.4551103E+00   -5.9381763E+00   -2.1853927E+01    1.4913690E-02   -1.1176420E-03
    1.3550000E+01    6.6185132E-01   -1.4424311E+00   -5.9262414E+00   -2.1809687E+01    1.5084558E-02   -9.4670109E-04
    1.3650000E+01    6.6497241E-01   -1.4298029E+00   -5.9143477E+00   -2.1765565E+01    1.5259664E-02   -7.7152218E-04
    1.3750000E+01    6.6807587E-01   -1.4172250E+00   -5.9024948E+00   -2.1721560E+01    1.5439183E-02   -5.9193078E-04
    1.3850000E+01    6.7116190E-01   -1.4046965E+00   -5.8906818E+00   -2.1677669E+01    1.5623299E-02   -4.0774227E-04
    1.3950000E+01    6.7423073E-01   -1.3922168E+00   -5.8789081E+00   -2.1633890E+01    1.5812206E-02   -2.1876116E-04
    1.4050000E+01    6.7728253E-01   -1.3797852E+00   -5.8671731E+00   -2.1590222E+01    1.6006114E-02   -2.4780240E-05
    1.4150000E+01    6.8031752E-01   -1.3674007E+00   -5.8554760E+00   -2.1546662E+01    1.6205241E-02    1.7442029E-04
    1.4250000E+01    6.8333588E-01   -1.3550629E+00   -5.8438162E+00   -2.1503209E+01    1.6409821E-02    3.7907385E-04
    1.4350000E+01    6.8633780E-01   -1.3427709E+00   -5.8321931E+00   -2.1459860E+01    1.6620101E-02    5.8942857E-04
    1.4450000E+01    6.8932346E-01   -1.3305240E+00   -5.8206060E+00   -2.1416614E+01    1.6836347E-02    8.0574848E-04
    1.4550000E+01    6.9229305E-01   -1.3183214E+00   -5.8090541E+00   -2.1373469E+01    1.7058839E-02    1.0283148E-03
    1.4650000E+01    6.9524675E-01   -1.3061626E+00   -5.7975369E+00   -2.1330422E+01    1.7287877E-02    1.2574276E-03
    1.4750000E+01    6.9818472E-01   -1.2940467E+00   -5.7860537E+00   -2.1287472E+01    1.7523782E-02    1.4934071E-03
    1.4850000E+01    7.0110714E-01   -1.2819731E+00   -5.7746037E+00   -2.1244618E+01    1.7766895E-02    1.7365955E-03
    1.4950000E+01    7.0401418E-01   -1.2699409E+00   -5.7631863E+00   -2.1201857E+01    1.8017583E-02    1.9873594E-03
    1.5050000E+01    7.0690600E-01   -1.2579496E+00   -5.7518009E+00   -2.1159187E+01    1.8276240E-02    2.2460914E-03
    1.5150000E+01    7.0978277E-01   -1.2459983E+00   -5.7404466E+00   -2.1116606E+01    1.8543285E-02    2.5132129E-03
    1.5250000E+01    7.1264463E-01   -1.2340863E+00   -5.7291228E+00   -2.1074114E+01    1.8819173E-02    2.7891769E-03
    1.5350000E+01    7.1549176E-01   -1.2222128E+00   -5.7178287E+00   -2.1031707E+01    1.9104390E-02    3.0744706E-03
    1.5450000E+01    7.1832429E-01   -1.2103772E+00   -5.7065637E+00   -2.0989384E+01    1.9399462E-02    3.3696195E-03
    1.5550000E+01    7.2114238E-01   -1.1985786E+00   -5.6953269E+00   -2.0947144E+01    1.9704956E-02    3.6751906E-03
    1.5650000E+01    7.2394618E-01   -1.1868162E+00   -5.6841177E+00   -2.0904984E+01    2.0021485E-02    3.9917972E-03
    1.5750000E+01    7.2673583E-01   -1.1750893E+00   -5.6729351E+00   -2.0862902E+01    2.0349714E-02    4.3201034E-03
    1.5850000E+01    7.2951147E-01   -1.1633970E+00   -5.6617784E+00   -2.0820897E+01    2.0690363E-02    4.6608302E-03
    1.5950000E+01    7.3227323E-01   -1.1517384E+00   -5.6506466E+00   -2.0778967E+01    2.1044215E-02    5.0147612E-03
    1.6050000E+01    7.3502127E-01   -1.1401128E+00   -5.6395391E+00   -2.0737109E+01    2.1412125E-02    5.3827499E-03
    1.6150000E+01    7.3775570E-01   -1.1285191E+00   -5.6284547E+00   -2.0695322E+01    2.1795024E-02    5.7657282E-03
    1.6250000E+01    7.4047665E-01   -1.1169564E+00   -5.6173926E+00   -2.0653605E+01    2.2193932E-02    6.1647154E-03
    1.6350000E+01    7.4318427E-01   -1.1054238E+00   -5.6063516E+00   -2.0611954E+01    2.2609966E-02    6.5808291E-03
    1.6450000E+01    7.4587867E-01   -1.0939202E+00   -5.5953309E+00   -2.0570368E+01    2.3044354E-02    7.0152975E-03
    1.6550000E+01    7.4855997E-01   -1.0824445E+00   -5.5843292E+00   -2.0528845E+01    2.3498449E-02    7.4694741E-03
    1.6650000E+01    7.5122831E-01   -1.0709956E+00   -5.5733453E+00   -2.0487383E+01    2.3973748E-02    7.9448539E-03
    1.6750000E+01    7.5388378E-01   -1.0595722E+00   -5.5623779E+00   -2.0445979E+01    2.4471906E-02    8.4430933E-03
    1.6850000E+01    7.5652652E-01   -1.0481731E+00   -5.5514257E+00   -2.0404631E+01    2.4994764E-02    8.9660328E-03
    1.6950000E+01    7.5915664E-01   -1.0367968E+00   -5.5404871E+00   -2.0363338E+01    2.5544372E-02    9.5157240E-03
    1.7050000E+01    7.6177424E-01   -1.0254417E+00   -5.5295605E+00   -2.0322095E+01    2.6123027E-02    1.0094461E-02
    1.7150000E+01    7.6437944E-01   -1.0141063E+00   -5.5186442E+00   -2.0280902E+01    2.6733302E-02    1.0704820E-02
    1.7250000E+01    7.6697234E-01   -1.0027887E+00   -5.5077362E+00   -2.0239755E+01    2.7378099E-02    1.1349701E-02
    1.7350000E+01    7.6955305E-01   -9.9148689E-01   -5.4968343E+00   -2.0198651E+01    2.8060700E-02    1.2032386E-02
    1.7450000E+01    7.7212168E-01   -9.8019869E-01   -5.4859361E+00   -2.0157586E+01    2.8784834E-02    1.2756605E-02
    1.7550000E+01    7.7467831E-01   -9.6892161E-01   -5.4750390E+00   -2.0116559E+01    2.9554757E-02    1.3526613E-02
    1.7650000E+01    7.7722305E-01   -9.5765288E-01   -5.4641399E+00   -2.0075565E+01    3.0375351E-02    1.4347293E-02
    1.7750000E+01    7.7975600E-01   -9.4638933E-01   -5.4532355E+00   -2.0034599E+01    3.1252247E-02    1.5224276E-02
    1.7850000E+01    7.8227724E-01   -9.3512740E-01   -5.4423217E+00   -1.9993658E+01    3.2191978E-02    1.6164095E-02
    1.7950000E+01    7.8478688E-01   -9.2386293E-01   -5.4313940E+00   -1.9952737E+01    3.3202172E-02    1.7174376E-02
    1.8050000E+01    7.8728499E-01   -9.1259115E-01   -5.4204473E+00   -1.9911829E+01    3.4291794E-02    1.8264086E-02
    1.8150000E+01    7.8977166E-01   -9.0130643E-01   -5.4094753E+00   -1.9870929E+01    3.5471465E-02    1.9443847E-02
    1.8250000E+01    7.9224698E-01   -8.9000214E-01   -5.3984707E+00   -1.9830029E+01    3.6753873E-02    2.0726344E-02
    1.8350000E+01    7.9471103E-01   -8.7867035E-01   -5.3874249E+00   -1.9789121E+01    3.8154308E-02    2.2126870E-02
    1.8450000E+01    7.9716388E-01   -8.6730148E-01   -5.3763272E+00   -1.9748194E+01    3.9691394E-02    2.3664047E-02
    1.8550000E+01    7.9960561E-01   -8.5588378E-01   -5.3651648E+00   -1.9707235E+01    4.1388068E-02    2.5360813E-02
    1.8650000E+01    8.0203628E-01   -8.4440269E-01   -5.3539215E+00   -1.9666230E+01    4.3272945E-02    2.7245783E-02
    1.8750000E+01    8.0445596E-01   -8.3283987E-01   -5.3425773E+00   -1.9625159E+01    4.5382242E-02    2.9355174E-02
    1.8850000E+01    8.0686472E-01   -8.2117178E-01   -5.3311061E+00   -1.9583999E+01    4.7762564E-02    3.1735590E-02
    1.8950000E+01    8.0926260E-01   -8.0936764E-01   -5.3194740E+00   -1.9542719E+01    5.0475027E-02    3.4448148E-02
    1.9050000E+01    8.1164964E-01   -7.9738629E-01   -5.3076356E+00   -1.9501277E+01    5.3601579E-02    3.7574797E-02
    1.9150000E+01    8.1402589E-01   -7.8517115E-01   -5.2955286E+00   -1.9459616E+01    5.7255010E-02    4.1228325E-02
    1.9250000E+01    8.1639137E-01   -7.7264197E-01   -5.2830646E+00   -1.9417658E+01    6.1595507E-02    4.5568921E-02
    1.9350000E+01    8.1874606E-01   -7.5968041E-01   -5.2701130E+00   -1.9375285E+01    6.6859467E-02    5.0832980E-02
    1.9450000E+01    8.2108994E-01   -7.4610336E-01   -5.2564721E+00   -1.9332317E+01    7.3412912E-02    5.7386527E-02
    1.9550000E+01    8.2342291E-01   -7.3160922E-01   -5.2418096E+00   -1.9288456E+01    8.1858806E-02    6.5832525E-02
    1.9650000E+01    8.2574480E-01   -7.1565804E-01   -5.2255306E+00   -1.9243170E+01    9.3276749E-02    7.7250574E-02
    1.9750000E+01    8.2805520E-01   -6.9716117E-01   -5.2064361E+00   -1.9195391E+01    1.0984350E-01    9.3817434E-02
    1.9850000E+01    8.3035174E-01   -6.7348163E-01   -5.1816213E+00   -1.9142537E+01    1.3684180E-01    1.2081585E-01
    1.9950000E+01    8.3058512E-01   -6.4167825E-01   -5.1468124E+00   -1.9088064E+01    1.9239851E-01    1.7637268E-01
