# Time          7.0000E+00
# Units: Mol/kgw
    Distance           H+               Na+              K+               Ca++             Mg++             Al+++            Fe+++            Fe++             Li7+             Li6+             SiO2(aq)         CO2(aq)          O2(aq)           Cl-          
    5.0000000E-02   -5.2508626E-05    1.4330440E-06    4.6628814E-07    7.7279116E-07    6.1584411E-07    6.0556253E-07    8.5413113E-17    2.3474735E-05    3.4371814E-08    2.7659944E-09    1.8113416E-06    5.5185616E-04    2.7300547E-04    9.7127175E-07
    1.5000000E-01   -4.1504185E-05    1.2745065E-06    6.2446071E-07    5.9820058E-07    5.5365116E-07    9.9095332E-07    6.3542682E-17    1.7510334E-05    2.8282020E-08    2.2777456E-09    2.8629818E-06    4.1055079E-04    2.0310113E-04    7.2257303E-07
    2.5000000E-01   -3.1878173E-05    1.1205088E-06    7.3048013E-07    4.4884400E-07    4.9194359E-07    1.2237197E-06    4.5119463E-17    1.2481513E-05    2.2671107E-08    1.8270029E-09    3.5612633E-06    2.9151793E-04    1.4421509E-04    5.1307414E-07
    3.5000000E-01   -2.6324311E-05    1.0521064E-06    8.1943110E-07    3.6473042E-07    4.6578774E-07    1.3368220E-06    3.4458545E-17    9.5761424E-06    1.9276517E-08    1.5533676E-09    4.0405204E-06    2.2263748E-04    1.1013966E-04    3.9184395E-07
    4.5000000E-01   -2.5011807E-05    1.0861079E-06    9.1594714E-07    3.4678265E-07    4.8293829E-07    1.3880500E-06    3.1426741E-17    8.7618532E-06    1.8344081E-08    1.4770008E-09    4.4457684E-06    2.0304892E-04    1.0044912E-04    3.5736791E-07
    5.5000000E-01   -2.7171216E-05    1.2132390E-06    1.0357969E-06    3.8201892E-07    5.3993500E-07    1.4258998E-06    3.4358705E-17    9.5850998E-06    1.9512341E-08    1.5692393E-09    4.8893442E-06    2.2199241E-04    1.0982054E-04    3.9070862E-07
    6.5000000E-01   -3.1751008E-05    1.4165324E-06    1.1881577E-06    4.5504593E-07    6.2990057E-07    1.4530286E-06    4.1372733E-17    1.1531970E-05    2.2092535E-08    1.7745559E-09    5.4156182E-06    2.6731021E-04    1.3223944E-04    4.7046835E-07
    7.5000000E-01   -3.7684428E-05    1.6762700E-06    1.3766983E-06    5.5094682E-07    7.4464859E-07    1.4514231E-06    5.0696391E-17    1.4117566E-05    2.5327192E-08    2.0317579E-09    6.0283681E-06    3.2755059E-04    1.6204060E-04    5.7649195E-07
    8.5000000E-01   -4.4040711E-05    1.9720389E-06    1.6005048E-06    6.5628086E-07    8.7557327E-07    1.4111821E-06    6.0773864E-17    1.6915561E-05    2.8588541E-08    2.2903160E-09    6.7223244E-06    3.9266139E-04    1.9425117E-04    6.9108753E-07
    9.5000000E-01   -5.0114148E-05    2.2852357E-06    1.8554157E-06    7.6021288E-07    1.0147394E-06    1.3360900E-06    7.0384390E-17    1.9590864E-05    3.1451763E-08    2.5162624E-09    7.4928438E-06    4.5475523E-04    2.2496924E-04    8.0037324E-07
    1.0500000E+00   -5.5462607E-05    2.6013712E-06    2.1355906E-06    8.5540788E-07    1.1558946E-06    1.2378356E-06    7.8731093E-17    2.1924218E-05    3.3694033E-08    2.6919787E-09    8.3351700E-06    5.0868347E-04    2.5164776E-04    8.9528742E-07
    1.1500000E+00   -5.9892857E-05    2.9111447E-06    2.4349031E-06    9.3816764E-07    1.2949604E-06    1.1293278E-06    8.5443272E-17    2.3813057E-05    3.5256786E-08    2.8130442E-09    9.2426135E-06    5.5205102E-04    2.7310187E-04    9.7161470E-07
    1.2500000E+00   -6.3404470E-05    3.2101190E-06    2.7478874E-06    1.0078079E-06    1.4299212E-06    1.0208096E-06    9.0494667E-17    2.5249278E-05    3.6193001E-08    2.8839370E-09    1.0206391E-05    5.8468820E-04    2.8924761E-04    1.0290564E-06
    1.3500000E+00   -6.6116481E-05    3.4974929E-06    3.0701904E-06    1.0656353E-06    1.5603214E-06    9.1875151E-07    9.4079891E-17    2.6285463E-05    3.6615002E-08    2.9138253E-09    1.1216728E-05    6.0785242E-04    3.0070704E-04    1.0698257E-06
    1.4500000E+00   -6.8199707E-05    3.7746300E-06    3.3986400E-06    1.1139206E-06    1.6866478E-06    8.2634262E-07    9.6494317E-17    2.7001994E-05    3.6652807E-08    2.9132321E-09    1.2264199E-05    6.2345209E-04    3.0842426E-04    1.0972812E-06
    1.5500000E+00   -6.9827822E-05    4.0438091E-06    3.7310891E-06    1.1551198E-06    1.8098003E-06    7.4451307E-07    9.8044804E-17    2.7482569E-05    3.6427047E-08    2.8918774E-09    1.3340651E-05    6.3346982E-04    3.1338008E-04    1.1149125E-06
    1.6500000E+00   -7.1149830E-05    4.3073907E-06    4.0661730E-06    1.1914111E-06    1.9307345E-06    6.7289350E-07    9.8998275E-17    2.7800078E-05    3.6035581E-08    2.8576207E-09    1.4439580E-05    6.3963022E-04    3.1642765E-04    1.1257549E-06
    1.7500000E+00   -7.2279931E-05    4.5673850E-06    4.4030715E-06    1.2245045E-06    2.0502737E-06    6.1050247E-07    9.9561791E-17    2.8011104E-05    3.5550220E-08    2.8162106E-09    1.5556080E-05    6.4327111E-04    3.1822881E-04    1.1321629E-06
    1.8500000E+00   -7.3298399E-05    4.8253117E-06    4.7413156E-06    1.2556279E-06    2.1690444E-06    5.5616235E-07    9.9882887E-17    2.8155982E-05    3.5019360E-08    2.7715054E-09    1.6686581E-05    6.4534572E-04    3.1925513E-04    1.1358142E-06
    1.9500000E+00   -7.4257717E-05    5.0822244E-06    5.0806483E-06    1.2856037E-06    2.2874830E-06    5.0871693E-07    1.0005978E-16    2.8261573E-05    3.4473103E-08    2.7258903E-09    1.7828531E-05    6.4648861E-04    3.1982053E-04    1.1378257E-06
    2.0500000E+00   -7.5190028E-05    5.3388064E-06    5.4209346E-06    1.3149511E-06    2.4058731E-06    4.6712672E-07    1.0015423E-16    2.8344774E-05    3.3928627E-08    2.6807116E-09    1.8980105E-05    6.4709884E-04    3.2012241E-04    1.1388997E-06
    2.1500000E+00   -7.6113800E-05    5.5954765E-06    5.7621055E-06    1.3439823E-06    2.5243894E-06    4.3049787E-07    1.0020321E-16    2.8415703E-05    3.3394706E-08    2.6366423E-09    2.0139981E-05    6.4741533E-04    3.2027897E-04    1.1394567E-06
    2.2500000E+00   -7.7038924E-05    5.8524797E-06    6.1041266E-06    1.3728767E-06    2.6431338E-06    3.9807918E-07    1.0022793E-16    2.8480164E-05    3.2875056E-08    2.5939513E-09    2.1307185E-05    6.4757508E-04    3.2035800E-04    1.1397379E-06
    2.3500000E+00   -7.7970233E-05    6.1099536E-06    6.4469807E-06    1.4017336E-06    2.7621641E-06    3.6924619E-07    1.0024010E-16    2.8541359E-05    3.2370569E-08    2.5526835E-09    2.2480973E-05    6.4765370E-04    3.2039690E-04    1.1398763E-06
    2.4500000E+00   -7.8909755E-05    6.3679727E-06    6.7906584E-06    1.4306061E-06    2.8815113E-06    3.4348174E-07    1.0024595E-16    2.8600997E-05    3.1880710E-08    2.5127720E-09    2.3660770E-05    6.4769149E-04    3.2041559E-04    1.1399428E-06
    2.5500000E+00   -7.9858051E-05    6.6265764E-06    7.1351542E-06    1.4595217E-06    3.0011920E-06    3.2035728E-07    1.0024870E-16    2.8659958E-05    3.1404319E-08    2.4741021E-09    2.4846115E-05    6.4770926E-04    3.2042438E-04    1.1399740E-06
    2.6500000E+00   -8.0814977E-05    6.8857847E-06    7.4804639E-06    1.4884943E-06    3.1212147E-06    2.9951655E-07    1.0024997E-16    2.8718686E-05    3.0940043E-08    2.4365464E-09    2.6036633E-05    6.4771744E-04    3.2042843E-04    1.1399884E-06
    2.7500000E+00   -8.1780094E-05    7.1456082E-06    7.8265836E-06    1.5175306E-06    3.2415837E-06    2.8066205E-07    1.0025054E-16    2.8777398E-05    3.0486552E-08    2.3999810E-09    2.7232017E-05    6.4772113E-04    3.2043025E-04    1.1399949E-06
    2.8500000E+00   -8.2752864E-05    7.4060522E-06    8.1735095E-06    1.5466339E-06    3.3623013E-06    2.6354396E-07    1.0025079E-16    2.8836196E-05    3.0042625E-08    2.3642931E-09    2.8432006E-05    6.4772276E-04    3.2043106E-04    1.1399978E-06
    2.9500000E+00   -8.3732753E-05    7.6671195E-06    8.5212375E-06    1.5758058E-06    3.4833686E-06    2.4795128E-07    1.0025090E-16    2.8895128E-05    2.9607186E-08    2.3293830E-09    2.9636383E-05    6.4772348E-04    3.2043142E-04    1.1399991E-06
    3.0500000E+00   -8.4719265E-05    7.9288120E-06    8.8697628E-06    1.6050472E-06    3.6047864E-06    2.3370481E-07    1.0025095E-16    2.8954217E-05    2.9179300E-08    2.2951639E-09    3.0844959E-05    6.4772378E-04    3.2043157E-04    1.1399996E-06
    3.1500000E+00   -8.5711958E-05    8.1911308E-06    9.2190806E-06    1.6343583E-06    3.7265550E-06    2.2065148E-07    1.0025097E-16    2.9013473E-05    2.8758161E-08    2.2615606E-09    3.2057572E-05    6.4772391E-04    3.2043163E-04    1.1399998E-06
    3.2500000E+00   -8.6710442E-05    8.4540768E-06    9.5691852E-06    1.6637395E-06    3.8486750E-06    2.0865984E-07    1.0025098E-16    2.9072900E-05    2.8343078E-08    2.2285083E-09    3.3274081E-05    6.4772396E-04    3.2043166E-04    1.1399999E-06
    3.3500000E+00   -8.7714376E-05    8.7176509E-06    9.9200706E-06    1.6931908E-06    3.9711463E-06    1.9761644E-07    1.0025098E-16    2.9132501E-05    2.7933457E-08    2.1959512E-09    3.4494361E-05    6.4772399E-04    3.2043167E-04    1.1400000E-06
    3.4500000E+00   -8.8723461E-05    8.9818539E-06    1.0271730E-05    1.7227123E-06    4.0939694E-06    1.8742289E-07    1.0025098E-16    2.9192276E-05    2.7528789E-08    2.1638409E-09    3.5718302E-05    6.4772400E-04    3.2043167E-04    1.1400000E-06
    3.5500000E+00   -8.9737434E-05    9.2466865E-06    1.0624157E-05    1.7523042E-06    4.2171444E-06    1.7799348E-07    1.0025098E-16    2.9252226E-05    2.7128636E-08    2.1321359E-09    3.6945806E-05    6.4772400E-04    3.2043168E-04    1.1400000E-06
    3.6500000E+00   -9.0756065E-05    9.5121495E-06    1.0977342E-05    1.7819665E-06    4.3406715E-06    1.6925326E-07    1.0025098E-16    2.9312352E-05    2.6732621E-08    2.1008000E-09    3.8176782E-05    6.4772400E-04    3.2043168E-04    1.1400000E-06
    3.7500000E+00   -9.1779148E-05    9.7782437E-06    1.1331278E-05    1.8116994E-06    4.4645507E-06    1.6113637E-07    1.0025098E-16    2.9372653E-05    2.6340420E-08    2.0698021E-09    3.9411150E-05    6.4772400E-04    3.2043168E-04    1.1400000E-06
    3.8500000E+00   -9.2806502E-05    1.0044970E-05    1.1685955E-05    1.8415029E-06    4.5887823E-06    1.5358479E-07    1.0025098E-16    2.9433131E-05    2.5951756E-08    2.0391153E-09    4.0648837E-05    6.4772400E-04    3.2043168E-04    1.1400000E-06
    3.9500000E+00   -9.3837965E-05    1.0312329E-05    1.2041364E-05    1.8713770E-06    4.7133663E-06    1.4654717E-07    1.0025098E-16    2.9493785E-05    2.5566389E-08    2.0087164E-09    4.1889773E-05    6.4772400E-04    3.2043168E-04    1.1400000E-06
    4.0500000E+00   -9.4873389E-05    1.0580321E-05    1.2397492E-05    1.9013219E-06    4.8383027E-06    1.3997797E-07    1.0025098E-16    2.9554615E-05    2.5184117E-08    1.9785856E-09    4.3133892E-05    6.4772400E-04    3.2043168E-04    1.1400000E-06
    4.1500000E+00   -9.5912643E-05    1.0848947E-05    1.2754330E-05    1.9313377E-06    4.9635916E-06    1.3383663E-07    1.0025098E-16    2.9615622E-05    2.4804767E-08    1.9487057E-09    4.4381132E-05    6.4772400E-04    3.2043168E-04    1.1400000E-06
    4.2500000E+00   -9.6955608E-05    1.1118208E-05    1.3111863E-05    1.9614245E-06    5.0892329E-06    1.2808695E-07    1.0025098E-16    2.9676807E-05    2.4428193E-08    1.9190624E-09    4.5631432E-05    6.4772400E-04    3.2043168E-04    1.1400000E-06
    4.3500000E+00   -9.8002172E-05    1.1388105E-05    1.3470079E-05    1.9915822E-06    5.2152268E-06    1.2269652E-07    1.0025098E-16    2.9738168E-05    2.4054276E-08    1.8896435E-09    4.6884735E-05    6.4772400E-04    3.2043168E-04    1.1400000E-06
    4.4500000E+00   -9.9052237E-05    1.1658638E-05    1.3828964E-05    2.0218111E-06    5.3415729E-06    1.1763623E-07    1.0025098E-16    2.9799708E-05    2.3682915E-08    1.8604389E-09    4.8140985E-05    6.4772400E-04    3.2043168E-04    1.1400000E-06
    4.5500000E+00   -1.0010571E-04    1.1929809E-05    1.4188501E-05    2.0521112E-06    5.4682714E-06    1.1287990E-07    1.0025098E-16    2.9861425E-05    2.3314032E-08    1.8314404E-09    4.9400126E-05    6.4772400E-04    3.2043168E-04    1.1400000E-06
    4.6500000E+00   -1.0116250E-04    1.2201617E-05    1.4548674E-05    2.0824825E-06    5.5953220E-06    1.0840391E-07    1.0025098E-16    2.9923320E-05    2.2947568E-08    1.8026414E-09    5.0662102E-05    6.4772400E-04    3.2043168E-04    1.1400000E-06
    4.7500000E+00   -1.0222254E-04    1.2474064E-05    1.4909466E-05    2.1129252E-06    5.7227246E-06    1.0418691E-07    1.0025098E-16    2.9985394E-05    2.2583479E-08    1.7740372E-09    5.1926859E-05    6.4772400E-04    3.2043168E-04    1.1400000E-06
    4.8500000E+00   -1.0328573E-04    1.2747150E-05    1.5270857E-05    2.1434393E-06    5.8504789E-06    1.0020954E-07    1.0025098E-16    3.0047646E-05    2.2221737E-08    1.7456240E-09    5.3194340E-05    6.4772400E-04    3.2043168E-04    1.1400000E-06
    4.9500000E+00   -1.0435202E-04    1.3020877E-05    1.5632829E-05    2.1740250E-06    5.9785847E-06    9.6454247E-08    1.0025098E-16    3.0110077E-05    2.1862329E-08    1.7173999E-09    5.4464490E-05    6.4772400E-04    3.2043168E-04    1.1400000E-06
    5.0500000E+00   -1.0542134E-04    1.3295244E-05    1.5995358E-05    2.2046823E-06    6.1070417E-06    9.2905038E-08    1.0025098E-16    3.0172688E-05    2.1505257E-08    1.6893639E-09    5.5737252E-05    6.4772400E-04    3.2043168E-04    1.1400000E-06
    5.1500000E+00   -1.0649361E-04    1.3570253E-05    1.6358422E-05    2.2354113E-06    6.2358495E-06    8.9547351E-08    1.0025098E-16    3.0235477E-05    2.1150534E-08    1.6615163E-09    5.7012567E-05    6.4772400E-04    3.2043168E-04    1.1400000E-06
    5.2500000E+00   -1.0756877E-04    1.3845905E-05    1.6721998E-05    2.2662121E-06    6.3650077E-06    8.6367886E-08    1.0025098E-16    3.0298447E-05    2.0798188E-08    1.6338585E-09    5.8290374E-05    6.4772400E-04    3.2043168E-04    1.1400000E-06
    5.3500000E+00   -1.0864677E-04    1.4122200E-05    1.7086059E-05    2.2970847E-06    6.4945159E-06    8.3354479E-08    1.0025098E-16    3.0361596E-05    2.0448258E-08    1.6063930E-09    5.9570612E-05    6.4772400E-04    3.2043168E-04    1.1400000E-06
    5.4500000E+00   -1.0972754E-04    1.4399138E-05    1.7450579E-05    2.3280293E-06    6.6243735E-06    8.0495986E-08    1.0025098E-16    3.0424926E-05    2.0100795E-08    1.5791232E-09    6.0853217E-05    6.4772400E-04    3.2043168E-04    1.1400000E-06
    5.5500000E+00   -1.1081103E-04    1.4676721E-05    1.7815528E-05    2.3590459E-06    6.7545801E-06    7.7782179E-08    1.0025098E-16    3.0488436E-05    1.9755860E-08    1.5520537E-09    6.2138123E-05    6.4772400E-04    3.2043168E-04    1.1400000E-06
    5.6500000E+00   -1.1189717E-04    1.4954950E-05    1.8180876E-05    2.3901346E-06    6.8851350E-06    7.5203661E-08    1.0025098E-16    3.0552126E-05    1.9413529E-08    1.5251898E-09    6.3425260E-05    6.4772400E-04    3.2043168E-04    1.1400000E-06
    5.7500000E+00   -1.1298591E-04    1.5233825E-05    1.8546591E-05    2.4212956E-06    7.0160375E-06    7.2751781E-08    1.0025098E-16    3.0615998E-05    1.9073885E-08    1.4985381E-09    6.4714557E-05    6.4772400E-04    3.2043168E-04    1.1400000E-06
    5.8500000E+00   -1.1407718E-04    1.5513346E-05    1.8912639E-05    2.4525288E-06    7.1472869E-06    7.0418565E-08    1.0025098E-16    3.0680051E-05    1.8737024E-08    1.4721057E-09    6.6005940E-05    6.4772400E-04    3.2043168E-04    1.1400000E-06
    5.9500000E+00   -1.1517094E-04    1.5793516E-05    1.9278983E-05    2.4838343E-06    7.2788823E-06    6.8196656E-08    1.0025098E-16    3.0744285E-05    1.8403054E-08    1.4459009E-09    6.7299330E-05    6.4772400E-04    3.2043168E-04    1.1400000E-06
    6.0500000E+00   -1.1626712E-04    1.6074333E-05    1.9645586E-05    2.5152124E-06    7.4108230E-06    6.6079251E-08    1.0025098E-16    3.0808701E-05    1.8072092E-08    1.4199329E-09    6.8594647E-05    6.4772400E-04    3.2043168E-04    1.1400000E-06
    6.1500000E+00   -1.1736567E-04    1.6355800E-05    2.0012408E-05    2.5466629E-06    7.5431079E-06    6.4060057E-08    1.0025098E-16    3.0873299E-05    1.7744267E-08    1.3942115E-09    6.9891806E-05    6.4772400E-04    3.2043168E-04    1.1400000E-06
    6.2500000E+00   -1.1846652E-04    1.6637917E-05    2.0379407E-05    2.5781861E-06    7.6757362E-06    6.2133244E-08    1.0025098E-16    3.0938080E-05    1.7419718E-08    1.3687478E-09    7.1190718E-05    6.4772400E-04    3.2043168E-04    1.1400000E-06
    6.3500000E+00   -1.1956961E-04    1.6920684E-05    2.0746538E-05    2.6097820E-06    7.8087066E-06    6.0293403E-08    1.0025098E-16    3.1003042E-05    1.7098597E-08    1.3435535E-09    7.2491293E-05    6.4772400E-04    3.2043168E-04    1.1400000E-06
    6.4500000E+00   -1.2067488E-04    1.7204103E-05    2.1113756E-05    2.6414507E-06    7.9420180E-06    5.8535510E-08    1.0025098E-16    3.1068188E-05    1.6781066E-08    1.3186413E-09    7.3793431E-05    6.4772400E-04    3.2043168E-04    1.1400000E-06
    6.5500000E+00   -1.2178227E-04    1.7488174E-05    2.1481010E-05    2.6731922E-06    8.0756693E-06    5.6854896E-08    1.0025098E-16    3.1133516E-05    1.6467298E-08    1.2940248E-09    7.5097035E-05    6.4772400E-04    3.2043168E-04    1.1400000E-06
    6.6500000E+00   -1.2289170E-04    1.7772898E-05    2.1848251E-05    2.7050067E-06    8.2096590E-06    5.5247213E-08    1.0025098E-16    3.1199028E-05    1.6157478E-08    1.2697186E-09    7.6401997E-05    6.4772400E-04    3.2043168E-04    1.1400000E-06
    6.7500000E+00   -1.2400313E-04    1.8058275E-05    2.2215424E-05    2.7368943E-06    8.3439857E-06    5.3708411E-08    1.0025098E-16    3.1264723E-05    1.5851803E-08    1.2457380E-09    7.7708208E-05    6.4772400E-04    3.2043168E-04    1.1400000E-06
    6.8500000E+00   -1.2511647E-04    1.8344307E-05    2.2582473E-05    2.7688549E-06    8.4786481E-06    5.2234714E-08    1.0025098E-16    3.1330602E-05    1.5550480E-08    1.2220995E-09    7.9015554E-05    6.4772400E-04    3.2043168E-04    1.1400000E-06
    6.9500000E+00   -1.2623165E-04    1.8630994E-05    2.2949339E-05    2.8008888E-06    8.6136445E-06    5.0822594E-08    1.0025098E-16    3.1396665E-05    1.5253730E-08    1.1988204E-09    8.0323915E-05    6.4772400E-04    3.2043168E-04    1.1400000E-06
    7.0500000E+00   -1.2734861E-04    1.8918337E-05    2.3315961E-05    2.8329959E-06    8.7489732E-06    4.9468756E-08    1.0025098E-16    3.1462913E-05    1.4961785E-08    1.1759189E-09    8.1633167E-05    6.4772400E-04    3.2043168E-04    1.1400000E-06
    7.1500000E+00   -1.2846726E-04    1.9206337E-05    2.3682275E-05    2.8651764E-06    8.8846324E-06    4.8170117E-08    1.0025098E-16    3.1529345E-05    1.4674889E-08    1.1534143E-09    8.2943178E-05    6.4772400E-04    3.2043168E-04    1.1400000E-06
    7.2500000E+00   -1.2958753E-04    1.9494993E-05    2.4048213E-05    2.8974304E-06    9.0206204E-06    4.6923791E-08    1.0025098E-16    3.1595961E-05    1.4393299E-08    1.1313269E-09    8.4253815E-05    6.4772400E-04    3.2043168E-04    1.1400000E-06
    7.3500000E+00   -1.3070933E-04    1.9784309E-05    2.4413705E-05    2.9297579E-06    9.1569352E-06    4.5727072E-08    1.0025098E-16    3.1662763E-05    1.4117285E-08    1.1096777E-09    8.5564935E-05    6.4772400E-04    3.2043168E-04    1.1400000E-06
    7.4500000E+00   -1.3183260E-04    2.0074283E-05    2.4778680E-05    2.9621591E-06    9.2935747E-06    4.4577424E-08    1.0025098E-16    3.1729750E-05    1.3847129E-08    1.0884891E-09    8.6876393E-05    6.4772400E-04    3.2043168E-04    1.1400000E-06
    7.5500000E+00   -1.3295723E-04    2.0364916E-05    2.5143059E-05    2.9946339E-06    9.4305368E-06    4.3472466E-08    1.0025098E-16    3.1796923E-05    1.3583125E-08    1.0677842E-09    8.8188036E-05    6.4772400E-04    3.2043168E-04    1.1400000E-06
    7.6500000E+00   -1.3408315E-04    2.0656210E-05    2.5506766E-05    3.0271825E-06    9.5678193E-06    4.2409961E-08    1.0025098E-16    3.1864282E-05    1.3325581E-08    1.0475874E-09    8.9499706E-05    6.4772400E-04    3.2043168E-04    1.1400000E-06
    7.7500000E+00   -1.3521025E-04    2.0948165E-05    2.5869718E-05    3.0598051E-06    9.7054197E-06    4.1387803E-08    1.0025098E-16    3.1931826E-05    1.3074819E-08    1.0279238E-09    9.0811238E-05    6.4772400E-04    3.2043168E-04    1.1400000E-06
    7.8500000E+00   -1.3633845E-04    2.1240782E-05    2.6231830E-05    3.0925015E-06    9.8433356E-06    4.0404015E-08    1.0025098E-16    3.1999557E-05    1.2831173E-08    1.0088200E-09    9.2122463E-05    6.4772400E-04    3.2043168E-04    1.1400000E-06
    7.9500000E+00   -1.3746765E-04    2.1534062E-05    2.6593015E-05    3.1252720E-06    9.9815646E-06    3.9456732E-08    1.0025098E-16    3.2067475E-05    1.2594991E-08    9.9030314E-10    9.3433203E-05    6.4772400E-04    3.2043168E-04    1.1400000E-06
    8.0500000E+00   -1.3859776E-04    2.1828005E-05    2.6953180E-05    3.1581167E-06    1.0120104E-05    3.8544196E-08    1.0025098E-16    3.2135579E-05    1.2366632E-08    9.7240178E-10    9.4743277E-05    6.4772400E-04    3.2043168E-04    1.1400000E-06
    8.1500000E+00   -1.3972865E-04    2.2122612E-05    2.7312231E-05    3.1910355E-06    1.0258951E-05    3.7664752E-08    1.0025098E-16    3.2203871E-05    1.2146472E-08    9.5514539E-10    9.6052496E-05    6.4772400E-04    3.2043168E-04    1.1400000E-06
    8.2500000E+00   -1.4086024E-04    2.2417884E-05    2.7670072E-05    3.2240286E-06    1.0398102E-05    3.6816836E-08    1.0025098E-16    3.2272350E-05    1.1934897E-08    9.3856451E-10    9.7360665E-05    6.4772400E-04    3.2043168E-04    1.1400000E-06
    8.3500000E+00   -1.4199241E-04    2.2713822E-05    2.8026601E-05    3.2570962E-06    1.0537556E-05    3.5998972E-08    1.0025098E-16    3.2341016E-05    1.1732309E-08    9.2269076E-10    9.8667583E-05    6.4772400E-04    3.2043168E-04    1.1400000E-06
    8.4500000E+00   -1.4312505E-04    2.3010426E-05    2.8381715E-05    3.2902381E-06    1.0677308E-05    3.5209763E-08    1.0025098E-16    3.2409871E-05    1.1539122E-08    9.0755678E-10    9.9973042E-05    6.4772400E-04    3.2043168E-04    1.1400000E-06
    8.5500000E+00   -1.4425804E-04    2.3307697E-05    2.8735306E-05    3.3234546E-06    1.0817355E-05    3.4447891E-08    1.0025098E-16    3.2478913E-05    1.1355761E-08    8.9319627E-10    1.0127683E-04    6.4772400E-04    3.2043168E-04    1.1400000E-06
    8.6500000E+00   -1.4539127E-04    2.3605636E-05    2.9087266E-05    3.3567458E-06    1.0957695E-05    3.3712107E-08    1.0025098E-16    3.2548144E-05    1.1182668E-08    8.7964394E-10    1.0257873E-04    6.4772400E-04    3.2043168E-04    1.1400000E-06
    8.7500000E+00   -1.4652461E-04    2.3904244E-05    2.9437481E-05    3.3901116E-06    1.1098324E-05    3.3001231E-08    1.0025098E-16    3.2617564E-05    1.1020295E-08    8.6693553E-10    1.0387851E-04    6.4772400E-04    3.2043168E-04    1.1400000E-06
    8.8500000E+00   -1.4765795E-04    2.4203521E-05    2.9785835E-05    3.4235523E-06    1.1239238E-05    3.2314142E-08    1.0025098E-16    3.2687173E-05    1.0869106E-08    8.5510776E-10    1.0517595E-04    6.4772400E-04    3.2043168E-04    1.1400000E-06
    8.9500000E+00   -1.4879115E-04    2.4503469E-05    3.0132210E-05    3.4570678E-06    1.1380434E-05    3.1649782E-08    1.0025098E-16    3.2756970E-05    1.0729578E-08    8.4419834E-10    1.0647080E-04    6.4772400E-04    3.2043168E-04    1.1400000E-06
    9.0500000E+00   -1.4992408E-04    2.4804087E-05    3.0476485E-05    3.4906583E-06    1.1521909E-05    3.1007144E-08    1.0025098E-16    3.2826957E-05    1.0602201E-08    8.3424589E-10    1.0776283E-04    6.4772400E-04    3.2043168E-04    1.1400000E-06
    9.1500000E+00   -1.5105661E-04    2.5105376E-05    3.0818536E-05    3.5243239E-06    1.1663658E-05    3.0385276E-08    1.0025098E-16    3.2897134E-05    1.0487474E-08    8.2528999E-10    1.0905178E-04    6.4772400E-04    3.2043168E-04    1.1400000E-06
    9.2500000E+00   -1.5218862E-04    2.5407338E-05    3.1158236E-05    3.5580645E-06    1.1805679E-05    2.9783273E-08    1.0025098E-16    3.2967501E-05    1.0385908E-08    8.1737104E-10    1.1033741E-04    6.4772400E-04    3.2043168E-04    1.1400000E-06
    9.3500000E+00   -1.5331995E-04    2.5709974E-05    3.1495457E-05    3.5918804E-06    1.1947966E-05    2.9200279E-08    1.0025098E-16    3.3038058E-05    1.0298024E-08    8.1053033E-10    1.1161947E-04    6.4772400E-04    3.2043168E-04    1.1400000E-06
    9.4500000E+00   -1.5445048E-04    2.6013283E-05    3.1830068E-05    3.6257716E-06    1.2090517E-05    2.8635477E-08    1.0025098E-16    3.3108806E-05    1.0224352E-08    8.0480992E-10    1.1289768E-04    6.4772400E-04    3.2043168E-04    1.1400000E-06
    9.5500000E+00   -1.5558005E-04    2.6317266E-05    3.2161936E-05    3.6597381E-06    1.2233327E-05    2.8088097E-08    1.0025098E-16    3.3179744E-05    1.0165433E-08    8.0025261E-10    1.1417178E-04    6.4772400E-04    3.2043168E-04    1.1400000E-06
    9.6500000E+00   -1.5670853E-04    2.6621925E-05    3.2490925E-05    3.6937802E-06    1.2376393E-05    2.7557404E-08    1.0025098E-16    3.3250873E-05    1.0121814E-08    7.9690189E-10    1.1544151E-04    6.4772400E-04    3.2043168E-04    1.1400000E-06
    9.7500000E+00   -1.5783578E-04    2.6927261E-05    3.2816901E-05    3.7278977E-06    1.2519710E-05    2.7042702E-08    1.0025098E-16    3.3322194E-05    1.0094052E-08    7.9480190E-10    1.1670660E-04    6.4772400E-04    3.2043168E-04    1.1400000E-06
    9.8500000E+00   -1.5896165E-04    2.7233273E-05    3.3139724E-05    3.7620909E-06    1.2663275E-05    2.6543328E-08    1.0025098E-16    3.3393705E-05    1.0082707E-08    7.9399734E-10    1.1796676E-04    6.4772400E-04    3.2043168E-04    1.1400000E-06
    9.9500000E+00   -1.6008598E-04    2.7539962E-05    3.3459257E-05    3.7963598E-06    1.2807083E-05    2.6058655E-08    1.0025098E-16    3.3465409E-05    1.0088349E-08    7.9453343E-10    1.1922173E-04    6.4772400E-04    3.2043168E-04    1.1400000E-06
    1.0050000E+01   -1.6120864E-04    2.7847330E-05    3.3775358E-05    3.8307045E-06    1.2951131E-05    2.5588086E-08    1.0025098E-16    3.3537305E-05    1.0111551E-08    7.9645587E-10    1.2047122E-04    6.4772400E-04    3.2043168E-04    1.1400000E-06
    1.0150000E+01   -1.6232947E-04    2.8155377E-05    3.4087888E-05    3.8651251E-06    1.3095414E-05    2.5131038E-08    1.0025098E-16    3.3609393E-05    1.0152883E-08    7.9981281E-10    1.2171495E-04    6.4772400E-04    3.2043168E-04    1.1400000E-06
    1.0250000E+01   -1.6344833E-04    2.8464104E-05    3.4396706E-05    3.8996217E-06    1.3239928E-05    2.4686971E-08    1.0025098E-16    3.3681673E-05    1.0212920E-08    8.0465224E-10    1.2295265E-04    6.4772400E-04    3.2043168E-04    1.1400000E-06
    1.0350000E+01   -1.6456507E-04    2.8773512E-05    3.4701669E-05    3.9341943E-06    1.3384669E-05    2.4255394E-08    1.0025098E-16    3.3754146E-05    1.0292246E-08    8.1101921E-10    1.2418403E-04    6.4772400E-04    3.2043168E-04    1.1400000E-06
    1.0450000E+01   -1.6567954E-04    2.9083601E-05    3.5002639E-05    3.9688430E-06    1.3529633E-05    2.3835824E-08    1.0025098E-16    3.3826812E-05    1.0391447E-08    8.1895939E-10    1.2540881E-04    6.4772400E-04    3.2043168E-04    1.1400000E-06
    1.0550000E+01   -1.6679158E-04    2.9394372E-05    3.5299474E-05    4.0035680E-06    1.3674818E-05    2.3427800E-08    1.0025098E-16    3.3899672E-05    1.0511105E-08    8.2851888E-10    1.2662671E-04    6.4772400E-04    3.2043168E-04    1.1400000E-06
    1.0650000E+01   -1.6790107E-04    2.9705825E-05    3.5592034E-05    4.0383692E-06    1.3820218E-05    2.3030887E-08    1.0025098E-16    3.3972725E-05    1.0651801E-08    8.3974397E-10    1.2783746E-04    6.4772400E-04    3.2043168E-04    1.1400000E-06
    1.0750000E+01   -1.6900784E-04    3.0017963E-05    3.5880182E-05    4.0732469E-06    1.3965830E-05    2.2644670E-08    1.0025098E-16    3.4045972E-05    1.0814113E-08    8.5268091E-10    1.2904078E-04    6.4772400E-04    3.2043168E-04    1.1400000E-06
    1.0850000E+01   -1.7011177E-04    3.0330785E-05    3.6163781E-05    4.1082010E-06    1.4111650E-05    2.2268756E-08    1.0025098E-16    3.4119413E-05    1.0998617E-08    8.6737576E-10    1.3023640E-04    6.4772400E-04    3.2043168E-04    1.1400000E-06
    1.0950000E+01   -1.7121269E-04    3.0644291E-05    3.6442695E-05    4.1432316E-06    1.4257676E-05    2.1902771E-08    1.0025098E-16    3.4193048E-05    1.1205881E-08    8.8387426E-10    1.3142404E-04    6.4772400E-04    3.2043168E-04    1.1400000E-06
    1.1050000E+01   -1.7231049E-04    3.0958484E-05    3.6716791E-05    4.1783389E-06    1.4403903E-05    2.1546361E-08    1.0025098E-16    3.4266878E-05    1.1436469E-08    9.0222176E-10    1.3260345E-04    6.4772400E-04    3.2043168E-04    1.1400000E-06
    1.1150000E+01   -1.7340502E-04    3.1273363E-05    3.6985938E-05    4.2135229E-06    1.4550328E-05    2.1199189E-08    1.0025098E-16    3.4340902E-05    1.1690937E-08    9.2246308E-10    1.3377436E-04    6.4772400E-04    3.2043168E-04    1.1400000E-06
    1.1250000E+01   -1.7449615E-04    3.1588930E-05    3.7250009E-05    4.2487837E-06    1.4696949E-05    2.0860936E-08    1.0025098E-16    3.4415122E-05    1.1969834E-08    9.4464244E-10    1.3493652E-04    6.4772400E-04    3.2043168E-04    1.1400000E-06
    1.1350000E+01   -1.7558374E-04    3.1905184E-05    3.7508879E-05    4.2841214E-06    1.4843763E-05    2.0531297E-08    1.0025098E-16    3.4489537E-05    1.2273697E-08    9.6880335E-10    1.3608968E-04    6.4772400E-04    3.2043168E-04    1.1400000E-06
    1.1450000E+01   -1.7666768E-04    3.2222128E-05    3.7762425E-05    4.3195360E-06    1.4990767E-05    2.0209984E-08    1.0025098E-16    3.4564148E-05    1.2603053E-08    9.9498854E-10    1.3723360E-04    6.4772400E-04    3.2043168E-04    1.1400000E-06
    1.1550000E+01   -1.7774784E-04    3.2539761E-05    3.8010530E-05    4.3550277E-06    1.5137957E-05    1.9896722E-08    1.0025098E-16    3.4638954E-05    1.2958418E-08    1.0232398E-09    1.3836804E-04    6.4772400E-04    3.2043168E-04    1.1400000E-06
    1.1650000E+01   -1.7882411E-04    3.2858084E-05    3.8253080E-05    4.3905966E-06    1.5285333E-05    1.9591250E-08    1.0025098E-16    3.4713957E-05    1.3340295E-08    1.0535981E-09    1.3949277E-04    6.4772400E-04    3.2043168E-04    1.1400000E-06
    1.1750000E+01   -1.7989636E-04    3.3177099E-05    3.8489964E-05    4.4262426E-06    1.5432892E-05    1.9293319E-08    1.0025098E-16    3.4789156E-05    1.3749171E-08    1.0861030E-09    1.4060759E-04    6.4772400E-04    3.2043168E-04    1.1400000E-06
    1.1850000E+01   -1.8096450E-04    3.3496805E-05    3.8721078E-05    4.4619660E-06    1.5580632E-05    1.9002693E-08    1.0025098E-16    3.4864552E-05    1.4185519E-08    1.1207933E-09    1.4171227E-04    6.4772400E-04    3.2043168E-04    1.1400000E-06
    1.1950000E+01   -1.8202841E-04    3.3817204E-05    3.8946320E-05    4.4977668E-06    1.5728552E-05    1.8719147E-08    1.0025098E-16    3.4940144E-05    1.4649797E-08    1.1577063E-09    1.4280663E-04    6.4772400E-04    3.2043168E-04    1.1400000E-06
    1.2050000E+01   -1.8308801E-04    3.4138296E-05    3.9165595E-05    4.5336450E-06    1.5876650E-05    1.8442465E-08    1.0025098E-16    3.5015934E-05    1.5142444E-08    1.1968781E-09    1.4389046E-04    6.4772400E-04    3.2043168E-04    1.1400000E-06
    1.2150000E+01   -1.8414321E-04    3.4460082E-05    3.9378812E-05    4.5696007E-06    1.6024924E-05    1.8172444E-08    1.0025098E-16    3.5091921E-05    1.5663882E-08    1.2383433E-09    1.4496359E-04    6.4772400E-04    3.2043168E-04    1.1400000E-06
    1.2250000E+01   -1.8519390E-04    3.4782563E-05    3.9585885E-05    4.6056341E-06    1.6173375E-05    1.7908888E-08    1.0025098E-16    3.5168106E-05    1.6214515E-08    1.2821351E-09    1.4602585E-04    6.4772400E-04    3.2043168E-04    1.1400000E-06
    1.2350000E+01   -1.8624002E-04    3.5105739E-05    3.9786735E-05    4.6417453E-06    1.6322002E-05    1.7651611E-08    1.0025098E-16    3.5244488E-05    1.6794725E-08    1.3282853E-09    1.4707708E-04    6.4772400E-04    3.2043168E-04    1.1400000E-06
    1.2450000E+01   -1.8728149E-04    3.5429612E-05    3.9981287E-05    4.6779342E-06    1.6470803E-05    1.7400437E-08    1.0025098E-16    3.5321069E-05    1.7404877E-08    1.3768238E-09    1.4811714E-04    6.4772400E-04    3.2043168E-04    1.1400000E-06
    1.2550000E+01   -1.8831825E-04    3.5754182E-05    4.0169472E-05    4.7142010E-06    1.6619779E-05    1.7155194E-08    1.0025098E-16    3.5397848E-05    1.8045314E-08    1.4277793E-09    1.4914588E-04    6.4772400E-04    3.2043168E-04    1.1400000E-06
    1.2650000E+01   -1.8935023E-04    3.6079449E-05    4.0351228E-05    4.7505458E-06    1.6768931E-05    1.6915723E-08    1.0025098E-16    3.5474826E-05    1.8716357E-08    1.4811784E-09    1.5016318E-04    6.4772400E-04    3.2043168E-04    1.1400000E-06
    1.2750000E+01   -1.9037737E-04    3.6405415E-05    4.0526498E-05    4.7869686E-06    1.6918258E-05    1.6681867E-08    1.0025098E-16    3.5552003E-05    1.9418306E-08    1.5370463E-09    1.5116894E-04    6.4772400E-04    3.2043168E-04    1.1400000E-06
    1.2850000E+01   -1.9139964E-04    3.6732081E-05    4.0695231E-05    4.8234696E-06    1.7067761E-05    1.6453480E-08    1.0025098E-16    3.5629379E-05    2.0151439E-08    1.5954063E-09    1.5216304E-04    6.4772400E-04    3.2043168E-04    1.1400000E-06
    1.2950000E+01   -1.9241698E-04    3.7059446E-05    4.0857383E-05    4.8600488E-06    1.7217441E-05    1.6230418E-08    1.0025098E-16    3.5706955E-05    2.0916011E-08    1.6562799E-09    1.5314541E-04    6.4772400E-04    3.2043168E-04    1.1400000E-06
    1.3050000E+01   -1.9342937E-04    3.7387513E-05    4.1012913E-05    4.8967062E-06    1.7367300E-05    1.6012548E-08    1.0025098E-16    3.5784730E-05    2.1712257E-08    1.7196869E-09    1.5411596E-04    6.4772400E-04    3.2043168E-04    1.1400000E-06
    1.3150000E+01   -1.9443677E-04    3.7716280E-05    4.1161790E-05    4.9334421E-06    1.7517338E-05    1.5799740E-08    1.0025098E-16    3.5862705E-05    2.2540385E-08    1.7856453E-09    1.5507464E-04    6.4772400E-04    3.2043168E-04    1.1400000E-06
    1.3250000E+01   -1.9543915E-04    3.8045750E-05    4.1303986E-05    4.9702565E-06    1.7667557E-05    1.5591868E-08    1.0025098E-16    3.5940880E-05    2.3400585E-08    1.8541712E-09    1.5602139E-04    6.4772400E-04    3.2043168E-04    1.1400000E-06
    1.3350000E+01   -1.9643652E-04    3.8375923E-05    4.1439480E-05    5.0071494E-06    1.7817959E-05    1.5388813E-08    1.0025098E-16    3.6019256E-05    2.4293020E-08    1.9252790E-09    1.5695616E-04    6.4772400E-04    3.2043168E-04    1.1400000E-06
    1.3450000E+01   -1.9742885E-04    3.8706800E-05    4.1568258E-05    5.0441209E-06    1.7968547E-05    1.5190462E-08    1.0025098E-16    3.6097833E-05    2.5217835E-08    1.9989812E-09    1.5787893E-04    6.4772400E-04    3.2043168E-04    1.1400000E-06
    1.3550000E+01   -1.9841614E-04    3.9038382E-05    4.1690309E-05    5.0811712E-06    1.8119321E-05    1.4996703E-08    1.0025098E-16    3.6176611E-05    2.6175150E-08    2.0752886E-09    1.5878969E-04    6.4772400E-04    3.2043168E-04    1.1400000E-06
    1.3650000E+01   -1.9939839E-04    3.9370668E-05    4.1805630E-05    5.1183003E-06    1.8270286E-05    1.4807432E-08    1.0025098E-16    3.6255590E-05    2.7165063E-08    2.1542101E-09    1.5968842E-04    6.4772400E-04    3.2043168E-04    1.1400000E-06
    1.3750000E+01   -2.0037562E-04    3.9703661E-05    4.1914221E-05    5.1555082E-06    1.8421443E-05    1.4622546E-08    1.0025098E-16    3.6334770E-05    2.8187651E-08    2.2357529E-09    1.6057513E-04    6.4772400E-04    3.2043168E-04    1.1400000E-06
    1.3850000E+01   -2.0134783E-04    4.0037360E-05    4.2016091E-05    5.1927951E-06    1.8572796E-05    1.4441947E-08    1.0025098E-16    3.6414152E-05    2.9242969E-08    2.3199226E-09    1.6144983E-04    6.4772400E-04    3.2043168E-04    1.1400000E-06
    1.3950000E+01   -2.0231504E-04    4.0371767E-05    4.2111250E-05    5.2301611E-06    1.8724347E-05    1.4265541E-08    1.0025098E-16    3.6493736E-05    3.0331052E-08    2.4067228E-09    1.6231255E-04    6.4772400E-04    3.2043168E-04    1.1400000E-06
    1.4050000E+01   -2.0327729E-04    4.0706882E-05    4.2199720E-05    5.2676063E-06    1.8876099E-05    1.4093235E-08    1.0025098E-16    3.6573523E-05    3.1451890E-08    2.4961540E-09    1.6316334E-04    6.4772400E-04    3.2043168E-04    1.1400000E-06
    1.4150000E+01   -2.0423461E-04    4.1042706E-05    4.2281534E-05    5.3051306E-06    1.9028055E-05    1.3925609E-08    1.0025098E-16    3.6653512E-05    3.2605379E-08    2.5882086E-09    1.6400225E-04    6.4772400E-04    3.2043168E-04    1.1400000E-06
    1.4250000E+01   -2.0518711E-04    4.1379240E-05    4.2356799E-05    5.3427343E-06    1.9180215E-05    1.3762548E-08    1.0025098E-16    3.6733704E-05    3.3790951E-08    2.6828415E-09    1.6482952E-04    6.4772400E-04    3.2043168E-04    1.1400000E-06
    1.4350000E+01   -2.0613513E-04    4.1716485E-05    4.2425870E-05    5.3804173E-06    1.9332574E-05    1.3603816E-08    1.0025098E-16    3.6814098E-05    3.5006530E-08    2.7798853E-09    1.6564584E-04    6.4772400E-04    3.2043168E-04    1.1400000E-06
    1.4450000E+01   -2.0708329E-04    4.2054440E-05    4.2493449E-05    5.4181798E-06    1.9485018E-05    1.3504064E-08    1.0025098E-16    3.6894697E-05    3.6223478E-08    2.8770055E-09    1.6646067E-04    6.4772400E-04    3.2043168E-04    1.1400000E-06
    1.4550000E+01   -2.0803194E-04    4.2393108E-05    4.2560050E-05    5.4560219E-06    1.9637530E-05    1.3422008E-08    1.0025098E-16    3.6975498E-05    3.7438168E-08    2.9739095E-09    1.6727500E-04    6.4772400E-04    3.2043168E-04    1.1400000E-06
    1.4650000E+01   -2.0898031E-04    4.2732488E-05    4.2624922E-05    5.4939436E-06    1.9790124E-05    1.3342426E-08    1.0025098E-16    3.7056504E-05    3.8654973E-08    3.0709570E-09    1.6808732E-04    6.4772400E-04    3.2043168E-04    1.1400000E-06
    1.4750000E+01   -2.0992803E-04    4.3072582E-05    4.2687678E-05    5.5319450E-06    1.9942805E-05    1.3265240E-08    1.0025098E-16    3.7137714E-05    3.9876162E-08    3.1683357E-09    1.6889686E-04    6.4772400E-04    3.2043168E-04    1.1400000E-06
    1.4850000E+01   -2.1087507E-04    4.3413389E-05    4.2748292E-05    5.5700262E-06    2.0095573E-05    1.3190445E-08    1.0025098E-16    3.7219128E-05    4.1101762E-08    3.2660503E-09    1.6970356E-04    6.4772400E-04    3.2043168E-04    1.1400000E-06
    1.4950000E+01   -2.1182162E-04    4.3754912E-05    4.2806959E-05    5.6081873E-06    2.0248418E-05    1.3117980E-08    1.0025098E-16    3.7300746E-05    4.2330437E-08    3.3639950E-09    1.7050781E-04    6.4772400E-04    3.2043168E-04    1.1400000E-06
    1.5050000E+01   -2.1276792E-04    4.4097151E-05    4.2863950E-05    5.6464284E-06    2.0401330E-05    1.3047773E-08    1.0025098E-16    3.7382570E-05    4.3560357E-08    3.4620234E-09    1.7131016E-04    6.4772400E-04    3.2043168E-04    1.1400000E-06
    1.5150000E+01   -2.1371421E-04    4.4440106E-05    4.2919526E-05    5.6847495E-06    2.0554298E-05    1.2979759E-08    1.0025098E-16    3.7464598E-05    4.4789732E-08    3.5599923E-09    1.7211113E-04    6.4772400E-04    3.2043168E-04    1.1400000E-06
    1.5250000E+01   -2.1466069E-04    4.4783778E-05    4.2973900E-05    5.7231508E-06    2.0707313E-05    1.2913892E-08    1.0025098E-16    3.7546832E-05    4.6017061E-08    3.6577820E-09    1.7291115E-04    6.4772400E-04    3.2043168E-04    1.1400000E-06
    1.5350000E+01   -2.1560748E-04    4.5128168E-05    4.3027227E-05    5.7616322E-06    2.0860365E-05    1.2850145E-08    1.0025098E-16    3.7629272E-05    4.7241190E-08    3.7553007E-09    1.7371052E-04    6.4772400E-04    3.2043168E-04    1.1400000E-06
    1.5450000E+01   -2.1655468E-04    4.5473276E-05    4.3079609E-05    5.8001940E-06    2.1013447E-05    1.2788514E-08    1.0025098E-16    3.7711917E-05    4.8461281E-08    3.8524822E-09    1.7450947E-04    6.4772400E-04    3.2043168E-04    1.1400000E-06
    1.5550000E+01   -2.1750234E-04    4.5819104E-05    4.3131109E-05    5.8388361E-06    2.1166553E-05    1.2729009E-08    1.0025098E-16    3.7794769E-05    4.9676744E-08    3.9492803E-09    1.7530810E-04    6.4772400E-04    3.2043168E-04    1.1400000E-06
    1.5650000E+01   -2.1845048E-04    4.6165652E-05    4.3181760E-05    5.8775588E-06    2.1319676E-05    1.2671651E-08    1.0025098E-16    3.7877827E-05    5.0887165E-08    4.0456629E-09    1.7610650E-04    6.4772400E-04    3.2043168E-04    1.1400000E-06
    1.5750000E+01   -2.1939911E-04    4.6512921E-05    4.3231578E-05    5.9163619E-06    2.1472811E-05    1.2616475E-08    1.0025098E-16    3.7961091E-05    5.2092251E-08    4.1416075E-09    1.7690469E-04    6.4772400E-04    3.2043168E-04    1.1400000E-06
    1.5850000E+01   -2.2034822E-04    4.6860912E-05    4.3280565E-05    5.9552457E-06    2.1625952E-05    1.2563523E-08    1.0025098E-16    3.8044563E-05    5.3291782E-08    4.2370977E-09    1.7770268E-04    6.4772400E-04    3.2043168E-04    1.1400000E-06
    1.5950000E+01   -2.2129779E-04    4.7209624E-05    4.3328719E-05    5.9942102E-06    2.1779095E-05    1.2512849E-08    1.0025098E-16    3.8128241E-05    5.4485588E-08    4.3321206E-09    1.7850047E-04    6.4772400E-04    3.2043168E-04    1.1400000E-06
    1.6050000E+01   -2.2224782E-04    4.7559060E-05    4.3376031E-05    6.0332555E-06    2.1932236E-05    1.2464510E-08    1.0025098E-16    3.8212127E-05    5.5673526E-08    4.4266658E-09    1.7929803E-04    6.4772400E-04    3.2043168E-04    1.1400000E-06
    1.6150000E+01   -2.2319829E-04    4.7909220E-05    4.3422492E-05    6.0723817E-06    2.2085369E-05    1.2418576E-08    1.0025098E-16    3.8296221E-05    5.6855471E-08    4.5207239E-09    1.8009537E-04    6.4772400E-04    3.2043168E-04    1.1400000E-06
    1.6250000E+01   -2.2414917E-04    4.8260104E-05    4.3468092E-05    6.1115888E-06    2.2238492E-05    1.2375124E-08    1.0025098E-16    3.8380523E-05    5.8031310E-08    4.6142867E-09    1.8089245E-04    6.4772400E-04    3.2043168E-04    1.1400000E-06
    1.6350000E+01   -2.2510046E-04    4.8611714E-05    4.3512821E-05    6.1508770E-06    2.2391599E-05    1.2334240E-08    1.0025098E-16    3.8465033E-05    5.9200937E-08    4.7073462E-09    1.8168925E-04    6.4772400E-04    3.2043168E-04    1.1400000E-06
    1.6450000E+01   -2.2605214E-04    4.8964050E-05    4.3556669E-05    6.1902463E-06    2.2544687E-05    1.2296023E-08    1.0025098E-16    3.8549751E-05    6.0364252E-08    4.7998952E-09    1.8248576E-04    6.4772400E-04    3.2043168E-04    1.1400000E-06
    1.6550000E+01   -2.2700419E-04    4.9317112E-05    4.3599624E-05    6.2296969E-06    2.2697753E-05    1.2260582E-08    1.0025098E-16    3.8634678E-05    6.1521162E-08    4.8919265E-09    1.8328197E-04    6.4772400E-04    3.2043168E-04    1.1400000E-06
    1.6650000E+01   -2.2795659E-04    4.9670902E-05    4.3641679E-05    6.2692287E-06    2.2850792E-05    1.2228038E-08    1.0025098E-16    3.8719814E-05    6.2671577E-08    4.9834335E-09    1.8407785E-04    6.4772400E-04    3.2043168E-04    1.1400000E-06
    1.6750000E+01   -2.2890934E-04    5.0025420E-05    4.3682823E-05    6.3088418E-06    2.3003802E-05    1.2198529E-08    1.0025098E-16    3.8805159E-05    6.3815413E-08    5.0744100E-09    1.8487338E-04    6.4772400E-04    3.2043168E-04    1.1400000E-06
    1.6850000E+01   -2.2986241E-04    5.0380667E-05    4.3723049E-05    6.3485365E-06    2.3156780E-05    1.2172208E-08    1.0025098E-16    3.8890714E-05    6.4952593E-08    5.1648501E-09    1.8566855E-04    6.4772400E-04    3.2043168E-04    1.1400000E-06
    1.6950000E+01   -2.3081581E-04    5.0736644E-05    4.3762348E-05    6.3883126E-06    2.3309723E-05    1.2149247E-08    1.0025098E-16    3.8976479E-05    6.6083043E-08    5.2547484E-09    1.8646335E-04    6.4772400E-04    3.2043168E-04    1.1400000E-06
    1.7050000E+01   -2.3176951E-04    5.1093351E-05    4.3800712E-05    6.4281704E-06    2.3462628E-05    1.2129840E-08    1.0025098E-16    3.9062453E-05    6.7206695E-08    5.3440996E-09    1.8725776E-04    6.4772400E-04    3.2043168E-04    1.1400000E-06
    1.7150000E+01   -2.3272351E-04    5.1450790E-05    4.3838136E-05    6.4681099E-06    2.3615493E-05    1.2114204E-08    1.0025098E-16    3.9148638E-05    6.8323489E-08    5.4328993E-09    1.8805177E-04    6.4772400E-04    3.2043168E-04    1.1400000E-06
    1.7250000E+01   -2.3367779E-04    5.1808960E-05    4.3874612E-05    6.5081312E-06    2.3768316E-05    1.2102584E-08    1.0025098E-16    3.9235033E-05    6.9433369E-08    5.5211433E-09    1.8884538E-04    6.4772400E-04    3.2043168E-04    1.1400000E-06
    1.7350000E+01   -2.3463236E-04    5.2167863E-05    4.3910135E-05    6.5482343E-06    2.3921094E-05    1.2095257E-08    1.0025098E-16    3.9321639E-05    7.0536285E-08    5.6088279E-09    1.8963856E-04    6.4772400E-04    3.2043168E-04    1.1400000E-06
    1.7450000E+01   -2.3558721E-04    5.2527499E-05    4.3944701E-05    6.5884194E-06    2.4073828E-05    1.2092538E-08    1.0025098E-16    3.9408456E-05    7.1632197E-08    5.6959501E-09    1.9043132E-04    6.4772400E-04    3.2043168E-04    1.1400000E-06
    1.7550000E+01   -2.3654233E-04    5.2887869E-05    4.3978304E-05    6.6286865E-06    2.4226515E-05    1.2094783E-08    1.0025098E-16    3.9495484E-05    7.2721068E-08    5.7825072E-09    1.9122365E-04    6.4772400E-04    3.2043168E-04    1.1400000E-06
    1.7650000E+01   -2.3749772E-04    5.3248975E-05    4.4010943E-05    6.6690357E-06    2.4379154E-05    1.2102403E-08    1.0025098E-16    3.9582724E-05    7.3802871E-08    5.8684972E-09    1.9201553E-04    6.4772400E-04    3.2043168E-04    1.1400000E-06
    1.7750000E+01   -2.3845338E-04    5.3610815E-05    4.4042613E-05    6.7094671E-06    2.4531744E-05    1.2115865E-08    1.0025098E-16    3.9670176E-05    7.4877587E-08    5.9539189E-09    1.9280698E-04    6.4772400E-04    3.2043168E-04    1.1400000E-06
    1.7850000E+01   -2.3940931E-04    5.3973392E-05    4.4073314E-05    6.7499807E-06    2.4684287E-05    1.2135710E-08    1.0025098E-16    3.9757839E-05    7.5945204E-08    6.0387714E-09    1.9359798E-04    6.4772400E-04    3.2043168E-04    1.1400000E-06
    1.7950000E+01   -2.4036551E-04    5.4336707E-05    4.4103044E-05    6.7905767E-06    2.4836780E-05    1.2162564E-08    1.0025098E-16    3.9845715E-05    7.7005720E-08    6.1230548E-09    1.9438854E-04    6.4772400E-04    3.2043168E-04    1.1400000E-06
    1.8050000E+01   -2.4132199E-04    5.4700758E-05    4.4131804E-05    6.8312552E-06    2.4989226E-05    1.2197157E-08    1.0025098E-16    3.9933804E-05    7.8059143E-08    6.2067698E-09    1.9517866E-04    6.4772400E-04    3.2043168E-04    1.1400000E-06
    1.8150000E+01   -2.4227875E-04    5.5065548E-05    4.4159594E-05    6.8720161E-06    2.5141624E-05    1.2240348E-08    1.0025098E-16    4.0022105E-05    7.9105489E-08    6.2899181E-09    1.9596834E-04    6.4772400E-04    3.2043168E-04    1.1400000E-06
    1.8250000E+01   -2.4323580E-04    5.5431078E-05    4.4186417E-05    6.9128597E-06    2.5293976E-05    1.2293150E-08    1.0025098E-16    4.0110620E-05    8.0144790E-08    6.3725022E-09    1.9675760E-04    6.4772400E-04    3.2043168E-04    1.1400000E-06
    1.8350000E+01   -2.4419316E-04    5.5797347E-05    4.4212276E-05    6.9537859E-06    2.5446284E-05    1.2356773E-08    1.0025098E-16    4.0199347E-05    8.1177086E-08    6.4545256E-09    1.9754643E-04    6.4772400E-04    3.2043168E-04    1.1400000E-06
    1.8450000E+01   -2.4515084E-04    5.6164356E-05    4.4237176E-05    6.9947948E-06    2.5598551E-05    1.2432671E-08    1.0025098E-16    4.0288289E-05    8.2202436E-08    6.5359930E-09    1.9833486E-04    6.4772400E-04    3.2043168E-04    1.1400000E-06
    1.8550000E+01   -2.4610885E-04    5.6532107E-05    4.4261124E-05    7.0358866E-06    2.5750778E-05    1.2522617E-08    1.0025098E-16    4.0377444E-05    8.3220913E-08    6.6169105E-09    1.9912290E-04    6.4772400E-04    3.2043168E-04    1.1400000E-06
    1.8650000E+01   -2.4706723E-04    5.6900600E-05    4.4284128E-05    7.0770613E-06    2.5902970E-05    1.2628787E-08    1.0025098E-16    4.0466813E-05    8.4232610E-08    6.6972858E-09    1.9991056E-04    6.4772400E-04    3.2043168E-04    1.1400000E-06
    1.8750000E+01   -2.4802601E-04    5.7269836E-05    4.4306198E-05    7.1183190E-06    2.6055132E-05    1.2753901E-08    1.0025098E-16    4.0556397E-05    8.5237645E-08    6.7771282E-09    2.0069788E-04    6.4772400E-04    3.2043168E-04    1.1400000E-06
    1.8850000E+01   -2.4898521E-04    5.7639814E-05    4.4327347E-05    7.1596597E-06    2.6207269E-05    1.2901398E-08    1.0025098E-16    4.0646195E-05    8.6236164E-08    6.8564498E-09    2.0148489E-04    6.4772400E-04    3.2043168E-04    1.1400000E-06
    1.8950000E+01   -2.4994488E-04    5.8010537E-05    4.4347592E-05    7.2010835E-06    2.6359388E-05    1.3075718E-08    1.0025098E-16    4.0736208E-05    8.7228348E-08    6.9352651E-09    2.0227162E-04    6.4772400E-04    3.2043168E-04    1.1400000E-06
    1.9050000E+01   -2.5090508E-04    5.8382004E-05    4.4366952E-05    7.2425906E-06    2.6511497E-05    1.3282701E-08    1.0025098E-16    4.0826437E-05    8.8214428E-08    7.0135928E-09    2.0305812E-04    6.4772400E-04    3.2043168E-04    1.1400000E-06
    1.9150000E+01   -2.5186589E-04    5.8754217E-05    4.4385455E-05    7.2841809E-06    2.6663608E-05    1.3530226E-08    1.0025098E-16    4.0916880E-05    8.9194697E-08    7.0914566E-09    2.0384445E-04    6.4772400E-04    3.2043168E-04    1.1400000E-06
    1.9250000E+01   -2.5282739E-04    5.9127175E-05    4.4403133E-05    7.3258545E-06    2.6815734E-05    1.3829244E-08    1.0025098E-16    4.1007540E-05    9.0169540E-08    7.1688875E-09    2.0463069E-04    6.4772400E-04    3.2043168E-04    1.1400000E-06
    1.9350000E+01   -2.5378972E-04    5.9500880E-05    4.4420031E-05    7.3676116E-06    2.6967894E-05    1.4195533E-08    1.0025098E-16    4.1098415E-05    9.1139474E-08    7.2459271E-09    2.0541694E-04    6.4772400E-04    3.2043168E-04    1.1400000E-06
    1.9450000E+01   -2.5475307E-04    5.9875331E-05    4.4436211E-05    7.4094521E-06    2.7120113E-05    1.4652885E-08    1.0025098E-16    4.1189506E-05    9.2105226E-08    7.3226340E-09    2.0620337E-04    6.4772400E-04    3.2043168E-04    1.1400000E-06
    1.9550000E+01   -2.5571772E-04    6.0250531E-05    4.4451766E-05    7.4513762E-06    2.7272427E-05    1.5239358E-08    1.0025099E-16    4.1280815E-05    9.3067877E-08    7.3990954E-09    2.0699018E-04    6.4772401E-04    3.2043168E-04    1.1400000E-06
    1.9650000E+01   -2.5668456E-04    6.0626585E-05    4.4466913E-05    7.4933969E-06    2.7424943E-05    1.6020829E-08    1.0025116E-16    4.1372411E-05    9.4029333E-08    7.4754644E-09    2.0777809E-04    6.4772512E-04    3.2043223E-04    1.1400020E-06
    1.9750000E+01   -2.5770009E-04    6.1014420E-05    4.4489661E-05    7.5368609E-06    2.7582680E-05    1.7120770E-08    1.0026900E-16    4.1471602E-05    9.5009749E-08    7.5533465E-09    2.0860467E-04    6.4784043E-04    3.2048927E-04    1.1402049E-06
    1.9850000E+01   -2.6206668E-04    6.2204271E-05    4.5081635E-05    7.6791522E-06    2.8101527E-05    1.8490123E-08    1.0157106E-16    4.2106991E-05    9.7246866E-08    7.7311287E-09    2.1214327E-04    6.5625302E-04    3.2465101E-04    1.1550111E-06
    1.9950000E+01   -3.9526632E-04    9.4220478E-05    6.7592984E-05    1.1620551E-05    4.2502970E-05    1.1733594E-08    1.5231278E-16    6.3371586E-05    1.4768275E-07    1.1740086E-08    3.1998135E-04    9.8409658E-04    4.8683653E-04    1.7320187E-06
