# Time          7.0000E+00
# Units: Bars
    Distance        CO2(g)           O2(g)           
    5.0000000E-02    3.3147599E-02    5.9534829E-01
    1.5000000E-01    1.0897215E-02    1.9732252E-01
    2.5000000E-01    9.9443346E-03    1.8054102E-01
    3.5000000E-01    9.8990913E-03    1.8001489E-01
    4.5000000E-01    9.8823691E-03    1.8000074E-01
    5.5000000E-01    9.8663573E-03    1.8000043E-01
    6.5000000E-01    9.8503039E-03    1.8000048E-01
    7.5000000E-01    9.8341914E-03    1.8000053E-01
    8.5000000E-01    9.8180206E-03    1.8000058E-01
    9.5000000E-01    9.8017925E-03    1.8000063E-01
    1.0500000E+00    9.7855081E-03    1.8000068E-01
    1.1500000E+00    9.7691685E-03    1.8000073E-01
    1.2500000E+00    9.7527743E-03    1.8000079E-01
    1.3500000E+00    9.7363265E-03    1.8000084E-01
    1.4500000E+00    9.7198258E-03    1.8000089E-01
    1.5500000E+00    9.7032728E-03    1.8000094E-01
    1.6500000E+00    9.6866682E-03    1.8000100E-01
    1.7500000E+00    9.6700125E-03    1.8000105E-01
    1.8500000E+00    9.6533063E-03    1.8000110E-01
    1.9500000E+00    9.6365501E-03    1.8000116E-01
    2.0500000E+00    9.6197444E-03    1.8000121E-01
    2.1500000E+00    9.6028896E-03    1.8000126E-01
    2.2500000E+00    9.5859862E-03    1.8000132E-01
    2.3500000E+00    9.5690345E-03    1.8000137E-01
    2.4500000E+00    9.5520349E-03    1.8000143E-01
    2.5500000E+00    9.5349877E-03    1.8000148E-01
    2.6500000E+00    9.5178933E-03    1.8000153E-01
    2.7500000E+00    9.5007521E-03    1.8000159E-01
    2.8500000E+00    9.4835642E-03    1.8000164E-01
    2.9500000E+00    9.4663299E-03    1.8000170E-01
    3.0500000E+00    9.4490496E-03    1.8000175E-01
    3.1500000E+00    9.4317235E-03    1.8000181E-01
    3.2500000E+00    9.4143518E-03    1.8000186E-01
    3.3500000E+00    9.3969347E-03    1.8000192E-01
    3.4500000E+00    9.3794725E-03    1.8000198E-01
    3.5500000E+00    9.3619653E-03    1.8000203E-01
    3.6500000E+00    9.3444133E-03    1.8000209E-01
    3.7500000E+00    9.3268168E-03    1.8000214E-01
    3.8500000E+00    9.3091759E-03    1.8000220E-01
    3.9500000E+00    9.2914907E-03    1.8000226E-01
    4.0500000E+00    9.2737614E-03    1.8000231E-01
    4.1500000E+00    9.2559883E-03    1.8000237E-01
    4.2500000E+00    9.2381713E-03    1.8000243E-01
    4.3500000E+00    9.2203106E-03    1.8000248E-01
    4.4500000E+00    9.2024065E-03    1.8000254E-01
    4.5500000E+00    9.1844589E-03    1.8000260E-01
    4.6500000E+00    9.1664680E-03    1.8000265E-01
    4.7500000E+00    9.1484340E-03    1.8000271E-01
    4.8500000E+00    9.1303569E-03    1.8000277E-01
    4.9500000E+00    9.1122368E-03    1.8000283E-01
    5.0500000E+00    9.0940738E-03    1.8000288E-01
    5.1500000E+00    9.0758681E-03    1.8000294E-01
    5.2500000E+00    9.0576197E-03    1.8000300E-01
    5.3500000E+00    9.0393287E-03    1.8000306E-01
    5.4500000E+00    9.0209951E-03    1.8000312E-01
    5.5500000E+00    9.0026191E-03    1.8000317E-01
    5.6500000E+00    8.9842007E-03    1.8000323E-01
    5.7500000E+00    8.9657400E-03    1.8000329E-01
    5.8500000E+00    8.9472371E-03    1.8000335E-01
    5.9500000E+00    8.9286920E-03    1.8000341E-01
    6.0500000E+00    8.9101048E-03    1.8000347E-01
    6.1500000E+00    8.8914755E-03    1.8000353E-01
    6.2500000E+00    8.8728042E-03    1.8000359E-01
    6.3500000E+00    8.8540910E-03    1.8000365E-01
    6.4500000E+00    8.8353358E-03    1.8000371E-01
    6.5500000E+00    8.8165389E-03    1.8000377E-01
    6.6500000E+00    8.7977001E-03    1.8000383E-01
    6.7500000E+00    8.7788195E-03    1.8000389E-01
    6.8500000E+00    8.7598972E-03    1.8000395E-01
    6.9500000E+00    8.7409333E-03    1.8000401E-01
    7.0500000E+00    8.7219277E-03    1.8000407E-01
    7.1500000E+00    8.7028805E-03    1.8000413E-01
    7.2500000E+00    8.6837917E-03    1.8000419E-01
    7.3500000E+00    8.6646614E-03    1.8000425E-01
    7.4500000E+00    8.6454895E-03    1.8000431E-01
    7.5500000E+00    8.6262762E-03    1.8000437E-01
    7.6500000E+00    8.6070215E-03    1.8000443E-01
    7.7500000E+00    8.5877253E-03    1.8000450E-01
    7.8500000E+00    8.5683877E-03    1.8000456E-01
    7.9500000E+00    8.5490088E-03    1.8000462E-01
    8.0500000E+00    8.5295885E-03    1.8000468E-01
    8.1500000E+00    8.5101269E-03    1.8000474E-01
    8.2500000E+00    8.4906239E-03    1.8000480E-01
    8.3500000E+00    8.4710797E-03    1.8000487E-01
    8.4500000E+00    8.4514943E-03    1.8000493E-01
    8.5500000E+00    8.4318675E-03    1.8000499E-01
    8.6500000E+00    8.4121996E-03    1.8000505E-01
    8.7500000E+00    8.3924904E-03    1.8000512E-01
    8.8500000E+00    8.3727401E-03    1.8000518E-01
    8.9500000E+00    8.3529486E-03    1.8000524E-01
    9.0500000E+00    8.3331159E-03    1.8000531E-01
    9.1500000E+00    8.3132420E-03    1.8000537E-01
    9.2500000E+00    8.2933270E-03    1.8000543E-01
    9.3500000E+00    8.2733709E-03    1.8000550E-01
    9.4500000E+00    8.2533737E-03    1.8000556E-01
    9.5500000E+00    8.2333354E-03    1.8000562E-01
    9.6500000E+00    8.2132561E-03    1.8000569E-01
    9.7500000E+00    8.1931356E-03    1.8000575E-01
    9.8500000E+00    8.1729741E-03    1.8000582E-01
    9.9500000E+00    8.1527715E-03    1.8000588E-01
    1.0050000E+01    8.1325279E-03    1.8000595E-01
    1.0150000E+01    8.1122433E-03    1.8000601E-01
    1.0250000E+01    8.0919176E-03    1.8000607E-01
    1.0350000E+01    8.0715509E-03    1.8000614E-01
    1.0450000E+01    8.0511433E-03    1.8000620E-01
    1.0550000E+01    8.0306946E-03    1.8000627E-01
    1.0650000E+01    8.0102050E-03    1.8000633E-01
    1.0750000E+01    7.9896744E-03    1.8000640E-01
    1.0850000E+01    7.9691028E-03    1.8000647E-01
    1.0950000E+01    7.9484903E-03    1.8000653E-01
    1.1050000E+01    7.9278368E-03    1.8000660E-01
    1.1150000E+01    7.9071424E-03    1.8000666E-01
    1.1250000E+01    7.8864071E-03    1.8000673E-01
    1.1350000E+01    7.8656309E-03    1.8000680E-01
    1.1450000E+01    7.8448138E-03    1.8000686E-01
    1.1550000E+01    7.8239558E-03    1.8000693E-01
    1.1650000E+01    7.8030569E-03    1.8000699E-01
    1.1750000E+01    7.7821171E-03    1.8000706E-01
    1.1850000E+01    7.7611365E-03    1.8000713E-01
    1.1950000E+01    7.7401150E-03    1.8000720E-01
    1.2050000E+01    7.7190527E-03    1.8000726E-01
    1.2150000E+01    7.6979495E-03    1.8000733E-01
    1.2250000E+01    7.6768056E-03    1.8000740E-01
    1.2350000E+01    7.6556208E-03    1.8000746E-01
    1.2450000E+01    7.6343953E-03    1.8000753E-01
    1.2550000E+01    7.6131290E-03    1.8000760E-01
    1.2650000E+01    7.5918219E-03    1.8000767E-01
    1.2750000E+01    7.5704741E-03    1.8000774E-01
    1.2850000E+01    7.5490855E-03    1.8000780E-01
    1.2950000E+01    7.5276563E-03    1.8000787E-01
    1.3050000E+01    7.5061863E-03    1.8000794E-01
    1.3150000E+01    7.4846757E-03    1.8000801E-01
    1.3250000E+01    7.4631243E-03    1.8000808E-01
    1.3350000E+01    7.4415324E-03    1.8000815E-01
    1.3450000E+01    7.4198998E-03    1.8000822E-01
    1.3550000E+01    7.3982266E-03    1.8000829E-01
    1.3650000E+01    7.3765128E-03    1.8000836E-01
    1.3750000E+01    7.3547584E-03    1.8000842E-01
    1.3850000E+01    7.3329635E-03    1.8000849E-01
    1.3950000E+01    7.3111281E-03    1.8000856E-01
    1.4050000E+01    7.2892522E-03    1.8000863E-01
    1.4150000E+01    7.2673358E-03    1.8000870E-01
    1.4250000E+01    7.2453789E-03    1.8000877E-01
    1.4350000E+01    7.2233816E-03    1.8000884E-01
    1.4450000E+01    7.2013440E-03    1.8000891E-01
    1.4550000E+01    7.1792659E-03    1.8000898E-01
    1.4650000E+01    7.1571475E-03    1.8000906E-01
    1.4750000E+01    7.1349888E-03    1.8000913E-01
    1.4850000E+01    7.1127898E-03    1.8000920E-01
    1.4950000E+01    7.0905506E-03    1.8000927E-01
    1.5050000E+01    7.0682712E-03    1.8000934E-01
    1.5150000E+01    7.0459516E-03    1.8000941E-01
    1.5250000E+01    7.0235918E-03    1.8000948E-01
    1.5350000E+01    7.0011920E-03    1.8000955E-01
    1.5450000E+01    6.9787521E-03    1.8000962E-01
    1.5550000E+01    6.9562722E-03    1.8000970E-01
    1.5650000E+01    6.9337523E-03    1.8000977E-01
    1.5750000E+01    6.9111924E-03    1.8000984E-01
    1.5850000E+01    6.8885927E-03    1.8000991E-01
    1.5950000E+01    6.8659532E-03    1.8000999E-01
    1.6050000E+01    6.8432738E-03    1.8001006E-01
    1.6150000E+01    6.8205547E-03    1.8001013E-01
    1.6250000E+01    6.7977960E-03    1.8001020E-01
    1.6350000E+01    6.7749976E-03    1.8001028E-01
    1.6450000E+01    6.7521596E-03    1.8001035E-01
    1.6550000E+01    6.7292821E-03    1.8001042E-01
    1.6650000E+01    6.7063652E-03    1.8001050E-01
    1.6750000E+01    6.6834088E-03    1.8001057E-01
    1.6850000E+01    6.6604132E-03    1.8001064E-01
    1.6950000E+01    6.6373783E-03    1.8001072E-01
    1.7050000E+01    6.6143042E-03    1.8001079E-01
    1.7150000E+01    6.5911910E-03    1.8001086E-01
    1.7250000E+01    6.5680388E-03    1.8001094E-01
    1.7350000E+01    6.5448477E-03    1.8001101E-01
    1.7450000E+01    6.5216177E-03    1.8001109E-01
    1.7550000E+01    6.4983489E-03    1.8001116E-01
    1.7650000E+01    6.4750414E-03    1.8001123E-01
    1.7750000E+01    6.4516954E-03    1.8001131E-01
    1.7850000E+01    6.4283109E-03    1.8001138E-01
    1.7950000E+01    6.4048881E-03    1.8001146E-01
    1.8050000E+01    6.3814270E-03    1.8001153E-01
    1.8150000E+01    6.3579279E-03    1.8001161E-01
    1.8250000E+01    6.3343907E-03    1.8001169E-01
    1.8350000E+01    6.3108157E-03    1.8001176E-01
    1.8450000E+01    6.2872031E-03    1.8001184E-01
    1.8550000E+01    6.2635529E-03    1.8001191E-01
    1.8650000E+01    6.2398655E-03    1.8001199E-01
    1.8750000E+01    6.2161410E-03    1.8001206E-01
    1.8850000E+01    6.1923797E-03    1.8001214E-01
    1.8950000E+01    6.1685819E-03    1.8001222E-01
    1.9050000E+01    6.1447479E-03    1.8001229E-01
    1.9150000E+01    6.1208782E-03    1.8001237E-01
    1.9250000E+01    6.0969733E-03    1.8001245E-01
    1.9350000E+01    6.0730340E-03    1.8001252E-01
    1.9450000E+01    6.0490613E-03    1.8001260E-01
    1.9550000E+01    6.0250561E-03    1.8001266E-01
    1.9650000E+01    6.0009671E-03    1.8001107E-01
    1.9750000E+01    5.9731244E-03    1.7989720E-01
    1.9850000E+01    5.7649531E-03    1.7434778E-01
    1.9950000E+01    5.8211767E-04    1.8326737E-02
