# Time          1.0000E-01
# Units: Dimensionless (Log10(Q/Keq)
    Distance           Quartz           K-Feldspar_Li    Oligoclase_Li    Biotite_Li       Kaolinite_Li7    Kaolinite_Li6
    5.0000000E-02   -2.2718996E-01   -4.4351917E+00   -8.6055470E+00   -3.1804919E+01    6.1709631E-03   -9.7669211E-03
    1.5000000E-01   -2.1023031E-01   -4.3883809E+00   -8.5654654E+00   -3.1404774E+01    5.9057910E-03   -1.0041216E-02
    2.5000000E-01   -1.9215617E-01   -4.3376513E+00   -8.5215814E+00   -3.1125493E+01    5.9316424E-03   -1.0023462E-02
    3.5000000E-01   -1.7474634E-01   -4.2884122E+00   -8.4789634E+00   -3.0899799E+01    5.9575118E-03   -1.0004807E-02
    4.5000000E-01   -1.5797134E-01   -4.2406197E+00   -8.4375773E+00   -3.0704220E+01    5.9840861E-03   -9.9846636E-03
    5.5000000E-01   -1.4178612E-01   -4.1941797E+00   -8.3973413E+00   -3.0528246E+01    6.0113089E-03   -9.9631754E-03
    6.5000000E-01   -1.2615005E-01   -4.1490066E+00   -8.3581813E+00   -3.0366246E+01    6.0391252E-03   -9.9404754E-03
    7.5000000E-01   -1.1102654E-01   -4.1050232E+00   -8.3200305E+00   -3.0214833E+01    6.0674896E-03   -9.9166777E-03
    8.5000000E-01   -9.6382485E-02   -4.0621593E+00   -8.2828282E+00   -3.0071803E+01    6.0963646E-03   -9.8918803E-03
    9.5000000E-01   -8.2187881E-02   -4.0203508E+00   -8.2465193E+00   -2.9935635E+01    6.1257194E-03   -9.8661681E-03
    1.0500000E+00   -6.8415425E-02   -3.9795394E+00   -8.2110533E+00   -2.9805229E+01    6.1555285E-03   -9.8396142E-03
    1.1500000E+00   -5.5040213E-02   -3.9396715E+00   -8.1763844E+00   -2.9679762E+01    6.1857709E-03   -9.8122820E-03
    1.2500000E+00   -4.2039469E-02   -3.9006980E+00   -8.1424701E+00   -2.9558597E+01    6.2164291E-03   -9.7842264E-03
    1.3500000E+00   -2.9392309E-02   -3.8625735E+00   -8.1092718E+00   -2.9441234E+01    6.2474887E-03   -9.7554949E-03
    1.4500000E+00   -1.7079539E-02   -3.8252564E+00   -8.0767536E+00   -2.9327266E+01    6.2789382E-03   -9.7261289E-03
    1.5500000E+00   -5.0834781E-03   -3.7887078E+00   -8.0448824E+00   -2.9216362E+01    6.3107679E-03   -9.6961641E-03
    1.6500000E+00    6.6122149E-03   -3.7528920E+00   -8.0136275E+00   -2.9108244E+01    6.3429701E-03   -9.6656314E-03
    1.7500000E+00    1.8022650E-02   -3.7177756E+00   -7.9829606E+00   -2.9002678E+01    6.3755388E-03   -9.6345576E-03
    1.8500000E+00    2.9161817E-02   -3.6833275E+00   -7.9528552E+00   -2.8899462E+01    6.4084693E-03   -9.6029659E-03
    1.9500000E+00    4.0042702E-02   -3.6495190E+00   -7.9232867E+00   -2.8798426E+01    6.4417581E-03   -9.5708761E-03
    2.0500000E+00    5.0677388E-02   -3.6163230E+00   -7.8942321E+00   -2.8699416E+01    6.4754026E-03   -9.5383053E-03
    2.1500000E+00    6.1077129E-02   -3.5837143E+00   -7.8656701E+00   -2.8602302E+01    6.5094012E-03   -9.5052682E-03
    2.2500000E+00    7.1252430E-02   -3.5516691E+00   -7.8375805E+00   -2.8506966E+01    6.5437532E-03   -9.4717771E-03
    2.3500000E+00    8.1213105E-02   -3.5201653E+00   -7.8099445E+00   -2.8413303E+01    6.5784584E-03   -9.4378424E-03
    2.4500000E+00    9.0968344E-02   -3.4891820E+00   -7.7827444E+00   -2.8321220E+01    6.6135174E-03   -9.4034730E-03
    2.5500000E+00    1.0052676E-01   -3.4586995E+00   -7.7559636E+00   -2.8230632E+01    6.6489311E-03   -9.3686759E-03
    2.6500000E+00    1.0989643E-01   -3.4286993E+00   -7.7295864E+00   -2.8141464E+01    6.6847012E-03   -9.3334570E-03
    2.7500000E+00    1.1908496E-01   -3.3991640E+00   -7.7035982E+00   -2.8053644E+01    6.7208297E-03   -9.2978209E-03
    2.8500000E+00    1.2809948E-01   -3.3700770E+00   -7.6779849E+00   -2.7967111E+01    6.7573190E-03   -9.2617710E-03
    2.9500000E+00    1.3694675E-01   -3.3414227E+00   -7.6527334E+00   -2.7881806E+01    6.7941717E-03   -9.2253098E-03
    3.0500000E+00    1.4563309E-01   -3.3131864E+00   -7.6278313E+00   -2.7797674E+01    6.8313912E-03   -9.1884390E-03
    3.1500000E+00    1.5416452E-01   -3.2853539E+00   -7.6032667E+00   -2.7714667E+01    6.8689808E-03   -9.1511593E-03
    3.2500000E+00    1.6254670E-01   -3.2579120E+00   -7.5790284E+00   -2.7632738E+01    6.9069442E-03   -9.1134708E-03
    3.3500000E+00    1.7078499E-01   -3.2308480E+00   -7.5551059E+00   -2.7551845E+01    6.9452854E-03   -9.0753729E-03
    3.4500000E+00    1.7888447E-01   -3.2041500E+00   -7.5314891E+00   -2.7471948E+01    6.9840088E-03   -9.0368644E-03
    3.5500000E+00    1.8684996E-01   -3.1778065E+00   -7.5081683E+00   -2.7393011E+01    7.0231189E-03   -8.9979434E-03
    3.6500000E+00    1.9468602E-01   -3.1518066E+00   -7.4851343E+00   -2.7314997E+01    7.0626204E-03   -8.9586078E-03
    3.7500000E+00    2.0239699E-01   -3.1261399E+00   -7.4623786E+00   -2.7237875E+01    7.1025183E-03   -8.9188547E-03
    3.8500000E+00    2.0998700E-01   -3.1007964E+00   -7.4398928E+00   -2.7161615E+01    7.1428178E-03   -8.8786809E-03
    3.9500000E+00    2.1745997E-01   -3.0757668E+00   -7.4176690E+00   -2.7086186E+01    7.1835244E-03   -8.8380828E-03
    4.0500000E+00    2.2481965E-01   -3.0510420E+00   -7.3956995E+00   -2.7011563E+01    7.2246438E-03   -8.7970564E-03
    4.1500000E+00    2.3206957E-01   -3.0266134E+00   -7.3739773E+00   -2.6937719E+01    7.2661817E-03   -8.7555973E-03
    4.2500000E+00    2.3921316E-01   -3.0024726E+00   -7.3524952E+00   -2.6864630E+01    7.3081442E-03   -8.7137006E-03
    4.3500000E+00    2.4625363E-01   -2.9786117E+00   -7.3312468E+00   -2.6792274E+01    7.3505377E-03   -8.6713614E-03
    4.4500000E+00    2.5319409E-01   -2.9550231E+00   -7.3102256E+00   -2.6720627E+01    7.3933686E-03   -8.6285743E-03
    4.5500000E+00    2.6003750E-01   -2.9316996E+00   -7.2894256E+00   -2.6649670E+01    7.4366435E-03   -8.5853335E-03
    4.6500000E+00    2.6678667E-01   -2.9086341E+00   -7.2688410E+00   -2.6579382E+01    7.4803694E-03   -8.5416330E-03
    4.7500000E+00    2.7344432E-01   -2.8858200E+00   -7.2484661E+00   -2.6509745E+01    7.5245533E-03   -8.4974666E-03
    4.8500000E+00    2.8001303E-01   -2.8632507E+00   -7.2282955E+00   -2.6440741E+01    7.5692026E-03   -8.4528276E-03
    4.9500000E+00    2.8649529E-01   -2.8409200E+00   -7.2083240E+00   -2.6372352E+01    7.6143248E-03   -8.4077092E-03
    5.0500000E+00    2.9289347E-01   -2.8188221E+00   -7.1885468E+00   -2.6304563E+01    7.6599276E-03   -8.3621043E-03
    5.1500000E+00    2.9920987E-01   -2.7969511E+00   -7.1689590E+00   -2.6237356E+01    7.7060189E-03   -8.3160054E-03
    5.2500000E+00    3.0544666E-01   -2.7753016E+00   -7.1495559E+00   -2.6170718E+01    7.7526069E-03   -8.2694049E-03
    5.3500000E+00    3.1160595E-01   -2.7538681E+00   -7.1303332E+00   -2.6104635E+01    7.7997000E-03   -8.2222948E-03
    5.4500000E+00    3.1768976E-01   -2.7326455E+00   -7.1112865E+00   -2.6039091E+01    7.8473068E-03   -8.1746669E-03
    5.5500000E+00    3.2370004E-01   -2.7116290E+00   -7.0924118E+00   -2.5974073E+01    7.8954363E-03   -8.1265126E-03
    5.6500000E+00    3.2963865E-01   -2.6908137E+00   -7.0737050E+00   -2.5909570E+01    7.9440974E-03   -8.0778233E-03
    5.7500000E+00    3.3550738E-01   -2.6701949E+00   -7.0551623E+00   -2.5845569E+01    7.9932996E-03   -8.0285898E-03
    5.8500000E+00    3.4130798E-01   -2.6497683E+00   -7.0367800E+00   -2.5782057E+01    8.0430524E-03   -7.9788029E-03
    5.9500000E+00    3.4704211E-01   -2.6295295E+00   -7.0185545E+00   -2.5719024E+01    8.0933658E-03   -7.9284529E-03
    6.0500000E+00    3.5271137E-01   -2.6094744E+00   -7.0004823E+00   -2.5656458E+01    8.1442497E-03   -7.8775298E-03
    6.1500000E+00    3.5831731E-01   -2.5895989E+00   -6.9825600E+00   -2.5594348E+01    8.1957148E-03   -7.8260236E-03
    6.2500000E+00    3.6386143E-01   -2.5698991E+00   -6.9647845E+00   -2.5532686E+01    8.2477716E-03   -7.7739237E-03
    6.3500000E+00    3.6934516E-01   -2.5503713E+00   -6.9471525E+00   -2.5471460E+01    8.3004312E-03   -7.7212192E-03
    6.4500000E+00    3.7476990E-01   -2.5310118E+00   -6.9296611E+00   -2.5410661E+01    8.3537048E-03   -7.6678991E-03
    6.5500000E+00    3.8013700E-01   -2.5118171E+00   -6.9123073E+00   -2.5350279E+01    8.4076040E-03   -7.6139518E-03
    6.6500000E+00    3.8544774E-01   -2.4927838E+00   -6.8950882E+00   -2.5290307E+01    8.4621407E-03   -7.5593657E-03
    6.7500000E+00    3.9070338E-01   -2.4739084E+00   -6.8780011E+00   -2.5230735E+01    8.5173273E-03   -7.5041285E-03
    6.8500000E+00    3.9590513E-01   -2.4551879E+00   -6.8610432E+00   -2.5171555E+01    8.5731763E-03   -7.4482278E-03
    6.9500000E+00    4.0105418E-01   -2.4366190E+00   -6.8442120E+00   -2.5112759E+01    8.6297006E-03   -7.3916507E-03
    7.0500000E+00    4.0615164E-01   -2.4181988E+00   -6.8275049E+00   -2.5054338E+01    8.6869135E-03   -7.3343840E-03
    7.1500000E+00    4.1119863E-01   -2.3999242E+00   -6.8109196E+00   -2.4996286E+01    8.7448288E-03   -7.2764141E-03
    7.2500000E+00    4.1619620E-01   -2.3817926E+00   -6.7944535E+00   -2.4938594E+01    8.8034604E-03   -7.2177271E-03
    7.3500000E+00    4.2114537E-01   -2.3638009E+00   -6.7781044E+00   -2.4881256E+01    8.8628230E-03   -7.1583084E-03
    7.4500000E+00    4.2604716E-01   -2.3459467E+00   -6.7618700E+00   -2.4824264E+01    8.9229314E-03   -7.0981432E-03
    7.5500000E+00    4.3090253E-01   -2.3282272E+00   -6.7457482E+00   -2.4767613E+01    8.9838009E-03   -7.0372164E-03
    7.6500000E+00    4.3571240E-01   -2.3106399E+00   -6.7297368E+00   -2.4711294E+01    9.0454473E-03   -6.9755120E-03
    7.7500000E+00    4.4047770E-01   -2.2931823E+00   -6.7138338E+00   -2.4655302E+01    9.1078869E-03   -6.9130140E-03
    7.8500000E+00    4.4519930E-01   -2.2758520E+00   -6.6980370E+00   -2.4599631E+01    9.1711364E-03   -6.8497057E-03
    7.9500000E+00    4.4987806E-01   -2.2586466E+00   -6.6823447E+00   -2.4544274E+01    9.2352130E-03   -6.7855698E-03
    8.0500000E+00    4.5451481E-01   -2.2415639E+00   -6.6667547E+00   -2.4489226E+01    9.3001345E-03   -6.7205886E-03
    8.1500000E+00    4.5911035E-01   -2.2246017E+00   -6.6512654E+00   -2.4434480E+01    9.3659191E-03   -6.6547440E-03
    8.2500000E+00    4.6366547E-01   -2.2077578E+00   -6.6358749E+00   -2.4380032E+01    9.4325858E-03   -6.5880169E-03
    8.3500000E+00    4.6818092E-01   -2.1910300E+00   -6.6205814E+00   -2.4325875E+01    9.5001540E-03   -6.5203881E-03
    8.4500000E+00    4.7265746E-01   -2.1744163E+00   -6.6053831E+00   -2.4272004E+01    9.5686436E-03   -6.4518376E-03
    8.5500000E+00    4.7709578E-01   -2.1579148E+00   -6.5902785E+00   -2.4218415E+01    9.6380755E-03   -6.3823446E-03
    8.6500000E+00    4.8149660E-01   -2.1415234E+00   -6.5752659E+00   -2.4165101E+01    9.7084708E-03   -6.3118879E-03
    8.7500000E+00    4.8586059E-01   -2.1252402E+00   -6.5603436E+00   -2.4112059E+01    9.7798516E-03   -6.2404455E-03
    8.8500000E+00    4.9018841E-01   -2.1090635E+00   -6.5455101E+00   -2.4059282E+01    9.8522407E-03   -6.1679947E-03
    8.9500000E+00    4.9448071E-01   -2.0929913E+00   -6.5307640E+00   -2.4006768E+01    9.9256614E-03   -6.0945120E-03
    9.0500000E+00    4.9873810E-01   -2.0770219E+00   -6.5161036E+00   -2.3954510E+01    1.0000138E-02   -6.0199733E-03
    9.1500000E+00    5.0296121E-01   -2.0611536E+00   -6.5015276E+00   -2.3902504E+01    1.0075696E-02   -5.9443535E-03
    9.2500000E+00    5.0715061E-01   -2.0453847E+00   -6.4870346E+00   -2.3850747E+01    1.0152360E-02   -5.8676268E-03
    9.3500000E+00    5.1130689E-01   -2.0297136E+00   -6.4726230E+00   -2.3799233E+01    1.0230158E-02   -5.7897665E-03
    9.4500000E+00    5.1543061E-01   -2.0141385E+00   -6.4582917E+00   -2.3747958E+01    1.0309117E-02   -5.7107450E-03
    9.5500000E+00    5.1952231E-01   -1.9986581E+00   -6.4440393E+00   -2.3696919E+01    1.0389265E-02   -5.6305336E-03
    9.6500000E+00    5.2358253E-01   -1.9832706E+00   -6.4298644E+00   -2.3646111E+01    1.0470633E-02   -5.5491028E-03
    9.7500000E+00    5.2761180E-01   -1.9679747E+00   -6.4157658E+00   -2.3595530E+01    1.0553251E-02   -5.4664220E-03
    9.8500000E+00    5.3161061E-01   -1.9527688E+00   -6.4017423E+00   -2.3545173E+01    1.0637151E-02   -5.3824595E-03
    9.9500000E+00    5.3557946E-01   -1.9376516E+00   -6.3877926E+00   -2.3495036E+01    1.0722365E-02   -5.2971825E-03
    1.0050000E+01    5.3951883E-01   -1.9226216E+00   -6.3739156E+00   -2.3445114E+01    1.0808927E-02   -5.2105571E-03
    1.0150000E+01    5.4342920E-01   -1.9076774E+00   -6.3601101E+00   -2.3395405E+01    1.0896873E-02   -5.1225479E-03
    1.0250000E+01    5.4731102E-01   -1.8928176E+00   -6.3463749E+00   -2.3345905E+01    1.0986239E-02   -5.0331184E-03
    1.0350000E+01    5.5116473E-01   -1.8780411E+00   -6.3327090E+00   -2.3296610E+01    1.1077063E-02   -4.9422308E-03
    1.0450000E+01    5.5499079E-01   -1.8633465E+00   -6.3191112E+00   -2.3247517E+01    1.1169385E-02   -4.8498457E-03
    1.0550000E+01    5.5878960E-01   -1.8487324E+00   -6.3055805E+00   -2.3198622E+01    1.1263245E-02   -4.7559224E-03
    1.0650000E+01    5.6256159E-01   -1.8341978E+00   -6.2921159E+00   -2.3149922E+01    1.1358685E-02   -4.6604185E-03
    1.0750000E+01    5.6630717E-01   -1.8197413E+00   -6.2787162E+00   -2.3101415E+01    1.1455750E-02   -4.5632899E-03
    1.0850000E+01    5.7002673E-01   -1.8053619E+00   -6.2653805E+00   -2.3053097E+01    1.1554485E-02   -4.4644910E-03
    1.0950000E+01    5.7372066E-01   -1.7910582E+00   -6.2521077E+00   -2.3004964E+01    1.1654938E-02   -4.3639743E-03
    1.1050000E+01    5.7738933E-01   -1.7768292E+00   -6.2388970E+00   -2.2957014E+01    1.1757158E-02   -4.2616902E-03
    1.1150000E+01    5.8103312E-01   -1.7626738E+00   -6.2257473E+00   -2.2909243E+01    1.1861197E-02   -4.1575875E-03
    1.1250000E+01    5.8465240E-01   -1.7485909E+00   -6.2126578E+00   -2.2861650E+01    1.1967108E-02   -4.0516124E-03
    1.1350000E+01    5.8824751E-01   -1.7345793E+00   -6.1996274E+00   -2.2814230E+01    1.2074947E-02   -3.9437093E-03
    1.1450000E+01    5.9181879E-01   -1.7206381E+00   -6.1866553E+00   -2.2766981E+01    1.2184772E-02   -3.8338201E-03
    1.1550000E+01    5.9536659E-01   -1.7067662E+00   -6.1737406E+00   -2.2719900E+01    1.2296644E-02   -3.7218843E-03
    1.1650000E+01    5.9889124E-01   -1.6929625E+00   -6.1608824E+00   -2.2672985E+01    1.2410625E-02   -3.6078386E-03
    1.1750000E+01    6.0239306E-01   -1.6792261E+00   -6.1480798E+00   -2.2626233E+01    1.2526782E-02   -3.4916173E-03
    1.1850000E+01    6.0587237E-01   -1.6655560E+00   -6.1353321E+00   -2.2579641E+01    1.2645184E-02   -3.3731516E-03
    1.1950000E+01    6.0932947E-01   -1.6519513E+00   -6.1226383E+00   -2.2533206E+01    1.2765901E-02   -3.2523695E-03
    1.2050000E+01    6.1276467E-01   -1.6384109E+00   -6.1099976E+00   -2.2486926E+01    1.2889010E-02   -3.1291962E-03
    1.2150000E+01    6.1617826E-01   -1.6249339E+00   -6.0974093E+00   -2.2440799E+01    1.3014588E-02   -3.0035531E-03
    1.2250000E+01    6.1957054E-01   -1.6115195E+00   -6.0848725E+00   -2.2394821E+01    1.3142719E-02   -2.8753580E-03
    1.2350000E+01    6.2294179E-01   -1.5981667E+00   -6.0723865E+00   -2.2348991E+01    1.3273487E-02   -2.7445252E-03
    1.2450000E+01    6.2629227E-01   -1.5848746E+00   -6.0599504E+00   -2.2303306E+01    1.3406982E-02   -2.6109645E-03
    1.2550000E+01    6.2962228E-01   -1.5716424E+00   -6.0475635E+00   -2.2257764E+01    1.3543300E-02   -2.4745817E-03
    1.2650000E+01    6.3293206E-01   -1.5584692E+00   -6.0352251E+00   -2.2212361E+01    1.3682539E-02   -2.3352779E-03
    1.2750000E+01    6.3622189E-01   -1.5453541E+00   -6.0229344E+00   -2.2167097E+01    1.3824802E-02   -2.1929492E-03
    1.2850000E+01    6.3949202E-01   -1.5322963E+00   -6.0106906E+00   -2.2121969E+01    1.3970199E-02   -2.0474868E-03
    1.2950000E+01    6.4274269E-01   -1.5192950E+00   -5.9984931E+00   -2.2076974E+01    1.4118844E-02   -1.8987761E-03
    1.3050000E+01    6.4597416E-01   -1.5063494E+00   -5.9863411E+00   -2.2032110E+01    1.4270858E-02   -1.7466969E-03
    1.3150000E+01    6.4918666E-01   -1.4934586E+00   -5.9742339E+00   -2.1987375E+01    1.4426367E-02   -1.5911223E-03
    1.3250000E+01    6.5238042E-01   -1.4806219E+00   -5.9621708E+00   -2.1942767E+01    1.4585504E-02   -1.4319192E-03
    1.3350000E+01    6.5555568E-01   -1.4678385E+00   -5.9501511E+00   -2.1898284E+01    1.4748410E-02   -1.2689470E-03
    1.3450000E+01    6.5871267E-01   -1.4551076E+00   -5.9381741E+00   -2.1853923E+01    1.4915234E-02   -1.1020576E-03
    1.3550000E+01    6.6185159E-01   -1.4424285E+00   -5.9262391E+00   -2.1809683E+01    1.5086130E-02   -9.3109470E-04
    1.3650000E+01    6.6497268E-01   -1.4298003E+00   -5.9143455E+00   -2.1765561E+01    1.5261265E-02   -7.5589312E-04
    1.3750000E+01    6.6807614E-01   -1.4172224E+00   -5.9024925E+00   -2.1721556E+01    1.5440813E-02   -5.7627836E-04
    1.3850000E+01    6.7116217E-01   -1.4046939E+00   -5.8906795E+00   -2.1677665E+01    1.5624959E-02   -3.9206577E-04
    1.3950000E+01    6.7423099E-01   -1.3922142E+00   -5.8789058E+00   -2.1633886E+01    1.5813898E-02   -2.0305983E-04
    1.4050000E+01    6.7728280E-01   -1.3797825E+00   -5.8671707E+00   -2.1590218E+01    1.6007838E-02   -9.0533082E-06
    1.4150000E+01    6.8031778E-01   -1.3673981E+00   -5.8554737E+00   -2.1546658E+01    1.6206997E-02    1.9017364E-04
    1.4250000E+01    6.8333614E-01   -1.3550602E+00   -5.8438139E+00   -2.1503205E+01    1.6411611E-02    3.9485448E-04
    1.4350000E+01    6.8633806E-01   -1.3427682E+00   -5.8321908E+00   -2.1459856E+01    1.6621926E-02    6.0523736E-04
    1.4450000E+01    6.8932372E-01   -1.3305213E+00   -5.8206036E+00   -2.1416610E+01    1.6838207E-02    8.2158637E-04
    1.4550000E+01    6.9229331E-01   -1.3183187E+00   -5.8090518E+00   -2.1373464E+01    1.7060735E-02    1.0441828E-03
    1.4650000E+01    6.9524700E-01   -1.3061599E+00   -5.7975345E+00   -2.1330418E+01    1.7289811E-02    1.2733267E-03
    1.4750000E+01    6.9818497E-01   -1.2940440E+00   -5.7860513E+00   -2.1287468E+01    1.7525754E-02    1.5093383E-03
    1.4850000E+01    7.0110739E-01   -1.2819703E+00   -5.7746013E+00   -2.1244614E+01    1.7768907E-02    1.7525600E-03
    1.4950000E+01    7.0401443E-01   -1.2699382E+00   -5.7631839E+00   -2.1201852E+01    1.8019636E-02    2.0033583E-03
    1.5050000E+01    7.0690625E-01   -1.2579468E+00   -5.7517984E+00   -2.1159182E+01    1.8278335E-02    2.2621260E-03
    1.5150000E+01    7.0978301E-01   -1.2459955E+00   -5.7404441E+00   -2.1116602E+01    1.8545424E-02    2.5292846E-03
    1.5250000E+01    7.1264488E-01   -1.2340835E+00   -5.7291203E+00   -2.1074109E+01    1.8821356E-02    2.8052869E-03
    1.5350000E+01    7.1549200E-01   -1.2222100E+00   -5.7178262E+00   -2.1031703E+01    1.9106620E-02    3.0906205E-03
    1.5450000E+01    7.1832453E-01   -1.2103744E+00   -5.7065612E+00   -2.0989380E+01    1.9401740E-02    3.3858107E-03
    1.5550000E+01    7.2114262E-01   -1.1985758E+00   -5.6953244E+00   -2.0947139E+01    1.9707283E-02    3.6914248E-03
    1.5650000E+01    7.2394642E-01   -1.1868134E+00   -5.6841151E+00   -2.0904979E+01    2.0023864E-02    4.0080761E-03
    1.5750000E+01    7.2673606E-01   -1.1750864E+00   -5.6729325E+00   -2.0862898E+01    2.0352146E-02    4.3364289E-03
    1.5850000E+01    7.2951170E-01   -1.1633941E+00   -5.6617757E+00   -2.0820892E+01    2.0692849E-02    4.6772041E-03
    1.5950000E+01    7.3227346E-01   -1.1517355E+00   -5.6506440E+00   -2.0778962E+01    2.1046759E-02    5.0311855E-03
    1.6050000E+01    7.3502149E-01   -1.1401098E+00   -5.6395364E+00   -2.0737104E+01    2.1414728E-02    5.3992269E-03
    1.6150000E+01    7.3775592E-01   -1.1285161E+00   -5.6284520E+00   -2.0695318E+01    2.1797689E-02    5.7822602E-03
    1.6250000E+01    7.4047688E-01   -1.1169534E+00   -5.6173898E+00   -2.0653600E+01    2.2196661E-02    6.1813048E-03
    1.6350000E+01    7.4318449E-01   -1.1054208E+00   -5.6063488E+00   -2.0611949E+01    2.2612762E-02    6.5974786E-03
    1.6450000E+01    7.4587889E-01   -1.0939172E+00   -5.5953281E+00   -2.0570363E+01    2.3047220E-02    7.0320100E-03
    1.6550000E+01    7.4856019E-01   -1.0824414E+00   -5.5843263E+00   -2.0528840E+01    2.3501388E-02    7.4862525E-03
    1.6650000E+01    7.5122852E-01   -1.0709925E+00   -5.5733424E+00   -2.0487378E+01    2.3976763E-02    7.9617016E-03
    1.6750000E+01    7.5388400E-01   -1.0595691E+00   -5.5623749E+00   -2.0445974E+01    2.4475001E-02    8.4600138E-03
    1.6850000E+01    7.5652674E-01   -1.0481699E+00   -5.5514227E+00   -2.0404627E+01    2.4997942E-02    8.9830299E-03
    1.6950000E+01    7.5915685E-01   -1.0367935E+00   -5.5404840E+00   -2.0363333E+01    2.5547638E-02    9.5328017E-03
    1.7050000E+01    7.6177445E-01   -1.0254385E+00   -5.5295574E+00   -2.0322091E+01    2.6126385E-02    1.0111624E-02
    1.7150000E+01    7.6437965E-01   -1.0141030E+00   -5.5186411E+00   -2.0280897E+01    2.6736757E-02    1.0722073E-02
    1.7250000E+01    7.6697255E-01   -1.0027854E+00   -5.5077330E+00   -2.0239750E+01    2.7381657E-02    1.1367049E-02
    1.7350000E+01    7.6955326E-01   -9.9148351E-01   -5.4968310E+00   -2.0198646E+01    2.8064366E-02    1.2049835E-02
    1.7450000E+01    7.7212188E-01   -9.8019526E-01   -5.4859328E+00   -2.0157582E+01    2.8788615E-02    1.2774162E-02
    1.7550000E+01    7.7467851E-01   -9.6891813E-01   -5.4750356E+00   -2.0116554E+01    2.9558659E-02    1.3544284E-02
    1.7650000E+01    7.7722325E-01   -9.5764933E-01   -5.4641365E+00   -2.0075560E+01    3.0379383E-02    1.4365086E-02
    1.7750000E+01    7.7975620E-01   -9.4638573E-01   -5.4532320E+00   -2.0034594E+01    3.1256417E-02    1.5242200E-02
    1.7850000E+01    7.8227744E-01   -9.3512372E-01   -5.4423181E+00   -1.9993653E+01    3.2196296E-02    1.6182159E-02
    1.7950000E+01    7.8478708E-01   -9.2385919E-01   -5.4313904E+00   -1.9952732E+01    3.3206648E-02    1.7192591E-02
    1.8050000E+01    7.8728519E-01   -9.1258732E-01   -5.4204435E+00   -1.9911824E+01    3.4296440E-02    1.8282464E-02
    1.8150000E+01    7.8977186E-01   -9.0130252E-01   -5.4094714E+00   -1.9870924E+01    3.5476296E-02    1.9462401E-02
    1.8250000E+01    7.9224718E-01   -8.8999814E-01   -5.3984667E+00   -1.9830024E+01    3.6758902E-02    2.0745090E-02
    1.8350000E+01    7.9471122E-01   -8.7866625E-01   -5.3874208E+00   -1.9789115E+01    3.8159555E-02    2.2145825E-02
    1.8450000E+01    7.9716407E-01   -8.6729726E-01   -5.3763230E+00   -1.9748188E+01    3.9696878E-02    2.3683232E-02
    1.8550000E+01    7.9960579E-01   -8.5587944E-01   -5.3651604E+00   -1.9707229E+01    4.1393813E-02    2.5380251E-02
    1.8650000E+01    8.0203647E-01   -8.4439822E-01   -5.3539171E+00   -1.9666224E+01    4.3278979E-02    2.7265501E-02
    1.8750000E+01    8.0445615E-01   -8.3283524E-01   -5.3425726E+00   -1.9625153E+01    4.5388598E-02    2.9375206E-02
    1.8850000E+01    8.0686490E-01   -8.2116698E-01   -5.3311012E+00   -1.9583993E+01    4.7769281E-02    3.1755975E-02
    1.8950000E+01    8.0926278E-01   -8.0936264E-01   -5.3194689E+00   -1.9542712E+01    5.0482154E-02    3.4468935E-02
    1.9050000E+01    8.1164982E-01   -7.9738107E-01   -5.3076303E+00   -1.9501270E+01    5.3609175E-02    3.7596045E-02
    1.9150000E+01    8.1402607E-01   -7.8516566E-01   -5.2955230E+00   -1.9459609E+01    5.7263150E-02    4.1250109E-02
    1.9250000E+01    8.1639154E-01   -7.7263617E-01   -5.2830586E+00   -1.9417651E+01    6.1604288E-02    4.5591337E-02
    1.9350000E+01    8.1874623E-01   -7.5967423E-01   -5.2701066E+00   -1.9375278E+01    6.6869017E-02    5.0856157E-02
    1.9450000E+01    8.2109011E-01   -7.4609671E-01   -5.2564652E+00   -1.9332309E+01    7.3423408E-02    5.7410641E-02
    1.9550000E+01    8.2342308E-01   -7.3160198E-01   -5.2418020E+00   -1.9288447E+01    8.1870502E-02    6.5857830E-02
    1.9650000E+01    8.2574497E-01   -7.1565003E-01   -5.2255222E+00   -1.9243161E+01    9.3290033E-02    7.7277459E-02
    1.9750000E+01    8.2805537E-01   -6.9715204E-01   -5.2064265E+00   -1.9195380E+01    1.0985902E-01    9.3846549E-02
    1.9850000E+01    8.3035190E-01   -6.7347076E-01   -5.1816097E+00   -1.9142524E+01    1.3686082E-01    1.2084845E-01
    1.9950000E+01    8.3058527E-01   -6.4166406E-01   -5.1467972E+00   -1.9088048E+01    1.9242419E-01    1.7641193E-01
