 TITLE = "Isotope ratios" 
    Distance        Li7+            
    5.0000000E-02   -1.0351170E+01
    1.5000000E-01   -1.3024807E+01
    2.5000000E-01   -1.4220395E+01
    3.5000000E-01   -1.5196915E+01
    4.5000000E-01   -1.6064414E+01
    5.5000000E-01   -1.6837776E+01
    6.5000000E-01   -1.7527643E+01
    7.5000000E-01   -1.8143338E+01
    8.5000000E-01   -1.8693099E+01
    9.5000000E-01   -1.9184209E+01
    1.0500000E+00   -1.9623111E+01
    1.1500000E+00   -2.0015511E+01
    1.2500000E+00   -2.0366460E+01
    1.3500000E+00   -2.0680439E+01
    1.4500000E+00   -2.0961419E+01
    1.5500000E+00   -2.1212926E+01
    1.6500000E+00   -2.1438093E+01
    1.7500000E+00   -2.1639704E+01
    1.8500000E+00   -2.1820233E+01
    1.9500000E+00   -2.1981884E+01
    2.0500000E+00   -2.2126618E+01
    2.1500000E+00   -2.2256184E+01
    2.2500000E+00   -2.2372141E+01
    2.3500000E+00   -2.2475879E+01
    2.4500000E+00   -2.2568642E+01
    2.5500000E+00   -2.2651538E+01
    2.6500000E+00   -2.2725559E+01
    2.7500000E+00   -2.2791594E+01
    2.8500000E+00   -2.2850437E+01
    2.9500000E+00   -2.2902799E+01
    3.0500000E+00   -2.2949319E+01
    3.1500000E+00   -2.2990568E+01
    3.2500000E+00   -2.3027060E+01
    3.3500000E+00   -2.3059256E+01
    3.4500000E+00   -2.3087571E+01
    3.5500000E+00   -2.3112376E+01
    3.6500000E+00   -2.3134007E+01
    3.7500000E+00   -2.3152765E+01
    3.8500000E+00   -2.3168923E+01
    3.9500000E+00   -2.3182724E+01
    4.0500000E+00   -2.3194390E+01
    4.1500000E+00   -2.3204120E+01
    4.2500000E+00   -2.3212093E+01
    4.3500000E+00   -2.3218472E+01
    4.4500000E+00   -2.3223403E+01
    4.5500000E+00   -2.3227020E+01
    4.6500000E+00   -2.3229442E+01
    4.7500000E+00   -2.3230778E+01
    4.8500000E+00   -2.3231126E+01
    4.9500000E+00   -2.3230576E+01
    5.0500000E+00   -2.3229208E+01
    5.1500000E+00   -2.3227096E+01
    5.2500000E+00   -2.3224305E+01
    5.3500000E+00   -2.3220897E+01
    5.4500000E+00   -2.3216926E+01
    5.5500000E+00   -2.3212443E+01
    5.6500000E+00   -2.3207491E+01
    5.7500000E+00   -2.3202114E+01
    5.8500000E+00   -2.3196347E+01
    5.9500000E+00   -2.3190225E+01
    6.0500000E+00   -2.3183780E+01
    6.1500000E+00   -2.3177039E+01
    6.2500000E+00   -2.3170028E+01
    6.3500000E+00   -2.3162771E+01
    6.4500000E+00   -2.3155289E+01
    6.5500000E+00   -2.3147601E+01
    6.6500000E+00   -2.3139727E+01
    6.7500000E+00   -2.3131681E+01
    6.8500000E+00   -2.3123478E+01
    6.9500000E+00   -2.3115133E+01
    7.0500000E+00   -2.3106657E+01
    7.1500000E+00   -2.3098062E+01
    7.2500000E+00   -2.3089358E+01
    7.3500000E+00   -2.3080554E+01
    7.4500000E+00   -2.3071660E+01
    7.5500000E+00   -2.3062683E+01
    7.6500000E+00   -2.3053629E+01
    7.7500000E+00   -2.3044507E+01
    7.8500000E+00   -2.3035321E+01
    7.9500000E+00   -2.3026077E+01
    8.0500000E+00   -2.3016781E+01
    8.1500000E+00   -2.3007436E+01
    8.2500000E+00   -2.2998047E+01
    8.3500000E+00   -2.2988617E+01
    8.4500000E+00   -2.2979150E+01
    8.5500000E+00   -2.2969650E+01
    8.6500000E+00   -2.2960118E+01
    8.7500000E+00   -2.2950558E+01
    8.8500000E+00   -2.2940972E+01
    8.9500000E+00   -2.2931362E+01
    9.0500000E+00   -2.2921729E+01
    9.1500000E+00   -2.2912076E+01
    9.2500000E+00   -2.2902404E+01
    9.3500000E+00   -2.2892714E+01
    9.4500000E+00   -2.2883008E+01
    9.5500000E+00   -2.2873287E+01
    9.6500000E+00   -2.2863552E+01
    9.7500000E+00   -2.2853803E+01
    9.8500000E+00   -2.2844041E+01
    9.9500000E+00   -2.2834267E+01
    1.0050000E+01   -2.2824481E+01
    1.0150000E+01   -2.2814685E+01
    1.0250000E+01   -2.2804877E+01
    1.0350000E+01   -2.2795059E+01
    1.0450000E+01   -2.2785231E+01
    1.0550000E+01   -2.2775393E+01
    1.0650000E+01   -2.2765544E+01
    1.0750000E+01   -2.2755686E+01
    1.0850000E+01   -2.2745817E+01
    1.0950000E+01   -2.2735938E+01
    1.1050000E+01   -2.2726049E+01
    1.1150000E+01   -2.2716150E+01
    1.1250000E+01   -2.2706240E+01
    1.1350000E+01   -2.2696319E+01
    1.1450000E+01   -2.2686387E+01
    1.1550000E+01   -2.2676443E+01
    1.1650000E+01   -2.2666488E+01
    1.1750000E+01   -2.2656520E+01
    1.1850000E+01   -2.2646539E+01
    1.1950000E+01   -2.2636546E+01
    1.2050000E+01   -2.2626538E+01
    1.2150000E+01   -2.2616517E+01
    1.2250000E+01   -2.2606481E+01
    1.2350000E+01   -2.2596429E+01
    1.2450000E+01   -2.2586362E+01
    1.2550000E+01   -2.2576278E+01
    1.2650000E+01   -2.2566177E+01
    1.2750000E+01   -2.2556058E+01
    1.2850000E+01   -2.2545921E+01
    1.2950000E+01   -2.2535764E+01
    1.3050000E+01   -2.2525588E+01
    1.3150000E+01   -2.2515391E+01
    1.3250000E+01   -2.2505173E+01
    1.3350000E+01   -2.2494932E+01
    1.3450000E+01   -2.2484668E+01
    1.3550000E+01   -2.2474381E+01
    1.3650000E+01   -2.2464069E+01
    1.3750000E+01   -2.2453731E+01
    1.3850000E+01   -2.2443367E+01
    1.3950000E+01   -2.2432975E+01
    1.4050000E+01   -2.2422556E+01
    1.4150000E+01   -2.2412106E+01
    1.4250000E+01   -2.2401627E+01
    1.4350000E+01   -2.2391117E+01
    1.4450000E+01   -2.2380574E+01
    1.4550000E+01   -2.2369998E+01
    1.4650000E+01   -2.2359388E+01
    1.4750000E+01   -2.2348742E+01
    1.4850000E+01   -2.2338060E+01
    1.4950000E+01   -2.2327340E+01
    1.5050000E+01   -2.2316582E+01
    1.5150000E+01   -2.2305783E+01
    1.5250000E+01   -2.2294944E+01
    1.5350000E+01   -2.2284062E+01
    1.5450000E+01   -2.2273137E+01
    1.5550000E+01   -2.2262167E+01
    1.5650000E+01   -2.2251151E+01
    1.5750000E+01   -2.2240087E+01
    1.5850000E+01   -2.2228975E+01
    1.5950000E+01   -2.2217813E+01
    1.6050000E+01   -2.2206599E+01
    1.6150000E+01   -2.2195332E+01
    1.6250000E+01   -2.2184010E+01
    1.6350000E+01   -2.2172632E+01
    1.6450000E+01   -2.2161197E+01
    1.6550000E+01   -2.2149703E+01
    1.6650000E+01   -2.2138148E+01
    1.6750000E+01   -2.2126530E+01
    1.6850000E+01   -2.2114848E+01
    1.6950000E+01   -2.2103099E+01
    1.7050000E+01   -2.2091283E+01
    1.7150000E+01   -2.2079397E+01
    1.7250000E+01   -2.2067438E+01
    1.7350000E+01   -2.2055406E+01
    1.7450000E+01   -2.2043297E+01
    1.7550000E+01   -2.2031110E+01
    1.7650000E+01   -2.2018841E+01
    1.7750000E+01   -2.2006489E+01
    1.7850000E+01   -2.1994050E+01
    1.7950000E+01   -2.1981522E+01
    1.8050000E+01   -2.1968902E+01
    1.8150000E+01   -2.1956185E+01
    1.8250000E+01   -2.1943369E+01
    1.8350000E+01   -2.1930449E+01
    1.8450000E+01   -2.1917420E+01
    1.8550000E+01   -2.1904278E+01
    1.8650000E+01   -2.1891016E+01
    1.8750000E+01   -2.1877628E+01
    1.8850000E+01   -2.1864106E+01
    1.8950000E+01   -2.1850439E+01
    1.9050000E+01   -2.1836616E+01
    1.9150000E+01   -2.1822621E+01
    1.9250000E+01   -2.1808435E+01
    1.9350000E+01   -2.1794029E+01
    1.9450000E+01   -2.1779365E+01
    1.9550000E+01   -2.1764382E+01
    1.9650000E+01   -2.1748981E+01
    1.9750000E+01   -2.1732979E+01
    1.9850000E+01   -2.1716438E+01
    1.9950000E+01   -2.1718179E+01
