# Time          3.5000E+00
# Units: Mol/m**3 Porous Medium/s
    Distance           Quartz           K-Feldspar_Li    Oligoclase_Li    Biotite_Li       Kaolinite_Li7    Kaolinite_Li6
    5.0000000E-02   -2.7383645E-14   -4.0115975E-11   -1.6226741E-10   -3.2554253E-11    1.0001925E-10    8.2534768E-12
    1.5000000E-01   -9.3573848E-15   -4.0130177E-11   -1.6260342E-10   -3.2635719E-11    1.2052223E-10    9.9344695E-12
    2.5000000E-01   -7.6996245E-16   -4.0144788E-11   -1.6294015E-10   -3.2717373E-11    1.1739180E-10    9.6665171E-12
    3.5000000E-01   -2.1206793E-15   -4.0162593E-11   -1.6327754E-10   -3.2799205E-11    1.1706934E-10    9.6268602E-12
    4.5000000E-01   -6.2679649E-15   -4.0181258E-11   -1.6361556E-10   -3.2881206E-11    1.1728163E-10    9.6288435E-12
    5.5000000E-01   -8.9349670E-15   -4.0199345E-11   -1.6395418E-10   -3.2963370E-11    1.1755340E-10    9.6367050E-12
    6.5000000E-01   -9.5788898E-15   -4.0216875E-11   -1.6429337E-10   -3.3045688E-11    1.1783562E-10    9.6488785E-12
    7.5000000E-01   -8.9827066E-15   -4.0234105E-11   -1.6463310E-10   -3.3128154E-11    1.1807686E-10    9.6609013E-12
    8.5000000E-01   -7.8421519E-15   -4.0251201E-11   -1.6497335E-10   -3.3210763E-11    1.1828449E-10    9.6721121E-12
    9.5000000E-01   -6.5086597E-15   -4.0268242E-11   -1.6531410E-10   -3.3293510E-11    1.1848022E-10    9.6833920E-12
    1.0500000E+00   -5.1159330E-15   -4.0285259E-11   -1.6565533E-10   -3.3376391E-11    1.1867449E-10    9.6951807E-12
    1.1500000E+00   -3.7058234E-15   -4.0302260E-11   -1.6599702E-10   -3.3459401E-11    1.1887050E-10    9.7075682E-12
    1.2500000E+00   -2.2895944E-15   -4.0319245E-11   -1.6633916E-10   -3.3542536E-11    1.1906885E-10    9.7205272E-12
    1.3500000E+00   -8.6992682E-16   -4.0336213E-11   -1.6668173E-10   -3.3625795E-11    1.1926948E-10    9.7340049E-12
    1.4500000E+00    0.0000000E+00   -4.0353162E-11   -1.6702472E-10   -3.3709174E-11    1.1947220E-10    9.7479485E-12
    1.5500000E+00    0.0000000E+00   -4.0370091E-11   -1.6736813E-10   -3.3792670E-11    1.1967680E-10    9.7623097E-12
    1.6500000E+00    0.0000000E+00   -4.0386998E-11   -1.6771195E-10   -3.3876282E-11    1.1988309E-10    9.7770459E-12
    1.7500000E+00    0.0000000E+00   -4.0403879E-11   -1.6805616E-10   -3.3960009E-11    1.2009093E-10    9.7921195E-12
    1.8500000E+00    0.0000000E+00   -4.0420733E-11   -1.6840076E-10   -3.4043847E-11    1.2030016E-10    9.8074970E-12
    1.9500000E+00    0.0000000E+00   -4.0437558E-11   -1.6874574E-10   -3.4127796E-11    1.2051067E-10    9.8231488E-12
    2.0500000E+00    0.0000000E+00   -4.0454352E-11   -1.6909111E-10   -3.4211855E-11    1.2072234E-10    9.8390488E-12
    2.1500000E+00    0.0000000E+00   -4.0471112E-11   -1.6943685E-10   -3.4296023E-11    1.2093508E-10    9.8551735E-12
    2.2500000E+00    0.0000000E+00   -4.0487836E-11   -1.6978296E-10   -3.4380299E-11    1.2114880E-10    9.8715021E-12
    2.3500000E+00    0.0000000E+00   -4.0504523E-11   -1.7012945E-10   -3.4464683E-11    1.2136343E-10    9.8880161E-12
    2.4500000E+00    0.0000000E+00   -4.0521169E-11   -1.7047629E-10   -3.4549173E-11    1.2157891E-10    9.9046989E-12
    2.5500000E+00    0.0000000E+00   -4.0537772E-11   -1.7082351E-10   -3.4633768E-11    1.2179517E-10    9.9215358E-12
    2.6500000E+00    0.0000000E+00   -4.0554330E-11   -1.7117108E-10   -3.4718470E-11    1.2201215E-10    9.9385135E-12
    2.7500000E+00    0.0000000E+00   -4.0570841E-11   -1.7151902E-10   -3.4803277E-11    1.2222982E-10    9.9556201E-12
    2.8500000E+00    0.0000000E+00   -4.0587302E-11   -1.7186732E-10   -3.4888189E-11    1.2244812E-10    9.9728450E-12
    2.9500000E+00    0.0000000E+00   -4.0603710E-11   -1.7221597E-10   -3.4973206E-11    1.2266703E-10    9.9901786E-12
    3.0500000E+00    0.0000000E+00   -4.0620063E-11   -1.7256498E-10   -3.5058327E-11    1.2288650E-10    1.0007612E-11
    3.1500000E+00    0.0000000E+00   -4.0636358E-11   -1.7291435E-10   -3.5143552E-11    1.2310650E-10    1.0025138E-11
    3.2500000E+00    0.0000000E+00   -4.0652593E-11   -1.7326408E-10   -3.5228882E-11    1.2332700E-10    1.0042750E-11
    3.3500000E+00    0.0000000E+00   -4.0668764E-11   -1.7361416E-10   -3.5314316E-11    1.2354799E-10    1.0060441E-11
    3.4500000E+00    0.0000000E+00   -4.0684869E-11   -1.7396460E-10   -3.5399854E-11    1.2376942E-10    1.0078205E-11
    3.5500000E+00    0.0000000E+00   -4.0700904E-11   -1.7431539E-10   -3.5485495E-11    1.2399129E-10    1.0096037E-11
    3.6500000E+00    0.0000000E+00   -4.0716867E-11   -1.7466653E-10   -3.5571241E-11    1.2421358E-10    1.0113932E-11
    3.7500000E+00    0.0000000E+00   -4.0732755E-11   -1.7501804E-10   -3.5657090E-11    1.2443625E-10    1.0131888E-11
    3.8500000E+00    0.0000000E+00   -4.0748564E-11   -1.7536989E-10   -3.5743043E-11    1.2465931E-10    1.0149898E-11
    3.9500000E+00    0.0000000E+00   -4.0764292E-11   -1.7572210E-10   -3.5829100E-11    1.2488273E-10    1.0167961E-11
    4.0500000E+00    0.0000000E+00   -4.0779934E-11   -1.7607466E-10   -3.5915260E-11    1.2510649E-10    1.0186072E-11
    4.1500000E+00    0.0000000E+00   -4.0795487E-11   -1.7642758E-10   -3.6001524E-11    1.2533059E-10    1.0204229E-11
    4.2500000E+00    0.0000000E+00   -4.0810949E-11   -1.7678085E-10   -3.6087892E-11    1.2555502E-10    1.0222429E-11
    4.3500000E+00    0.0000000E+00   -4.0826314E-11   -1.7713447E-10   -3.6174363E-11    1.2577975E-10    1.0240670E-11
    4.4500000E+00    0.0000000E+00   -4.0841581E-11   -1.7748845E-10   -3.6260938E-11    1.2600479E-10    1.0258950E-11
    4.5500000E+00    0.0000000E+00   -4.0856744E-11   -1.7784278E-10   -3.6347616E-11    1.2623012E-10    1.0277266E-11
    4.6500000E+00    0.0000000E+00   -4.0871800E-11   -1.7819747E-10   -3.6434398E-11    1.2645572E-10    1.0295617E-11
    4.7500000E+00    0.0000000E+00   -4.0886745E-11   -1.7855251E-10   -3.6521284E-11    1.2668160E-10    1.0314001E-11
    4.8500000E+00    0.0000000E+00   -4.0901575E-11   -1.7890790E-10   -3.6608273E-11    1.2690775E-10    1.0332416E-11
    4.9500000E+00    0.0000000E+00   -4.0916286E-11   -1.7926365E-10   -3.6695366E-11    1.2713415E-10    1.0350861E-11
    5.0500000E+00    0.0000000E+00   -4.0930874E-11   -1.7961975E-10   -3.6782562E-11    1.2736080E-10    1.0369334E-11
    5.1500000E+00    0.0000000E+00   -4.0945333E-11   -1.7997620E-10   -3.6869862E-11    1.2758769E-10    1.0387834E-11
    5.2500000E+00    0.0000000E+00   -4.0959660E-11   -1.8033301E-10   -3.6957266E-11    1.2781482E-10    1.0406361E-11
    5.3500000E+00    0.0000000E+00   -4.0973851E-11   -1.8069017E-10   -3.7044773E-11    1.2804217E-10    1.0424912E-11
    5.4500000E+00    0.0000000E+00   -4.0987900E-11   -1.8104769E-10   -3.7132384E-11    1.2826975E-10    1.0443487E-11
    5.5500000E+00    0.0000000E+00   -4.1001803E-11   -1.8140555E-10   -3.7220098E-11    1.2849754E-10    1.0462086E-11
    5.6500000E+00    0.0000000E+00   -4.1015554E-11   -1.8176377E-10   -3.7307916E-11    1.2872554E-10    1.0480706E-11
    5.7500000E+00    0.0000000E+00   -4.1029149E-11   -1.8212235E-10   -3.7395837E-11    1.2895375E-10    1.0499347E-11
    5.8500000E+00    0.0000000E+00   -4.1042583E-11   -1.8248128E-10   -3.7483862E-11    1.2918216E-10    1.0518009E-11
    5.9500000E+00    0.0000000E+00   -4.1055850E-11   -1.8284056E-10   -3.7571990E-11    1.2941076E-10    1.0536691E-11
    6.0500000E+00    0.0000000E+00   -4.1068946E-11   -1.8320020E-10   -3.7660222E-11    1.2963955E-10    1.0555391E-11
    6.1500000E+00    0.0000000E+00   -4.1081863E-11   -1.8356019E-10   -3.7748558E-11    1.2986853E-10    1.0574110E-11
    6.2500000E+00    0.0000000E+00   -4.1094598E-11   -1.8392053E-10   -3.7836997E-11    1.3009769E-10    1.0592847E-11
    6.3500000E+00    0.0000000E+00   -4.1107144E-11   -1.8428123E-10   -3.7925540E-11    1.3032702E-10    1.0611600E-11
    6.4500000E+00    0.0000000E+00   -4.1119495E-11   -1.8464228E-10   -3.8014186E-11    1.3055652E-10    1.0630370E-11
    6.5500000E+00    0.0000000E+00   -4.1131645E-11   -1.8500368E-10   -3.8102936E-11    1.3078618E-10    1.0649156E-11
    6.6500000E+00    0.0000000E+00   -4.1143589E-11   -1.8536544E-10   -3.8191790E-11    1.3101601E-10    1.0667957E-11
    6.7500000E+00    0.0000000E+00   -4.1155319E-11   -1.8572755E-10   -3.8280747E-11    1.3124599E-10    1.0686772E-11
    6.8500000E+00    0.0000000E+00   -4.1166829E-11   -1.8609001E-10   -3.8369807E-11    1.3147612E-10    1.0705602E-11
    6.9500000E+00    0.0000000E+00   -4.1178113E-11   -1.8645283E-10   -3.8458972E-11    1.3170640E-10    1.0724446E-11
    7.0500000E+00    0.0000000E+00   -4.1189164E-11   -1.8681600E-10   -3.8548239E-11    1.3193683E-10    1.0743303E-11
    7.1500000E+00    0.0000000E+00   -4.1199975E-11   -1.8717953E-10   -3.8637611E-11    1.3216739E-10    1.0762173E-11
    7.2500000E+00    0.0000000E+00   -4.1210539E-11   -1.8754340E-10   -3.8727086E-11    1.3239808E-10    1.0781055E-11
    7.3500000E+00    0.0000000E+00   -4.1220849E-11   -1.8790764E-10   -3.8816664E-11    1.3262891E-10    1.0799950E-11
    7.4500000E+00    0.0000000E+00   -4.1230897E-11   -1.8827222E-10   -3.8906346E-11    1.3285986E-10    1.0818855E-11
    7.5500000E+00    0.0000000E+00   -4.1240676E-11   -1.8863716E-10   -3.8996132E-11    1.3309093E-10    1.0837772E-11
    7.6500000E+00    0.0000000E+00   -4.1250179E-11   -1.8900245E-10   -3.9086021E-11    1.3332211E-10    1.0856699E-11
    7.7500000E+00    0.0000000E+00   -4.1259396E-11   -1.8936810E-10   -3.9176014E-11    1.3355341E-10    1.0875636E-11
    7.8500000E+00    0.0000000E+00   -4.1268321E-11   -1.8973410E-10   -3.9266110E-11    1.3378481E-10    1.0894584E-11
    7.9500000E+00    0.0000000E+00   -4.1276945E-11   -1.9010045E-10   -3.9356310E-11    1.3401632E-10    1.0913540E-11
    8.0500000E+00    0.0000000E+00   -4.1285260E-11   -1.9046716E-10   -3.9446613E-11    1.3424792E-10    1.0932505E-11
    8.1500000E+00    0.0000000E+00   -4.1293257E-11   -1.9083422E-10   -3.9537020E-11    1.3447962E-10    1.0951479E-11
    8.2500000E+00    0.0000000E+00   -4.1300927E-11   -1.9120163E-10   -3.9627531E-11    1.3471140E-10    1.0970460E-11
    8.3500000E+00    0.0000000E+00   -4.1308261E-11   -1.9156940E-10   -3.9718145E-11    1.3494327E-10    1.0989450E-11
    8.4500000E+00    0.0000000E+00   -4.1315251E-11   -1.9193752E-10   -3.9808863E-11    1.3517522E-10    1.1008446E-11
    8.5500000E+00    0.0000000E+00   -4.1321886E-11   -1.9230600E-10   -3.9899684E-11    1.3540724E-10    1.1027449E-11
    8.6500000E+00    0.0000000E+00   -4.1328157E-11   -1.9267482E-10   -3.9990609E-11    1.3563933E-10    1.1046459E-11
    8.7500000E+00    0.0000000E+00   -4.1334055E-11   -1.9304401E-10   -4.0081637E-11    1.3587148E-10    1.1065474E-11
    8.8500000E+00    0.0000000E+00   -4.1339570E-11   -1.9341354E-10   -4.0172769E-11    1.3610369E-10    1.1084495E-11
    8.9500000E+00    0.0000000E+00   -4.1344690E-11   -1.9378343E-10   -4.0264005E-11    1.3633596E-10    1.1103521E-11
    9.0500000E+00    0.0000000E+00   -4.1349407E-11   -1.9415367E-10   -4.0355344E-11    1.3656827E-10    1.1122551E-11
    9.1500000E+00    0.0000000E+00   -4.1353708E-11   -1.9452427E-10   -4.0446787E-11    1.3680063E-10    1.1141585E-11
    9.2500000E+00    0.0000000E+00   -4.1357584E-11   -1.9489522E-10   -4.0538333E-11    1.3703302E-10    1.1160623E-11
    9.3500000E+00    0.0000000E+00   -4.1361023E-11   -1.9526652E-10   -4.0629983E-11    1.3726545E-10    1.1179664E-11
    9.4500000E+00    0.0000000E+00   -4.1364014E-11   -1.9563817E-10   -4.0721737E-11    1.3749790E-10    1.1198708E-11
    9.5500000E+00    0.0000000E+00   -4.1366545E-11   -1.9601018E-10   -4.0813594E-11    1.3773037E-10    1.1217754E-11
    9.6500000E+00    0.0000000E+00   -4.1368604E-11   -1.9638255E-10   -4.0905554E-11    1.3796286E-10    1.1236802E-11
    9.7500000E+00    0.0000000E+00   -4.1370180E-11   -1.9675526E-10   -4.0997618E-11    1.3819536E-10    1.1255851E-11
    9.8500000E+00    0.0000000E+00   -4.1371260E-11   -1.9712833E-10   -4.1089786E-11    1.3842786E-10    1.1274901E-11
    9.9500000E+00    0.0000000E+00   -4.1371831E-11   -1.9750176E-10   -4.1182057E-11    1.3866036E-10    1.1293951E-11
    1.0050000E+01    0.0000000E+00   -4.1371880E-11   -1.9787554E-10   -4.1274432E-11    1.3889284E-10    1.1313001E-11
    1.0150000E+01    0.0000000E+00   -4.1371395E-11   -1.9824967E-10   -4.1366911E-11    1.3912532E-10    1.1332051E-11
    1.0250000E+01    0.0000000E+00   -4.1370361E-11   -1.9862415E-10   -4.1459493E-11    1.3935777E-10    1.1351098E-11
    1.0350000E+01    0.0000000E+00   -4.1368766E-11   -1.9899899E-10   -4.1552178E-11    1.3959019E-10    1.1370144E-11
    1.0450000E+01    0.0000000E+00   -4.1366595E-11   -1.9937418E-10   -4.1644967E-11    1.3982257E-10    1.1389188E-11
    1.0550000E+01    0.0000000E+00   -4.1363833E-11   -1.9974972E-10   -4.1737860E-11    1.4005492E-10    1.1408229E-11
    1.0650000E+01    0.0000000E+00   -4.1360467E-11   -2.0012562E-10   -4.1830856E-11    1.4028721E-10    1.1427266E-11
    1.0750000E+01    0.0000000E+00   -4.1356481E-11   -2.0050187E-10   -4.1923956E-11    1.4051945E-10    1.1446299E-11
    1.0850000E+01    0.0000000E+00   -4.1351860E-11   -2.0087848E-10   -4.2017160E-11    1.4075163E-10    1.1465327E-11
    1.0950000E+01    0.0000000E+00   -4.1346589E-11   -2.0125544E-10   -4.2110467E-11    1.4098373E-10    1.1484351E-11
    1.1050000E+01    0.0000000E+00   -4.1340651E-11   -2.0163275E-10   -4.2203877E-11    1.4121576E-10    1.1503368E-11
    1.1150000E+01    0.0000000E+00   -4.1334030E-11   -2.0201042E-10   -4.2297391E-11    1.4144770E-10    1.1522379E-11
    1.1250000E+01    0.0000000E+00   -4.1326711E-11   -2.0238844E-10   -4.2391009E-11    1.4167954E-10    1.1541382E-11
    1.1350000E+01    0.0000000E+00   -4.1318675E-11   -2.0276681E-10   -4.2484730E-11    1.4191129E-10    1.1560378E-11
    1.1450000E+01    0.0000000E+00   -4.1309906E-11   -2.0314553E-10   -4.2578555E-11    1.4214292E-10    1.1579366E-11
    1.1550000E+01    0.0000000E+00   -4.1300386E-11   -2.0352461E-10   -4.2672484E-11    1.4237444E-10    1.1598344E-11
    1.1650000E+01    0.0000000E+00   -4.1290097E-11   -2.0390405E-10   -4.2766516E-11    1.4260583E-10    1.1617313E-11
    1.1750000E+01    0.0000000E+00   -4.1279021E-11   -2.0428383E-10   -4.2860651E-11    1.4283708E-10    1.1636271E-11
    1.1850000E+01    0.0000000E+00   -4.1267138E-11   -2.0466397E-10   -4.2954891E-11    1.4306819E-10    1.1655217E-11
    1.1950000E+01    0.0000000E+00   -4.1254430E-11   -2.0504447E-10   -4.3049233E-11    1.4329915E-10    1.1674152E-11
    1.2050000E+01    0.0000000E+00   -4.1240878E-11   -2.0542531E-10   -4.3143680E-11    1.4352995E-10    1.1693075E-11
    1.2150000E+01    0.0000000E+00   -4.1226461E-11   -2.0580651E-10   -4.3238229E-11    1.4376057E-10    1.1711983E-11
    1.2250000E+01    0.0000000E+00   -4.1211158E-11   -2.0618807E-10   -4.3332883E-11    1.4399101E-10    1.1730878E-11
    1.2350000E+01    0.0000000E+00   -4.1194950E-11   -2.0656997E-10   -4.3427640E-11    1.4422126E-10    1.1749758E-11
    1.2450000E+01    0.0000000E+00   -4.1177814E-11   -2.0695223E-10   -4.3522501E-11    1.4445131E-10    1.1768622E-11
    1.2550000E+01    0.0000000E+00   -4.1159729E-11   -2.0733485E-10   -4.3617465E-11    1.4468115E-10    1.1787469E-11
    1.2650000E+01    0.0000000E+00   -4.1140673E-11   -2.0771782E-10   -4.3712532E-11    1.4491077E-10    1.1806299E-11
    1.2750000E+01    0.0000000E+00   -4.1120623E-11   -2.0810114E-10   -4.3807704E-11    1.4514016E-10    1.1825110E-11
    1.2850000E+01    0.0000000E+00   -4.1099557E-11   -2.0848481E-10   -4.3902979E-11    1.4536930E-10    1.1843903E-11
    1.2950000E+01    0.0000000E+00   -4.1077449E-11   -2.0886884E-10   -4.3998357E-11    1.4559819E-10    1.1862675E-11
    1.3050000E+01    0.0000000E+00   -4.1054277E-11   -2.0925322E-10   -4.4093839E-11    1.4582681E-10    1.1881426E-11
    1.3150000E+01    0.0000000E+00   -4.1030016E-11   -2.0963796E-10   -4.4189425E-11    1.4605516E-10    1.1900156E-11
    1.3250000E+01    0.0000000E+00   -4.1004640E-11   -2.1002304E-10   -4.4285114E-11    1.4628322E-10    1.1918862E-11
    1.3350000E+01    0.0000000E+00   -4.0978123E-11   -2.1040848E-10   -4.4380907E-11    1.4651098E-10    1.1937545E-11
    1.3450000E+01    0.0000000E+00   -4.0950440E-11   -2.1079428E-10   -4.4476803E-11    1.4673843E-10    1.1956203E-11
    1.3550000E+01    0.0000000E+00   -4.0921564E-11   -2.1118043E-10   -4.4572803E-11    1.4696555E-10    1.1974836E-11
    1.3650000E+01    0.0000000E+00   -4.0891466E-11   -2.1156693E-10   -4.4668906E-11    1.4719233E-10    1.1993441E-11
    1.3750000E+01    0.0000000E+00   -4.0860120E-11   -2.1195378E-10   -4.4765113E-11    1.4741877E-10    1.2012019E-11
    1.3850000E+01    0.0000000E+00   -4.0827496E-11   -2.1234099E-10   -4.4861424E-11    1.4764484E-10    1.2030567E-11
    1.3950000E+01    0.0000000E+00   -4.0793565E-11   -2.1272855E-10   -4.4957838E-11    1.4787053E-10    1.2049086E-11
    1.4050000E+01    0.0000000E+00   -4.0758297E-11   -2.1311647E-10   -4.5054356E-11    1.4809583E-10    1.2067573E-11
    1.4150000E+01    0.0000000E+00   -4.0721661E-11   -2.1350474E-10   -4.5150977E-11    1.4832072E-10    1.2086028E-11
    1.4250000E+01    0.0000000E+00   -4.0683626E-11   -2.1389336E-10   -4.5247702E-11    1.4854519E-10    1.2104450E-11
    1.4350000E+01    0.0000000E+00   -4.0644161E-11   -2.1428233E-10   -4.5344531E-11    1.4876923E-10    1.2122836E-11
    1.4450000E+01    0.0000000E+00   -4.0603231E-11   -2.1467166E-10   -4.5441463E-11    1.4899282E-10    1.2141187E-11
    1.4550000E+01    0.0000000E+00   -4.0560804E-11   -2.1506134E-10   -4.5538498E-11    1.4921594E-10    1.2159501E-11
    1.4650000E+01    0.0000000E+00   -4.0516845E-11   -2.1545138E-10   -4.5635638E-11    1.4943857E-10    1.2177776E-11
    1.4750000E+01    0.0000000E+00   -4.0471319E-11   -2.1584177E-10   -4.5732880E-11    1.4966071E-10    1.2196012E-11
    1.4850000E+01    0.0000000E+00   -4.0424190E-11   -2.1623251E-10   -4.5830227E-11    1.4988233E-10    1.2214206E-11
    1.4950000E+01    0.0000000E+00   -4.0375420E-11   -2.1662360E-10   -4.5927677E-11    1.5010342E-10    1.2232357E-11
    1.5050000E+01    0.0000000E+00   -4.0324973E-11   -2.1701505E-10   -4.6025230E-11    1.5032396E-10    1.2250465E-11
    1.5150000E+01    0.0000000E+00   -4.0272808E-11   -2.1740685E-10   -4.6122887E-11    1.5054393E-10    1.2268527E-11
    1.5250000E+01    0.0000000E+00   -4.0218887E-11   -2.1779901E-10   -4.6220648E-11    1.5076332E-10    1.2286543E-11
    1.5350000E+01    0.0000000E+00   -4.0163168E-11   -2.1819152E-10   -4.6318512E-11    1.5098210E-10    1.2304510E-11
    1.5450000E+01    0.0000000E+00   -4.0105610E-11   -2.1858438E-10   -4.6416480E-11    1.5120025E-10    1.2322427E-11
    1.5550000E+01    0.0000000E+00   -4.0046168E-11   -2.1897759E-10   -4.6514551E-11    1.5141776E-10    1.2340292E-11
    1.5650000E+01    0.0000000E+00   -3.9984799E-11   -2.1937116E-10   -4.6612726E-11    1.5163460E-10    1.2358104E-11
    1.5750000E+01    0.0000000E+00   -3.9921457E-11   -2.1976508E-10   -4.6711005E-11    1.5185075E-10    1.2375861E-11
    1.5850000E+01    0.0000000E+00   -3.9856095E-11   -2.2015936E-10   -4.6809387E-11    1.5206620E-10    1.2393561E-11
    1.5950000E+01    0.0000000E+00   -3.9788665E-11   -2.2055399E-10   -4.6907872E-11    1.5228091E-10    1.2411203E-11
    1.6050000E+01    0.0000000E+00   -3.9719115E-11   -2.2094897E-10   -4.7006462E-11    1.5249487E-10    1.2428784E-11
    1.6150000E+01    0.0000000E+00   -3.9647396E-11   -2.2134430E-10   -4.7105154E-11    1.5270804E-10    1.2446302E-11
    1.6250000E+01    0.0000000E+00   -3.9573452E-11   -2.2173999E-10   -4.7203951E-11    1.5292042E-10    1.2463757E-11
    1.6350000E+01    0.0000000E+00   -3.9497230E-11   -2.2213603E-10   -4.7302851E-11    1.5313196E-10    1.2481145E-11
    1.6450000E+01    0.0000000E+00   -3.9418670E-11   -2.2253242E-10   -4.7401854E-11    1.5334265E-10    1.2498464E-11
    1.6550000E+01    0.0000000E+00   -3.9337714E-11   -2.2292917E-10   -4.7500961E-11    1.5355246E-10    1.2515712E-11
    1.6650000E+01    0.0000000E+00   -3.9254300E-11   -2.2332627E-10   -4.7600172E-11    1.5376135E-10    1.2532887E-11
    1.6750000E+01    0.0000000E+00   -3.9168362E-11   -2.2372372E-10   -4.7699486E-11    1.5396930E-10    1.2549986E-11
    1.6850000E+01    0.0000000E+00   -3.9079833E-11   -2.2412153E-10   -4.7798904E-11    1.5417627E-10    1.2567008E-11
    1.6950000E+01    0.0000000E+00   -3.8988642E-11   -2.2451969E-10   -4.7898426E-11    1.5438224E-10    1.2583948E-11
    1.7050000E+01    0.0000000E+00   -3.8894714E-11   -2.2491820E-10   -4.7998051E-11    1.5458716E-10    1.2600805E-11
    1.7150000E+01    0.0000000E+00   -3.8797970E-11   -2.2531707E-10   -4.8097779E-11    1.5479101E-10    1.2617575E-11
    1.7250000E+01    0.0000000E+00   -3.8698327E-11   -2.2571628E-10   -4.8197611E-11    1.5499374E-10    1.2634255E-11
    1.7350000E+01    0.0000000E+00   -3.8595697E-11   -2.2611586E-10   -4.8297547E-11    1.5519531E-10    1.2650843E-11
    1.7450000E+01    0.0000000E+00   -3.8489984E-11   -2.2651578E-10   -4.8397586E-11    1.5539568E-10    1.2667333E-11
    1.7550000E+01    0.0000000E+00   -3.8381087E-11   -2.2691606E-10   -4.8497729E-11    1.5559480E-10    1.2683724E-11
    1.7650000E+01    0.0000000E+00   -3.8268896E-11   -2.2731669E-10   -4.8597976E-11    1.5579261E-10    1.2700009E-11
    1.7750000E+01    0.0000000E+00   -3.8153292E-11   -2.2771767E-10   -4.8698326E-11    1.5598907E-10    1.2716186E-11
    1.7850000E+01    0.0000000E+00   -3.8034144E-11   -2.2811901E-10   -4.8798779E-11    1.5618412E-10    1.2732249E-11
    1.7950000E+01    0.0000000E+00   -3.7911308E-11   -2.2852070E-10   -4.8899336E-11    1.5637768E-10    1.2748192E-11
    1.8050000E+01    0.0000000E+00   -3.7784624E-11   -2.2892274E-10   -4.8999997E-11    1.5656968E-10    1.2764010E-11
    1.8150000E+01    0.0000000E+00   -3.7653912E-11   -2.2932514E-10   -4.9100761E-11    1.5676005E-10    1.2779696E-11
    1.8250000E+01    0.0000000E+00   -3.7518967E-11   -2.2972788E-10   -4.9201629E-11    1.5694867E-10    1.2795242E-11
    1.8350000E+01    0.0000000E+00   -3.7379553E-11   -2.3013099E-10   -4.9302601E-11    1.5713545E-10    1.2810639E-11
    1.8450000E+01    0.0000000E+00   -3.7235396E-11   -2.3053444E-10   -4.9403676E-11    1.5732025E-10    1.2825877E-11
    1.8550000E+01    0.0000000E+00   -3.7086171E-11   -2.3093825E-10   -4.9504855E-11    1.5750293E-10    1.2840944E-11
    1.8650000E+01    0.0000000E+00   -3.6931486E-11   -2.3134240E-10   -4.9606137E-11    1.5768330E-10    1.2855825E-11
    1.8750000E+01    0.0000000E+00   -3.6770863E-11   -2.3174692E-10   -4.9707522E-11    1.5786115E-10    1.2870501E-11
    1.8850000E+01    0.0000000E+00   -3.6603701E-11   -2.3215178E-10   -4.9809012E-11    1.5803618E-10    1.2884951E-11
    1.8950000E+01    0.0000000E+00   -3.6429234E-11   -2.3255700E-10   -4.9910605E-11    1.5820805E-10    1.2899145E-11
    1.9050000E+01    0.0000000E+00   -3.6246451E-11   -2.3296256E-10   -5.0012301E-11    1.5837628E-10    1.2913045E-11
    1.9150000E+01    0.0000000E+00   -3.6053986E-11   -2.3336848E-10   -5.0114101E-11    1.5854024E-10    1.2926599E-11
    1.9250000E+01    0.0000000E+00   -3.5849916E-11   -2.3377475E-10   -5.0216005E-11    1.5869904E-10    1.2939735E-11
    1.9350000E+01    0.0000000E+00   -3.5631426E-11   -2.3418138E-10   -5.0318012E-11    1.5885136E-10    1.2952346E-11
    1.9450000E+01    0.0000000E+00   -3.5394169E-11   -2.3458835E-10   -5.0420123E-11    1.5899517E-10    1.2964267E-11
    1.9550000E+01    0.0000000E+00   -3.5130968E-11   -2.3499567E-10   -5.0522337E-11    1.5912714E-10    1.2975227E-11
    1.9650000E+01    0.0000000E+00   -3.4829013E-11   -2.3540334E-10   -5.0624655E-11    1.5924128E-10    1.2984738E-11
    1.9750000E+01    0.0000000E+00   -3.4467830E-11   -2.3581135E-10   -5.0727077E-11    1.5932800E-10    1.2992020E-11
    1.9850000E+01    0.0000000E+00   -3.4107600E-11   -2.3621971E-10   -5.0829602E-11    1.5941507E-10    1.2999329E-11
    1.9950000E+01    0.0000000E+00   -1.1522043E-11   -2.3662507E-10   -5.0932231E-11    1.4925137E-10    1.2170746E-11
