# Time          3.0000E+00
# Units: Dimensionless (Log10(Q/Keq)
    Distance           Quartz           K-Feldspar_Li    Oligoclase_Li    Biotite_Li       Kaolinite_Li7    Kaolinite_Li6
    5.0000000E-02   -2.1315187E-01   -4.3953666E+00   -8.5688530E+00   -3.1718338E+01    3.8346541E-03   -1.2103408E-02
    1.5000000E-01   -4.8901465E-03   -3.7851953E+00   -8.0041387E+00   -3.0333169E+01    6.2847347E-03   -9.6598449E-03
    2.5000000E-01    1.3709911E-02   -3.7331472E+00   -7.9591895E+00   -3.0016619E+01    5.9130933E-03   -1.0039421E-02
    3.5000000E-01   -3.4534759E-02   -3.8776380E+00   -8.0982427E+00   -3.0086390E+01    5.8608353E-03   -1.0102226E-02
    4.5000000E-01   -7.7655222E-02   -4.0062099E+00   -8.2229422E+00   -3.0165021E+01    5.9007004E-03   -1.0073282E-02
    5.5000000E-01   -9.3620314E-02   -4.0539156E+00   -8.2716876E+00   -3.0139538E+01    5.9683192E-03   -1.0014159E-02
    6.5000000E-01   -9.0620934E-02   -4.0452838E+00   -8.2670631E+00   -3.0042713E+01    6.0235955E-03   -9.9646541E-03
    7.5000000E-01   -7.9868839E-02   -4.0135522E+00   -8.2403718E+00   -2.9920081E+01    6.0629562E-03   -9.9294405E-03
    8.5000000E-01   -6.6968409E-02   -3.9752716E+00   -8.2073216E+00   -2.9793232E+01    6.0951965E-03   -9.9005395E-03
    9.5000000E-01   -5.3805883E-02   -3.9360058E+00   -8.1732215E+00   -2.9668801E+01    6.1254684E-03   -9.8731494E-03
    1.0500000E+00   -4.0871609E-02   -3.8972092E+00   -8.1394681E+00   -2.9548101E+01    6.1555507E-03   -9.8456198E-03
    1.1500000E+00   -2.8261194E-02   -3.8591766E+00   -8.1063489E+00   -2.9431067E+01    6.1859120E-03   -9.8175374E-03
    1.2500000E+00   -1.5978656E-02   -3.8219336E+00   -8.0738932E+00   -2.9317382E+01    6.2166479E-03   -9.7888400E-03
    1.3500000E+00   -4.0105230E-03   -3.7854536E+00   -8.0420794E+00   -2.9206731E+01    6.2477684E-03   -9.7595443E-03
    1.4500000E+00    7.6587688E-03   -3.7497029E+00   -8.0108790E+00   -2.9098844E+01    6.2792673E-03   -9.7296791E-03
    1.5500000E+00    1.9044121E-02   -3.7146486E+00   -7.9802641E+00   -2.8993490E+01    6.3111374E-03   -9.6992720E-03
    1.6500000E+00    3.0159422E-02   -3.6802600E+00   -7.9502083E+00   -2.8890471E+01    6.3433724E-03   -9.6683473E-03
    1.7500000E+00    4.1017577E-02   -3.6465084E+00   -7.9206873E+00   -2.8789617E+01    6.3759673E-03   -9.6369259E-03
    1.8500000E+00    5.1630588E-02   -3.6133669E+00   -7.8916782E+00   -2.8690778E+01    6.4089185E-03   -9.6050257E-03
    1.9500000E+00    6.2009637E-02   -3.5808105E+00   -7.8631598E+00   -2.8593824E+01    6.4422231E-03   -9.5726622E-03
    2.0500000E+00    7.2165163E-02   -3.5488156E+00   -7.8351121E+00   -2.8498637E+01    6.4758794E-03   -9.5398485E-03
    2.1500000E+00    8.2106920E-02   -3.5173601E+00   -7.8075163E+00   -2.8405116E+01    6.5098863E-03   -9.5065958E-03
    2.2500000E+00    9.1844042E-02   -3.4864232E+00   -7.7803549E+00   -2.8313167E+01    6.5442436E-03   -9.4729133E-03
    2.3500000E+00    1.0138509E-01   -3.4559855E+00   -7.7536113E+00   -2.8222707E+01    6.5789516E-03   -9.4388089E-03
    2.4500000E+00    1.1073811E-01   -3.4260285E+00   -7.7272701E+00   -2.8133659E+01    6.6140110E-03   -9.4042888E-03
    2.5500000E+00    1.1991064E-01   -3.3965348E+00   -7.7013164E+00   -2.8045955E+01    6.6494233E-03   -9.3693582E-03
    2.6500000E+00    1.2890980E-01   -3.3674879E+00   -7.6757365E+00   -2.7959531E+01    6.6851904E-03   -9.3340209E-03
    2.7500000E+00    1.3774228E-01   -3.3388724E+00   -7.6505172E+00   -2.7874331E+01    6.7213143E-03   -9.2982800E-03
    2.8500000E+00    1.4641440E-01   -3.3106735E+00   -7.6256462E+00   -2.7790299E+01    6.7577977E-03   -9.2621373E-03
    2.9500000E+00    1.5493213E-01   -3.2828773E+00   -7.6011118E+00   -2.7707389E+01    6.7946437E-03   -9.2255943E-03
    3.0500000E+00    1.6330111E-01   -3.2554705E+00   -7.5769027E+00   -2.7625552E+01    6.8318553E-03   -9.1886512E-03
    3.1500000E+00    1.7152666E-01   -3.2284405E+00   -7.5530084E+00   -2.7544748E+01    6.8694362E-03   -9.1513078E-03
    3.2500000E+00    1.7961386E-01   -3.2017754E+00   -7.5294189E+00   -2.7464937E+01    6.9073903E-03   -9.1135634E-03
    3.3500000E+00    1.8756748E-01   -3.1754638E+00   -7.5061246E+00   -2.7386082E+01    6.9457216E-03   -9.0754165E-03
    3.4500000E+00    1.9539207E-01   -3.1494949E+00   -7.4831164E+00   -2.7308148E+01    6.9844345E-03   -9.0368652E-03
    3.5500000E+00    2.0309196E-01   -3.1238582E+00   -7.4603856E+00   -2.7231103E+01    7.0235336E-03   -8.9979070E-03
    3.6500000E+00    2.1067125E-01   -3.0985440E+00   -7.4379240E+00   -2.7154917E+01    7.0630236E-03   -8.9585392E-03
    3.7500000E+00    2.1813385E-01   -3.0735428E+00   -7.4157237E+00   -2.7079560E+01    7.1029097E-03   -8.9187583E-03
    3.8500000E+00    2.2548348E-01   -3.0488455E+00   -7.3937772E+00   -2.7005006E+01    7.1431971E-03   -8.8785609E-03
    3.9500000E+00    2.3272367E-01   -3.0244437E+00   -7.3720772E+00   -2.6931230E+01    7.1838912E-03   -8.8379428E-03
    4.0500000E+00    2.3985782E-01   -3.0003289E+00   -7.3506168E+00   -2.6858206E+01    7.2249978E-03   -8.7968997E-03
    4.1500000E+00    2.4688914E-01   -2.9764934E+00   -7.3293894E+00   -2.6785913E+01    7.2665227E-03   -8.7554268E-03
    4.2500000E+00    2.5382073E-01   -2.9529296E+00   -7.3083888E+00   -2.6714328E+01    7.3084720E-03   -8.7135192E-03
    4.3500000E+00    2.6065551E-01   -2.9296301E+00   -7.2876088E+00   -2.6643430E+01    7.3508519E-03   -8.6711715E-03
    4.4500000E+00    2.6739632E-01   -2.9065881E+00   -7.2670437E+00   -2.6573200E+01    7.3936691E-03   -8.6283780E-03
    4.5500000E+00    2.7404583E-01   -2.8837968E+00   -7.2466878E+00   -2.6503620E+01    7.4369300E-03   -8.5851329E-03
    4.6500000E+00    2.8060665E-01   -2.8612499E+00   -7.2265357E+00   -2.6434671E+01    7.4806418E-03   -8.5414300E-03
    4.7500000E+00    2.8708122E-01   -2.8389410E+00   -7.2065824E+00   -2.6366335E+01    7.5248113E-03   -8.4972629E-03
    4.8500000E+00    2.9347194E-01   -2.8168643E+00   -7.1868228E+00   -2.6298598E+01    7.5694460E-03   -8.4526247E-03
    4.9500000E+00    2.9978106E-01   -2.7950141E+00   -7.1672523E+00   -2.6231442E+01    7.6145534E-03   -8.4075086E-03
    5.0500000E+00    3.0601077E-01   -2.7733848E+00   -7.1478661E+00   -2.6164854E+01    7.6601411E-03   -8.3619073E-03
    5.1500000E+00    3.1216317E-01   -2.7519711E+00   -7.1286599E+00   -2.6098818E+01    7.7062172E-03   -8.3158132E-03
    5.2500000E+00    3.1824027E-01   -2.7307680E+00   -7.1096293E+00   -2.6033321E+01    7.7527897E-03   -8.2692186E-03
    5.3500000E+00    3.2424400E-01   -2.7097704E+00   -7.0907703E+00   -2.5968350E+01    7.7998671E-03   -8.2221155E-03
    5.4500000E+00    3.3017624E-01   -2.6889735E+00   -7.0720790E+00   -2.5903892E+01    7.8474580E-03   -8.1744956E-03
    5.5500000E+00    3.3603876E-01   -2.6683729E+00   -7.0535514E+00   -2.5839934E+01    7.8955712E-03   -8.1263504E-03
    5.6500000E+00    3.4183329E-01   -2.6479640E+00   -7.0351838E+00   -2.5776465E+01    7.9442158E-03   -8.0776709E-03
    5.7500000E+00    3.4756150E-01   -2.6277426E+00   -7.0169728E+00   -2.5713473E+01    7.9934012E-03   -8.0284481E-03
    5.8500000E+00    3.5322499E-01   -2.6077045E+00   -6.9989148E+00   -2.5650948E+01    8.0431369E-03   -7.9786727E-03
    5.9500000E+00    3.5882529E-01   -2.5878456E+00   -6.9810064E+00   -2.5588879E+01    8.0934329E-03   -7.9283349E-03
    6.0500000E+00    3.6436390E-01   -2.5681622E+00   -6.9632445E+00   -2.5527255E+01    8.1442992E-03   -7.8774249E-03
    6.1500000E+00    3.6984226E-01   -2.5486504E+00   -6.9456259E+00   -2.5466068E+01    8.1957462E-03   -7.8259324E-03
    6.2500000E+00    3.7526174E-01   -2.5293065E+00   -6.9281476E+00   -2.5405306E+01    8.2477846E-03   -7.7738470E-03
    6.3500000E+00    3.8062370E-01   -2.5101272E+00   -6.9108067E+00   -2.5344962E+01    8.3004254E-03   -7.7211576E-03
    6.4500000E+00    3.8592942E-01   -2.4911089E+00   -6.8936002E+00   -2.5285025E+01    8.3536799E-03   -7.6678533E-03
    6.5500000E+00    3.9118015E-01   -2.4722484E+00   -6.8765254E+00   -2.5225488E+01    8.4075595E-03   -7.6139226E-03
    6.6500000E+00    3.9637711E-01   -2.4535423E+00   -6.8595797E+00   -2.5166343E+01    8.4620763E-03   -7.5593536E-03
    6.7500000E+00    4.0152145E-01   -2.4349877E+00   -6.8427605E+00   -2.5107580E+01    8.5172425E-03   -7.5041342E-03
    6.8500000E+00    4.0661432E-01   -2.4165815E+00   -6.8260652E+00   -2.5049192E+01    8.5730706E-03   -7.4482520E-03
    6.9500000E+00    4.1165681E-01   -2.3983207E+00   -6.8094914E+00   -2.4991173E+01    8.6295735E-03   -7.3916941E-03
    7.0500000E+00    4.1664997E-01   -2.3802026E+00   -6.7930366E+00   -2.4933513E+01    8.6867646E-03   -7.3344472E-03
    7.1500000E+00    4.2159483E-01   -2.3622242E+00   -6.7766987E+00   -2.4876206E+01    8.7446575E-03   -7.2764979E-03
    7.2500000E+00    4.2649239E-01   -2.3443830E+00   -6.7604753E+00   -2.4819245E+01    8.8032663E-03   -7.2178320E-03
    7.3500000E+00    4.3134362E-01   -2.3266764E+00   -6.7443643E+00   -2.4762623E+01    8.8626055E-03   -7.1584352E-03
    7.4500000E+00    4.3614944E-01   -2.3091017E+00   -6.7283635E+00   -2.4706334E+01    8.9226898E-03   -7.0982926E-03
    7.5500000E+00    4.4091076E-01   -2.2916565E+00   -6.7124709E+00   -2.4650371E+01    8.9835346E-03   -7.0373890E-03
    7.6500000E+00    4.4562846E-01   -2.2743384E+00   -6.6966845E+00   -2.4594729E+01    9.0451558E-03   -6.9757087E-03
    7.7500000E+00    4.5030340E-01   -2.2571451E+00   -6.6810023E+00   -2.4539400E+01    9.1075694E-03   -6.9132355E-03
    7.8500000E+00    4.5493640E-01   -2.2400743E+00   -6.6654224E+00   -2.4484379E+01    9.1707923E-03   -6.8499527E-03
    7.9500000E+00    4.5952826E-01   -2.2231237E+00   -6.6499430E+00   -2.4429660E+01    9.2348416E-03   -6.7858431E-03
    8.0500000E+00    4.6407978E-01   -2.2062913E+00   -6.6345621E+00   -2.4375238E+01    9.2997350E-03   -6.7208890E-03
    8.1500000E+00    4.6859169E-01   -2.1895749E+00   -6.6192782E+00   -2.4321107E+01    9.3654908E-03   -6.6550723E-03
    8.2500000E+00    4.7306475E-01   -2.1729724E+00   -6.6040894E+00   -2.4267262E+01    9.4321279E-03   -6.5883741E-03
    8.3500000E+00    4.7749967E-01   -2.1564818E+00   -6.5889942E+00   -2.4213698E+01    9.4996656E-03   -6.5207750E-03
    8.4500000E+00    4.8189714E-01   -2.1401013E+00   -6.5739907E+00   -2.4160409E+01    9.5681240E-03   -6.4522550E-03
    8.5500000E+00    4.8625784E-01   -2.1238288E+00   -6.5590776E+00   -2.4107391E+01    9.6375237E-03   -6.3827935E-03
    8.6500000E+00    4.9058244E-01   -2.1076626E+00   -6.5442531E+00   -2.4054639E+01    9.7078859E-03   -6.3123692E-03
    8.7500000E+00    4.9487156E-01   -2.0916009E+00   -6.5295158E+00   -2.4002147E+01    9.7792327E-03   -6.2409603E-03
    8.8500000E+00    4.9912584E-01   -2.0756418E+00   -6.5148643E+00   -2.3949913E+01    9.8515868E-03   -6.1685439E-03
    8.9500000E+00    5.0334588E-01   -2.0597837E+00   -6.5002970E+00   -2.3897930E+01    9.9249715E-03   -6.0950967E-03
    9.0500000E+00    5.0753227E-01   -2.0440248E+00   -6.4858125E+00   -2.3846195E+01    9.9994111E-03   -6.0205946E-03
    9.1500000E+00    5.1168560E-01   -2.0283636E+00   -6.4714094E+00   -2.3794703E+01    1.0074930E-02   -5.9450125E-03
    9.2500000E+00    5.1580641E-01   -2.0127984E+00   -6.4570865E+00   -2.3743450E+01    1.0151555E-02   -5.8683247E-03
    9.3500000E+00    5.1989525E-01   -1.9973276E+00   -6.4428424E+00   -2.3692433E+01    1.0229313E-02   -5.7905044E-03
    9.4500000E+00    5.2395266E-01   -1.9819497E+00   -6.4286758E+00   -2.3641646E+01    1.0308230E-02   -5.7115241E-03
    9.5500000E+00    5.2797916E-01   -1.9666633E+00   -6.4145853E+00   -2.3591086E+01    1.0388336E-02   -5.6313553E-03
    9.6500000E+00    5.3197525E-01   -1.9514668E+00   -6.4005699E+00   -2.3540749E+01    1.0469660E-02   -5.5499683E-03
    9.7500000E+00    5.3594143E-01   -1.9363589E+00   -6.3866283E+00   -2.3490632E+01    1.0552232E-02   -5.4673327E-03
    9.8500000E+00    5.3987817E-01   -1.9213381E+00   -6.3727592E+00   -2.3440731E+01    1.0636084E-02   -5.3834169E-03
    9.9500000E+00    5.4378595E-01   -1.9064030E+00   -6.3589616E+00   -2.3391041E+01    1.0721250E-02   -5.2981880E-03
    1.0050000E+01    5.4766522E-01   -1.8915523E+00   -6.3452343E+00   -2.3341560E+01    1.0807762E-02   -5.2116121E-03
    1.0150000E+01    5.5151642E-01   -1.8767847E+00   -6.3315761E+00   -2.3292284E+01    1.0895657E-02   -5.1236540E-03
    1.0250000E+01    5.5534000E-01   -1.8620990E+00   -6.3179861E+00   -2.3243210E+01    1.0984970E-02   -5.0342773E-03
    1.0350000E+01    5.5913639E-01   -1.8474938E+00   -6.3044631E+00   -2.3194334E+01    1.1075739E-02   -4.9434441E-03
    1.0450000E+01    5.6290598E-01   -1.8329679E+00   -6.2910060E+00   -2.3145653E+01    1.1168005E-02   -4.8511151E-03
    1.0550000E+01    5.6664920E-01   -1.8185201E+00   -6.2776139E+00   -2.3097163E+01    1.1261806E-02   -4.7572497E-03
    1.0650000E+01    5.7036643E-01   -1.8041493E+00   -6.2642858E+00   -2.3048863E+01    1.1357186E-02   -4.6618056E-03
    1.0750000E+01    5.7405807E-01   -1.7898542E+00   -6.2510206E+00   -2.3000748E+01    1.1454189E-02   -4.5647387E-03
    1.0850000E+01    5.7772449E-01   -1.7756337E+00   -6.2378173E+00   -2.2952815E+01    1.1552861E-02   -4.4660035E-03
    1.0950000E+01    5.8136607E-01   -1.7614868E+00   -6.2246751E+00   -2.2905062E+01    1.1653247E-02   -4.3655524E-03
    1.1050000E+01    5.8498315E-01   -1.7474123E+00   -6.2115930E+00   -2.2857485E+01    1.1755400E-02   -4.2633362E-03
    1.1150000E+01    5.8857610E-01   -1.7334091E+00   -6.1985701E+00   -2.2810082E+01    1.1859368E-02   -4.1593034E-03
    1.1250000E+01    5.9214526E-01   -1.7194762E+00   -6.1856054E+00   -2.2762850E+01    1.1965207E-02   -4.0534007E-03
    1.1350000E+01    5.9569096E-01   -1.7056126E+00   -6.1726981E+00   -2.2715786E+01    1.2072971E-02   -3.9455723E-03
    1.1450000E+01    5.9921354E-01   -1.6918173E+00   -6.1598473E+00   -2.2668887E+01    1.2182718E-02   -3.8357602E-03
    1.1550000E+01    6.0271332E-01   -1.6780892E+00   -6.1470521E+00   -2.2622151E+01    1.2294510E-02   -3.7239040E-03
    1.1650000E+01    6.0619062E-01   -1.6644273E+00   -6.1343118E+00   -2.2575575E+01    1.2408409E-02   -3.6099407E-03
    1.1750000E+01    6.0964574E-01   -1.6508308E+00   -6.1216254E+00   -2.2529156E+01    1.2524480E-02   -3.4938044E-03
    1.1850000E+01    6.1307898E-01   -1.6372987E+00   -6.1089922E+00   -2.2482892E+01    1.2642793E-02   -3.3754266E-03
    1.1950000E+01    6.1649065E-01   -1.6238300E+00   -6.0964113E+00   -2.2436780E+01    1.2763420E-02   -3.2547354E-03
    1.2050000E+01    6.1988102E-01   -1.6104238E+00   -6.0838820E+00   -2.2390818E+01    1.2886434E-02   -3.1316559E-03
    1.2150000E+01    6.2325039E-01   -1.5970792E+00   -6.0714034E+00   -2.2345003E+01    1.3011915E-02   -3.0061098E-03
    1.2250000E+01    6.2659902E-01   -1.5837954E+00   -6.0589749E+00   -2.2299333E+01    1.3139945E-02   -2.8780152E-03
    1.2350000E+01    6.2992720E-01   -1.5705715E+00   -6.0465956E+00   -2.2253805E+01    1.3270609E-02   -2.7472861E-03
    1.2450000E+01    6.3323518E-01   -1.5574066E+00   -6.0342647E+00   -2.2208418E+01    1.3403997E-02   -2.6138328E-03
    1.2550000E+01    6.3652323E-01   -1.5442999E+00   -6.0219817E+00   -2.2163169E+01    1.3540203E-02   -2.4775611E-03
    1.2650000E+01    6.3979159E-01   -1.5312505E+00   -6.0097457E+00   -2.2118055E+01    1.3679327E-02   -2.3383721E-03
    1.2750000E+01    6.4304053E-01   -1.5182576E+00   -5.9975559E+00   -2.2073075E+01    1.3821471E-02   -2.1961624E-03
    1.2850000E+01    6.4627028E-01   -1.5053205E+00   -5.9854118E+00   -2.2028225E+01    1.3966744E-02   -2.0508230E-03
    1.2950000E+01    6.4948109E-01   -1.4924382E+00   -5.9733125E+00   -2.1983505E+01    1.4115262E-02   -1.9022397E-03
    1.3050000E+01    6.5267318E-01   -1.4796101E+00   -5.9612575E+00   -2.1938912E+01    1.4267143E-02   -1.7502924E-03
    1.3150000E+01    6.5584679E-01   -1.4668354E+00   -5.9492459E+00   -2.1894443E+01    1.4422515E-02   -1.5948545E-03
    1.3250000E+01    6.5900214E-01   -1.4541133E+00   -5.9372772E+00   -2.1850096E+01    1.4581510E-02   -1.4357929E-03
    1.3350000E+01    6.6213946E-01   -1.4414430E+00   -5.9253505E+00   -2.1805871E+01    1.4744269E-02   -1.2729673E-03
    1.3450000E+01    6.6525895E-01   -1.4288238E+00   -5.9134654E+00   -2.1761763E+01    1.4910940E-02   -1.1062299E-03
    1.3550000E+01    6.6836084E-01   -1.4162549E+00   -5.9016210E+00   -2.1717772E+01    1.5081679E-02   -9.3542444E-04
    1.3650000E+01    6.7144532E-01   -1.4037356E+00   -5.8898168E+00   -2.1673896E+01    1.5256650E-02   -7.6038616E-04
    1.3750000E+01    6.7451260E-01   -1.3912652E+00   -5.8780520E+00   -2.1630131E+01    1.5436028E-02   -5.8094076E-04
    1.3850000E+01    6.7756289E-01   -1.3788430E+00   -5.8663261E+00   -2.1586477E+01    1.5619998E-02   -3.9690385E-04
    1.3950000E+01    6.8059638E-01   -1.3664682E+00   -5.8546383E+00   -2.1542932E+01    1.5808754E-02   -2.0808020E-04
    1.4050000E+01    6.8361325E-01   -1.3541402E+00   -5.8429881E+00   -2.1499493E+01    1.6002504E-02   -1.4262887E-05
    1.4150000E+01    6.8661370E-01   -1.3418581E+00   -5.8313747E+00   -2.1456159E+01    1.6201467E-02    1.8476762E-04
    1.4250000E+01    6.8959791E-01   -1.3296214E+00   -5.8197975E+00   -2.1412928E+01    1.6405876E-02    3.8924445E-04
    1.4350000E+01    6.9256607E-01   -1.3174293E+00   -5.8082558E+00   -2.1369797E+01    1.6615978E-02    5.9941538E-04
    1.4450000E+01    6.9551835E-01   -1.3052812E+00   -5.7967491E+00   -2.1326765E+01    1.6832039E-02    8.1554413E-04
    1.4550000E+01    6.9845492E-01   -1.2931762E+00   -5.7852767E+00   -2.1283831E+01    1.7054337E-02    1.0379116E-03
    1.4650000E+01    7.0137595E-01   -1.2811138E+00   -5.7738378E+00   -2.1240992E+01    1.7283174E-02    1.2668173E-03
    1.4750000E+01    7.0428162E-01   -1.2690931E+00   -5.7624319E+00   -2.1198246E+01    1.7518869E-02    1.5025811E-03
    1.4850000E+01    7.0717209E-01   -1.2571136E+00   -5.7510583E+00   -2.1155592E+01    1.7761763E-02    1.7455450E-03
    1.4950000E+01    7.1004751E-01   -1.2451746E+00   -5.7397163E+00   -2.1113027E+01    1.8012224E-02    1.9960749E-03
    1.5050000E+01    7.1290805E-01   -1.2332752E+00   -5.7284052E+00   -2.1070551E+01    1.8270642E-02    2.2545629E-03
    1.5150000E+01    7.1575386E-01   -1.2214148E+00   -5.7171243E+00   -2.1028161E+01    1.8537439E-02    2.5214299E-03
    1.5250000E+01    7.1858509E-01   -1.2095927E+00   -5.7058730E+00   -2.0985855E+01    1.8813067E-02    2.7971284E-03
    1.5350000E+01    7.2140190E-01   -1.1978081E+00   -5.6946505E+00   -2.0943632E+01    1.9098013E-02    3.0821449E-03
    1.5450000E+01    7.2420442E-01   -1.1860603E+00   -5.6834562E+00   -2.0901490E+01    1.9392801E-02    3.3770042E-03
    1.5550000E+01    7.2699281E-01   -1.1743485E+00   -5.6722891E+00   -2.0859426E+01    1.9697998E-02    3.6822727E-03
    1.5650000E+01    7.2976720E-01   -1.1626721E+00   -5.6611487E+00   -2.0817440E+01    2.0014217E-02    3.9985629E-03
    1.5750000E+01    7.3252774E-01   -1.1510301E+00   -5.6500341E+00   -2.0775529E+01    2.0342120E-02    4.3265382E-03
    1.5850000E+01    7.3527455E-01   -1.1394217E+00   -5.6389445E+00   -2.0733692E+01    2.0682428E-02    4.6669184E-03
    1.5950000E+01    7.3800777E-01   -1.1278462E+00   -5.6278791E+00   -2.0691926E+01    2.1035924E-02    5.0204863E-03
    1.6050000E+01    7.4072753E-01   -1.1163027E+00   -5.6168369E+00   -2.0650230E+01    2.1403459E-02    5.3880944E-03
    1.6150000E+01    7.4343397E-01   -1.1047903E+00   -5.6058171E+00   -2.0608602E+01    2.1785965E-02    5.7706734E-03
    1.6250000E+01    7.4612719E-01   -1.0933080E+00   -5.5948188E+00   -2.0567040E+01    2.2184459E-02    6.1692413E-03
    1.6350000E+01    7.4880734E-01   -1.0818549E+00   -5.5838408E+00   -2.0525542E+01    2.2600058E-02    6.5849144E-03
    1.6450000E+01    7.5147452E-01   -1.0704300E+00   -5.5728823E+00   -2.0484105E+01    2.3033989E-02    7.0189195E-03
    1.6550000E+01    7.5412886E-01   -1.0590322E+00   -5.5619420E+00   -2.0442729E+01    2.3487603E-02    7.4726082E-03
    1.6650000E+01    7.5677047E-01   -1.0476603E+00   -5.5510187E+00   -2.0401411E+01    2.3962394E-02    7.9474739E-03
    1.6750000E+01    7.5939947E-01   -1.0363131E+00   -5.5401112E+00   -2.0360148E+01    2.4460015E-02    8.4451710E-03
    1.6850000E+01    7.6201597E-01   -1.0249894E+00   -5.5292181E+00   -2.0318939E+01    2.4982306E-02    8.9675377E-03
    1.6950000E+01    7.6462008E-01   -1.0136878E+00   -5.5183379E+00   -2.0277781E+01    2.5531315E-02    9.5166232E-03
    1.7050000E+01    7.6721190E-01   -1.0024066E+00   -5.5074690E+00   -2.0236672E+01    2.6109334E-02    1.0094719E-02
    1.7150000E+01    7.6979154E-01   -9.9114441E-01   -5.4966097E+00   -2.0195608E+01    2.6718935E-02    1.0704398E-02
    1.7250000E+01    7.7235910E-01   -9.7989926E-01   -5.4857579E+00   -2.0154588E+01    2.7363016E-02    1.1348556E-02
    1.7350000E+01    7.7491468E-01   -9.6866923E-01   -5.4749116E+00   -2.0113609E+01    2.8044856E-02    1.2030474E-02
    1.7450000E+01    7.7745838E-01   -9.5745209E-01   -5.4640683E+00   -2.0072667E+01    2.8768177E-02    1.2753874E-02
    1.7550000E+01    7.7999030E-01   -9.4624541E-01   -5.4532255E+00   -2.0031759E+01    2.9537232E-02    1.3523009E-02
    1.7650000E+01    7.8251053E-01   -9.3504641E-01   -5.4423800E+00   -1.9990881E+01    3.0356898E-02    1.4342754E-02
    1.7750000E+01    7.8501916E-01   -9.2385197E-01   -5.4315285E+00   -1.9950030E+01    3.1232798E-02    1.5218734E-02
    1.7850000E+01    7.8751628E-01   -9.1265852E-01   -5.4206670E+00   -1.9909201E+01    3.2171458E-02    1.6157475E-02
    1.7950000E+01    7.9000197E-01   -9.0146194E-01   -5.4097911E+00   -1.9868389E+01    3.3180496E-02    1.7166595E-02
    1.8050000E+01    7.9247632E-01   -8.9025747E-01   -5.3988954E+00   -1.9827589E+01    3.4268868E-02    1.8255049E-02
    1.8150000E+01    7.9493941E-01   -8.7903952E-01   -5.3879740E+00   -1.9786793E+01    3.5447184E-02    1.9433448E-02
    1.8250000E+01    7.9739132E-01   -8.6780148E-01   -5.3770194E+00   -1.9745995E+01    3.6728114E-02    2.0714462E-02
    1.8350000E+01    7.9983212E-01   -8.5653543E-01   -5.3660230E+00   -1.9705187E+01    3.8126934E-02    2.2113366E-02
    1.8450000E+01    8.0226188E-01   -8.4523185E-01   -5.3549743E+00   -1.9664357E+01    3.9662245E-02    2.3648761E-02
    1.8550000E+01    8.0468068E-01   -8.3387901E-01   -5.3438604E+00   -1.9623494E+01    4.1356959E-02    2.5343560E-02
    1.8650000E+01    8.0708856E-01   -8.2246241E-01   -5.3326651E+00   -1.9582582E+01    4.3239657E-02    2.7226345E-02
    1.8750000E+01    8.0948560E-01   -8.1096376E-01   -5.3213685E+00   -1.9541602E+01    4.5346517E-02    2.9333292E-02
    1.8850000E+01    8.1187184E-01   -7.9935957E-01   -5.3099446E+00   -1.9500531E+01    4.7724089E-02    3.1710952E-02
    1.8950000E+01    8.1424733E-01   -7.8761917E-01   -5.2983594E+00   -1.9459338E+01    5.0433422E-02    3.4420374E-02
    1.9050000E+01    8.1661210E-01   -7.7570147E-01   -5.2865678E+00   -1.9417982E+01    5.3556371E-02    3.7543413E-02
    1.9150000E+01    8.1896616E-01   -7.6355006E-01   -5.2745075E+00   -1.9376405E+01    5.7205600E-02    4.1192733E-02
    1.9250000E+01    8.2130952E-01   -7.5108487E-01   -5.2620901E+00   -1.9334530E+01    6.1541113E-02    4.5528339E-02
    1.9350000E+01    8.2364215E-01   -7.3818784E-01   -5.2491854E+00   -1.9292239E+01    6.6799042E-02    5.0786362E-02
    1.9450000E+01    8.2596398E-01   -7.2467624E-01   -5.2355920E+00   -1.9249352E+01    7.3344994E-02    5.7332409E-02
    1.9550000E+01    8.2827481E-01   -7.1024929E-01   -5.2209783E+00   -1.9205573E+01    8.1781246E-02    6.5768759E-02
    1.9650000E+01    8.3057136E-01   -6.9437712E-01   -5.2047586E+00   -1.9160391E+01    9.3186202E-02    7.7173815E-02
    1.9750000E+01    8.3271506E-01   -6.7638145E-01   -5.1861159E+00   -1.9113542E+01    1.0973655E-01    9.3724264E-02
    1.9850000E+01    8.3073979E-01   -6.6532135E-01   -5.1730307E+00   -1.9085384E+01    1.3679853E-01    1.2078635E-01
    1.9950000E+01    9.4162256E-01   -3.0732358E-01   -4.8351838E+00   -1.8386494E+01    1.8729580E-01    1.7128368E-01
