# Time          3.5000E+00
# Units: Mol/kgw
    Distance           H+               Na+              K+               Ca++             Mg++             Al+++            Fe+++            Fe++             Li7+             Li6+             SiO2(aq)         CO2(aq)          O2(aq)           Cl-          
    5.0000000E-02   -4.9441834E-05    2.7191377E-05    7.2831051E-06    2.8744408E-05    1.2239483E-05    6.8600225E-08    8.1345083E-17    5.9551993E-08    3.0582893E-08    2.4555273E-09    1.8057616E-05    5.4558033E-04    2.6718738E-04    6.7358372E-05
    1.5000000E-01   -8.3123959E-05    4.5642626E-05    1.2289527E-05    4.7986180E-05    2.0544112E-05    4.2963447E-08    1.3571038E-16    1.6166453E-07    5.0862780E-08    4.0793452E-09    3.0890862E-05    9.1020760E-04    4.4575650E-04    1.1237594E-04
    2.5000000E-01   -9.7460643E-05    5.3250830E-05    1.4434547E-05    5.5589828E-05    2.3967604E-05    3.5523333E-08    1.5708177E-16    2.8124663E-07    5.9264358E-08    4.7483057E-09    3.7004271E-05    1.0535452E-03    5.1595333E-04    1.3007267E-04
    3.5000000E-01   -9.2074978E-05    4.9907909E-05    1.3662375E-05    5.1550665E-05    2.2461645E-05    3.4366949E-08    1.4548256E-16    3.9240535E-07    5.5583212E-08    4.4473157E-09    3.6042835E-05    9.7574951E-04    4.7785438E-04    1.2046787E-04
    4.5000000E-01   -8.1462239E-05    4.3705744E-05    1.2114294E-05    4.4529386E-05    1.9668885E-05    3.4445062E-08    1.2545762E-16    4.8787889E-07    4.8744115E-08    3.8938496E-09    3.3090515E-05    8.4144251E-04    4.1208014E-04    1.0388607E-04
    5.5000000E-01   -7.4096635E-05    3.9346817E-05    1.1043513E-05    3.9523022E-05    1.7706086E-05    3.3724937E-08    1.1115693E-16    5.7187732E-07    4.3941028E-08    3.5049065E-09    3.1191958E-05    7.4552800E-04    3.6510787E-04    9.2044287E-05
    6.5000000E-01   -7.0928324E-05    3.7341538E-05    1.0591582E-05    3.7051439E-05    1.6802929E-05    3.2148987E-08    1.0404512E-16    6.5012734E-07    4.1739597E-08    3.3255336E-09    3.0733621E-05    6.9782914E-04    3.4174827E-04    8.6155296E-05
    7.5000000E-01   -7.0301311E-05    3.6756926E-05    1.0514470E-05    3.6104444E-05    1.6539382E-05    3.0253244E-08    1.0125540E-16    7.2618687E-07    4.1110859E-08    3.2728210E-09    3.1158120E-05    6.7911857E-04    3.3258514E-04    8.3845254E-05
    8.5000000E-01   -7.0782190E-05    3.6790354E-05    1.0600694E-05    3.5819299E-05    1.6554119E-05    2.8365672E-08    1.0034153E-16    8.0163918E-07    4.1168497E-08    3.2754530E-09    3.1970161E-05    6.7298922E-04    3.2958341E-04    8.3088513E-05
    9.5000000E-01   -7.1652563E-05    3.7040368E-05    1.0744236E-05    3.5765454E-05    1.6666420E-05    2.6594433E-08    1.0008300E-16    8.7704974E-07    4.1468794E-08    3.2977363E-09    3.2919555E-05    6.7125528E-04    3.2873424E-04    8.2874437E-05
    1.0500000E+00   -7.2640180E-05    3.7355007E-05    1.0904920E-05    3.5780118E-05    1.6807876E-05    2.4957682E-08    1.0001841E-16    9.5258941E-07    4.1843643E-08    3.3261425E-09    3.3911119E-05    6.7082209E-04    3.2852210E-04    8.2820955E-05
    1.1500000E+00   -7.3660026E-05    3.7686864E-05    1.1070205E-05    3.5812539E-05    1.6957146E-05    2.3448710E-08    1.0000393E-16    1.0283034E-06    4.2240525E-08    3.3564372E-09    3.4915058E-05    6.7072496E-04    3.2847453E-04    8.2808963E-05
    1.2500000E+00   -7.4689251E-05    3.8023218E-05    1.1236724E-05    3.5849107E-05    1.7108504E-05    2.2056337E-08    1.0000098E-16    1.1042024E-06    4.2645297E-08    3.3874715E-09    3.5923354E-05    6.7070516E-04    3.2846483E-04    8.2806519E-05
    1.3500000E+00   -7.5722422E-05    3.8361058E-05    1.1403679E-05    3.5886599E-05    1.7260595E-05    2.0769683E-08    1.0000043E-16    1.1802889E-06    4.3054563E-08    3.4189619E-09    3.6934098E-05    6.7070146E-04    3.2846302E-04    8.2806062E-05
    1.4500000E+00   -7.6758361E-05    3.8699743E-05    1.1570900E-05    3.5924329E-05    1.7413130E-05    1.9578950E-08    1.0000033E-16    1.2565637E-06    4.3467563E-08    3.4508375E-09    3.7946879E-05    6.7070082E-04    3.2846271E-04    8.2805983E-05
    1.5500000E+00   -7.7796822E-05    3.9039150E-05    1.1738356E-05    3.5962165E-05    1.7566054E-05    1.8475403E-08    1.0000032E-16    1.3330270E-06    4.3884114E-08    3.4830748E-09    3.8961612E-05    6.7070072E-04    3.2846266E-04    8.2805970E-05
    1.6500000E+00   -7.8837744E-05    3.9379258E-05    1.1906039E-05    3.6000083E-05    1.7719358E-05    1.7451252E-08    1.0000031E-16    1.4096792E-06    4.4304151E-08    3.5156608E-09    3.9978279E-05    6.7070070E-04    3.2846265E-04    8.2805968E-05
    1.7500000E+00   -7.9881102E-05    3.9720063E-05    1.2073949E-05    3.6038080E-05    1.7873041E-05    1.6499531E-08    1.0000031E-16    1.4865204E-06    4.4727635E-08    3.5485855E-09    4.0996872E-05    6.7070070E-04    3.2846265E-04    8.2805968E-05
    1.8500000E+00   -8.0926879E-05    4.0061566E-05    1.2242087E-05    3.6076155E-05    1.8027102E-05    1.5613998E-08    1.0000031E-16    1.5635510E-06    4.5154535E-08    3.5818400E-09    4.2017387E-05    6.7070070E-04    3.2846265E-04    8.2805968E-05
    1.9500000E+00   -8.1975060E-05    4.0403767E-05    1.2410452E-05    3.6114307E-05    1.8181542E-05    1.4789048E-08    1.0000031E-16    1.6407711E-06    4.5584823E-08    3.6154166E-09    4.3039820E-05    6.7070070E-04    3.2846265E-04    8.2805968E-05
    2.0500000E+00   -8.3025634E-05    4.0746668E-05    1.2579045E-05    3.6152538E-05    1.8336362E-05    1.4019636E-08    1.0000031E-16    1.7181811E-06    4.6018475E-08    3.6493082E-09    4.4064168E-05    6.7070070E-04    3.2846265E-04    8.2805968E-05
    2.1500000E+00   -8.4078588E-05    4.1090268E-05    1.2747866E-05    3.6190846E-05    1.8491562E-05    1.3301214E-08    1.0000031E-16    1.7957810E-06    4.6455470E-08    3.6835086E-09    4.5090427E-05    6.7070070E-04    3.2846265E-04    8.2805968E-05
    2.2500000E+00   -8.5133913E-05    4.1434569E-05    1.2916915E-05    3.6229233E-05    1.8647143E-05    1.2629675E-08    1.0000031E-16    1.8735713E-06    4.6895789E-08    3.7180122E-09    4.6118596E-05    6.7070070E-04    3.2846265E-04    8.2805968E-05
    2.3500000E+00   -8.6191600E-05    4.1779572E-05    1.3086192E-05    3.6267698E-05    1.8803104E-05    1.2001301E-08    1.0000031E-16    1.9515521E-06    4.7339417E-08    3.7528141E-09    4.7148673E-05    6.7070070E-04    3.2846265E-04    8.2805968E-05
    2.4500000E+00   -8.7251641E-05    4.2125276E-05    1.3255698E-05    3.6306241E-05    1.8959447E-05    1.1412722E-08    1.0000031E-16    2.0297236E-06    4.7786339E-08    3.7879099E-09    4.8180655E-05    6.7070070E-04    3.2846265E-04    8.2805968E-05
    2.5500000E+00   -8.8314031E-05    4.2471684E-05    1.3425431E-05    3.6344862E-05    1.9116172E-05    1.0860879E-08    1.0000031E-16    2.1080861E-06    4.8236542E-08    3.8232954E-09    4.9214541E-05    6.7070070E-04    3.2846265E-04    8.2805968E-05
    2.6500000E+00   -8.9378762E-05    4.2818795E-05    1.3595394E-05    3.6383562E-05    1.9273280E-05    1.0342990E-08    1.0000031E-16    2.1866399E-06    4.8690016E-08    3.8589673E-09    5.0250332E-05    6.7070070E-04    3.2846265E-04    8.2805968E-05
    2.7500000E+00   -9.0445829E-05    4.3166610E-05    1.3765585E-05    3.6422341E-05    1.9430770E-05    9.8565207E-09    1.0000031E-16    2.2653851E-06    4.9146752E-08    3.8949224E-09    5.1288024E-05    6.7070070E-04    3.2846265E-04    8.2805968E-05
    2.8500000E+00   -9.1515229E-05    4.3515130E-05    1.3936004E-05    3.6461198E-05    1.9588644E-05    9.3991595E-09    1.0000031E-16    2.3443220E-06    4.9606740E-08    3.9311577E-09    5.2327619E-05    6.7070070E-04    3.2846265E-04    8.2805968E-05
    2.9500000E+00   -9.2586957E-05    4.3864356E-05    1.4106653E-05    3.6500133E-05    1.9746902E-05    8.9687957E-09    1.0000031E-16    2.4234509E-06    5.0069976E-08    3.9676708E-09    5.3369115E-05    6.7070070E-04    3.2846265E-04    8.2805968E-05
    3.0500000E+00   -9.3661010E-05    4.4214289E-05    1.4277531E-05    3.6539148E-05    1.9905544E-05    8.5634981E-09    1.0000031E-16    2.5027719E-06    5.0536452E-08    4.0044595E-09    5.4412512E-05    6.7070070E-04    3.2846265E-04    8.2805968E-05
    3.1500000E+00   -9.4737384E-05    4.4564928E-05    1.4448638E-05    3.6578241E-05    2.0064571E-05    8.1814985E-09    1.0000031E-16    2.5822853E-06    5.1006164E-08    4.0415216E-09    5.5457811E-05    6.7070070E-04    3.2846265E-04    8.2805968E-05
    3.2500000E+00   -9.5816078E-05    4.4916276E-05    1.4619974E-05    3.6617413E-05    2.0223983E-05    7.8211749E-09    1.0000031E-16    2.6619914E-06    5.1479108E-08    4.0788556E-09    5.6505010E-05    6.7070070E-04    3.2846265E-04    8.2805968E-05
    3.3500000E+00   -9.6897089E-05    4.5268332E-05    1.4791540E-05    3.6656665E-05    2.0383781E-05    7.4810384E-09    1.0000031E-16    2.7418903E-06    5.1955281E-08    4.1164597E-09    5.7554111E-05    6.7070070E-04    3.2846265E-04    8.2805968E-05
    3.4500000E+00   -9.7980416E-05    4.5621097E-05    1.4963334E-05    3.6695995E-05    2.0543965E-05    7.1597201E-09    1.0000031E-16    2.8219823E-06    5.2434681E-08    4.1543327E-09    5.8605114E-05    6.7070070E-04    3.2846265E-04    8.2805968E-05
    3.5500000E+00   -9.9066056E-05    4.5974573E-05    1.5135359E-05    3.6735404E-05    2.0704535E-05    6.8559602E-09    1.0000031E-16    2.9022677E-06    5.2917305E-08    4.1924732E-09    5.9658018E-05    6.7070070E-04    3.2846265E-04    8.2805968E-05
    3.6500000E+00   -1.0015401E-04    4.6328759E-05    1.5307613E-05    3.6774893E-05    2.0865493E-05    6.5685979E-09    1.0000031E-16    2.9827466E-06    5.3403154E-08    4.2308802E-09    6.0712824E-05    6.7070070E-04    3.2846265E-04    8.2805968E-05
    3.7500000E+00   -1.0124427E-04    4.6683657E-05    1.5480096E-05    3.6814461E-05    2.1026839E-05    6.2965627E-09    1.0000031E-16    3.0634193E-06    5.3892226E-08    4.2695528E-09    6.1769533E-05    6.7070070E-04    3.2846265E-04    8.2805968E-05
    3.8500000E+00   -1.0233685E-04    4.7039266E-05    1.5652810E-05    3.6854109E-05    2.1188572E-05    6.0388660E-09    1.0000031E-16    3.1442861E-06    5.4384521E-08    4.3084902E-09    6.2828146E-05    6.7070070E-04    3.2846265E-04    8.2805968E-05
    3.9500000E+00   -1.0343174E-04    4.7395589E-05    1.5825753E-05    3.6893836E-05    2.1350694E-05    5.7945940E-09    1.0000031E-16    3.2253471E-06    5.4880040E-08    4.3476917E-09    6.3888662E-05    6.7070070E-04    3.2846265E-04    8.2805968E-05
    4.0500000E+00   -1.0452894E-04    4.7752625E-05    1.5998925E-05    3.6933642E-05    2.1513205E-05    5.5629014E-09    1.0000031E-16    3.3066027E-06    5.5378785E-08    4.3871567E-09    6.4951082E-05    6.7070070E-04    3.2846265E-04    8.2805968E-05
    4.1500000E+00   -1.0562845E-04    4.8110376E-05    1.6172328E-05    3.6973528E-05    2.1676106E-05    5.3430051E-09    1.0000031E-16    3.3880530E-06    5.5880755E-08    4.4268846E-09    6.6015408E-05    6.7070070E-04    3.2846265E-04    8.2805968E-05
    4.2500000E+00   -1.0673027E-04    4.8468842E-05    1.6345960E-05    3.7013494E-05    2.1839396E-05    5.1341794E-09    1.0000031E-16    3.4696982E-06    5.6385954E-08    4.4668751E-09    6.7081640E-05    6.7070070E-04    3.2846265E-04    8.2805968E-05
    4.3500000E+00   -1.0783440E-04    4.8828023E-05    1.6519822E-05    3.7053540E-05    2.2003077E-05    4.9357508E-09    1.0000031E-16    3.5515387E-06    5.6894383E-08    4.5071279E-09    6.8149779E-05    6.7070070E-04    3.2846265E-04    8.2805968E-05
    4.4500000E+00   -1.0894084E-04    4.9187921E-05    1.6693914E-05    3.7093665E-05    2.2167149E-05    4.7470939E-09    1.0000031E-16    3.6335746E-06    5.7406044E-08    4.5476426E-09    6.9219826E-05    6.7070070E-04    3.2846265E-04    8.2805968E-05
    4.5500000E+00   -1.1004959E-04    4.9548536E-05    1.6868236E-05    3.7133871E-05    2.2331612E-05    4.5676275E-09    1.0000031E-16    3.7158061E-06    5.7920941E-08    4.5884191E-09    7.0291781E-05    6.7070070E-04    3.2846265E-04    8.2805968E-05
    4.6500000E+00   -1.1116066E-04    4.9909869E-05    1.7042788E-05    3.7174156E-05    2.2496467E-05    4.3968108E-09    1.0000031E-16    3.7982336E-06    5.8439077E-08    4.6294572E-09    7.1365645E-05    6.7070070E-04    3.2846265E-04    8.2805968E-05
    4.7500000E+00   -1.1227404E-04    5.0271920E-05    1.7217570E-05    3.7214522E-05    2.2661714E-05    4.2341403E-09    1.0000031E-16    3.8808572E-06    5.8960454E-08    4.6707569E-09    7.2441420E-05    6.7070070E-04    3.2846265E-04    8.2805968E-05
    4.8500000E+00   -1.1338974E-04    5.0634691E-05    1.7392581E-05    3.7254968E-05    2.2827354E-05    4.0791469E-09    1.0000031E-16    3.9636771E-06    5.9485077E-08    4.7123181E-09    7.3519105E-05    6.7070070E-04    3.2846265E-04    8.2805968E-05
    4.9500000E+00   -1.1450775E-04    5.0998182E-05    1.7567822E-05    3.7295494E-05    2.2993387E-05    3.9313930E-09    1.0000031E-16    4.0466937E-06    6.0012950E-08    4.7541409E-09    7.4598703E-05    6.7070070E-04    3.2846265E-04    8.2805968E-05
    5.0500000E+00   -1.1562807E-04    5.1362393E-05    1.7743293E-05    3.7336100E-05    2.3159814E-05    3.7904704E-09    1.0000031E-16    4.1299071E-06    6.0544076E-08    4.7962253E-09    7.5680214E-05    6.7070070E-04    3.2846265E-04    8.2805968E-05
    5.1500000E+00   -1.1675072E-04    5.1727326E-05    1.7918993E-05    3.7376787E-05    2.3326635E-05    3.6559978E-09    1.0000031E-16    4.2133176E-06    6.1078460E-08    4.8385714E-09    7.6763639E-05    6.7070070E-04    3.2846265E-04    8.2805968E-05
    5.2500000E+00   -1.1787568E-04    5.2092982E-05    1.8094923E-05    3.7417554E-05    2.3493851E-05    3.5276189E-09    1.0000031E-16    4.2969254E-06    6.1616106E-08    4.8811794E-09    7.7848979E-05    6.7070070E-04    3.2846265E-04    8.2805968E-05
    5.3500000E+00   -1.1900296E-04    5.2459360E-05    1.8271083E-05    3.7458403E-05    2.3661461E-05    3.4050002E-09    1.0000031E-16    4.3807307E-06    6.2157020E-08    4.9240494E-09    7.8936235E-05    6.7070070E-04    3.2846265E-04    8.2805968E-05
    5.4500000E+00   -1.2013256E-04    5.2826461E-05    1.8447472E-05    3.7499331E-05    2.3829468E-05    3.2878298E-09    1.0000031E-16    4.4647338E-06    6.2701205E-08    4.9671816E-09    8.0025407E-05    6.7070070E-04    3.2846265E-04    8.2805968E-05
    5.5500000E+00   -1.2126449E-04    5.3194287E-05    1.8624090E-05    3.7540341E-05    2.3997870E-05    3.1758155E-09    1.0000031E-16    4.5489348E-06    6.3248669E-08    5.0105764E-09    8.1116497E-05    6.7070070E-04    3.2846265E-04    8.2805968E-05
    5.6500000E+00   -1.2239873E-04    5.3562838E-05    1.8800938E-05    3.7581431E-05    2.4166668E-05    3.0686835E-09    1.0000031E-16    4.6333342E-06    6.3799414E-08    5.0542339E-09    8.2209506E-05    6.7070070E-04    3.2846265E-04    8.2805968E-05
    5.7500000E+00   -1.2353531E-04    5.3932115E-05    1.8978015E-05    3.7622602E-05    2.4335864E-05    2.9661769E-09    1.0000031E-16    4.7179319E-06    6.4353448E-08    5.0981545E-09    8.3304435E-05    6.7070070E-04    3.2846265E-04    8.2805968E-05
    5.8500000E+00   -1.2467421E-04    5.4302118E-05    1.9155320E-05    3.7663854E-05    2.4505457E-05    2.8680548E-09    1.0000031E-16    4.8027284E-06    6.4910776E-08    5.1423384E-09    8.4401284E-05    6.7070070E-04    3.2846265E-04    8.2805968E-05
    5.9500000E+00   -1.2581543E-04    5.4672849E-05    1.9332855E-05    3.7705188E-05    2.4675448E-05    2.7740909E-09    1.0000031E-16    4.8877239E-06    6.5471404E-08    5.1867861E-09    8.5500055E-05    6.7070070E-04    3.2846265E-04    8.2805968E-05
    6.0500000E+00   -1.2695899E-04    5.5044307E-05    1.9510618E-05    3.7746602E-05    2.4845837E-05    2.6840724E-09    1.0000031E-16    4.9729184E-06    6.6035338E-08    5.2314979E-09    8.6600748E-05    6.7070070E-04    3.2846265E-04    8.2805968E-05
    6.1500000E+00   -1.2810488E-04    5.5416494E-05    1.9688610E-05    3.7788098E-05    2.5016625E-05    2.5977996E-09    1.0000031E-16    5.0583124E-06    6.6602583E-08    5.2764742E-09    8.7703365E-05    6.7070070E-04    3.2846265E-04    8.2805968E-05
    6.2500000E+00   -1.2925310E-04    5.5789410E-05    1.9866830E-05    3.7829675E-05    2.5187812E-05    2.5150842E-09    1.0000031E-16    5.1439061E-06    6.7173147E-08    5.3217154E-09    8.8807905E-05    6.7070070E-04    3.2846265E-04    8.2805968E-05
    6.3500000E+00   -1.3040365E-04    5.6163056E-05    2.0045278E-05    3.7871333E-05    2.5359399E-05    2.4357495E-09    1.0000031E-16    5.2296996E-06    6.7747035E-08    5.3672220E-09    8.9914371E-05    6.7070070E-04    3.2846265E-04    8.2805968E-05
    6.4500000E+00   -1.3155654E-04    5.6537433E-05    2.0223954E-05    3.7913073E-05    2.5531386E-05    2.3596285E-09    1.0000031E-16    5.3156932E-06    6.8324255E-08    5.4129943E-09    9.1022763E-05    6.7070070E-04    3.2846265E-04    8.2805968E-05
    6.5500000E+00   -1.3271177E-04    5.6912541E-05    2.0402858E-05    3.7954894E-05    2.5703774E-05    2.2865643E-09    1.0000031E-16    5.4018871E-06    6.8904814E-08    5.4590329E-09    9.2133081E-05    6.7070070E-04    3.2846265E-04    8.2805968E-05
    6.6500000E+00   -1.3386933E-04    5.7288382E-05    2.0581989E-05    3.7996797E-05    2.5876563E-05    2.2164087E-09    1.0000031E-16    5.4882816E-06    6.9488717E-08    5.5053383E-09    9.3245327E-05    6.7070070E-04    3.2846265E-04    8.2805968E-05
    6.7500000E+00   -1.3502923E-04    5.7664955E-05    2.0761348E-05    3.8038782E-05    2.6049754E-05    2.1490221E-09    1.0000031E-16    5.5748769E-06    7.0075973E-08    5.5519110E-09    9.4359501E-05    6.7070070E-04    3.2846265E-04    8.2805968E-05
    6.8500000E+00   -1.3619148E-04    5.8042262E-05    2.0940933E-05    3.8080848E-05    2.6223346E-05    2.0842726E-09    1.0000031E-16    5.6616732E-06    7.0666588E-08    5.5987514E-09    9.5475605E-05    6.7070070E-04    3.2846265E-04    8.2805968E-05
    6.9500000E+00   -1.3735607E-04    5.8420304E-05    2.1120745E-05    3.8122997E-05    2.6397342E-05    2.0220357E-09    1.0000031E-16    5.7486709E-06    7.1260570E-08    5.6458601E-09    9.6593639E-05    6.7070070E-04    3.2846265E-04    8.2805968E-05
    7.0500000E+00   -1.3852301E-04    5.8799080E-05    2.1300784E-05    3.8165227E-05    2.6571740E-05    1.9621937E-09    1.0000031E-16    5.8358700E-06    7.1857927E-08    5.6932378E-09    9.7713603E-05    6.7070070E-04    3.2846265E-04    8.2805968E-05
    7.1500000E+00   -1.3969229E-04    5.9178592E-05    2.1481048E-05    3.8207539E-05    2.6746542E-05    1.9046355E-09    1.0000031E-16    5.9232708E-06    7.2458665E-08    5.7408849E-09    9.8835498E-05    6.7070070E-04    3.2846265E-04    8.2805968E-05
    7.2500000E+00   -1.4086392E-04    5.9558841E-05    2.1661539E-05    3.8249934E-05    2.6921747E-05    1.8492559E-09    1.0000031E-16    6.0108736E-06    7.3062793E-08    5.7888020E-09    9.9959326E-05    6.7070070E-04    3.2846265E-04    8.2805968E-05
    7.3500000E+00   -1.4203790E-04    5.9939827E-05    2.1842255E-05    3.8292410E-05    2.7097357E-05    1.7959555E-09    1.0000031E-16    6.0986786E-06    7.3670320E-08    5.8369898E-09    1.0108509E-04    6.7070070E-04    3.2846265E-04    8.2805968E-05
    7.4500000E+00   -1.4321423E-04    6.0321550E-05    2.2023196E-05    3.8334969E-05    2.7273372E-05    1.7446400E-09    1.0000031E-16    6.1866861E-06    7.4281252E-08    5.8854488E-09    1.0221278E-04    6.7070070E-04    3.2846265E-04    8.2805968E-05
    7.5500000E+00   -1.4439292E-04    6.0704012E-05    2.2204361E-05    3.8377611E-05    2.7449792E-05    1.6952204E-09    1.0000031E-16    6.2748962E-06    7.4895598E-08    5.9341797E-09    1.0334241E-04    6.7070070E-04    3.2846265E-04    8.2805968E-05
    7.6500000E+00   -1.4557396E-04    6.1087214E-05    2.2385751E-05    3.8420334E-05    2.7626618E-05    1.6476120E-09    1.0000031E-16    6.3633092E-06    7.5513367E-08    5.9831831E-09    1.0447397E-04    6.7070070E-04    3.2846265E-04    8.2805968E-05
    7.7500000E+00   -1.4675736E-04    6.1471156E-05    2.2567365E-05    3.8463140E-05    2.7803851E-05    1.6017349E-09    1.0000031E-16    6.4519254E-06    7.6134567E-08    6.0324597E-09    1.0560747E-04    6.7070070E-04    3.2846265E-04    8.2805968E-05
    7.8500000E+00   -1.4794311E-04    6.1855838E-05    2.2749202E-05    3.8506029E-05    2.7981490E-05    1.5575130E-09    1.0000031E-16    6.5407449E-06    7.6759207E-08    6.0820101E-09    1.0674290E-04    6.7070070E-04    3.2846265E-04    8.2805968E-05
    7.9500000E+00   -1.4913123E-04    6.2241262E-05    2.2931262E-05    3.8549001E-05    2.8159536E-05    1.5148744E-09    1.0000031E-16    6.6297680E-06    7.7387295E-08    6.1318351E-09    1.0788027E-04    6.7070070E-04    3.2846265E-04    8.2805968E-05
    8.0500000E+00   -1.5032171E-04    6.2627428E-05    2.3113545E-05    3.8592055E-05    2.8337990E-05    1.4737506E-09    1.0000031E-16    6.7189949E-06    7.8018841E-08    6.1819352E-09    1.0901957E-04    6.7070070E-04    3.2846265E-04    8.2805968E-05
    8.1500000E+00   -1.5151455E-04    6.3014336E-05    2.3296050E-05    3.8635192E-05    2.8516852E-05    1.4340768E-09    1.0000031E-16    6.8084260E-06    7.8653853E-08    6.2323114E-09    1.1016081E-04    6.7070070E-04    3.2846265E-04    8.2805968E-05
    8.2500000E+00   -1.5270975E-04    6.3401989E-05    2.3478777E-05    3.8678412E-05    2.8696123E-05    1.3957912E-09    1.0000031E-16    6.8980613E-06    7.9292342E-08    6.2829641E-09    1.1130399E-04    6.7070070E-04    3.2846265E-04    8.2805968E-05
    8.3500000E+00   -1.5390732E-04    6.3790385E-05    2.3661724E-05    3.8721715E-05    2.8875802E-05    1.3588353E-09    1.0000031E-16    6.9879011E-06    7.9934316E-08    6.3338943E-09    1.1244911E-04    6.7070070E-04    3.2846265E-04    8.2805968E-05
    8.4500000E+00   -1.5510726E-04    6.4179527E-05    2.3844892E-05    3.8765101E-05    2.9055892E-05    1.3231534E-09    1.0000031E-16    7.0779458E-06    8.0579784E-08    6.3851027E-09    1.1359616E-04    6.7070070E-04    3.2846265E-04    8.2805968E-05
    8.5500000E+00   -1.5630957E-04    6.4569415E-05    2.4028280E-05    3.8808570E-05    2.9236391E-05    1.2886924E-09    1.0000031E-16    7.1681954E-06    8.1228758E-08    6.4365899E-09    1.1474516E-04    6.7070070E-04    3.2846265E-04    8.2805968E-05
    8.6500000E+00   -1.5751425E-04    6.4960049E-05    2.4211887E-05    3.8852122E-05    2.9417300E-05    1.2554021E-09    1.0000031E-16    7.2586502E-06    8.1881246E-08    6.4883569E-09    1.1589609E-04    6.7070070E-04    3.2846265E-04    8.2805968E-05
    8.7500000E+00   -1.5872130E-04    6.5351430E-05    2.4395713E-05    3.8895758E-05    2.9598621E-05    1.2232344E-09    1.0000031E-16    7.3493106E-06    8.2537259E-08    6.5404043E-09    1.1704896E-04    6.7070070E-04    3.2846265E-04    8.2805968E-05
    8.8500000E+00   -1.5993073E-04    6.5743559E-05    2.4579757E-05    3.8939477E-05    2.9780353E-05    1.1921437E-09    1.0000031E-16    7.4401766E-06    8.3196806E-08    6.5927331E-09    1.1820376E-04    6.7070070E-04    3.2846265E-04    8.2805968E-05
    8.9500000E+00   -1.6114253E-04    6.6136436E-05    2.4764019E-05    3.8983279E-05    2.9962497E-05    1.1620865E-09    1.0000031E-16    7.5312486E-06    8.3859899E-08    6.6453440E-09    1.1936051E-04    6.7070070E-04    3.2846265E-04    8.2805968E-05
    9.0500000E+00   -1.6235671E-04    6.6530063E-05    2.4948497E-05    3.9027165E-05    3.0145053E-05    1.1330213E-09    1.0000031E-16    7.6225267E-06    8.4526548E-08    6.6982378E-09    1.2051920E-04    6.7070070E-04    3.2846265E-04    8.2805968E-05
    9.1500000E+00   -1.6357326E-04    6.6924440E-05    2.5133191E-05    3.9071135E-05    3.0328022E-05    1.1049087E-09    1.0000031E-16    7.7140112E-06    8.5196764E-08    6.7514155E-09    1.2167982E-04    6.7070070E-04    3.2846265E-04    8.2805968E-05
    9.2500000E+00   -1.6479220E-04    6.7319568E-05    2.5318101E-05    3.9115188E-05    3.0511405E-05    1.0777111E-09    1.0000031E-16    7.8057024E-06    8.5870557E-08    6.8048778E-09    1.2284238E-04    6.7070070E-04    3.2846265E-04    8.2805968E-05
    9.3500000E+00   -1.6601352E-04    6.7715447E-05    2.5503225E-05    3.9159325E-05    3.0695201E-05    1.0513924E-09    1.0000031E-16    7.8976004E-06    8.6547938E-08    6.8586257E-09    1.2400688E-04    6.7070070E-04    3.2846265E-04    8.2805968E-05
    9.4500000E+00   -1.6723722E-04    6.8112078E-05    2.5688563E-05    3.9203546E-05    3.0879411E-05    1.0259186E-09    1.0000031E-16    7.9897055E-06    8.7228920E-08    6.9126601E-09    1.2517332E-04    6.7070070E-04    3.2846265E-04    8.2805968E-05
    9.5500000E+00   -1.6846330E-04    6.8509462E-05    2.5874114E-05    3.9247851E-05    3.1064036E-05    1.0012568E-09    1.0000031E-16    8.0820180E-06    8.7913513E-08    6.9669818E-09    1.2634170E-04    6.7070070E-04    3.2846265E-04    8.2805968E-05
    9.6500000E+00   -1.6969177E-04    6.8907600E-05    2.6059877E-05    3.9292240E-05    3.1249076E-05    9.7737584E-10    1.0000031E-16    8.1745380E-06    8.8601728E-08    7.0215918E-09    1.2751201E-04    6.7070070E-04    3.2846265E-04    8.2805968E-05
    9.7500000E+00   -1.7092263E-04    6.9306492E-05    2.6245852E-05    3.9336713E-05    3.1434532E-05    9.5424596E-10    1.0000031E-16    8.2672658E-06    8.9293579E-08    7.0764911E-09    1.2868427E-04    6.7070070E-04    3.2846265E-04    8.2805968E-05
    9.8500000E+00   -1.7215588E-04    6.9706139E-05    2.6432037E-05    3.9381270E-05    3.1620403E-05    9.3183867E-10    1.0000031E-16    8.3602017E-06    8.9989076E-08    7.1316806E-09    1.2985846E-04    6.7070070E-04    3.2846265E-04    8.2805968E-05
    9.9500000E+00   -1.7339151E-04    7.0106542E-05    2.6618431E-05    3.9425912E-05    3.1806692E-05    9.1012676E-10    1.0000031E-16    8.4533458E-06    9.0688233E-08    7.1871612E-09    1.3103459E-04    6.7070070E-04    3.2846265E-04    8.2805968E-05
    1.0050000E+01   -1.7462954E-04    7.0507702E-05    2.6805034E-05    3.9470638E-05    3.1993397E-05    8.8908421E-10    1.0000031E-16    8.5466984E-06    9.1391061E-08    7.2429340E-09    1.3221265E-04    6.7070070E-04    3.2846265E-04    8.2805968E-05
    1.0150000E+01   -1.7586995E-04    7.0909618E-05    2.6991845E-05    3.9515448E-05    3.2180520E-05    8.6868615E-10    1.0000031E-16    8.6402598E-06    9.2097573E-08    7.2990000E-09    1.3339265E-04    6.7070070E-04    3.2846265E-04    8.2805968E-05
    1.0250000E+01   -1.7711276E-04    7.1312292E-05    2.7178862E-05    3.9560343E-05    3.2368060E-05    8.4890881E-10    1.0000031E-16    8.7340301E-06    9.2807782E-08    7.3553602E-09    1.3457458E-04    6.7070070E-04    3.2846265E-04    8.2805968E-05
    1.0350000E+01   -1.7835797E-04    7.1715725E-05    2.7366085E-05    3.9605322E-05    3.2556019E-05    8.2972943E-10    1.0000031E-16    8.8280096E-06    9.3521701E-08    7.4120156E-09    1.3575845E-04    6.7070070E-04    3.2846265E-04    8.2805968E-05
    1.0450000E+01   -1.7960557E-04    7.2119918E-05    2.7553512E-05    3.9650386E-05    3.2744397E-05    8.1112622E-10    1.0000031E-16    8.9221986E-06    9.4239344E-08    7.4689674E-09    1.3694425E-04    6.7070070E-04    3.2846265E-04    8.2805968E-05
    1.0550000E+01   -1.8085556E-04    7.2524870E-05    2.7741142E-05    3.9695535E-05    3.2933194E-05    7.9307833E-10    1.0000031E-16    9.0165972E-06    9.4960723E-08    7.5262165E-09    1.3813199E-04    6.7070070E-04    3.2846265E-04    8.2805968E-05
    1.0650000E+01   -1.8210796E-04    7.2930583E-05    2.7928975E-05    3.9740768E-05    3.3122412E-05    7.7556581E-10    1.0000031E-16    9.1112058E-06    9.5685852E-08    7.5837641E-09    1.3932166E-04    6.7070070E-04    3.2846265E-04    8.2805968E-05
    1.0750000E+01   -1.8336275E-04    7.3337057E-05    2.8117009E-05    3.9786087E-05    3.3312049E-05    7.5856953E-10    1.0000031E-16    9.2060244E-06    9.6414746E-08    7.6416113E-09    1.4051326E-04    6.7070070E-04    3.2846265E-04    8.2805968E-05
    1.0850000E+01   -1.8461994E-04    7.3744294E-05    2.8305243E-05    3.9831490E-05    3.3502107E-05    7.4207117E-10    1.0000031E-16    9.3010534E-06    9.7147419E-08    7.6997592E-09    1.4170679E-04    6.7070070E-04    3.2846265E-04    8.2805968E-05
    1.0950000E+01   -1.8587954E-04    7.4152293E-05    2.8493675E-05    3.9876979E-05    3.3692586E-05    7.2605317E-10    1.0000031E-16    9.3962931E-06    9.7883885E-08    7.7582091E-09    1.4290224E-04    6.7070070E-04    3.2846265E-04    8.2805968E-05
    1.1050000E+01   -1.8714153E-04    7.4561057E-05    2.8682305E-05    3.9922552E-05    3.3883487E-05    7.1049870E-10    1.0000031E-16    9.4917435E-06    9.8624158E-08    7.8169619E-09    1.4409963E-04    6.7070070E-04    3.2846265E-04    8.2805968E-05
    1.1150000E+01   -1.8840593E-04    7.4970584E-05    2.8871131E-05    3.9968211E-05    3.4074810E-05    6.9539161E-10    1.0000031E-16    9.5874050E-06    9.9368254E-08    7.8760191E-09    1.4529895E-04    6.7070070E-04    3.2846265E-04    8.2805968E-05
    1.1250000E+01   -1.8967273E-04    7.5380876E-05    2.9060151E-05    4.0013955E-05    3.4266556E-05    6.8071644E-10    1.0000031E-16    9.6832779E-06    1.0011619E-07    7.9353817E-09    1.4650019E-04    6.7070070E-04    3.2846265E-04    8.2805968E-05
    1.1350000E+01   -1.9094194E-04    7.5791935E-05    2.9249365E-05    4.0059784E-05    3.4458724E-05    6.6645834E-10    1.0000031E-16    9.7793622E-06    1.0086797E-07    7.9950510E-09    1.4770335E-04    6.7070070E-04    3.2846265E-04    8.2805968E-05
    1.1450000E+01   -1.9221355E-04    7.6203759E-05    2.9438771E-05    4.0105699E-05    3.4651317E-05    6.5260304E-10    1.0000031E-16    9.8756583E-06    1.0162363E-07    8.0550283E-09    1.4890844E-04    6.7070070E-04    3.2846265E-04    8.2805968E-05
    1.1550000E+01   -1.9348756E-04    7.6616351E-05    2.9628367E-05    4.0151700E-05    3.4844333E-05    6.3913687E-10    1.0000031E-16    9.9721664E-06    1.0238317E-07    8.1153148E-09    1.5011544E-04    6.7070070E-04    3.2846265E-04    8.2805968E-05
    1.1650000E+01   -1.9476399E-04    7.7029711E-05    2.9818153E-05    4.0197786E-05    3.5037774E-05    6.2604671E-10    1.0000031E-16    1.0068887E-05    1.0314661E-07    8.1759118E-09    1.5132437E-04    6.7070070E-04    3.2846265E-04    8.2805968E-05
    1.1750000E+01   -1.9604282E-04    7.7443839E-05    3.0008125E-05    4.0243958E-05    3.5231639E-05    6.1331994E-10    1.0000031E-16    1.0165820E-05    1.0391397E-07    8.2368208E-09    1.5253522E-04    6.7070070E-04    3.2846265E-04    8.2805968E-05
    1.1850000E+01   -1.9732406E-04    7.7858737E-05    3.0198284E-05    4.0290215E-05    3.5425930E-05    6.0094445E-10    1.0000031E-16    1.0262965E-05    1.0468526E-07    8.2980429E-09    1.5374798E-04    6.7070070E-04    3.2846265E-04    8.2805968E-05
    1.1950000E+01   -1.9860771E-04    7.8274404E-05    3.0388627E-05    4.0336559E-05    3.5620647E-05    5.8890860E-10    1.0000031E-16    1.0360324E-05    1.0546051E-07    8.3595796E-09    1.5496266E-04    6.7070070E-04    3.2846265E-04    8.2805968E-05
    1.2050000E+01   -1.9989377E-04    7.8690843E-05    3.0579152E-05    4.0382988E-05    3.5815790E-05    5.7720121E-10    1.0000031E-16    1.0457895E-05    1.0623972E-07    8.4214323E-09    1.5617925E-04    6.7070070E-04    3.2846265E-04    8.2805968E-05
    1.2150000E+01   -2.0118223E-04    7.9108052E-05    3.0769858E-05    4.0429503E-05    3.6011360E-05    5.6581152E-10    1.0000031E-16    1.0555680E-05    1.0702292E-07    8.4836023E-09    1.5739775E-04    6.7070070E-04    3.2846265E-04    8.2805968E-05
    1.2250000E+01   -2.0247311E-04    7.9526034E-05    3.0960743E-05    4.0476105E-05    3.6207358E-05    5.5472921E-10    1.0000031E-16    1.0653679E-05    1.0781012E-07    8.5460912E-09    1.5861816E-04    6.7070070E-04    3.2846265E-04    8.2805968E-05
    1.2350000E+01   -2.0376640E-04    7.9944789E-05    3.1151805E-05    4.0522792E-05    3.6403783E-05    5.4394434E-10    1.0000031E-16    1.0751891E-05    1.0860135E-07    8.6089004E-09    1.5984047E-04    6.7070070E-04    3.2846265E-04    8.2805968E-05
    1.2450000E+01   -2.0506210E-04    8.0364318E-05    3.1343043E-05    4.0569566E-05    3.6600636E-05    5.3344735E-10    1.0000031E-16    1.0850318E-05    1.0939662E-07    8.6720314E-09    1.6106469E-04    6.7070070E-04    3.2846265E-04    8.2805968E-05
    1.2550000E+01   -2.0636021E-04    8.0784620E-05    3.1534454E-05    4.0616426E-05    3.6797918E-05    5.2322905E-10    1.0000031E-16    1.0948959E-05    1.1019595E-07    8.7354858E-09    1.6229081E-04    6.7070070E-04    3.2846265E-04    8.2805968E-05
    1.2650000E+01   -2.0766074E-04    8.1205698E-05    3.1726036E-05    4.0663373E-05    3.6995629E-05    5.1328057E-10    1.0000031E-16    1.1047814E-05    1.1099935E-07    8.7992649E-09    1.6351883E-04    6.7070070E-04    3.2846265E-04    8.2805968E-05
    1.2750000E+01   -2.0896367E-04    8.1627551E-05    3.1917788E-05    4.0710406E-05    3.7193769E-05    5.0359343E-10    1.0000031E-16    1.1146885E-05    1.1180686E-07    8.8633705E-09    1.6474875E-04    6.7070070E-04    3.2846265E-04    8.2805968E-05
    1.2850000E+01   -2.1026902E-04    8.2050181E-05    3.2109708E-05    4.0757525E-05    3.7392340E-05    4.9415940E-10    1.0000031E-16    1.1246170E-05    1.1261849E-07    8.9278042E-09    1.6598056E-04    6.7070070E-04    3.2846265E-04    8.2805968E-05
    1.2950000E+01   -2.1157678E-04    8.2473588E-05    3.2301792E-05    4.0804732E-05    3.7591341E-05    4.8497061E-10    1.0000031E-16    1.1345671E-05    1.1343425E-07    8.9925675E-09    1.6721426E-04    6.7070070E-04    3.2846265E-04    8.2805968E-05
    1.3050000E+01   -2.1288696E-04    8.2897773E-05    3.2494040E-05    4.0852025E-05    3.7790773E-05    4.7601945E-10    1.0000031E-16    1.1445387E-05    1.1425418E-07    9.0576622E-09    1.6844985E-04    6.7070070E-04    3.2846265E-04    8.2805968E-05
    1.3150000E+01   -2.1419954E-04    8.3322737E-05    3.2686449E-05    4.0899404E-05    3.7990637E-05    4.6729860E-10    1.0000031E-16    1.1545319E-05    1.1507828E-07    9.1230899E-09    1.6968733E-04    6.7070070E-04    3.2846265E-04    8.2805968E-05
    1.3250000E+01   -2.1551454E-04    8.3748480E-05    3.2879016E-05    4.0946871E-05    3.8190933E-05    4.5880101E-10    1.0000031E-16    1.1645466E-05    1.1590659E-07    9.1888523E-09    1.7092668E-04    6.7070070E-04    3.2846265E-04    8.2805968E-05
    1.3350000E+01   -2.1683195E-04    8.4175003E-05    3.3071740E-05    4.0994425E-05    3.8391661E-05    4.5051989E-10    1.0000031E-16    1.1745830E-05    1.1673913E-07    9.2549513E-09    1.7216792E-04    6.7070070E-04    3.2846265E-04    8.2805968E-05
    1.3450000E+01   -2.1815178E-04    8.4602306E-05    3.3264618E-05    4.1042065E-05    3.8592822E-05    4.4244870E-10    1.0000031E-16    1.1846411E-05    1.1757591E-07    9.3213885E-09    1.7341103E-04    6.7070070E-04    3.2846265E-04    8.2805968E-05
    1.3550000E+01   -2.1947401E-04    8.5030391E-05    3.3457647E-05    4.1089793E-05    3.8794416E-05    4.3458111E-10    1.0000031E-16    1.1947208E-05    1.1841696E-07    9.3881659E-09    1.7465601E-04    6.7070070E-04    3.2846265E-04    8.2805968E-05
    1.3650000E+01   -2.2079866E-04    8.5459259E-05    3.3650824E-05    4.1137608E-05    3.8996444E-05    4.2691105E-10    1.0000031E-16    1.2048222E-05    1.1926230E-07    9.4552852E-09    1.7590287E-04    6.7070070E-04    3.2846265E-04    8.2805968E-05
    1.3750000E+01   -2.2212572E-04    8.5888909E-05    3.3844149E-05    4.1185510E-05    3.9198906E-05    4.1943266E-10    1.0000031E-16    1.2149453E-05    1.2011196E-07    9.5227483E-09    1.7715158E-04    6.7070070E-04    3.2846265E-04    8.2805968E-05
    1.3850000E+01   -2.2345519E-04    8.6319342E-05    3.4037616E-05    4.1233500E-05    3.9401803E-05    4.1214028E-10    1.0000031E-16    1.2250901E-05    1.2096596E-07    9.5905572E-09    1.7840216E-04    6.7070070E-04    3.2846265E-04    8.2805968E-05
    1.3950000E+01   -2.2478708E-04    8.6750560E-05    3.4231225E-05    4.1281577E-05    3.9605135E-05    4.0502846E-10    1.0000031E-16    1.2352568E-05    1.2182432E-07    9.6587139E-09    1.7965459E-04    6.7070070E-04    3.2846265E-04    8.2805968E-05
    1.4050000E+01   -2.2612137E-04    8.7182563E-05    3.4424972E-05    4.1329742E-05    3.9808903E-05    3.9809193E-10    1.0000031E-16    1.2454451E-05    1.2268707E-07    9.7272202E-09    1.8090888E-04    6.7070070E-04    3.2846265E-04    8.2805968E-05
    1.4150000E+01   -2.2745807E-04    8.7615352E-05    3.4618854E-05    4.1377994E-05    4.0013107E-05    3.9132563E-10    1.0000031E-16    1.2556553E-05    1.2355423E-07    9.7960783E-09    1.8216501E-04    6.7070070E-04    3.2846265E-04    8.2805968E-05
    1.4250000E+01   -2.2879718E-04    8.8048927E-05    3.4812868E-05    4.1426334E-05    4.0217747E-05    3.8472466E-10    1.0000031E-16    1.2658874E-05    1.2442584E-07    9.8652902E-09    1.8342299E-04    6.7070070E-04    3.2846265E-04    8.2805968E-05
    1.4350000E+01   -2.3013870E-04    8.8483289E-05    3.5007012E-05    4.1474762E-05    4.0422825E-05    3.7828430E-10    1.0000031E-16    1.2761413E-05    1.2530191E-07    9.9348580E-09    1.8468281E-04    6.7070070E-04    3.2846265E-04    8.2805968E-05
    1.4450000E+01   -2.3148263E-04    8.8918440E-05    3.5201282E-05    4.1523277E-05    4.0628340E-05    3.7200000E-10    1.0000031E-16    1.2864170E-05    1.2618248E-07    1.0004784E-08    1.8594446E-04    6.7070070E-04    3.2846265E-04    8.2805968E-05
    1.4550000E+01   -2.3282897E-04    8.9354378E-05    3.5395676E-05    4.1571881E-05    4.0834293E-05    3.6586735E-10    1.0000031E-16    1.2967147E-05    1.2706756E-07    1.0075070E-08    1.8720794E-04    6.7070070E-04    3.2846265E-04    8.2805968E-05
    1.4650000E+01   -2.3417771E-04    8.9791107E-05    3.5590189E-05    4.1620572E-05    4.1040685E-05    3.5988212E-10    1.0000031E-16    1.3070343E-05    1.2795719E-07    1.0145719E-08    1.8847324E-04    6.7070070E-04    3.2846265E-04    8.2805968E-05
    1.4750000E+01   -2.3552885E-04    9.0228625E-05    3.5784819E-05    4.1669352E-05    4.1247516E-05    3.5404022E-10    1.0000031E-16    1.3173758E-05    1.2885140E-07    1.0216732E-08    1.8974037E-04    6.7070070E-04    3.2846265E-04    8.2805968E-05
    1.4850000E+01   -2.3688240E-04    9.0666933E-05    3.5979561E-05    4.1718219E-05    4.1454785E-05    3.4833769E-10    1.0000031E-16    1.3277393E-05    1.2975021E-07    1.0288113E-08    1.9100931E-04    6.7070070E-04    3.2846265E-04    8.2805968E-05
    1.4950000E+01   -2.3823836E-04    9.1106034E-05    3.6174414E-05    4.1767175E-05    4.1662495E-05    3.4277073E-10    1.0000031E-16    1.3381248E-05    1.3065366E-07    1.0359862E-08    1.9228006E-04    6.7070070E-04    3.2846265E-04    8.2805968E-05
    1.5050000E+01   -2.3959671E-04    9.1545926E-05    3.6369373E-05    4.1816219E-05    4.1870645E-05    3.3733565E-10    1.0000031E-16    1.3485323E-05    1.3156177E-07    1.0431984E-08    1.9355261E-04    6.7070070E-04    3.2846265E-04    8.2805968E-05
    1.5150000E+01   -2.4095747E-04    9.1986611E-05    3.6564434E-05    4.1865352E-05    4.2079236E-05    3.3202891E-10    1.0000031E-16    1.3589618E-05    1.3247458E-07    1.0504480E-08    1.9482696E-04    6.7070070E-04    3.2846265E-04    8.2805968E-05
    1.5250000E+01   -2.4232062E-04    9.2428090E-05    3.6759594E-05    4.1914573E-05    4.2288268E-05    3.2684708E-10    1.0000031E-16    1.3694134E-05    1.3339211E-07    1.0577353E-08    1.9610310E-04    6.7070070E-04    3.2846265E-04    8.2805968E-05
    1.5350000E+01   -2.4368617E-04    9.2870363E-05    3.6954849E-05    4.1963883E-05    4.2497742E-05    3.2178687E-10    1.0000031E-16    1.3798871E-05    1.3431440E-07    1.0650605E-08    1.9738102E-04    6.7070070E-04    3.2846265E-04    8.2805968E-05
    1.5450000E+01   -2.4505411E-04    9.3313431E-05    3.7150195E-05    4.2013281E-05    4.2707658E-05    3.1684509E-10    1.0000031E-16    1.3903829E-05    1.3524148E-07    1.0724239E-08    1.9866072E-04    6.7070070E-04    3.2846265E-04    8.2805968E-05
    1.5550000E+01   -2.4642445E-04    9.3757295E-05    3.7345628E-05    4.2062768E-05    4.2918017E-05    3.1201868E-10    1.0000031E-16    1.4009009E-05    1.3617339E-07    1.0798258E-08    1.9994220E-04    6.7070070E-04    3.2846265E-04    8.2805968E-05
    1.5650000E+01   -2.4779718E-04    9.4201956E-05    3.7541144E-05    4.2112344E-05    4.3128819E-05    3.0730467E-10    1.0000031E-16    1.4114410E-05    1.3711015E-07    1.0872664E-08    2.0122544E-04    6.7070070E-04    3.2846265E-04    8.2805968E-05
    1.5750000E+01   -2.4917230E-04    9.4647413E-05    3.7736739E-05    4.2162009E-05    4.3340065E-05    3.0270021E-10    1.0000031E-16    1.4220032E-05    1.3805180E-07    1.0947461E-08    2.0251043E-04    6.7070070E-04    3.2846265E-04    8.2805968E-05
    1.5850000E+01   -2.5054981E-04    9.5093668E-05    3.7932408E-05    4.2211762E-05    4.3551754E-05    2.9820256E-10    1.0000031E-16    1.4325877E-05    1.3899838E-07    1.1022650E-08    2.0379718E-04    6.7070070E-04    3.2846265E-04    8.2805968E-05
    1.5950000E+01   -2.5192970E-04    9.5540722E-05    3.8128146E-05    4.2261605E-05    4.3763888E-05    2.9380909E-10    1.0000031E-16    1.4431944E-05    1.3994992E-07    1.1098235E-08    2.0508567E-04    6.7070070E-04    3.2846265E-04    8.2805968E-05
    1.6050000E+01   -2.5331198E-04    9.5988575E-05    3.8323950E-05    4.2311537E-05    4.3976467E-05    2.8951725E-10    1.0000031E-16    1.4538234E-05    1.4090646E-07    1.1174218E-08    2.0637590E-04    6.7070070E-04    3.2846265E-04    8.2805968E-05
    1.6150000E+01   -2.5469664E-04    9.6437229E-05    3.8519814E-05    4.2361558E-05    4.4189492E-05    2.8532461E-10    1.0000031E-16    1.4644746E-05    1.4186804E-07    1.1250604E-08    2.0766785E-04    6.7070070E-04    3.2846265E-04    8.2805968E-05
    1.6250000E+01   -2.5608368E-04    9.6886683E-05    3.8715735E-05    4.2411668E-05    4.4402962E-05    2.8122883E-10    1.0000031E-16    1.4751481E-05    1.4283469E-07    1.1327394E-08    2.0896153E-04    6.7070070E-04    3.2846265E-04    8.2805968E-05
    1.6350000E+01   -2.5747309E-04    9.7336938E-05    3.8911706E-05    4.2461867E-05    4.4616879E-05    2.7722768E-10    1.0000031E-16    1.4858440E-05    1.4380645E-07    1.1404592E-08    2.1025691E-04    6.7070070E-04    3.2846265E-04    8.2805968E-05
    1.6450000E+01   -2.5886488E-04    9.7787995E-05    3.9107722E-05    4.2512157E-05    4.4831243E-05    2.7331900E-10    1.0000031E-16    1.4965621E-05    1.4478337E-07    1.1482202E-08    2.1155400E-04    6.7070070E-04    3.2846265E-04    8.2805968E-05
    1.6550000E+01   -2.6025903E-04    9.8239856E-05    3.9303780E-05    4.2562535E-05    4.5046054E-05    2.6950077E-10    1.0000031E-16    1.5073027E-05    1.4576548E-07    1.1560226E-08    2.1285278E-04    6.7070070E-04    3.2846265E-04    8.2805968E-05
    1.6650000E+01   -2.6165556E-04    9.8692520E-05    3.9499872E-05    4.2613003E-05    4.5261313E-05    2.6577102E-10    1.0000031E-16    1.5180656E-05    1.4675283E-07    1.1638668E-08    2.1415324E-04    6.7070070E-04    3.2846265E-04    8.2805968E-05
    1.6750000E+01   -2.6305445E-04    9.9145988E-05    3.9695994E-05    4.2663561E-05    4.5477020E-05    2.6212793E-10    1.0000031E-16    1.5288510E-05    1.4774546E-07    1.1717531E-08    2.1545538E-04    6.7070070E-04    3.2846265E-04    8.2805968E-05
    1.6850000E+01   -2.6445569E-04    9.9600261E-05    3.9892141E-05    4.2714209E-05    4.5693176E-05    2.5856975E-10    1.0000031E-16    1.5396588E-05    1.4874341E-07    1.1796819E-08    2.1675919E-04    6.7070070E-04    3.2846265E-04    8.2805968E-05
    1.6950000E+01   -2.6585930E-04    1.0005534E-04    4.0088305E-05    4.2764946E-05    4.5909781E-05    2.5509484E-10    1.0000031E-16    1.5504890E-05    1.4974673E-07    1.1876536E-08    2.1806464E-04    6.7070070E-04    3.2846265E-04    8.2805968E-05
    1.7050000E+01   -2.6726526E-04    1.0051123E-04    4.0284482E-05    4.2815773E-05    4.6126835E-05    2.5170168E-10    1.0000031E-16    1.5613418E-05    1.5075547E-07    1.1956684E-08    2.1937174E-04    6.7070070E-04    3.2846265E-04    8.2805968E-05
    1.7150000E+01   -2.6867357E-04    1.0096792E-04    4.0480665E-05    4.2866691E-05    4.6344340E-05    2.4838887E-10    1.0000031E-16    1.5722170E-05    1.5176966E-07    1.2037269E-08    2.2068048E-04    6.7070070E-04    3.2846265E-04    8.2805968E-05
    1.7250000E+01   -2.7008422E-04    1.0142542E-04    4.0676847E-05    4.2917698E-05    4.6562296E-05    2.4515511E-10    1.0000031E-16    1.5831148E-05    1.5278937E-07    1.2118293E-08    2.2199084E-04    6.7070070E-04    3.2846265E-04    8.2805968E-05
    1.7350000E+01   -2.7149722E-04    1.0188373E-04    4.0873023E-05    4.2968795E-05    4.6780702E-05    2.4199925E-10    1.0000031E-16    1.5940351E-05    1.5381463E-07    1.2199762E-08    2.2330280E-04    6.7070070E-04    3.2846265E-04    8.2805968E-05
    1.7450000E+01   -2.7291255E-04    1.0234285E-04    4.1069184E-05    4.3019983E-05    4.6999560E-05    2.3892028E-10    1.0000031E-16    1.6049780E-05    1.5484551E-07    1.2281679E-08    2.2461637E-04    6.7070070E-04    3.2846265E-04    8.2805968E-05
    1.7550000E+01   -2.7433022E-04    1.0280277E-04    4.1265325E-05    4.3071261E-05    4.7218870E-05    2.3591734E-10    1.0000031E-16    1.6159435E-05    1.5588206E-07    1.2364048E-08    2.2593152E-04    6.7070070E-04    3.2846265E-04    8.2805968E-05
    1.7650000E+01   -2.7575021E-04    1.0326351E-04    4.1461438E-05    4.3122630E-05    4.7438632E-05    2.3298976E-10    1.0000031E-16    1.6269316E-05    1.5692432E-07    1.2446873E-08    2.2724824E-04    6.7070070E-04    3.2846265E-04    8.2805968E-05
    1.7750000E+01   -2.7717252E-04    1.0372506E-04    4.1657515E-05    4.3174089E-05    4.7658848E-05    2.3013707E-10    1.0000031E-16    1.6379424E-05    1.5797236E-07    1.2530161E-08    2.2856652E-04    6.7070070E-04    3.2846265E-04    8.2805968E-05
    1.7850000E+01   -2.7859715E-04    1.0418742E-04    4.1853549E-05    4.3225638E-05    4.7879516E-05    2.2735901E-10    1.0000031E-16    1.6489758E-05    1.5902624E-07    1.2613914E-08    2.2988634E-04    6.7070070E-04    3.2846265E-04    8.2805968E-05
    1.7950000E+01   -2.8002409E-04    1.0465060E-04    4.2049530E-05    4.3277278E-05    4.8100639E-05    2.2465562E-10    1.0000031E-16    1.6600320E-05    1.6008601E-07    1.2698138E-08    2.3120769E-04    6.7070070E-04    3.2846265E-04    8.2805968E-05
    1.8050000E+01   -2.8145334E-04    1.0511459E-04    4.2245451E-05    4.3329009E-05    4.8322216E-05    2.2202721E-10    1.0000031E-16    1.6711108E-05    1.6115175E-07    1.2782839E-08    2.3253055E-04    6.7070070E-04    3.2846265E-04    8.2805968E-05
    1.8150000E+01   -2.8288488E-04    1.0557939E-04    4.2441303E-05    4.3380830E-05    4.8544248E-05    2.1947453E-10    1.0000031E-16    1.6822124E-05    1.6222351E-07    1.2868021E-08    2.3385491E-04    6.7070070E-04    3.2846265E-04    8.2805968E-05
    1.8250000E+01   -2.8431871E-04    1.0604501E-04    4.2637075E-05    4.3432743E-05    4.8766735E-05    2.1699875E-10    1.0000031E-16    1.6933367E-05    1.6330137E-07    1.2953691E-08    2.3518075E-04    6.7070070E-04    3.2846265E-04    8.2805968E-05
    1.8350000E+01   -2.8575483E-04    1.0651144E-04    4.2832757E-05    4.3484746E-05    4.8989677E-05    2.1460165E-10    1.0000031E-16    1.7044839E-05    1.6438540E-07    1.3039853E-08    2.3650805E-04    6.7070070E-04    3.2846265E-04    8.2805968E-05
    1.8450000E+01   -2.8719321E-04    1.0697869E-04    4.3028339E-05    4.3536841E-05    4.9213076E-05    2.1228570E-10    1.0000031E-16    1.7156538E-05    1.6547568E-07    1.3126516E-08    2.3783679E-04    6.7070070E-04    3.2846265E-04    8.2805968E-05
    1.8550000E+01   -2.8863387E-04    1.0744676E-04    4.3223809E-05    4.3589026E-05    4.9436932E-05    2.1005434E-10    1.0000031E-16    1.7268466E-05    1.6657230E-07    1.3213684E-08    2.3916694E-04    6.7070070E-04    3.2846265E-04    8.2805968E-05
    1.8650000E+01   -2.9007677E-04    1.0791565E-04    4.3419154E-05    4.3641303E-05    4.9661245E-05    2.0791222E-10    1.0000031E-16    1.7380622E-05    1.6767534E-07    1.3301367E-08    2.4049849E-04    6.7070070E-04    3.2846265E-04    8.2805968E-05
    1.8750000E+01   -2.9152192E-04    1.0838535E-04    4.3614360E-05    4.3693671E-05    4.9886015E-05    2.0586561E-10    1.0000031E-16    1.7493007E-05    1.6878491E-07    1.3389571E-08    2.4183140E-04    6.7070070E-04    3.2846265E-04    8.2805968E-05
    1.8850000E+01   -2.9296930E-04    1.0885587E-04    4.3809412E-05    4.3746130E-05    5.0111243E-05    2.0392304E-10    1.0000031E-16    1.7605622E-05    1.6990112E-07    1.3478306E-08    2.4316565E-04    6.7070070E-04    3.2846265E-04    8.2805968E-05
    1.8950000E+01   -2.9441889E-04    1.0932722E-04    4.4004292E-05    4.3798681E-05    5.0336930E-05    2.0209612E-10    1.0000031E-16    1.7718465E-05    1.7102408E-07    1.3567581E-08    2.4450120E-04    6.7070070E-04    3.2846265E-04    8.2805968E-05
    1.9050000E+01   -2.9587068E-04    1.0979938E-04    4.4198980E-05    4.3851323E-05    5.0563076E-05    2.0040096E-10    1.0000031E-16    1.7831538E-05    1.7215393E-07    1.3657408E-08    2.4583802E-04    6.7070070E-04    3.2846265E-04    8.2805968E-05
    1.9150000E+01   -2.9732464E-04    1.1027236E-04    4.4393452E-05    4.3904057E-05    5.0789681E-05    1.9886034E-10    1.0000031E-16    1.7944841E-05    1.7329085E-07    1.3747801E-08    2.4717605E-04    6.7070070E-04    3.2846265E-04    8.2805968E-05
    1.9250000E+01   -2.9878075E-04    1.1074617E-04    4.4587679E-05    4.3956882E-05    5.1016747E-05    1.9750737E-10    1.0000031E-16    1.8058373E-05    1.7443503E-07    1.3838774E-08    2.4851525E-04    6.7070070E-04    3.2846265E-04    8.2805968E-05
    1.9350000E+01   -3.0023898E-04    1.1122080E-04    4.4781626E-05    4.4009799E-05    5.1244272E-05    1.9639190E-10    1.0000031E-16    1.8172136E-05    1.7558672E-07    1.3930349E-08    2.4985554E-04    6.7070070E-04    3.2846265E-04    8.2805968E-05
    1.9450000E+01   -3.0169928E-04    1.1169625E-04    4.4975243E-05    4.4062808E-05    5.1472259E-05    1.9559254E-10    1.0000031E-16    1.8286129E-05    1.7674624E-07    1.4022552E-08    2.5119683E-04    6.7070070E-04    3.2846265E-04    8.2805968E-05
    1.9550000E+01   -3.0316155E-04    1.1217252E-04    4.5168460E-05    4.4115905E-05    5.1700701E-05    1.9524126E-10    1.0000030E-16    1.8400351E-05    1.7791403E-07    1.4115417E-08    2.5253895E-04    6.7070064E-04    3.2846262E-04    8.2805960E-05
    1.9650000E+01   -3.0462411E-04    1.1264901E-04    4.5360939E-05    4.4168860E-05    5.1929329E-05    1.9558011E-10    9.9999767E-17    1.8514705E-05    1.7908981E-07    1.4208926E-08    2.5388039E-04    6.7069703E-04    3.2846085E-04    8.2805515E-05
    1.9750000E+01   -3.0601889E-04    1.1310064E-04    4.5542443E-05    4.4211902E-05    5.2146571E-05    1.9715067E-10    9.9976641E-17    1.8625049E-05    1.8023438E-07    1.4299968E-08    2.5516419E-04    6.7054193E-04    3.2838489E-04    8.2786366E-05
    1.9850000E+01   -3.0598299E-04    1.1302379E-04    4.5510763E-05    4.4048819E-05    5.2120185E-05    2.0209263E-10    9.9487818E-17    1.8648273E-05    1.8053926E-07    1.4324388E-08    2.5525403E-04    6.6726340E-04    3.2677930E-04    8.2381592E-05
    1.9950000E+01   -4.5160975E-04    1.6670002E-04    6.7126920E-05    6.4729456E-05    7.6888903E-05    1.4429024E-10    1.4598074E-16    2.7568920E-05    2.6701975E-07    2.1186298E-08    3.7695676E-04    9.7909079E-04    4.7949071E-04    1.2088039E-04
