# Time          3.0000E+00
# Units: Mol/kgw
    Distance           H+               Na+              K+               Ca++             Mg++             Al+++            Fe+++            Fe++             Li7+             Li6+             SiO2(aq)         CO2(aq)          O2(aq)           Cl-          
    5.0000000E-02   -6.2923871E-05    3.4656301E-05    9.2829348E-06    3.6634107E-05    1.5599619E-05    5.6354684E-08    1.0367197E-16    7.6272109E-08    3.8769654E-08    3.1123790E-09    2.2987768E-05    6.9532642E-04    3.4052262E-04    8.5846306E-05
    1.5000000E-01   -9.9792478E-05    5.4803242E-05    1.4761598E-05    5.7594535E-05    2.4667317E-05    3.6709957E-08    1.6287631E-16    1.9941173E-07    6.0971962E-08    4.8897061E-09    3.7131875E-05    1.0924091E-03    5.3498616E-04    1.3487088E-04
    2.5000000E-01   -1.0136978E-04    5.5293472E-05    1.5021381E-05    5.7586478E-05    2.4886618E-05    3.3730209E-08    1.6267791E-16    3.2384301E-07    6.1523563E-08    4.9277507E-09    3.8756712E-05    1.0910785E-03    5.3433449E-04    1.3470660E-04
    3.5000000E-01   -8.7375412E-05    4.7180834E-05    1.2975599E-05    4.8488810E-05    2.1233685E-05    3.4594851E-08    1.3675795E-16    4.2840731E-07    5.2574258E-08    4.2039307E-09    3.4682257E-05    9.1723366E-04    4.4919738E-04    1.1324339E-04
    4.5000000E-01   -7.6033983E-05    4.0597668E-05    1.1318153E-05    4.1094425E-05    1.8269545E-05    3.4842121E-08    1.1568703E-16    5.1611572E-07    4.5313904E-08    3.6171226E-09    3.1404446E-05    7.7591131E-04    3.7998750E-04    9.5795467E-05
    5.5000000E-01   -7.0939315E-05    3.7517406E-05    1.0581898E-05    3.7472090E-05    1.6882422E-05    3.3634001E-08    1.0531386E-16    5.9535328E-07    4.1923315E-08    3.3419773E-09    3.0271098E-05    7.0633858E-04    3.4591561E-04    8.7205888E-05
    6.5000000E-01   -6.9704243E-05    3.6594316E-05    1.0415111E-05    3.6163618E-05    1.6466460E-05    3.1743561E-08    1.0149996E-16    6.7150674E-07    4.0918365E-08    3.2588884E-09    3.0480941E-05    6.8075881E-04    3.3338841E-04    8.4047761E-05
    7.5000000E-01   -7.0051530E-05    3.6553924E-05    1.0481727E-05    3.5800117E-05    1.6447921E-05    2.9758473E-08    1.0036424E-16    7.4684850E-07    4.0892109E-08    3.2546605E-09    3.1245015E-05    6.7314153E-04    3.2965800E-04    8.3107317E-05
    8.5000000E-01   -7.0903410E-05    3.6794234E-05    1.0622658E-05    3.5736418E-05    1.6555808E-05    2.7877510E-08    1.0007796E-16    8.2211959E-07    4.1179408E-08    3.2757955E-09    3.2187056E-05    6.7122144E-04    3.2871767E-04    8.2870260E-05
    9.5000000E-01   -7.1890123E-05    3.7108937E-05    1.0783326E-05    3.5751642E-05    1.6697246E-05    2.6138354E-08    1.0001512E-16    8.9752000E-07    4.1552110E-08    3.3039367E-09    3.3177512E-05    6.7080001E-04    3.2851128E-04    8.2818229E-05
    1.0500000E+00   -7.2909400E-05    3.7441024E-05    1.0948641E-05    3.5784795E-05    1.6846573E-05    2.4536548E-08    1.0000287E-16    9.7309626E-07    4.1947082E-08    3.3339949E-09    3.4180478E-05    6.7071785E-04    3.2847105E-04    8.2808085E-05
    1.1500000E+00   -7.3937238E-05    3.7777136E-05    1.1115065E-05    3.5821588E-05    1.6997776E-05    2.3060221E-08    1.0000072E-16    1.0488581E-06    4.2349468E-08    3.3647633E-09    3.5187513E-05    6.7070341E-04    3.2846397E-04    8.2806302E-05
    1.2500000E+00   -7.4968694E-05    3.8114538E-05    1.1281872E-05    3.5859097E-05    1.7149624E-05    2.1697529E-08    1.0000037E-16    1.1248074E-06    4.2756176E-08    3.3959814E-09    3.6196880E-05    6.7070110E-04    3.2846284E-04    8.2806017E-05
    1.3500000E+00   -7.6002841E-05    3.8452732E-05    1.1448932E-05    3.5896786E-05    1.7301891E-05    2.0437795E-08    1.0000032E-16    1.2009449E-06    4.3166595E-08    3.4275897E-09    3.7208255E-05    6.7070075E-04    3.2846267E-04    8.2805975E-05
    1.4500000E+00   -7.7039505E-05    3.8791634E-05    1.1616223E-05    3.5934569E-05    1.7454541E-05    1.9271512E-08    1.0000031E-16    1.2772707E-06    4.3580585E-08    3.4595675E-09    3.8221579E-05    6.7070071E-04    3.2846265E-04    8.2805969E-05
    1.5500000E+00   -7.8078640E-05    3.9131235E-05    1.1783741E-05    3.5972431E-05    1.7607570E-05    1.8190216E-08    1.0000031E-16    1.3537851E-06    4.3998087E-08    3.4919016E-09    3.9236839E-05    6.7070070E-04    3.2846265E-04    8.2805968E-05
    1.6500000E+00   -7.9120225E-05    3.9471531E-05    1.1951486E-05    3.6010371E-05    1.7760977E-05    1.7186352E-08    1.0000031E-16    1.4304885E-06    4.4419061E-08    3.5245812E-09    4.0254028E-05    6.7070070E-04    3.2846265E-04    8.2805968E-05
    1.7500000E+00   -8.0164239E-05    3.9812526E-05    1.2119458E-05    3.6048389E-05    1.7914762E-05    1.6253158E-08    1.0000031E-16    1.5073810E-06    4.4843472E-08    3.5575969E-09    4.1273142E-05    6.7070070E-04    3.2846265E-04    8.2805968E-05
    1.8500000E+00   -8.1210669E-05    4.0154217E-05    1.2287657E-05    3.6086485E-05    1.8068926E-05    1.5384574E-08    1.0000031E-16    1.5844628E-06    4.5271292E-08    3.5909400E-09    4.2294177E-05    6.7070070E-04    3.2846265E-04    8.2805968E-05
    1.9500000E+00   -8.2259499E-05    4.0496608E-05    1.2456084E-05    3.6124658E-05    1.8223469E-05    1.4575153E-08    1.0000031E-16    1.6617343E-06    4.5702492E-08    3.6246032E-09    4.3317128E-05    6.7070070E-04    3.2846265E-04    8.2805968E-05
    2.0500000E+00   -8.3310718E-05    4.0839698E-05    1.2624739E-05    3.6162910E-05    1.8378391E-05    1.3819991E-08    1.0000031E-16    1.7391957E-06    4.6137051E-08    3.6585796E-09    4.4341994E-05    6.7070070E-04    3.2846265E-04    8.2805968E-05
    2.1500000E+00   -8.4364315E-05    4.1183488E-05    1.2793621E-05    3.6201240E-05    1.8533694E-05    1.3114665E-08    1.0000031E-16    1.8168472E-06    4.6574948E-08    3.6928631E-09    4.5368771E-05    6.7070070E-04    3.2846265E-04    8.2805968E-05
    2.2500000E+00   -8.5420281E-05    4.1527979E-05    1.2962732E-05    3.6239647E-05    1.8689378E-05    1.2455178E-08    1.0000031E-16    1.8946890E-06    4.7016164E-08    3.7274485E-09    4.6397456E-05    6.7070070E-04    3.2846265E-04    8.2805968E-05
    2.3500000E+00   -8.6478606E-05    4.1873171E-05    1.3132071E-05    3.6278133E-05    1.8845443E-05    1.1837910E-08    1.0000031E-16    1.9727214E-06    4.7460685E-08    3.7623308E-09    4.7428049E-05    6.7070070E-04    3.2846265E-04    8.2805968E-05
    2.4500000E+00   -8.7539284E-05    4.2219066E-05    1.3301638E-05    3.6316698E-05    1.9001889E-05    1.1259579E-08    1.0000031E-16    2.0509446E-06    4.7908496E-08    3.7975058E-09    4.8460547E-05    6.7070070E-04    3.2846265E-04    8.2805968E-05
    2.5500000E+00   -8.8602308E-05    4.2565664E-05    1.3471434E-05    3.6355340E-05    1.9158718E-05    1.0717204E-08    1.0000031E-16    2.1293589E-06    4.8359586E-08    3.8329696E-09    4.9494949E-05    6.7070070E-04    3.2846265E-04    8.2805968E-05
    2.6500000E+00   -8.9667672E-05    4.2912966E-05    1.3641458E-05    3.6394061E-05    1.9315929E-05    1.0208072E-08    1.0000031E-16    2.2079645E-06    4.8813944E-08    3.8687188E-09    5.0531254E-05    6.7070070E-04    3.2846265E-04    8.2805968E-05
    2.7500000E+00   -9.0735372E-05    4.3260972E-05    1.3811711E-05    3.6432861E-05    1.9473523E-05    9.7297125E-09    1.0000031E-16    2.2867616E-06    4.9271561E-08    3.9047503E-09    5.1569462E-05    6.7070070E-04    3.2846265E-04    8.2805968E-05
    2.8500000E+00   -9.1805403E-05    4.3609683E-05    1.3982193E-05    3.6471739E-05    1.9631501E-05    9.2798704E-09    1.0000031E-16    2.3657504E-06    4.9732429E-08    3.9410613E-09    5.2609571E-05    6.7070070E-04    3.2846265E-04    8.2805968E-05
    2.9500000E+00   -9.2877760E-05    4.3959100E-05    1.4152904E-05    3.6510697E-05    1.9789863E-05    8.8564851E-09    1.0000031E-16    2.4449313E-06    5.0196542E-08    3.9776495E-09    5.3651582E-05    6.7070070E-04    3.2846265E-04    8.2805968E-05
    3.0500000E+00   -9.3952442E-05    4.4309224E-05    1.4323843E-05    3.6549732E-05    1.9948609E-05    8.4576716E-09    1.0000031E-16    2.5243044E-06    5.0663895E-08    4.0145126E-09    5.4695494E-05    6.7070070E-04    3.2846265E-04    8.2805968E-05
    3.1500000E+00   -9.5029445E-05    4.4660055E-05    1.4495012E-05    3.6588847E-05    2.0107740E-05    8.0817024E-09    1.0000031E-16    2.6038700E-06    5.1134482E-08    4.0516487E-09    5.5741308E-05    6.7070070E-04    3.2846265E-04    8.2805968E-05
    3.2500000E+00   -9.6108766E-05    4.5011595E-05    1.4666411E-05    3.6628041E-05    2.0267256E-05    7.7269932E-09    1.0000031E-16    2.6836282E-06    5.1608301E-08    4.0890561E-09    5.6789022E-05    6.7070070E-04    3.2846265E-04    8.2805968E-05
    3.3500000E+00   -9.7190404E-05    4.5363843E-05    1.4838038E-05    3.6667313E-05    2.0427159E-05    7.3920887E-09    1.0000031E-16    2.7635794E-06    5.2085348E-08    4.1267333E-09    5.7838638E-05    6.7070070E-04    3.2846265E-04    8.2805968E-05
    3.4500000E+00   -9.8274357E-05    4.5716800E-05    1.5009895E-05    3.6706665E-05    2.0587447E-05    7.0756505E-09    1.0000031E-16    2.8437237E-06    5.2565621E-08    4.1646790E-09    5.8890155E-05    6.7070070E-04    3.2846265E-04    8.2805968E-05
    3.5500000E+00   -9.9360624E-05    4.6070468E-05    1.5181982E-05    3.6746096E-05    2.0748123E-05    6.7764468E-09    1.0000031E-16    2.9240615E-06    5.3049118E-08    4.2028919E-09    5.9943574E-05    6.7070070E-04    3.2846265E-04    8.2805968E-05
    3.6500000E+00   -1.0044920E-04    4.6424847E-05    1.5354298E-05    3.6785606E-05    2.0909186E-05    6.4933420E-09    1.0000031E-16    3.0045929E-06    5.3535840E-08    4.2413711E-09    6.0998895E-05    6.7070070E-04    3.2846265E-04    8.2805968E-05
    3.7500000E+00   -1.0154009E-04    4.6779937E-05    1.5526844E-05    3.6825196E-05    2.1070636E-05    6.2252885E-09    1.0000031E-16    3.0853181E-06    5.4025784E-08    4.2801156E-09    6.2056120E-05    6.7070070E-04    3.2846265E-04    8.2805968E-05
    3.8500000E+00   -1.0263330E-04    4.7135740E-05    1.5699619E-05    3.6864865E-05    2.1232475E-05    5.9713187E-09    1.0000031E-16    3.1662375E-06    5.4518953E-08    4.3191246E-09    6.3115247E-05    6.7070070E-04    3.2846265E-04    8.2805968E-05
    3.9500000E+00   -1.0372881E-04    4.7492256E-05    1.5872624E-05    3.6904613E-05    2.1394702E-05    5.7305380E-09    1.0000031E-16    3.2473512E-06    5.5015345E-08    4.3583976E-09    6.4176279E-05    6.7070070E-04    3.2846265E-04    8.2805968E-05
    4.0500000E+00   -1.0482663E-04    4.7849485E-05    1.6045859E-05    3.6944441E-05    2.1557319E-05    5.5021184E-09    1.0000031E-16    3.3286594E-06    5.5514962E-08    4.3979339E-09    6.5239216E-05    6.7070070E-04    3.2846265E-04    8.2805968E-05
    4.1500000E+00   -1.0592677E-04    4.8207429E-05    1.6219324E-05    3.6984349E-05    2.1720325E-05    5.2852930E-09    1.0000031E-16    3.4101625E-06    5.6017807E-08    4.4377330E-09    6.6304058E-05    6.7070070E-04    3.2846265E-04    8.2805968E-05
    4.2500000E+00   -1.0702921E-04    4.8566089E-05    1.6393019E-05    3.7024336E-05    2.1883721E-05    5.0793507E-09    1.0000031E-16    3.4918605E-06    5.6523880E-08    4.4777946E-09    6.7370806E-05    6.7070070E-04    3.2846265E-04    8.2805968E-05
    4.3500000E+00   -1.0813397E-04    4.8925464E-05    1.6566943E-05    3.7064403E-05    2.2047508E-05    4.8836314E-09    1.0000031E-16    3.5737539E-06    5.7033184E-08    4.5181184E-09    6.8439461E-05    6.7070070E-04    3.2846265E-04    8.2805968E-05
    4.4500000E+00   -1.0924104E-04    4.9285556E-05    1.6741098E-05    3.7104551E-05    2.2211685E-05    4.6975220E-09    1.0000031E-16    3.6558427E-06    5.7545721E-08    4.5587041E-09    6.9510024E-05    6.7070070E-04    3.2846265E-04    8.2805968E-05
    4.5500000E+00   -1.1035042E-04    4.9646365E-05    1.6915482E-05    3.7144778E-05    2.2376255E-05    4.5204527E-09    1.0000031E-16    3.7381273E-06    5.8061494E-08    4.5995514E-09    7.0582496E-05    6.7070070E-04    3.2846265E-04    8.2805968E-05
    4.6500000E+00   -1.1146211E-04    5.0007892E-05    1.7090096E-05    3.7185085E-05    2.2541216E-05    4.3518930E-09    1.0000031E-16    3.8206078E-06    5.8580507E-08    4.6406604E-09    7.1656878E-05    6.7070070E-04    3.2846265E-04    8.2805968E-05
    4.7500000E+00   -1.1257612E-04    5.0370138E-05    1.7264939E-05    3.7225472E-05    2.2706569E-05    4.1913490E-09    1.0000031E-16    3.9032846E-06    5.9102763E-08    4.6820310E-09    7.2733170E-05    6.7070070E-04    3.2846265E-04    8.2805968E-05
    4.8500000E+00   -1.1369244E-04    5.0733104E-05    1.7440013E-05    3.7265940E-05    2.2872316E-05    4.0383605E-09    1.0000031E-16    3.9861578E-06    5.9628265E-08    4.7236631E-09    7.3811373E-05    6.7070070E-04    3.2846265E-04    8.2805968E-05
    4.9500000E+00   -1.1481108E-04    5.1096790E-05    1.7615316E-05    3.7306488E-05    2.3038455E-05    3.8924981E-09    1.0000031E-16    4.0692276E-06    6.0157018E-08    4.7655567E-09    7.4891489E-05    6.7070070E-04    3.2846265E-04    8.2805968E-05
    5.0500000E+00   -1.1593203E-04    5.1461197E-05    1.7790849E-05    3.7347116E-05    2.3204989E-05    3.7533611E-09    1.0000031E-16    4.1524943E-06    6.0689026E-08    4.8077120E-09    7.5973518E-05    6.7070070E-04    3.2846265E-04    8.2805968E-05
    5.1500000E+00   -1.1705530E-04    5.1826325E-05    1.7966612E-05    3.7387825E-05    2.3371916E-05    3.6205750E-09    1.0000031E-16    4.2359582E-06    6.1224292E-08    4.8501290E-09    7.7057461E-05    6.7070070E-04    3.2846265E-04    8.2805968E-05
    5.2500000E+00   -1.1818089E-04    5.2192176E-05    1.8142604E-05    3.7428614E-05    2.3539239E-05    3.4937900E-09    1.0000031E-16    4.3196194E-06    6.1762823E-08    4.8928079E-09    7.8143320E-05    6.7070070E-04    3.2846265E-04    8.2805968E-05
    5.3500000E+00   -1.1930880E-04    5.2558750E-05    1.8318826E-05    3.7469484E-05    2.3706957E-05    3.3726787E-09    1.0000031E-16    4.4034783E-06    6.2304622E-08    4.9357489E-09    7.9231094E-05    6.7070070E-04    3.2846265E-04    8.2805968E-05
    5.4500000E+00   -1.2043903E-04    5.2926048E-05    1.8495277E-05    3.7510434E-05    2.3875070E-05    3.2569345E-09    1.0000031E-16    4.4875349E-06    6.2849694E-08    4.9789522E-09    8.0320786E-05    6.7070070E-04    3.2846265E-04    8.2805968E-05
    5.5500000E+00   -1.2157159E-04    5.3294070E-05    1.8671958E-05    3.7551466E-05    2.4043579E-05    3.1462705E-09    1.0000031E-16    4.5717897E-06    6.3398046E-08    5.0224181E-09    8.1412395E-05    6.7070070E-04    3.2846265E-04    8.2805968E-05
    5.6500000E+00   -1.2270647E-04    5.3662817E-05    1.8848867E-05    3.7592578E-05    2.4212485E-05    3.0404175E-09    1.0000031E-16    4.6562427E-06    6.3949681E-08    5.0661468E-09    8.2505924E-05    6.7070070E-04    3.2846265E-04    8.2805968E-05
    5.7500000E+00   -1.2384367E-04    5.4032290E-05    1.9026006E-05    3.7633771E-05    2.4381789E-05    2.9391230E-09    1.0000031E-16    4.7408943E-06    6.4504606E-08    5.1101387E-09    8.3601373E-05    6.7070070E-04    3.2846265E-04    8.2805968E-05
    5.8500000E+00   -1.2498320E-04    5.4402490E-05    1.9203374E-05    3.7675045E-05    2.4551489E-05    2.8421503E-09    1.0000031E-16    4.8257446E-06    6.5062827E-08    5.1543940E-09    8.4698742E-05    6.7070070E-04    3.2846265E-04    8.2805968E-05
    5.9500000E+00   -1.2612506E-04    5.4773418E-05    1.9380970E-05    3.7716400E-05    2.4721588E-05    2.7492768E-09    1.0000031E-16    4.9107939E-06    6.5624349E-08    5.1989132E-09    8.5798033E-05    6.7070070E-04    3.2846265E-04    8.2805968E-05
    6.0500000E+00   -1.2726924E-04    5.5145073E-05    1.9558796E-05    3.7757837E-05    2.4892085E-05    2.6602933E-09    1.0000031E-16    4.9960425E-06    6.6189178E-08    5.2436965E-09    8.6899247E-05    6.7070070E-04    3.2846265E-04    8.2805968E-05
    6.1500000E+00   -1.2841576E-04    5.5517457E-05    1.9736849E-05    3.7799354E-05    2.5062981E-05    2.5750033E-09    1.0000031E-16    5.0814905E-06    6.6757321E-08    5.2887445E-09    8.8002385E-05    6.7070070E-04    3.2846265E-04    8.2805968E-05
    6.2500000E+00   -1.2956461E-04    5.5890571E-05    1.9915131E-05    3.7840953E-05    2.5234276E-05    2.4932218E-09    1.0000031E-16    5.1671382E-06    6.7328784E-08    5.3340575E-09    8.9107446E-05    6.7070070E-04    3.2846265E-04    8.2805968E-05
    6.3500000E+00   -1.3071580E-04    5.6264415E-05    2.0093641E-05    3.7882634E-05    2.5405972E-05    2.4147746E-09    1.0000031E-16    5.2529859E-06    6.7903574E-08    5.3796360E-09    9.0214433E-05    6.7070070E-04    3.2846265E-04    8.2805968E-05
    6.4500000E+00   -1.3186932E-04    5.6638990E-05    2.0272379E-05    3.7924395E-05    2.5578067E-05    2.3394978E-09    1.0000031E-16    5.3390337E-06    6.8481697E-08    5.4254804E-09    9.1323347E-05    6.7070070E-04    3.2846265E-04    8.2805968E-05
    6.5500000E+00   -1.3302518E-04    5.7014296E-05    2.0451344E-05    3.7966239E-05    2.5750564E-05    2.2672367E-09    1.0000031E-16    5.4252819E-06    6.9063160E-08    5.4715912E-09    9.2434187E-05    6.7070070E-04    3.2846265E-04    8.2805968E-05
    6.6500000E+00   -1.3418338E-04    5.7390335E-05    2.0630537E-05    3.8008164E-05    2.5923462E-05    2.1978455E-09    1.0000031E-16    5.5117308E-06    6.9647970E-08    5.5179688E-09    9.3546955E-05    6.7070070E-04    3.2846265E-04    8.2805968E-05
    6.7500000E+00   -1.3534392E-04    5.7767107E-05    2.0809957E-05    3.8050171E-05    2.6096761E-05    2.1311868E-09    1.0000031E-16    5.5983805E-06    7.0236134E-08    5.5646139E-09    9.4661652E-05    6.7070070E-04    3.2846265E-04    8.2805968E-05
    6.8500000E+00   -1.3650680E-04    5.8144613E-05    2.0989604E-05    3.8092259E-05    2.6270463E-05    2.0671307E-09    1.0000031E-16    5.6852313E-06    7.0827660E-08    5.6115269E-09    9.5778278E-05    6.7070070E-04    3.2846265E-04    8.2805968E-05
    6.9500000E+00   -1.3767202E-04    5.8522853E-05    2.1169478E-05    3.8134430E-05    2.6444567E-05    2.0055547E-09    1.0000031E-16    5.7722834E-06    7.1422555E-08    5.6587084E-09    9.6896834E-05    6.7070070E-04    3.2846265E-04    8.2805968E-05
    7.0500000E+00   -1.3883959E-04    5.8901829E-05    2.1349578E-05    3.8176683E-05    2.6619074E-05    1.9463428E-09    1.0000031E-16    5.8595371E-06    7.2020826E-08    5.7061590E-09    9.8017321E-05    6.7070070E-04    3.2846265E-04    8.2805968E-05
    7.1500000E+00   -1.4000951E-04    5.9281540E-05    2.1529903E-05    3.8219017E-05    2.6793985E-05    1.8893856E-09    1.0000031E-16    5.9469926E-06    7.2622481E-08    5.7538791E-09    9.9139740E-05    6.7070070E-04    3.2846265E-04    8.2805968E-05
    7.2500000E+00   -1.4118178E-04    5.9661988E-05    2.1710455E-05    3.8261434E-05    2.6969300E-05    1.8345796E-09    1.0000031E-16    6.0346502E-06    7.3227528E-08    5.8018694E-09    1.0026409E-04    6.7070070E-04    3.2846265E-04    8.2805968E-05
    7.3500000E+00   -1.4235639E-04    6.0043174E-05    2.1891232E-05    3.8303933E-05    2.7145020E-05    1.7818266E-09    1.0000031E-16    6.1225100E-06    7.3835976E-08    5.8501305E-09    1.0139037E-04    6.7070070E-04    3.2846265E-04    8.2805968E-05
    7.4500000E+00   -1.4353336E-04    6.0425097E-05    2.2072234E-05    3.8346514E-05    2.7321145E-05    1.7310339E-09    1.0000031E-16    6.2105723E-06    7.4447831E-08    5.8986631E-09    1.0251859E-04    6.7070070E-04    3.2846265E-04    8.2805968E-05
    7.5500000E+00   -1.4471269E-04    6.0807759E-05    2.2253460E-05    3.8389177E-05    2.7497675E-05    1.6821137E-09    1.0000031E-16    6.2988373E-06    7.5063103E-08    5.9474676E-09    1.0364874E-04    6.7070070E-04    3.2846265E-04    8.2805968E-05
    7.6500000E+00   -1.4589437E-04    6.1191161E-05    2.2434911E-05    3.8431923E-05    2.7674611E-05    1.6349826E-09    1.0000031E-16    6.3873053E-06    7.5681799E-08    5.9965449E-09    1.0478083E-04    6.7070070E-04    3.2846265E-04    8.2805968E-05
    7.7500000E+00   -1.4707840E-04    6.1575303E-05    2.2616585E-05    3.8474752E-05    2.7851953E-05    1.5895618E-09    1.0000031E-16    6.4759765E-06    7.6303929E-08    6.0458956E-09    1.0591485E-04    6.7070070E-04    3.2846265E-04    8.2805968E-05
    7.8500000E+00   -1.4826480E-04    6.1960186E-05    2.2798483E-05    3.8517663E-05    2.8029702E-05    1.5457763E-09    1.0000031E-16    6.5648511E-06    7.6929501E-08    6.0955202E-09    1.0705081E-04    6.7070070E-04    3.2846265E-04    8.2805968E-05
    7.9500000E+00   -1.4945355E-04    6.2345811E-05    2.2980604E-05    3.8560657E-05    2.8207859E-05    1.5035552E-09    1.0000031E-16    6.6539294E-06    7.7558525E-08    6.1454196E-09    1.0818870E-04    6.7070070E-04    3.2846265E-04    8.2805968E-05
    8.0500000E+00   -1.5064467E-04    6.2732178E-05    2.3162947E-05    3.8603734E-05    2.8386423E-05    1.4628309E-09    1.0000031E-16    6.7432115E-06    7.8191008E-08    6.1955944E-09    1.0932853E-04    6.7070070E-04    3.2846265E-04    8.2805968E-05
    8.1500000E+00   -1.5183815E-04    6.3119288E-05    2.3345512E-05    3.8646893E-05    2.8565396E-05    1.4235396E-09    1.0000031E-16    6.8326978E-06    7.8826960E-08    6.2460453E-09    1.1047030E-04    6.7070070E-04    3.2846265E-04    8.2805968E-05
    8.2500000E+00   -1.5303399E-04    6.3507142E-05    2.3528298E-05    3.8690135E-05    2.8744777E-05    1.3856203E-09    1.0000031E-16    6.9223885E-06    7.9466390E-08    6.2967731E-09    1.1161400E-04    6.7070070E-04    3.2846265E-04    8.2805968E-05
    8.3500000E+00   -1.5423221E-04    6.3895740E-05    2.3711306E-05    3.8733461E-05    2.8924568E-05    1.3490154E-09    1.0000031E-16    7.0122838E-06    8.0109309E-08    6.3477785E-09    1.1275964E-04    6.7070070E-04    3.2846265E-04    8.2805968E-05
    8.4500000E+00   -1.5543279E-04    6.4285083E-05    2.3894533E-05    3.8776869E-05    2.9104768E-05    1.3136697E-09    1.0000031E-16    7.1023839E-06    8.0755725E-08    6.3990622E-09    1.1390722E-04    6.7070070E-04    3.2846265E-04    8.2805968E-05
    8.5500000E+00   -1.5663574E-04    6.4675173E-05    2.4077981E-05    3.8820361E-05    2.9285378E-05    1.2795312E-09    1.0000031E-16    7.1926891E-06    8.1405649E-08    6.4506251E-09    1.1505674E-04    6.7070070E-04    3.2846265E-04    8.2805968E-05
    8.6500000E+00   -1.5784106E-04    6.5066009E-05    2.4261647E-05    3.8863936E-05    2.9466399E-05    1.2465500E-09    1.0000031E-16    7.2831995E-06    8.2059089E-08    6.5024678E-09    1.1620819E-04    6.7070070E-04    3.2846265E-04    8.2805968E-05
    8.7500000E+00   -1.5904875E-04    6.5457593E-05    2.4445532E-05    3.8907594E-05    2.9647831E-05    1.2146788E-09    1.0000031E-16    7.3739155E-06    8.2716058E-08    6.5545913E-09    1.1736159E-04    6.7070070E-04    3.2846265E-04    8.2805968E-05
    8.8500000E+00   -1.6025882E-04    6.5849924E-05    2.4629636E-05    3.8951336E-05    2.9829675E-05    1.1838727E-09    1.0000031E-16    7.4648373E-06    8.3376564E-08    6.6069963E-09    1.1851692E-04    6.7070070E-04    3.2846265E-04    8.2805968E-05
    8.9500000E+00   -1.6147127E-04    6.6243004E-05    2.4813956E-05    3.8995161E-05    3.0011930E-05    1.1540885E-09    1.0000031E-16    7.5559650E-06    8.4040618E-08    6.6596837E-09    1.1967419E-04    6.7070070E-04    3.2846265E-04    8.2805968E-05
    9.0500000E+00   -1.6268609E-04    6.6636834E-05    2.4998493E-05    3.9039069E-05    3.0194598E-05    1.1252856E-09    1.0000031E-16    7.6472990E-06    8.4708230E-08    6.7126542E-09    1.2083340E-04    6.7070070E-04    3.2846265E-04    8.2805968E-05
    9.1500000E+00   -1.6390329E-04    6.7031414E-05    2.5183246E-05    3.9083062E-05    3.0377679E-05    1.0974248E-09    1.0000031E-16    7.7388395E-06    8.5379413E-08    6.7659088E-09    1.2199455E-04    6.7070070E-04    3.2846265E-04    8.2805968E-05
    9.2500000E+00   -1.6512287E-04    6.7426745E-05    2.5368214E-05    3.9127138E-05    3.0561173E-05    1.0704690E-09    1.0000031E-16    7.8305866E-06    8.6054175E-08    6.8194483E-09    1.2315764E-04    6.7070070E-04    3.2846265E-04    8.2805968E-05
    9.3500000E+00   -1.6634483E-04    6.7822828E-05    2.5553396E-05    3.9171297E-05    3.0745081E-05    1.0443829E-09    1.0000031E-16    7.9225407E-06    8.6732530E-08    6.8732736E-09    1.2432266E-04    6.7070070E-04    3.2846265E-04    8.2805968E-05
    9.4500000E+00   -1.6756918E-04    6.8219663E-05    2.5738792E-05    3.9215541E-05    3.0929404E-05    1.0191324E-09    1.0000031E-16    8.0147019E-06    8.7414487E-08    6.9273857E-09    1.2548963E-04    6.7070070E-04    3.2846265E-04    8.2805968E-05
    9.5500000E+00   -1.6879591E-04    6.8617251E-05    2.5924401E-05    3.9259869E-05    3.1114141E-05    9.9468545E-10    1.0000031E-16    8.1070705E-06    8.8100059E-08    6.9817853E-09    1.2665853E-04    6.7070070E-04    3.2846265E-04    8.2805968E-05
    9.6500000E+00   -1.7002503E-04    6.9015593E-05    2.6110221E-05    3.9304281E-05    3.1299294E-05    9.7101112E-10    1.0000031E-16    8.1996468E-06    8.8789257E-08    7.0364735E-09    1.2782937E-04    6.7070070E-04    3.2846265E-04    8.2805968E-05
    9.7500000E+00   -1.7125653E-04    6.9414690E-05    2.6296253E-05    3.9348776E-05    3.1484862E-05    9.4807999E-10    1.0000031E-16    8.2924309E-06    8.9482093E-08    7.0914511E-09    1.2900215E-04    6.7070070E-04    3.2846265E-04    8.2805968E-05
    9.8500000E+00   -1.7249042E-04    6.9814541E-05    2.6482495E-05    3.9393356E-05    3.1670846E-05    9.2586394E-10    1.0000031E-16    8.3854231E-06    9.0178579E-08    7.1467193E-09    1.3017686E-04    6.7070070E-04    3.2846265E-04    8.2805968E-05
    9.9500000E+00   -1.7372670E-04    7.0215149E-05    2.6668946E-05    3.9438021E-05    3.1857247E-05    9.0433609E-10    1.0000031E-16    8.4786237E-06    9.0878727E-08    7.2022789E-09    1.3135351E-04    6.7070070E-04    3.2846265E-04    8.2805968E-05
    1.0050000E+01   -1.7496538E-04    7.0616513E-05    2.6855605E-05    3.9482769E-05    3.2044066E-05    8.8347075E-10    1.0000031E-16    8.5720328E-06    9.1582551E-08    7.2581309E-09    1.3253210E-04    6.7070070E-04    3.2846265E-04    8.2805968E-05
    1.0150000E+01   -1.7620644E-04    7.1018634E-05    2.7042472E-05    3.9527602E-05    3.2231301E-05    8.6324334E-10    1.0000031E-16    8.6656507E-06    9.2290061E-08    7.3142763E-09    1.3371263E-04    6.7070070E-04    3.2846265E-04    8.2805968E-05
    1.0250000E+01   -1.7744990E-04    7.1421514E-05    2.7229545E-05    3.9572520E-05    3.2418955E-05    8.4363038E-10    1.0000031E-16    8.7594777E-06    9.3001273E-08    7.3707163E-09    1.3489508E-04    6.7070070E-04    3.2846265E-04    8.2805968E-05
    1.0350000E+01   -1.7869575E-04    7.1825152E-05    2.7416824E-05    3.9617522E-05    3.2607028E-05    8.2460936E-10    1.0000031E-16    8.8535139E-06    9.3716198E-08    7.4274517E-09    1.3607948E-04    6.7070070E-04    3.2846265E-04    8.2805968E-05
    1.0450000E+01   -1.7994400E-04    7.2229550E-05    2.7604306E-05    3.9662609E-05    3.2795519E-05    8.0615877E-10    1.0000031E-16    8.9477596E-06    9.4434849E-08    7.4844838E-09    1.3726580E-04    6.7070070E-04    3.2846265E-04    8.2805968E-05
    1.0550000E+01   -1.8119465E-04    7.2634709E-05    2.7791992E-05    3.9707781E-05    3.2984430E-05    7.8825801E-10    1.0000031E-16    9.0422150E-06    9.5157241E-08    7.5418136E-09    1.3845406E-04    6.7070070E-04    3.2846265E-04    8.2805968E-05
    1.0650000E+01   -1.8244769E-04    7.3040628E-05    2.7979879E-05    3.9753037E-05    3.3173761E-05    7.7088734E-10    1.0000031E-16    9.1368804E-06    9.5883388E-08    7.5994421E-09    1.3964425E-04    6.7070070E-04    3.2846265E-04    8.2805968E-05
    1.0750000E+01   -1.8370313E-04    7.3447308E-05    2.8167968E-05    3.9798379E-05    3.3363512E-05    7.5402785E-10    1.0000031E-16    9.2317560E-06    9.6613302E-08    7.6573705E-09    1.4083638E-04    6.7070070E-04    3.2846265E-04    8.2805968E-05
    1.0850000E+01   -1.8496098E-04    7.3854751E-05    2.8356255E-05    3.9843805E-05    3.3553684E-05    7.3766145E-10    1.0000031E-16    9.3268420E-06    9.7346999E-08    7.7156000E-09    1.4203043E-04    6.7070070E-04    3.2846265E-04    8.2805968E-05
    1.0950000E+01   -1.8622122E-04    7.4262958E-05    2.8544742E-05    3.9889317E-05    3.3744277E-05    7.2177076E-10    1.0000031E-16    9.4221387E-06    9.8084493E-08    7.7741316E-09    1.4322641E-04    6.7070070E-04    3.2846265E-04    8.2805968E-05
    1.1050000E+01   -1.8748387E-04    7.4671927E-05    2.8733425E-05    3.9934913E-05    3.3935292E-05    7.0633916E-10    1.0000031E-16    9.5176462E-06    9.8825799E-08    7.8329667E-09    1.4442432E-04    6.7070070E-04    3.2846265E-04    8.2805968E-05
    1.1150000E+01   -1.8874891E-04    7.5081662E-05    2.8922304E-05    3.9980595E-05    3.4126730E-05    6.9135068E-10    1.0000031E-16    9.6133650E-06    9.9570931E-08    7.8921063E-09    1.4562415E-04    6.7070070E-04    3.2846265E-04    8.2805968E-05
    1.1250000E+01   -1.9001637E-04    7.5492162E-05    2.9111377E-05    4.0026362E-05    3.4318590E-05    6.7679002E-10    1.0000031E-16    9.7092950E-06    1.0031990E-07    7.9515517E-09    1.4682592E-04    6.7070070E-04    3.2846265E-04    8.2805968E-05
    1.1350000E+01   -1.9128622E-04    7.5903427E-05    2.9300643E-05    4.0072215E-05    3.4510873E-05    6.6264250E-10    1.0000031E-16    9.8054367E-06    1.0107274E-07    8.0113042E-09    1.4802960E-04    6.7070070E-04    3.2846265E-04    8.2805968E-05
    1.1450000E+01   -1.9255849E-04    7.6315459E-05    2.9490101E-05    4.0118153E-05    3.4703580E-05    6.4889401E-10    1.0000031E-16    9.9017902E-06    1.0182944E-07    8.0713650E-09    1.4923521E-04    6.7070070E-04    3.2846265E-04    8.2805968E-05
    1.1550000E+01   -1.9383316E-04    7.6728259E-05    2.9679749E-05    4.0164177E-05    3.4896711E-05    6.3553104E-10    1.0000031E-16    9.9983557E-06    1.0259003E-07    8.1317353E-09    1.5044274E-04    6.7070070E-04    3.2846265E-04    8.2805968E-05
    1.1650000E+01   -1.9511023E-04    7.7141827E-05    2.9869585E-05    4.0210286E-05    3.5090267E-05    6.2254060E-10    1.0000031E-16    1.0095134E-05    1.0335453E-07    8.1924166E-09    1.5165218E-04    6.7070070E-04    3.2846265E-04    8.2805968E-05
    1.1750000E+01   -1.9638971E-04    7.7556163E-05    3.0059609E-05    4.0256481E-05    3.5284248E-05    6.0991020E-10    1.0000031E-16    1.0192124E-05    1.0412295E-07    8.2534100E-09    1.5286355E-04    6.7070070E-04    3.2846265E-04    8.2805968E-05
    1.1850000E+01   -1.9767161E-04    7.7971269E-05    3.0249817E-05    4.0302762E-05    3.5478654E-05    5.9762788E-10    1.0000031E-16    1.0289327E-05    1.0489531E-07    8.3147171E-09    1.5407683E-04    6.7070070E-04    3.2846265E-04    8.2805968E-05
    1.1950000E+01   -1.9895591E-04    7.8387145E-05    3.0440210E-05    4.0349128E-05    3.5673486E-05    5.8568212E-10    1.0000031E-16    1.0386743E-05    1.0567163E-07    8.3763391E-09    1.5529203E-04    6.7070070E-04    3.2846265E-04    8.2805968E-05
    1.2050000E+01   -2.0024262E-04    7.8803792E-05    3.0630784E-05    4.0395581E-05    3.5868745E-05    5.7406185E-10    1.0000031E-16    1.0484373E-05    1.0645192E-07    8.4382774E-09    1.5650913E-04    6.7070070E-04    3.2846265E-04    8.2805968E-05
    1.2150000E+01   -2.0153174E-04    7.9221211E-05    3.0821539E-05    4.0442119E-05    3.6064431E-05    5.6275644E-10    1.0000031E-16    1.0582215E-05    1.0723620E-07    8.5005335E-09    1.5772815E-04    6.7070070E-04    3.2846265E-04    8.2805968E-05
    1.2250000E+01   -2.0282327E-04    7.9639402E-05    3.1012473E-05    4.0488744E-05    3.6260544E-05    5.5175567E-10    1.0000031E-16    1.0680272E-05    1.0802449E-07    8.5631088E-09    1.5894908E-04    6.7070070E-04    3.2846265E-04    8.2805968E-05
    1.2350000E+01   -2.0411721E-04    8.0058366E-05    3.1203583E-05    4.0535455E-05    3.6457085E-05    5.4104970E-10    1.0000031E-16    1.0778542E-05    1.0881681E-07    8.6260049E-09    1.6017191E-04    6.7070070E-04    3.2846265E-04    8.2805968E-05
    1.2450000E+01   -2.0541356E-04    8.0478104E-05    3.1394868E-05    4.0582252E-05    3.6654054E-05    5.3062907E-10    1.0000031E-16    1.0877027E-05    1.0961317E-07    8.6892231E-09    1.6139664E-04    6.7070070E-04    3.2846265E-04    8.2805968E-05
    1.2550000E+01   -2.0671233E-04    8.0898617E-05    3.1586326E-05    4.0629136E-05    3.6851452E-05    5.2048469E-10    1.0000031E-16    1.0975726E-05    1.1041360E-07    8.7527651E-09    1.6262328E-04    6.7070070E-04    3.2846265E-04    8.2805968E-05
    1.2650000E+01   -2.0801351E-04    8.1319904E-05    3.1777955E-05    4.0676106E-05    3.7049279E-05    5.1060779E-10    1.0000031E-16    1.1074640E-05    1.1121811E-07    8.8166323E-09    1.6385181E-04    6.7070070E-04    3.2846265E-04    8.2805968E-05
    1.2750000E+01   -2.0931710E-04    8.1741968E-05    3.1969753E-05    4.0723162E-05    3.7247536E-05    5.0098995E-10    1.0000031E-16    1.1173768E-05    1.1202673E-07    8.8808265E-09    1.6508225E-04    6.7070070E-04    3.2846265E-04    8.2805968E-05
    1.2850000E+01   -2.1062310E-04    8.2164808E-05    3.2161717E-05    4.0770305E-05    3.7446223E-05    4.9162306E-10    1.0000031E-16    1.1273112E-05    1.1283947E-07    8.9453491E-09    1.6631457E-04    6.7070070E-04    3.2846265E-04    8.2805968E-05
    1.2950000E+01   -2.1193151E-04    8.2588426E-05    3.2353847E-05    4.0817535E-05    3.7645341E-05    4.8249931E-10    1.0000031E-16    1.1372671E-05    1.1365636E-07    9.0102018E-09    1.6754878E-04    6.7070070E-04    3.2846265E-04    8.2805968E-05
    1.3050000E+01   -2.1324234E-04    8.3012821E-05    3.2546139E-05    4.0864851E-05    3.7844890E-05    4.7361116E-10    1.0000031E-16    1.1472445E-05    1.1447741E-07    9.0753863E-09    1.6878488E-04    6.7070070E-04    3.2846265E-04    8.2805968E-05
    1.3150000E+01   -2.1455558E-04    8.3437996E-05    3.2738591E-05    4.0912255E-05    3.8044871E-05    4.6495138E-10    1.0000031E-16    1.1572435E-05    1.1530265E-07    9.1409043E-09    1.7002287E-04    6.7070070E-04    3.2846265E-04    8.2805968E-05
    1.3250000E+01   -2.1587123E-04    8.3863950E-05    3.2931201E-05    4.0959745E-05    3.8245283E-05    4.5651298E-10    1.0000031E-16    1.1672642E-05    1.1613210E-07    9.2067575E-09    1.7126274E-04    6.7070070E-04    3.2846265E-04    8.2805968E-05
    1.3350000E+01   -2.1718930E-04    8.4290684E-05    3.3123967E-05    4.1007322E-05    3.8446129E-05    4.4828924E-10    1.0000031E-16    1.1773064E-05    1.1696578E-07    9.2729476E-09    1.7250448E-04    6.7070070E-04    3.2846265E-04    8.2805968E-05
    1.3450000E+01   -2.1850977E-04    8.4718199E-05    3.3316886E-05    4.1054986E-05    3.8647407E-05    4.4027368E-10    1.0000031E-16    1.1873703E-05    1.1780371E-07    9.3394766E-09    1.7374810E-04    6.7070070E-04    3.2846265E-04    8.2805968E-05
    1.3550000E+01   -2.1983266E-04    8.5146496E-05    3.3509956E-05    4.1102738E-05    3.8849118E-05    4.3246005E-10    1.0000031E-16    1.1974559E-05    1.1864592E-07    9.4063462E-09    1.7499359E-04    6.7070070E-04    3.2846265E-04    8.2805968E-05
    1.3650000E+01   -2.2115797E-04    8.5575575E-05    3.3703174E-05    4.1150576E-05    3.9051264E-05    4.2484232E-10    1.0000031E-16    1.2075632E-05    1.1949243E-07    9.4735582E-09    1.7624095E-04    6.7070070E-04    3.2846265E-04    8.2805968E-05
    1.3750000E+01   -2.2248568E-04    8.6005437E-05    3.3896538E-05    4.1198502E-05    3.9253844E-05    4.1741469E-10    1.0000031E-16    1.2176922E-05    1.2034325E-07    9.5411146E-09    1.7749017E-04    6.7070070E-04    3.2846265E-04    8.2805968E-05
    1.3850000E+01   -2.2381580E-04    8.6436083E-05    3.4090045E-05    4.1246516E-05    3.9456858E-05    4.1017156E-10    1.0000031E-16    1.2278429E-05    1.2119843E-07    9.6090172E-09    1.7874125E-04    6.7070070E-04    3.2846265E-04    8.2805968E-05
    1.3950000E+01   -2.2514834E-04    8.6867513E-05    3.4283691E-05    4.1294616E-05    3.9660308E-05    4.0310753E-10    1.0000031E-16    1.2380154E-05    1.2205797E-07    9.6772681E-09    1.7999418E-04    6.7070070E-04    3.2846265E-04    8.2805968E-05
    1.4050000E+01   -2.2648329E-04    8.7299729E-05    3.4477475E-05    4.1342805E-05    3.9864194E-05    3.9621739E-10    1.0000031E-16    1.2482097E-05    1.2292192E-07    9.7458693E-09    1.8124897E-04    6.7070070E-04    3.2846265E-04    8.2805968E-05
    1.4150000E+01   -2.2782064E-04    8.7732730E-05    3.4671394E-05    4.1391081E-05    4.0068516E-05    3.8949611E-10    1.0000031E-16    1.2584258E-05    1.2379028E-07    9.8148228E-09    1.8250561E-04    6.7070070E-04    3.2846265E-04    8.2805968E-05
    1.4250000E+01   -2.2916041E-04    8.8166518E-05    3.4865444E-05    4.1439444E-05    4.0273275E-05    3.8293885E-10    1.0000031E-16    1.2686638E-05    1.2466309E-07    9.8841306E-09    1.8376408E-04    6.7070070E-04    3.2846265E-04    8.2805968E-05
    1.4350000E+01   -2.3050258E-04    8.8601094E-05    3.5059623E-05    4.1487896E-05    4.0478471E-05    3.7654093E-10    1.0000031E-16    1.2789236E-05    1.2554037E-07    9.9537950E-09    1.8502440E-04    6.7070070E-04    3.2846265E-04    8.2805968E-05
    1.4450000E+01   -2.3184716E-04    8.9036457E-05    3.5253927E-05    4.1536435E-05    4.0684105E-05    3.7029785E-10    1.0000031E-16    1.2892052E-05    1.2642215E-07    1.0023818E-08    1.8628655E-04    6.7070070E-04    3.2846265E-04    8.2805968E-05
    1.4550000E+01   -2.3319415E-04    8.9472610E-05    3.5448354E-05    4.1585062E-05    4.0890177E-05    3.6420523E-10    1.0000031E-16    1.2995088E-05    1.2730846E-07    1.0094202E-08    1.8755052E-04    6.7070070E-04    3.2846265E-04    8.2805968E-05
    1.4650000E+01   -2.3454354E-04    8.9909552E-05    3.5642899E-05    4.1633778E-05    4.1096687E-05    3.5825889E-10    1.0000031E-16    1.3098344E-05    1.2819933E-07    1.0164949E-08    1.8881632E-04    6.7070070E-04    3.2846265E-04    8.2805968E-05
    1.4750000E+01   -2.3589534E-04    9.0347284E-05    3.5837560E-05    4.1682581E-05    4.1303637E-05    3.5245477E-10    1.0000031E-16    1.3201818E-05    1.2909478E-07    1.0236061E-08    1.9008394E-04    6.7070070E-04    3.2846265E-04    8.2805968E-05
    1.4850000E+01   -2.3724954E-04    9.0785807E-05    3.6032334E-05    4.1731473E-05    4.1511026E-05    3.4678895E-10    1.0000031E-16    1.3305513E-05    1.2999484E-07    1.0307541E-08    1.9135337E-04    6.7070070E-04    3.2846265E-04    8.2805968E-05
    1.4950000E+01   -2.3860614E-04    9.1225121E-05    3.6227216E-05    4.1780452E-05    4.1718855E-05    3.4125766E-10    1.0000031E-16    1.3409427E-05    1.3089954E-07    1.0379391E-08    1.9262461E-04    6.7070070E-04    3.2846265E-04    8.2805968E-05
    1.5050000E+01   -2.3996514E-04    9.1665228E-05    3.6422204E-05    4.1829521E-05    4.1927124E-05    3.3585726E-10    1.0000031E-16    1.3513562E-05    1.3180892E-07    1.0451614E-08    1.9389765E-04    6.7070070E-04    3.2846265E-04    8.2805968E-05
    1.5150000E+01   -2.4132655E-04    9.2106128E-05    3.6617292E-05    4.1878677E-05    4.2135834E-05    3.3058423E-10    1.0000031E-16    1.3617917E-05    1.3272300E-07    1.0524211E-08    1.9517248E-04    6.7070070E-04    3.2846265E-04    8.2805968E-05
    1.5250000E+01   -2.4269035E-04    9.2547822E-05    3.6812479E-05    4.1927922E-05    4.2344986E-05    3.2543517E-10    1.0000031E-16    1.3722493E-05    1.3364181E-07    1.0597186E-08    1.9644911E-04    6.7070070E-04    3.2846265E-04    8.2805968E-05
    1.5350000E+01   -2.4405655E-04    9.2990310E-05    3.7007760E-05    4.1977256E-05    4.2554580E-05    3.2040683E-10    1.0000031E-16    1.3827290E-05    1.3456539E-07    1.0670541E-08    1.9772751E-04    6.7070070E-04    3.2846265E-04    8.2805968E-05
    1.5450000E+01   -2.4542514E-04    9.3433594E-05    3.7203130E-05    4.2026678E-05    4.2764615E-05    3.1549603E-10    1.0000031E-16    1.3932308E-05    1.3549377E-07    1.0744279E-08    1.9900770E-04    6.7070070E-04    3.2846265E-04    8.2805968E-05
    1.5550000E+01   -2.4679613E-04    9.3877673E-05    3.7398587E-05    4.2076189E-05    4.2975094E-05    3.1069975E-10    1.0000031E-16    1.4037547E-05    1.3642699E-07    1.0818402E-08    2.0028965E-04    6.7070070E-04    3.2846265E-04    8.2805968E-05
    1.5650000E+01   -2.4816951E-04    9.4322549E-05    3.7594125E-05    4.2125789E-05    4.3186016E-05    3.0601505E-10    1.0000031E-16    1.4143008E-05    1.3736506E-07    1.0892913E-08    2.0157337E-04    6.7070070E-04    3.2846265E-04    8.2805968E-05
    1.5750000E+01   -2.4954528E-04    9.4768223E-05    3.7789740E-05    4.2175478E-05    4.3397382E-05    3.0143910E-10    1.0000031E-16    1.4248691E-05    1.3830804E-07    1.0967815E-08    2.0285884E-04    6.7070070E-04    3.2846265E-04    8.2805968E-05
    1.5850000E+01   -2.5092343E-04    9.5214694E-05    3.7985429E-05    4.2225255E-05    4.3609192E-05    2.9696920E-10    1.0000031E-16    1.4354596E-05    1.3925596E-07    1.1043111E-08    2.0414606E-04    6.7070070E-04    3.2846265E-04    8.2805968E-05
    1.5950000E+01   -2.5230397E-04    9.5661964E-05    3.8181186E-05    4.2275122E-05    4.3821446E-05    2.9260271E-10    1.0000031E-16    1.4460723E-05    1.4020884E-07    1.1118803E-08    2.0543503E-04    6.7070070E-04    3.2846265E-04    8.2805968E-05
    1.6050000E+01   -2.5368689E-04    9.6110034E-05    3.8377008E-05    4.2325078E-05    4.4034146E-05    2.8833714E-10    1.0000031E-16    1.4567073E-05    1.4116674E-07    1.1194895E-08    2.0672572E-04    6.7070070E-04    3.2846265E-04    8.2805968E-05
    1.6150000E+01   -2.5507220E-04    9.6558904E-05    3.8572888E-05    4.2375123E-05    4.4247291E-05    2.8417006E-10    1.0000031E-16    1.4673645E-05    1.4212968E-07    1.1271390E-08    2.0801814E-04    6.7070070E-04    3.2846265E-04    8.2805968E-05
    1.6250000E+01   -2.5645988E-04    9.7008574E-05    3.8768823E-05    4.2425258E-05    4.4460882E-05    2.8009916E-10    1.0000031E-16    1.4780441E-05    1.4309771E-07    1.1348290E-08    2.0931228E-04    6.7070070E-04    3.2846265E-04    8.2805968E-05
    1.6350000E+01   -2.5784993E-04    9.7459047E-05    3.8964808E-05    4.2475482E-05    4.4674920E-05    2.7612222E-10    1.0000031E-16    1.4887460E-05    1.4407086E-07    1.1425599E-08    2.1060813E-04    6.7070070E-04    3.2846265E-04    8.2805968E-05
    1.6450000E+01   -2.5924236E-04    9.7910322E-05    3.9160837E-05    4.2525795E-05    4.4889405E-05    2.7223712E-10    1.0000031E-16    1.4994702E-05    1.4504918E-07    1.1503320E-08    2.1190568E-04    6.7070070E-04    3.2846265E-04    8.2805968E-05
    1.6550000E+01   -2.6063716E-04    9.8362399E-05    3.9356905E-05    4.2576198E-05    4.5104337E-05    2.6844183E-10    1.0000031E-16    1.5102168E-05    1.4603270E-07    1.1581456E-08    2.1320492E-04    6.7070070E-04    3.2846265E-04    8.2805968E-05
    1.6650000E+01   -2.6203433E-04    9.8815281E-05    3.9553007E-05    4.2626690E-05    4.5319717E-05    2.6473442E-10    1.0000031E-16    1.5209859E-05    1.4702147E-07    1.1660012E-08    2.1450584E-04    6.7070070E-04    3.2846265E-04    8.2805968E-05
    1.6750000E+01   -2.6343385E-04    9.9268967E-05    3.9749137E-05    4.2677272E-05    4.5535546E-05    2.6111308E-10    1.0000031E-16    1.5317773E-05    1.4801553E-07    1.1738989E-08    2.1580843E-04    6.7070070E-04    3.2846265E-04    8.2805968E-05
    1.6850000E+01   -2.6483574E-04    9.9723458E-05    3.9945289E-05    4.2727944E-05    4.5751823E-05    2.5757608E-10    1.0000031E-16    1.5425911E-05    1.4901493E-07    1.1818392E-08    2.1711268E-04    6.7070070E-04    3.2846265E-04    8.2805968E-05
    1.6950000E+01   -2.6623999E-04    1.0017876E-04    4.0141458E-05    4.2778706E-05    4.5968550E-05    2.5412179E-10    1.0000031E-16    1.5534275E-05    1.5001970E-07    1.1898225E-08    2.1841859E-04    6.7070070E-04    3.2846265E-04    8.2805968E-05
    1.7050000E+01   -2.6764658E-04    1.0063486E-04    4.0337638E-05    4.2829557E-05    4.6185726E-05    2.5074871E-10    1.0000031E-16    1.5642863E-05    1.5102991E-07    1.1978491E-08    2.1972613E-04    6.7070070E-04    3.2846265E-04    8.2805968E-05
    1.7150000E+01   -2.6905553E-04    1.0109177E-04    4.0533822E-05    4.2880499E-05    4.6403353E-05    2.4745545E-10    1.0000031E-16    1.5751676E-05    1.5204558E-07    1.2059194E-08    2.2103531E-04    6.7070070E-04    3.2846265E-04    8.2805968E-05
    1.7250000E+01   -2.7046682E-04    1.0154949E-04    4.0730004E-05    4.2931531E-05    4.6621430E-05    2.4424073E-10    1.0000031E-16    1.5860715E-05    1.5306679E-07    1.2140338E-08    2.2234610E-04    6.7070070E-04    3.2846265E-04    8.2805968E-05
    1.7350000E+01   -2.7188045E-04    1.0200802E-04    4.0926177E-05    4.2982653E-05    4.6839959E-05    2.4110340E-10    1.0000031E-16    1.5969979E-05    1.5409356E-07    1.2221927E-08    2.2365850E-04    6.7070070E-04    3.2846265E-04    8.2805968E-05
    1.7450000E+01   -2.7329641E-04    1.0246735E-04    4.1122335E-05    4.3033865E-05    4.7058939E-05    2.3804248E-10    1.0000031E-16    1.6079470E-05    1.5512596E-07    1.2303965E-08    2.2497250E-04    6.7070070E-04    3.2846265E-04    8.2805968E-05
    1.7550000E+01   -2.7471471E-04    1.0292750E-04    4.1318470E-05    4.3085167E-05    4.7278372E-05    2.3505711E-10    1.0000031E-16    1.6189186E-05    1.5616404E-07    1.2386457E-08    2.2628808E-04    6.7070070E-04    3.2846265E-04    8.2805968E-05
    1.7650000E+01   -2.7613533E-04    1.0338846E-04    4.1514574E-05    4.3136560E-05    4.7498257E-05    2.3214663E-10    1.0000031E-16    1.6299128E-05    1.5720786E-07    1.2469407E-08    2.2760522E-04    6.7070070E-04    3.2846265E-04    8.2805968E-05
    1.7750000E+01   -2.7755827E-04    1.0385023E-04    4.1710641E-05    4.3188044E-05    4.7718595E-05    2.2931058E-10    1.0000031E-16    1.6409297E-05    1.5825747E-07    1.2552819E-08    2.2892392E-04    6.7070070E-04    3.2846265E-04    8.2805968E-05
    1.7850000E+01   -2.7898353E-04    1.0431281E-04    4.1906663E-05    4.3239618E-05    4.7939386E-05    2.2654872E-10    1.0000031E-16    1.6519693E-05    1.5931293E-07    1.2636699E-08    2.3024416E-04    6.7070070E-04    3.2846265E-04    8.2805968E-05
    1.7950000E+01   -2.8041110E-04    1.0477621E-04    4.2102629E-05    4.3291282E-05    4.8160632E-05    2.2386107E-10    1.0000031E-16    1.6630316E-05    1.6037431E-07    1.2721052E-08    2.3156593E-04    6.7070070E-04    3.2846265E-04    8.2805968E-05
    1.8050000E+01   -2.8184096E-04    1.0524042E-04    4.2298533E-05    4.3343038E-05    4.8382332E-05    2.2124798E-10    1.0000031E-16    1.6741166E-05    1.6144166E-07    1.2805882E-08    2.3288920E-04    6.7070070E-04    3.2846265E-04    8.2805968E-05
    1.8150000E+01   -2.8327313E-04    1.0570544E-04    4.2494365E-05    4.3394884E-05    4.8604487E-05    2.1871018E-10    1.0000031E-16    1.6852243E-05    1.6251506E-07    1.2891195E-08    2.3421396E-04    6.7070070E-04    3.2846265E-04    8.2805968E-05
    1.8250000E+01   -2.8470758E-04    1.0617128E-04    4.2690115E-05    4.3446821E-05    4.8827097E-05    2.1624886E-10    1.0000031E-16    1.6963549E-05    1.6359458E-07    1.2976997E-08    2.3554020E-04    6.7070070E-04    3.2846265E-04    8.2805968E-05
    1.8350000E+01   -2.8614431E-04    1.0663793E-04    4.2885772E-05    4.3498849E-05    4.9050163E-05    2.1386578E-10    1.0000031E-16    1.7075082E-05    1.6468029E-07    1.3063294E-08    2.3686789E-04    6.7070070E-04    3.2846265E-04    8.2805968E-05
    1.8450000E+01   -2.8758331E-04    1.0710541E-04    4.3081326E-05    4.3550968E-05    4.9273686E-05    2.1156343E-10    1.0000031E-16    1.7186843E-05    1.6577227E-07    1.3150092E-08    2.3819702E-04    6.7070070E-04    3.2846265E-04    8.2805968E-05
    1.8550000E+01   -2.8902458E-04    1.0757369E-04    4.3276764E-05    4.3603178E-05    4.9497665E-05    2.0934524E-10    1.0000031E-16    1.7298833E-05    1.6687061E-07    1.3237398E-08    2.3952755E-04    6.7070070E-04    3.2846265E-04    8.2805968E-05
    1.8650000E+01   -2.9046809E-04    1.0804280E-04    4.3472074E-05    4.3655479E-05    4.9722102E-05    2.0721584E-10    1.0000031E-16    1.7411051E-05    1.6797541E-07    1.3325221E-08    2.4085947E-04    6.7070070E-04    3.2846265E-04    8.2805968E-05
    1.8750000E+01   -2.9191385E-04    1.0851273E-04    4.3667241E-05    4.3707872E-05    4.9946996E-05    2.0518151E-10    1.0000031E-16    1.7523498E-05    1.6908676E-07    1.3413567E-08    2.4219275E-04    6.7070070E-04    3.2846265E-04    8.2805968E-05
    1.8850000E+01   -2.9336183E-04    1.0898347E-04    4.3862249E-05    4.3760356E-05    5.0172348E-05    2.0325073E-10    1.0000031E-16    1.7636174E-05    1.7020477E-07    1.3502447E-08    2.4352736E-04    6.7070070E-04    3.2846265E-04    8.2805968E-05
    1.8950000E+01   -2.9481201E-04    1.0945504E-04    4.4057080E-05    4.3812931E-05    5.0398159E-05    2.0143511E-10    1.0000031E-16    1.7749080E-05    1.7132957E-07    1.3591870E-08    2.4486326E-04    6.7070070E-04    3.2846265E-04    8.2805968E-05
    1.9050000E+01   -2.9626439E-04    1.0992742E-04    4.4251713E-05    4.3865598E-05    5.0624430E-05    1.9975069E-10    1.0000031E-16    1.7862215E-05    1.7246132E-07    1.3681848E-08    2.4620042E-04    6.7070070E-04    3.2846265E-04    8.2805968E-05
    1.9150000E+01   -2.9771894E-04    1.1040063E-04    4.4446124E-05    4.3918357E-05    5.0851159E-05    1.9822021E-10    1.0000031E-16    1.7975580E-05    1.7360017E-07    1.3772395E-08    2.4753877E-04    6.7070070E-04    3.2846265E-04    8.2805968E-05
    1.9250000E+01   -2.9917563E-04    1.1087466E-04    4.4640280E-05    4.3971207E-05    5.1078349E-05    1.9687666E-10    1.0000031E-16    1.8089175E-05    1.7474635E-07    1.3863528E-08    2.4887828E-04    6.7070070E-04    3.2846265E-04    8.2805968E-05
    1.9350000E+01   -3.0063443E-04    1.1134951E-04    4.4834145E-05    4.4024149E-05    5.1305999E-05    1.9576976E-10    1.0000031E-16    1.8203000E-05    1.7590010E-07    1.3955269E-08    2.5021885E-04    6.7070070E-04    3.2846265E-04    8.2805968E-05
    1.9450000E+01   -3.0209528E-04    1.1182519E-04    4.5027666E-05    4.4077183E-05    5.1534111E-05    1.9497788E-10    1.0000031E-16    1.8317055E-05    1.7706179E-07    1.4047645E-08    2.5156039E-04    6.7070070E-04    3.2846265E-04    8.2805968E-05
    1.9550000E+01   -3.0355808E-04    1.1230167E-04    4.5220765E-05    4.4130303E-05    5.1762677E-05    1.9463260E-10    1.0000030E-16    1.8431340E-05    1.7823188E-07    1.4140696E-08    2.5290273E-04    6.7070062E-04    3.2846261E-04    8.2805958E-05
    1.9650000E+01   -3.0502060E-04    1.1277819E-04    4.5413014E-05    4.4183205E-05    5.1991338E-05    1.9497557E-10    9.9999588E-17    1.8545723E-05    1.7940987E-07    1.4234382E-08    2.5424386E-04    6.7069583E-04    3.2846026E-04    8.2805367E-05
    1.9750000E+01   -3.0638522E-04    1.1321873E-04    4.5589775E-05    4.4221869E-05    5.2203490E-05    1.9656544E-10    9.9966520E-17    1.8654263E-05    1.8053917E-07    1.4324215E-08    2.5550218E-04    6.7047404E-04    3.2835165E-04    8.2777984E-05
    1.9850000E+01   -3.0485299E-04    1.1258939E-04    4.5335620E-05    4.3843957E-05    5.1922307E-05    2.0248031E-10    9.8992934E-17    1.8586203E-05    1.7996033E-07    1.4278517E-08    2.5434328E-04    6.6394422E-04    3.2515379E-04    8.1971800E-05
    1.9950000E+01   -3.9326954E-04    1.4513928E-04    5.8454911E-05    5.6311128E-05    6.6947373E-05    1.6584448E-10    1.2695329E-16    2.4015697E-05    2.3256463E-07    1.8452437E-08    3.2831406E-04    8.5147390E-04    4.1699281E-04    1.0512457E-04
