# Time          1.0000E-01
# Units: Mole component in mineral/m^3 porous medium
    Distance           H+               Na+              K+               Ca++             Mg++             Al+++            Fe+++            Fe++             Li7+             Li6+             SiO2(aq)         CO2(aq)          O2(aq)           Cl-          
    5.0000000E-02   -2.3015268E+04    1.4646309E+03    2.1326855E+03    1.6329379E+02    5.4219427E+02    5.8110891E+03    0.0000000E+00    2.7109713E+02    2.9144325E+01    2.3699543E+00    2.6247795E+04    0.0000000E+00    0.0000000E+00    0.0000000E+00
    1.5000000E-01   -2.3028709E+04    1.4691831E+03    2.1349039E+03    1.6380131E+02    5.4423099E+02    5.8109357E+03    0.0000000E+00    2.7211550E+02    2.9148903E+01    2.3702522E+00    2.6261211E+04    0.0000000E+00    0.0000000E+00    0.0000000E+00
    2.5000000E-01   -2.3042464E+04    1.4737496E+03    2.1371281E+03    1.6431043E+02    5.4627495E+02    5.8108719E+03    0.0000000E+00    2.7313748E+02    2.9154120E+01    2.3706091E+00    2.6274757E+04    0.0000000E+00    0.0000000E+00    0.0000000E+00
    3.5000000E-01   -2.3056282E+04    1.4783298E+03    2.1393580E+03    1.6482109E+02    5.4832594E+02    5.8108146E+03    0.0000000E+00    2.7416297E+02    2.9159419E+01    2.3709783E+00    2.6288349E+04    0.0000000E+00    0.0000000E+00    0.0000000E+00
    4.5000000E-01   -2.3070159E+04    1.4829234E+03    2.1415933E+03    1.6533323E+02    5.5038373E+02    5.8107630E+03    0.0000000E+00    2.7519187E+02    2.9164793E+01    2.3713586E+00    2.6301984E+04    0.0000000E+00    0.0000000E+00    0.0000000E+00
    5.5000000E-01   -2.3084093E+04    1.4875298E+03    2.1438338E+03    1.6584681E+02    5.5244817E+02    5.8107163E+03    0.0000000E+00    2.7622408E+02    2.9170238E+01    2.3717492E+00    2.6315660E+04    0.0000000E+00    0.0000000E+00    0.0000000E+00
    6.5000000E-01   -2.3098079E+04    1.4921488E+03    2.1460794E+03    1.6636179E+02    5.5451907E+02    5.8106741E+03    0.0000000E+00    2.7725954E+02    2.9175749E+01    2.3721492E+00    2.6329376E+04    0.0000000E+00    0.0000000E+00    0.0000000E+00
    7.5000000E-01   -2.3112116E+04    1.4967799E+03    2.1483299E+03    1.6687812E+02    5.5659630E+02    5.8106357E+03    0.0000000E+00    2.7829815E+02    2.9181324E+01    2.3725578E+00    2.6343130E+04    0.0000000E+00    0.0000000E+00    0.0000000E+00
    8.5000000E-01   -2.3126201E+04    1.5014229E+03    2.1505852E+03    1.6739577E+02    5.5867972E+02    5.8106007E+03    0.0000000E+00    2.7933986E+02    2.9186959E+01    2.3729745E+00    2.6356921E+04    0.0000000E+00    0.0000000E+00    0.0000000E+00
    9.5000000E-01   -2.3140332E+04    1.5060775E+03    2.1528451E+03    1.6791472E+02    5.6076922E+02    5.8105688E+03    0.0000000E+00    2.8038461E+02    2.9192651E+01    2.3733988E+00    2.6370747E+04    0.0000000E+00    0.0000000E+00    0.0000000E+00
    1.0500000E+00   -2.3154508E+04    1.5107435E+03    2.1551096E+03    1.6843494E+02    5.6286469E+02    5.8105397E+03    0.0000000E+00    2.8143235E+02    2.9198399E+01    2.3738301E+00    2.6384608E+04    0.0000000E+00    0.0000000E+00    0.0000000E+00
    1.1500000E+00   -2.3168727E+04    1.5154206E+03    2.1573785E+03    1.6895639E+02    5.6496604E+02    5.8105130E+03    0.0000000E+00    2.8248302E+02    2.9204201E+01    2.3742681E+00    2.6398503E+04    0.0000000E+00    0.0000000E+00    0.0000000E+00
    1.2500000E+00   -2.3182988E+04    1.5201086E+03    2.1596518E+03    1.6947907E+02    5.6707320E+02    5.8104885E+03    0.0000000E+00    2.8353660E+02    2.9210054E+01    2.3747123E+00    2.6412430E+04    0.0000000E+00    0.0000000E+00    0.0000000E+00
    1.3500000E+00   -2.3197290E+04    1.5248074E+03    2.1619294E+03    1.7000295E+02    5.6918609E+02    5.8104659E+03    0.0000000E+00    2.8459304E+02    2.9215958E+01    2.3751624E+00    2.6426390E+04    0.0000000E+00    0.0000000E+00    0.0000000E+00
    1.4500000E+00   -2.3211631E+04    1.5295169E+03    2.1642112E+03    1.7052802E+02    5.7130465E+02    5.8104451E+03    0.0000000E+00    2.8565232E+02    2.9221912E+01    2.3756182E+00    2.6440381E+04    0.0000000E+00    0.0000000E+00    0.0000000E+00
    1.5500000E+00   -2.3226011E+04    1.5342369E+03    2.1664971E+03    1.7105426E+02    5.7342883E+02    5.8104260E+03    0.0000000E+00    2.8671441E+02    2.9227913E+01    2.3760793E+00    2.6454403E+04    0.0000000E+00    0.0000000E+00    0.0000000E+00
    1.6500000E+00   -2.3240429E+04    1.5389674E+03    2.1687872E+03    1.7158166E+02    5.7555858E+02    5.8104083E+03    0.0000000E+00    2.8777929E+02    2.9233962E+01    2.3765456E+00    2.6468456E+04    0.0000000E+00    0.0000000E+00    0.0000000E+00
    1.7500000E+00   -2.3254884E+04    1.5437081E+03    2.1710814E+03    1.7211021E+02    5.7769388E+02    5.8103919E+03    0.0000000E+00    2.8884694E+02    2.9240057E+01    2.3770168E+00    2.6482539E+04    0.0000000E+00    0.0000000E+00    0.0000000E+00
    1.8500000E+00   -2.3269376E+04    1.5484591E+03    2.1733795E+03    1.7263991E+02    5.7983467E+02    5.8103767E+03    0.0000000E+00    2.8991734E+02    2.9246198E+01    2.3774928E+00    2.6496651E+04    0.0000000E+00    0.0000000E+00    0.0000000E+00
    1.9500000E+00   -2.3283904E+04    1.5532203E+03    2.1756817E+03    1.7317074E+02    5.8198095E+02    5.8103626E+03    0.0000000E+00    2.9099047E+02    2.9252384E+01    2.3779734E+00    2.6510793E+04    0.0000000E+00    0.0000000E+00    0.0000000E+00
    2.0500000E+00   -2.3298468E+04    1.5579916E+03    2.1779878E+03    1.7370270E+02    5.8413268E+02    5.8103495E+03    0.0000000E+00    2.9206634E+02    2.9258614E+01    2.3784584E+00    2.6524965E+04    0.0000000E+00    0.0000000E+00    0.0000000E+00
    2.1500000E+00   -2.3313067E+04    1.5627730E+03    2.1802978E+03    1.7423578E+02    5.8628984E+02    5.8103373E+03    0.0000000E+00    2.9314492E+02    2.9264889E+01    2.3789478E+00    2.6539165E+04    0.0000000E+00    0.0000000E+00    0.0000000E+00
    2.2500000E+00   -2.3327702E+04    1.5675644E+03    2.1826118E+03    1.7476998E+02    5.8845243E+02    5.8103259E+03    0.0000000E+00    2.9422622E+02    2.9271207E+01    2.3794414E+00    2.6553394E+04    0.0000000E+00    0.0000000E+00    0.0000000E+00
    2.3500000E+00   -2.3342371E+04    1.5723658E+03    2.1849296E+03    1.7530530E+02    5.9062043E+02    5.8103153E+03    0.0000000E+00    2.9531022E+02    2.9277569E+01    2.3799391E+00    2.6567652E+04    0.0000000E+00    0.0000000E+00    0.0000000E+00
    2.4500000E+00   -2.3357074E+04    1.5771772E+03    2.1872513E+03    1.7584172E+02    5.9279383E+02    5.8103054E+03    0.0000000E+00    2.9639691E+02    2.9283973E+01    2.3804409E+00    2.6581939E+04    0.0000000E+00    0.0000000E+00    0.0000000E+00
    2.5500000E+00   -2.3371812E+04    1.5819985E+03    2.1895768E+03    1.7637926E+02    5.9497262E+02    5.8102962E+03    0.0000000E+00    2.9748631E+02    2.9290420E+01    2.3809466E+00    2.6596253E+04    0.0000000E+00    0.0000000E+00    0.0000000E+00
    2.6500000E+00   -2.3386583E+04    1.5868298E+03    2.1919062E+03    1.7691791E+02    5.9715681E+02    5.8102875E+03    0.0000000E+00    2.9857840E+02    2.9296910E+01    2.3814562E+00    2.6610596E+04    0.0000000E+00    0.0000000E+00    0.0000000E+00
    2.7500000E+00   -2.3401389E+04    1.5916711E+03    2.1942394E+03    1.7745767E+02    5.9934638E+02    5.8102794E+03    0.0000000E+00    2.9967319E+02    2.9303442E+01    2.3819696E+00    2.6624967E+04    0.0000000E+00    0.0000000E+00    0.0000000E+00
    2.8500000E+00   -2.3416228E+04    1.5965222E+03    2.1965764E+03    1.7799853E+02    6.0154133E+02    5.8102718E+03    0.0000000E+00    3.0077067E+02    2.9310016E+01    2.3824868E+00    2.6639366E+04    0.0000000E+00    0.0000000E+00    0.0000000E+00
    2.9500000E+00   -2.3431100E+04    1.6013833E+03    2.1989172E+03    1.7854050E+02    6.0374168E+02    5.8102647E+03    0.0000000E+00    3.0187084E+02    2.9316632E+01    2.3830077E+00    2.6653793E+04    0.0000000E+00    0.0000000E+00    0.0000000E+00
    3.0500000E+00   -2.3446006E+04    1.6062543E+03    2.2012619E+03    1.7908357E+02    6.0594741E+02    5.8102580E+03    0.0000000E+00    3.0297370E+02    2.9323290E+01    2.3835322E+00    2.6668248E+04    0.0000000E+00    0.0000000E+00    0.0000000E+00
    3.1500000E+00   -2.3460946E+04    1.6111352E+03    2.2036103E+03    1.7962775E+02    6.0815852E+02    5.8102517E+03    0.0000000E+00    3.0407926E+02    2.9329990E+01    2.3840604E+00    2.6682731E+04    0.0000000E+00    0.0000000E+00    0.0000000E+00
    3.2500000E+00   -2.3475918E+04    1.6160260E+03    2.2059625E+03    1.8017304E+02    6.1037503E+02    5.8102457E+03    0.0000000E+00    3.0518752E+02    2.9336732E+01    2.3845923E+00    2.6697241E+04    0.0000000E+00    0.0000000E+00    0.0000000E+00
    3.3500000E+00   -2.3490924E+04    1.6209268E+03    2.2083184E+03    1.8071943E+02    6.1259694E+02    5.8102401E+03    0.0000000E+00    3.0629847E+02    2.9343516E+01    2.3851276E+00    2.6711780E+04    0.0000000E+00    0.0000000E+00    0.0000000E+00
    3.4500000E+00   -2.3505963E+04    1.6258375E+03    2.2106781E+03    1.8126693E+02    6.1482424E+02    5.8102349E+03    0.0000000E+00    3.0741212E+02    2.9350341E+01    2.3856666E+00    2.6726346E+04    0.0000000E+00    0.0000000E+00    0.0000000E+00
    3.5500000E+00   -2.3521035E+04    1.6307581E+03    2.2130416E+03    1.8181554E+02    6.1705695E+02    5.8102299E+03    0.0000000E+00    3.0852848E+02    2.9357207E+01    2.3862090E+00    2.6740940E+04    0.0000000E+00    0.0000000E+00    0.0000000E+00
    3.6500000E+00   -2.3536140E+04    1.6356886E+03    2.2154089E+03    1.8236525E+02    6.1929507E+02    5.8102252E+03    0.0000000E+00    3.0964753E+02    2.9364116E+01    2.3867550E+00    2.6755562E+04    0.0000000E+00    0.0000000E+00    0.0000000E+00
    3.7500000E+00   -2.3551278E+04    1.6406291E+03    2.2177799E+03    1.8291607E+02    6.2153860E+02    5.8102208E+03    0.0000000E+00    3.1076930E+02    2.9371066E+01    2.3873044E+00    2.6770212E+04    0.0000000E+00    0.0000000E+00    0.0000000E+00
    3.8500000E+00   -2.3566449E+04    1.6455796E+03    2.2201546E+03    1.8346801E+02    6.2378754E+02    5.8102166E+03    0.0000000E+00    3.1189377E+02    2.9378057E+01    2.3878573E+00    2.6784889E+04    0.0000000E+00    0.0000000E+00    0.0000000E+00
    3.9500000E+00   -2.3581652E+04    1.6505400E+03    2.2225331E+03    1.8402105E+02    6.2604192E+02    5.8102127E+03    0.0000000E+00    3.1302096E+02    2.9385091E+01    2.3884137E+00    2.6799594E+04    0.0000000E+00    0.0000000E+00    0.0000000E+00
    4.0500000E+00   -2.3596889E+04    1.6555104E+03    2.2249153E+03    1.8457520E+02    6.2830172E+02    5.8102089E+03    0.0000000E+00    3.1415086E+02    2.9392165E+01    2.3889735E+00    2.6814326E+04    0.0000000E+00    0.0000000E+00    0.0000000E+00
    4.1500000E+00   -2.3612159E+04    1.6604907E+03    2.2273013E+03    1.8513047E+02    6.3056696E+02    5.8102054E+03    0.0000000E+00    3.1528348E+02    2.9399282E+01    2.3895367E+00    2.6829086E+04    0.0000000E+00    0.0000000E+00    0.0000000E+00
    4.2500000E+00   -2.3627461E+04    1.6654811E+03    2.2296910E+03    1.8568685E+02    6.3283764E+02    5.8102020E+03    0.0000000E+00    3.1641882E+02    2.9406440E+01    2.3901034E+00    2.6843874E+04    0.0000000E+00    0.0000000E+00    0.0000000E+00
    4.3500000E+00   -2.3642797E+04    1.6704814E+03    2.2320844E+03    1.8624435E+02    6.3511378E+02    5.8101988E+03    0.0000000E+00    3.1755689E+02    2.9413641E+01    2.3906735E+00    2.6858690E+04    0.0000000E+00    0.0000000E+00    0.0000000E+00
    4.4500000E+00   -2.3658165E+04    1.6754917E+03    2.2344815E+03    1.8680296E+02    6.3739536E+02    5.8101958E+03    0.0000000E+00    3.1869768E+02    2.9420883E+01    2.3912470E+00    2.6873533E+04    0.0000000E+00    0.0000000E+00    0.0000000E+00
    4.5500000E+00   -2.3673566E+04    1.6805121E+03    2.2368823E+03    1.8736268E+02    6.3968241E+02    5.8101929E+03    0.0000000E+00    3.1984120E+02    2.9428166E+01    2.3918240E+00    2.6888404E+04    0.0000000E+00    0.0000000E+00    0.0000000E+00
    4.6500000E+00   -2.3689000E+04    1.6855425E+03    2.2392869E+03    1.8792353E+02    6.4197492E+02    5.8101902E+03    0.0000000E+00    3.2098746E+02    2.9435492E+01    2.3924043E+00    2.6903303E+04    0.0000000E+00    0.0000000E+00    0.0000000E+00
    4.7500000E+00   -2.3704466E+04    1.6905829E+03    2.2416951E+03    1.8848549E+02    6.4427291E+02    5.8101876E+03    0.0000000E+00    3.2213646E+02    2.9442860E+01    2.3929881E+00    2.6918230E+04    0.0000000E+00    0.0000000E+00    0.0000000E+00
    4.8500000E+00   -2.3719966E+04    1.6956334E+03    2.2441071E+03    1.8904857E+02    6.4657638E+02    5.8101851E+03    0.0000000E+00    3.2328819E+02    2.9450270E+01    2.3935752E+00    2.6933184E+04    0.0000000E+00    0.0000000E+00    0.0000000E+00
    4.9500000E+00   -2.3735498E+04    1.7006939E+03    2.2465228E+03    1.8961277E+02    6.4888534E+02    5.8101827E+03    0.0000000E+00    3.2444267E+02    2.9457722E+01    2.3941658E+00    2.6948165E+04    0.0000000E+00    0.0000000E+00    0.0000000E+00
    5.0500000E+00   -2.3751064E+04    1.7057644E+03    2.2489421E+03    1.9017810E+02    6.5119979E+02    5.8101805E+03    0.0000000E+00    3.2559989E+02    2.9465216E+01    2.3947598E+00    2.6963175E+04    0.0000000E+00    0.0000000E+00    0.0000000E+00
    5.1500000E+00   -2.3766662E+04    1.7108451E+03    2.2513652E+03    1.9074455E+02    6.5351974E+02    5.8101784E+03    0.0000000E+00    3.2675987E+02    2.9472753E+01    2.3953572E+00    2.6978212E+04    0.0000000E+00    0.0000000E+00    0.0000000E+00
    5.2500000E+00   -2.3782293E+04    1.7159358E+03    2.2537919E+03    1.9131212E+02    6.5584519E+02    5.8101763E+03    0.0000000E+00    3.2792260E+02    2.9480332E+01    2.3959580E+00    2.6993277E+04    0.0000000E+00    0.0000000E+00    0.0000000E+00
    5.3500000E+00   -2.3797957E+04    1.7210366E+03    2.2562223E+03    1.9188082E+02    6.5817616E+02    5.8101744E+03    0.0000000E+00    3.2908808E+02    2.9487954E+01    2.3965622E+00    2.7008370E+04    0.0000000E+00    0.0000000E+00    0.0000000E+00
    5.4500000E+00   -2.3813654E+04    1.7261475E+03    2.2586564E+03    1.9245064E+02    6.6051265E+02    5.8101725E+03    0.0000000E+00    3.3025632E+02    2.9495618E+01    2.3971698E+00    2.7023490E+04    0.0000000E+00    0.0000000E+00    0.0000000E+00
    5.5500000E+00   -2.3829383E+04    1.7312686E+03    2.2610941E+03    1.9302159E+02    6.6285466E+02    5.8101708E+03    0.0000000E+00    3.3142733E+02    2.9503324E+01    2.3977809E+00    2.7038638E+04    0.0000000E+00    0.0000000E+00    0.0000000E+00
    5.6500000E+00   -2.3845146E+04    1.7363997E+03    2.2635355E+03    1.9359367E+02    6.6520221E+02    5.8101691E+03    0.0000000E+00    3.3260110E+02    2.9511074E+01    2.3983954E+00    2.7053814E+04    0.0000000E+00    0.0000000E+00    0.0000000E+00
    5.7500000E+00   -2.3860942E+04    1.7415410E+03    2.2659806E+03    1.9416688E+02    6.6755529E+02    5.8101675E+03    0.0000000E+00    3.3377765E+02    2.9518866E+01    2.3990133E+00    2.7069017E+04    0.0000000E+00    0.0000000E+00    0.0000000E+00
    5.8500000E+00   -2.3876770E+04    1.7466925E+03    2.2684293E+03    1.9474122E+02    6.6991392E+02    5.8101659E+03    0.0000000E+00    3.3495696E+02    2.9526702E+01    2.3996347E+00    2.7084248E+04    0.0000000E+00    0.0000000E+00    0.0000000E+00
    5.9500000E+00   -2.3892632E+04    1.7518541E+03    2.2708817E+03    1.9531670E+02    6.7227811E+02    5.8101644E+03    0.0000000E+00    3.3613905E+02    2.9534580E+01    2.4002595E+00    2.7099507E+04    0.0000000E+00    0.0000000E+00    0.0000000E+00
    6.0500000E+00   -2.3908526E+04    1.7570258E+03    2.2733377E+03    1.9589330E+02    6.7464785E+02    5.8101630E+03    0.0000000E+00    3.3732392E+02    2.9542502E+01    2.4008878E+00    2.7114794E+04    0.0000000E+00    0.0000000E+00    0.0000000E+00
    6.1500000E+00   -2.3924454E+04    1.7622077E+03    2.2757973E+03    1.9647104E+02    6.7702315E+02    5.8101617E+03    0.0000000E+00    3.3851158E+02    2.9550467E+01    2.4015195E+00    2.7130109E+04    0.0000000E+00    0.0000000E+00    0.0000000E+00
    6.2500000E+00   -2.3940414E+04    1.7673998E+03    2.2782606E+03    1.9704992E+02    6.7940403E+02    5.8101604E+03    0.0000000E+00    3.3970201E+02    2.9558475E+01    2.4021547E+00    2.7145451E+04    0.0000000E+00    0.0000000E+00    0.0000000E+00
    6.3500000E+00   -2.3956408E+04    1.7726021E+03    2.2807275E+03    1.9762993E+02    6.8179048E+02    5.8101591E+03    0.0000000E+00    3.4089524E+02    2.9566527E+01    2.4027934E+00    2.7160821E+04    0.0000000E+00    0.0000000E+00    0.0000000E+00
    6.4500000E+00   -2.3972434E+04    1.7778146E+03    2.2831980E+03    1.9821108E+02    6.8418252E+02    5.8101580E+03    0.0000000E+00    3.4209126E+02    2.9574622E+01    2.4034356E+00    2.7176218E+04    0.0000000E+00    0.0000000E+00    0.0000000E+00
    6.5500000E+00   -2.3988494E+04    1.7830373E+03    2.2856721E+03    1.9879337E+02    6.8658015E+02    5.8101568E+03    0.0000000E+00    3.4329008E+02    2.9582761E+01    2.4040812E+00    2.7191644E+04    0.0000000E+00    0.0000000E+00    0.0000000E+00
    6.6500000E+00   -2.4004587E+04    1.7882703E+03    2.2881498E+03    1.9937679E+02    6.8898338E+02    5.8101557E+03    0.0000000E+00    3.4449169E+02    2.9590944E+01    2.4047303E+00    2.7207097E+04    0.0000000E+00    0.0000000E+00    0.0000000E+00
    6.7500000E+00   -2.4020713E+04    1.7935134E+03    2.2906311E+03    1.9996136E+02    6.9139221E+02    5.8101547E+03    0.0000000E+00    3.4569611E+02    2.9599171E+01    2.4053830E+00    2.7222578E+04    0.0000000E+00    0.0000000E+00    0.0000000E+00
    6.8500000E+00   -2.4036871E+04    1.7987669E+03    2.2931160E+03    2.0054707E+02    6.9380666E+02    5.8101537E+03    0.0000000E+00    3.4690333E+02    2.9607442E+01    2.4060391E+00    2.7238087E+04    0.0000000E+00    0.0000000E+00    0.0000000E+00
    6.9500000E+00   -2.4053064E+04    1.8040305E+03    2.2956045E+03    2.0113392E+02    6.9622672E+02    5.8101527E+03    0.0000000E+00    3.4811336E+02    2.9615757E+01    2.4066988E+00    2.7253624E+04    0.0000000E+00    0.0000000E+00    0.0000000E+00
    7.0500000E+00   -2.4069289E+04    1.8093044E+03    2.2980966E+03    2.0172192E+02    6.9865240E+02    5.8101518E+03    0.0000000E+00    3.4932620E+02    2.9624116E+01    2.4073620E+00    2.7269188E+04    0.0000000E+00    0.0000000E+00    0.0000000E+00
    7.1500000E+00   -2.4085547E+04    1.8145886E+03    2.3005922E+03    2.0231106E+02    7.0108372E+02    5.8101509E+03    0.0000000E+00    3.5054186E+02    2.9632520E+01    2.4080287E+00    2.7284780E+04    0.0000000E+00    0.0000000E+00    0.0000000E+00
    7.2500000E+00   -2.4101839E+04    1.8198831E+03    2.3030914E+03    2.0290135E+02    7.0352067E+02    5.8101500E+03    0.0000000E+00    3.5176033E+02    2.9640969E+01    2.4086990E+00    2.7300400E+04    0.0000000E+00    0.0000000E+00    0.0000000E+00
    7.3500000E+00   -2.4118164E+04    1.8251879E+03    2.3055942E+03    2.0349279E+02    7.0596326E+02    5.8101492E+03    0.0000000E+00    3.5298163E+02    2.9649462E+01    2.4093729E+00    2.7316048E+04    0.0000000E+00    0.0000000E+00    0.0000000E+00
    7.4500000E+00   -2.4134522E+04    1.8305030E+03    2.3081005E+03    2.0408538E+02    7.0841151E+02    5.8101484E+03    0.0000000E+00    3.5420575E+02    2.9658000E+01    2.4100503E+00    2.7331724E+04    0.0000000E+00    0.0000000E+00    0.0000000E+00
    7.5500000E+00   -2.4150913E+04    1.8358283E+03    2.3106103E+03    2.0467911E+02    7.1086541E+02    5.8101476E+03    0.0000000E+00    3.5543270E+02    2.9666583E+01    2.4107313E+00    2.7347427E+04    0.0000000E+00    0.0000000E+00    0.0000000E+00
    7.6500000E+00   -2.4167338E+04    1.8411641E+03    2.3131236E+03    2.0527400E+02    7.1332497E+02    5.8101469E+03    0.0000000E+00    3.5666249E+02    2.9675211E+01    2.4114159E+00    2.7363158E+04    0.0000000E+00    0.0000000E+00    0.0000000E+00
    7.7500000E+00   -2.4183796E+04    1.8465101E+03    2.3156405E+03    2.0587003E+02    7.1579021E+02    5.8101462E+03    0.0000000E+00    3.5789510E+02    2.9683885E+01    2.4121041E+00    2.7378917E+04    0.0000000E+00    0.0000000E+00    0.0000000E+00
    7.8500000E+00   -2.4200287E+04    1.8518665E+03    2.3181609E+03    2.0646723E+02    7.1826112E+02    5.8101455E+03    0.0000000E+00    3.5913056E+02    2.9692603E+01    2.4127959E+00    2.7394704E+04    0.0000000E+00    0.0000000E+00    0.0000000E+00
    7.9500000E+00   -2.4216812E+04    1.8572332E+03    2.3206848E+03    2.0706557E+02    7.2073771E+02    5.8101449E+03    0.0000000E+00    3.6036885E+02    2.9701368E+01    2.4134913E+00    2.7410519E+04    0.0000000E+00    0.0000000E+00    0.0000000E+00
    8.0500000E+00   -2.4233370E+04    1.8626103E+03    2.3232121E+03    2.0766507E+02    7.2321999E+02    5.8101442E+03    0.0000000E+00    3.6160999E+02    2.9710178E+01    2.4141904E+00    2.7426361E+04    0.0000000E+00    0.0000000E+00    0.0000000E+00
    8.1500000E+00   -2.4249961E+04    1.8679978E+03    2.3257430E+03    2.0826573E+02    7.2570797E+02    5.8101436E+03    0.0000000E+00    3.6285398E+02    2.9719034E+01    2.4148931E+00    2.7442231E+04    0.0000000E+00    0.0000000E+00    0.0000000E+00
    8.2500000E+00   -2.4266586E+04    1.8733957E+03    2.3282773E+03    2.0886754E+02    7.2820165E+02    5.8101430E+03    0.0000000E+00    3.6410082E+02    2.9727936E+01    2.4155995E+00    2.7458129E+04    0.0000000E+00    0.0000000E+00    0.0000000E+00
    8.3500000E+00   -2.4283244E+04    1.8788039E+03    2.3308151E+03    2.0947052E+02    7.3070103E+02    5.8101425E+03    0.0000000E+00    3.6535052E+02    2.9736884E+01    2.4163095E+00    2.7474055E+04    0.0000000E+00    0.0000000E+00    0.0000000E+00
    8.4500000E+00   -2.4299935E+04    1.8842226E+03    2.3333563E+03    2.1007465E+02    7.3320614E+02    5.8101419E+03    0.0000000E+00    3.6660307E+02    2.9745878E+01    2.4170232E+00    2.7490009E+04    0.0000000E+00    0.0000000E+00    0.0000000E+00
    8.5500000E+00   -2.4316660E+04    1.8896516E+03    2.3359010E+03    2.1067994E+02    7.3571696E+02    5.8101414E+03    0.0000000E+00    3.6785848E+02    2.9754919E+01    2.4177406E+00    2.7505990E+04    0.0000000E+00    0.0000000E+00    0.0000000E+00
    8.6500000E+00   -2.4333419E+04    1.8950911E+03    2.3384491E+03    2.1128640E+02    7.3823351E+02    5.8101409E+03    0.0000000E+00    3.6911676E+02    2.9764006E+01    2.4184617E+00    2.7521999E+04    0.0000000E+00    0.0000000E+00    0.0000000E+00
    8.7500000E+00   -2.4350211E+04    1.9005410E+03    2.3410006E+03    2.1189402E+02    7.4075580E+02    5.8101404E+03    0.0000000E+00    3.7037790E+02    2.9773140E+01    2.4191866E+00    2.7538036E+04    0.0000000E+00    0.0000000E+00    0.0000000E+00
    8.8500000E+00   -2.4367036E+04    1.9060014E+03    2.3435555E+03    2.1250280E+02    7.4328383E+02    5.8101399E+03    0.0000000E+00    3.7164192E+02    2.9782321E+01    2.4199151E+00    2.7554101E+04    0.0000000E+00    0.0000000E+00    0.0000000E+00
    8.9500000E+00   -2.4383895E+04    1.9114722E+03    2.3461138E+03    2.1311275E+02    7.4581761E+02    5.8101394E+03    0.0000000E+00    3.7290880E+02    2.9791549E+01    2.4206474E+00    2.7570194E+04    0.0000000E+00    0.0000000E+00    0.0000000E+00
    9.0500000E+00   -2.4400787E+04    1.9169535E+03    2.3486755E+03    2.1372387E+02    7.4835714E+02    5.8101390E+03    0.0000000E+00    3.7417857E+02    2.9800825E+01    2.4213835E+00    2.7586314E+04    0.0000000E+00    0.0000000E+00    0.0000000E+00
    9.1500000E+00   -2.4417713E+04    1.9224452E+03    2.3512406E+03    2.1433615E+02    7.5090243E+02    5.8101386E+03    0.0000000E+00    3.7545122E+02    2.9810147E+01    2.4221233E+00    2.7602462E+04    0.0000000E+00    0.0000000E+00    0.0000000E+00
    9.2500000E+00   -2.4434673E+04    1.9279475E+03    2.3538090E+03    2.1494960E+02    7.5345349E+02    5.8101382E+03    0.0000000E+00    3.7672675E+02    2.9819518E+01    2.4228670E+00    2.7618638E+04    0.0000000E+00    0.0000000E+00    0.0000000E+00
    9.3500000E+00   -2.4451666E+04    1.9334602E+03    2.3563808E+03    2.1556422E+02    7.5601032E+02    5.8101378E+03    0.0000000E+00    3.7800516E+02    2.9828936E+01    2.4236144E+00    2.7634842E+04    0.0000000E+00    0.0000000E+00    0.0000000E+00
    9.4500000E+00   -2.4468693E+04    1.9389834E+03    2.3589558E+03    2.1618001E+02    7.5857294E+02    5.8101374E+03    0.0000000E+00    3.7928647E+02    2.9838402E+01    2.4243656E+00    2.7651073E+04    0.0000000E+00    0.0000000E+00    0.0000000E+00
    9.5500000E+00   -2.4485753E+04    1.9445171E+03    2.3615342E+03    2.1679698E+02    7.6114134E+02    5.8101370E+03    0.0000000E+00    3.8057067E+02    2.9847916E+01    2.4251207E+00    2.7667332E+04    0.0000000E+00    0.0000000E+00    0.0000000E+00
    9.6500000E+00   -2.4502847E+04    1.9500614E+03    2.3641159E+03    2.1741512E+02    7.6371553E+02    5.8101366E+03    0.0000000E+00    3.8185777E+02    2.9857479E+01    2.4258795E+00    2.7683619E+04    0.0000000E+00    0.0000000E+00    0.0000000E+00
    9.7500000E+00   -2.4519975E+04    1.9556162E+03    2.3667009E+03    2.1803443E+02    7.6629553E+02    5.8101363E+03    0.0000000E+00    3.8314776E+02    2.9867090E+01    2.4266423E+00    2.7699934E+04    0.0000000E+00    0.0000000E+00    0.0000000E+00
    9.8500000E+00   -2.4537136E+04    1.9611815E+03    2.3692891E+03    2.1865492E+02    7.6888133E+02    5.8101359E+03    0.0000000E+00    3.8444067E+02    2.9876750E+01    2.4274089E+00    2.7716276E+04    0.0000000E+00    0.0000000E+00    0.0000000E+00
    9.9500000E+00   -2.4554331E+04    1.9667574E+03    2.3718806E+03    2.1927658E+02    7.7147295E+02    5.8101356E+03    0.0000000E+00    3.8573647E+02    2.9886458E+01    2.4281794E+00    2.7732646E+04    0.0000000E+00    0.0000000E+00    0.0000000E+00
    1.0050000E+01   -2.4571560E+04    1.9723439E+03    2.3744753E+03    2.1989942E+02    7.7407038E+02    5.8101353E+03    0.0000000E+00    3.8703519E+02    2.9896216E+01    2.4289538E+00    2.7749044E+04    0.0000000E+00    0.0000000E+00    0.0000000E+00
    1.0150000E+01   -2.4588823E+04    1.9779409E+03    2.3770733E+03    2.2052344E+02    7.7667364E+02    5.8101350E+03    0.0000000E+00    3.8833682E+02    2.9906023E+01    2.4297322E+00    2.7765469E+04    0.0000000E+00    0.0000000E+00    0.0000000E+00
    1.0250000E+01   -2.4606119E+04    1.9835485E+03    2.3796744E+03    2.2114864E+02    7.7928274E+02    5.8101347E+03    0.0000000E+00    3.8964137E+02    2.9915879E+01    2.4305144E+00    2.7781922E+04    0.0000000E+00    0.0000000E+00    0.0000000E+00
    1.0350000E+01   -2.4623449E+04    1.9891667E+03    2.3822787E+03    2.2177502E+02    7.8189767E+02    5.8101344E+03    0.0000000E+00    3.9094883E+02    2.9925785E+01    2.4313006E+00    2.7798403E+04    0.0000000E+00    0.0000000E+00    0.0000000E+00
    1.0450000E+01   -2.4640812E+04    1.9947955E+03    2.3848862E+03    2.2240258E+02    7.8451845E+02    5.8101341E+03    0.0000000E+00    3.9225922E+02    2.9935741E+01    2.4320908E+00    2.7814911E+04    0.0000000E+00    0.0000000E+00    0.0000000E+00
    1.0550000E+01   -2.4658210E+04    2.0004349E+03    2.3874969E+03    2.2303133E+02    7.8714508E+02    5.8101338E+03    0.0000000E+00    3.9357254E+02    2.9945747E+01    2.4328849E+00    2.7831447E+04    0.0000000E+00    0.0000000E+00    0.0000000E+00
    1.0650000E+01   -2.4675641E+04    2.0060850E+03    2.3901107E+03    2.2366126E+02    7.8977757E+02    5.8101336E+03    0.0000000E+00    3.9488878E+02    2.9955803E+01    2.4336831E+00    2.7848010E+04    0.0000000E+00    0.0000000E+00    0.0000000E+00
    1.0750000E+01   -2.4693106E+04    2.0117456E+03    2.3927275E+03    2.2429238E+02    7.9241593E+02    5.8101333E+03    0.0000000E+00    3.9620796E+02    2.9965910E+01    2.4344853E+00    2.7864601E+04    0.0000000E+00    0.0000000E+00    0.0000000E+00
    1.0850000E+01   -2.4710605E+04    2.0174169E+03    2.3953475E+03    2.2492468E+02    7.9506015E+02    5.8101331E+03    0.0000000E+00    3.9753008E+02    2.9976068E+01    2.4352914E+00    2.7881220E+04    0.0000000E+00    0.0000000E+00    0.0000000E+00
    1.0950000E+01   -2.4728137E+04    2.0230989E+03    2.3979706E+03    2.2555817E+02    7.9771026E+02    5.8101328E+03    0.0000000E+00    3.9885513E+02    2.9986276E+01    2.4361017E+00    2.7897866E+04    0.0000000E+00    0.0000000E+00    0.0000000E+00
    1.1050000E+01   -2.4745704E+04    2.0287915E+03    2.4005967E+03    2.2619285E+02    8.0036625E+02    5.8101326E+03    0.0000000E+00    4.0018313E+02    2.9996536E+01    2.4369160E+00    2.7914540E+04    0.0000000E+00    0.0000000E+00    0.0000000E+00
    1.1150000E+01   -2.4763304E+04    2.0344948E+03    2.4032258E+03    2.2682872E+02    8.0302813E+02    5.8101323E+03    0.0000000E+00    4.0151407E+02    3.0006846E+01    2.4377344E+00    2.7931241E+04    0.0000000E+00    0.0000000E+00    0.0000000E+00
    1.1250000E+01   -2.4780938E+04    2.0402088E+03    2.4058579E+03    2.2746578E+02    8.0569592E+02    5.8101321E+03    0.0000000E+00    4.0284796E+02    3.0017209E+01    2.4385569E+00    2.7947969E+04    0.0000000E+00    0.0000000E+00    0.0000000E+00
    1.1350000E+01   -2.4798606E+04    2.0459335E+03    2.4084931E+03    2.2810403E+02    8.0836960E+02    5.8101319E+03    0.0000000E+00    4.0418480E+02    3.0027623E+01    2.4393836E+00    2.7964725E+04    0.0000000E+00    0.0000000E+00    0.0000000E+00
    1.1450000E+01   -2.4816308E+04    2.0516689E+03    2.4111311E+03    2.2874348E+02    8.1104920E+02    5.8101317E+03    0.0000000E+00    4.0552460E+02    3.0038090E+01    2.4402143E+00    2.7981509E+04    0.0000000E+00    0.0000000E+00    0.0000000E+00
    1.1550000E+01   -2.4834044E+04    2.0574149E+03    2.4137722E+03    2.2938412E+02    8.1373471E+02    5.8101315E+03    0.0000000E+00    4.0686736E+02    3.0048609E+01    2.4410493E+00    2.7998320E+04    0.0000000E+00    0.0000000E+00    0.0000000E+00
    1.1650000E+01   -2.4851813E+04    2.0631718E+03    2.4164161E+03    2.3002595E+02    8.1642615E+02    5.8101313E+03    0.0000000E+00    4.0821308E+02    3.0059180E+01    2.4418884E+00    2.8015158E+04    0.0000000E+00    0.0000000E+00    0.0000000E+00
    1.1750000E+01   -2.4869617E+04    2.0689393E+03    2.4190629E+03    2.3066898E+02    8.1912352E+02    5.8101311E+03    0.0000000E+00    4.0956176E+02    3.0069804E+01    2.4427317E+00    2.8032023E+04    0.0000000E+00    0.0000000E+00    0.0000000E+00
    1.1850000E+01   -2.4887454E+04    2.0747176E+03    2.4217126E+03    2.3131321E+02    8.2182683E+02    5.8101309E+03    0.0000000E+00    4.1091341E+02    3.0080482E+01    2.4435793E+00    2.8048916E+04    0.0000000E+00    0.0000000E+00    0.0000000E+00
    1.1950000E+01   -2.4905325E+04    2.0805066E+03    2.4243652E+03    2.3195864E+02    8.2453608E+02    5.8101307E+03    0.0000000E+00    4.1226804E+02    3.0091212E+01    2.4444311E+00    2.8065836E+04    0.0000000E+00    0.0000000E+00    0.0000000E+00
    1.2050000E+01   -2.4923230E+04    2.0863064E+03    2.4270205E+03    2.3260527E+02    8.2725128E+02    5.8101306E+03    0.0000000E+00    4.1362564E+02    3.0101997E+01    2.4452871E+00    2.8082784E+04    0.0000000E+00    0.0000000E+00    0.0000000E+00
    1.2150000E+01   -2.4941169E+04    2.0921170E+03    2.4296787E+03    2.3325310E+02    8.2997244E+02    5.8101304E+03    0.0000000E+00    4.1498622E+02    3.0112835E+01    2.4461475E+00    2.8099758E+04    0.0000000E+00    0.0000000E+00    0.0000000E+00
    1.2250000E+01   -2.4959142E+04    2.0979384E+03    2.4323396E+03    2.3390213E+02    8.3269956E+02    5.8101302E+03    0.0000000E+00    4.1634978E+02    3.0123727E+01    2.4470121E+00    2.8116760E+04    0.0000000E+00    0.0000000E+00    0.0000000E+00
    1.2350000E+01   -2.4977149E+04    2.1037705E+03    2.4350032E+03    2.3455236E+02    8.3543265E+02    5.8101301E+03    0.0000000E+00    4.1771633E+02    3.0134673E+01    2.4478811E+00    2.8133789E+04    0.0000000E+00    0.0000000E+00    0.0000000E+00
    1.2450000E+01   -2.4995190E+04    2.1096135E+03    2.4376695E+03    2.3520380E+02    8.3817172E+02    5.8101299E+03    0.0000000E+00    4.1908586E+02    3.0145675E+01    2.4487545E+00    2.8150845E+04    0.0000000E+00    0.0000000E+00    0.0000000E+00
    1.2550000E+01   -2.5013265E+04    2.1154672E+03    2.4403385E+03    2.3585645E+02    8.4091677E+02    5.8101298E+03    0.0000000E+00    4.2045839E+02    3.0156731E+01    2.4496322E+00    2.8167928E+04    0.0000000E+00    0.0000000E+00    0.0000000E+00
    1.2650000E+01   -2.5031373E+04    2.1213318E+03    2.4430102E+03    2.3651030E+02    8.4366781E+02    5.8101296E+03    0.0000000E+00    4.2183391E+02    3.0167843E+01    2.4505143E+00    2.8185038E+04    0.0000000E+00    0.0000000E+00    0.0000000E+00
    1.2750000E+01   -2.5049516E+04    2.1272072E+03    2.4456844E+03    2.3716536E+02    8.4642485E+02    5.8101295E+03    0.0000000E+00    4.2321242E+02    3.0179010E+01    2.4514008E+00    2.8202175E+04    0.0000000E+00    0.0000000E+00    0.0000000E+00
    1.2850000E+01   -2.5067692E+04    2.1330935E+03    2.4483613E+03    2.3782163E+02    8.4918789E+02    5.8101293E+03    0.0000000E+00    4.2459394E+02    3.0190233E+01    2.4522918E+00    2.8219339E+04    0.0000000E+00    0.0000000E+00    0.0000000E+00
    1.2950000E+01   -2.5085903E+04    2.1389906E+03    2.4510407E+03    2.3847910E+02    8.5195694E+02    5.8101292E+03    0.0000000E+00    4.2597847E+02    3.0201512E+01    2.4531872E+00    2.8236530E+04    0.0000000E+00    0.0000000E+00    0.0000000E+00
    1.3050000E+01   -2.5104147E+04    2.1448986E+03    2.4537226E+03    2.3913779E+02    8.5473200E+02    5.8101290E+03    0.0000000E+00    4.2736600E+02    3.0212847E+01    2.4540871E+00    2.8253747E+04    0.0000000E+00    0.0000000E+00    0.0000000E+00
    1.3150000E+01   -2.5122425E+04    2.1508174E+03    2.4564070E+03    2.3979769E+02    8.5751309E+02    5.8101289E+03    0.0000000E+00    4.2875654E+02    3.0224239E+01    2.4549916E+00    2.8270992E+04    0.0000000E+00    0.0000000E+00    0.0000000E+00
    1.3250000E+01   -2.5140737E+04    2.1567472E+03    2.4590939E+03    2.4045881E+02    8.6030020E+02    5.8101288E+03    0.0000000E+00    4.3015010E+02    3.0235689E+01    2.4559006E+00    2.8288263E+04    0.0000000E+00    0.0000000E+00    0.0000000E+00
    1.3350000E+01   -2.5159083E+04    2.1626878E+03    2.4617831E+03    2.4112114E+02    8.6309335E+02    5.8101287E+03    0.0000000E+00    4.3154668E+02    3.0247195E+01    2.4568141E+00    2.8305561E+04    0.0000000E+00    0.0000000E+00    0.0000000E+00
    1.3450000E+01   -2.5177463E+04    2.1686393E+03    2.4644748E+03    2.4178468E+02    8.6589255E+02    5.8101285E+03    0.0000000E+00    4.3294627E+02    3.0258760E+01    2.4577323E+00    2.8322886E+04    0.0000000E+00    0.0000000E+00    0.0000000E+00
    1.3550000E+01   -2.5195877E+04    2.1746018E+03    2.4671688E+03    2.4244944E+02    8.6869779E+02    5.8101284E+03    0.0000000E+00    4.3434889E+02    3.0270382E+01    2.4586551E+00    2.8340237E+04    0.0000000E+00    0.0000000E+00    0.0000000E+00
    1.3650000E+01   -2.5214325E+04    2.1805751E+03    2.4698651E+03    2.4311542E+02    8.7150908E+02    5.8101283E+03    0.0000000E+00    4.3575454E+02    3.0282063E+01    2.4595825E+00    2.8357615E+04    0.0000000E+00    0.0000000E+00    0.0000000E+00
    1.3750000E+01   -2.5232806E+04    2.1865594E+03    2.4725636E+03    2.4378262E+02    8.7432644E+02    5.8101282E+03    0.0000000E+00    4.3716322E+02    3.0293803E+01    2.4605146E+00    2.8375019E+04    0.0000000E+00    0.0000000E+00    0.0000000E+00
    1.3850000E+01   -2.5251322E+04    2.1925547E+03    2.4752644E+03    2.4445103E+02    8.7714987E+02    5.8101281E+03    0.0000000E+00    4.3857493E+02    3.0305601E+01    2.4614514E+00    2.8392449E+04    0.0000000E+00    0.0000000E+00    0.0000000E+00
    1.3950000E+01   -2.5269871E+04    2.1985608E+03    2.4779674E+03    2.4512067E+02    8.7997937E+02    5.8101280E+03    0.0000000E+00    4.3998968E+02    3.0317459E+01    2.4623930E+00    2.8409906E+04    0.0000000E+00    0.0000000E+00    0.0000000E+00
    1.4050000E+01   -2.5288455E+04    2.2045780E+03    2.4806725E+03    2.4579153E+02    8.8281495E+02    5.8101279E+03    0.0000000E+00    4.4140747E+02    3.0329377E+01    2.4633393E+00    2.8427390E+04    0.0000000E+00    0.0000000E+00    0.0000000E+00
    1.4150000E+01   -2.5307072E+04    2.2106061E+03    2.4833797E+03    2.4646362E+02    8.8565661E+02    5.8101278E+03    0.0000000E+00    4.4282831E+02    3.0341355E+01    2.4642904E+00    2.8444899E+04    0.0000000E+00    0.0000000E+00    0.0000000E+00
    1.4250000E+01   -2.5325723E+04    2.2166452E+03    2.4860890E+03    2.4713693E+02    8.8850438E+02    5.8101277E+03    0.0000000E+00    4.4425219E+02    3.0353394E+01    2.4652463E+00    2.8462435E+04    0.0000000E+00    0.0000000E+00    0.0000000E+00
    1.4350000E+01   -2.5344408E+04    2.2226953E+03    2.4888004E+03    2.4781146E+02    8.9135824E+02    5.8101276E+03    0.0000000E+00    4.4567912E+02    3.0365493E+01    2.4662071E+00    2.8479997E+04    0.0000000E+00    0.0000000E+00    0.0000000E+00
    1.4450000E+01   -2.5363126E+04    2.2287564E+03    2.4915137E+03    2.4848722E+02    8.9421821E+02    5.8101275E+03    0.0000000E+00    4.4710910E+02    3.0377654E+01    2.4671727E+00    2.8497585E+04    0.0000000E+00    0.0000000E+00    0.0000000E+00
    1.4550000E+01   -2.5381879E+04    2.2348285E+03    2.4942289E+03    2.4916421E+02    8.9708429E+02    5.8101274E+03    0.0000000E+00    4.4854215E+02    3.0389876E+01    2.4681433E+00    2.8515199E+04    0.0000000E+00    0.0000000E+00    0.0000000E+00
    1.4650000E+01   -2.5400665E+04    2.2409117E+03    2.4969460E+03    2.4984243E+02    8.9995650E+02    5.8101273E+03    0.0000000E+00    4.4997825E+02    3.0402160E+01    2.4691188E+00    2.8532838E+04    0.0000000E+00    0.0000000E+00    0.0000000E+00
    1.4750000E+01   -2.5419485E+04    2.2470058E+03    2.4996650E+03    2.5052187E+02    9.0283483E+02    5.8101272E+03    0.0000000E+00    4.5141741E+02    3.0414507E+01    2.4700992E+00    2.8550504E+04    0.0000000E+00    0.0000000E+00    0.0000000E+00
    1.4850000E+01   -2.5438339E+04    2.2531111E+03    2.5023857E+03    2.5120255E+02    9.0571929E+02    5.8101271E+03    0.0000000E+00    4.5285965E+02    3.0426916E+01    2.4710847E+00    2.8568196E+04    0.0000000E+00    0.0000000E+00    0.0000000E+00
    1.4950000E+01   -2.5457227E+04    2.2592273E+03    2.5051082E+03    2.5188446E+02    9.0860990E+02    5.8101270E+03    0.0000000E+00    4.5430495E+02    3.0439389E+01    2.4720752E+00    2.8585913E+04    0.0000000E+00    0.0000000E+00    0.0000000E+00
    1.5050000E+01   -2.5476148E+04    2.2653546E+03    2.5078324E+03    2.5256761E+02    9.1150665E+02    5.8101270E+03    0.0000000E+00    4.5575332E+02    3.0451926E+01    2.4730708E+00    2.8603655E+04    0.0000000E+00    0.0000000E+00    0.0000000E+00
    1.5150000E+01   -2.5495103E+04    2.2714930E+03    2.5105582E+03    2.5325199E+02    9.1440955E+02    5.8101269E+03    0.0000000E+00    4.5720478E+02    3.0464526E+01    2.4740716E+00    2.8621423E+04    0.0000000E+00    0.0000000E+00    0.0000000E+00
    1.5250000E+01   -2.5514092E+04    2.2776425E+03    2.5132856E+03    2.5393760E+02    9.1731861E+02    5.8101268E+03    0.0000000E+00    4.5865931E+02    3.0477192E+01    2.4750774E+00    2.8639217E+04    0.0000000E+00    0.0000000E+00    0.0000000E+00
    1.5350000E+01   -2.5533114E+04    2.2838031E+03    2.5160146E+03    2.5462445E+02    9.2023384E+02    5.8101267E+03    0.0000000E+00    4.6011692E+02    3.0489922E+01    2.4760884E+00    2.8657036E+04    0.0000000E+00    0.0000000E+00    0.0000000E+00
    1.5450000E+01   -2.5552170E+04    2.2899748E+03    2.5187450E+03    2.5531254E+02    9.2315524E+02    5.8101267E+03    0.0000000E+00    4.6157762E+02    3.0502717E+01    2.4771047E+00    2.8674880E+04    0.0000000E+00    0.0000000E+00    0.0000000E+00
    1.5550000E+01   -2.5571260E+04    2.2961576E+03    2.5214769E+03    2.5600187E+02    9.2608282E+02    5.8101266E+03    0.0000000E+00    4.6304141E+02    3.0515579E+01    2.4781262E+00    2.8692750E+04    0.0000000E+00    0.0000000E+00    0.0000000E+00
    1.5650000E+01   -2.5590383E+04    2.3023515E+03    2.5242101E+03    2.5669244E+02    9.2901659E+02    5.8101265E+03    0.0000000E+00    4.6450829E+02    3.0528507E+01    2.4791530E+00    2.8710644E+04    0.0000000E+00    0.0000000E+00    0.0000000E+00
    1.5750000E+01   -2.5609540E+04    2.3085565E+03    2.5269447E+03    2.5738425E+02    9.3195655E+02    5.8101264E+03    0.0000000E+00    4.6597827E+02    3.0541501E+01    2.4801851E+00    2.8728563E+04    0.0000000E+00    0.0000000E+00    0.0000000E+00
    1.5850000E+01   -2.5628731E+04    2.3147727E+03    2.5296805E+03    2.5807730E+02    9.3490270E+02    5.8101264E+03    0.0000000E+00    4.6745135E+02    3.0554563E+01    2.4812226E+00    2.8746508E+04    0.0000000E+00    0.0000000E+00    0.0000000E+00
    1.5950000E+01   -2.5647955E+04    2.3210000E+03    2.5324174E+03    2.5877159E+02    9.3785507E+02    5.8101263E+03    0.0000000E+00    4.6892753E+02    3.0567693E+01    2.4822655E+00    2.8764477E+04    0.0000000E+00    0.0000000E+00    0.0000000E+00
    1.6050000E+01   -2.5667212E+04    2.3272385E+03    2.5351556E+03    2.5946713E+02    9.4081364E+02    5.8101262E+03    0.0000000E+00    4.7040682E+02    3.0580891E+01    2.4833139E+00    2.8782471E+04    0.0000000E+00    0.0000000E+00    0.0000000E+00
    1.6150000E+01   -2.5686503E+04    2.3334882E+03    2.5378947E+03    2.6016392E+02    9.4377843E+02    5.8101262E+03    0.0000000E+00    4.7188922E+02    3.0594158E+01    2.4843677E+00    2.8800489E+04    0.0000000E+00    0.0000000E+00    0.0000000E+00
    1.6250000E+01   -2.5705827E+04    2.3397491E+03    2.5406349E+03    2.6086195E+02    9.4674945E+02    5.8101261E+03    0.0000000E+00    4.7337472E+02    3.0607495E+01    2.4854271E+00    2.8818532E+04    0.0000000E+00    0.0000000E+00    0.0000000E+00
    1.6350000E+01   -2.5725185E+04    2.3460211E+03    2.5433760E+03    2.6156123E+02    9.4972669E+02    5.8101261E+03    0.0000000E+00    4.7486335E+02    3.0620901E+01    2.4864920E+00    2.8836599E+04    0.0000000E+00    0.0000000E+00    0.0000000E+00
    1.6450000E+01   -2.5744576E+04    2.3523044E+03    2.5461180E+03    2.6226175E+02    9.5271018E+02    5.8101260E+03    0.0000000E+00    4.7635509E+02    3.0634377E+01    2.4875625E+00    2.8854690E+04    0.0000000E+00    0.0000000E+00    0.0000000E+00
    1.6550000E+01   -2.5764001E+04    2.3585988E+03    2.5488608E+03    2.6296353E+02    9.5569991E+02    5.8101259E+03    0.0000000E+00    4.7784995E+02    3.0647925E+01    2.4886388E+00    2.8872806E+04    0.0000000E+00    0.0000000E+00    0.0000000E+00
    1.6650000E+01   -2.5783459E+04    2.3649045E+03    2.5516043E+03    2.6366656E+02    9.5869589E+02    5.8101259E+03    0.0000000E+00    4.7934795E+02    3.0661544E+01    2.4897207E+00    2.8890945E+04    0.0000000E+00    0.0000000E+00    0.0000000E+00
    1.6750000E+01   -2.5802949E+04    2.3712214E+03    2.5543484E+03    2.6437084E+02    9.6169813E+02    5.8101258E+03    0.0000000E+00    4.8084906E+02    3.0675235E+01    2.4908084E+00    2.8909108E+04    0.0000000E+00    0.0000000E+00    0.0000000E+00
    1.6850000E+01   -2.5822474E+04    2.3775496E+03    2.5570932E+03    2.6507638E+02    9.6470663E+02    5.8101258E+03    0.0000000E+00    4.8235332E+02    3.0688999E+01    2.4919018E+00    2.8927295E+04    0.0000000E+00    0.0000000E+00    0.0000000E+00
    1.6950000E+01   -2.5842031E+04    2.3838890E+03    2.5598384E+03    2.6578317E+02    9.6772140E+02    5.8101257E+03    0.0000000E+00    4.8386070E+02    3.0702836E+01    2.4930012E+00    2.8945506E+04    0.0000000E+00    0.0000000E+00    0.0000000E+00
    1.7050000E+01   -2.5861621E+04    2.3902396E+03    2.5625841E+03    2.6649121E+02    9.7074245E+02    5.8101257E+03    0.0000000E+00    4.8537123E+02    3.0716747E+01    2.4941064E+00    2.8963740E+04    0.0000000E+00    0.0000000E+00    0.0000000E+00
    1.7150000E+01   -2.5881245E+04    2.3966016E+03    2.5653300E+03    2.6720052E+02    9.7376979E+02    5.8101256E+03    0.0000000E+00    4.8688489E+02    3.0730732E+01    2.4952175E+00    2.8981997E+04    0.0000000E+00    0.0000000E+00    0.0000000E+00
    1.7250000E+01   -2.5900901E+04    2.4029748E+03    2.5680763E+03    2.6791108E+02    9.7680341E+02    5.8101256E+03    0.0000000E+00    4.8840170E+02    3.0744793E+01    2.4963347E+00    2.9000278E+04    0.0000000E+00    0.0000000E+00    0.0000000E+00
    1.7350000E+01   -2.5920591E+04    2.4093593E+03    2.5708227E+03    2.6862290E+02    9.7984333E+02    5.8101255E+03    0.0000000E+00    4.8992166E+02    3.0758930E+01    2.4974579E+00    2.9018581E+04    0.0000000E+00    0.0000000E+00    0.0000000E+00
    1.7450000E+01   -2.5940313E+04    2.4157552E+03    2.5735692E+03    2.6933597E+02    9.8288955E+02    5.8101255E+03    0.0000000E+00    4.9144478E+02    3.0773143E+01    2.4985873E+00    2.9036908E+04    0.0000000E+00    0.0000000E+00    0.0000000E+00
    1.7550000E+01   -2.5960068E+04    2.4221623E+03    2.5763156E+03    2.7005031E+02    9.8594208E+02    5.8101254E+03    0.0000000E+00    4.9297104E+02    3.0787433E+01    2.4997228E+00    2.9055257E+04    0.0000000E+00    0.0000000E+00    0.0000000E+00
    1.7650000E+01   -2.5979856E+04    2.4285807E+03    2.5790620E+03    2.7076592E+02    9.8900093E+02    5.8101254E+03    0.0000000E+00    4.9450047E+02    3.0801801E+01    2.5008645E+00    2.9073629E+04    0.0000000E+00    0.0000000E+00    0.0000000E+00
    1.7750000E+01   -2.5999677E+04    2.4350105E+03    2.5818082E+03    2.7148278E+02    9.9206610E+02    5.8101254E+03    0.0000000E+00    4.9603305E+02    3.0816248E+01    2.5020125E+00    2.9092023E+04    0.0000000E+00    0.0000000E+00    0.0000000E+00
    1.7850000E+01   -2.6019530E+04    2.4414517E+03    2.5845540E+03    2.7220091E+02    9.9513760E+02    5.8101253E+03    0.0000000E+00    4.9756880E+02    3.0830774E+01    2.5031668E+00    2.9110439E+04    0.0000000E+00    0.0000000E+00    0.0000000E+00
    1.7950000E+01   -2.6039416E+04    2.4479041E+03    2.5872995E+03    2.7292031E+02    9.9821544E+02    5.8101253E+03    0.0000000E+00    4.9910772E+02    3.0845381E+01    2.5043276E+00    2.9128877E+04    0.0000000E+00    0.0000000E+00    0.0000000E+00
    1.8050000E+01   -2.6059334E+04    2.4543680E+03    2.5900444E+03    2.7364097E+02    1.0012996E+03    5.8101252E+03    0.0000000E+00    5.0064981E+02    3.0860068E+01    2.5054948E+00    2.9147337E+04    0.0000000E+00    0.0000000E+00    0.0000000E+00
    1.8150000E+01   -2.6079285E+04    2.4608432E+03    2.5927887E+03    2.7436290E+02    1.0043901E+03    5.8101252E+03    0.0000000E+00    5.0219507E+02    3.0874838E+01    2.5066685E+00    2.9165818E+04    0.0000000E+00    0.0000000E+00    0.0000000E+00
    1.8250000E+01   -2.6099268E+04    2.4673298E+03    2.5955322E+03    2.7508610E+02    1.0074870E+03    5.8101252E+03    0.0000000E+00    5.0374352E+02    3.0889690E+01    2.5078489E+00    2.9184321E+04    0.0000000E+00    0.0000000E+00    0.0000000E+00
    1.8350000E+01   -2.6119284E+04    2.4738278E+03    2.5982749E+03    2.7581057E+02    1.0105903E+03    5.8101251E+03    0.0000000E+00    5.0529514E+02    3.0904626E+01    2.5090360E+00    2.9202845E+04    0.0000000E+00    0.0000000E+00    0.0000000E+00
    1.8450000E+01   -2.6139331E+04    2.4803372E+03    2.6010165E+03    2.7653631E+02    1.0136999E+03    5.8101251E+03    0.0000000E+00    5.0684995E+02    3.0919647E+01    2.5102298E+00    2.9221390E+04    0.0000000E+00    0.0000000E+00    0.0000000E+00
    1.8550000E+01   -2.6159411E+04    2.4868580E+03    2.6037570E+03    2.7726333E+02    1.0168159E+03    5.8101251E+03    0.0000000E+00    5.0840794E+02    3.0934753E+01    2.5114305E+00    2.9239955E+04    0.0000000E+00    0.0000000E+00    0.0000000E+00
    1.8650000E+01   -2.6179522E+04    2.4933902E+03    2.6064962E+03    2.7799162E+02    1.0199382E+03    5.8101250E+03    0.0000000E+00    5.0996912E+02    3.0949946E+01    2.5126381E+00    2.9258541E+04    0.0000000E+00    0.0000000E+00    0.0000000E+00
    1.8750000E+01   -2.6199665E+04    2.4999339E+03    2.6092339E+03    2.7872118E+02    1.0230670E+03    5.8101250E+03    0.0000000E+00    5.1153350E+02    3.0965227E+01    2.5138527E+00    2.9277147E+04    0.0000000E+00    0.0000000E+00    0.0000000E+00
    1.8850000E+01   -2.6219840E+04    2.5064890E+03    2.6119699E+03    2.7945201E+02    1.0262022E+03    5.8101250E+03    0.0000000E+00    5.1310108E+02    3.0980597E+01    2.5150745E+00    2.9295772E+04    0.0000000E+00    0.0000000E+00    0.0000000E+00
    1.8950000E+01   -2.6240046E+04    2.5130555E+03    2.6147041E+03    2.8018413E+02    1.0293437E+03    5.8101249E+03    0.0000000E+00    5.1467186E+02    3.0996058E+01    2.5163035E+00    2.9314417E+04    0.0000000E+00    0.0000000E+00    0.0000000E+00
    1.9050000E+01   -2.6260284E+04    2.5196335E+03    2.6174363E+03    2.8091752E+02    1.0324917E+03    5.8101249E+03    0.0000000E+00    5.1624584E+02    3.1011611E+01    2.5175399E+00    2.9333080E+04    0.0000000E+00    0.0000000E+00    0.0000000E+00
    1.9150000E+01   -2.6280552E+04    2.5262230E+03    2.6201661E+03    2.8165219E+02    1.0356461E+03    5.8101249E+03    0.0000000E+00    5.1782303E+02    3.1027258E+01    2.5187838E+00    2.9351762E+04    0.0000000E+00    0.0000000E+00    0.0000000E+00
    1.9250000E+01   -2.6300852E+04    2.5328240E+03    2.6228934E+03    2.8238814E+02    1.0388068E+03    5.8101249E+03    0.0000000E+00    5.1940342E+02    3.1043001E+01    2.5200354E+00    2.9370462E+04    0.0000000E+00    0.0000000E+00    0.0000000E+00
    1.9350000E+01   -2.6321182E+04    2.5394364E+03    2.6256176E+03    2.8312537E+02    1.0419741E+03    5.8101248E+03    0.0000000E+00    5.2098704E+02    3.1058842E+01    2.5212948E+00    2.9389179E+04    0.0000000E+00    0.0000000E+00    0.0000000E+00
    1.9450000E+01   -2.6341542E+04    2.5460604E+03    2.6283385E+03    2.8386389E+02    1.0451477E+03    5.8101248E+03    0.0000000E+00    5.2257386E+02    3.1074785E+01    2.5225624E+00    2.9407913E+04    0.0000000E+00    0.0000000E+00    0.0000000E+00
    1.9550000E+01   -2.6361931E+04    2.5526958E+03    2.6310555E+03    2.8460369E+02    1.0483278E+03    5.8101248E+03    0.0000000E+00    5.2416391E+02    3.1090832E+01    2.5238384E+00    2.9426662E+04    0.0000000E+00    0.0000000E+00    0.0000000E+00
    1.9650000E+01   -2.6382350E+04    2.5593428E+03    2.6337677E+03    2.8534477E+02    1.0515144E+03    5.8101248E+03    0.0000000E+00    5.2575719E+02    3.1106990E+01    2.5251232E+00    2.9445424E+04    0.0000000E+00    0.0000000E+00    0.0000000E+00
    1.9750000E+01   -2.6402796E+04    2.5660014E+03    2.6364739E+03    2.8608714E+02    1.0547074E+03    5.8101248E+03    0.0000000E+00    5.2735369E+02    3.1123267E+01    2.5264175E+00    2.9464198E+04    0.0000000E+00    0.0000000E+00    0.0000000E+00
    1.9850000E+01   -2.6423268E+04    2.5726714E+03    2.6391723E+03    2.8683079E+02    1.0579068E+03    5.8101248E+03    0.0000000E+00    5.2895341E+02    3.1139675E+01    2.5277224E+00    2.9482979E+04    0.0000000E+00    0.0000000E+00    0.0000000E+00
    1.9950000E+01   -2.6443762E+04    2.5793530E+03    2.6418589E+03    2.8757573E+02    1.0611128E+03    5.8101249E+03    0.0000000E+00    5.3055638E+02    3.1156242E+01    2.5290401E+00    2.9501759E+04    0.0000000E+00    0.0000000E+00    0.0000000E+00
