# Time          2.2500E+00
# Units: Bars
    Distance        CO2(g)           O2(g)           
    5.0000000E-02    5.0733188E-03    9.1907042E-02
    1.5000000E-01    7.9465626E-03    1.4358250E-01
    2.5000000E-01    9.3275556E-03    1.6857245E-01
    3.5000000E-01    9.7889331E-03    1.7711015E-01
    4.5000000E-01    9.9003826E-03    1.7938658E-01
    5.5000000E-01    9.9125822E-03    1.7988765E-01
    6.5000000E-01    9.9020011E-03    1.7998206E-01
    7.5000000E-01    9.8869563E-03    1.7999770E-01
    8.5000000E-01    9.8711064E-03    1.8000006E-01
    9.5000000E-01    9.8550837E-03    1.8000042E-01
    1.0500000E+00    9.8389860E-03    1.8000051E-01
    1.1500000E+00    9.8228277E-03    1.8000056E-01
    1.2500000E+00    9.8066116E-03    1.8000062E-01
    1.3500000E+00    9.7903389E-03    1.8000067E-01
    1.4500000E+00    9.7740107E-03    1.8000072E-01
    1.5500000E+00    9.7576278E-03    1.8000077E-01
    1.6500000E+00    9.7411910E-03    1.8000082E-01
    1.7500000E+00    9.7247011E-03    1.8000088E-01
    1.8500000E+00    9.7081587E-03    1.8000093E-01
    1.9500000E+00    9.6915645E-03    1.8000098E-01
    2.0500000E+00    9.6749190E-03    1.8000104E-01
    2.1500000E+00    9.6582229E-03    1.8000109E-01
    2.2500000E+00    9.6414767E-03    1.8000114E-01
    2.3500000E+00    9.6246808E-03    1.8000120E-01
    2.4500000E+00    9.6078356E-03    1.8000125E-01
    2.5500000E+00    9.5909417E-03    1.8000130E-01
    2.6500000E+00    9.5739995E-03    1.8000136E-01
    2.7500000E+00    9.5570092E-03    1.8000141E-01
    2.8500000E+00    9.5399712E-03    1.8000147E-01
    2.9500000E+00    9.5228859E-03    1.8000152E-01
    3.0500000E+00    9.5057537E-03    1.8000157E-01
    3.1500000E+00    9.4885747E-03    1.8000163E-01
    3.2500000E+00    9.4713493E-03    1.8000168E-01
    3.3500000E+00    9.4540777E-03    1.8000174E-01
    3.4500000E+00    9.4367603E-03    1.8000179E-01
    3.5500000E+00    9.4193972E-03    1.8000185E-01
    3.6500000E+00    9.4019886E-03    1.8000190E-01
    3.7500000E+00    9.3845348E-03    1.8000196E-01
    3.8500000E+00    9.3670360E-03    1.8000202E-01
    3.9500000E+00    9.3494924E-03    1.8000207E-01
    4.0500000E+00    9.3319041E-03    1.8000213E-01
    4.1500000E+00    9.3142714E-03    1.8000218E-01
    4.2500000E+00    9.2965943E-03    1.8000224E-01
    4.3500000E+00    9.2788732E-03    1.8000230E-01
    4.4500000E+00    9.2611080E-03    1.8000235E-01
    4.5500000E+00    9.2432990E-03    1.8000241E-01
    4.6500000E+00    9.2254463E-03    1.8000247E-01
    4.7500000E+00    9.2075500E-03    1.8000252E-01
    4.8500000E+00    9.1896103E-03    1.8000258E-01
    4.9500000E+00    9.1716273E-03    1.8000264E-01
    5.0500000E+00    9.1536010E-03    1.8000270E-01
    5.1500000E+00    9.1355316E-03    1.8000275E-01
    5.2500000E+00    9.1174192E-03    1.8000281E-01
    5.3500000E+00    9.0992639E-03    1.8000287E-01
    5.4500000E+00    9.0810658E-03    1.8000293E-01
    5.5500000E+00    9.0628249E-03    1.8000298E-01
    5.6500000E+00    9.0445414E-03    1.8000304E-01
    5.7500000E+00    9.0262154E-03    1.8000310E-01
    5.8500000E+00    9.0078468E-03    1.8000316E-01
    5.9500000E+00    8.9894359E-03    1.8000322E-01
    6.0500000E+00    8.9709826E-03    1.8000328E-01
    6.1500000E+00    8.9524871E-03    1.8000334E-01
    6.2500000E+00    8.9339493E-03    1.8000339E-01
    6.3500000E+00    8.9153694E-03    1.8000345E-01
    6.4500000E+00    8.8967474E-03    1.8000351E-01
    6.5500000E+00    8.8780834E-03    1.8000357E-01
    6.6500000E+00    8.8593774E-03    1.8000363E-01
    6.7500000E+00    8.8406295E-03    1.8000369E-01
    6.8500000E+00    8.8218397E-03    1.8000375E-01
    6.9500000E+00    8.8030081E-03    1.8000381E-01
    7.0500000E+00    8.7841347E-03    1.8000387E-01
    7.1500000E+00    8.7652196E-03    1.8000393E-01
    7.2500000E+00    8.7462627E-03    1.8000399E-01
    7.3500000E+00    8.7272642E-03    1.8000405E-01
    7.4500000E+00    8.7082240E-03    1.8000411E-01
    7.5500000E+00    8.6891423E-03    1.8000417E-01
    7.6500000E+00    8.6700190E-03    1.8000423E-01
    7.7500000E+00    8.6508542E-03    1.8000430E-01
    7.8500000E+00    8.6316479E-03    1.8000436E-01
    7.9500000E+00    8.6124001E-03    1.8000442E-01
    8.0500000E+00    8.5931108E-03    1.8000448E-01
    8.1500000E+00    8.5737802E-03    1.8000454E-01
    8.2500000E+00    8.5544081E-03    1.8000460E-01
    8.3500000E+00    8.5349947E-03    1.8000466E-01
    8.4500000E+00    8.5155400E-03    1.8000473E-01
    8.5500000E+00    8.4960439E-03    1.8000479E-01
    8.6500000E+00    8.4765065E-03    1.8000485E-01
    8.7500000E+00    8.4569279E-03    1.8000491E-01
    8.8500000E+00    8.4373080E-03    1.8000498E-01
    8.9500000E+00    8.4176468E-03    1.8000504E-01
    9.0500000E+00    8.3979444E-03    1.8000510E-01
    9.1500000E+00    8.3782008E-03    1.8000516E-01
    9.2500000E+00    8.3584160E-03    1.8000523E-01
    9.3500000E+00    8.3385900E-03    1.8000529E-01
    9.4500000E+00    8.3187229E-03    1.8000535E-01
    9.5500000E+00    8.2988146E-03    1.8000542E-01
    9.6500000E+00    8.2788652E-03    1.8000548E-01
    9.7500000E+00    8.2588746E-03    1.8000554E-01
    9.8500000E+00    8.2388430E-03    1.8000561E-01
    9.9500000E+00    8.2187702E-03    1.8000567E-01
    1.0050000E+01    8.1986564E-03    1.8000574E-01
    1.0150000E+01    8.1785014E-03    1.8000580E-01
    1.0250000E+01    8.1583054E-03    1.8000586E-01
    1.0350000E+01    8.1380684E-03    1.8000593E-01
    1.0450000E+01    8.1177903E-03    1.8000599E-01
    1.0550000E+01    8.0974712E-03    1.8000606E-01
    1.0650000E+01    8.0771110E-03    1.8000612E-01
    1.0750000E+01    8.0567098E-03    1.8000619E-01
    1.0850000E+01    8.0362677E-03    1.8000625E-01
    1.0950000E+01    8.0157845E-03    1.8000632E-01
    1.1050000E+01    7.9952603E-03    1.8000638E-01
    1.1150000E+01    7.9746952E-03    1.8000645E-01
    1.1250000E+01    7.9540891E-03    1.8000651E-01
    1.1350000E+01    7.9334421E-03    1.8000658E-01
    1.1450000E+01    7.9127540E-03    1.8000665E-01
    1.1550000E+01    7.8920251E-03    1.8000671E-01
    1.1650000E+01    7.8712552E-03    1.8000678E-01
    1.1750000E+01    7.8504444E-03    1.8000684E-01
    1.1850000E+01    7.8295927E-03    1.8000691E-01
    1.1950000E+01    7.8087001E-03    1.8000698E-01
    1.2050000E+01    7.7877666E-03    1.8000704E-01
    1.2150000E+01    7.7667923E-03    1.8000711E-01
    1.2250000E+01    7.7457770E-03    1.8000718E-01
    1.2350000E+01    7.7247210E-03    1.8000725E-01
    1.2450000E+01    7.7036240E-03    1.8000731E-01
    1.2550000E+01    7.6824863E-03    1.8000738E-01
    1.2650000E+01    7.6613077E-03    1.8000745E-01
    1.2750000E+01    7.6400883E-03    1.8000752E-01
    1.2850000E+01    7.6188281E-03    1.8000758E-01
    1.2950000E+01    7.5975271E-03    1.8000765E-01
    1.3050000E+01    7.5761854E-03    1.8000772E-01
    1.3150000E+01    7.5548029E-03    1.8000779E-01
    1.3250000E+01    7.5333797E-03    1.8000786E-01
    1.3350000E+01    7.5119158E-03    1.8000792E-01
    1.3450000E+01    7.4904111E-03    1.8000799E-01
    1.3550000E+01    7.4688658E-03    1.8000806E-01
    1.3650000E+01    7.4472798E-03    1.8000813E-01
    1.3750000E+01    7.4256532E-03    1.8000820E-01
    1.3850000E+01    7.4039859E-03    1.8000827E-01
    1.3950000E+01    7.3822780E-03    1.8000834E-01
    1.4050000E+01    7.3605295E-03    1.8000841E-01
    1.4150000E+01    7.3387404E-03    1.8000848E-01
    1.4250000E+01    7.3169108E-03    1.8000855E-01
    1.4350000E+01    7.2950407E-03    1.8000862E-01
    1.4450000E+01    7.2731301E-03    1.8000869E-01
    1.4550000E+01    7.2511789E-03    1.8000876E-01
    1.4650000E+01    7.2291874E-03    1.8000883E-01
    1.4750000E+01    7.2071554E-03    1.8000890E-01
    1.4850000E+01    7.1850830E-03    1.8000897E-01
    1.4950000E+01    7.1629702E-03    1.8000904E-01
    1.5050000E+01    7.1408172E-03    1.8000911E-01
    1.5150000E+01    7.1186238E-03    1.8000918E-01
    1.5250000E+01    7.0963901E-03    1.8000925E-01
    1.5350000E+01    7.0741162E-03    1.8000932E-01
    1.5450000E+01    7.0518021E-03    1.8000939E-01
    1.5550000E+01    7.0294478E-03    1.8000946E-01
    1.5650000E+01    7.0070534E-03    1.8000954E-01
    1.5750000E+01    6.9846189E-03    1.8000961E-01
    1.5850000E+01    6.9621443E-03    1.8000968E-01
    1.5950000E+01    6.9396297E-03    1.8000975E-01
    1.6050000E+01    6.9170752E-03    1.8000982E-01
    1.6150000E+01    6.8944807E-03    1.8000989E-01
    1.6250000E+01    6.8718464E-03    1.8000997E-01
    1.6350000E+01    6.8491722E-03    1.8001004E-01
    1.6450000E+01    6.8264583E-03    1.8001011E-01
    1.6550000E+01    6.8037046E-03    1.8001018E-01
    1.6650000E+01    6.7809113E-03    1.8001026E-01
    1.6750000E+01    6.7580784E-03    1.8001033E-01
    1.6850000E+01    6.7352059E-03    1.8001040E-01
    1.6950000E+01    6.7122939E-03    1.8001048E-01
    1.7050000E+01    6.6893425E-03    1.8001055E-01
    1.7150000E+01    6.6663517E-03    1.8001062E-01
    1.7250000E+01    6.6433216E-03    1.8001070E-01
    1.7350000E+01    6.6202523E-03    1.8001077E-01
    1.7450000E+01    6.5971439E-03    1.8001085E-01
    1.7550000E+01    6.5739964E-03    1.8001092E-01
    1.7650000E+01    6.5508099E-03    1.8001099E-01
    1.7750000E+01    6.5275845E-03    1.8001107E-01
    1.7850000E+01    6.5043203E-03    1.8001114E-01
    1.7950000E+01    6.4810173E-03    1.8001122E-01
    1.8050000E+01    6.4576758E-03    1.8001129E-01
    1.8150000E+01    6.4342957E-03    1.8001137E-01
    1.8250000E+01    6.4108772E-03    1.8001144E-01
    1.8350000E+01    6.3874205E-03    1.8001152E-01
    1.8450000E+01    6.3639256E-03    1.8001159E-01
    1.8550000E+01    6.3403927E-03    1.8001167E-01
    1.8650000E+01    6.3168219E-03    1.8001174E-01
    1.8750000E+01    6.2932134E-03    1.8001182E-01
    1.8850000E+01    6.2695674E-03    1.8001189E-01
    1.8950000E+01    6.2458841E-03    1.8001197E-01
    1.9050000E+01    6.2221637E-03    1.8001204E-01
    1.9150000E+01    6.1984065E-03    1.8001212E-01
    1.9250000E+01    6.1746129E-03    1.8001220E-01
    1.9350000E+01    6.1507832E-03    1.8001227E-01
    1.9450000E+01    6.1269179E-03    1.8001235E-01
    1.9550000E+01    6.1030179E-03    1.8001243E-01
    1.9650000E+01    6.0790841E-03    1.8001250E-01
    1.9750000E+01    6.0551282E-03    1.8001288E-01
    1.9850000E+01    6.0378608E-03    1.8021458E-01
    1.9950000E+01    1.0193477E-02    3.0549444E-01
