# Time          1.7500E+00
    Distance         pH
  5.0000E-02    5.5104E+00
  1.5000E-01    5.5135E+00
  2.5000E-01    5.5200E+00
  3.5000E-01    5.5269E+00
  4.5000E-01    5.5338E+00
  5.5000E-01    5.5406E+00
  6.5000E-01    5.5473E+00
  7.5000E-01    5.5541E+00
  8.5000E-01    5.5607E+00
  9.5000E-01    5.5673E+00
  1.0500E+00    5.5738E+00
  1.1500E+00    5.5803E+00
  1.2500E+00    5.5868E+00
  1.3500E+00    5.5931E+00
  1.4500E+00    5.5995E+00
  1.5500E+00    5.6058E+00
  1.6500E+00    5.6120E+00
  1.7500E+00    5.6182E+00
  1.8500E+00    5.6243E+00
  1.9500E+00    5.6304E+00
  2.0500E+00    5.6365E+00
  2.1500E+00    5.6425E+00
  2.2500E+00    5.6484E+00
  2.3500E+00    5.6543E+00
  2.4500E+00    5.6602E+00
  2.5500E+00    5.6660E+00
  2.6500E+00    5.6718E+00
  2.7500E+00    5.6776E+00
  2.8500E+00    5.6833E+00
  2.9500E+00    5.6889E+00
  3.0500E+00    5.6946E+00
  3.1500E+00    5.7002E+00
  3.2500E+00    5.7057E+00
  3.3500E+00    5.7112E+00
  3.4500E+00    5.7167E+00
  3.5500E+00    5.7222E+00
  3.6500E+00    5.7276E+00
  3.7500E+00    5.7330E+00
  3.8500E+00    5.7383E+00
  3.9500E+00    5.7436E+00
  4.0500E+00    5.7489E+00
  4.1500E+00    5.7542E+00
  4.2500E+00    5.7594E+00
  4.3500E+00    5.7646E+00
  4.4500E+00    5.7698E+00
  4.5500E+00    5.7749E+00
  4.6500E+00    5.7800E+00
  4.7500E+00    5.7851E+00
  4.8500E+00    5.7901E+00
  4.9500E+00    5.7952E+00
  5.0500E+00    5.8002E+00
  5.1500E+00    5.8051E+00
  5.2500E+00    5.8101E+00
  5.3500E+00    5.8150E+00
  5.4500E+00    5.8199E+00
  5.5500E+00    5.8248E+00
  5.6500E+00    5.8296E+00
  5.7500E+00    5.8344E+00
  5.8500E+00    5.8393E+00
  5.9500E+00    5.8440E+00
  6.0500E+00    5.8488E+00
  6.1500E+00    5.8535E+00
  6.2500E+00    5.8582E+00
  6.3500E+00    5.8629E+00
  6.4500E+00    5.8676E+00
  6.5500E+00    5.8723E+00
  6.6500E+00    5.8769E+00
  6.7500E+00    5.8815E+00
  6.8500E+00    5.8861E+00
  6.9500E+00    5.8907E+00
  7.0500E+00    5.8952E+00
  7.1500E+00    5.8998E+00
  7.2500E+00    5.9043E+00
  7.3500E+00    5.9088E+00
  7.4500E+00    5.9133E+00
  7.5500E+00    5.9178E+00
  7.6500E+00    5.9222E+00
  7.7500E+00    5.9266E+00
  7.8500E+00    5.9311E+00
  7.9500E+00    5.9355E+00
  8.0500E+00    5.9398E+00
  8.1500E+00    5.9442E+00
  8.2500E+00    5.9486E+00
  8.3500E+00    5.9529E+00
  8.4500E+00    5.9572E+00
  8.5500E+00    5.9616E+00
  8.6500E+00    5.9659E+00
  8.7500E+00    5.9701E+00
  8.8500E+00    5.9744E+00
  8.9500E+00    5.9787E+00
  9.0500E+00    5.9829E+00
  9.1500E+00    5.9872E+00
  9.2500E+00    5.9914E+00
  9.3500E+00    5.9956E+00
  9.4500E+00    5.9998E+00
  9.5500E+00    6.0040E+00
  9.6500E+00    6.0081E+00
  9.7500E+00    6.0123E+00
  9.8500E+00    6.0165E+00
  9.9500E+00    6.0206E+00
  1.0050E+01    6.0247E+00
  1.0150E+01    6.0288E+00
  1.0250E+01    6.0329E+00
  1.0350E+01    6.0370E+00
  1.0450E+01    6.0411E+00
  1.0550E+01    6.0452E+00
  1.0650E+01    6.0493E+00
  1.0750E+01    6.0533E+00
  1.0850E+01    6.0574E+00
  1.0950E+01    6.0614E+00
  1.1050E+01    6.0654E+00
  1.1150E+01    6.0695E+00
  1.1250E+01    6.0735E+00
  1.1350E+01    6.0775E+00
  1.1450E+01    6.0815E+00
  1.1550E+01    6.0855E+00
  1.1650E+01    6.0894E+00
  1.1750E+01    6.0934E+00
  1.1850E+01    6.0974E+00
  1.1950E+01    6.1013E+00
  1.2050E+01    6.1053E+00
  1.2150E+01    6.1092E+00
  1.2250E+01    6.1132E+00
  1.2350E+01    6.1171E+00
  1.2450E+01    6.1210E+00
  1.2550E+01    6.1249E+00
  1.2650E+01    6.1288E+00
  1.2750E+01    6.1327E+00
  1.2850E+01    6.1366E+00
  1.2950E+01    6.1405E+00
  1.3050E+01    6.1444E+00
  1.3150E+01    6.1483E+00
  1.3250E+01    6.1522E+00
  1.3350E+01    6.1560E+00
  1.3450E+01    6.1599E+00
  1.3550E+01    6.1638E+00
  1.3650E+01    6.1676E+00
  1.3750E+01    6.1715E+00
  1.3850E+01    6.1753E+00
  1.3950E+01    6.1792E+00
  1.4050E+01    6.1830E+00
  1.4150E+01    6.1868E+00
  1.4250E+01    6.1907E+00
  1.4350E+01    6.1945E+00
  1.4450E+01    6.1983E+00
  1.4550E+01    6.2021E+00
  1.4650E+01    6.2059E+00
  1.4750E+01    6.2097E+00
  1.4850E+01    6.2135E+00
  1.4950E+01    6.2173E+00
  1.5050E+01    6.2211E+00
  1.5150E+01    6.2249E+00
  1.5250E+01    6.2287E+00
  1.5350E+01    6.2325E+00
  1.5450E+01    6.2363E+00
  1.5550E+01    6.2401E+00
  1.5650E+01    6.2439E+00
  1.5750E+01    6.2477E+00
  1.5850E+01    6.2515E+00
  1.5950E+01    6.2552E+00
  1.6050E+01    6.2590E+00
  1.6150E+01    6.2628E+00
  1.6250E+01    6.2666E+00
  1.6350E+01    6.2703E+00
  1.6450E+01    6.2741E+00
  1.6550E+01    6.2779E+00
  1.6650E+01    6.2817E+00
  1.6750E+01    6.2854E+00
  1.6850E+01    6.2892E+00
  1.6950E+01    6.2930E+00
  1.7050E+01    6.2967E+00
  1.7150E+01    6.3005E+00
  1.7250E+01    6.3043E+00
  1.7350E+01    6.3080E+00
  1.7450E+01    6.3118E+00
  1.7550E+01    6.3156E+00
  1.7650E+01    6.3193E+00
  1.7750E+01    6.3231E+00
  1.7850E+01    6.3269E+00
  1.7950E+01    6.3306E+00
  1.8050E+01    6.3344E+00
  1.8150E+01    6.3382E+00
  1.8250E+01    6.3419E+00
  1.8350E+01    6.3457E+00
  1.8450E+01    6.3495E+00
  1.8550E+01    6.3532E+00
  1.8650E+01    6.3570E+00
  1.8750E+01    6.3608E+00
  1.8850E+01    6.3646E+00
  1.8950E+01    6.3683E+00
  1.9050E+01    6.3721E+00
  1.9150E+01    6.3759E+00
  1.9250E+01    6.3797E+00
  1.9350E+01    6.3835E+00
  1.9450E+01    6.3873E+00
  1.9550E+01    6.3910E+00
  1.9650E+01    6.3948E+00
  1.9750E+01    6.3986E+00
  1.9850E+01    6.4024E+00
  1.9950E+01    6.4054E+00
