# Time          1.7500E+00
# Units: Pascals
    5.0000000E-02    8.8578000E+00
    1.5000000E-01    8.8134000E+00
    2.5000000E-01    8.7690000E+00
    3.5000000E-01    8.7246000E+00
    4.5000000E-01    8.6802000E+00
    5.5000000E-01    8.6358000E+00
    6.5000000E-01    8.5914000E+00
    7.5000000E-01    8.5470000E+00
    8.5000000E-01    8.5026000E+00
    9.5000000E-01    8.4582000E+00
    1.0500000E+00    8.4138000E+00
    1.1500000E+00    8.3694000E+00
    1.2500000E+00    8.3250000E+00
    1.3500000E+00    8.2806000E+00
    1.4500000E+00    8.2362000E+00
    1.5500000E+00    8.1918000E+00
    1.6500000E+00    8.1474000E+00
    1.7500000E+00    8.1030000E+00
    1.8500000E+00    8.0586000E+00
    1.9500000E+00    8.0142000E+00
    2.0500000E+00    7.9698000E+00
    2.1500000E+00    7.9254000E+00
    2.2500000E+00    7.8810000E+00
    2.3500000E+00    7.8366000E+00
    2.4500000E+00    7.7922000E+00
    2.5500000E+00    7.7478000E+00
    2.6500000E+00    7.7034000E+00
    2.7500000E+00    7.6590000E+00
    2.8500000E+00    7.6146000E+00
    2.9500000E+00    7.5702000E+00
    3.0500000E+00    7.5258000E+00
    3.1500000E+00    7.4814000E+00
    3.2500000E+00    7.4370000E+00
    3.3500000E+00    7.3926000E+00
    3.4500000E+00    7.3482000E+00
    3.5500000E+00    7.3038000E+00
    3.6500000E+00    7.2594000E+00
    3.7500000E+00    7.2150000E+00
    3.8500000E+00    7.1706000E+00
    3.9500000E+00    7.1262000E+00
    4.0500000E+00    7.0818000E+00
    4.1500000E+00    7.0374000E+00
    4.2500000E+00    6.9930000E+00
    4.3500000E+00    6.9486000E+00
    4.4500000E+00    6.9042000E+00
    4.5500000E+00    6.8598000E+00
    4.6500000E+00    6.8154000E+00
    4.7500000E+00    6.7710000E+00
    4.8500000E+00    6.7266000E+00
    4.9500000E+00    6.6822000E+00
    5.0500000E+00    6.6378000E+00
    5.1500000E+00    6.5934000E+00
    5.2500000E+00    6.5490000E+00
    5.3500000E+00    6.5046000E+00
    5.4500000E+00    6.4602000E+00
    5.5500000E+00    6.4158000E+00
    5.6500000E+00    6.3714000E+00
    5.7500000E+00    6.3270000E+00
    5.8500000E+00    6.2826000E+00
    5.9500000E+00    6.2382000E+00
    6.0500000E+00    6.1938000E+00
    6.1500000E+00    6.1494000E+00
    6.2500000E+00    6.1050000E+00
    6.3500000E+00    6.0606000E+00
    6.4500000E+00    6.0162000E+00
    6.5500000E+00    5.9718000E+00
    6.6500000E+00    5.9274000E+00
    6.7500000E+00    5.8830000E+00
    6.8500000E+00    5.8386000E+00
    6.9500000E+00    5.7942000E+00
    7.0500000E+00    5.7498000E+00
    7.1500000E+00    5.7054000E+00
    7.2500000E+00    5.6610000E+00
    7.3500000E+00    5.6166000E+00
    7.4500000E+00    5.5722000E+00
    7.5500000E+00    5.5278000E+00
    7.6500000E+00    5.4834000E+00
    7.7500000E+00    5.4390000E+00
    7.8500000E+00    5.3946000E+00
    7.9500000E+00    5.3502000E+00
    8.0500000E+00    5.3058000E+00
    8.1500000E+00    5.2614000E+00
    8.2500000E+00    5.2170000E+00
    8.3500000E+00    5.1726000E+00
    8.4500000E+00    5.1282000E+00
    8.5500000E+00    5.0838000E+00
    8.6500000E+00    5.0394000E+00
    8.7500000E+00    4.9950000E+00
    8.8500000E+00    4.9506000E+00
    8.9500000E+00    4.9062000E+00
    9.0500000E+00    4.8618000E+00
    9.1500000E+00    4.8174000E+00
    9.2500000E+00    4.7730000E+00
    9.3500000E+00    4.7286000E+00
    9.4500000E+00    4.6842000E+00
    9.5500000E+00    4.6398000E+00
    9.6500000E+00    4.5954000E+00
    9.7500000E+00    4.5510000E+00
    9.8500000E+00    4.5066000E+00
    9.9500000E+00    4.4622000E+00
    1.0050000E+01    4.4178000E+00
    1.0150000E+01    4.3734000E+00
    1.0250000E+01    4.3290000E+00
    1.0350000E+01    4.2846000E+00
    1.0450000E+01    4.2402000E+00
    1.0550000E+01    4.1958000E+00
    1.0650000E+01    4.1514000E+00
    1.0750000E+01    4.1070000E+00
    1.0850000E+01    4.0626000E+00
    1.0950000E+01    4.0182000E+00
    1.1050000E+01    3.9738000E+00
    1.1150000E+01    3.9294000E+00
    1.1250000E+01    3.8850000E+00
    1.1350000E+01    3.8406000E+00
    1.1450000E+01    3.7962000E+00
    1.1550000E+01    3.7518000E+00
    1.1650000E+01    3.7074000E+00
    1.1750000E+01    3.6630000E+00
    1.1850000E+01    3.6186000E+00
    1.1950000E+01    3.5742000E+00
    1.2050000E+01    3.5298000E+00
    1.2150000E+01    3.4854000E+00
    1.2250000E+01    3.4410000E+00
    1.2350000E+01    3.3966000E+00
    1.2450000E+01    3.3522000E+00
    1.2550000E+01    3.3078000E+00
    1.2650000E+01    3.2634000E+00
    1.2750000E+01    3.2190000E+00
    1.2850000E+01    3.1746000E+00
    1.2950000E+01    3.1302000E+00
    1.3050000E+01    3.0858000E+00
    1.3150000E+01    3.0414000E+00
    1.3250000E+01    2.9970000E+00
    1.3350000E+01    2.9526000E+00
    1.3450000E+01    2.9082000E+00
    1.3550000E+01    2.8638000E+00
    1.3650000E+01    2.8194000E+00
    1.3750000E+01    2.7750000E+00
    1.3850000E+01    2.7306000E+00
    1.3950000E+01    2.6862000E+00
    1.4050000E+01    2.6418000E+00
    1.4150000E+01    2.5974000E+00
    1.4250000E+01    2.5530000E+00
    1.4350000E+01    2.5086000E+00
    1.4450000E+01    2.4642000E+00
    1.4550000E+01    2.4198000E+00
    1.4650000E+01    2.3754000E+00
    1.4750000E+01    2.3310000E+00
    1.4850000E+01    2.2866000E+00
    1.4950000E+01    2.2422000E+00
    1.5050000E+01    2.1978000E+00
    1.5150000E+01    2.1534000E+00
    1.5250000E+01    2.1090000E+00
    1.5350000E+01    2.0646000E+00
    1.5450000E+01    2.0202000E+00
    1.5550000E+01    1.9758000E+00
    1.5650000E+01    1.9314000E+00
    1.5750000E+01    1.8870000E+00
    1.5850000E+01    1.8426000E+00
    1.5950000E+01    1.7982000E+00
    1.6050000E+01    1.7538000E+00
    1.6150000E+01    1.7094000E+00
    1.6250000E+01    1.6650000E+00
    1.6350000E+01    1.6206000E+00
    1.6450000E+01    1.5762000E+00
    1.6550000E+01    1.5318000E+00
    1.6650000E+01    1.4874000E+00
    1.6750000E+01    1.4430000E+00
    1.6850000E+01    1.3986000E+00
    1.6950000E+01    1.3542000E+00
    1.7050000E+01    1.3098000E+00
    1.7150000E+01    1.2654000E+00
    1.7250000E+01    1.2210000E+00
    1.7350000E+01    1.1766000E+00
    1.7450000E+01    1.1322000E+00
    1.7550000E+01    1.0878000E+00
    1.7650000E+01    1.0434000E+00
    1.7750000E+01    9.9900000E-01
    1.7850000E+01    9.5460000E-01
    1.7950000E+01    9.1020000E-01
    1.8050000E+01    8.6580000E-01
    1.8150000E+01    8.2140000E-01
    1.8250000E+01    7.7700000E-01
    1.8350000E+01    7.3260000E-01
    1.8450000E+01    6.8820000E-01
    1.8550000E+01    6.4380000E-01
    1.8650000E+01    5.9940000E-01
    1.8750000E+01    5.5500000E-01
    1.8850000E+01    5.1060000E-01
    1.8950000E+01    4.6620000E-01
    1.9050000E+01    4.2180000E-01
    1.9150000E+01    3.7740000E-01
    1.9250000E+01    3.3300000E-01
    1.9350000E+01    2.8860000E-01
    1.9450000E+01    2.4420000E-01
    1.9550000E+01    1.9980000E-01
    1.9650000E+01    1.5540000E-01
    1.9750000E+01    1.1100000E-01
    1.9850000E+01    6.6600000E-02
    1.9950000E+01    2.2200000E-02
