# Time          7.0000E+00
# Units: Volume % (m^3 mineral/m^3 porous medium)
    Distance        Quartz           K-Feldspar_Li    Oligoclase_Li    Biotite_Li       Kaolinite_Li7    Kaolinite_Li6
    5.0000000E-02    2.9999987E+01    2.0268858E+01    1.6424419E+01    4.0754042E+00    8.6966380E+00    7.1019183E-01
    1.5000000E-01    2.9999989E+01    2.0281927E+01    1.6475467E+01    4.0907131E+00    8.6600442E+00    7.0716683E-01
    2.5000000E-01    2.9999990E+01    2.0295019E+01    1.6526675E+01    4.1060765E+00    8.6237755E+00    7.0417292E-01
    3.5000000E-01    2.9999992E+01    2.0308135E+01    1.6578037E+01    4.1214926E+00    8.5874300E+00    7.0117640E-01
    4.5000000E-01    2.9999993E+01    2.0321272E+01    1.6629549E+01    4.1369600E+00    8.5510075E+00    6.9817685E-01
    5.5000000E-01    2.9999994E+01    2.0334430E+01    1.6681206E+01    4.1524772E+00    8.5145083E+00    6.9517393E-01
    6.5000000E-01    2.9999995E+01    2.0347608E+01    1.6733003E+01    4.1680431E+00    8.4779331E+00    6.9216737E-01
    7.5000000E-01    2.9999996E+01    2.0360805E+01    1.6784936E+01    4.1836565E+00    8.4412822E+00    6.8915693E-01
    8.5000000E-01    2.9999997E+01    2.0374020E+01    1.6837003E+01    4.1993165E+00    8.4045563E+00    6.8614241E-01
    9.5000000E-01    2.9999998E+01    2.0387253E+01    1.6889200E+01    4.2150221E+00    8.3677559E+00    6.8312364E-01
    1.0500000E+00    2.9999998E+01    2.0400503E+01    1.6941523E+01    4.2307727E+00    8.3308815E+00    6.8010047E-01
    1.1500000E+00    2.9999999E+01    2.0413769E+01    1.6993972E+01    4.2465675E+00    8.2939337E+00    6.7707277E-01
    1.2500000E+00    2.9999999E+01    2.0427051E+01    1.7046544E+01    4.2624059E+00    8.2569128E+00    6.7404043E-01
    1.3500000E+00    3.0000000E+01    2.0440349E+01    1.7099237E+01    4.2782874E+00    8.2198192E+00    6.7100334E-01
    1.4500000E+00    3.0000000E+01    2.0453662E+01    1.7152049E+01    4.2942115E+00    8.1826534E+00    6.6796141E-01
    1.5500000E+00    3.0000000E+01    2.0466989E+01    1.7204980E+01    4.3101779E+00    8.1454155E+00    6.6491456E-01
    1.6500000E+00    3.0000000E+01    2.0480331E+01    1.7258027E+01    4.3261862E+00    8.1081058E+00    6.6186272E-01
    1.7500000E+00    3.0000000E+01    2.0493687E+01    1.7311190E+01    4.3422361E+00    8.0707245E+00    6.5880581E-01
    1.8500000E+00    3.0000000E+01    2.0507057E+01    1.7364467E+01    4.3583274E+00    8.0332718E+00    6.5574378E-01
    1.9500000E+00    3.0000000E+01    2.0520440E+01    1.7417859E+01    4.3744599E+00    7.9957478E+00    6.5267656E-01
    2.0500000E+00    3.0000000E+01    2.0533837E+01    1.7471365E+01    4.3906333E+00    7.9581525E+00    6.4960411E-01
    2.1500000E+00    3.0000000E+01    2.0547247E+01    1.7524983E+01    4.4068477E+00    7.9204860E+00    6.4652636E-01
    2.2500000E+00    3.0000000E+01    2.0560670E+01    1.7578714E+01    4.4231027E+00    7.8827484E+00    6.4344328E-01
    2.3500000E+00    3.0000000E+01    2.0574105E+01    1.7632557E+01    4.4393985E+00    7.8449395E+00    6.4035482E-01
    2.4500000E+00    3.0000000E+01    2.0587554E+01    1.7686512E+01    4.4557348E+00    7.8070594E+00    6.3726094E-01
    2.5500000E+00    3.0000000E+01    2.0601015E+01    1.7740579E+01    4.4721117E+00    7.7691081E+00    6.3416159E-01
    2.6500000E+00    3.0000000E+01    2.0614488E+01    1.7794757E+01    4.4885292E+00    7.7310855E+00    6.3105675E-01
    2.7500000E+00    3.0000000E+01    2.0627974E+01    1.7849047E+01    4.5049871E+00    7.6929915E+00    6.2794637E-01
    2.8500000E+00    3.0000000E+01    2.0641471E+01    1.7903448E+01    4.5214854E+00    7.6548261E+00    6.2483043E-01
    2.9500000E+00    3.0000000E+01    2.0654981E+01    1.7957960E+01    4.5380243E+00    7.6165892E+00    6.2170889E-01
    3.0500000E+00    3.0000000E+01    2.0668503E+01    1.8012584E+01    4.5546037E+00    7.5782806E+00    6.1858173E-01
    3.1500000E+00    3.0000000E+01    2.0682037E+01    1.8067319E+01    4.5712236E+00    7.5399004E+00    6.1544891E-01
    3.2500000E+00    3.0000000E+01    2.0695582E+01    1.8122165E+01    4.5878839E+00    7.5014484E+00    6.1231042E-01
    3.3500000E+00    3.0000000E+01    2.0709140E+01    1.8177122E+01    4.6045849E+00    7.4629245E+00    6.0916622E-01
    3.4500000E+00    3.0000000E+01    2.0722709E+01    1.8232190E+01    4.6213264E+00    7.4243286E+00    6.0601630E-01
    3.5500000E+00    3.0000000E+01    2.0736289E+01    1.8287370E+01    4.6381086E+00    7.3856607E+00    6.0286063E-01
    3.6500000E+00    3.0000000E+01    2.0749881E+01    1.8342662E+01    4.6549314E+00    7.3469206E+00    5.9969920E-01
    3.7500000E+00    3.0000000E+01    2.0763484E+01    1.8398064E+01    4.6717949E+00    7.3081082E+00    5.9653198E-01
    3.8500000E+00    3.0000000E+01    2.0777098E+01    1.8453579E+01    4.6886991E+00    7.2692235E+00    5.9335896E-01
    3.9500000E+00    3.0000000E+01    2.0790724E+01    1.8509205E+01    4.7056441E+00    7.2302664E+00    5.9018011E-01
    4.0500000E+00    3.0000000E+01    2.0804361E+01    1.8564943E+01    4.7226299E+00    7.1912368E+00    5.8699544E-01
    4.1500000E+00    3.0000000E+01    2.0818009E+01    1.8620793E+01    4.7396566E+00    7.1521345E+00    5.8380491E-01
    4.2500000E+00    3.0000000E+01    2.0831667E+01    1.8676755E+01    4.7567242E+00    7.1129596E+00    5.8060851E-01
    4.3500000E+00    3.0000000E+01    2.0845337E+01    1.8732829E+01    4.7738327E+00    7.0737119E+00    5.7740624E-01
    4.4500000E+00    3.0000000E+01    2.0859017E+01    1.8789015E+01    4.7909822E+00    7.0343914E+00    5.7419808E-01
    4.5500000E+00    3.0000000E+01    2.0872708E+01    1.8845313E+01    4.8081728E+00    6.9949980E+00    5.7098402E-01
    4.6500000E+00    3.0000000E+01    2.0886410E+01    1.8901724E+01    4.8254045E+00    6.9555317E+00    5.6776404E-01
    4.7500000E+00    3.0000000E+01    2.0900123E+01    1.8958247E+01    4.8426773E+00    6.9159922E+00    5.6453813E-01
    4.8500000E+00    3.0000000E+01    2.0913845E+01    1.9014883E+01    4.8599914E+00    6.8763797E+00    5.6130630E-01
    4.9500000E+00    3.0000000E+01    2.0927578E+01    1.9071632E+01    4.8773466E+00    6.8366939E+00    5.5806852E-01
    5.0500000E+00    3.0000000E+01    2.0941322E+01    1.9128494E+01    4.8947432E+00    6.7969350E+00    5.5482478E-01
    5.1500000E+00    3.0000000E+01    2.0955075E+01    1.9185468E+01    4.9121811E+00    6.7571027E+00    5.5157509E-01
    5.2500000E+00    3.0000000E+01    2.0968839E+01    1.9242556E+01    4.9296604E+00    6.7171971E+00    5.4831942E-01
    5.3500000E+00    3.0000000E+01    2.0982613E+01    1.9299756E+01    4.9471811E+00    6.6772180E+00    5.4505778E-01
    5.4500000E+00    3.0000000E+01    2.0996397E+01    1.9357070E+01    4.9647433E+00    6.6371655E+00    5.4179015E-01
    5.5500000E+00    3.0000000E+01    2.1010190E+01    1.9414498E+01    4.9823471E+00    6.5970395E+00    5.3851653E-01
    5.6500000E+00    3.0000000E+01    2.1023993E+01    1.9472039E+01    4.9999924E+00    6.5568399E+00    5.3523691E-01
    5.7500000E+00    3.0000000E+01    2.1037806E+01    1.9529693E+01    5.0176794E+00    6.5165667E+00    5.3195129E-01
    5.8500000E+00    3.0000000E+01    2.1051629E+01    1.9587462E+01    5.0354080E+00    6.4762197E+00    5.2865966E-01
    5.9500000E+00    3.0000000E+01    2.1065461E+01    1.9645344E+01    5.0531784E+00    6.4357991E+00    5.2536200E-01
    6.0500000E+00    3.0000000E+01    2.1079302E+01    1.9703340E+01    5.0709905E+00    6.3953047E+00    5.2205833E-01
    6.1500000E+00    3.0000000E+01    2.1093153E+01    1.9761450E+01    5.0888445E+00    6.3547365E+00    5.1874863E-01
    6.2500000E+00    3.0000000E+01    2.1107013E+01    1.9819675E+01    5.1067404E+00    6.3140945E+00    5.1543290E-01
    6.3500000E+00    3.0000000E+01    2.1120882E+01    1.9878014E+01    5.1246782E+00    6.2733786E+00    5.1211113E-01
    6.4500000E+00    3.0000000E+01    2.1134760E+01    1.9936467E+01    5.1426579E+00    6.2325887E+00    5.0878332E-01
    6.5500000E+00    3.0000000E+01    2.1148646E+01    1.9995034E+01    5.1606797E+00    6.1917249E+00    5.0544946E-01
    6.6500000E+00    3.0000000E+01    2.1162542E+01    2.0053717E+01    5.1787436E+00    6.1507871E+00    5.0210955E-01
    6.7500000E+00    3.0000000E+01    2.1176446E+01    2.0112514E+01    5.1968496E+00    6.1097753E+00    4.9876358E-01
    6.8500000E+00    3.0000000E+01    2.1190359E+01    2.0171425E+01    5.2149977E+00    6.0686893E+00    4.9541156E-01
    6.9500000E+00    3.0000000E+01    2.1204280E+01    2.0230452E+01    5.2331881E+00    6.0275293E+00    4.9205347E-01
    7.0500000E+00    3.0000000E+01    2.1218209E+01    2.0289594E+01    5.2514208E+00    5.9862952E+00    4.8868932E-01
    7.1500000E+00    3.0000000E+01    2.1232147E+01    2.0348851E+01    5.2696958E+00    5.9449869E+00    4.8531910E-01
    7.2500000E+00    3.0000000E+01    2.1246093E+01    2.0408224E+01    5.2880131E+00    5.9036044E+00    4.8194281E-01
    7.3500000E+00    3.0000000E+01    2.1260046E+01    2.0467712E+01    5.3063729E+00    5.8621477E+00    4.7856044E-01
    7.4500000E+00    3.0000000E+01    2.1274008E+01    2.0527315E+01    5.3247751E+00    5.8206168E+00    4.7517200E-01
    7.5500000E+00    3.0000000E+01    2.1287977E+01    2.0587034E+01    5.3432198E+00    5.7790116E+00    4.7177747E-01
    7.6500000E+00    3.0000000E+01    2.1301954E+01    2.0646869E+01    5.3617072E+00    5.7373321E+00    4.6837686E-01
    7.7500000E+00    3.0000000E+01    2.1315938E+01    2.0706820E+01    5.3802371E+00    5.6955783E+00    4.6497016E-01
    7.8500000E+00    3.0000000E+01    2.1329930E+01    2.0766886E+01    5.3988097E+00    5.6537502E+00    4.6155738E-01
    7.9500000E+00    3.0000000E+01    2.1343928E+01    2.0827069E+01    5.4174250E+00    5.6118477E+00    4.5813851E-01
    8.0500000E+00    3.0000000E+01    2.1357934E+01    2.0887368E+01    5.4360831E+00    5.5698709E+00    4.5471354E-01
    8.1500000E+00    3.0000000E+01    2.1371947E+01    2.0947783E+01    5.4547839E+00    5.5278197E+00    4.5128248E-01
    8.2500000E+00    3.0000000E+01    2.1385966E+01    2.1008315E+01    5.4735277E+00    5.4856941E+00    4.4784533E-01
    8.3500000E+00    3.0000000E+01    2.1399992E+01    2.1068963E+01    5.4923143E+00    5.4434941E+00    4.4440207E-01
    8.4500000E+00    3.0000000E+01    2.1414024E+01    2.1129728E+01    5.5111439E+00    5.4012196E+00    4.4095272E-01
    8.5500000E+00    3.0000000E+01    2.1428063E+01    2.1190610E+01    5.5300165E+00    5.3588708E+00    4.3749727E-01
    8.6500000E+00    3.0000000E+01    2.1442108E+01    2.1251609E+01    5.5489322E+00    5.3164475E+00    4.3403572E-01
    8.7500000E+00    3.0000000E+01    2.1456159E+01    2.1312724E+01    5.5678910E+00    5.2739498E+00    4.3056807E-01
    8.8500000E+00    3.0000000E+01    2.1470215E+01    2.1373957E+01    5.5868929E+00    5.2313776E+00    4.2709431E-01
    8.9500000E+00    3.0000000E+01    2.1484278E+01    2.1435307E+01    5.6059380E+00    5.1887310E+00    4.2361446E-01
    9.0500000E+00    3.0000000E+01    2.1498346E+01    2.1496774E+01    5.6250264E+00    5.1460099E+00    4.2012849E-01
    9.1500000E+00    3.0000000E+01    2.1512419E+01    2.1558358E+01    5.6441581E+00    5.1032144E+00    4.1663643E-01
    9.2500000E+00    3.0000000E+01    2.1526497E+01    2.1620061E+01    5.6633332E+00    5.0603444E+00    4.1313826E-01
    9.3500000E+00    3.0000000E+01    2.1540580E+01    2.1681880E+01    5.6825516E+00    5.0174000E+00    4.0963398E-01
    9.4500000E+00    3.0000000E+01    2.1554668E+01    2.1743818E+01    5.7018135E+00    4.9743812E+00    4.0612360E-01
    9.5500000E+00    3.0000000E+01    2.1568761E+01    2.1805874E+01    5.7211189E+00    4.9312879E+00    4.0260712E-01
    9.6500000E+00    3.0000000E+01    2.1582858E+01    2.1868047E+01    5.7404678E+00    4.8881201E+00    3.9908453E-01
    9.7500000E+00    3.0000000E+01    2.1596959E+01    2.1930339E+01    5.7598604E+00    4.8448780E+00    3.9555584E-01
    9.8500000E+00    3.0000000E+01    2.1611064E+01    2.1992749E+01    5.7792965E+00    4.8015614E+00    3.9202105E-01
    9.9500000E+00    3.0000000E+01    2.1625173E+01    2.2055277E+01    5.7987764E+00    4.7581705E+00    3.8848016E-01
    1.0050000E+01    3.0000000E+01    2.1639285E+01    2.2117923E+01    5.8183000E+00    4.7147052E+00    3.8493316E-01
    1.0150000E+01    3.0000000E+01    2.1653401E+01    2.2180689E+01    5.8378674E+00    4.6711655E+00    3.8138007E-01
    1.0250000E+01    3.0000000E+01    2.1667520E+01    2.2243572E+01    5.8574787E+00    4.6275514E+00    3.7782088E-01
    1.0350000E+01    3.0000000E+01    2.1681642E+01    2.2306575E+01    5.8771338E+00    4.5838631E+00    3.7425559E-01
    1.0450000E+01    3.0000000E+01    2.1695766E+01    2.2369697E+01    5.8968329E+00    4.5401005E+00    3.7068421E-01
    1.0550000E+01    3.0000000E+01    2.1709893E+01    2.2432937E+01    5.9165760E+00    4.4962636E+00    3.6710673E-01
    1.0650000E+01    3.0000000E+01    2.1724022E+01    2.2496297E+01    5.9363631E+00    4.4523524E+00    3.6352317E-01
    1.0750000E+01    3.0000000E+01    2.1738154E+01    2.2559776E+01    5.9561943E+00    4.4083671E+00    3.5993351E-01
    1.0850000E+01    3.0000000E+01    2.1752286E+01    2.2623374E+01    5.9760696E+00    4.3643076E+00    3.5633777E-01
    1.0950000E+01    3.0000000E+01    2.1766421E+01    2.2687092E+01    5.9959892E+00    4.3201739E+00    3.5273595E-01
    1.1050000E+01    3.0000000E+01    2.1780556E+01    2.2750929E+01    6.0159529E+00    4.2759661E+00    3.4912805E-01
    1.1150000E+01    3.0000000E+01    2.1794693E+01    2.2814886E+01    6.0359610E+00    4.2316843E+00    3.4551407E-01
    1.1250000E+01    3.0000000E+01    2.1808830E+01    2.2878963E+01    6.0560133E+00    4.1873285E+00    3.4189401E-01
    1.1350000E+01    3.0000000E+01    2.1822968E+01    2.2943160E+01    6.0761101E+00    4.1428986E+00    3.3826789E-01
    1.1450000E+01    3.0000000E+01    2.1837105E+01    2.3007476E+01    6.0962513E+00    4.0983949E+00    3.3463570E-01
    1.1550000E+01    3.0000000E+01    2.1851243E+01    2.3071913E+01    6.1164370E+00    4.0538172E+00    3.3099744E-01
    1.1650000E+01    3.0000000E+01    2.1865380E+01    2.3136470E+01    6.1366672E+00    4.0091658E+00    3.2735313E-01
    1.1750000E+01    3.0000000E+01    2.1879516E+01    2.3201148E+01    6.1569419E+00    3.9644405E+00    3.2370276E-01
    1.1850000E+01    3.0000000E+01    2.1893651E+01    2.3265945E+01    6.1772614E+00    3.9196416E+00    3.2004634E-01
    1.1950000E+01    3.0000000E+01    2.1907785E+01    2.3330864E+01    6.1976254E+00    3.8747690E+00    3.1638388E-01
    1.2050000E+01    3.0000000E+01    2.1921917E+01    2.3395903E+01    6.2180342E+00    3.8298228E+00    3.1271537E-01
    1.2150000E+01    3.0000000E+01    2.1936048E+01    2.3461063E+01    6.2384878E+00    3.7848030E+00    3.0904083E-01
    1.2250000E+01    3.0000000E+01    2.1950175E+01    2.3526344E+01    6.2589862E+00    3.7397099E+00    3.0536026E-01
    1.2350000E+01    3.0000000E+01    2.1964300E+01    2.3591746E+01    6.2795295E+00    3.6945433E+00    3.0167367E-01
    1.2450000E+01    3.0000000E+01    2.1978422E+01    2.3657269E+01    6.3001177E+00    3.6493034E+00    2.9798106E-01
    1.2550000E+01    3.0000000E+01    2.1992541E+01    2.3722913E+01    6.3207509E+00    3.6039903E+00    2.9428243E-01
    1.2650000E+01    3.0000000E+01    2.2006656E+01    2.3788679E+01    6.3414291E+00    3.5586040E+00    2.9057780E-01
    1.2750000E+01    3.0000000E+01    2.2020767E+01    2.3854566E+01    6.3621524E+00    3.5131447E+00    2.8686717E-01
    1.2850000E+01    3.0000000E+01    2.2034873E+01    2.3920575E+01    6.3829208E+00    3.4676124E+00    2.8315055E-01
    1.2950000E+01    3.0000000E+01    2.2048974E+01    2.3986705E+01    6.4037343E+00    3.4220072E+00    2.7942795E-01
    1.3050000E+01    3.0000000E+01    2.2063070E+01    2.4052957E+01    6.4245931E+00    3.3763292E+00    2.7569936E-01
    1.3150000E+01    3.0000000E+01    2.2077161E+01    2.4119331E+01    6.4454971E+00    3.3305785E+00    2.7196481E-01
    1.3250000E+01    3.0000000E+01    2.2091245E+01    2.4185828E+01    6.4664465E+00    3.2847552E+00    2.6822430E-01
    1.3350000E+01    3.0000000E+01    2.2105323E+01    2.4252446E+01    6.4874412E+00    3.2388594E+00    2.6447783E-01
    1.3450000E+01    3.0000000E+01    2.2119394E+01    2.4319187E+01    6.5084813E+00    3.1928912E+00    2.6072541E-01
    1.3550000E+01    3.0000000E+01    2.2133457E+01    2.4386050E+01    6.5295669E+00    3.1468507E+00    2.5696706E-01
    1.3650000E+01    3.0000000E+01    2.2147513E+01    2.4453035E+01    6.5506980E+00    3.1007380E+00    2.5320279E-01
    1.3750000E+01    3.0000000E+01    2.2161561E+01    2.4520143E+01    6.5718747E+00    3.0545534E+00    2.4943259E-01
    1.3850000E+01    3.0000000E+01    2.2175600E+01    2.4587374E+01    6.5930970E+00    3.0082967E+00    2.4565649E-01
    1.3950000E+01    3.0000000E+01    2.2189629E+01    2.4654727E+01    6.6143649E+00    2.9619683E+00    2.4187449E-01
    1.4050000E+01    3.0000000E+01    2.2203650E+01    2.4722204E+01    6.6356785E+00    2.9155683E+00    2.3808660E-01
    1.4150000E+01    3.0000000E+01    2.2217660E+01    2.4789803E+01    6.6570379E+00    2.8690966E+00    2.3429283E-01
    1.4250000E+01    3.0000000E+01    2.2231659E+01    2.4857526E+01    6.6784431E+00    2.8225536E+00    2.3049320E-01
    1.4350000E+01    3.0000000E+01    2.2245647E+01    2.4925372E+01    6.6998942E+00    2.7759393E+00    2.2668772E-01
    1.4450000E+01    3.0000000E+01    2.2259624E+01    2.4993342E+01    6.7213912E+00    2.7292539E+00    2.2287639E-01
    1.4550000E+01    3.0000000E+01    2.2273588E+01    2.5061434E+01    6.7429341E+00    2.6824976E+00    2.1905923E-01
    1.4650000E+01    3.0000000E+01    2.2287540E+01    2.5129651E+01    6.7645230E+00    2.6356704E+00    2.1523625E-01
    1.4750000E+01    3.0000000E+01    2.2301479E+01    2.5197991E+01    6.7861580E+00    2.5887726E+00    2.1140747E-01
    1.4850000E+01    3.0000000E+01    2.2315404E+01    2.5266455E+01    6.8078391E+00    2.5418043E+00    2.0757289E-01
    1.4950000E+01    3.0000000E+01    2.2329314E+01    2.5335043E+01    6.8295663E+00    2.4947657E+00    2.0373254E-01
    1.5050000E+01    3.0000000E+01    2.2343210E+01    2.5403755E+01    6.8513397E+00    2.4476570E+00    1.9988642E-01
    1.5150000E+01    3.0000000E+01    2.2357090E+01    2.5472591E+01    6.8731594E+00    2.4004782E+00    1.9603455E-01
    1.5250000E+01    3.0000000E+01    2.2370954E+01    2.5541552E+01    6.8950254E+00    2.3532297E+00    1.9217694E-01
    1.5350000E+01    3.0000000E+01    2.2384801E+01    2.5610637E+01    6.9169377E+00    2.3059117E+00    1.8831362E-01
    1.5450000E+01    3.0000000E+01    2.2398631E+01    2.5679846E+01    6.9388964E+00    2.2585242E+00    1.8444458E-01
    1.5550000E+01    3.0000000E+01    2.2412443E+01    2.5749180E+01    6.9609015E+00    2.2110675E+00    1.8056986E-01
    1.5650000E+01    3.0000000E+01    2.2426237E+01    2.5818639E+01    6.9829532E+00    2.1635418E+00    1.7668946E-01
    1.5750000E+01    3.0000000E+01    2.2440011E+01    2.5888222E+01    7.0050514E+00    2.1159473E+00    1.7280341E-01
    1.5850000E+01    3.0000000E+01    2.2453765E+01    2.5957931E+01    7.0271962E+00    2.0682842E+00    1.6891172E-01
    1.5950000E+01    3.0000000E+01    2.2467498E+01    2.6027764E+01    7.0493876E+00    2.0205528E+00    1.6501441E-01
    1.6050000E+01    3.0000000E+01    2.2481210E+01    2.6097723E+01    7.0716257E+00    1.9727533E+00    1.6111150E-01
    1.6150000E+01    3.0000000E+01    2.2494900E+01    2.6167807E+01    7.0939106E+00    1.9248859E+00    1.5720300E-01
    1.6250000E+01    3.0000000E+01    2.2508567E+01    2.6238016E+01    7.1162422E+00    1.8769509E+00    1.5328894E-01
    1.6350000E+01    3.0000000E+01    2.2522210E+01    2.6308351E+01    7.1386207E+00    1.8289485E+00    1.4936933E-01
    1.6450000E+01    3.0000000E+01    2.2535829E+01    2.6378812E+01    7.1610461E+00    1.7808789E+00    1.4544421E-01
    1.6550000E+01    3.0000000E+01    2.2549423E+01    2.6449398E+01    7.1835184E+00    1.7327425E+00    1.4151357E-01
    1.6650000E+01    3.0000000E+01    2.2562991E+01    2.6520110E+01    7.2060377E+00    1.6845395E+00    1.3757746E-01
    1.6750000E+01    3.0000000E+01    2.2576532E+01    2.6590948E+01    7.2286040E+00    1.6362701E+00    1.3363590E-01
    1.6850000E+01    3.0000000E+01    2.2590045E+01    2.6661912E+01    7.2512174E+00    1.5879347E+00    1.2968889E-01
    1.6950000E+01    3.0000000E+01    2.2603530E+01    2.6733003E+01    7.2738779E+00    1.5395336E+00    1.2573648E-01
    1.7050000E+01    3.0000000E+01    2.2616986E+01    2.6804219E+01    7.2965856E+00    1.4910671E+00    1.2177868E-01
    1.7150000E+01    3.0000000E+01    2.2630411E+01    2.6875562E+01    7.3193406E+00    1.4425355E+00    1.1781553E-01
    1.7250000E+01    3.0000000E+01    2.2643805E+01    2.6947032E+01    7.3421428E+00    1.3939391E+00    1.1384704E-01
    1.7350000E+01    3.0000000E+01    2.2657166E+01    2.7018628E+01    7.3649924E+00    1.3452782E+00    1.0987324E-01
    1.7450000E+01    3.0000000E+01    2.2670494E+01    2.7090351E+01    7.3878893E+00    1.2965533E+00    1.0589417E-01
    1.7550000E+01    3.0000000E+01    2.2683788E+01    2.7162201E+01    7.4108337E+00    1.2477646E+00    1.0190984E-01
    1.7650000E+01    3.0000000E+01    2.2697047E+01    2.7234177E+01    7.4338255E+00    1.1989127E+00    9.7920304E-02
    1.7750000E+01    3.0000000E+01    2.2710269E+01    2.7306281E+01    7.4568649E+00    1.1499977E+00    9.3925578E-02
    1.7850000E+01    3.0000000E+01    2.2723454E+01    2.7378512E+01    7.4799518E+00    1.1010203E+00    8.9925700E-02
    1.7950000E+01    3.0000000E+01    2.2736600E+01    2.7450871E+01    7.5030864E+00    1.0519807E+00    8.5920703E-02
    1.8050000E+01    3.0000000E+01    2.2749706E+01    2.7523356E+01    7.5262686E+00    1.0028794E+00    8.1910625E-02
    1.8150000E+01    3.0000000E+01    2.2762770E+01    2.7595970E+01    7.5494985E+00    9.5371700E-01    7.7895502E-02
    1.8250000E+01    3.0000000E+01    2.2775792E+01    2.7668710E+01    7.5727763E+00    9.0449387E-01    7.3875376E-02
    1.8350000E+01    3.0000000E+01    2.2788770E+01    2.7741579E+01    7.5961018E+00    8.5521057E-01    6.9850288E-02
    1.8450000E+01    3.0000000E+01    2.2801703E+01    2.7814576E+01    7.6194752E+00    8.0586766E-01    6.5820283E-02
    1.8550000E+01    3.0000000E+01    2.2814588E+01    2.7887700E+01    7.6428966E+00    7.5646572E-01    6.1785409E-02
    1.8650000E+01    3.0000000E+01    2.2827425E+01    2.7960953E+01    7.6663658E+00    7.0700539E-01    5.7745718E-02
    1.8750000E+01    3.0000000E+01    2.2840211E+01    2.8034333E+01    7.6898832E+00    6.5748738E-01    5.3701267E-02
    1.8850000E+01    3.0000000E+01    2.2852945E+01    2.8107842E+01    7.7134485E+00    6.0791244E-01    4.9652116E-02
    1.8950000E+01    3.0000000E+01    2.2865624E+01    2.8181480E+01    7.7370620E+00    5.5828141E-01    4.5598334E-02
    1.9050000E+01    3.0000000E+01    2.2878246E+01    2.8255246E+01    7.7607237E+00    5.0859525E-01    4.1539998E-02
    1.9150000E+01    3.0000000E+01    2.2890808E+01    2.8329141E+01    7.7844335E+00    4.5885504E-01    3.7477198E-02
    1.9250000E+01    3.0000000E+01    2.2903307E+01    2.8403164E+01    7.8081917E+00    4.0906207E-01    3.3410036E-02
    1.9350000E+01    3.0000000E+01    2.2915739E+01    2.8477316E+01    7.8319981E+00    3.5921789E-01    2.9338638E-02
    1.9450000E+01    3.0000000E+01    2.2928100E+01    2.8551598E+01    7.8558529E+00    3.0932444E-01    2.5263164E-02
    1.9550000E+01    3.0000000E+01    2.2940383E+01    2.8626008E+01    7.8797561E+00    2.5938428E-01    2.1183819E-02
    1.9650000E+01    3.0000000E+01    2.2952580E+01    2.8700548E+01    7.9037078E+00    2.0940094E-01    1.7100893E-02
    1.9750000E+01    3.0000000E+01    2.2964678E+01    2.8775216E+01    7.9277080E+00    1.5937978E-01    1.3014823E-02
    1.9850000E+01    3.0000000E+01    2.2976655E+01    2.8850015E+01    7.9517567E+00    1.0932986E-01    8.9263457E-03
    1.9950000E+01    3.0000000E+01    2.2988469E+01    2.8924943E+01    7.9758540E+00    5.9269363E-02    4.8369446E-03
