# Time          2.2500E+00
# Units: Weight % Component
    Distance           H+               Na+              K+               Ca++             Mg++             Al+++            Fe+++            Fe++             Li7+             Li6+             SiO2(aq)         CO2(aq)          O2(aq)           Cl-          
    5.0000000E-02   -1.0997759E+00    1.5964454E+00    3.9533278E+00    3.1028899E-01    6.2480032E-01    7.4338578E+00    0.0000000E+00    7.1781986E-01    9.2879006E-03    7.5582266E-04    7.4771643E+01    0.0000000E+00    0.0000000E+00    0.0000000E+00
    1.5000000E-01   -1.0998428E+00    1.6005707E+00    3.9553731E+00    3.1109079E-01    6.2681971E-01    7.4297720E+00    0.0000000E+00    7.2013989E-01    9.2858177E-03    7.5562823E-04    7.4770772E+01    0.0000000E+00    0.0000000E+00    0.0000000E+00
    2.5000000E-01   -1.0999173E+00    1.6046952E+00    3.9573977E+00    3.1189245E-01    6.2884065E-01    7.4257564E+00    0.0000000E+00    7.2246171E-01    9.2838789E-03    7.5544760E-04    7.4769732E+01    0.0000000E+00    0.0000000E+00    0.0000000E+00
    3.5000000E-01   -1.0999925E+00    1.6088273E+00    3.9594227E+00    3.1269557E-01    6.3086629E-01    7.4217387E+00    0.0000000E+00    7.2478893E-01    9.2819534E-03    7.5526968E-04    7.4768676E+01    0.0000000E+00    0.0000000E+00    0.0000000E+00
    4.5000000E-01   -1.1000684E+00    1.6129664E+00    3.9614483E+00    3.1350006E-01    6.3289645E-01    7.4177188E+00    0.0000000E+00    7.2712133E-01    9.2800401E-03    7.5509421E-04    7.4767604E+01    0.0000000E+00    0.0000000E+00    0.0000000E+00
    5.5000000E-01   -1.1001449E+00    1.6171124E+00    3.9634743E+00    3.1430587E-01    6.3493095E-01    7.4136964E+00    0.0000000E+00    7.2945872E-01    9.2781383E-03    7.5492097E-04    7.4766518E+01    0.0000000E+00    0.0000000E+00    0.0000000E+00
    6.5000000E-01   -1.1002221E+00    1.6212647E+00    3.9655008E+00    3.1511293E-01    6.3696963E-01    7.4096713E+00    0.0000000E+00    7.3180093E-01    9.2762475E-03    7.5474977E-04    7.4765420E+01    0.0000000E+00    0.0000000E+00    0.0000000E+00
    7.5000000E-01   -1.1002997E+00    1.6254232E+00    3.9675279E+00    3.1592118E-01    6.3901236E-01    7.4056435E+00    0.0000000E+00    7.3414778E-01    9.2743671E-03    7.5458042E-04    7.4764310E+01    0.0000000E+00    0.0000000E+00    0.0000000E+00
    8.5000000E-01   -1.1003779E+00    1.6295876E+00    3.9695554E+00    3.1673058E-01    6.4105901E-01    7.4016129E+00    0.0000000E+00    7.3649913E-01    9.2724967E-03    7.5441280E-04    7.4763190E+01    0.0000000E+00    0.0000000E+00    0.0000000E+00
    9.5000000E-01   -1.1004565E+00    1.6337576E+00    3.9715833E+00    3.1754108E-01    6.4310946E-01    7.3975794E+00    0.0000000E+00    7.3885484E-01    9.2706359E-03    7.5424677E-04    7.4762059E+01    0.0000000E+00    0.0000000E+00    0.0000000E+00
    1.0500000E+00   -1.1005356E+00    1.6379330E+00    3.9736117E+00    3.1835263E-01    6.4516361E-01    7.3935429E+00    0.0000000E+00    7.4121481E-01    9.2687844E-03    7.5408222E-04    7.4760919E+01    0.0000000E+00    0.0000000E+00    0.0000000E+00
    1.1500000E+00   -1.1006151E+00    1.6421137E+00    3.9756405E+00    3.1916520E-01    6.4722136E-01    7.3895035E+00    0.0000000E+00    7.4357892E-01    9.2669419E-03    7.5391905E-04    7.4759771E+01    0.0000000E+00    0.0000000E+00    0.0000000E+00
    1.2500000E+00   -1.1006950E+00    1.6462995E+00    3.9776696E+00    3.1997876E-01    6.4928264E-01    7.3854611E+00    0.0000000E+00    7.4594709E-01    9.2651083E-03    7.5375719E-04    7.4758613E+01    0.0000000E+00    0.0000000E+00    0.0000000E+00
    1.3500000E+00   -1.1007752E+00    1.6504902E+00    3.9796992E+00    3.2079328E-01    6.5134738E-01    7.3814157E+00    0.0000000E+00    7.4831921E-01    9.2632833E-03    7.5359654E-04    7.4757448E+01    0.0000000E+00    0.0000000E+00    0.0000000E+00
    1.4500000E+00   -1.1008558E+00    1.6546857E+00    3.9817290E+00    3.2160873E-01    6.5341549E-01    7.3773672E+00    0.0000000E+00    7.5069523E-01    9.2614667E-03    7.5343705E-04    7.4756275E+01    0.0000000E+00    0.0000000E+00    0.0000000E+00
    1.5500000E+00   -1.1009367E+00    1.6588859E+00    3.9837592E+00    3.2242508E-01    6.5548694E-01    7.3733157E+00    0.0000000E+00    7.5307507E-01    9.2596584E-03    7.5327865E-04    7.4755096E+01    0.0000000E+00    0.0000000E+00    0.0000000E+00
    1.6500000E+00   -1.1010179E+00    1.6630907E+00    3.9857897E+00    3.2324233E-01    6.5756167E-01    7.3692611E+00    0.0000000E+00    7.5545868E-01    9.2578583E-03    7.5312130E-04    7.4753909E+01    0.0000000E+00    0.0000000E+00    0.0000000E+00
    1.7500000E+00   -1.1010995E+00    1.6672999E+00    3.9878204E+00    3.2406045E-01    6.5963963E-01    7.3652035E+00    0.0000000E+00    7.5784600E-01    9.2560662E-03    7.5296494E-04    7.4752715E+01    0.0000000E+00    0.0000000E+00    0.0000000E+00
    1.8500000E+00   -1.1011813E+00    1.6715135E+00    3.9898514E+00    3.2487942E-01    6.6172078E-01    7.3611428E+00    0.0000000E+00    7.6023700E-01    9.2542822E-03    7.5280953E-04    7.4751515E+01    0.0000000E+00    0.0000000E+00    0.0000000E+00
    1.9500000E+00   -1.1012635E+00    1.6757315E+00    3.9918827E+00    3.2569923E-01    6.6380509E-01    7.3570789E+00    0.0000000E+00    7.6263162E-01    9.2525060E-03    7.5265504E-04    7.4750309E+01    0.0000000E+00    0.0000000E+00    0.0000000E+00
    2.0500000E+00   -1.1013459E+00    1.6799537E+00    3.9939142E+00    3.2651987E-01    6.6589254E-01    7.3530120E+00    0.0000000E+00    7.6502984E-01    9.2507376E-03    7.5250144E-04    7.4749096E+01    0.0000000E+00    0.0000000E+00    0.0000000E+00
    2.1500000E+00   -1.1014285E+00    1.6841802E+00    3.9959459E+00    3.2734133E-01    6.6798308E-01    7.3489419E+00    0.0000000E+00    7.6743162E-01    9.2489769E-03    7.5234869E-04    7.4747878E+01    0.0000000E+00    0.0000000E+00    0.0000000E+00
    2.2500000E+00   -1.1015115E+00    1.6884108E+00    3.9979777E+00    3.2816360E-01    6.7007671E-01    7.3448688E+00    0.0000000E+00    7.6983694E-01    9.2472239E-03    7.5219676E-04    7.4746654E+01    0.0000000E+00    0.0000000E+00    0.0000000E+00
    2.3500000E+00   -1.1015946E+00    1.6926455E+00    4.0000098E+00    3.2898667E-01    6.7217339E-01    7.3407925E+00    0.0000000E+00    7.7224578E-01    9.2454786E-03    7.5204564E-04    7.4745425E+01    0.0000000E+00    0.0000000E+00    0.0000000E+00
    2.4500000E+00   -1.1016781E+00    1.6968843E+00    4.0020421E+00    3.2981053E-01    6.7427312E-01    7.3367130E+00    0.0000000E+00    7.7465811E-01    9.2437409E-03    7.5189531E-04    7.4744190E+01    0.0000000E+00    0.0000000E+00    0.0000000E+00
    2.5500000E+00   -1.1017618E+00    1.7011271E+00    4.0040745E+00    3.3063518E-01    6.7637587E-01    7.3326304E+00    0.0000000E+00    7.7707392E-01    9.2420107E-03    7.5174574E-04    7.4742950E+01    0.0000000E+00    0.0000000E+00    0.0000000E+00
    2.6500000E+00   -1.1018457E+00    1.7053740E+00    4.0061070E+00    3.3146061E-01    6.7848163E-01    7.3285447E+00    0.0000000E+00    7.7949319E-01    9.2402880E-03    7.5159691E-04    7.4741704E+01    0.0000000E+00    0.0000000E+00    0.0000000E+00
    2.7500000E+00   -1.1019299E+00    1.7096248E+00    4.0081397E+00    3.3228682E-01    6.8059040E-01    7.3244558E+00    0.0000000E+00    7.8191590E-01    9.2385729E-03    7.5144882E-04    7.4740453E+01    0.0000000E+00    0.0000000E+00    0.0000000E+00
    2.8500000E+00   -1.1020143E+00    1.7138797E+00    4.0101726E+00    3.3311380E-01    6.8270215E-01    7.3203637E+00    0.0000000E+00    7.8434205E-01    9.2368653E-03    7.5130144E-04    7.4739197E+01    0.0000000E+00    0.0000000E+00    0.0000000E+00
    2.9500000E+00   -1.1020989E+00    1.7181385E+00    4.0122055E+00    3.3394155E-01    6.8481688E-01    7.3162685E+00    0.0000000E+00    7.8677161E-01    9.2351651E-03    7.5115478E-04    7.4737936E+01    0.0000000E+00    0.0000000E+00    0.0000000E+00
    3.0500000E+00   -1.1021838E+00    1.7224012E+00    4.0142385E+00    3.3477006E-01    6.8693457E-01    7.3121701E+00    0.0000000E+00    7.8920459E-01    9.2334724E-03    7.5100880E-04    7.4736670E+01    0.0000000E+00    0.0000000E+00    0.0000000E+00
    3.1500000E+00   -1.1022688E+00    1.7266678E+00    4.0162717E+00    3.3559933E-01    6.8905523E-01    7.3080685E+00    0.0000000E+00    7.9164097E-01    9.2317871E-03    7.5086351E-04    7.4735399E+01    0.0000000E+00    0.0000000E+00    0.0000000E+00
    3.2500000E+00   -1.1023541E+00    1.7309383E+00    4.0183049E+00    3.3642936E-01    6.9117885E-01    7.3039637E+00    0.0000000E+00    7.9408074E-01    9.2301093E-03    7.5071890E-04    7.4734123E+01    0.0000000E+00    0.0000000E+00    0.0000000E+00
    3.3500000E+00   -1.1024397E+00    1.7352128E+00    4.0203381E+00    3.3726015E-01    6.9330540E-01    7.2998557E+00    0.0000000E+00    7.9652390E-01    9.2284388E-03    7.5057496E-04    7.4732842E+01    0.0000000E+00    0.0000000E+00    0.0000000E+00
    3.4500000E+00   -1.1025254E+00    1.7394910E+00    4.0223715E+00    3.3809169E-01    6.9543490E-01    7.2957446E+00    0.0000000E+00    7.9897044E-01    9.2267759E-03    7.5043168E-04    7.4731557E+01    0.0000000E+00    0.0000000E+00    0.0000000E+00
    3.5500000E+00   -1.1026114E+00    1.7437732E+00    4.0244048E+00    3.3892398E-01    6.9756733E-01    7.2916303E+00    0.0000000E+00    8.0142034E-01    9.2251203E-03    7.5028906E-04    7.4730267E+01    0.0000000E+00    0.0000000E+00    0.0000000E+00
    3.6500000E+00   -1.1026976E+00    1.7480592E+00    4.0264382E+00    3.3975701E-01    6.9970269E-01    7.2875128E+00    0.0000000E+00    8.0387361E-01    9.2234722E-03    7.5014709E-04    7.4728972E+01    0.0000000E+00    0.0000000E+00    0.0000000E+00
    3.7500000E+00   -1.1027840E+00    1.7523490E+00    4.0284716E+00    3.4059079E-01    7.0184097E-01    7.2833922E+00    0.0000000E+00    8.0633023E-01    9.2218315E-03    7.5000576E-04    7.4727672E+01    0.0000000E+00    0.0000000E+00    0.0000000E+00
    3.8500000E+00   -1.1028706E+00    1.7566426E+00    4.0305051E+00    3.4142531E-01    7.0398217E-01    7.2792683E+00    0.0000000E+00    8.0879021E-01    9.2201983E-03    7.4986508E-04    7.4726368E+01    0.0000000E+00    0.0000000E+00    0.0000000E+00
    3.9500000E+00   -1.1029574E+00    1.7609401E+00    4.0325385E+00    3.4226057E-01    7.0612627E-01    7.2751413E+00    0.0000000E+00    8.1125353E-01    9.2185725E-03    7.4972503E-04    7.4725059E+01    0.0000000E+00    0.0000000E+00    0.0000000E+00
    4.0500000E+00   -1.1030444E+00    1.7652413E+00    4.0345718E+00    3.4309657E-01    7.0827329E-01    7.2710111E+00    0.0000000E+00    8.1372018E-01    9.2169541E-03    7.4958562E-04    7.4723745E+01    0.0000000E+00    0.0000000E+00    0.0000000E+00
    4.1500000E+00   -1.1031317E+00    1.7695464E+00    4.0366052E+00    3.4393331E-01    7.1042320E-01    7.2668778E+00    0.0000000E+00    8.1619017E-01    9.2153432E-03    7.4944683E-04    7.4722427E+01    0.0000000E+00    0.0000000E+00    0.0000000E+00
    4.2500000E+00   -1.1032191E+00    1.7738552E+00    4.0386385E+00    3.4477078E-01    7.1257601E-01    7.2627413E+00    0.0000000E+00    8.1866349E-01    9.2137398E-03    7.4930868E-04    7.4721104E+01    0.0000000E+00    0.0000000E+00    0.0000000E+00
    4.3500000E+00   -1.1033068E+00    1.7781677E+00    4.0406717E+00    3.4560898E-01    7.1473170E-01    7.2586016E+00    0.0000000E+00    8.2114013E-01    9.2121439E-03    7.4917115E-04    7.4719777E+01    0.0000000E+00    0.0000000E+00    0.0000000E+00
    4.4500000E+00   -1.1033947E+00    1.7824841E+00    4.0427049E+00    3.4644792E-01    7.1689029E-01    7.2544588E+00    0.0000000E+00    8.2362008E-01    9.2105554E-03    7.4903425E-04    7.4718445E+01    0.0000000E+00    0.0000000E+00    0.0000000E+00
    4.5500000E+00   -1.1034827E+00    1.7868041E+00    4.0447380E+00    3.4728758E-01    7.1905175E-01    7.2503129E+00    0.0000000E+00    8.2610334E-01    9.2089745E-03    7.4889798E-04    7.4717109E+01    0.0000000E+00    0.0000000E+00    0.0000000E+00
    4.6500000E+00   -1.1035710E+00    1.7911280E+00    4.0467709E+00    3.4812796E-01    7.2121609E-01    7.2461638E+00    0.0000000E+00    8.2858990E-01    9.2074011E-03    7.4876232E-04    7.4715768E+01    0.0000000E+00    0.0000000E+00    0.0000000E+00
    4.7500000E+00   -1.1036595E+00    1.7954555E+00    4.0488038E+00    3.4896907E-01    7.2338330E-01    7.2420116E+00    0.0000000E+00    8.3107976E-01    9.2058352E-03    7.4862729E-04    7.4714423E+01    0.0000000E+00    0.0000000E+00    0.0000000E+00
    4.8500000E+00   -1.1037482E+00    1.7997867E+00    4.0508365E+00    3.4981090E-01    7.2555337E-01    7.2378563E+00    0.0000000E+00    8.3357291E-01    9.2042768E-03    7.4849288E-04    7.4713073E+01    0.0000000E+00    0.0000000E+00    0.0000000E+00
    4.9500000E+00   -1.1038371E+00    1.8041217E+00    4.0528690E+00    3.5065345E-01    7.2772631E-01    7.2336979E+00    0.0000000E+00    8.3606935E-01    9.2027261E-03    7.4835908E-04    7.4711719E+01    0.0000000E+00    0.0000000E+00    0.0000000E+00
    5.0500000E+00   -1.1039262E+00    1.8084603E+00    4.0549014E+00    3.5149672E-01    7.2990210E-01    7.2295364E+00    0.0000000E+00    8.3856907E-01    9.2011829E-03    7.4822591E-04    7.4710360E+01    0.0000000E+00    0.0000000E+00    0.0000000E+00
    5.1500000E+00   -1.1040155E+00    1.8128026E+00    4.0569336E+00    3.5234071E-01    7.3208074E-01    7.2253718E+00    0.0000000E+00    8.4107206E-01    9.1996474E-03    7.4809336E-04    7.4708997E+01    0.0000000E+00    0.0000000E+00    0.0000000E+00
    5.2500000E+00   -1.1041050E+00    1.8171486E+00    4.0589656E+00    3.5318540E-01    7.3426222E-01    7.2212041E+00    0.0000000E+00    8.4357832E-01    9.1981194E-03    7.4796143E-04    7.4707630E+01    0.0000000E+00    0.0000000E+00    0.0000000E+00
    5.3500000E+00   -1.1041947E+00    1.8214983E+00    4.0609974E+00    3.5403081E-01    7.3644655E-01    7.2170334E+00    0.0000000E+00    8.4608785E-01    9.1965991E-03    7.4783012E-04    7.4706258E+01    0.0000000E+00    0.0000000E+00    0.0000000E+00
    5.4500000E+00   -1.1042846E+00    1.8258516E+00    4.0630290E+00    3.5487693E-01    7.3863371E-01    7.2128596E+00    0.0000000E+00    8.4860063E-01    9.1950865E-03    7.4769943E-04    7.4704882E+01    0.0000000E+00    0.0000000E+00    0.0000000E+00
    5.5500000E+00   -1.1043747E+00    1.8302085E+00    4.0650603E+00    3.5572375E-01    7.4082370E-01    7.2086828E+00    0.0000000E+00    8.5111667E-01    9.1935816E-03    7.4756936E-04    7.4703501E+01    0.0000000E+00    0.0000000E+00    0.0000000E+00
    5.6500000E+00   -1.1044650E+00    1.8345691E+00    4.0670913E+00    3.5657128E-01    7.4301651E-01    7.2045029E+00    0.0000000E+00    8.5363594E-01    9.1920843E-03    7.4743991E-04    7.4702116E+01    0.0000000E+00    0.0000000E+00    0.0000000E+00
    5.7500000E+00   -1.1045555E+00    1.8389332E+00    4.0691221E+00    3.5741951E-01    7.4521215E-01    7.2003201E+00    0.0000000E+00    8.5615846E-01    9.1905948E-03    7.4731108E-04    7.4700727E+01    0.0000000E+00    0.0000000E+00    0.0000000E+00
    5.8500000E+00   -1.1046462E+00    1.8433010E+00    4.0711526E+00    3.5826845E-01    7.4741060E-01    7.1961342E+00    0.0000000E+00    8.5868422E-01    9.1891131E-03    7.4718288E-04    7.4699333E+01    0.0000000E+00    0.0000000E+00    0.0000000E+00
    5.9500000E+00   -1.1047371E+00    1.8476724E+00    4.0731827E+00    3.5911808E-01    7.4961186E-01    7.1919453E+00    0.0000000E+00    8.6121320E-01    9.1876391E-03    7.4705531E-04    7.4697935E+01    0.0000000E+00    0.0000000E+00    0.0000000E+00
    6.0500000E+00   -1.1048282E+00    1.8520474E+00    4.0752126E+00    3.5996841E-01    7.5181592E-01    7.1877535E+00    0.0000000E+00    8.6374540E-01    9.1861729E-03    7.4692835E-04    7.4696532E+01    0.0000000E+00    0.0000000E+00    0.0000000E+00
    6.1500000E+00   -1.1049195E+00    1.8564259E+00    4.0772420E+00    3.6081943E-01    7.5402279E-01    7.1835586E+00    0.0000000E+00    8.6628082E-01    9.1847145E-03    7.4680203E-04    7.4695126E+01    0.0000000E+00    0.0000000E+00    0.0000000E+00
    6.2500000E+00   -1.1050110E+00    1.8608080E+00    4.0792712E+00    3.6167115E-01    7.5623245E-01    7.1793609E+00    0.0000000E+00    8.6881945E-01    9.1832640E-03    7.4667634E-04    7.4693714E+01    0.0000000E+00    0.0000000E+00    0.0000000E+00
    6.3500000E+00   -1.1051027E+00    1.8651937E+00    4.0812999E+00    3.6252355E-01    7.5844489E-01    7.1751601E+00    0.0000000E+00    8.7136128E-01    9.1818214E-03    7.4655127E-04    7.4692299E+01    0.0000000E+00    0.0000000E+00    0.0000000E+00
    6.4500000E+00   -1.1051946E+00    1.8695828E+00    4.0833282E+00    3.6337665E-01    7.6066013E-01    7.1709565E+00    0.0000000E+00    8.7390632E-01    9.1803867E-03    7.4642684E-04    7.4690879E+01    0.0000000E+00    0.0000000E+00    0.0000000E+00
    6.5500000E+00   -1.1052867E+00    1.8739756E+00    4.0853561E+00    3.6423043E-01    7.6287814E-01    7.1667499E+00    0.0000000E+00    8.7645454E-01    9.1789598E-03    7.4630303E-04    7.4689455E+01    0.0000000E+00    0.0000000E+00    0.0000000E+00
    6.6500000E+00   -1.1053790E+00    1.8783718E+00    4.0873836E+00    3.6508489E-01    7.6509892E-01    7.1625405E+00    0.0000000E+00    8.7900595E-01    9.1775410E-03    7.4617987E-04    7.4688026E+01    0.0000000E+00    0.0000000E+00    0.0000000E+00
    6.7500000E+00   -1.1054715E+00    1.8827716E+00    4.0894106E+00    3.6594004E-01    7.6732247E-01    7.1583281E+00    0.0000000E+00    8.8156054E-01    9.1761301E-03    7.4605734E-04    7.4686593E+01    0.0000000E+00    0.0000000E+00    0.0000000E+00
    6.8500000E+00   -1.1055642E+00    1.8871748E+00    4.0914371E+00    3.6679587E-01    7.6954879E-01    7.1541129E+00    0.0000000E+00    8.8411831E-01    9.1747272E-03    7.4593544E-04    7.4685156E+01    0.0000000E+00    0.0000000E+00    0.0000000E+00
    6.9500000E+00   -1.1056571E+00    1.8915816E+00    4.0934631E+00    3.6765237E-01    7.7177786E-01    7.1498948E+00    0.0000000E+00    8.8667925E-01    9.1733324E-03    7.4581419E-04    7.4683714E+01    0.0000000E+00    0.0000000E+00    0.0000000E+00
    7.0500000E+00   -1.1057502E+00    1.8959918E+00    4.0954886E+00    3.6850955E-01    7.7400969E-01    7.1456739E+00    0.0000000E+00    8.8924335E-01    9.1719456E-03    7.4569358E-04    7.4682269E+01    0.0000000E+00    0.0000000E+00    0.0000000E+00
    7.1500000E+00   -1.1058435E+00    1.9004055E+00    4.0975135E+00    3.6936741E-01    7.7624426E-01    7.1414502E+00    0.0000000E+00    8.9181060E-01    9.1705669E-03    7.4557361E-04    7.4680818E+01    0.0000000E+00    0.0000000E+00    0.0000000E+00
    7.2500000E+00   -1.1059370E+00    1.9048226E+00    4.0995379E+00    3.7022593E-01    7.7848158E-01    7.1372236E+00    0.0000000E+00    8.9438101E-01    9.1691963E-03    7.4545429E-04    7.4679364E+01    0.0000000E+00    0.0000000E+00    0.0000000E+00
    7.3500000E+00   -1.1060306E+00    1.9092432E+00    4.1015618E+00    3.7108513E-01    7.8072163E-01    7.1329942E+00    0.0000000E+00    8.9695456E-01    9.1678339E-03    7.4533562E-04    7.4677905E+01    0.0000000E+00    0.0000000E+00    0.0000000E+00
    7.4500000E+00   -1.1061245E+00    1.9136672E+00    4.1035850E+00    3.7194499E-01    7.8296442E-01    7.1287621E+00    0.0000000E+00    8.9953125E-01    9.1664797E-03    7.4521759E-04    7.4676442E+01    0.0000000E+00    0.0000000E+00    0.0000000E+00
    7.5500000E+00   -1.1062186E+00    1.9180947E+00    4.1056076E+00    3.7280552E-01    7.8520993E-01    7.1245272E+00    0.0000000E+00    9.0211107E-01    9.1651336E-03    7.4510022E-04    7.4674975E+01    0.0000000E+00    0.0000000E+00    0.0000000E+00
    7.6500000E+00   -1.1063129E+00    1.9225255E+00    4.1076295E+00    3.7366672E-01    7.8745817E-01    7.1202895E+00    0.0000000E+00    9.0469402E-01    9.1637959E-03    7.4498351E-04    7.4673503E+01    0.0000000E+00    0.0000000E+00    0.0000000E+00
    7.7500000E+00   -1.1064074E+00    1.9269598E+00    4.1096508E+00    3.7452857E-01    7.8970912E-01    7.1160492E+00    0.0000000E+00    9.0728009E-01    9.1624664E-03    7.4486745E-04    7.4672027E+01    0.0000000E+00    0.0000000E+00    0.0000000E+00
    7.8500000E+00   -1.1065020E+00    1.9313974E+00    4.1116714E+00    3.7539108E-01    7.9196278E-01    7.1118061E+00    0.0000000E+00    9.0986927E-01    9.1611452E-03    7.4475205E-04    7.4670546E+01    0.0000000E+00    0.0000000E+00    0.0000000E+00
    7.9500000E+00   -1.1065969E+00    1.9358385E+00    4.1136913E+00    3.7625425E-01    7.9421915E-01    7.1075602E+00    0.0000000E+00    9.1246157E-01    9.1598323E-03    7.4463731E-04    7.4669062E+01    0.0000000E+00    0.0000000E+00    0.0000000E+00
    8.0500000E+00   -1.1066920E+00    1.9402829E+00    4.1157104E+00    3.7711808E-01    7.9647822E-01    7.1033117E+00    0.0000000E+00    9.1505696E-01    9.1585279E-03    7.4452324E-04    7.4667573E+01    0.0000000E+00    0.0000000E+00    0.0000000E+00
    8.1500000E+00   -1.1067873E+00    1.9447307E+00    4.1177288E+00    3.7798256E-01    7.9873998E-01    7.0990606E+00    0.0000000E+00    9.1765546E-01    9.1572318E-03    7.4440983E-04    7.4666079E+01    0.0000000E+00    0.0000000E+00    0.0000000E+00
    8.2500000E+00   -1.1068827E+00    1.9491818E+00    4.1197464E+00    3.7884769E-01    8.0100444E-01    7.0948068E+00    0.0000000E+00    9.2025704E-01    9.1559442E-03    7.4429710E-04    7.4664582E+01    0.0000000E+00    0.0000000E+00    0.0000000E+00
    8.3500000E+00   -1.1069784E+00    1.9536362E+00    4.1217632E+00    3.7971346E-01    8.0327158E-01    7.0905503E+00    0.0000000E+00    9.2286171E-01    9.1546651E-03    7.4418503E-04    7.4663080E+01    0.0000000E+00    0.0000000E+00    0.0000000E+00
    8.4500000E+00   -1.1070743E+00    1.9580940E+00    4.1237792E+00    3.8057989E-01    8.0554140E-01    7.0862912E+00    0.0000000E+00    9.2546946E-01    9.1533945E-03    7.4407365E-04    7.4661573E+01    0.0000000E+00    0.0000000E+00    0.0000000E+00
    8.5500000E+00   -1.1071703E+00    1.9625551E+00    4.1257943E+00    3.8144696E-01    8.0781389E-01    7.0820295E+00    0.0000000E+00    9.2808028E-01    9.1521324E-03    7.4396294E-04    7.4660063E+01    0.0000000E+00    0.0000000E+00    0.0000000E+00
    8.6500000E+00   -1.1072666E+00    1.9670195E+00    4.1278085E+00    3.8231467E-01    8.1008906E-01    7.0777653E+00    0.0000000E+00    9.3069417E-01    9.1508789E-03    7.4385291E-04    7.4658548E+01    0.0000000E+00    0.0000000E+00    0.0000000E+00
    8.7500000E+00   -1.1073631E+00    1.9714872E+00    4.1298219E+00    3.8318303E-01    8.1236689E-01    7.0734984E+00    0.0000000E+00    9.3331112E-01    9.1496341E-03    7.4374357E-04    7.4657029E+01    0.0000000E+00    0.0000000E+00    0.0000000E+00
    8.8500000E+00   -1.1074597E+00    1.9759582E+00    4.1318343E+00    3.8405202E-01    8.1464738E-01    7.0692290E+00    0.0000000E+00    9.3593113E-01    9.1483980E-03    7.4363491E-04    7.4655505E+01    0.0000000E+00    0.0000000E+00    0.0000000E+00
    8.9500000E+00   -1.1075566E+00    1.9804325E+00    4.1338457E+00    3.8492165E-01    8.1693052E-01    7.0649571E+00    0.0000000E+00    9.3855419E-01    9.1471705E-03    7.4352695E-04    7.4653977E+01    0.0000000E+00    0.0000000E+00    0.0000000E+00
    9.0500000E+00   -1.1076536E+00    1.9849100E+00    4.1358562E+00    3.8579192E-01    8.1921632E-01    7.0606827E+00    0.0000000E+00    9.4118029E-01    9.1459518E-03    7.4341968E-04    7.4652445E+01    0.0000000E+00    0.0000000E+00    0.0000000E+00
    9.1500000E+00   -1.1077509E+00    1.9893908E+00    4.1378657E+00    3.8666282E-01    8.2150476E-01    7.0564058E+00    0.0000000E+00    9.4380942E-01    9.1447419E-03    7.4331310E-04    7.4650909E+01    0.0000000E+00    0.0000000E+00    0.0000000E+00
    9.2500000E+00   -1.1078483E+00    1.9938749E+00    4.1398741E+00    3.8753434E-01    8.2379583E-01    7.0521264E+00    0.0000000E+00    9.4644159E-01    9.1435409E-03    7.4320723E-04    7.4649368E+01    0.0000000E+00    0.0000000E+00    0.0000000E+00
    9.3500000E+00   -1.1079460E+00    1.9983622E+00    4.1418815E+00    3.8840650E-01    8.2608954E-01    7.0478445E+00    0.0000000E+00    9.4907679E-01    9.1423487E-03    7.4310206E-04    7.4647823E+01    0.0000000E+00    0.0000000E+00    0.0000000E+00
    9.4500000E+00   -1.1080438E+00    2.0028527E+00    4.1438877E+00    3.8927929E-01    8.2838588E-01    7.0435602E+00    0.0000000E+00    9.5171501E-01    9.1411654E-03    7.4299760E-04    7.4646274E+01    0.0000000E+00    0.0000000E+00    0.0000000E+00
    9.5500000E+00   -1.1081419E+00    2.0073464E+00    4.1458929E+00    3.9015270E-01    8.3068485E-01    7.0392734E+00    0.0000000E+00    9.5435624E-01    9.1399911E-03    7.4289385E-04    7.4644720E+01    0.0000000E+00    0.0000000E+00    0.0000000E+00
    9.6500000E+00   -1.1082402E+00    2.0118433E+00    4.1478969E+00    3.9102673E-01    8.3298643E-01    7.0349843E+00    0.0000000E+00    9.5700048E-01    9.1388258E-03    7.4279081E-04    7.4643162E+01    0.0000000E+00    0.0000000E+00    0.0000000E+00
    9.7500000E+00   -1.1083386E+00    2.0163434E+00    4.1498997E+00    3.9190139E-01    8.3529063E-01    7.0306927E+00    0.0000000E+00    9.5964772E-01    9.1376696E-03    7.4268849E-04    7.4641600E+01    0.0000000E+00    0.0000000E+00    0.0000000E+00
    9.8500000E+00   -1.1084373E+00    2.0208468E+00    4.1519013E+00    3.9277667E-01    8.3759743E-01    7.0263988E+00    0.0000000E+00    9.6229796E-01    9.1365225E-03    7.4258689E-04    7.4640033E+01    0.0000000E+00    0.0000000E+00    0.0000000E+00
    9.9500000E+00   -1.1085361E+00    2.0253532E+00    4.1539016E+00    3.9365256E-01    8.3990684E-01    7.0221026E+00    0.0000000E+00    9.6495119E-01    9.1353845E-03    7.4248602E-04    7.4638462E+01    0.0000000E+00    0.0000000E+00    0.0000000E+00
    1.0050000E+01   -1.1086352E+00    2.0298629E+00    4.1559007E+00    3.9452907E-01    8.4221885E-01    7.0178040E+00    0.0000000E+00    9.6760741E-01    9.1342557E-03    7.4238588E-04    7.4636886E+01    0.0000000E+00    0.0000000E+00    0.0000000E+00
    1.0150000E+01   -1.1087344E+00    2.0343757E+00    4.1578985E+00    3.9540619E-01    8.4453345E-01    7.0135031E+00    0.0000000E+00    9.7026660E-01    9.1331361E-03    7.4228647E-04    7.4635307E+01    0.0000000E+00    0.0000000E+00    0.0000000E+00
    1.0250000E+01   -1.1088339E+00    2.0388917E+00    4.1598949E+00    3.9628392E-01    8.4685064E-01    7.0092000E+00    0.0000000E+00    9.7292877E-01    9.1320259E-03    7.4218779E-04    7.4633723E+01    0.0000000E+00    0.0000000E+00    0.0000000E+00
    1.0350000E+01   -1.1089335E+00    2.0434108E+00    4.1618900E+00    3.9716227E-01    8.4917041E-01    7.0048945E+00    0.0000000E+00    9.7559391E-01    9.1309250E-03    7.4208986E-04    7.4632134E+01    0.0000000E+00    0.0000000E+00    0.0000000E+00
    1.0450000E+01   -1.1090334E+00    2.0479330E+00    4.1638837E+00    3.9804122E-01    8.5149277E-01    7.0005868E+00    0.0000000E+00    9.7826202E-01    9.1298335E-03    7.4199268E-04    7.4630541E+01    0.0000000E+00    0.0000000E+00    0.0000000E+00
    1.0550000E+01   -1.1091335E+00    2.0524584E+00    4.1658759E+00    3.9892078E-01    8.5381770E-01    6.9962769E+00    0.0000000E+00    9.8093308E-01    9.1287515E-03    7.4189624E-04    7.4628944E+01    0.0000000E+00    0.0000000E+00    0.0000000E+00
    1.0650000E+01   -1.1092337E+00    2.0569868E+00    4.1678667E+00    3.9980094E-01    8.5614520E-01    6.9919648E+00    0.0000000E+00    9.8360709E-01    9.1276789E-03    7.4180056E-04    7.4627343E+01    0.0000000E+00    0.0000000E+00    0.0000000E+00
    1.0750000E+01   -1.1093342E+00    2.0615184E+00    4.1698559E+00    4.0068171E-01    8.5847526E-01    6.9876504E+00    0.0000000E+00    9.8628405E-01    9.1266159E-03    7.4170563E-04    7.4625737E+01    0.0000000E+00    0.0000000E+00    0.0000000E+00
    1.0850000E+01   -1.1094349E+00    2.0660531E+00    4.1718436E+00    4.0156308E-01    8.6080788E-01    6.9833339E+00    0.0000000E+00    9.8896395E-01    9.1255626E-03    7.4161147E-04    7.4624127E+01    0.0000000E+00    0.0000000E+00    0.0000000E+00
    1.0950000E+01   -1.1095358E+00    2.0705908E+00    4.1738298E+00    4.0244504E-01    8.6314306E-01    6.9790153E+00    0.0000000E+00    9.9164679E-01    9.1245189E-03    7.4151808E-04    7.4622512E+01    0.0000000E+00    0.0000000E+00    0.0000000E+00
    1.1050000E+01   -1.1096368E+00    2.0751316E+00    4.1758143E+00    4.0332761E-01    8.6548079E-01    6.9746945E+00    0.0000000E+00    9.9433255E-01    9.1234849E-03    7.4142546E-04    7.4620893E+01    0.0000000E+00    0.0000000E+00    0.0000000E+00
    1.1150000E+01   -1.1097381E+00    2.0796755E+00    4.1777971E+00    4.0421077E-01    8.6782106E-01    6.9703717E+00    0.0000000E+00    9.9702125E-01    9.1224608E-03    7.4133362E-04    7.4619270E+01    0.0000000E+00    0.0000000E+00    0.0000000E+00
    1.1250000E+01   -1.1098396E+00    2.0842225E+00    4.1797783E+00    4.0509452E-01    8.7016388E-01    6.9660467E+00    0.0000000E+00    9.9971286E-01    9.1214465E-03    7.4124256E-04    7.4617642E+01    0.0000000E+00    0.0000000E+00    0.0000000E+00
    1.1350000E+01   -1.1099413E+00    2.0887725E+00    4.1817578E+00    4.0597887E-01    8.7250923E-01    6.9617197E+00    0.0000000E+00    1.0024074E+00    9.1204421E-03    7.4115229E-04    7.4616010E+01    0.0000000E+00    0.0000000E+00    0.0000000E+00
    1.1450000E+01   -1.1100432E+00    2.0933255E+00    4.1837354E+00    4.0686381E-01    8.7485711E-01    6.9573907E+00    0.0000000E+00    1.0051048E+00    9.1194476E-03    7.4106281E-04    7.4614374E+01    0.0000000E+00    0.0000000E+00    0.0000000E+00
    1.1550000E+01   -1.1101453E+00    2.0978815E+00    4.1857113E+00    4.0774933E-01    8.7720752E-01    6.9530596E+00    0.0000000E+00    1.0078052E+00    9.1184632E-03    7.4097412E-04    7.4612733E+01    0.0000000E+00    0.0000000E+00    0.0000000E+00
    1.1650000E+01   -1.1102476E+00    2.1024406E+00    4.1876853E+00    4.0863545E-01    8.7956045E-01    6.9487266E+00    0.0000000E+00    1.0105084E+00    9.1174890E-03    7.4088624E-04    7.4611088E+01    0.0000000E+00    0.0000000E+00    0.0000000E+00
    1.1750000E+01   -1.1103501E+00    2.1070027E+00    4.1896574E+00    4.0952215E-01    8.8191591E-01    6.9443915E+00    0.0000000E+00    1.0132145E+00    9.1165248E-03    7.4079917E-04    7.4609438E+01    0.0000000E+00    0.0000000E+00    0.0000000E+00
    1.1850000E+01   -1.1104529E+00    2.1115678E+00    4.1916276E+00    4.1040943E-01    8.8427387E-01    6.9400546E+00    0.0000000E+00    1.0159235E+00    9.1155710E-03    7.4071291E-04    7.4607784E+01    0.0000000E+00    0.0000000E+00    0.0000000E+00
    1.1950000E+01   -1.1105558E+00    2.1161359E+00    4.1935957E+00    4.1129730E-01    8.8663435E-01    6.9357157E+00    0.0000000E+00    1.0186354E+00    9.1146274E-03    7.4062746E-04    7.4606126E+01    0.0000000E+00    0.0000000E+00    0.0000000E+00
    1.2050000E+01   -1.1106589E+00    2.1207070E+00    4.1955619E+00    4.1218574E-01    8.8899732E-01    6.9313748E+00    0.0000000E+00    1.0213502E+00    9.1136942E-03    7.4054285E-04    7.4604463E+01    0.0000000E+00    0.0000000E+00    0.0000000E+00
    1.2150000E+01   -1.1107623E+00    2.1252811E+00    4.1975260E+00    4.1307477E-01    8.9136280E-01    6.9270322E+00    0.0000000E+00    1.0240679E+00    9.1127714E-03    7.4045906E-04    7.4602795E+01    0.0000000E+00    0.0000000E+00    0.0000000E+00
    1.2250000E+01   -1.1108658E+00    2.1298581E+00    4.1994880E+00    4.1396438E-01    8.9373078E-01    6.9226876E+00    0.0000000E+00    1.0267884E+00    9.1118592E-03    7.4037611E-04    7.4601124E+01    0.0000000E+00    0.0000000E+00    0.0000000E+00
    1.2350000E+01   -1.1109696E+00    2.1344381E+00    4.2014478E+00    4.1485456E-01    8.9610125E-01    6.9183413E+00    0.0000000E+00    1.0295118E+00    9.1109575E-03    7.4029400E-04    7.4599447E+01    0.0000000E+00    0.0000000E+00    0.0000000E+00
    1.2450000E+01   -1.1110736E+00    2.1390211E+00    4.2034055E+00    4.1574531E-01    8.9847420E-01    6.9139931E+00    0.0000000E+00    1.0322380E+00    9.1100665E-03    7.4021274E-04    7.4597767E+01    0.0000000E+00    0.0000000E+00    0.0000000E+00
    1.2550000E+01   -1.1111778E+00    2.1436070E+00    4.2053608E+00    4.1663664E-01    9.0084964E-01    6.9096431E+00    0.0000000E+00    1.0349671E+00    9.1091862E-03    7.4013233E-04    7.4596082E+01    0.0000000E+00    0.0000000E+00    0.0000000E+00
    1.2650000E+01   -1.1112822E+00    2.1481959E+00    4.2073139E+00    4.1752855E-01    9.0322756E-01    6.9052914E+00    0.0000000E+00    1.0376990E+00    9.1083168E-03    7.4005278E-04    7.4594392E+01    0.0000000E+00    0.0000000E+00    0.0000000E+00
    1.2750000E+01   -1.1113868E+00    2.1527877E+00    4.2092646E+00    4.1842102E-01    9.0560796E-01    6.9009379E+00    0.0000000E+00    1.0404338E+00    9.1074583E-03    7.3997410E-04    7.4592698E+01    0.0000000E+00    0.0000000E+00    0.0000000E+00
    1.2850000E+01   -1.1114916E+00    2.1573824E+00    4.2112129E+00    4.1931406E-01    9.0799082E-01    6.8965828E+00    0.0000000E+00    1.0431714E+00    9.1066107E-03    7.3989630E-04    7.4590999E+01    0.0000000E+00    0.0000000E+00    0.0000000E+00
    1.2950000E+01   -1.1115966E+00    2.1619800E+00    4.2131588E+00    4.2020767E-01    9.1037615E-01    6.8922259E+00    0.0000000E+00    1.0459119E+00    9.1057742E-03    7.3981937E-04    7.4589296E+01    0.0000000E+00    0.0000000E+00    0.0000000E+00
    1.3050000E+01   -1.1117019E+00    2.1665806E+00    4.2151022E+00    4.2110184E-01    9.1276395E-01    6.8878674E+00    0.0000000E+00    1.0486552E+00    9.1049488E-03    7.3974333E-04    7.4587589E+01    0.0000000E+00    0.0000000E+00    0.0000000E+00
    1.3150000E+01   -1.1118074E+00    2.1711840E+00    4.2170430E+00    4.2199658E-01    9.1515420E-01    6.8835073E+00    0.0000000E+00    1.0514013E+00    9.1041347E-03    7.3966818E-04    7.4585877E+01    0.0000000E+00    0.0000000E+00    0.0000000E+00
    1.3250000E+01   -1.1119130E+00    2.1757904E+00    4.2189811E+00    4.2289189E-01    9.1754691E-01    6.8791456E+00    0.0000000E+00    1.0541502E+00    9.1033318E-03    7.3959394E-04    7.4584160E+01    0.0000000E+00    0.0000000E+00    0.0000000E+00
    1.3350000E+01   -1.1120189E+00    2.1803997E+00    4.2209167E+00    4.2378776E-01    9.1994207E-01    6.8747823E+00    0.0000000E+00    1.0569020E+00    9.1025404E-03    7.3952060E-04    7.4582439E+01    0.0000000E+00    0.0000000E+00    0.0000000E+00
    1.3450000E+01   -1.1121251E+00    2.1850118E+00    4.2228495E+00    4.2468418E-01    9.2233968E-01    6.8704174E+00    0.0000000E+00    1.0596565E+00    9.1017604E-03    7.3944818E-04    7.4580713E+01    0.0000000E+00    0.0000000E+00    0.0000000E+00
    1.3550000E+01   -1.1122314E+00    2.1896268E+00    4.2247795E+00    4.2558117E-01    9.2473974E-01    6.8660510E+00    0.0000000E+00    1.0624139E+00    9.1009921E-03    7.3937667E-04    7.4578983E+01    0.0000000E+00    0.0000000E+00    0.0000000E+00
    1.3650000E+01   -1.1123380E+00    2.1942447E+00    4.2267067E+00    4.2647872E-01    9.2714223E-01    6.8616831E+00    0.0000000E+00    1.0651741E+00    9.1002354E-03    7.3930610E-04    7.4577248E+01    0.0000000E+00    0.0000000E+00    0.0000000E+00
    1.3750000E+01   -1.1124447E+00    2.1988655E+00    4.2286310E+00    4.2737682E-01    9.2954716E-01    6.8573138E+00    0.0000000E+00    1.0679371E+00    9.0994905E-03    7.3923647E-04    7.4575509E+01    0.0000000E+00    0.0000000E+00    0.0000000E+00
    1.3850000E+01   -1.1125517E+00    2.2034892E+00    4.2305523E+00    4.2827548E-01    9.3195453E-01    6.8529430E+00    0.0000000E+00    1.0707028E+00    9.0987574E-03    7.3916778E-04    7.4573765E+01    0.0000000E+00    0.0000000E+00    0.0000000E+00
    1.3950000E+01   -1.1126589E+00    2.2081156E+00    4.2324707E+00    4.2917470E-01    9.3436432E-01    6.8485707E+00    0.0000000E+00    1.0734714E+00    9.0980363E-03    7.3910005E-04    7.4572017E+01    0.0000000E+00    0.0000000E+00    0.0000000E+00
    1.4050000E+01   -1.1127664E+00    2.2127450E+00    4.2343859E+00    4.3007447E-01    9.3677654E-01    6.8441971E+00    0.0000000E+00    1.0762427E+00    9.0973272E-03    7.3903327E-04    7.4570264E+01    0.0000000E+00    0.0000000E+00    0.0000000E+00
    1.4150000E+01   -1.1128740E+00    2.2173772E+00    4.2362980E+00    4.3097479E-01    9.3919119E-01    6.8398222E+00    0.0000000E+00    1.0790169E+00    9.0966304E-03    7.3896747E-04    7.4568506E+01    0.0000000E+00    0.0000000E+00    0.0000000E+00
    1.4250000E+01   -1.1129819E+00    2.2220122E+00    4.2382069E+00    4.3187567E-01    9.4160825E-01    6.8354459E+00    0.0000000E+00    1.0817938E+00    9.0959457E-03    7.3890264E-04    7.4566744E+01    0.0000000E+00    0.0000000E+00    0.0000000E+00
    1.4350000E+01   -1.1130900E+00    2.2266501E+00    4.2401126E+00    4.3277710E-01    9.4402773E-01    6.8310683E+00    0.0000000E+00    1.0845735E+00    9.0952735E-03    7.3883880E-04    7.4564977E+01    0.0000000E+00    0.0000000E+00    0.0000000E+00
    1.4450000E+01   -1.1131984E+00    2.2312908E+00    4.2420149E+00    4.3367907E-01    9.4644962E-01    6.8266894E+00    0.0000000E+00    1.0873559E+00    9.0946137E-03    7.3877596E-04    7.4563205E+01    0.0000000E+00    0.0000000E+00    0.0000000E+00
    1.4550000E+01   -1.1133069E+00    2.2359343E+00    4.2439138E+00    4.3458160E-01    9.4887393E-01    6.8223093E+00    0.0000000E+00    1.0901412E+00    9.0939665E-03    7.3871411E-04    7.4561429E+01    0.0000000E+00    0.0000000E+00    0.0000000E+00
    1.4650000E+01   -1.1134157E+00    2.2405806E+00    4.2458093E+00    4.3548467E-01    9.5130064E-01    6.8179280E+00    0.0000000E+00    1.0929292E+00    9.0933320E-03    7.3865329E-04    7.4559648E+01    0.0000000E+00    0.0000000E+00    0.0000000E+00
    1.4750000E+01   -1.1135247E+00    2.2452298E+00    4.2477012E+00    4.3638830E-01    9.5372976E-01    6.8135455E+00    0.0000000E+00    1.0957199E+00    9.0927103E-03    7.3859348E-04    7.4557862E+01    0.0000000E+00    0.0000000E+00    0.0000000E+00
    1.4850000E+01   -1.1136340E+00    2.2498818E+00    4.2495896E+00    4.3729247E-01    9.5616127E-01    6.8091618E+00    0.0000000E+00    1.0985134E+00    9.0921015E-03    7.3853470E-04    7.4556072E+01    0.0000000E+00    0.0000000E+00    0.0000000E+00
    1.4950000E+01   -1.1137434E+00    2.2545366E+00    4.2514742E+00    4.3819718E-01    9.5859519E-01    6.8047770E+00    0.0000000E+00    1.1013097E+00    9.0915057E-03    7.3847697E-04    7.4554277E+01    0.0000000E+00    0.0000000E+00    0.0000000E+00
    1.5050000E+01   -1.1138532E+00    2.2591941E+00    4.2533551E+00    4.3910244E-01    9.6103150E-01    6.8003912E+00    0.0000000E+00    1.1041087E+00    9.0909232E-03    7.3842028E-04    7.4552477E+01    0.0000000E+00    0.0000000E+00    0.0000000E+00
    1.5150000E+01   -1.1139631E+00    2.2638545E+00    4.2552322E+00    4.4000824E-01    9.6347021E-01    6.7960043E+00    0.0000000E+00    1.1069105E+00    9.0903538E-03    7.3836466E-04    7.4550673E+01    0.0000000E+00    0.0000000E+00    0.0000000E+00
    1.5250000E+01   -1.1140733E+00    2.2685177E+00    4.2571053E+00    4.4091459E-01    9.6591131E-01    6.7916163E+00    0.0000000E+00    1.1097151E+00    9.0897979E-03    7.3831010E-04    7.4548863E+01    0.0000000E+00    0.0000000E+00    0.0000000E+00
    1.5350000E+01   -1.1141837E+00    2.2731837E+00    4.2589745E+00    4.4182148E-01    9.6835479E-01    6.7872274E+00    0.0000000E+00    1.1125223E+00    9.0892555E-03    7.3825663E-04    7.4547049E+01    0.0000000E+00    0.0000000E+00    0.0000000E+00
    1.5450000E+01   -1.1142943E+00    2.2778524E+00    4.2608397E+00    4.4272891E-01    9.7080066E-01    6.7828375E+00    0.0000000E+00    1.1153323E+00    9.0887268E-03    7.3820424E-04    7.4545230E+01    0.0000000E+00    0.0000000E+00    0.0000000E+00
    1.5550000E+01   -1.1144052E+00    2.2825240E+00    4.2627007E+00    4.4363689E-01    9.7324892E-01    6.7784467E+00    0.0000000E+00    1.1181451E+00    9.0882118E-03    7.3815296E-04    7.4543407E+01    0.0000000E+00    0.0000000E+00    0.0000000E+00
    1.5650000E+01   -1.1145163E+00    2.2871983E+00    4.2645575E+00    4.4454541E-01    9.7569956E-01    6.7740550E+00    0.0000000E+00    1.1209606E+00    9.0877108E-03    7.3810279E-04    7.4541578E+01    0.0000000E+00    0.0000000E+00    0.0000000E+00
    1.5750000E+01   -1.1146277E+00    2.2918755E+00    4.2664100E+00    4.4545446E-01    9.7815258E-01    6.7696624E+00    0.0000000E+00    1.1237788E+00    9.0872238E-03    7.3805374E-04    7.4539745E+01    0.0000000E+00    0.0000000E+00    0.0000000E+00
    1.5850000E+01   -1.1147393E+00    2.2965554E+00    4.2682582E+00    4.4636406E-01    9.8060797E-01    6.7652690E+00    0.0000000E+00    1.1265997E+00    9.0867510E-03    7.3800583E-04    7.4537907E+01    0.0000000E+00    0.0000000E+00    0.0000000E+00
    1.5950000E+01   -1.1148512E+00    2.3012381E+00    4.2701018E+00    4.4727420E-01    9.8306574E-01    6.7608749E+00    0.0000000E+00    1.1294234E+00    9.0862926E-03    7.3795906E-04    7.4536064E+01    0.0000000E+00    0.0000000E+00    0.0000000E+00
    1.6050000E+01   -1.1149633E+00    2.3059235E+00    4.2719409E+00    4.4818487E-01    9.8552589E-01    6.7564799E+00    0.0000000E+00    1.1322498E+00    9.0858486E-03    7.3791345E-04    7.4534216E+01    0.0000000E+00    0.0000000E+00    0.0000000E+00
    1.6150000E+01   -1.1150756E+00    2.3106117E+00    4.2737754E+00    4.4909609E-01    9.8798840E-01    6.7520843E+00    0.0000000E+00    1.1350790E+00    9.0854192E-03    7.3786901E-04    7.4532363E+01    0.0000000E+00    0.0000000E+00    0.0000000E+00
    1.6250000E+01   -1.1151882E+00    2.3153028E+00    4.2756051E+00    4.5000785E-01    9.9045329E-01    6.7476880E+00    0.0000000E+00    1.1379108E+00    9.0850046E-03    7.3782575E-04    7.4530505E+01    0.0000000E+00    0.0000000E+00    0.0000000E+00
    1.6350000E+01   -1.1153010E+00    2.3199965E+00    4.2774300E+00    4.5092014E-01    9.9292055E-01    6.7432910E+00    0.0000000E+00    1.1407454E+00    9.0846050E-03    7.3778368E-04    7.4528642E+01    0.0000000E+00    0.0000000E+00    0.0000000E+00
    1.6450000E+01   -1.1154141E+00    2.3246931E+00    4.2792500E+00    4.5183297E-01    9.9539018E-01    6.7388934E+00    0.0000000E+00    1.1435827E+00    9.0842204E-03    7.3774282E-04    7.4526774E+01    0.0000000E+00    0.0000000E+00    0.0000000E+00
    1.6550000E+01   -1.1155275E+00    2.3293924E+00    4.2810650E+00    4.5274635E-01    9.9786217E-01    6.7344953E+00    0.0000000E+00    1.1464227E+00    9.0838511E-03    7.3770319E-04    7.4524902E+01    0.0000000E+00    0.0000000E+00    0.0000000E+00
    1.6650000E+01   -1.1156411E+00    2.3340945E+00    4.2828748E+00    4.5366026E-01    1.0003365E+00    6.7300966E+00    0.0000000E+00    1.1492655E+00    9.0834971E-03    7.3766478E-04    7.4523024E+01    0.0000000E+00    0.0000000E+00    0.0000000E+00
    1.6750000E+01   -1.1157549E+00    2.3387994E+00    4.2846795E+00    4.5457471E-01    1.0028133E+00    6.7256974E+00    0.0000000E+00    1.1521109E+00    9.0831588E-03    7.3762762E-04    7.4521141E+01    0.0000000E+00    0.0000000E+00    0.0000000E+00
    1.6850000E+01   -1.1158690E+00    2.3435070E+00    4.2864788E+00    4.5548970E-01    1.0052923E+00    6.7212978E+00    0.0000000E+00    1.1549591E+00    9.0828362E-03    7.3759172E-04    7.4519253E+01    0.0000000E+00    0.0000000E+00    0.0000000E+00
    1.6950000E+01   -1.1159834E+00    2.3482174E+00    4.2882727E+00    4.5640522E-01    1.0077738E+00    6.7168978E+00    0.0000000E+00    1.1578100E+00    9.0825295E-03    7.3755709E-04    7.4517360E+01    0.0000000E+00    0.0000000E+00    0.0000000E+00
    1.7050000E+01   -1.1160980E+00    2.3529306E+00    4.2900610E+00    4.5732129E-01    1.0102576E+00    6.7124974E+00    0.0000000E+00    1.1606636E+00    9.0822389E-03    7.3752376E-04    7.4515462E+01    0.0000000E+00    0.0000000E+00    0.0000000E+00
    1.7150000E+01   -1.1162129E+00    2.3576466E+00    4.2918438E+00    4.5823790E-01    1.0127438E+00    6.7080966E+00    0.0000000E+00    1.1635199E+00    9.0819646E-03    7.3749173E-04    7.4513559E+01    0.0000000E+00    0.0000000E+00    0.0000000E+00
    1.7250000E+01   -1.1163281E+00    2.3623653E+00    4.2936207E+00    4.5915505E-01    1.0152323E+00    6.7036956E+00    0.0000000E+00    1.1663789E+00    9.0817067E-03    7.3746101E-04    7.4511650E+01    0.0000000E+00    0.0000000E+00    0.0000000E+00
    1.7350000E+01   -1.1164435E+00    2.3670869E+00    4.2953918E+00    4.6007273E-01    1.0177232E+00    6.6992944E+00    0.0000000E+00    1.1692407E+00    9.0814656E-03    7.3743164E-04    7.4509737E+01    0.0000000E+00    0.0000000E+00    0.0000000E+00
    1.7450000E+01   -1.1165592E+00    2.3718112E+00    4.2971569E+00    4.6099096E-01    1.0202165E+00    6.6948929E+00    0.0000000E+00    1.1721052E+00    9.0812413E-03    7.3740361E-04    7.4507818E+01    0.0000000E+00    0.0000000E+00    0.0000000E+00
    1.7550000E+01   -1.1166752E+00    2.3765383E+00    4.2989158E+00    4.6190973E-01    1.0227122E+00    6.6904913E+00    0.0000000E+00    1.1749723E+00    9.0810341E-03    7.3737695E-04    7.4505894E+01    0.0000000E+00    0.0000000E+00    0.0000000E+00
    1.7650000E+01   -1.1167914E+00    2.3812682E+00    4.3006685E+00    4.6282905E-01    1.0252102E+00    6.6860896E+00    0.0000000E+00    1.1778422E+00    9.0808442E-03    7.3735168E-04    7.4503964E+01    0.0000000E+00    0.0000000E+00    0.0000000E+00
    1.7750000E+01   -1.1169079E+00    2.3860009E+00    4.3024149E+00    4.6374891E-01    1.0277105E+00    6.6816879E+00    0.0000000E+00    1.1807149E+00    9.0806718E-03    7.3732782E-04    7.4502030E+01    0.0000000E+00    0.0000000E+00    0.0000000E+00
    1.7850000E+01   -1.1170247E+00    2.3907364E+00    4.3041547E+00    4.6466931E-01    1.0302133E+00    6.6772861E+00    0.0000000E+00    1.1835902E+00    9.0805171E-03    7.3730537E-04    7.4500090E+01    0.0000000E+00    0.0000000E+00    0.0000000E+00
    1.7950000E+01   -1.1171418E+00    2.3954747E+00    4.3058878E+00    4.6559026E-01    1.0327184E+00    6.6728844E+00    0.0000000E+00    1.1864683E+00    9.0803804E-03    7.3728437E-04    7.4498144E+01    0.0000000E+00    0.0000000E+00    0.0000000E+00
    1.8050000E+01   -1.1172592E+00    2.4002158E+00    4.3076142E+00    4.6651175E-01    1.0352258E+00    6.6684827E+00    0.0000000E+00    1.1893490E+00    9.0802620E-03    7.3726483E-04    7.4496193E+01    0.0000000E+00    0.0000000E+00    0.0000000E+00
    1.8150000E+01   -1.1173768E+00    2.4049597E+00    4.3093336E+00    4.6743379E-01    1.0377357E+00    6.6640812E+00    0.0000000E+00    1.1922325E+00    9.0801620E-03    7.3724677E-04    7.4494237E+01    0.0000000E+00    0.0000000E+00    0.0000000E+00
    1.8250000E+01   -1.1174948E+00    2.4097065E+00    4.3110459E+00    4.6835639E-01    1.0402479E+00    6.6596800E+00    0.0000000E+00    1.1951188E+00    9.0800808E-03    7.3723021E-04    7.4492275E+01    0.0000000E+00    0.0000000E+00    0.0000000E+00
    1.8350000E+01   -1.1176130E+00    2.4144561E+00    4.3127509E+00    4.6927953E-01    1.0427625E+00    6.6552789E+00    0.0000000E+00    1.1980078E+00    9.0800186E-03    7.3721518E-04    7.4490308E+01    0.0000000E+00    0.0000000E+00    0.0000000E+00
    1.8450000E+01   -1.1177315E+00    2.4192086E+00    4.3144484E+00    4.7020323E-01    1.0452795E+00    6.6508783E+00    0.0000000E+00    1.2008995E+00    9.0799757E-03    7.3720170E-04    7.4488335E+01    0.0000000E+00    0.0000000E+00    0.0000000E+00
    1.8550000E+01   -1.1178503E+00    2.4239639E+00    4.3161383E+00    4.7112749E-01    1.0477988E+00    6.6464779E+00    0.0000000E+00    1.2037939E+00    9.0799525E-03    7.3718980E-04    7.4486357E+01    0.0000000E+00    0.0000000E+00    0.0000000E+00
    1.8650000E+01   -1.1179695E+00    2.4287221E+00    4.3178204E+00    4.7205230E-01    1.0503206E+00    6.6420781E+00    0.0000000E+00    1.2066911E+00    9.0799493E-03    7.3717951E-04    7.4484372E+01    0.0000000E+00    0.0000000E+00    0.0000000E+00
    1.8750000E+01   -1.1180889E+00    2.4334832E+00    4.3194943E+00    4.7297768E-01    1.0528448E+00    6.6376788E+00    0.0000000E+00    1.2095911E+00    9.0799665E-03    7.3717085E-04    7.4482382E+01    0.0000000E+00    0.0000000E+00    0.0000000E+00
    1.8850000E+01   -1.1182087E+00    2.4382472E+00    4.3211600E+00    4.7390362E-01    1.0553713E+00    6.6332800E+00    0.0000000E+00    1.2124938E+00    9.0800044E-03    7.3716386E-04    7.4480387E+01    0.0000000E+00    0.0000000E+00    0.0000000E+00
    1.8950000E+01   -1.1183287E+00    2.4430141E+00    4.3228171E+00    4.7483013E-01    1.0579003E+00    6.6288820E+00    0.0000000E+00    1.2153993E+00    9.0800635E-03    7.3715857E-04    7.4478385E+01    0.0000000E+00    0.0000000E+00    0.0000000E+00
    1.9050000E+01   -1.1184491E+00    2.4477840E+00    4.3244654E+00    4.7575722E-01    1.0604317E+00    6.6244848E+00    0.0000000E+00    1.2183075E+00    9.0801443E-03    7.3715502E-04    7.4476377E+01    0.0000000E+00    0.0000000E+00    0.0000000E+00
    1.9150000E+01   -1.1185698E+00    2.4525569E+00    4.3261044E+00    4.7668489E-01    1.0629655E+00    6.6200884E+00    0.0000000E+00    1.2212186E+00    9.0802474E-03    7.3715326E-04    7.4474364E+01    0.0000000E+00    0.0000000E+00    0.0000000E+00
    1.9250000E+01   -1.1186909E+00    2.4573327E+00    4.3277339E+00    4.7761314E-01    1.0655018E+00    6.6156931E+00    0.0000000E+00    1.2241325E+00    9.0803734E-03    7.3715335E-04    7.4472344E+01    0.0000000E+00    0.0000000E+00    0.0000000E+00
    1.9350000E+01   -1.1188123E+00    2.4621117E+00    4.3293534E+00    4.7854199E-01    1.0680406E+00    6.6112989E+00    0.0000000E+00    1.2270492E+00    9.0805231E-03    7.3715534E-04    7.4470318E+01    0.0000000E+00    0.0000000E+00    0.0000000E+00
    1.9450000E+01   -1.1189341E+00    2.4668938E+00    4.3309622E+00    4.7947144E-01    1.0705818E+00    6.6069061E+00    0.0000000E+00    1.2299688E+00    9.0806976E-03    7.3715933E-04    7.4468286E+01    0.0000000E+00    0.0000000E+00    0.0000000E+00
    1.9550000E+01   -1.1190562E+00    2.4716790E+00    4.3325596E+00    4.8040152E-01    1.0731256E+00    6.6025148E+00    0.0000000E+00    1.2328913E+00    9.0808981E-03    7.3716541E-04    7.4466247E+01    0.0000000E+00    0.0000000E+00    0.0000000E+00
    1.9650000E+01   -1.1191787E+00    2.4764676E+00    4.3341447E+00    4.8133224E-01    1.0756719E+00    6.5981255E+00    0.0000000E+00    1.2358167E+00    9.0811264E-03    7.3717373E-04    7.4464201E+01    0.0000000E+00    0.0000000E+00    0.0000000E+00
    1.9750000E+01   -1.1193017E+00    2.4812597E+00    4.3357156E+00    4.8226364E-01    1.0782209E+00    6.5937385E+00    0.0000000E+00    1.2387452E+00    9.0813853E-03    7.3718452E-04    7.4462147E+01    0.0000000E+00    0.0000000E+00    0.0000000E+00
    1.9850000E+01   -1.1194251E+00    2.4860555E+00    4.3372699E+00    4.8319577E-01    1.0807727E+00    6.5893548E+00    0.0000000E+00    1.2416769E+00    9.0816795E-03    7.3719816E-04    7.4460086E+01    0.0000000E+00    0.0000000E+00    0.0000000E+00
    1.9950000E+01   -1.1195491E+00    2.4908558E+00    4.3388021E+00    4.8412876E-01    1.0833275E+00    6.5849759E+00    0.0000000E+00    1.2446120E+00    9.0820181E-03    7.3721539E-04    7.4458015E+01    0.0000000E+00    0.0000000E+00    0.0000000E+00
