# Time          7.0000E+00
    Distance         pH
  5.0000E-02    5.5155E+00
  1.5000E-01    5.5414E+00
  2.5000E-01    5.5677E+00
  3.5000E-01    5.5779E+00
  4.5000E-01    5.5749E+00
  5.5000E-01    5.5708E+00
  6.5000E-01    5.5701E+00
  7.5000E-01    5.5722E+00
  8.5000E-01    5.5752E+00
  9.5000E-01    5.5768E+00
  1.0500E+00    5.5763E+00
  1.1500E+00    5.5745E+00
  1.2500E+00    5.5724E+00
  1.3500E+00    5.5712E+00
  1.4500E+00    5.5714E+00
  1.5500E+00    5.5729E+00
  1.6500E+00    5.5757E+00
  1.7500E+00    5.5796E+00
  1.8500E+00    5.5843E+00
  1.9500E+00    5.5895E+00
  2.0500E+00    5.5952E+00
  2.1500E+00    5.6011E+00
  2.2500E+00    5.6071E+00
  2.3500E+00    5.6132E+00
  2.4500E+00    5.6193E+00
  2.5500E+00    5.6254E+00
  2.6500E+00    5.6315E+00
  2.7500E+00    5.6375E+00
  2.8500E+00    5.6435E+00
  2.9500E+00    5.6494E+00
  3.0500E+00    5.6553E+00
  3.1500E+00    5.6612E+00
  3.2500E+00    5.6670E+00
  3.3500E+00    5.6728E+00
  3.4500E+00    5.6785E+00
  3.5500E+00    5.6842E+00
  3.6500E+00    5.6899E+00
  3.7500E+00    5.6955E+00
  3.8500E+00    5.7011E+00
  3.9500E+00    5.7067E+00
  4.0500E+00    5.7122E+00
  4.1500E+00    5.7176E+00
  4.2500E+00    5.7231E+00
  4.3500E+00    5.7285E+00
  4.4500E+00    5.7339E+00
  4.5500E+00    5.7392E+00
  4.6500E+00    5.7445E+00
  4.7500E+00    5.7498E+00
  4.8500E+00    5.7550E+00
  4.9500E+00    5.7603E+00
  5.0500E+00    5.7655E+00
  5.1500E+00    5.7706E+00
  5.2500E+00    5.7757E+00
  5.3500E+00    5.7808E+00
  5.4500E+00    5.7859E+00
  5.5500E+00    5.7910E+00
  5.6500E+00    5.7960E+00
  5.7500E+00    5.8010E+00
  5.8500E+00    5.8059E+00
  5.9500E+00    5.8109E+00
  6.0500E+00    5.8158E+00
  6.1500E+00    5.8207E+00
  6.2500E+00    5.8256E+00
  6.3500E+00    5.8304E+00
  6.4500E+00    5.8352E+00
  6.5500E+00    5.8400E+00
  6.6500E+00    5.8448E+00
  6.7500E+00    5.8495E+00
  6.8500E+00    5.8543E+00
  6.9500E+00    5.8590E+00
  7.0500E+00    5.8637E+00
  7.1500E+00    5.8683E+00
  7.2500E+00    5.8730E+00
  7.3500E+00    5.8776E+00
  7.4500E+00    5.8822E+00
  7.5500E+00    5.8868E+00
  7.6500E+00    5.8914E+00
  7.7500E+00    5.8959E+00
  7.8500E+00    5.9005E+00
  7.9500E+00    5.9050E+00
  8.0500E+00    5.9095E+00
  8.1500E+00    5.9140E+00
  8.2500E+00    5.9184E+00
  8.3500E+00    5.9229E+00
  8.4500E+00    5.9273E+00
  8.5500E+00    5.9317E+00
  8.6500E+00    5.9361E+00
  8.7500E+00    5.9405E+00
  8.8500E+00    5.9449E+00
  8.9500E+00    5.9492E+00
  9.0500E+00    5.9536E+00
  9.1500E+00    5.9579E+00
  9.2500E+00    5.9622E+00
  9.3500E+00    5.9665E+00
  9.4500E+00    5.9708E+00
  9.5500E+00    5.9751E+00
  9.6500E+00    5.9793E+00
  9.7500E+00    5.9836E+00
  9.8500E+00    5.9878E+00
  9.9500E+00    5.9920E+00
  1.0050E+01    5.9962E+00
  1.0150E+01    6.0004E+00
  1.0250E+01    6.0046E+00
  1.0350E+01    6.0088E+00
  1.0450E+01    6.0129E+00
  1.0550E+01    6.0171E+00
  1.0650E+01    6.0212E+00
  1.0750E+01    6.0253E+00
  1.0850E+01    6.0294E+00
  1.0950E+01    6.0335E+00
  1.1050E+01    6.0376E+00
  1.1150E+01    6.0417E+00
  1.1250E+01    6.0458E+00
  1.1350E+01    6.0499E+00
  1.1450E+01    6.0539E+00
  1.1550E+01    6.0580E+00
  1.1650E+01    6.0620E+00
  1.1750E+01    6.0660E+00
  1.1850E+01    6.0700E+00
  1.1950E+01    6.0741E+00
  1.2050E+01    6.0781E+00
  1.2150E+01    6.0820E+00
  1.2250E+01    6.0860E+00
  1.2350E+01    6.0900E+00
  1.2450E+01    6.0940E+00
  1.2550E+01    6.0979E+00
  1.2650E+01    6.1019E+00
  1.2750E+01    6.1058E+00
  1.2850E+01    6.1098E+00
  1.2950E+01    6.1137E+00
  1.3050E+01    6.1176E+00
  1.3150E+01    6.1216E+00
  1.3250E+01    6.1255E+00
  1.3350E+01    6.1294E+00
  1.3450E+01    6.1333E+00
  1.3550E+01    6.1372E+00
  1.3650E+01    6.1411E+00
  1.3750E+01    6.1450E+00
  1.3850E+01    6.1488E+00
  1.3950E+01    6.1527E+00
  1.4050E+01    6.1566E+00
  1.4150E+01    6.1604E+00
  1.4250E+01    6.1643E+00
  1.4350E+01    6.1681E+00
  1.4450E+01    6.1720E+00
  1.4550E+01    6.1758E+00
  1.4650E+01    6.1797E+00
  1.4750E+01    6.1835E+00
  1.4850E+01    6.1873E+00
  1.4950E+01    6.1912E+00
  1.5050E+01    6.1950E+00
  1.5150E+01    6.1988E+00
  1.5250E+01    6.2026E+00
  1.5350E+01    6.2064E+00
  1.5450E+01    6.2102E+00
  1.5550E+01    6.2141E+00
  1.5650E+01    6.2179E+00
  1.5750E+01    6.2217E+00
  1.5850E+01    6.2255E+00
  1.5950E+01    6.2292E+00
  1.6050E+01    6.2330E+00
  1.6150E+01    6.2368E+00
  1.6250E+01    6.2406E+00
  1.6350E+01    6.2444E+00
  1.6450E+01    6.2482E+00
  1.6550E+01    6.2520E+00
  1.6650E+01    6.2557E+00
  1.6750E+01    6.2595E+00
  1.6850E+01    6.2633E+00
  1.6950E+01    6.2671E+00
  1.7050E+01    6.2708E+00
  1.7150E+01    6.2746E+00
  1.7250E+01    6.2784E+00
  1.7350E+01    6.2821E+00
  1.7450E+01    6.2859E+00
  1.7550E+01    6.2897E+00
  1.7650E+01    6.2934E+00
  1.7750E+01    6.2972E+00
  1.7850E+01    6.3010E+00
  1.7950E+01    6.3047E+00
  1.8050E+01    6.3085E+00
  1.8150E+01    6.3123E+00
  1.8250E+01    6.3160E+00
  1.8350E+01    6.3198E+00
  1.8450E+01    6.3236E+00
  1.8550E+01    6.3273E+00
  1.8650E+01    6.3311E+00
  1.8750E+01    6.3349E+00
  1.8850E+01    6.3386E+00
  1.8950E+01    6.3424E+00
  1.9050E+01    6.3462E+00
  1.9150E+01    6.3499E+00
  1.9250E+01    6.3537E+00
  1.9350E+01    6.3575E+00
  1.9450E+01    6.3612E+00
  1.9550E+01    6.3650E+00
  1.9650E+01    6.3688E+00
  1.9750E+01    6.3726E+00
  1.9850E+01    6.3764E+00
  1.9950E+01    6.3788E+00
