# Time          7.0000E+00
# Units: Mol/m**3 Porous Medium/s
    Distance           Quartz           K-Feldspar_Li    Oligoclase_Li    Biotite_Li       Kaolinite_Li7    Kaolinite_Li6
    5.0000000E-02   -2.9312571E-14   -4.0116139E-11   -1.6226741E-10   -3.2554253E-11    1.1860043E-10    9.7871417E-12
    1.5000000E-01   -3.6198748E-14   -4.0133781E-11   -1.6260342E-10   -3.2635719E-11    1.1888097E-10    9.7932644E-12
    2.5000000E-01   -3.9607431E-14   -4.0151159E-11   -1.6294015E-10   -3.2717373E-11    1.1971391E-10    9.8434983E-12
    3.5000000E-01   -3.9733970E-14   -4.0168454E-11   -1.6327754E-10   -3.2799205E-11    1.2033220E-10    9.8820220E-12
    4.5000000E-01   -3.8074805E-14   -4.0185724E-11   -1.6361556E-10   -3.2881206E-11    1.2026976E-10    9.8714079E-12
    5.5000000E-01   -3.5982708E-14   -4.0202989E-11   -1.6395418E-10   -3.2963370E-11    1.1991826E-10    9.8388944E-12
    6.5000000E-01   -3.4199954E-14   -4.0220272E-11   -1.6429337E-10   -3.3045688E-11    1.1964393E-10    9.8119056E-12
    7.5000000E-01   -3.2824529E-14   -4.0237584E-11   -1.6463310E-10   -3.3128154E-11    1.1952055E-10    9.7963195E-12
    8.5000000E-01   -3.1544200E-14   -4.0254912E-11   -1.6497335E-10   -3.3210763E-11    1.1950963E-10    9.7899037E-12
    9.5000000E-01   -2.9965712E-14   -4.0272227E-11   -1.6531410E-10   -3.3293510E-11    1.1955202E-10    9.7889387E-12
    1.0500000E+00   -2.7856805E-14   -4.0289501E-11   -1.6565533E-10   -3.3376391E-11    1.1960664E-10    9.7906098E-12
    1.1500000E+00   -2.5220768E-14   -4.0306708E-11   -1.6599702E-10   -3.3459401E-11    1.1966199E-10    9.7936556E-12
    1.2500000E+00   -2.2237004E-14   -4.0323835E-11   -1.6633916E-10   -3.3542536E-11    1.1972401E-10    9.7977962E-12
    1.3500000E+00   -1.9149852E-14   -4.0340890E-11   -1.6668173E-10   -3.3625795E-11    1.1980092E-10    9.8030281E-12
    1.4500000E+00   -1.6173823E-14   -4.0357895E-11   -1.6702472E-10   -3.3709174E-11    1.1989805E-10    9.8094192E-12
    1.5500000E+00   -1.3444749E-14   -4.0374880E-11   -1.6736813E-10   -3.3792670E-11    1.2001719E-10    9.8170219E-12
    1.6500000E+00   -1.1014254E-14   -4.0391873E-11   -1.6771195E-10   -3.3876282E-11    1.2015721E-10    9.8258118E-12
    1.7500000E+00   -8.8700651E-15   -4.0408889E-11   -1.6805616E-10   -3.3960009E-11    1.2031520E-10    9.8356960E-12
    1.8500000E+00   -6.9641267E-15   -4.0425930E-11   -1.6840076E-10   -3.4043847E-11    1.2048759E-10    9.8465498E-12
    1.9500000E+00   -5.2367704E-15   -4.0442992E-11   -1.6874574E-10   -3.4127796E-11    1.2067098E-10    9.8582455E-12
    2.0500000E+00   -3.6322940E-15   -4.0460067E-11   -1.6909111E-10   -3.4211855E-11    1.2086245E-10    9.8706679E-12
    2.1500000E+00   -2.1062130E-15   -4.0477143E-11   -1.6943685E-10   -3.4296023E-11    1.2105977E-10    9.8837190E-12
    2.2500000E+00   -6.2666066E-16   -4.0494213E-11   -1.6978296E-10   -3.4380299E-11    1.2126132E-10    9.8973174E-12
    2.3500000E+00    0.0000000E+00   -4.0511270E-11   -1.7012945E-10   -3.4464683E-11    1.2146597E-10    9.9113966E-12
    2.4500000E+00    0.0000000E+00   -4.0528307E-11   -1.7047630E-10   -3.4549173E-11    1.2167302E-10    9.9259015E-12
    2.5500000E+00    0.0000000E+00   -4.0545322E-11   -1.7082351E-10   -3.4633768E-11    1.2188196E-10    9.9407859E-12
    2.6500000E+00    0.0000000E+00   -4.0562310E-11   -1.7117109E-10   -3.4718470E-11    1.2209251E-10    9.9560104E-12
    2.7500000E+00    0.0000000E+00   -4.0579269E-11   -1.7151902E-10   -3.4803277E-11    1.2230444E-10    9.9715407E-12
    2.8500000E+00    0.0000000E+00   -4.0596197E-11   -1.7186732E-10   -3.4888189E-11    1.2251759E-10    9.9873470E-12
    2.9500000E+00    0.0000000E+00   -4.0613092E-11   -1.7221597E-10   -3.4973206E-11    1.2273187E-10    1.0003403E-11
    3.0500000E+00    0.0000000E+00   -4.0629951E-11   -1.7256499E-10   -3.5058327E-11    1.2294715E-10    1.0019684E-11
    3.1500000E+00    0.0000000E+00   -4.0646771E-11   -1.7291436E-10   -3.5143552E-11    1.2316337E-10    1.0036171E-11
    3.2500000E+00    0.0000000E+00   -4.0663552E-11   -1.7326408E-10   -3.5228882E-11    1.2338046E-10    1.0052844E-11
    3.3500000E+00    0.0000000E+00   -4.0680291E-11   -1.7361416E-10   -3.5314316E-11    1.2359835E-10    1.0069687E-11
    3.4500000E+00    0.0000000E+00   -4.0696984E-11   -1.7396460E-10   -3.5399854E-11    1.2381698E-10    1.0086685E-11
    3.5500000E+00    0.0000000E+00   -4.0713631E-11   -1.7431539E-10   -3.5485495E-11    1.2403631E-10    1.0103825E-11
    3.6500000E+00    0.0000000E+00   -4.0730228E-11   -1.7466654E-10   -3.5571241E-11    1.2425630E-10    1.0121094E-11
    3.7500000E+00    0.0000000E+00   -4.0746774E-11   -1.7501804E-10   -3.5657090E-11    1.2447690E-10    1.0138483E-11
    3.8500000E+00    0.0000000E+00   -4.0763265E-11   -1.7536989E-10   -3.5743043E-11    1.2469808E-10    1.0155980E-11
    3.9500000E+00    0.0000000E+00   -4.0779698E-11   -1.7572210E-10   -3.5829100E-11    1.2491980E-10    1.0173578E-11
    4.0500000E+00    0.0000000E+00   -4.0796072E-11   -1.7607467E-10   -3.5915260E-11    1.2514204E-10    1.0191270E-11
    4.1500000E+00    0.0000000E+00   -4.0812384E-11   -1.7642758E-10   -3.6001524E-11    1.2536476E-10    1.0209047E-11
    4.2500000E+00    0.0000000E+00   -4.0828630E-11   -1.7678085E-10   -3.6087892E-11    1.2558795E-10    1.0226903E-11
    4.3500000E+00    0.0000000E+00   -4.0844807E-11   -1.7713448E-10   -3.6174363E-11    1.2581159E-10    1.0244833E-11
    4.4500000E+00    0.0000000E+00   -4.0860914E-11   -1.7748846E-10   -3.6260938E-11    1.2603564E-10    1.0262832E-11
    4.5500000E+00    0.0000000E+00   -4.0876946E-11   -1.7784279E-10   -3.6347616E-11    1.2626010E-10    1.0280895E-11
    4.6500000E+00    0.0000000E+00   -4.0892901E-11   -1.7819747E-10   -3.6434398E-11    1.2648494E-10    1.0299017E-11
    4.7500000E+00    0.0000000E+00   -4.0908775E-11   -1.7855251E-10   -3.6521284E-11    1.2671015E-10    1.0317195E-11
    4.8500000E+00    0.0000000E+00   -4.0924565E-11   -1.7890791E-10   -3.6608273E-11    1.2693571E-10    1.0335425E-11
    4.9500000E+00    0.0000000E+00   -4.0940268E-11   -1.7926365E-10   -3.6695366E-11    1.2716162E-10    1.0353704E-11
    5.0500000E+00    0.0000000E+00   -4.0955880E-11   -1.7961975E-10   -3.6782562E-11    1.2738786E-10    1.0372029E-11
    5.1500000E+00    0.0000000E+00   -4.0971397E-11   -1.7997621E-10   -3.6869862E-11    1.2761441E-10    1.0390397E-11
    5.2500000E+00    0.0000000E+00   -4.0986817E-11   -1.8033301E-10   -3.6957266E-11    1.2784127E-10    1.0408806E-11
    5.3500000E+00    0.0000000E+00   -4.1002135E-11   -1.8069018E-10   -3.7044773E-11    1.2806842E-10    1.0427254E-11
    5.4500000E+00    0.0000000E+00   -4.1017347E-11   -1.8104769E-10   -3.7132384E-11    1.2829586E-10    1.0445738E-11
    5.5500000E+00    0.0000000E+00   -4.1032450E-11   -1.8140556E-10   -3.7220098E-11    1.2852358E-10    1.0464257E-11
    5.6500000E+00    0.0000000E+00   -4.1047440E-11   -1.8176378E-10   -3.7307916E-11    1.2875156E-10    1.0482809E-11
    5.7500000E+00    0.0000000E+00   -4.1062312E-11   -1.8212236E-10   -3.7395837E-11    1.2897980E-10    1.0501392E-11
    5.8500000E+00    0.0000000E+00   -4.1077062E-11   -1.8248128E-10   -3.7483862E-11    1.2920830E-10    1.0520005E-11
    5.9500000E+00    0.0000000E+00   -4.1091686E-11   -1.8284057E-10   -3.7571990E-11    1.2943704E-10    1.0538646E-11
    6.0500000E+00    0.0000000E+00   -4.1106180E-11   -1.8320020E-10   -3.7660222E-11    1.2966602E-10    1.0557314E-11
    6.1500000E+00    0.0000000E+00   -4.1120538E-11   -1.8356019E-10   -3.7748558E-11    1.2989524E-10    1.0576009E-11
    6.2500000E+00    0.0000000E+00   -4.1134757E-11   -1.8392054E-10   -3.7836997E-11    1.3012467E-10    1.0594728E-11
    6.3500000E+00    0.0000000E+00   -4.1148832E-11   -1.8428123E-10   -3.7925540E-11    1.3035433E-10    1.0613471E-11
    6.4500000E+00    0.0000000E+00   -4.1162757E-11   -1.8464228E-10   -3.8014186E-11    1.3058420E-10    1.0632238E-11
    6.5500000E+00    0.0000000E+00   -4.1176529E-11   -1.8500369E-10   -3.8102936E-11    1.3081428E-10    1.0651026E-11
    6.6500000E+00    0.0000000E+00   -4.1190141E-11   -1.8536544E-10   -3.8191790E-11    1.3104456E-10    1.0669835E-11
    6.7500000E+00    0.0000000E+00   -4.1203588E-11   -1.8572755E-10   -3.8280747E-11    1.3127504E-10    1.0688664E-11
    6.8500000E+00    0.0000000E+00   -4.1216866E-11   -1.8609002E-10   -3.8369807E-11    1.3150571E-10    1.0707513E-11
    6.9500000E+00    0.0000000E+00   -4.1229968E-11   -1.8645284E-10   -3.8458972E-11    1.3173656E-10    1.0726381E-11
    7.0500000E+00    0.0000000E+00   -4.1242890E-11   -1.8681601E-10   -3.8548239E-11    1.3196760E-10    1.0745267E-11
    7.1500000E+00    0.0000000E+00   -4.1255625E-11   -1.8717953E-10   -3.8637611E-11    1.3219882E-10    1.0764171E-11
    7.2500000E+00    0.0000000E+00   -4.1268168E-11   -1.8754341E-10   -3.8727086E-11    1.3243020E-10    1.0783091E-11
    7.3500000E+00    0.0000000E+00   -4.1280512E-11   -1.8790765E-10   -3.8816664E-11    1.3266176E-10    1.0802028E-11
    7.4500000E+00    0.0000000E+00   -4.1292652E-11   -1.8827223E-10   -3.8906346E-11    1.3289347E-10    1.0820981E-11
    7.5500000E+00    0.0000000E+00   -4.1304582E-11   -1.8863717E-10   -3.8996132E-11    1.3312535E-10    1.0839949E-11
    7.6500000E+00    0.0000000E+00   -4.1316294E-11   -1.8900246E-10   -3.9086021E-11    1.3335738E-10    1.0858931E-11
    7.7500000E+00    0.0000000E+00   -4.1327782E-11   -1.8936811E-10   -3.9176014E-11    1.3358956E-10    1.0877927E-11
    7.8500000E+00    0.0000000E+00   -4.1339041E-11   -1.8973411E-10   -3.9266110E-11    1.3382188E-10    1.0896938E-11
    7.9500000E+00    0.0000000E+00   -4.1350062E-11   -1.9010046E-10   -3.9356310E-11    1.3405434E-10    1.0915961E-11
    8.0500000E+00    0.0000000E+00   -4.1360839E-11   -1.9046717E-10   -3.9446613E-11    1.3428694E-10    1.0934997E-11
    8.1500000E+00    0.0000000E+00   -4.1371365E-11   -1.9083423E-10   -3.9537020E-11    1.3451967E-10    1.0954045E-11
    8.2500000E+00    0.0000000E+00   -4.1381632E-11   -1.9120165E-10   -3.9627531E-11    1.3475253E-10    1.0973105E-11
    8.3500000E+00    0.0000000E+00   -4.1391633E-11   -1.9156941E-10   -3.9718145E-11    1.3498551E-10    1.0992176E-11
    8.4500000E+00    0.0000000E+00   -4.1401360E-11   -1.9193753E-10   -3.9808863E-11    1.3521861E-10    1.1011258E-11
    8.5500000E+00    0.0000000E+00   -4.1410806E-11   -1.9230601E-10   -3.9899684E-11    1.3545182E-10    1.1030351E-11
    8.6500000E+00    0.0000000E+00   -4.1419963E-11   -1.9267484E-10   -3.9990609E-11    1.3568514E-10    1.1049453E-11
    8.7500000E+00    0.0000000E+00   -4.1428821E-11   -1.9304402E-10   -4.0081637E-11    1.3591856E-10    1.1068565E-11
    8.8500000E+00    0.0000000E+00   -4.1437374E-11   -1.9341356E-10   -4.0172769E-11    1.3615209E-10    1.1087686E-11
    8.9500000E+00    0.0000000E+00   -4.1445612E-11   -1.9378344E-10   -4.0264005E-11    1.3638571E-10    1.1106816E-11
    9.0500000E+00    0.0000000E+00   -4.1453527E-11   -1.9415369E-10   -4.0355344E-11    1.3661941E-10    1.1125954E-11
    9.1500000E+00    0.0000000E+00   -4.1461109E-11   -1.9452428E-10   -4.0446787E-11    1.3685321E-10    1.1145100E-11
    9.2500000E+00    0.0000000E+00   -4.1468351E-11   -1.9489523E-10   -4.0538333E-11    1.3708708E-10    1.1164253E-11
    9.3500000E+00    0.0000000E+00   -4.1475242E-11   -1.9526654E-10   -4.0629983E-11    1.3732104E-10    1.1183413E-11
    9.4500000E+00    0.0000000E+00   -4.1481772E-11   -1.9563819E-10   -4.0721737E-11    1.3755506E-10    1.1202580E-11
    9.5500000E+00    0.0000000E+00   -4.1487933E-11   -1.9601020E-10   -4.0813594E-11    1.3778914E-10    1.1221752E-11
    9.6500000E+00    0.0000000E+00   -4.1493714E-11   -1.9638257E-10   -4.0905554E-11    1.3802329E-10    1.1240931E-11
    9.7500000E+00    0.0000000E+00   -4.1499106E-11   -1.9675528E-10   -4.0997618E-11    1.3825750E-10    1.1260114E-11
    9.8500000E+00    0.0000000E+00   -4.1504097E-11   -1.9712836E-10   -4.1089786E-11    1.3849175E-10    1.1279303E-11
    9.9500000E+00    0.0000000E+00   -4.1508677E-11   -1.9750178E-10   -4.1182057E-11    1.3872605E-10    1.1298495E-11
    1.0050000E+01    0.0000000E+00   -4.1512836E-11   -1.9787556E-10   -4.1274432E-11    1.3896039E-10    1.1317692E-11
    1.0150000E+01    0.0000000E+00   -4.1516562E-11   -1.9824969E-10   -4.1366911E-11    1.3919476E-10    1.1336892E-11
    1.0250000E+01    0.0000000E+00   -4.1519844E-11   -1.9862417E-10   -4.1459493E-11    1.3942916E-10    1.1356094E-11
    1.0350000E+01    0.0000000E+00   -4.1522670E-11   -1.9899901E-10   -4.1552178E-11    1.3966359E-10    1.1375300E-11
    1.0450000E+01    0.0000000E+00   -4.1525029E-11   -1.9937420E-10   -4.1644967E-11    1.3989803E-10    1.1394507E-11
    1.0550000E+01    0.0000000E+00   -4.1526909E-11   -1.9974975E-10   -4.1737860E-11    1.4013248E-10    1.1413716E-11
    1.0650000E+01    0.0000000E+00   -4.1528297E-11   -2.0012565E-10   -4.1830856E-11    1.4036694E-10    1.1432925E-11
    1.0750000E+01    0.0000000E+00   -4.1529181E-11   -2.0050190E-10   -4.1923956E-11    1.4060140E-10    1.1452135E-11
    1.0850000E+01    0.0000000E+00   -4.1529548E-11   -2.0087851E-10   -4.2017160E-11    1.4083585E-10    1.1471345E-11
    1.0950000E+01    0.0000000E+00   -4.1529385E-11   -2.0125547E-10   -4.2110467E-11    1.4107029E-10    1.1490555E-11
    1.1050000E+01    0.0000000E+00   -4.1528679E-11   -2.0163278E-10   -4.2203877E-11    1.4130471E-10    1.1509763E-11
    1.1150000E+01    0.0000000E+00   -4.1527415E-11   -2.0201045E-10   -4.2297391E-11    1.4153910E-10    1.1528970E-11
    1.1250000E+01    0.0000000E+00   -4.1525580E-11   -2.0238847E-10   -4.2391009E-11    1.4177346E-10    1.1548175E-11
    1.1350000E+01    0.0000000E+00   -4.1523160E-11   -2.0276684E-10   -4.2484730E-11    1.4200777E-10    1.1567376E-11
    1.1450000E+01    0.0000000E+00   -4.1520140E-11   -2.0314557E-10   -4.2578555E-11    1.4224205E-10    1.1586575E-11
    1.1550000E+01    0.0000000E+00   -4.1516505E-11   -2.0352465E-10   -4.2672484E-11    1.4247626E-10    1.1605770E-11
    1.1650000E+01    0.0000000E+00   -4.1512240E-11   -2.0390408E-10   -4.2766516E-11    1.4271042E-10    1.1624960E-11
    1.1750000E+01    0.0000000E+00   -4.1507329E-11   -2.0428387E-10   -4.2860651E-11    1.4294451E-10    1.1644145E-11
    1.1850000E+01    0.0000000E+00   -4.1501758E-11   -2.0466401E-10   -4.2954891E-11    1.4317852E-10    1.1663325E-11
    1.1950000E+01    0.0000000E+00   -4.1495508E-11   -2.0504450E-10   -4.3049233E-11    1.4341245E-10    1.1682498E-11
    1.2050000E+01    0.0000000E+00   -4.1488565E-11   -2.0542535E-10   -4.3143680E-11    1.4364629E-10    1.1701664E-11
    1.2150000E+01    0.0000000E+00   -4.1480911E-11   -2.0580655E-10   -4.3238229E-11    1.4388003E-10    1.1720823E-11
    1.2250000E+01    0.0000000E+00   -4.1472528E-11   -2.0618811E-10   -4.3332883E-11    1.4411366E-10    1.1739974E-11
    1.2350000E+01    0.0000000E+00   -4.1463400E-11   -2.0657002E-10   -4.3427640E-11    1.4434717E-10    1.1759115E-11
    1.2450000E+01    0.0000000E+00   -4.1453508E-11   -2.0695228E-10   -4.3522501E-11    1.4458057E-10    1.1778247E-11
    1.2550000E+01    0.0000000E+00   -4.1442833E-11   -2.0733489E-10   -4.3617465E-11    1.4481382E-10    1.1797369E-11
    1.2650000E+01    0.0000000E+00   -4.1431358E-11   -2.0771786E-10   -4.3712532E-11    1.4504694E-10    1.1816480E-11
    1.2750000E+01    0.0000000E+00   -4.1419063E-11   -2.0810118E-10   -4.3807704E-11    1.4527991E-10    1.1835579E-11
    1.2850000E+01    0.0000000E+00   -4.1405928E-11   -2.0848486E-10   -4.3902979E-11    1.4551271E-10    1.1854665E-11
    1.2950000E+01    0.0000000E+00   -4.1391933E-11   -2.0886889E-10   -4.3998357E-11    1.4574535E-10    1.1873739E-11
    1.3050000E+01    0.0000000E+00   -4.1377059E-11   -2.0925327E-10   -4.4093839E-11    1.4597781E-10    1.1892798E-11
    1.3150000E+01    0.0000000E+00   -4.1361283E-11   -2.0963801E-10   -4.4189425E-11    1.4621008E-10    1.1911843E-11
    1.3250000E+01    0.0000000E+00   -4.1344585E-11   -2.1002310E-10   -4.4285114E-11    1.4644215E-10    1.1930872E-11
    1.3350000E+01    0.0000000E+00   -4.1326942E-11   -2.1040854E-10   -4.4380907E-11    1.4667401E-10    1.1949884E-11
    1.3450000E+01    0.0000000E+00   -4.1308334E-11   -2.1079433E-10   -4.4476803E-11    1.4690566E-10    1.1968880E-11
    1.3550000E+01    0.0000000E+00   -4.1288736E-11   -2.1118048E-10   -4.4572803E-11    1.4713707E-10    1.1987857E-11
    1.3650000E+01    0.0000000E+00   -4.1268125E-11   -2.1156699E-10   -4.4668906E-11    1.4736824E-10    1.2006815E-11
    1.3750000E+01    0.0000000E+00   -4.1246478E-11   -2.1195384E-10   -4.4765113E-11    1.4759916E-10    1.2025754E-11
    1.3850000E+01    0.0000000E+00   -4.1223771E-11   -2.1234105E-10   -4.4861424E-11    1.4782982E-10    1.2044671E-11
    1.3950000E+01    0.0000000E+00   -4.1199978E-11   -2.1272862E-10   -4.4957838E-11    1.4806020E-10    1.2063567E-11
    1.4050000E+01    0.0000000E+00   -4.1175074E-11   -2.1311653E-10   -4.5054356E-11    1.4829030E-10    1.2082440E-11
    1.4150000E+01    0.0000000E+00   -4.1149034E-11   -2.1350480E-10   -4.5150977E-11    1.4852010E-10    1.2101290E-11
    1.4250000E+01    0.0000000E+00   -4.1121829E-11   -2.1389343E-10   -4.5247702E-11    1.4874959E-10    1.2120115E-11
    1.4350000E+01    0.0000000E+00   -4.1093434E-11   -2.1428240E-10   -4.5344531E-11    1.4897875E-10    1.2138914E-11
    1.4450000E+01    0.0000000E+00   -4.1063821E-11   -2.1467173E-10   -4.5441463E-11    1.4920758E-10    1.2157687E-11
    1.4550000E+01    0.0000000E+00   -4.1032960E-11   -2.1506142E-10   -4.5538498E-11    1.4943605E-10    1.2176431E-11
    1.4650000E+01    0.0000000E+00   -4.1000823E-11   -2.1545145E-10   -4.5635638E-11    1.4966417E-10    1.2195147E-11
    1.4750000E+01    0.0000000E+00   -4.0967379E-11   -2.1584184E-10   -4.5732880E-11    1.4989190E-10    1.2213833E-11
    1.4850000E+01    0.0000000E+00   -4.0932599E-11   -2.1623259E-10   -4.5830227E-11    1.5011925E-10    1.2232487E-11
    1.4950000E+01    0.0000000E+00   -4.0896450E-11   -2.1662368E-10   -4.5927677E-11    1.5034618E-10    1.2251109E-11
    1.5050000E+01    0.0000000E+00   -4.0858902E-11   -2.1701514E-10   -4.6025230E-11    1.5057270E-10    1.2269698E-11
    1.5150000E+01    0.0000000E+00   -4.0819919E-11   -2.1740694E-10   -4.6122887E-11    1.5079878E-10    1.2288252E-11
    1.5250000E+01    0.0000000E+00   -4.0779470E-11   -2.1779910E-10   -4.6220648E-11    1.5102441E-10    1.2306770E-11
    1.5350000E+01    0.0000000E+00   -4.0737518E-11   -2.1819161E-10   -4.6318512E-11    1.5124957E-10    1.2325250E-11
    1.5450000E+01    0.0000000E+00   -4.0694029E-11   -2.1858447E-10   -4.6416480E-11    1.5147424E-10    1.2343692E-11
    1.5550000E+01    0.0000000E+00   -4.0648965E-11   -2.1897769E-10   -4.6514551E-11    1.5169841E-10    1.2362094E-11
    1.5650000E+01    0.0000000E+00   -4.0602290E-11   -2.1937126E-10   -4.6612726E-11    1.5192206E-10    1.2380454E-11
    1.5750000E+01    0.0000000E+00   -4.0553963E-11   -2.1976518E-10   -4.6711005E-11    1.5214518E-10    1.2398771E-11
    1.5850000E+01    0.0000000E+00   -4.0503946E-11   -2.2015946E-10   -4.6809387E-11    1.5236774E-10    1.2417044E-11
    1.5950000E+01    0.0000000E+00   -4.0452197E-11   -2.2055409E-10   -4.6907872E-11    1.5258972E-10    1.2435271E-11
    1.6050000E+01    0.0000000E+00   -4.0398673E-11   -2.2094907E-10   -4.7006462E-11    1.5281111E-10    1.2453450E-11
    1.6150000E+01    0.0000000E+00   -4.0343331E-11   -2.2134441E-10   -4.7105154E-11    1.5303188E-10    1.2471580E-11
    1.6250000E+01    0.0000000E+00   -4.0286125E-11   -2.2174010E-10   -4.7203951E-11    1.5325201E-10    1.2489659E-11
    1.6350000E+01    0.0000000E+00   -4.0227009E-11   -2.2213614E-10   -4.7302851E-11    1.5347149E-10    1.2507686E-11
    1.6450000E+01    0.0000000E+00   -4.0165934E-11   -2.2253254E-10   -4.7401854E-11    1.5369028E-10    1.2525658E-11
    1.6550000E+01    0.0000000E+00   -4.0102848E-11   -2.2292929E-10   -4.7500961E-11    1.5390838E-10    1.2543573E-11
    1.6650000E+01    0.0000000E+00   -4.0037700E-11   -2.2332639E-10   -4.7600172E-11    1.5412574E-10    1.2561430E-11
    1.6750000E+01    0.0000000E+00   -3.9970435E-11   -2.2372385E-10   -4.7699486E-11    1.5434235E-10    1.2579227E-11
    1.6850000E+01    0.0000000E+00   -3.9900995E-11   -2.2412166E-10   -4.7798904E-11    1.5455817E-10    1.2596961E-11
    1.6950000E+01    0.0000000E+00   -3.9829321E-11   -2.2451982E-10   -4.7898426E-11    1.5477319E-10    1.2614631E-11
    1.7050000E+01    0.0000000E+00   -3.9755348E-11   -2.2491833E-10   -4.7998051E-11    1.5498737E-10    1.2632233E-11
    1.7150000E+01    0.0000000E+00   -3.9679011E-11   -2.2531720E-10   -4.8097779E-11    1.5520068E-10    1.2649765E-11
    1.7250000E+01    0.0000000E+00   -3.9600240E-11   -2.2571643E-10   -4.8197611E-11    1.5541309E-10    1.2667225E-11
    1.7350000E+01    0.0000000E+00   -3.9518959E-11   -2.2611600E-10   -4.8297547E-11    1.5562456E-10    1.2684610E-11
    1.7450000E+01    0.0000000E+00   -3.9435088E-11   -2.2651593E-10   -4.8397586E-11    1.5583506E-10    1.2701917E-11
    1.7550000E+01    0.0000000E+00   -3.9348543E-11   -2.2691621E-10   -4.8497729E-11    1.5604455E-10    1.2719143E-11
    1.7650000E+01    0.0000000E+00   -3.9259231E-11   -2.2731685E-10   -4.8597976E-11    1.5625298E-10    1.2736283E-11
    1.7750000E+01    0.0000000E+00   -3.9167052E-11   -2.2771783E-10   -4.8698326E-11    1.5646031E-10    1.2753335E-11
    1.7850000E+01    0.0000000E+00   -3.9071897E-11   -2.2811917E-10   -4.8798779E-11    1.5666648E-10    1.2770295E-11
    1.7950000E+01    0.0000000E+00   -3.8973644E-11   -2.2852087E-10   -4.8899336E-11    1.5687144E-10    1.2787157E-11
    1.8050000E+01    0.0000000E+00   -3.8872160E-11   -2.2892291E-10   -4.8999997E-11    1.5707514E-10    1.2803917E-11
    1.8150000E+01    0.0000000E+00   -3.8767294E-11   -2.2932531E-10   -4.9100761E-11    1.5727749E-10    1.2820568E-11
    1.8250000E+01    0.0000000E+00   -3.8658877E-11   -2.2972807E-10   -4.9201629E-11    1.5747842E-10    1.2837106E-11
    1.8350000E+01    0.0000000E+00   -3.8546711E-11   -2.3013117E-10   -4.9302601E-11    1.5767784E-10    1.2853522E-11
    1.8450000E+01    0.0000000E+00   -3.8430568E-11   -2.3053463E-10   -4.9403676E-11    1.5787564E-10    1.2869807E-11
    1.8550000E+01    0.0000000E+00   -3.8310180E-11   -2.3093844E-10   -4.9504855E-11    1.5807170E-10    1.2885952E-11
    1.8650000E+01    0.0000000E+00   -3.8185221E-11   -2.3134260E-10   -4.9606137E-11    1.5826587E-10    1.2901944E-11
    1.8750000E+01    0.0000000E+00   -3.8055295E-11   -2.3174712E-10   -4.9707522E-11    1.5845796E-10    1.2917769E-11
    1.8850000E+01    0.0000000E+00   -3.7919908E-11   -2.3215199E-10   -4.9809012E-11    1.5864774E-10    1.2933407E-11
    1.8950000E+01    0.0000000E+00   -3.7778424E-11   -2.3255721E-10   -4.9910605E-11    1.5883491E-10    1.2948835E-11
    1.9050000E+01    0.0000000E+00   -3.7630013E-11   -2.3296279E-10   -5.0012301E-11    1.5901910E-10    1.2964021E-11
    1.9150000E+01    0.0000000E+00   -3.7473548E-11   -2.3336871E-10   -5.0114101E-11    1.5919978E-10    1.2978922E-11
    1.9250000E+01    0.0000000E+00   -3.7307448E-11   -2.3377499E-10   -5.0216005E-11    1.5937621E-10    1.2993479E-11
    1.9350000E+01    0.0000000E+00   -3.7129398E-11   -2.3418162E-10   -5.0318012E-11    1.5954731E-10    1.3007605E-11
    1.9450000E+01    0.0000000E+00   -3.6935827E-11   -2.3458860E-10   -5.0420123E-11    1.5971143E-10    1.3021163E-11
    1.9550000E+01    0.0000000E+00   -3.6720842E-11   -2.3499593E-10   -5.0522337E-11    1.5986581E-10    1.3033931E-11
    1.9650000E+01    0.0000000E+00   -3.6473758E-11   -2.3540360E-10   -5.0624655E-11    1.6000549E-10    1.3045503E-11
    1.9750000E+01    0.0000000E+00   -3.6166666E-11   -2.3581162E-10   -5.0727077E-11    1.6011747E-10    1.3054820E-11
    1.9850000E+01    0.0000000E+00   -3.5275799E-11   -2.3621990E-10   -5.0829602E-11    1.5995910E-10    1.3042135E-11
    1.9950000E+01    0.0000000E+00    0.0000000E+00   -2.3662302E-10   -5.0932231E-11    1.4387245E-10    1.1731304E-11
