# Time          1.0000E-01
# Units: Dimensionless (Log10(Q/Keq)
    Distance           Quartz           K-Feldspar_Li    Oligoclase_Li    Biotite_Li       Kaolinite_Li7    Kaolinite_Li6
    5.0000000E-02   -2.2718499E-01   -4.4325992E+00   -8.6027068E+00   -3.1802489E+01    6.1330298E-03   -1.0957093E-02
    1.5000000E-01   -2.1022766E-01   -4.3857771E+00   -8.5626215E+00   -3.1402496E+01    5.8706798E-03   -1.1231193E-02
    2.5000000E-01   -1.9215567E-01   -4.3350386E+00   -8.5187363E+00   -3.1123368E+01    5.8966866E-03   -1.1215678E-02
    3.5000000E-01   -1.7474781E-01   -4.2857902E+00   -8.4761167E+00   -3.0897824E+01    5.9226959E-03   -1.1199064E-02
    4.5000000E-01   -1.5797459E-01   -4.2379882E+00   -8.4347286E+00   -3.0702393E+01    5.9493973E-03   -1.1180774E-02
    5.5000000E-01   -1.4179101E-01   -4.1915384E+00   -8.3944904E+00   -3.0526565E+01    5.9767352E-03   -1.1160963E-02
    6.5000000E-01   -1.2615645E-01   -4.1463554E+00   -8.3553279E+00   -3.0364707E+01    6.0046551E-03   -1.1139778E-02
    7.5000000E-01   -1.1103433E-01   -4.1023619E+00   -8.3171744E+00   -3.0213436E+01    6.0331124E-03   -1.1117343E-02
    8.5000000E-01   -9.6391570E-02   -4.0594878E+00   -8.2799693E+00   -3.0070546E+01    6.0620705E-03   -1.1093768E-02
    9.5000000E-01   -8.2198164E-02   -4.0176690E+00   -8.2436573E+00   -2.9934515E+01    6.0914994E-03   -1.1069151E-02
    1.0500000E+00   -6.8426822E-02   -3.9768473E+00   -8.2081882E+00   -2.9804244E+01    6.1213742E-03   -1.1043574E-02
    1.1500000E+00   -5.5052650E-02   -3.9369691E+00   -8.1735160E+00   -2.9678910E+01    6.1516747E-03   -1.1017111E-02
    1.2500000E+00   -4.2052879E-02   -3.8979852E+00   -8.1395984E+00   -2.9557877E+01    6.1823840E-03   -1.0989828E-02
    1.3500000E+00   -2.9406630E-02   -3.8598504E+00   -8.1063967E+00   -2.9440644E+01    6.2134885E-03   -1.0961780E-02
    1.4500000E+00   -1.7094716E-02   -3.8225229E+00   -8.0738750E+00   -2.9326804E+01    6.2449770E-03   -1.0933017E-02
    1.5500000E+00   -5.0994602E-03   -3.7859641E+00   -8.0420003E+00   -2.9216026E+01    6.2768407E-03   -1.0903584E-02
    1.6500000E+00    6.5954738E-03   -3.7501381E+00   -8.0107419E+00   -2.9108033E+01    6.3090722E-03   -1.0873517E-02
    1.7500000E+00    1.8005193E-02   -3.7150115E+00   -7.9800715E+00   -2.9002589E+01    6.3416661E-03   -1.0842852E-02
    1.8500000E+00    2.9143681E-02   -3.6805534E+00   -7.9499625E+00   -2.8899495E+01    6.3746181E-03   -1.0811615E-02
    1.9500000E+00    4.0023925E-02   -3.6467348E+00   -7.9203905E+00   -2.8798577E+01    6.4079249E-03   -1.0779834E-02
    2.0500000E+00    5.0658002E-02   -3.6135289E+00   -7.8913324E+00   -2.8699685E+01    6.4415845E-03   -1.0747531E-02
    2.1500000E+00    6.1057165E-02   -3.5809103E+00   -7.8627668E+00   -2.8602687E+01    6.4755956E-03   -1.0714723E-02
    2.2500000E+00    7.1231915E-02   -3.5488555E+00   -7.8346737E+00   -2.8507466E+01    6.5099577E-03   -1.0681429E-02
    2.3500000E+00    8.1192067E-02   -3.5173421E+00   -7.8070342E+00   -2.8413916E+01    6.5446710E-03   -1.0647661E-02
    2.4500000E+00    9.0946806E-02   -3.4863492E+00   -7.7798307E+00   -2.8321944E+01    6.5797361E-03   -1.0613433E-02
    2.5500000E+00    1.0050474E-01   -3.4558574E+00   -7.7530466E+00   -2.8231467E+01    6.6151545E-03   -1.0578754E-02
    2.6500000E+00    1.0987396E-01   -3.4258480E+00   -7.7266661E+00   -2.8142406E+01    6.6509278E-03   -1.0543633E-02
    2.7500000E+00    1.1906205E-01   -3.3963035E+00   -7.7006746E+00   -2.8054694E+01    6.6870582E-03   -1.0508077E-02
    2.8500000E+00    1.2807616E-01   -3.3672075E+00   -7.6750580E+00   -2.7968267E+01    6.7235482E-03   -1.0472092E-02
    2.9500000E+00    1.3692302E-01   -3.3385444E+00   -7.6498034E+00   -2.7883065E+01    6.7604009E-03   -1.0435682E-02
    3.0500000E+00    1.4560898E-01   -3.3102993E+00   -7.6248981E+00   -2.7799036E+01    6.7976194E-03   -1.0398850E-02
    3.1500000E+00    1.5414004E-01   -3.2824582E+00   -7.6003305E+00   -2.7716130E+01    6.8352073E-03   -1.0361599E-02
    3.2500000E+00    1.6252186E-01   -3.2550078E+00   -7.5760893E+00   -2.7634301E+01    6.8731685E-03   -1.0323930E-02
    3.3500000E+00    1.7075981E-01   -3.2279356E+00   -7.5521639E+00   -2.7553507E+01    6.9115069E-03   -1.0285844E-02
    3.4500000E+00    1.7885896E-01   -3.2012294E+00   -7.5285442E+00   -2.7473707E+01    6.9502271E-03   -1.0247340E-02
    3.5500000E+00    1.8682413E-01   -3.1748778E+00   -7.5052206E+00   -2.7394865E+01    6.9893335E-03   -1.0208418E-02
    3.6500000E+00    1.9465988E-01   -3.1488700E+00   -7.4821840E+00   -2.7316946E+01    7.0288310E-03   -1.0169077E-02
    3.7500000E+00    2.0237056E-01   -3.1231955E+00   -7.4594256E+00   -2.7239918E+01    7.0687246E-03   -1.0129314E-02
    3.8500000E+00    2.0996028E-01   -3.0978445E+00   -7.4369373E+00   -2.7163749E+01    7.1090197E-03   -1.0089127E-02
    3.9500000E+00    2.1743298E-01   -3.0728075E+00   -7.4147110E+00   -2.7088411E+01    7.1497216E-03   -1.0048512E-02
    4.0500000E+00    2.2479238E-01   -3.0480754E+00   -7.3927392E+00   -2.7013877E+01    7.1908361E-03   -1.0007467E-02
    4.1500000E+00    2.3204205E-01   -3.0236395E+00   -7.3710146E+00   -2.6940121E+01    7.2323691E-03   -9.9659869E-03
    4.2500000E+00    2.3918538E-01   -2.9994917E+00   -7.3495303E+00   -2.6867120E+01    7.2743266E-03   -9.9240677E-03
    4.3500000E+00    2.4622561E-01   -2.9756239E+00   -7.3282797E+00   -2.6794848E+01    7.3167149E-03   -9.8817046E-03
    4.4500000E+00    2.5316584E-01   -2.9520287E+00   -7.3072565E+00   -2.6723286E+01    7.3595406E-03   -9.8388926E-03
    4.5500000E+00    2.6000901E-01   -2.9286986E+00   -7.2864546E+00   -2.6652412E+01    7.4028102E-03   -9.7956261E-03
    4.6500000E+00    2.6675796E-01   -2.9056267E+00   -7.2658680E+00   -2.6582207E+01    7.4465308E-03   -9.7518994E-03
    4.7500000E+00    2.7341539E-01   -2.8828062E+00   -7.2454913E+00   -2.6512651E+01    7.4907095E-03   -9.7077063E-03
    4.8500000E+00    2.7998389E-01   -2.8602308E+00   -7.2253190E+00   -2.6443726E+01    7.5353534E-03   -9.6630405E-03
    4.9500000E+00    2.8646594E-01   -2.8378942E+00   -7.2053459E+00   -2.6375416E+01    7.5804702E-03   -9.6178952E-03
    5.0500000E+00    2.9286392E-01   -2.8157904E+00   -7.1855671E+00   -2.6307704E+01    7.6260676E-03   -9.5722634E-03
    5.1500000E+00    2.9918012E-01   -2.7939137E+00   -7.1659778E+00   -2.6240575E+01    7.6721536E-03   -9.5261377E-03
    5.2500000E+00    3.0541672E-01   -2.7722586E+00   -7.1465734E+00   -2.6174012E+01    7.7187363E-03   -9.4795106E-03
    5.3500000E+00    3.1157582E-01   -2.7508197E+00   -7.1273494E+00   -2.6108002E+01    7.7658241E-03   -9.4323742E-03
    5.4500000E+00    3.1765945E-01   -2.7295920E+00   -7.1083015E+00   -2.6042532E+01    7.8134256E-03   -9.3847203E-03
    5.5500000E+00    3.2366955E-01   -2.7085703E+00   -7.0894256E+00   -2.5977587E+01    7.8615497E-03   -9.3365404E-03
    5.6500000E+00    3.2960798E-01   -2.6877500E+00   -7.0707178E+00   -2.5913155E+01    7.9102055E-03   -9.2878259E-03
    5.7500000E+00    3.3547655E-01   -2.6671264E+00   -7.0521742E+00   -2.5849223E+01    7.9594024E-03   -9.2385676E-03
    5.8500000E+00    3.4127698E-01   -2.6466951E+00   -7.0337910E+00   -2.5785780E+01    8.0091500E-03   -9.1887563E-03
    5.9500000E+00    3.4701094E-01   -2.6264518E+00   -7.0155647E+00   -2.5722815E+01    8.0594580E-03   -9.1383824E-03
    6.0500000E+00    3.5268004E-01   -2.6063922E+00   -6.9974917E+00   -2.5660316E+01    8.1103368E-03   -9.0874359E-03
    6.1500000E+00    3.5828583E-01   -2.5865125E+00   -6.9795689E+00   -2.5598273E+01    8.1617966E-03   -9.0359067E-03
    6.2500000E+00    3.6382979E-01   -2.5668086E+00   -6.9617928E+00   -2.5536676E+01    8.2138481E-03   -8.9837843E-03
    6.3500000E+00    3.6931337E-01   -2.5472768E+00   -6.9441604E+00   -2.5475514E+01    8.2665024E-03   -8.9310579E-03
    6.4500000E+00    3.7473797E-01   -2.5279134E+00   -6.9266686E+00   -2.5414778E+01    8.3197707E-03   -8.8777162E-03
    6.5500000E+00    3.8010491E-01   -2.5087150E+00   -6.9093145E+00   -2.5354459E+01    8.3736646E-03   -8.8237479E-03
    6.6500000E+00    3.8541551E-01   -2.4896780E+00   -6.8920952E+00   -2.5294549E+01    8.4281961E-03   -8.7691412E-03
    6.7500000E+00    3.9067101E-01   -2.4707992E+00   -6.8750080E+00   -2.5235037E+01    8.4833774E-03   -8.7138839E-03
    6.8500000E+00    3.9587262E-01   -2.4520754E+00   -6.8580500E+00   -2.5175916E+01    8.5392210E-03   -8.6579635E-03
    6.9500000E+00    4.0102153E-01   -2.4335033E+00   -6.8412189E+00   -2.5117179E+01    8.5957400E-03   -8.6013671E-03
    7.0500000E+00    4.0611886E-01   -2.4150800E+00   -6.8245119E+00   -2.5058816E+01    8.6529476E-03   -8.5440816E-03
    7.1500000E+00    4.1116571E-01   -2.3968026E+00   -6.8079268E+00   -2.5000821E+01    8.7108575E-03   -8.4860934E-03
    7.2500000E+00    4.1616315E-01   -2.3786681E+00   -6.7914610E+00   -2.4943185E+01    8.7694837E-03   -8.4273883E-03
    7.3500000E+00    4.2111220E-01   -2.3606738E+00   -6.7751122E+00   -2.4885902E+01    8.8288409E-03   -8.3679520E-03
    7.4500000E+00    4.2601385E-01   -2.3428170E+00   -6.7588783E+00   -2.4828965E+01    8.8889438E-03   -8.3077697E-03
    7.5500000E+00    4.3086909E-01   -2.3250950E+00   -6.7427570E+00   -2.4772367E+01    8.9498077E-03   -8.2468259E-03
    7.6500000E+00    4.3567884E-01   -2.3075054E+00   -6.7267462E+00   -2.4716102E+01    9.0114486E-03   -8.1851051E-03
    7.7500000E+00    4.4044402E-01   -2.2900456E+00   -6.7108438E+00   -2.4660162E+01    9.0738826E-03   -8.1225910E-03
    7.8500000E+00    4.4516549E-01   -2.2727133E+00   -6.6950478E+00   -2.4604542E+01    9.1371264E-03   -8.0592669E-03
    7.9500000E+00    4.4984413E-01   -2.2555060E+00   -6.6793562E+00   -2.4549235E+01    9.2011973E-03   -7.9951155E-03
    8.0500000E+00    4.5448076E-01   -2.2384215E+00   -6.6637672E+00   -2.4494237E+01    9.2661130E-03   -7.9301193E-03
    8.1500000E+00    4.5907618E-01   -2.2214576E+00   -6.6482789E+00   -2.4439540E+01    9.3318918E-03   -7.8642598E-03
    8.2500000E+00    4.6363118E-01   -2.2046121E+00   -6.6328894E+00   -2.4385140E+01    9.3985525E-03   -7.7975182E-03
    8.3500000E+00    4.6814652E-01   -2.1878828E+00   -6.6175970E+00   -2.4331030E+01    9.4661147E-03   -7.7298753E-03
    8.4500000E+00    4.7262293E-01   -2.1712678E+00   -6.6023999E+00   -2.4277207E+01    9.5345983E-03   -7.6613108E-03
    8.5500000E+00    4.7706115E-01   -2.1547650E+00   -6.5872965E+00   -2.4223663E+01    9.6040240E-03   -7.5918042E-03
    8.6500000E+00    4.8146185E-01   -2.1383725E+00   -6.5722852E+00   -2.4170395E+01    9.6744131E-03   -7.5213342E-03
    8.7500000E+00    4.8582572E-01   -2.1220884E+00   -6.5573643E+00   -2.4117397E+01    9.7457876E-03   -7.4498787E-03
    8.8500000E+00    4.9015343E-01   -2.1059107E+00   -6.5425324E+00   -2.4064665E+01    9.8181702E-03   -7.3774151E-03
    8.9500000E+00    4.9444561E-01   -2.0898378E+00   -6.5277877E+00   -2.4012193E+01    9.8915844E-03   -7.3039199E-03
    9.0500000E+00    4.9870290E-01   -2.0738677E+00   -6.5131290E+00   -2.3959978E+01    9.9660544E-03   -7.2293689E-03
    9.1500000E+00    5.0292589E-01   -2.0579988E+00   -6.4985547E+00   -2.3908014E+01    1.0041605E-02   -7.1537371E-03
    9.2500000E+00    5.0711518E-01   -2.0422295E+00   -6.4840633E+00   -2.3856298E+01    1.0118263E-02   -7.0769986E-03
    9.3500000E+00    5.1127134E-01   -2.0265580E+00   -6.4696536E+00   -2.3804825E+01    1.0196054E-02   -6.9991268E-03
    9.4500000E+00    5.1539495E-01   -2.0109827E+00   -6.4553242E+00   -2.3753590E+01    1.0275005E-02   -6.9200940E-03
    9.5500000E+00    5.1948654E-01   -1.9955021E+00   -6.4410737E+00   -2.3702590E+01    1.0355147E-02   -6.8398715E-03
    9.6500000E+00    5.2354666E-01   -1.9801146E+00   -6.4269008E+00   -2.3651821E+01    1.0436508E-02   -6.7584300E-03
    9.7500000E+00    5.2757581E-01   -1.9648188E+00   -6.4128043E+00   -2.3601279E+01    1.0519118E-02   -6.6757386E-03
    9.8500000E+00    5.3157451E-01   -1.9496131E+00   -6.3987829E+00   -2.3550959E+01    1.0603010E-02   -6.5917658E-03
    9.9500000E+00    5.3554325E-01   -1.9344961E+00   -6.3848355E+00   -2.3500859E+01    1.0688216E-02   -6.5064788E-03
    1.0050000E+01    5.3948251E-01   -1.9194664E+00   -6.3709607E+00   -2.3450974E+01    1.0774770E-02   -6.4198435E-03
    1.0150000E+01    5.4339277E-01   -1.9045227E+00   -6.3571575E+00   -2.3401300E+01    1.0862708E-02   -6.3318247E-03
    1.0250000E+01    5.4727447E-01   -1.8896636E+00   -6.3434248E+00   -2.3351835E+01    1.0952066E-02   -6.2423859E-03
    1.0350000E+01    5.5112808E-01   -1.8748877E+00   -6.3297613E+00   -2.3302575E+01    1.1042882E-02   -6.1514891E-03
    1.0450000E+01    5.5495402E-01   -1.8601938E+00   -6.3161661E+00   -2.3253516E+01    1.1135195E-02   -6.0590952E-03
    1.0550000E+01    5.5875272E-01   -1.8455807E+00   -6.3026379E+00   -2.3204655E+01    1.1229046E-02   -5.9651633E-03
    1.0650000E+01    5.6252460E-01   -1.8310470E+00   -6.2891759E+00   -2.3155988E+01    1.1324477E-02   -5.8696510E-03
    1.0750000E+01    5.6627007E-01   -1.8165916E+00   -6.2757789E+00   -2.3107513E+01    1.1421533E-02   -5.7725143E-03
    1.0850000E+01    5.6998951E-01   -1.8022132E+00   -6.2624459E+00   -2.3059227E+01    1.1520258E-02   -5.6737075E-03
    1.0950000E+01    5.7368333E-01   -1.7879108E+00   -6.2491760E+00   -2.3011125E+01    1.1620702E-02   -5.5731832E-03
    1.1050000E+01    5.7735189E-01   -1.7736832E+00   -6.2359682E+00   -2.2963206E+01    1.1722912E-02   -5.4708918E-03
    1.1150000E+01    5.8099557E-01   -1.7595292E+00   -6.2228214E+00   -2.2915466E+01    1.1826941E-02   -5.3667819E-03
    1.1250000E+01    5.8461473E-01   -1.7454477E+00   -6.2097348E+00   -2.2867903E+01    1.1932841E-02   -5.2608000E-03
    1.1350000E+01    5.8820972E-01   -1.7314378E+00   -6.1967075E+00   -2.2820512E+01    1.2040670E-02   -5.1528904E-03
    1.1450000E+01    5.9178089E-01   -1.7174982E+00   -6.1837385E+00   -2.2773292E+01    1.2150484E-02   -5.0429950E-03
    1.1550000E+01    5.9532857E-01   -1.7036281E+00   -6.1708270E+00   -2.2726240E+01    1.2262344E-02   -4.9310531E-03
    1.1650000E+01    5.9885310E-01   -1.6898263E+00   -6.1579720E+00   -2.2679353E+01    1.2376314E-02   -4.8170018E-03
    1.1750000E+01    6.0235480E-01   -1.6760918E+00   -6.1451727E+00   -2.2632629E+01    1.2492459E-02   -4.7007752E-03
    1.1850000E+01    6.0583399E-01   -1.6624238E+00   -6.1324283E+00   -2.2586063E+01    1.2610849E-02   -4.5823044E-03
    1.1950000E+01    6.0929097E-01   -1.6488211E+00   -6.1197378E+00   -2.2539655E+01    1.2731554E-02   -4.4615176E-03
    1.2050000E+01    6.1272605E-01   -1.6352830E+00   -6.1071006E+00   -2.2493402E+01    1.2854650E-02   -4.3383399E-03
    1.2150000E+01    6.1613952E-01   -1.6218083E+00   -6.0945158E+00   -2.2447300E+01    1.2980215E-02   -4.2126927E-03
    1.2250000E+01    6.1953168E-01   -1.6083962E+00   -6.0819825E+00   -2.2401348E+01    1.3108332E-02   -4.0844940E-03
    1.2350000E+01    6.2290279E-01   -1.5950459E+00   -6.0695001E+00   -2.2355543E+01    1.3239086E-02   -3.9536578E-03
    1.2450000E+01    6.2625316E-01   -1.5817564E+00   -6.0570677E+00   -2.2309883E+01    1.3372567E-02   -3.8200941E-03
    1.2550000E+01    6.2958304E-01   -1.5685268E+00   -6.0446845E+00   -2.2264364E+01    1.3508870E-02   -3.6837088E-03
    1.2650000E+01    6.3289269E-01   -1.5553562E+00   -6.0323498E+00   -2.2218986E+01    1.3648094E-02   -3.5444028E-03
    1.2750000E+01    6.3618239E-01   -1.5422440E+00   -6.0200629E+00   -2.2173745E+01    1.3790342E-02   -3.4020724E-03
    1.2850000E+01    6.3945239E-01   -1.5291890E+00   -6.0078230E+00   -2.2128640E+01    1.3935723E-02   -3.2566086E-03
    1.2950000E+01    6.4270293E-01   -1.5161907E+00   -5.9956294E+00   -2.2083667E+01    1.4084351E-02   -3.1078971E-03
    1.3050000E+01    6.4593427E-01   -1.5032481E+00   -5.9834813E+00   -2.2038826E+01    1.4236348E-02   -2.9558174E-03
    1.3150000E+01    6.4914663E-01   -1.4903605E+00   -5.9713781E+00   -2.1994113E+01    1.4391839E-02   -2.8002429E-03
    1.3250000E+01    6.5234026E-01   -1.4775269E+00   -5.9593191E+00   -2.1949526E+01    1.4550958E-02   -2.6410403E-03
    1.3350000E+01    6.5551538E-01   -1.4647468E+00   -5.9473035E+00   -2.1905064E+01    1.4713846E-02   -2.4780692E-03
    1.3450000E+01    6.5867222E-01   -1.4520192E+00   -5.9353306E+00   -2.1860724E+01    1.4880650E-02   -2.3111815E-03
    1.3550000E+01    6.6181101E-01   -1.4393435E+00   -5.9233999E+00   -2.1816504E+01    1.5051526E-02   -2.1402207E-03
    1.3650000E+01    6.6493195E-01   -1.4267188E+00   -5.9115105E+00   -2.1772402E+01    1.5226641E-02   -1.9650220E-03
    1.3750000E+01    6.6803527E-01   -1.4141444E+00   -5.8996618E+00   -2.1728417E+01    1.5406168E-02   -1.7854106E-03
    1.3850000E+01    6.7112116E-01   -1.4016196E+00   -5.8878531E+00   -2.1684545E+01    1.5590292E-02   -1.6012020E-03
    1.3950000E+01    6.7418983E-01   -1.3891436E+00   -5.8760838E+00   -2.1640786E+01    1.5779208E-02   -1.4122008E-03
    1.4050000E+01    6.7724149E-01   -1.3767157E+00   -5.8643532E+00   -2.1597136E+01    1.5973124E-02   -1.2181997E-03
    1.4150000E+01    6.8027632E-01   -1.3643352E+00   -5.8526606E+00   -2.1553595E+01    1.6172260E-02   -1.0189789E-03
    1.4250000E+01    6.8329452E-01   -1.3520013E+00   -5.8410054E+00   -2.1510159E+01    1.6376848E-02   -8.1430495E-04
    1.4350000E+01    6.8629628E-01   -1.3397133E+00   -5.8293869E+00   -2.1466828E+01    1.6587137E-02   -6.0392977E-04
    1.4450000E+01    6.8928179E-01   -1.3274705E+00   -5.8178043E+00   -2.1423600E+01    1.6803391E-02   -3.8758931E-04
    1.4550000E+01    6.9225122E-01   -1.3152721E+00   -5.8062572E+00   -2.1380471E+01    1.7025892E-02   -1.6500231E-04
    1.4650000E+01    6.9520475E-01   -1.3031175E+00   -5.7947447E+00   -2.1337442E+01    1.7254938E-02    6.4131186E-05
    1.4750000E+01    6.9814256E-01   -1.2910059E+00   -5.7832662E+00   -2.1294509E+01    1.7490852E-02    3.0013145E-04
    1.4850000E+01    7.0106481E-01   -1.2789366E+00   -5.7718210E+00   -2.1251671E+01    1.7733974E-02    5.4334082E-04
    1.4950000E+01    7.0397168E-01   -1.2669090E+00   -5.7604085E+00   -2.1208925E+01    1.7984671E-02    7.9412572E-04
    1.5050000E+01    7.0686333E-01   -1.2549221E+00   -5.7490279E+00   -2.1166271E+01    1.8243336E-02    1.0528788E-03
    1.5150000E+01    7.0973992E-01   -1.2429754E+00   -5.7376786E+00   -2.1123706E+01    1.8510390E-02    1.3200216E-03
    1.5250000E+01    7.1260161E-01   -1.2310681E+00   -5.7263598E+00   -2.1081229E+01    1.8786286E-02    1.5960069E-03
    1.5350000E+01    7.1544856E-01   -1.2191994E+00   -5.7150708E+00   -2.1038837E+01    1.9071512E-02    1.8813221E-03
    1.5450000E+01    7.1828091E-01   -1.2073686E+00   -5.7038108E+00   -2.0996529E+01    1.9366593E-02    2.1764925E-03
    1.5550000E+01    7.2109882E-01   -1.1955749E+00   -5.6925792E+00   -2.0954303E+01    1.9672096E-02    2.4820853E-03
    1.5650000E+01    7.2390243E-01   -1.1838174E+00   -5.6813751E+00   -2.0912157E+01    1.9988634E-02    2.7987137E-03
    1.5750000E+01    7.2669189E-01   -1.1720955E+00   -5.6701977E+00   -2.0870089E+01    2.0316871E-02    3.1270420E-03
    1.5850000E+01    7.2946733E-01   -1.1604083E+00   -5.6590462E+00   -2.0828098E+01    2.0657529E-02    3.4677909E-03
    1.5950000E+01    7.3222890E-01   -1.1487549E+00   -5.6479198E+00   -2.0786181E+01    2.1011390E-02    3.8217441E-03
    1.6050000E+01    7.3497674E-01   -1.1371345E+00   -5.6368176E+00   -2.0744336E+01    2.1379309E-02    4.1897552E-03
    1.6150000E+01    7.3771097E-01   -1.1255461E+00   -5.6257386E+00   -2.0702563E+01    2.1762218E-02    4.5727561E-03
    1.6250000E+01    7.4043172E-01   -1.1139889E+00   -5.6146819E+00   -2.0660858E+01    2.2161134E-02    4.9717660E-03
    1.6350000E+01    7.4313913E-01   -1.1024617E+00   -5.6036465E+00   -2.0619219E+01    2.2577177E-02    5.3879027E-03
    1.6450000E+01    7.4583332E-01   -1.0909636E+00   -5.5926313E+00   -2.0577646E+01    2.3011575E-02    5.8223942E-03
    1.6550000E+01    7.4851442E-01   -1.0794935E+00   -5.5816351E+00   -2.0536135E+01    2.3465680E-02    6.2765941E-03
    1.6650000E+01    7.5118253E-01   -1.0680503E+00   -5.5706569E+00   -2.0494685E+01    2.3940988E-02    6.7519975E-03
    1.6750000E+01    7.5383779E-01   -1.0566326E+00   -5.5596951E+00   -2.0453292E+01    2.4439155E-02    7.2502608E-03
    1.6850000E+01    7.5648031E-01   -1.0452393E+00   -5.5487486E+00   -2.0411956E+01    2.4962023E-02    7.7732244E-03
    1.6950000E+01    7.5911020E-01   -1.0338688E+00   -5.5378158E+00   -2.0370674E+01    2.5511641E-02    8.3229399E-03
    1.7050000E+01    7.6172757E-01   -1.0225197E+00   -5.5268950E+00   -2.0329443E+01    2.6090306E-02    8.9017019E-03
    1.7150000E+01    7.6433254E-01   -1.0111903E+00   -5.5159845E+00   -2.0288260E+01    2.6700591E-02    9.5120854E-03
    1.7250000E+01    7.6692521E-01   -9.9987883E-01   -5.5050824E+00   -2.0247123E+01    2.7345399E-02    1.0156992E-02
    1.7350000E+01    7.6950568E-01   -9.8858320E-01   -5.4941864E+00   -2.0206030E+01    2.8028010E-02    1.0839703E-02
    1.7450000E+01    7.7207406E-01   -9.7730123E-01   -5.4832942E+00   -2.0164976E+01    2.8752155E-02    1.1563948E-02
    1.7550000E+01    7.7463044E-01   -9.6603045E-01   -5.4724031E+00   -2.0123958E+01    2.9522090E-02    1.2333984E-02
    1.7650000E+01    7.7717494E-01   -9.5476809E-01   -5.4615101E+00   -2.0082974E+01    3.0342696E-02    1.3154691E-02
    1.7750000E+01    7.7970763E-01   -9.4351099E-01   -5.4506117E+00   -2.0042018E+01    3.1219604E-02    1.4031702E-02
    1.7850000E+01    7.8222862E-01   -9.3225556E-01   -5.4397041E+00   -2.0001087E+01    3.2159349E-02    1.4971550E-02
    1.7950000E+01    7.8473799E-01   -9.2099768E-01   -5.4287826E+00   -1.9960175E+01    3.3169556E-02    1.5981861E-02
    1.8050000E+01    7.8723583E-01   -9.0973255E-01   -5.4178421E+00   -1.9919276E+01    3.4259192E-02    1.7071602E-02
    1.8150000E+01    7.8972224E-01   -8.9845455E-01   -5.4068764E+00   -1.9878385E+01    3.5438880E-02    1.8251395E-02
    1.8250000E+01    7.9219728E-01   -8.8715706E-01   -5.3958781E+00   -1.9837494E+01    3.6721304E-02    1.9533926E-02
    1.8350000E+01    7.9466105E-01   -8.7583213E-01   -5.3848386E+00   -1.9796595E+01    3.8121757E-02    2.0934487E-02
    1.8450000E+01    7.9711362E-01   -8.6447018E-01   -5.3737473E+00   -1.9755676E+01    3.9658863E-02    2.2471701E-02
    1.8550000E+01    7.9955505E-01   -8.5305947E-01   -5.3625913E+00   -1.9714725E+01    4.1355558E-02    2.4168506E-02
    1.8650000E+01    8.0198543E-01   -8.4158545E-01   -5.3513546E+00   -1.9673728E+01    4.3240459E-02    2.6053517E-02
    1.8750000E+01    8.0440482E-01   -8.3002975E-01   -5.3400168E+00   -1.9632666E+01    4.5349784E-02    2.8162954E-02
    1.8850000E+01    8.0681327E-01   -8.1836884E-01   -5.3285521E+00   -1.9591514E+01    4.7730136E-02    3.0543419E-02
    1.8950000E+01    8.0921084E-01   -8.0657194E-01   -5.3169265E+00   -1.9550241E+01    5.0442634E-02    3.3256032E-02
    1.9050000E+01    8.1159757E-01   -7.9459788E-01   -5.3050947E+00   -1.9508806E+01    5.3569228E-02    3.6382741E-02
    1.9150000E+01    8.1397350E-01   -7.8239007E-01   -5.2929943E+00   -1.9467153E+01    5.7222707E-02    4.0036338E-02
    1.9250000E+01    8.1633864E-01   -7.6986825E-01   -5.2805367E+00   -1.9425202E+01    6.1563263E-02    4.4377012E-02
    1.9350000E+01    8.1869300E-01   -7.5691407E-01   -5.2675916E+00   -1.9382836E+01    6.6827293E-02    4.9641163E-02
    1.9450000E+01    8.2103654E-01   -7.4334438E-01   -5.2539572E+00   -1.9339874E+01    7.3380827E-02    5.6194820E-02
    1.9550000E+01    8.2336916E-01   -7.2885754E-01   -5.2393010E+00   -1.9296019E+01    8.1826835E-02    6.4640954E-02
    1.9650000E+01    8.2569069E-01   -7.1291353E-01   -5.2230282E+00   -1.9250740E+01    9.3244925E-02    7.6059174E-02
    1.9750000E+01    8.2800071E-01   -6.9442350E-01   -5.2039393E+00   -1.9202965E+01    1.0981187E-01    9.2626256E-02
    1.9850000E+01    8.3029685E-01   -6.7075008E-01   -5.1791293E+00   -1.9150115E+01    1.3681043E-01    1.1962496E-01
    1.9950000E+01    8.3052981E-01   -6.3894900E-01   -5.1443208E+00   -1.9095642E+01    1.9236766E-01    1.7518234E-01
