# Time          7.0000E+00
# Units: Dimensionless (Log10(Q/Keq)
    Distance           Quartz           K-Feldspar_Li    Oligoclase_Li    Biotite_Li       Kaolinite_Li7    Kaolinite_Li6
    5.0000000E-02    2.8965491E-01   -2.9141645E+00   -7.1920683E+00   -2.8889507E+01    6.5370289E-03   -1.0555142E-02
    1.5000000E-01   -1.3293068E-01   -4.1635144E+00   -8.3629515E+00   -3.0651994E+01    5.8489899E-03   -1.1274734E-02
    2.5000000E-01   -1.4846693E-01   -4.2106954E+00   -8.4108795E+00   -3.0605070E+01    5.8849653E-03   -1.1250149E-02
    3.5000000E-01   -1.3357733E-01   -4.1678703E+00   -8.3740011E+00   -3.0441208E+01    5.9129090E-03   -1.1229339E-02
    4.5000000E-01   -1.1823939E-01   -4.1233916E+00   -8.3354436E+00   -3.0285261E+01    5.9406467E-03   -1.1207862E-02
    5.5000000E-01   -1.0337077E-01   -4.0799900E+00   -8.2977916E+00   -3.0138548E+01    5.9688547E-03   -1.1185249E-02
    6.5000000E-01   -8.8964936E-02   -4.0376719E+00   -8.2610570E+00   -2.9999363E+01    5.9975242E-03   -1.1161579E-02
    7.5000000E-01   -7.4993950E-02   -3.9963783E+00   -8.2251889E+00   -2.9866427E+01    6.0266310E-03   -1.1136940E-02
    8.5000000E-01   -6.1431816E-02   -3.9560533E+00   -8.1901392E+00   -2.9738798E+01    6.0561541E-03   -1.1111407E-02
    9.5000000E-01   -4.8254775E-02   -3.9166457E+00   -8.1558641E+00   -2.9615758E+01    6.0860766E-03   -1.1085046E-02
    1.0500000E+00   -3.5441067E-02   -3.8781086E+00   -8.1223230E+00   -2.9496746E+01    6.1163844E-03   -1.1057917E-02
    1.1500000E+00   -2.2970716E-02   -3.8403984E+00   -8.0894788E+00   -2.9381313E+01    6.1470661E-03   -1.1030070E-02
    1.2500000E+00   -1.0825341E-02   -3.8034751E+00   -8.0572972E+00   -2.9269095E+01    6.1781123E-03   -1.1001552E-02
    1.3500000E+00    1.0120106E-03   -3.7673015E+00   -8.0257465E+00   -2.9159789E+01    6.2095155E-03   -1.0972401E-02
    1.4500000E+00    1.2557025E-02   -3.7318430E+00   -7.9947970E+00   -2.9053141E+01    6.2412697E-03   -1.0942653E-02
    1.5500000E+00    2.3824219E-02   -3.6970677E+00   -7.9644215E+00   -2.8948936E+01    6.2733704E-03   -1.0912338E-02
    1.6500000E+00    3.4827060E-02   -3.6629456E+00   -7.9345945E+00   -2.8846988E+01    6.3058141E-03   -1.0881483E-02
    1.7500000E+00    4.5578038E-02   -3.6294488E+00   -7.9052923E+00   -2.8747137E+01    6.3385983E-03   -1.0850111E-02
    1.8500000E+00    5.6088792E-02   -3.5965513E+00   -7.8764928E+00   -2.8649240E+01    6.3717215E-03   -1.0818242E-02
    1.9500000E+00    6.6370174E-02   -3.5642287E+00   -7.8481752E+00   -2.8553175E+01    6.4051827E-03   -1.0785893E-02
    2.0500000E+00    7.6432322E-02   -3.5324580E+00   -7.8203201E+00   -2.8458831E+01    6.4389818E-03   -1.0753080E-02
    2.1500000E+00    8.6284716E-02   -3.5012179E+00   -7.7929094E+00   -2.8366109E+01    6.4731194E-03   -1.0719815E-02
    2.2500000E+00    9.5936237E-02   -3.4704880E+00   -7.7659259E+00   -2.8274921E+01    6.5075962E-03   -1.0686110E-02
    2.3500000E+00    1.0539522E-01   -3.4402493E+00   -7.7393535E+00   -2.8185186E+01    6.5424137E-03   -1.0651974E-02
    2.4500000E+00    1.1466948E-01   -3.4104838E+00   -7.7131770E+00   -2.8096832E+01    6.5775739E-03   -1.0617414E-02
    2.5500000E+00    1.2376637E-01   -3.3811747E+00   -7.6873822E+00   -2.8009793E+01    6.6130789E-03   -1.0582437E-02
    2.6500000E+00    1.3269284E-01   -3.3523057E+00   -7.6619555E+00   -2.7924007E+01    6.6489313E-03   -1.0547047E-02
    2.7500000E+00    1.4145539E-01   -3.3238619E+00   -7.6368841E+00   -2.7839419E+01    6.6851341E-03   -1.0511250E-02
    2.8500000E+00    1.5006021E-01   -3.2958287E+00   -7.6121559E+00   -2.7755977E+01    6.7216904E-03   -1.0475047E-02
    2.9500000E+00    1.5851310E-01   -3.2681926E+00   -7.5877594E+00   -2.7673634E+01    6.7586038E-03   -1.0438440E-02
    3.0500000E+00    1.6681957E-01   -3.2409405E+00   -7.5636838E+00   -2.7592346E+01    6.7958780E-03   -1.0401431E-02
    3.1500000E+00    1.7498484E-01   -3.2140603E+00   -7.5399187E+00   -2.7512072E+01    6.8335170E-03   -1.0364021E-02
    3.2500000E+00    1.8301385E-01   -3.1875401E+00   -7.5164543E+00   -2.7432773E+01    6.8715251E-03   -1.0326208E-02
    3.3500000E+00    1.9091127E-01   -3.1613688E+00   -7.4932812E+00   -2.7354413E+01    6.9099066E-03   -1.0287992E-02
    3.4500000E+00    1.9868156E-01   -3.1355358E+00   -7.4703905E+00   -2.7276959E+01    6.9486663E-03   -1.0249371E-02
    3.5500000E+00    2.0632894E-01   -3.1100310E+00   -7.4477737E+00   -2.7200380E+01    6.9878090E-03   -1.0210344E-02
    3.6500000E+00    2.1385743E-01   -3.0848446E+00   -7.4254228E+00   -2.7124645E+01    7.0273398E-03   -1.0170907E-02
    3.7500000E+00    2.2127086E-01   -3.0599675E+00   -7.4033300E+00   -2.7049727E+01    7.0672640E-03   -1.0131058E-02
    3.8500000E+00    2.2857286E-01   -3.0353908E+00   -7.3814878E+00   -2.6975599E+01    7.1075870E-03   -1.0090793E-02
    3.9500000E+00    2.3576690E-01   -3.0111061E+00   -7.3598893E+00   -2.6902237E+01    7.1483145E-03   -1.0050108E-02
    4.0500000E+00    2.4285631E-01   -2.9871052E+00   -7.3385277E+00   -2.6829616E+01    7.1894524E-03   -1.0009000E-02
    4.1500000E+00    2.4984425E-01   -2.9633804E+00   -7.3173964E+00   -2.6757715E+01    7.2310066E-03   -9.9674632E-03
    4.2500000E+00    2.5673373E-01   -2.9399242E+00   -7.2964893E+00   -2.6686512E+01    7.2729834E-03   -9.9254929E-03
    4.3500000E+00    2.6352764E-01   -2.9167296E+00   -7.2758003E+00   -2.6615987E+01    7.3153893E-03   -9.8830840E-03
    4.4500000E+00    2.7022874E-01   -2.8937896E+00   -7.2553239E+00   -2.6546120E+01    7.3582307E-03   -9.8402308E-03
    4.5500000E+00    2.7683969E-01   -2.8710978E+00   -7.2350545E+00   -2.6476894E+01    7.4015145E-03   -9.7969274E-03
    4.6500000E+00    2.8336301E-01   -2.8486477E+00   -7.2149868E+00   -2.6408290E+01    7.4452477E-03   -9.7531678E-03
    4.7500000E+00    2.8980112E-01   -2.8264333E+00   -7.1951158E+00   -2.6340292E+01    7.4894375E-03   -9.7089455E-03
    4.8500000E+00    2.9615637E-01   -2.8044487E+00   -7.1754365E+00   -2.6272884E+01    7.5340911E-03   -9.6642537E-03
    4.9500000E+00    3.0243097E-01   -2.7826884E+00   -7.1559443E+00   -2.6206050E+01    7.5792164E-03   -9.6190855E-03
    5.0500000E+00    3.0862708E-01   -2.7611468E+00   -7.1366346E+00   -2.6139776E+01    7.6248209E-03   -9.5734336E-03
    5.1500000E+00    3.1474676E-01   -2.7398188E+00   -7.1175032E+00   -2.6074047E+01    7.6709127E-03   -9.5272905E-03
    5.2500000E+00    3.2079198E-01   -2.7186993E+00   -7.0985457E+00   -2.6008851E+01    7.7175001E-03   -9.4806483E-03
    5.3500000E+00    3.2676464E-01   -2.6977834E+00   -7.0797582E+00   -2.5944174E+01    7.7645914E-03   -9.4334991E-03
    5.4500000E+00    3.3266659E-01   -2.6770665E+00   -7.0611367E+00   -2.5880003E+01    7.8121954E-03   -9.3858345E-03
    5.5500000E+00    3.3849957E-01   -2.6565440E+00   -7.0426775E+00   -2.5816326E+01    7.8603209E-03   -9.3376459E-03
    5.6500000E+00    3.4426529E-01   -2.6362115E+00   -7.0243769E+00   -2.5753133E+01    7.9089771E-03   -9.2889244E-03
    5.7500000E+00    3.4996538E-01   -2.6160648E+00   -7.0062313E+00   -2.5690411E+01    7.9581732E-03   -9.2396610E-03
    5.8500000E+00    3.5560142E-01   -2.5960998E+00   -6.9882374E+00   -2.5628150E+01    8.0079190E-03   -9.1898462E-03
    5.9500000E+00    3.6117493E-01   -2.5763126E+00   -6.9703919E+00   -2.5566339E+01    8.0582244E-03   -9.1394703E-03
    6.0500000E+00    3.6668737E-01   -2.5566992E+00   -6.9526915E+00   -2.5504969E+01    8.1090994E-03   -9.0885234E-03
    6.1500000E+00    3.7214016E-01   -2.5372561E+00   -6.9351332E+00   -2.5444029E+01    8.1605546E-03   -9.0369952E-03
    6.2500000E+00    3.7753466E-01   -2.5179796E+00   -6.9177141E+00   -2.5383511E+01    8.2126005E-03   -8.9848751E-03
    6.3500000E+00    3.8287220E-01   -2.4988662E+00   -6.9004311E+00   -2.5323405E+01    8.2652482E-03   -8.9321522E-03
    6.4500000E+00    3.8815404E-01   -2.4799125E+00   -6.8832815E+00   -2.5263703E+01    8.3185091E-03   -8.8788155E-03
    6.5500000E+00    3.9338142E-01   -2.4611154E+00   -6.8662625E+00   -2.5204396E+01    8.3723945E-03   -8.8248533E-03
    6.6500000E+00    3.9855553E-01   -2.4424716E+00   -6.8493715E+00   -2.5145475E+01    8.4269166E-03   -8.7702539E-03
    6.7500000E+00    4.0367752E-01   -2.4239780E+00   -6.8326060E+00   -2.5086933E+01    8.4820876E-03   -8.7150051E-03
    6.8500000E+00    4.0874851E-01   -2.4056316E+00   -6.8159635E+00   -2.5028762E+01    8.5379199E-03   -8.6590944E-03
    6.9500000E+00    4.1376958E-01   -2.3874296E+00   -6.7994415E+00   -2.4970954E+01    8.5944266E-03   -8.6025088E-03
    7.0500000E+00    4.1874177E-01   -2.3693692E+00   -6.7830377E+00   -2.4913503E+01    8.6516210E-03   -8.5452353E-03
    7.1500000E+00    4.2366610E-01   -2.3514475E+00   -6.7667497E+00   -2.4856401E+01    8.7095167E-03   -8.4872600E-03
    7.2500000E+00    4.2854354E-01   -2.3336620E+00   -6.7505755E+00   -2.4799641E+01    8.7681278E-03   -8.4285691E-03
    7.3500000E+00    4.3337505E-01   -2.3160100E+00   -6.7345128E+00   -2.4743217E+01    8.8274688E-03   -8.3691481E-03
    7.4500000E+00    4.3816155E-01   -2.2984891E+00   -6.7185595E+00   -2.4687121E+01    8.8875546E-03   -8.3089821E-03
    7.5500000E+00    4.4290394E-01   -2.2810967E+00   -6.7027137E+00   -2.4631349E+01    8.9484004E-03   -8.2480559E-03
    7.6500000E+00    4.4760307E-01   -2.2638306E+00   -6.6869732E+00   -2.4575893E+01    9.0100220E-03   -8.1863537E-03
    7.7500000E+00    4.5225980E-01   -2.2466884E+00   -6.6713362E+00   -2.4520747E+01    9.0724357E-03   -8.1238593E-03
    7.8500000E+00    4.5687494E-01   -2.2296678E+00   -6.6558007E+00   -2.4465906E+01    9.1356581E-03   -8.0605561E-03
    7.9500000E+00    4.6144928E-01   -2.2127667E+00   -6.6403651E+00   -2.4411365E+01    9.1997066E-03   -7.9964268E-03
    8.0500000E+00    4.6598360E-01   -2.1959830E+00   -6.6250273E+00   -2.4357117E+01    9.2645987E-03   -7.9314537E-03
    8.1500000E+00    4.7047865E-01   -2.1793144E+00   -6.6097858E+00   -2.4303157E+01    9.3303528E-03   -7.8656186E-03
    8.2500000E+00    4.7493515E-01   -2.1627591E+00   -6.5946388E+00   -2.4249480E+01    9.3969876E-03   -7.7989027E-03
    8.3500000E+00    4.7935380E-01   -2.1463150E+00   -6.5795847E+00   -2.4196080E+01    9.4645227E-03   -7.7312866E-03
    8.4500000E+00    4.8373531E-01   -2.1299801E+00   -6.5646218E+00   -2.4142954E+01    9.5329780E-03   -7.6627502E-03
    8.5500000E+00    4.8808033E-01   -2.1137528E+00   -6.5497486E+00   -2.4090095E+01    9.6023741E-03   -7.5932730E-03
    8.6500000E+00    4.9238952E-01   -2.0976309E+00   -6.5349635E+00   -2.4037500E+01    9.6727323E-03   -7.5228336E-03
    8.7500000E+00    4.9666351E-01   -2.0816129E+00   -6.5202650E+00   -2.3985162E+01    9.7440747E-03   -7.4514102E-03
    8.8500000E+00    5.0090292E-01   -2.0656969E+00   -6.5056517E+00   -2.3933079E+01    9.8164237E-03   -7.3789800E-03
    8.9500000E+00    5.0510834E-01   -2.0498813E+00   -6.4911220E+00   -2.3881245E+01    9.8898030E-03   -7.3055196E-03
    9.0500000E+00    5.0928037E-01   -2.0341643E+00   -6.4766747E+00   -2.3829656E+01    9.9642366E-03   -7.2310048E-03
    9.1500000E+00    5.1341957E-01   -2.0185444E+00   -6.4623084E+00   -2.3778309E+01    1.0039750E-02   -7.1554108E-03
    9.2500000E+00    5.1752649E-01   -2.0030199E+00   -6.4480216E+00   -2.3727197E+01    1.0116368E-02   -7.0787116E-03
    9.3500000E+00    5.2160168E-01   -1.9875893E+00   -6.4338132E+00   -2.3676319E+01    1.0194118E-02   -7.0008806E-03
    9.4500000E+00    5.2564566E-01   -1.9722512E+00   -6.4196818E+00   -2.3625669E+01    1.0273027E-02   -6.9218901E-03
    9.5500000E+00    5.2965895E-01   -1.9570039E+00   -6.4056261E+00   -2.3575243E+01    1.0353124E-02   -6.8417118E-03
    9.6500000E+00    5.3364204E-01   -1.9418460E+00   -6.3916450E+00   -2.3525039E+01    1.0434439E-02   -6.7603160E-03
    9.7500000E+00    5.3759542E-01   -1.9267762E+00   -6.3777372E+00   -2.3475052E+01    1.0517002E-02   -6.6776722E-03
    9.8500000E+00    5.4151957E-01   -1.9117930E+00   -6.3639015E+00   -2.3425279E+01    1.0600844E-02   -6.5937487E-03
    9.9500000E+00    5.4541496E-01   -1.8968951E+00   -6.3501369E+00   -2.3375715E+01    1.0685999E-02   -6.5085128E-03
    1.0050000E+01    5.4928202E-01   -1.8820811E+00   -6.3364422E+00   -2.3326358E+01    1.0772500E-02   -6.4219306E-03
    1.0150000E+01    5.5312122E-01   -1.8673498E+00   -6.3228163E+00   -2.3277204E+01    1.0860383E-02   -6.3339669E-03
    1.0250000E+01    5.5693297E-01   -1.8526999E+00   -6.3092580E+00   -2.3228249E+01    1.0949683E-02   -6.2445852E-03
    1.0350000E+01    5.6071770E-01   -1.8381301E+00   -6.2957664E+00   -2.3179491E+01    1.1040440E-02   -6.1537478E-03
    1.0450000E+01    5.6447583E-01   -1.8236391E+00   -6.2823404E+00   -2.3130926E+01    1.1132691E-02   -6.0614152E-03
    1.0550000E+01    5.6820774E-01   -1.8092259E+00   -6.2689790E+00   -2.3082551E+01    1.1226478E-02   -5.9675470E-03
    1.0650000E+01    5.7191384E-01   -1.7948893E+00   -6.2556812E+00   -2.3034363E+01    1.1321843E-02   -5.8721006E-03
    1.0750000E+01    5.7559450E-01   -1.7806280E+00   -6.2424459E+00   -2.2986358E+01    1.1418830E-02   -5.7750323E-03
    1.0850000E+01    5.7925011E-01   -1.7664409E+00   -6.2292723E+00   -2.2938534E+01    1.1517485E-02   -5.6762964E-03
    1.0950000E+01    5.8288102E-01   -1.7523270E+00   -6.2161594E+00   -2.2890888E+01    1.1617855E-02   -5.5758455E-03
    1.1050000E+01    5.8648759E-01   -1.7382852E+00   -6.2031063E+00   -2.2843416E+01    1.1719989E-02   -5.4736302E-03
    1.1150000E+01    5.9007018E-01   -1.7243143E+00   -6.1901120E+00   -2.2796117E+01    1.1823938E-02   -5.3695991E-03
    1.1250000E+01    5.9362912E-01   -1.7104134E+00   -6.1771756E+00   -2.2748986E+01    1.1929757E-02   -5.2636989E-03
    1.1350000E+01    5.9716476E-01   -1.6965814E+00   -6.1642963E+00   -2.2702022E+01    1.2037501E-02   -5.1558738E-03
    1.1450000E+01    6.0067740E-01   -1.6828174E+00   -6.1514733E+00   -2.2655222E+01    1.2147227E-02   -5.0460660E-03
    1.1550000E+01    6.0416738E-01   -1.6691203E+00   -6.1387056E+00   -2.2608583E+01    1.2258996E-02   -4.9342150E-03
    1.1650000E+01    6.0763501E-01   -1.6554891E+00   -6.1259923E+00   -2.2562102E+01    1.2372872E-02   -4.8202577E-03
    1.1750000E+01    6.1108059E-01   -1.6419230E+00   -6.1133328E+00   -2.2515777E+01    1.2488919E-02   -4.7041285E-03
    1.1850000E+01    6.1450442E-01   -1.6284209E+00   -6.1007262E+00   -2.2469605E+01    1.2607207E-02   -4.5857586E-03
    1.1950000E+01    6.1790680E-01   -1.6149819E+00   -6.0881716E+00   -2.2423584E+01    1.2727807E-02   -4.4650764E-03
    1.2050000E+01    6.2128801E-01   -1.6016052E+00   -6.0756684E+00   -2.2377711E+01    1.2850795E-02   -4.3420070E-03
    1.2150000E+01    6.2464832E-01   -1.5882899E+00   -6.0632156E+00   -2.2331985E+01    1.2976247E-02   -4.2164721E-03
    1.2250000E+01    6.2798803E-01   -1.5750350E+00   -6.0508126E+00   -2.2286401E+01    1.3104247E-02   -4.0883897E-03
    1.2350000E+01    6.3130738E-01   -1.5618397E+00   -6.0384586E+00   -2.2240959E+01    1.3234880E-02   -3.9576740E-03
    1.2450000E+01    6.3460666E-01   -1.5487032E+00   -6.0261528E+00   -2.2195656E+01    1.3368237E-02   -3.8242353E-03
    1.2550000E+01    6.3788611E-01   -1.5356246E+00   -6.0138946E+00   -2.2150489E+01    1.3504410E-02   -3.6879793E-03
    1.2650000E+01    6.4114598E-01   -1.5226031E+00   -6.0016831E+00   -2.2105456E+01    1.3643499E-02   -3.5488075E-03
    1.2750000E+01    6.4438653E-01   -1.5096379E+00   -5.9895177E+00   -2.2060555E+01    1.3785607E-02   -3.4066162E-03
    1.2850000E+01    6.4760799E-01   -1.4967282E+00   -5.9773977E+00   -2.2015785E+01    1.3930843E-02   -3.2612966E-03
    1.2950000E+01    6.5081061E-01   -1.4838731E+00   -5.9653223E+00   -2.1971142E+01    1.4079322E-02   -3.1127345E-03
    1.3050000E+01    6.5399461E-01   -1.4710720E+00   -5.9532909E+00   -2.1926624E+01    1.4231163E-02   -2.9608098E-03
    1.3150000E+01    6.5716023E-01   -1.4583240E+00   -5.9413028E+00   -2.1882230E+01    1.4386493E-02   -2.8053962E-03
    1.3250000E+01    6.6030768E-01   -1.4456284E+00   -5.9293573E+00   -2.1837957E+01    1.4545445E-02   -2.6463604E-03
    1.3350000E+01    6.6343719E-01   -1.4329843E+00   -5.9174538E+00   -2.1793803E+01    1.4708158E-02   -2.4835623E-03
    1.3450000E+01    6.6654896E-01   -1.4203912E+00   -5.9055914E+00   -2.1749767E+01    1.4874782E-02   -2.3168541E-03
    1.3550000E+01    6.6964321E-01   -1.4078482E+00   -5.8937697E+00   -2.1705846E+01    1.5045472E-02   -2.1460797E-03
    1.3650000E+01    6.7272015E-01   -1.3953546E+00   -5.8819880E+00   -2.1662038E+01    1.5220392E-02   -1.9710743E-03
    1.3750000E+01    6.7577998E-01   -1.3829097E+00   -5.8702455E+00   -2.1618342E+01    1.5399718E-02   -1.7916637E-03
    1.3850000E+01    6.7882289E-01   -1.3705128E+00   -5.8585416E+00   -2.1574754E+01    1.5583633E-02   -1.6076637E-03
    1.3950000E+01    6.8184907E-01   -1.3581631E+00   -5.8468757E+00   -2.1531274E+01    1.5772332E-02   -1.4188791E-03
    1.4050000E+01    6.8485873E-01   -1.3458600E+00   -5.8352472E+00   -2.1487900E+01    1.5966022E-02   -1.2251030E-03
    1.4150000E+01    6.8785204E-01   -1.3336027E+00   -5.8236553E+00   -2.1444629E+01    1.6164923E-02   -1.0261160E-03
    1.4250000E+01    6.9082919E-01   -1.3213906E+00   -5.8120995E+00   -2.1401460E+01    1.6369267E-02   -8.2168519E-04
    1.4350000E+01    6.9379035E-01   -1.3092229E+00   -5.8005791E+00   -2.1358390E+01    1.6579303E-02   -6.1156279E-04
    1.4450000E+01    6.9673571E-01   -1.2970989E+00   -5.7890934E+00   -2.1315419E+01    1.6795293E-02   -3.9548525E-04
    1.4550000E+01    6.9966544E-01   -1.2850180E+00   -5.7776418E+00   -2.1272543E+01    1.7017519E-02   -1.7317179E-04
    1.4650000E+01    7.0257970E-01   -1.2729795E+00   -5.7662236E+00   -2.1229762E+01    1.7246280E-02    5.5677004E-05
    1.4750000E+01    7.0547866E-01   -1.2609827E+00   -5.7548383E+00   -2.1187073E+01    1.7481896E-02    2.9138084E-04
    1.4850000E+01    7.0836249E-01   -1.2490268E+00   -5.7434850E+00   -2.1144475E+01    1.7724708E-02    5.3428148E-04
    1.4950000E+01    7.1123134E-01   -1.2371112E+00   -5.7321633E+00   -2.1101966E+01    1.7975083E-02    7.8474470E-04
    1.5050000E+01    7.1408537E-01   -1.2252351E+00   -5.7208723E+00   -2.1059544E+01    1.8233411E-02    1.0431625E-03
    1.5150000E+01    7.1692473E-01   -1.2133979E+00   -5.7096113E+00   -2.1017207E+01    1.8500115E-02    1.3099556E-03
    1.5250000E+01    7.1974958E-01   -1.2015988E+00   -5.6983798E+00   -2.0974954E+01    1.8775646E-02    1.5855761E-03
    1.5350000E+01    7.2256006E-01   -1.1898371E+00   -5.6871770E+00   -2.0932782E+01    1.9060490E-02    1.8705105E-03
    1.5450000E+01    7.2535632E-01   -1.1781121E+00   -5.6760022E+00   -2.0890690E+01    1.9355172E-02    2.1652833E-03
    1.5550000E+01    7.2813850E-01   -1.1664230E+00   -5.6648545E+00   -2.0848676E+01    1.9660258E-02    2.4704606E-03
    1.5650000E+01    7.3090675E-01   -1.1547691E+00   -5.6537334E+00   -2.0806739E+01    1.9976360E-02    2.7866546E-03
    1.5750000E+01    7.3366119E-01   -1.1431495E+00   -5.6426379E+00   -2.0764876E+01    2.0304142E-02    3.1145285E-03
    1.5850000E+01    7.3640196E-01   -1.1315635E+00   -5.6315673E+00   -2.0723085E+01    2.0644323E-02    3.4548018E-03
    1.5950000E+01    7.3912919E-01   -1.1200102E+00   -5.6205207E+00   -2.0681366E+01    2.0997685E-02    3.8082568E-03
    1.6050000E+01    7.4184302E-01   -1.1084887E+00   -5.6094973E+00   -2.0639715E+01    2.1365080E-02    4.1757457E-03
    1.6150000E+01    7.4454357E-01   -1.0969983E+00   -5.5984962E+00   -2.0598131E+01    2.1747440E-02    4.5581989E-03
    1.6250000E+01    7.4723097E-01   -1.0855379E+00   -5.5875163E+00   -2.0556613E+01    2.2145780E-02    4.9566338E-03
    1.6350000E+01    7.4990533E-01   -1.0741065E+00   -5.5765568E+00   -2.0515157E+01    2.2561217E-02    5.3721663E-03
    1.6450000E+01    7.5256678E-01   -1.0627033E+00   -5.5656165E+00   -2.0473763E+01    2.2994978E-02    5.8060226E-03
    1.6550000E+01    7.5521543E-01   -1.0513270E+00   -5.5546944E+00   -2.0432428E+01    2.3448413E-02    6.2595538E-03
    1.6650000E+01    7.5785140E-01   -1.0399767E+00   -5.5437892E+00   -2.0391150E+01    2.3923015E-02    6.7342526E-03
    1.6750000E+01    7.6047480E-01   -1.0286509E+00   -5.5328997E+00   -2.0349927E+01    2.4420438E-02    7.2317727E-03
    1.6850000E+01    7.6308574E-01   -1.0173485E+00   -5.5220244E+00   -2.0308757E+01    2.4942519E-02    7.7539516E-03
    1.6950000E+01    7.6568433E-01   -1.0060681E+00   -5.5111620E+00   -2.0267637E+01    2.5491306E-02    8.3028374E-03
    1.7050000E+01    7.6827068E-01   -9.9480820E-01   -5.5003108E+00   -2.0226565E+01    2.6069090E-02    8.8807210E-03
    1.7150000E+01    7.7084489E-01   -9.8356708E-01   -5.4894690E+00   -2.0185539E+01    2.6678443E-02    9.4901732E-03
    1.7250000E+01    7.7340706E-01   -9.7234297E-01   -5.4786347E+00   -2.0144555E+01    2.7322260E-02    1.0134091E-02
    1.7350000E+01    7.7595729E-01   -9.6113392E-01   -5.4678058E+00   -2.0103611E+01    2.8003818E-02    1.0815751E-02
    1.7450000E+01    7.7849568E-01   -9.4993771E-01   -5.4569798E+00   -2.0062703E+01    2.8726841E-02    1.1538876E-02
    1.7550000E+01    7.8102231E-01   -9.3875190E-01   -5.4461542E+00   -2.0021829E+01    2.9495577E-02    1.2307715E-02
    1.7650000E+01    7.8353730E-01   -9.2757373E-01   -5.4353258E+00   -1.9980985E+01    3.0314902E-02    1.3127143E-02
    1.7750000E+01    7.8604071E-01   -9.1640007E-01   -5.4244914E+00   -1.9940166E+01    3.1190437E-02    1.4002782E-02
    1.7850000E+01    7.8853265E-01   -9.0522737E-01   -5.4136469E+00   -1.9899369E+01    3.2128705E-02    1.4941155E-02
    1.7950000E+01    7.9101319E-01   -8.9405152E-01   -5.4027879E+00   -1.9858588E+01    3.3137321E-02    1.5949878E-02
    1.8050000E+01    7.9348242E-01   -8.8286775E-01   -5.3919092E+00   -1.9817818E+01    3.4225238E-02    1.7037901E-02
    1.8150000E+01    7.9594041E-01   -8.7167048E-01   -5.3810045E+00   -1.9777053E+01    3.5403059E-02    1.8215831E-02
    1.8250000E+01    7.9838725E-01   -8.6045312E-01   -5.3700667E+00   -1.9736284E+01    3.6683453E-02    1.9496334E-02
    1.8350000E+01    8.0082301E-01   -8.4920778E-01   -5.3590870E+00   -1.9695504E+01    3.8081687E-02    2.0894678E-02
    1.8450000E+01    8.0324775E-01   -8.3792491E-01   -5.3480550E+00   -1.9654703E+01    3.9616356E-02    2.2429457E-02
    1.8550000E+01    8.0566154E-01   -8.2659283E-01   -5.3369577E+00   -1.9613867E+01    4.1310361E-02    2.4123575E-02
    1.8650000E+01    8.0806444E-01   -8.1519705E-01   -5.3257792E+00   -1.9572982E+01    4.3192275E-02    2.6005602E-02
    1.8750000E+01    8.1045650E-01   -8.0371930E-01   -5.3144992E+00   -1.9532030E+01    4.5298260E-02    2.8111702E-02
    1.8850000E+01    8.1283777E-01   -7.9213613E-01   -5.3030919E+00   -1.9490985E+01    4.7674850E-02    3.0488408E-02
    1.8950000E+01    8.1520828E-01   -7.8041692E-01   -5.2915235E+00   -1.9449818E+01    5.0383069E-02    3.3196745E-02
    1.9050000E+01    8.1756807E-01   -7.6852064E-01   -5.2797487E+00   -1.9408487E+01    5.3504744E-02    3.6318538E-02
    1.9150000E+01    8.1991712E-01   -7.5639094E-01   -5.2677053E+00   -1.9366937E+01    5.7152494E-02    3.9966410E-02
    1.9250000E+01    8.2225543E-01   -7.4394790E-01   -5.2553050E+00   -1.9325087E+01    6.1486270E-02    4.4300309E-02
    1.9350000E+01    8.2458294E-01   -7.3107364E-01   -5.2424178E+00   -1.9282822E+01    6.6742117E-02    4.9556282E-02
    1.9450000E+01    8.2689953E-01   -7.1758573E-01   -5.2288423E+00   -1.9239963E+01    7.3285518E-02    5.6099812E-02
    1.9550000E+01    8.2920493E-01   -7.0318391E-01   -5.2142471E+00   -1.9196213E+01    8.1718551E-02    6.4532977E-02
    1.9650000E+01    8.3149475E-01   -6.8734201E-01   -5.1980499E+00   -1.9151067E+01    9.3119292E-02    7.5933857E-02
    1.9750000E+01    8.3350099E-01   -6.6976440E-01   -5.1797883E+00   -1.9105011E+01    1.0966621E-01    9.2480923E-02
    1.9850000E+01    8.2220385E-01   -6.8616420E-01   -5.1922231E+00   -1.9130323E+01    1.3692813E-01    1.1974298E-01
    1.9950000E+01   -1.3874190E-01   -3.4804182E+00   -7.7862297E+00   -2.4520679E+01    1.9626142E-01    1.7907555E-01
