 TITLE = "Isotope ratios" 
    Distance        Li7+            
    5.0000000E-02   -1.0684444E+01
    1.5000000E-01   -1.3925241E+01
    2.5000000E-01   -1.5379004E+01
    3.5000000E-01   -1.6569724E+01
    4.5000000E-01   -1.7630705E+01
    5.5000000E-01   -1.8578712E+01
    6.5000000E-01   -1.9425646E+01
    7.5000000E-01   -2.0182089E+01
    8.5000000E-01   -2.0857524E+01
    9.5000000E-01   -2.1460452E+01
    1.0500000E+00   -2.1998487E+01
    1.1500000E+00   -2.2478454E+01
    1.2500000E+00   -2.2906461E+01
    1.3500000E+00   -2.3287979E+01
    1.4500000E+00   -2.3627908E+01
    1.5500000E+00   -2.3930632E+01
    1.6500000E+00   -2.4200074E+01
    1.7500000E+00   -2.4439748E+01
    1.8500000E+00   -2.4652795E+01
    1.9500000E+00   -2.4842027E+01
    2.0500000E+00   -2.5009960E+01
    2.1500000E+00   -2.5158845E+01
    2.2500000E+00   -2.5290693E+01
    2.3500000E+00   -2.5407306E+01
    2.4500000E+00   -2.5510294E+01
    2.5500000E+00   -2.5601097E+01
    2.6500000E+00   -2.5681003E+01
    2.7500000E+00   -2.5751165E+01
    2.8500000E+00   -2.5812612E+01
    2.9500000E+00   -2.5866267E+01
    3.0500000E+00   -2.5912952E+01
    3.1500000E+00   -2.5953406E+01
    3.2500000E+00   -2.5988286E+01
    3.3500000E+00   -2.6018183E+01
    3.4500000E+00   -2.6043624E+01
    3.5500000E+00   -2.6065079E+01
    3.6500000E+00   -2.6082971E+01
    3.7500000E+00   -2.6097677E+01
    3.8500000E+00   -2.6109533E+01
    3.9500000E+00   -2.6118842E+01
    4.0500000E+00   -2.6125874E+01
    4.1500000E+00   -2.6130869E+01
    4.2500000E+00   -2.6134045E+01
    4.3500000E+00   -2.6135593E+01
    4.4500000E+00   -2.6135688E+01
    4.5500000E+00   -2.6134483E+01
    4.6500000E+00   -2.6132117E+01
    4.7500000E+00   -2.6128714E+01
    4.8500000E+00   -2.6124385E+01
    4.9500000E+00   -2.6119229E+01
    5.0500000E+00   -2.6113334E+01
    5.1500000E+00   -2.6106780E+01
    5.2500000E+00   -2.6099638E+01
    5.3500000E+00   -2.6091971E+01
    5.4500000E+00   -2.6083838E+01
    5.5500000E+00   -2.6075287E+01
    5.6500000E+00   -2.6066366E+01
    5.7500000E+00   -2.6057114E+01
    5.8500000E+00   -2.6047569E+01
    5.9500000E+00   -2.6037763E+01
    6.0500000E+00   -2.6027725E+01
    6.1500000E+00   -2.6017481E+01
    6.2500000E+00   -2.6007055E+01
    6.3500000E+00   -2.5996468E+01
    6.4500000E+00   -2.5985738E+01
    6.5500000E+00   -2.5974882E+01
    6.6500000E+00   -2.5963916E+01
    6.7500000E+00   -2.5952851E+01
    6.8500000E+00   -2.5941701E+01
    6.9500000E+00   -2.5930475E+01
    7.0500000E+00   -2.5919184E+01
    7.1500000E+00   -2.5907836E+01
    7.2500000E+00   -2.5896438E+01
    7.3500000E+00   -2.5884997E+01
    7.4500000E+00   -2.5873519E+01
    7.5500000E+00   -2.5862009E+01
    7.6500000E+00   -2.5850472E+01
    7.7500000E+00   -2.5838912E+01
    7.8500000E+00   -2.5827333E+01
    7.9500000E+00   -2.5815737E+01
    8.0500000E+00   -2.5804128E+01
    8.1500000E+00   -2.5792508E+01
    8.2500000E+00   -2.5780879E+01
    8.3500000E+00   -2.5769244E+01
    8.4500000E+00   -2.5757603E+01
    8.5500000E+00   -2.5745958E+01
    8.6500000E+00   -2.5734310E+01
    8.7500000E+00   -2.5722660E+01
    8.8500000E+00   -2.5711010E+01
    8.9500000E+00   -2.5699359E+01
    9.0500000E+00   -2.5687708E+01
    9.1500000E+00   -2.5676057E+01
    9.2500000E+00   -2.5664407E+01
    9.3500000E+00   -2.5652758E+01
    9.4500000E+00   -2.5641110E+01
    9.5500000E+00   -2.5629463E+01
    9.6500000E+00   -2.5617817E+01
    9.7500000E+00   -2.5606171E+01
    9.8500000E+00   -2.5594525E+01
    9.9500000E+00   -2.5582880E+01
    1.0050000E+01   -2.5571234E+01
    1.0150000E+01   -2.5559588E+01
    1.0250000E+01   -2.5547940E+01
    1.0350000E+01   -2.5536291E+01
    1.0450000E+01   -2.5524640E+01
    1.0550000E+01   -2.5512986E+01
    1.0650000E+01   -2.5501328E+01
    1.0750000E+01   -2.5489667E+01
    1.0850000E+01   -2.5478000E+01
    1.0950000E+01   -2.5466329E+01
    1.1050000E+01   -2.5454651E+01
    1.1150000E+01   -2.5442967E+01
    1.1250000E+01   -2.5431275E+01
    1.1350000E+01   -2.5419574E+01
    1.1450000E+01   -2.5407865E+01
    1.1550000E+01   -2.5396145E+01
    1.1650000E+01   -2.5384414E+01
    1.1750000E+01   -2.5372672E+01
    1.1850000E+01   -2.5360916E+01
    1.1950000E+01   -2.5349148E+01
    1.2050000E+01   -2.5337364E+01
    1.2150000E+01   -2.5325565E+01
    1.2250000E+01   -2.5313750E+01
    1.2350000E+01   -2.5301917E+01
    1.2450000E+01   -2.5290066E+01
    1.2550000E+01   -2.5278195E+01
    1.2650000E+01   -2.5266304E+01
    1.2750000E+01   -2.5254391E+01
    1.2850000E+01   -2.5242455E+01
    1.2950000E+01   -2.5230495E+01
    1.3050000E+01   -2.5218511E+01
    1.3150000E+01   -2.5206501E+01
    1.3250000E+01   -2.5194463E+01
    1.3350000E+01   -2.5182397E+01
    1.3450000E+01   -2.5170302E+01
    1.3550000E+01   -2.5158176E+01
    1.3650000E+01   -2.5146017E+01
    1.3750000E+01   -2.5133826E+01
    1.3850000E+01   -2.5121600E+01
    1.3950000E+01   -2.5109338E+01
    1.4050000E+01   -2.5097040E+01
    1.4150000E+01   -2.5084702E+01
    1.4250000E+01   -2.5072325E+01
    1.4350000E+01   -2.5059907E+01
    1.4450000E+01   -2.5047447E+01
    1.4550000E+01   -2.5034942E+01
    1.4650000E+01   -2.5022392E+01
    1.4750000E+01   -2.5009796E+01
    1.4850000E+01   -2.4997151E+01
    1.4950000E+01   -2.4984455E+01
    1.5050000E+01   -2.4971709E+01
    1.5150000E+01   -2.4958910E+01
    1.5250000E+01   -2.4946056E+01
    1.5350000E+01   -2.4933145E+01
    1.5450000E+01   -2.4920177E+01
    1.5550000E+01   -2.4907149E+01
    1.5650000E+01   -2.4894060E+01
    1.5750000E+01   -2.4880907E+01
    1.5850000E+01   -2.4867690E+01
    1.5950000E+01   -2.4854406E+01
    1.6050000E+01   -2.4841053E+01
    1.6150000E+01   -2.4827629E+01
    1.6250000E+01   -2.4814133E+01
    1.6350000E+01   -2.4800562E+01
    1.6450000E+01   -2.4786914E+01
    1.6550000E+01   -2.4773187E+01
    1.6650000E+01   -2.4759379E+01
    1.6750000E+01   -2.4745488E+01
    1.6850000E+01   -2.4731510E+01
    1.6950000E+01   -2.4717445E+01
    1.7050000E+01   -2.4703288E+01
    1.7150000E+01   -2.4689037E+01
    1.7250000E+01   -2.4674691E+01
    1.7350000E+01   -2.4660245E+01
    1.7450000E+01   -2.4645697E+01
    1.7550000E+01   -2.4631043E+01
    1.7650000E+01   -2.4616280E+01
    1.7750000E+01   -2.4601405E+01
    1.7850000E+01   -2.4586414E+01
    1.7950000E+01   -2.4571302E+01
    1.8050000E+01   -2.4556065E+01
    1.8150000E+01   -2.4540698E+01
    1.8250000E+01   -2.4525196E+01
    1.8350000E+01   -2.4509553E+01
    1.8450000E+01   -2.4493761E+01
    1.8550000E+01   -2.4477814E+01
    1.8650000E+01   -2.4461703E+01
    1.8750000E+01   -2.4445417E+01
    1.8850000E+01   -2.4428943E+01
    1.8950000E+01   -2.4412267E+01
    1.9050000E+01   -2.4395370E+01
    1.9150000E+01   -2.4378227E+01
    1.9250000E+01   -2.4360807E+01
    1.9350000E+01   -2.4343065E+01
    1.9450000E+01   -2.4324937E+01
    1.9550000E+01   -2.4306323E+01
    1.9650000E+01   -2.4287059E+01
    1.9750000E+01   -2.4266839E+01
    1.9850000E+01   -2.4245769E+01
    1.9950000E+01   -2.4264226E+01
