# Time          3.5000E+00
# Units: Mol/m**3 Porous Medium/s
    Distance           Quartz           K-Feldspar_Li    Oligoclase_Li    Biotite_Li       Kaolinite_Li7    Kaolinite_Li6
    5.0000000E-02   -2.7384123E-14   -4.0115102E-11   -1.6226743E-10   -3.2554258E-11    1.0017216E-10    8.2768687E-12
    1.5000000E-01   -9.3574295E-15   -4.0129323E-11   -1.6260344E-10   -3.2635724E-11    1.2045725E-10    9.9425550E-12
    2.5000000E-01   -7.6972525E-16   -4.0143951E-11   -1.6294016E-10   -3.2717377E-11    1.1735184E-10    9.6767892E-12
    3.5000000E-01   -2.1202387E-15   -4.0161756E-11   -1.6327755E-10   -3.2799209E-11    1.1703430E-10    9.6382170E-12
    4.5000000E-01   -6.2673648E-15   -4.0180416E-11   -1.6361557E-10   -3.2881210E-11    1.1724618E-10    9.6412075E-12
    5.5000000E-01   -8.9342210E-15   -4.0198502E-11   -1.6395419E-10   -3.2963372E-11    1.1751628E-10    9.6500734E-12
    6.5000000E-01   -9.5779979E-15   -4.0216034E-11   -1.6429338E-10   -3.3045690E-11    1.1779677E-10    9.6630533E-12
    7.5000000E-01   -8.9816669E-15   -4.0233267E-11   -1.6463311E-10   -3.3128156E-11    1.1803690E-10    9.6756626E-12
    8.5000000E-01   -7.8409636E-15   -4.0250367E-11   -1.6497336E-10   -3.3210765E-11    1.1824398E-10    9.6873173E-12
    9.5000000E-01   -6.5073230E-15   -4.0267413E-11   -1.6531411E-10   -3.3293512E-11    1.1843941E-10    9.6989599E-12
    1.0500000E+00   -5.1144481E-15   -4.0284435E-11   -1.6565533E-10   -3.3376392E-11    1.1863350E-10    9.7110599E-12
    1.1500000E+00   -3.7041908E-15   -4.0301441E-11   -1.6599702E-10   -3.3459402E-11    1.1882935E-10    9.7237194E-12
    1.2500000E+00   -2.2878144E-15   -4.0318431E-11   -1.6633916E-10   -3.3542537E-11    1.1902757E-10    9.7369169E-12
    1.3500000E+00   -8.6799977E-16   -4.0335405E-11   -1.6668173E-10   -3.3625796E-11    1.1922809E-10    9.7506033E-12
    1.4500000E+00    0.0000000E+00   -4.0352360E-11   -1.6702473E-10   -3.3709175E-11    1.1943071E-10    9.7647283E-12
    1.5500000E+00    0.0000000E+00   -4.0369295E-11   -1.6736813E-10   -3.3792671E-11    1.1963523E-10    9.7792465E-12
    1.6500000E+00    0.0000000E+00   -4.0386208E-11   -1.6771195E-10   -3.3876283E-11    1.1984146E-10    9.7941177E-12
    1.7500000E+00    0.0000000E+00   -4.0403095E-11   -1.6805616E-10   -3.3960009E-11    1.2004924E-10    9.8093065E-12
    1.8500000E+00    0.0000000E+00   -4.0419956E-11   -1.6840076E-10   -3.4043847E-11    1.2025842E-10    9.8247816E-12
    1.9500000E+00    0.0000000E+00   -4.0436788E-11   -1.6874574E-10   -3.4127797E-11    1.2046889E-10    9.8405153E-12
    2.0500000E+00    0.0000000E+00   -4.0453589E-11   -1.6909111E-10   -3.4211856E-11    1.2068053E-10    9.8564833E-12
    2.1500000E+00    0.0000000E+00   -4.0470356E-11   -1.6943685E-10   -3.4296024E-11    1.2089325E-10    9.8726637E-12
    2.2500000E+00    0.0000000E+00   -4.0487089E-11   -1.6978296E-10   -3.4380300E-11    1.2110695E-10    9.8890373E-12
    2.3500000E+00    0.0000000E+00   -4.0503783E-11   -1.7012945E-10   -3.4464683E-11    1.2132157E-10    9.9055868E-12
    2.4500000E+00    0.0000000E+00   -4.0520437E-11   -1.7047630E-10   -3.4549173E-11    1.2153703E-10    9.9222971E-12
    2.5500000E+00    0.0000000E+00   -4.0537049E-11   -1.7082351E-10   -3.4633769E-11    1.2175328E-10    9.9391542E-12
    2.6500000E+00    0.0000000E+00   -4.0553617E-11   -1.7117108E-10   -3.4718470E-11    1.2197027E-10    9.9561461E-12
    2.7500000E+00    0.0000000E+00   -4.0570137E-11   -1.7151902E-10   -3.4803277E-11    1.2218793E-10    9.9732617E-12
    2.8500000E+00    0.0000000E+00   -4.0586607E-11   -1.7186732E-10   -3.4888189E-11    1.2240623E-10    9.9904912E-12
    2.9500000E+00    0.0000000E+00   -4.0603026E-11   -1.7221597E-10   -3.4973206E-11    1.2262514E-10    1.0007826E-11
    3.0500000E+00    0.0000000E+00   -4.0619389E-11   -1.7256498E-10   -3.5058327E-11    1.2284461E-10    1.0025257E-11
    3.1500000E+00    0.0000000E+00   -4.0635695E-11   -1.7291435E-10   -3.5143552E-11    1.2306461E-10    1.0042778E-11
    3.2500000E+00    0.0000000E+00   -4.0651941E-11   -1.7326408E-10   -3.5228882E-11    1.2328512E-10    1.0060383E-11
    3.3500000E+00    0.0000000E+00   -4.0668124E-11   -1.7361416E-10   -3.5314316E-11    1.2350610E-10    1.0078065E-11
    3.4500000E+00    0.0000000E+00   -4.0684241E-11   -1.7396460E-10   -3.5399854E-11    1.2372754E-10    1.0095819E-11
    3.5500000E+00    0.0000000E+00   -4.0700289E-11   -1.7431539E-10   -3.5485495E-11    1.2394941E-10    1.0113641E-11
    3.6500000E+00    0.0000000E+00   -4.0716266E-11   -1.7466653E-10   -3.5571241E-11    1.2417169E-10    1.0131526E-11
    3.7500000E+00    0.0000000E+00   -4.0732167E-11   -1.7501804E-10   -3.5657090E-11    1.2439437E-10    1.0149469E-11
    3.8500000E+00    0.0000000E+00   -4.0747991E-11   -1.7536989E-10   -3.5743043E-11    1.2461742E-10    1.0167468E-11
    3.9500000E+00    0.0000000E+00   -4.0763733E-11   -1.7572210E-10   -3.5829100E-11    1.2484083E-10    1.0185519E-11
    4.0500000E+00    0.0000000E+00   -4.0779390E-11   -1.7607466E-10   -3.5915260E-11    1.2506459E-10    1.0203618E-11
    4.1500000E+00    0.0000000E+00   -4.0794960E-11   -1.7642758E-10   -3.6001524E-11    1.2528869E-10    1.0221764E-11
    4.2500000E+00    0.0000000E+00   -4.0810438E-11   -1.7678085E-10   -3.6087892E-11    1.2551310E-10    1.0239954E-11
    4.3500000E+00    0.0000000E+00   -4.0825821E-11   -1.7713447E-10   -3.6174363E-11    1.2573783E-10    1.0258185E-11
    4.4500000E+00    0.0000000E+00   -4.0841105E-11   -1.7748845E-10   -3.6260938E-11    1.2596286E-10    1.0276455E-11
    4.5500000E+00    0.0000000E+00   -4.0856287E-11   -1.7784278E-10   -3.6347616E-11    1.2618817E-10    1.0294762E-11
    4.6500000E+00    0.0000000E+00   -4.0871362E-11   -1.7819747E-10   -3.6434398E-11    1.2641377E-10    1.0313105E-11
    4.7500000E+00    0.0000000E+00   -4.0886327E-11   -1.7855251E-10   -3.6521284E-11    1.2663964E-10    1.0331481E-11
    4.8500000E+00    0.0000000E+00   -4.0901178E-11   -1.7890790E-10   -3.6608273E-11    1.2686576E-10    1.0349890E-11
    4.9500000E+00    0.0000000E+00   -4.0915911E-11   -1.7926365E-10   -3.6695366E-11    1.2709215E-10    1.0368329E-11
    5.0500000E+00    0.0000000E+00   -4.0930520E-11   -1.7961975E-10   -3.6782562E-11    1.2731878E-10    1.0386797E-11
    5.1500000E+00    0.0000000E+00   -4.0945003E-11   -1.7997620E-10   -3.6869862E-11    1.2754566E-10    1.0405294E-11
    5.2500000E+00    0.0000000E+00   -4.0959355E-11   -1.8033301E-10   -3.6957266E-11    1.2777276E-10    1.0423818E-11
    5.3500000E+00    0.0000000E+00   -4.0973570E-11   -1.8069017E-10   -3.7044773E-11    1.2800010E-10    1.0442367E-11
    5.4500000E+00    0.0000000E+00   -4.0987645E-11   -1.8104768E-10   -3.7132384E-11    1.2822765E-10    1.0460941E-11
    5.5500000E+00    0.0000000E+00   -4.1001574E-11   -1.8140555E-10   -3.7220098E-11    1.2845542E-10    1.0479539E-11
    5.6500000E+00    0.0000000E+00   -4.1015353E-11   -1.8176377E-10   -3.7307916E-11    1.2868341E-10    1.0498160E-11
    5.7500000E+00    0.0000000E+00   -4.1028977E-11   -1.8212235E-10   -3.7395837E-11    1.2891159E-10    1.0516803E-11
    5.8500000E+00    0.0000000E+00   -4.1042440E-11   -1.8248128E-10   -3.7483862E-11    1.2913997E-10    1.0535467E-11
    5.9500000E+00    0.0000000E+00   -4.1055738E-11   -1.8284056E-10   -3.7571990E-11    1.2936855E-10    1.0554152E-11
    6.0500000E+00    0.0000000E+00   -4.1068865E-11   -1.8320020E-10   -3.7660222E-11    1.2959732E-10    1.0572856E-11
    6.1500000E+00    0.0000000E+00   -4.1081816E-11   -1.8356019E-10   -3.7748558E-11    1.2982627E-10    1.0591580E-11
    6.2500000E+00    0.0000000E+00   -4.1094585E-11   -1.8392053E-10   -3.7836997E-11    1.3005540E-10    1.0610321E-11
    6.3500000E+00    0.0000000E+00   -4.1107165E-11   -1.8428123E-10   -3.7925540E-11    1.3028470E-10    1.0629081E-11
    6.4500000E+00    0.0000000E+00   -4.1119553E-11   -1.8464228E-10   -3.8014186E-11    1.3051417E-10    1.0647858E-11
    6.5500000E+00    0.0000000E+00   -4.1131741E-11   -1.8500368E-10   -3.8102936E-11    1.3074381E-10    1.0666651E-11
    6.6500000E+00    0.0000000E+00   -4.1143723E-11   -1.8536544E-10   -3.8191790E-11    1.3097361E-10    1.0685461E-11
    6.7500000E+00    0.0000000E+00   -4.1155493E-11   -1.8572755E-10   -3.8280747E-11    1.3120356E-10    1.0704286E-11
    6.8500000E+00    0.0000000E+00   -4.1167044E-11   -1.8609001E-10   -3.8369807E-11    1.3143367E-10    1.0723125E-11
    6.9500000E+00    0.0000000E+00   -4.1178371E-11   -1.8645283E-10   -3.8458972E-11    1.3166392E-10    1.0741979E-11
    7.0500000E+00    0.0000000E+00   -4.1189466E-11   -1.8681600E-10   -3.8548239E-11    1.3189431E-10    1.0760848E-11
    7.1500000E+00    0.0000000E+00   -4.1200323E-11   -1.8717952E-10   -3.8637611E-11    1.3212485E-10    1.0779729E-11
    7.2500000E+00    0.0000000E+00   -4.1210934E-11   -1.8754340E-10   -3.8727086E-11    1.3235551E-10    1.0798624E-11
    7.3500000E+00    0.0000000E+00   -4.1221293E-11   -1.8790764E-10   -3.8816664E-11    1.3258631E-10    1.0817530E-11
    7.4500000E+00    0.0000000E+00   -4.1231391E-11   -1.8827222E-10   -3.8906346E-11    1.3281723E-10    1.0836449E-11
    7.5500000E+00    0.0000000E+00   -4.1241222E-11   -1.8863716E-10   -3.8996132E-11    1.3304827E-10    1.0855380E-11
    7.6500000E+00    0.0000000E+00   -4.1250777E-11   -1.8900245E-10   -3.9086021E-11    1.3327943E-10    1.0874321E-11
    7.7500000E+00    0.0000000E+00   -4.1260050E-11   -1.8936810E-10   -3.9176014E-11    1.3351069E-10    1.0893273E-11
    7.8500000E+00    0.0000000E+00   -4.1269032E-11   -1.8973410E-10   -3.9266110E-11    1.3374207E-10    1.0912236E-11
    7.9500000E+00    0.0000000E+00   -4.1277714E-11   -1.9010045E-10   -3.9356310E-11    1.3397355E-10    1.0931208E-11
    8.0500000E+00    0.0000000E+00   -4.1286089E-11   -1.9046716E-10   -3.9446613E-11    1.3420512E-10    1.0950189E-11
    8.1500000E+00    0.0000000E+00   -4.1294148E-11   -1.9083422E-10   -3.9537020E-11    1.3443679E-10    1.0969180E-11
    8.2500000E+00    0.0000000E+00   -4.1301882E-11   -1.9120163E-10   -3.9627531E-11    1.3466855E-10    1.0988178E-11
    8.3500000E+00    0.0000000E+00   -4.1309282E-11   -1.9156940E-10   -3.9718145E-11    1.3490039E-10    1.1007185E-11
    8.4500000E+00    0.0000000E+00   -4.1316340E-11   -1.9193752E-10   -3.9808863E-11    1.3513231E-10    1.1026199E-11
    8.5500000E+00    0.0000000E+00   -4.1323045E-11   -1.9230600E-10   -3.9899684E-11    1.3536431E-10    1.1045221E-11
    8.6500000E+00    0.0000000E+00   -4.1329388E-11   -1.9267482E-10   -3.9990609E-11    1.3559637E-10    1.1064249E-11
    8.7500000E+00    0.0000000E+00   -4.1335360E-11   -1.9304401E-10   -4.0081637E-11    1.3582850E-10    1.1083283E-11
    8.8500000E+00    0.0000000E+00   -4.1340951E-11   -1.9341354E-10   -4.0172769E-11    1.3606069E-10    1.1102323E-11
    8.9500000E+00    0.0000000E+00   -4.1346150E-11   -1.9378343E-10   -4.0264005E-11    1.3629293E-10    1.1121368E-11
    9.0500000E+00    0.0000000E+00   -4.1350947E-11   -1.9415367E-10   -4.0355344E-11    1.3652522E-10    1.1140418E-11
    9.1500000E+00    0.0000000E+00   -4.1355332E-11   -1.9452427E-10   -4.0446787E-11    1.3675756E-10    1.1159473E-11
    9.2500000E+00    0.0000000E+00   -4.1359293E-11   -1.9489522E-10   -4.0538333E-11    1.3698993E-10    1.1178531E-11
    9.3500000E+00    0.0000000E+00   -4.1362820E-11   -1.9526652E-10   -4.0629983E-11    1.3722234E-10    1.1197593E-11
    9.4500000E+00    0.0000000E+00   -4.1365901E-11   -1.9563817E-10   -4.0721737E-11    1.3745477E-10    1.1216658E-11
    9.5500000E+00    0.0000000E+00   -4.1368525E-11   -1.9601018E-10   -4.0813594E-11    1.3768723E-10    1.1235726E-11
    9.6500000E+00    0.0000000E+00   -4.1370680E-11   -1.9638255E-10   -4.0905554E-11    1.3791970E-10    1.1254795E-11
    9.7500000E+00    0.0000000E+00   -4.1372354E-11   -1.9675526E-10   -4.0997618E-11    1.3815218E-10    1.1273867E-11
    9.8500000E+00    0.0000000E+00   -4.1373535E-11   -1.9712833E-10   -4.1089786E-11    1.3838467E-10    1.1292939E-11
    9.9500000E+00    0.0000000E+00   -4.1374209E-11   -1.9750176E-10   -4.1182057E-11    1.3861715E-10    1.1312011E-11
    1.0050000E+01    0.0000000E+00   -4.1374365E-11   -1.9787554E-10   -4.1274432E-11    1.3884963E-10    1.1331084E-11
    1.0150000E+01    0.0000000E+00   -4.1373989E-11   -1.9824967E-10   -4.1366911E-11    1.3908209E-10    1.1350156E-11
    1.0250000E+01    0.0000000E+00   -4.1373068E-11   -1.9862415E-10   -4.1459493E-11    1.3931453E-10    1.1369227E-11
    1.0350000E+01    0.0000000E+00   -4.1371588E-11   -1.9899899E-10   -4.1552178E-11    1.3954694E-10    1.1388296E-11
    1.0450000E+01    0.0000000E+00   -4.1369535E-11   -1.9937418E-10   -4.1644967E-11    1.3977932E-10    1.1407363E-11
    1.0550000E+01    0.0000000E+00   -4.1366896E-11   -1.9974972E-10   -4.1737860E-11    1.4001166E-10    1.1426428E-11
    1.0650000E+01    0.0000000E+00   -4.1363654E-11   -2.0012562E-10   -4.1830856E-11    1.4024395E-10    1.1445489E-11
    1.0750000E+01    0.0000000E+00   -4.1359796E-11   -2.0050187E-10   -4.1923956E-11    1.4047618E-10    1.1464546E-11
    1.0850000E+01    0.0000000E+00   -4.1355307E-11   -2.0087848E-10   -4.2017160E-11    1.4070836E-10    1.1483599E-11
    1.0950000E+01    0.0000000E+00   -4.1350170E-11   -2.0125544E-10   -4.2110467E-11    1.4094046E-10    1.1502647E-11
    1.1050000E+01    0.0000000E+00   -4.1344371E-11   -2.0163275E-10   -4.2203877E-11    1.4117249E-10    1.1521689E-11
    1.1150000E+01    0.0000000E+00   -4.1337892E-11   -2.0201042E-10   -4.2297391E-11    1.4140443E-10    1.1540725E-11
    1.1250000E+01    0.0000000E+00   -4.1330718E-11   -2.0238844E-10   -4.2391009E-11    1.4163628E-10    1.1559754E-11
    1.1350000E+01    0.0000000E+00   -4.1322832E-11   -2.0276681E-10   -4.2484730E-11    1.4186803E-10    1.1578775E-11
    1.1450000E+01    0.0000000E+00   -4.1314216E-11   -2.0314553E-10   -4.2578555E-11    1.4209968E-10    1.1597788E-11
    1.1550000E+01    0.0000000E+00   -4.1304853E-11   -2.0352461E-10   -4.2672484E-11    1.4233120E-10    1.1616792E-11
    1.1650000E+01    0.0000000E+00   -4.1294725E-11   -2.0390405E-10   -4.2766516E-11    1.4256260E-10    1.1635786E-11
    1.1750000E+01    0.0000000E+00   -4.1283814E-11   -2.0428383E-10   -4.2860651E-11    1.4279387E-10    1.1654770E-11
    1.1850000E+01    0.0000000E+00   -4.1272101E-11   -2.0466397E-10   -4.2954891E-11    1.4302500E-10    1.1673743E-11
    1.1950000E+01    0.0000000E+00   -4.1259567E-11   -2.0504447E-10   -4.3049233E-11    1.4325597E-10    1.1692704E-11
    1.2050000E+01    0.0000000E+00   -4.1246192E-11   -2.0542531E-10   -4.3143680E-11    1.4348679E-10    1.1711653E-11
    1.2150000E+01    0.0000000E+00   -4.1231956E-11   -2.0580651E-10   -4.3238229E-11    1.4371743E-10    1.1730589E-11
    1.2250000E+01    0.0000000E+00   -4.1216840E-11   -2.0618807E-10   -4.3332883E-11    1.4394790E-10    1.1749510E-11
    1.2350000E+01    0.0000000E+00   -4.1200823E-11   -2.0656997E-10   -4.3427640E-11    1.4417817E-10    1.1768417E-11
    1.2450000E+01    0.0000000E+00   -4.1183883E-11   -2.0695224E-10   -4.3522501E-11    1.4440825E-10    1.1787308E-11
    1.2550000E+01    0.0000000E+00   -4.1165999E-11   -2.0733485E-10   -4.3617465E-11    1.4463812E-10    1.1806182E-11
    1.2650000E+01    0.0000000E+00   -4.1147148E-11   -2.0771782E-10   -4.3712532E-11    1.4486777E-10    1.1825040E-11
    1.2750000E+01    0.0000000E+00   -4.1127308E-11   -2.0810114E-10   -4.3807704E-11    1.4509719E-10    1.1843879E-11
    1.2850000E+01    0.0000000E+00   -4.1106456E-11   -2.0848481E-10   -4.3902979E-11    1.4532637E-10    1.1862699E-11
    1.2950000E+01    0.0000000E+00   -4.1084569E-11   -2.0886884E-10   -4.3998357E-11    1.4555530E-10    1.1881499E-11
    1.3050000E+01    0.0000000E+00   -4.1061622E-11   -2.0925322E-10   -4.4093839E-11    1.4578397E-10    1.1900279E-11
    1.3150000E+01    0.0000000E+00   -4.1037592E-11   -2.0963796E-10   -4.4189425E-11    1.4601236E-10    1.1919036E-11
    1.3250000E+01    0.0000000E+00   -4.1012452E-11   -2.1002304E-10   -4.4285114E-11    1.4624047E-10    1.1937771E-11
    1.3350000E+01    0.0000000E+00   -4.0986177E-11   -2.1040849E-10   -4.4380907E-11    1.4646828E-10    1.1956482E-11
    1.3450000E+01    0.0000000E+00   -4.0958741E-11   -2.1079428E-10   -4.4476803E-11    1.4669578E-10    1.1975169E-11
    1.3550000E+01    0.0000000E+00   -4.0930117E-11   -2.1118043E-10   -4.4572803E-11    1.4692295E-10    1.1993830E-11
    1.3650000E+01    0.0000000E+00   -4.0900279E-11   -2.1156693E-10   -4.4668906E-11    1.4714980E-10    1.2012464E-11
    1.3750000E+01    0.0000000E+00   -4.0869197E-11   -2.1195378E-10   -4.4765113E-11    1.4737629E-10    1.2031071E-11
    1.3850000E+01    0.0000000E+00   -4.0836843E-11   -2.1234099E-10   -4.4861424E-11    1.4760242E-10    1.2049649E-11
    1.3950000E+01    0.0000000E+00   -4.0803189E-11   -2.1272855E-10   -4.4957838E-11    1.4782818E-10    1.2068197E-11
    1.4050000E+01    0.0000000E+00   -4.0768204E-11   -2.1311647E-10   -4.5054356E-11    1.4805355E-10    1.2086713E-11
    1.4150000E+01    0.0000000E+00   -4.0731858E-11   -2.1350474E-10   -4.5150977E-11    1.4827852E-10    1.2105198E-11
    1.4250000E+01    0.0000000E+00   -4.0694119E-11   -2.1389336E-10   -4.5247702E-11    1.4850306E-10    1.2123649E-11
    1.4350000E+01    0.0000000E+00   -4.0654956E-11   -2.1428234E-10   -4.5344531E-11    1.4872718E-10    1.2142066E-11
    1.4450000E+01    0.0000000E+00   -4.0614336E-11   -2.1467166E-10   -4.5441463E-11    1.4895085E-10    1.2160447E-11
    1.4550000E+01    0.0000000E+00   -4.0572225E-11   -2.1506135E-10   -4.5538498E-11    1.4917406E-10    1.2178790E-11
    1.4650000E+01    0.0000000E+00   -4.0528589E-11   -2.1545138E-10   -4.5635638E-11    1.4939678E-10    1.2197096E-11
    1.4750000E+01    0.0000000E+00   -4.0483393E-11   -2.1584177E-10   -4.5732880E-11    1.4961901E-10    1.2215361E-11
    1.4850000E+01    0.0000000E+00   -4.0436601E-11   -2.1623251E-10   -4.5830227E-11    1.4984073E-10    1.2233586E-11
    1.4950000E+01    0.0000000E+00   -4.0388176E-11   -2.1662361E-10   -4.5927677E-11    1.5006192E-10    1.2251768E-11
    1.5050000E+01    0.0000000E+00   -4.0338081E-11   -2.1701505E-10   -4.6025230E-11    1.5028257E-10    1.2269907E-11
    1.5150000E+01    0.0000000E+00   -4.0286277E-11   -2.1740686E-10   -4.6122887E-11    1.5050265E-10    1.2288000E-11
    1.5250000E+01    0.0000000E+00   -4.0232723E-11   -2.1779901E-10   -4.6220648E-11    1.5072214E-10    1.2306046E-11
    1.5350000E+01    0.0000000E+00   -4.0177380E-11   -2.1819152E-10   -4.6318512E-11    1.5094104E-10    1.2324045E-11
    1.5450000E+01    0.0000000E+00   -4.0120205E-11   -2.1858438E-10   -4.6416480E-11    1.5115931E-10    1.2341993E-11
    1.5550000E+01    0.0000000E+00   -4.0061156E-11   -2.1897760E-10   -4.6514551E-11    1.5137694E-10    1.2359889E-11
    1.5650000E+01    0.0000000E+00   -4.0000187E-11   -2.1937116E-10   -4.6612726E-11    1.5159391E-10    1.2377733E-11
    1.5750000E+01    0.0000000E+00   -3.9937255E-11   -2.1976509E-10   -4.6711005E-11    1.5181020E-10    1.2395522E-11
    1.5850000E+01    0.0000000E+00   -3.9872310E-11   -2.2015936E-10   -4.6809387E-11    1.5202578E-10    1.2413254E-11
    1.5950000E+01    0.0000000E+00   -3.9805306E-11   -2.2055399E-10   -4.6907872E-11    1.5224063E-10    1.2430927E-11
    1.6050000E+01    0.0000000E+00   -3.9736193E-11   -2.2094897E-10   -4.7006462E-11    1.5245474E-10    1.2448540E-11
    1.6150000E+01    0.0000000E+00   -3.9664918E-11   -2.2134430E-10   -4.7105154E-11    1.5266806E-10    1.2466091E-11
    1.6250000E+01    0.0000000E+00   -3.9591428E-11   -2.2173999E-10   -4.7203951E-11    1.5288059E-10    1.2483578E-11
    1.6350000E+01    0.0000000E+00   -3.9515669E-11   -2.2213603E-10   -4.7302851E-11    1.5309230E-10    1.2500998E-11
    1.6450000E+01    0.0000000E+00   -3.9437583E-11   -2.2253242E-10   -4.7401854E-11    1.5330315E-10    1.2518350E-11
    1.6550000E+01    0.0000000E+00   -3.9357111E-11   -2.2292917E-10   -4.7500961E-11    1.5351313E-10    1.2535631E-11
    1.6650000E+01    0.0000000E+00   -3.9274190E-11   -2.2332627E-10   -4.7600172E-11    1.5372219E-10    1.2552838E-11
    1.6750000E+01    0.0000000E+00   -3.9188757E-11   -2.2372372E-10   -4.7699486E-11    1.5393032E-10    1.2569971E-11
    1.6850000E+01    0.0000000E+00   -3.9100743E-11   -2.2412153E-10   -4.7798904E-11    1.5413748E-10    1.2587025E-11
    1.6950000E+01    0.0000000E+00   -3.9010077E-11   -2.2451969E-10   -4.7898426E-11    1.5434364E-10    1.2603999E-11
    1.7050000E+01    0.0000000E+00   -3.8916686E-11   -2.2491820E-10   -4.7998051E-11    1.5454876E-10    1.2620889E-11
    1.7150000E+01    0.0000000E+00   -3.8820491E-11   -2.2531707E-10   -4.8097779E-11    1.5475281E-10    1.2637693E-11
    1.7250000E+01    0.0000000E+00   -3.8721408E-11   -2.2571629E-10   -4.8197611E-11    1.5495575E-10    1.2654407E-11
    1.7350000E+01    0.0000000E+00   -3.8619350E-11   -2.2611586E-10   -4.8297547E-11    1.5515754E-10    1.2671028E-11
    1.7450000E+01    0.0000000E+00   -3.8514221E-11   -2.2651578E-10   -4.8397586E-11    1.5535812E-10    1.2687552E-11
    1.7550000E+01    0.0000000E+00   -3.8405921E-11   -2.2691606E-10   -4.8497729E-11    1.5555747E-10    1.2703977E-11
    1.7650000E+01    0.0000000E+00   -3.8294340E-11   -2.2731669E-10   -4.8597976E-11    1.5575552E-10    1.2720297E-11
    1.7750000E+01    0.0000000E+00   -3.8179360E-11   -2.2771768E-10   -4.8698326E-11    1.5595222E-10    1.2736508E-11
    1.7850000E+01    0.0000000E+00   -3.8060850E-11   -2.2811901E-10   -4.8798779E-11    1.5614752E-10    1.2752605E-11
    1.7950000E+01    0.0000000E+00   -3.7938667E-11   -2.2852070E-10   -4.8899336E-11    1.5634133E-10    1.2768583E-11
    1.8050000E+01    0.0000000E+00   -3.7812651E-11   -2.2892275E-10   -4.8999997E-11    1.5653360E-10    1.2784436E-11
    1.8150000E+01    0.0000000E+00   -3.7682623E-11   -2.2932514E-10   -4.9100761E-11    1.5672423E-10    1.2800157E-11
    1.8250000E+01    0.0000000E+00   -3.7548378E-11   -2.2972789E-10   -4.9201629E-11    1.5691314E-10    1.2815738E-11
    1.8350000E+01    0.0000000E+00   -3.7409683E-11   -2.3013099E-10   -4.9302601E-11    1.5710021E-10    1.2831171E-11
    1.8450000E+01    0.0000000E+00   -3.7266264E-11   -2.3053444E-10   -4.9403676E-11    1.5728531E-10    1.2846444E-11
    1.8550000E+01    0.0000000E+00   -3.7117796E-11   -2.3093825E-10   -4.9504855E-11    1.5746830E-10    1.2861547E-11
    1.8650000E+01    0.0000000E+00   -3.6963891E-11   -2.3134241E-10   -4.9606137E-11    1.5764899E-10    1.2876464E-11
    1.8750000E+01    0.0000000E+00   -3.6804072E-11   -2.3174692E-10   -4.9707522E-11    1.5782717E-10    1.2891177E-11
    1.8850000E+01    0.0000000E+00   -3.6637742E-11   -2.3215178E-10   -4.9809012E-11    1.5800255E-10    1.2905663E-11
    1.8950000E+01    0.0000000E+00   -3.6464137E-11   -2.3255700E-10   -4.9910605E-11    1.5817478E-10    1.2919894E-11
    1.9050000E+01    0.0000000E+00   -3.6282252E-11   -2.3296257E-10   -5.0012301E-11    1.5834339E-10    1.2933832E-11
    1.9150000E+01    0.0000000E+00   -3.6090725E-11   -2.3336849E-10   -5.0114101E-11    1.5850776E-10    1.2947425E-11
    1.9250000E+01    0.0000000E+00   -3.5887646E-11   -2.3377476E-10   -5.0216005E-11    1.5866698E-10    1.2960600E-11
    1.9350000E+01    0.0000000E+00   -3.5670211E-11   -2.3418138E-10   -5.0318012E-11    1.5881976E-10    1.2973251E-11
    1.9450000E+01    0.0000000E+00   -3.5434095E-11   -2.3458835E-10   -5.0420123E-11    1.5896408E-10    1.2985214E-11
    1.9550000E+01    0.0000000E+00   -3.5172157E-11   -2.3499568E-10   -5.0522337E-11    1.5909661E-10    1.2996218E-11
    1.9650000E+01    0.0000000E+00   -3.4871649E-11   -2.3540334E-10   -5.0624655E-11    1.5921140E-10    1.3005777E-11
    1.9750000E+01    0.0000000E+00   -3.4512202E-11   -2.3581135E-10   -5.0727077E-11    1.5929893E-10    1.3013114E-11
    1.9850000E+01    0.0000000E+00   -3.4153748E-11   -2.3621971E-10   -5.0829602E-11    1.5938682E-10    1.3020480E-11
    1.9950000E+01    0.0000000E+00   -1.1667607E-11   -2.3662509E-10   -5.0932231E-11    1.4927207E-10    1.2194380E-11
