# Time          1.0000E-01
# Units: Mol/m**3 Porous Medium/s
    Distance           Quartz           K-Feldspar_Li    Oligoclase_Li    Biotite_Li       Kaolinite_Li7    Kaolinite_Li6
    5.0000000E-02    0.0000000E+00   -4.0066128E-11   -1.6226742E-10   -3.2554258E-11    1.3135639E-10    1.0849459E-11
    1.5000000E-01   -1.3779778E-14   -4.0130387E-11   -1.6260344E-10   -3.2635724E-11    1.1695263E-10    9.6248662E-12
    2.5000000E-01   -1.5216274E-14   -4.0147950E-11   -1.6294017E-10   -3.2717377E-11    1.1710775E-10    9.6253206E-12
    3.5000000E-01   -1.3911923E-14   -4.0164990E-11   -1.6327755E-10   -3.2799209E-11    1.1728196E-10    9.6319930E-12
    4.5000000E-01   -1.2517512E-14   -4.0182016E-11   -1.6361557E-10   -3.2881210E-11    1.1745630E-10    9.6396229E-12
    5.5000000E-01   -1.1117843E-14   -4.0199043E-11   -1.6395419E-10   -3.2963372E-11    1.1763566E-10    9.6483760E-12
    6.5000000E-01   -9.7152597E-15   -4.0216068E-11   -1.6429338E-10   -3.3045690E-11    1.1781953E-10    9.6581245E-12
    7.5000000E-01   -8.3098483E-15   -4.0233089E-11   -1.6463311E-10   -3.3128156E-11    1.1800736E-10    9.6687504E-12
    8.5000000E-01   -6.9016329E-15   -4.0250103E-11   -1.6497336E-10   -3.3210765E-11    1.1819869E-10    9.6801517E-12
    9.5000000E-01   -5.4906337E-15   -4.0267109E-11   -1.6531411E-10   -3.3293512E-11    1.1839309E-10    9.6922397E-12
    1.0500000E+00   -4.0768680E-15   -4.0284103E-11   -1.6565533E-10   -3.3376392E-11    1.1859023E-10    9.7049376E-12
    1.1500000E+00   -2.6603509E-15   -4.0301085E-11   -1.6599702E-10   -3.3459402E-11    1.1878981E-10    9.7181784E-12
    1.2500000E+00   -1.2410953E-15   -4.0318051E-11   -1.6633916E-10   -3.3542537E-11    1.1899157E-10    9.7319035E-12
    1.3500000E+00    0.0000000E+00   -4.0335000E-11   -1.6668173E-10   -3.3625796E-11    1.1919528E-10    9.7460617E-12
    1.4500000E+00    0.0000000E+00   -4.0351929E-11   -1.6702473E-10   -3.3709175E-11    1.1940075E-10    9.7606079E-12
    1.5500000E+00    0.0000000E+00   -4.0368836E-11   -1.6736813E-10   -3.3792671E-11    1.1960782E-10    9.7755025E-12
    1.6500000E+00    0.0000000E+00   -4.0385720E-11   -1.6771195E-10   -3.3876283E-11    1.1981633E-10    9.7907108E-12
    1.7500000E+00    0.0000000E+00   -4.0402578E-11   -1.6805616E-10   -3.3960009E-11    1.2002616E-10    9.8062019E-12
    1.8500000E+00    0.0000000E+00   -4.0419408E-11   -1.6840076E-10   -3.4043847E-11    1.2023719E-10    9.8219486E-12
    1.9500000E+00    0.0000000E+00   -4.0436207E-11   -1.6874574E-10   -3.4127797E-11    1.2044931E-10    9.8379268E-12
    2.0500000E+00    0.0000000E+00   -4.0452974E-11   -1.6909111E-10   -3.4211856E-11    1.2066245E-10    9.8541151E-12
    2.1500000E+00    0.0000000E+00   -4.0469706E-11   -1.6943685E-10   -3.4296024E-11    1.2087652E-10    9.8704944E-12
    2.2500000E+00    0.0000000E+00   -4.0486401E-11   -1.6978296E-10   -3.4380300E-11    1.2109145E-10    9.8870477E-12
    2.3500000E+00    0.0000000E+00   -4.0503057E-11   -1.7012945E-10   -3.4464683E-11    1.2130719E-10    9.9037600E-12
    2.4500000E+00    0.0000000E+00   -4.0519672E-11   -1.7047629E-10   -3.4549173E-11    1.2152366E-10    9.9206176E-12
    2.5500000E+00    0.0000000E+00   -4.0536242E-11   -1.7082351E-10   -3.4633769E-11    1.2174083E-10    9.9376086E-12
    2.6500000E+00    0.0000000E+00   -4.0552766E-11   -1.7117108E-10   -3.4718470E-11    1.2195865E-10    9.9547220E-12
    2.7500000E+00    0.0000000E+00   -4.0569242E-11   -1.7151902E-10   -3.4803277E-11    1.2217708E-10    9.9719481E-12
    2.8500000E+00    0.0000000E+00   -4.0585666E-11   -1.7186732E-10   -3.4888189E-11    1.2239608E-10    9.9892781E-12
    2.9500000E+00    0.0000000E+00   -4.0602035E-11   -1.7221597E-10   -3.4973206E-11    1.2261562E-10    1.0006704E-11
    3.0500000E+00    0.0000000E+00   -4.0618349E-11   -1.7256498E-10   -3.5058327E-11    1.2283567E-10    1.0024219E-11
    3.1500000E+00    0.0000000E+00   -4.0634603E-11   -1.7291435E-10   -3.5143552E-11    1.2305621E-10    1.0041817E-11
    3.2500000E+00    0.0000000E+00   -4.0650795E-11   -1.7326408E-10   -3.5228882E-11    1.2327720E-10    1.0059491E-11
    3.3500000E+00    0.0000000E+00   -4.0666921E-11   -1.7361416E-10   -3.5314316E-11    1.2349863E-10    1.0077237E-11
    3.4500000E+00    0.0000000E+00   -4.0682980E-11   -1.7396460E-10   -3.5399854E-11    1.2372048E-10    1.0095050E-11
    3.5500000E+00    0.0000000E+00   -4.0698968E-11   -1.7431539E-10   -3.5485495E-11    1.2394272E-10    1.0112924E-11
    3.6500000E+00    0.0000000E+00   -4.0714882E-11   -1.7466653E-10   -3.5571241E-11    1.2416535E-10    1.0130858E-11
    3.7500000E+00    0.0000000E+00   -4.0730719E-11   -1.7501803E-10   -3.5657090E-11    1.2438834E-10    1.0148846E-11
    3.8500000E+00    0.0000000E+00   -4.0746476E-11   -1.7536989E-10   -3.5743043E-11    1.2461168E-10    1.0166886E-11
    3.9500000E+00    0.0000000E+00   -4.0762149E-11   -1.7572210E-10   -3.5829100E-11    1.2483536E-10    1.0184974E-11
    4.0500000E+00    0.0000000E+00   -4.0777735E-11   -1.7607466E-10   -3.5915260E-11    1.2505937E-10    1.0203108E-11
    4.1500000E+00    0.0000000E+00   -4.0793231E-11   -1.7642758E-10   -3.6001524E-11    1.2528369E-10    1.0221285E-11
    4.2500000E+00    0.0000000E+00   -4.0808632E-11   -1.7678085E-10   -3.6087892E-11    1.2550831E-10    1.0239504E-11
    4.3500000E+00    0.0000000E+00   -4.0823936E-11   -1.7713447E-10   -3.6174363E-11    1.2573322E-10    1.0257761E-11
    4.4500000E+00    0.0000000E+00   -4.0839139E-11   -1.7748845E-10   -3.6260938E-11    1.2595841E-10    1.0276055E-11
    4.5500000E+00    0.0000000E+00   -4.0854236E-11   -1.7784278E-10   -3.6347616E-11    1.2618388E-10    1.0294385E-11
    4.6500000E+00    0.0000000E+00   -4.0869225E-11   -1.7819747E-10   -3.6434398E-11    1.2640962E-10    1.0312748E-11
    4.7500000E+00    0.0000000E+00   -4.0884100E-11   -1.7855251E-10   -3.6521284E-11    1.2663561E-10    1.0331142E-11
    4.8500000E+00    0.0000000E+00   -4.0898858E-11   -1.7890790E-10   -3.6608273E-11    1.2686186E-10    1.0349568E-11
    4.9500000E+00    0.0000000E+00   -4.0913494E-11   -1.7926365E-10   -3.6695366E-11    1.2708835E-10    1.0368022E-11
    5.0500000E+00    0.0000000E+00   -4.0928005E-11   -1.7961975E-10   -3.6782562E-11    1.2731507E-10    1.0386505E-11
    5.1500000E+00    0.0000000E+00   -4.0942386E-11   -1.7997620E-10   -3.6869862E-11    1.2754203E-10    1.0405014E-11
    5.2500000E+00    0.0000000E+00   -4.0956632E-11   -1.8033301E-10   -3.6957266E-11    1.2776921E-10    1.0423549E-11
    5.3500000E+00    0.0000000E+00   -4.0970739E-11   -1.8069017E-10   -3.7044773E-11    1.2799661E-10    1.0442108E-11
    5.4500000E+00    0.0000000E+00   -4.0984702E-11   -1.8104768E-10   -3.7132384E-11    1.2822422E-10    1.0460691E-11
    5.5500000E+00    0.0000000E+00   -4.0998516E-11   -1.8140555E-10   -3.7220098E-11    1.2845204E-10    1.0479297E-11
    5.6500000E+00    0.0000000E+00   -4.1012177E-11   -1.8176377E-10   -3.7307916E-11    1.2868006E-10    1.0497925E-11
    5.7500000E+00    0.0000000E+00   -4.1025678E-11   -1.8212235E-10   -3.7395837E-11    1.2890827E-10    1.0516575E-11
    5.8500000E+00    0.0000000E+00   -4.1039016E-11   -1.8248128E-10   -3.7483862E-11    1.2913668E-10    1.0535244E-11
    5.9500000E+00    0.0000000E+00   -4.1052184E-11   -1.8284056E-10   -3.7571990E-11    1.2936528E-10    1.0553934E-11
    6.0500000E+00    0.0000000E+00   -4.1065177E-11   -1.8320020E-10   -3.7660222E-11    1.2959406E-10    1.0572642E-11
    6.1500000E+00    0.0000000E+00   -4.1077990E-11   -1.8356018E-10   -3.7748558E-11    1.2982302E-10    1.0591369E-11
    6.2500000E+00    0.0000000E+00   -4.1090617E-11   -1.8392053E-10   -3.7836997E-11    1.3005215E-10    1.0610113E-11
    6.3500000E+00    0.0000000E+00   -4.1103053E-11   -1.8428122E-10   -3.7925540E-11    1.3028144E-10    1.0628875E-11
    6.4500000E+00    0.0000000E+00   -4.1115290E-11   -1.8464227E-10   -3.8014186E-11    1.3051091E-10    1.0647653E-11
    6.5500000E+00    0.0000000E+00   -4.1127324E-11   -1.8500368E-10   -3.8102936E-11    1.3074053E-10    1.0666447E-11
    6.6500000E+00    0.0000000E+00   -4.1139147E-11   -1.8536544E-10   -3.8191790E-11    1.3097031E-10    1.0685256E-11
    6.7500000E+00    0.0000000E+00   -4.1150754E-11   -1.8572755E-10   -3.8280747E-11    1.3120023E-10    1.0704081E-11
    6.8500000E+00    0.0000000E+00   -4.1162138E-11   -1.8609001E-10   -3.8369807E-11    1.3143031E-10    1.0722920E-11
    6.9500000E+00    0.0000000E+00   -4.1173292E-11   -1.8645283E-10   -3.8458972E-11    1.3166053E-10    1.0741773E-11
    7.0500000E+00    0.0000000E+00   -4.1184210E-11   -1.8681600E-10   -3.8548239E-11    1.3189088E-10    1.0760639E-11
    7.1500000E+00    0.0000000E+00   -4.1194884E-11   -1.8717952E-10   -3.8637611E-11    1.3212137E-10    1.0779518E-11
    7.2500000E+00    0.0000000E+00   -4.1205308E-11   -1.8754340E-10   -3.8727086E-11    1.3235199E-10    1.0798410E-11
    7.3500000E+00    0.0000000E+00   -4.1215474E-11   -1.8790763E-10   -3.8816664E-11    1.3258273E-10    1.0817314E-11
    7.4500000E+00    0.0000000E+00   -4.1225375E-11   -1.8827222E-10   -3.8906346E-11    1.3281359E-10    1.0836229E-11
    7.5500000E+00    0.0000000E+00   -4.1235003E-11   -1.8863716E-10   -3.8996132E-11    1.3304457E-10    1.0855155E-11
    7.6500000E+00    0.0000000E+00   -4.1244350E-11   -1.8900245E-10   -3.9086021E-11    1.3327566E-10    1.0874092E-11
    7.7500000E+00    0.0000000E+00   -4.1253408E-11   -1.8936810E-10   -3.9176014E-11    1.3350686E-10    1.0893040E-11
    7.8500000E+00    0.0000000E+00   -4.1262170E-11   -1.8973410E-10   -3.9266110E-11    1.3373817E-10    1.0911997E-11
    7.9500000E+00    0.0000000E+00   -4.1270627E-11   -1.9010045E-10   -3.9356310E-11    1.3396957E-10    1.0930963E-11
    8.0500000E+00    0.0000000E+00   -4.1278770E-11   -1.9046716E-10   -3.9446613E-11    1.3420106E-10    1.0949939E-11
    8.1500000E+00    0.0000000E+00   -4.1286590E-11   -1.9083422E-10   -3.9537020E-11    1.3443264E-10    1.0968923E-11
    8.2500000E+00    0.0000000E+00   -4.1294080E-11   -1.9120163E-10   -3.9627531E-11    1.3466431E-10    1.0987915E-11
    8.3500000E+00    0.0000000E+00   -4.1301230E-11   -1.9156940E-10   -3.9718145E-11    1.3489606E-10    1.1006914E-11
    8.4500000E+00    0.0000000E+00   -4.1308030E-11   -1.9193752E-10   -3.9808863E-11    1.3512788E-10    1.1025921E-11
    8.5500000E+00    0.0000000E+00   -4.1314471E-11   -1.9230599E-10   -3.9899684E-11    1.3535977E-10    1.1044935E-11
    8.6500000E+00    0.0000000E+00   -4.1320544E-11   -1.9267482E-10   -3.9990609E-11    1.3559173E-10    1.1063954E-11
    8.7500000E+00    0.0000000E+00   -4.1326238E-11   -1.9304400E-10   -4.0081637E-11    1.3582375E-10    1.1082980E-11
    8.8500000E+00    0.0000000E+00   -4.1331544E-11   -1.9341354E-10   -4.0172769E-11    1.3605583E-10    1.1102011E-11
    8.9500000E+00    0.0000000E+00   -4.1336451E-11   -1.9378343E-10   -4.0264005E-11    1.3628795E-10    1.1121047E-11
    9.0500000E+00    0.0000000E+00   -4.1340948E-11   -1.9415367E-10   -4.0355344E-11    1.3652012E-10    1.1140088E-11
    9.1500000E+00    0.0000000E+00   -4.1345026E-11   -1.9452427E-10   -4.0446787E-11    1.3675233E-10    1.1159132E-11
    9.2500000E+00    0.0000000E+00   -4.1348672E-11   -1.9489521E-10   -4.0538333E-11    1.3698457E-10    1.1178181E-11
    9.3500000E+00    0.0000000E+00   -4.1351876E-11   -1.9526652E-10   -4.0629983E-11    1.3721684E-10    1.1197232E-11
    9.4500000E+00    0.0000000E+00   -4.1354627E-11   -1.9563817E-10   -4.0721737E-11    1.3744913E-10    1.1216286E-11
    9.5500000E+00    0.0000000E+00   -4.1356911E-11   -1.9601018E-10   -4.0813594E-11    1.3768144E-10    1.1235342E-11
    9.6500000E+00    0.0000000E+00   -4.1358719E-11   -1.9638255E-10   -4.0905554E-11    1.3791377E-10    1.1254399E-11
    9.7500000E+00    0.0000000E+00   -4.1360036E-11   -1.9675526E-10   -4.0997618E-11    1.3814610E-10    1.1273458E-11
    9.8500000E+00    0.0000000E+00   -4.1360852E-11   -1.9712833E-10   -4.1089786E-11    1.3837842E-10    1.1292518E-11
    9.9500000E+00    0.0000000E+00   -4.1361153E-11   -1.9750176E-10   -4.1182057E-11    1.3861074E-10    1.1311577E-11
    1.0050000E+01    0.0000000E+00   -4.1360925E-11   -1.9787553E-10   -4.1274432E-11    1.3884305E-10    1.1330636E-11
    1.0150000E+01    0.0000000E+00   -4.1360157E-11   -1.9824966E-10   -4.1366911E-11    1.3907534E-10    1.1349695E-11
    1.0250000E+01    0.0000000E+00   -4.1358834E-11   -1.9862415E-10   -4.1459493E-11    1.3930761E-10    1.1368751E-11
    1.0350000E+01    0.0000000E+00   -4.1356942E-11   -1.9899899E-10   -4.1552178E-11    1.3953984E-10    1.1387806E-11
    1.0450000E+01    0.0000000E+00   -4.1354467E-11   -1.9937418E-10   -4.1644967E-11    1.3977203E-10    1.1406858E-11
    1.0550000E+01    0.0000000E+00   -4.1351396E-11   -1.9974972E-10   -4.1737860E-11    1.4000418E-10    1.1425907E-11
    1.0650000E+01    0.0000000E+00   -4.1347712E-11   -2.0012562E-10   -4.1830856E-11    1.4023627E-10    1.1444953E-11
    1.0750000E+01    0.0000000E+00   -4.1343401E-11   -2.0050187E-10   -4.1923956E-11    1.4046830E-10    1.1463994E-11
    1.0850000E+01    0.0000000E+00   -4.1338448E-11   -2.0087848E-10   -4.2017160E-11    1.4070027E-10    1.1483030E-11
    1.0950000E+01    0.0000000E+00   -4.1332837E-11   -2.0125544E-10   -4.2110467E-11    1.4093216E-10    1.1502060E-11
    1.1050000E+01    0.0000000E+00   -4.1326552E-11   -2.0163275E-10   -4.2203877E-11    1.4116397E-10    1.1521085E-11
    1.1150000E+01    0.0000000E+00   -4.1319576E-11   -2.0201041E-10   -4.2297391E-11    1.4139569E-10    1.1540102E-11
    1.1250000E+01    0.0000000E+00   -4.1311893E-11   -2.0238843E-10   -4.2391009E-11    1.4162731E-10    1.1559113E-11
    1.1350000E+01    0.0000000E+00   -4.1303485E-11   -2.0276681E-10   -4.2484730E-11    1.4185882E-10    1.1578115E-11
    1.1450000E+01    0.0000000E+00   -4.1294336E-11   -2.0314553E-10   -4.2578555E-11    1.4209023E-10    1.1597108E-11
    1.1550000E+01    0.0000000E+00   -4.1284428E-11   -2.0352461E-10   -4.2672484E-11    1.4232150E-10    1.1616092E-11
    1.1650000E+01    0.0000000E+00   -4.1273741E-11   -2.0390404E-10   -4.2766516E-11    1.4255265E-10    1.1635066E-11
    1.1750000E+01    0.0000000E+00   -4.1262259E-11   -2.0428383E-10   -4.2860651E-11    1.4278366E-10    1.1654029E-11
    1.1850000E+01    0.0000000E+00   -4.1249961E-11   -2.0466397E-10   -4.2954891E-11    1.4301452E-10    1.1672981E-11
    1.1950000E+01    0.0000000E+00   -4.1236828E-11   -2.0504446E-10   -4.3049233E-11    1.4324522E-10    1.1691920E-11
    1.2050000E+01    0.0000000E+00   -4.1222841E-11   -2.0542531E-10   -4.3143680E-11    1.4347576E-10    1.1710846E-11
    1.2150000E+01    0.0000000E+00   -4.1207980E-11   -2.0580651E-10   -4.3238229E-11    1.4370612E-10    1.1729759E-11
    1.2250000E+01    0.0000000E+00   -4.1192224E-11   -2.0618806E-10   -4.3332883E-11    1.4393629E-10    1.1748657E-11
    1.2350000E+01    0.0000000E+00   -4.1175551E-11   -2.0656997E-10   -4.3427640E-11    1.4416627E-10    1.1767539E-11
    1.2450000E+01    0.0000000E+00   -4.1157941E-11   -2.0695223E-10   -4.3522501E-11    1.4439604E-10    1.1786405E-11
    1.2550000E+01    0.0000000E+00   -4.1139372E-11   -2.0733485E-10   -4.3617465E-11    1.4462560E-10    1.1805254E-11
    1.2650000E+01    0.0000000E+00   -4.1119821E-11   -2.0771781E-10   -4.3712532E-11    1.4485492E-10    1.1824086E-11
    1.2750000E+01    0.0000000E+00   -4.1099264E-11   -2.0810113E-10   -4.3807704E-11    1.4508402E-10    1.1842898E-11
    1.2850000E+01    0.0000000E+00   -4.1077680E-11   -2.0848481E-10   -4.3902979E-11    1.4531286E-10    1.1861691E-11
    1.2950000E+01    0.0000000E+00   -4.1055043E-11   -2.0886884E-10   -4.3998357E-11    1.4554145E-10    1.1880464E-11
    1.3050000E+01    0.0000000E+00   -4.1031331E-11   -2.0925322E-10   -4.4093839E-11    1.4576976E-10    1.1899214E-11
    1.3150000E+01    0.0000000E+00   -4.1006517E-11   -2.0963795E-10   -4.4189425E-11    1.4599779E-10    1.1917943E-11
    1.3250000E+01    0.0000000E+00   -4.0980576E-11   -2.1002304E-10   -4.4285114E-11    1.4622553E-10    1.1936648E-11
    1.3350000E+01    0.0000000E+00   -4.0953482E-11   -2.1040848E-10   -4.4380907E-11    1.4645297E-10    1.1955329E-11
    1.3450000E+01    0.0000000E+00   -4.0925209E-11   -2.1079428E-10   -4.4476803E-11    1.4668008E-10    1.1973984E-11
    1.3550000E+01    0.0000000E+00   -4.0895730E-11   -2.1118042E-10   -4.4572803E-11    1.4690686E-10    1.1992614E-11
    1.3650000E+01    0.0000000E+00   -4.0865017E-11   -2.1156692E-10   -4.4668906E-11    1.4713330E-10    1.2011215E-11
    1.3750000E+01    0.0000000E+00   -4.0833041E-11   -2.1195378E-10   -4.4765113E-11    1.4735939E-10    1.2029788E-11
    1.3850000E+01    0.0000000E+00   -4.0799774E-11   -2.1234099E-10   -4.4861424E-11    1.4758510E-10    1.2048332E-11
    1.3950000E+01    0.0000000E+00   -4.0765185E-11   -2.1272855E-10   -4.4957838E-11    1.4781042E-10    1.2066845E-11
    1.4050000E+01    0.0000000E+00   -4.0729246E-11   -2.1311646E-10   -4.5054356E-11    1.4803535E-10    1.2085326E-11
    1.4150000E+01    0.0000000E+00   -4.0691924E-11   -2.1350473E-10   -4.5150977E-11    1.4825987E-10    1.2103774E-11
    1.4250000E+01    0.0000000E+00   -4.0653188E-11   -2.1389335E-10   -4.5247702E-11    1.4848396E-10    1.2122188E-11
    1.4350000E+01    0.0000000E+00   -4.0613006E-11   -2.1428233E-10   -4.5344531E-11    1.4870761E-10    1.2140567E-11
    1.4450000E+01    0.0000000E+00   -4.0571344E-11   -2.1467166E-10   -4.5441463E-11    1.4893079E-10    1.2158909E-11
    1.4550000E+01    0.0000000E+00   -4.0528169E-11   -2.1506134E-10   -4.5538498E-11    1.4915351E-10    1.2177213E-11
    1.4650000E+01    0.0000000E+00   -4.0483445E-11   -2.1545137E-10   -4.5635638E-11    1.4937573E-10    1.2195478E-11
    1.4750000E+01    0.0000000E+00   -4.0437138E-11   -2.1584176E-10   -4.5732880E-11    1.4959745E-10    1.2213702E-11
    1.4850000E+01    0.0000000E+00   -4.0389211E-11   -2.1623250E-10   -4.5830227E-11    1.4981865E-10    1.2231884E-11
    1.4950000E+01    0.0000000E+00   -4.0339626E-11   -2.1662360E-10   -4.5927677E-11    1.5003930E-10    1.2250023E-11
    1.5050000E+01    0.0000000E+00   -4.0288345E-11   -2.1701505E-10   -4.6025230E-11    1.5025940E-10    1.2268117E-11
    1.5150000E+01    0.0000000E+00   -4.0235329E-11   -2.1740685E-10   -4.6122887E-11    1.5047892E-10    1.2286165E-11
    1.5250000E+01    0.0000000E+00   -4.0180538E-11   -2.1779900E-10   -4.6220648E-11    1.5069784E-10    1.2304165E-11
    1.5350000E+01    0.0000000E+00   -4.0123930E-11   -2.1819151E-10   -4.6318512E-11    1.5091615E-10    1.2322116E-11
    1.5450000E+01    0.0000000E+00   -4.0065463E-11   -2.1858437E-10   -4.6416480E-11    1.5113383E-10    1.2340016E-11
    1.5550000E+01    0.0000000E+00   -4.0005094E-11   -2.1897759E-10   -4.6514551E-11    1.5135085E-10    1.2357863E-11
    1.5650000E+01    0.0000000E+00   -3.9942776E-11   -2.1937115E-10   -4.6612726E-11    1.5156720E-10    1.2375656E-11
    1.5750000E+01    0.0000000E+00   -3.9878465E-11   -2.1976508E-10   -4.6711005E-11    1.5178285E-10    1.2393393E-11
    1.5850000E+01    0.0000000E+00   -3.9812113E-11   -2.2015935E-10   -4.6809387E-11    1.5199778E-10    1.2411073E-11
    1.5950000E+01    0.0000000E+00   -3.9743670E-11   -2.2055398E-10   -4.6907872E-11    1.5221197E-10    1.2428692E-11
    1.6050000E+01    0.0000000E+00   -3.9673086E-11   -2.2094896E-10   -4.7006462E-11    1.5242539E-10    1.2446250E-11
    1.6150000E+01    0.0000000E+00   -3.9600309E-11   -2.2134429E-10   -4.7105154E-11    1.5263802E-10    1.2463745E-11
    1.6250000E+01    0.0000000E+00   -3.9525285E-11   -2.2173998E-10   -4.7203951E-11    1.5284984E-10    1.2481174E-11
    1.6350000E+01    0.0000000E+00   -3.9447957E-11   -2.2213602E-10   -4.7302851E-11    1.5306083E-10    1.2498536E-11
    1.6450000E+01    0.0000000E+00   -3.9368268E-11   -2.2253241E-10   -4.7401854E-11    1.5327094E-10    1.2515828E-11
    1.6550000E+01    0.0000000E+00   -3.9286158E-11   -2.2292916E-10   -4.7500961E-11    1.5348016E-10    1.2533047E-11
    1.6650000E+01    0.0000000E+00   -3.9201564E-11   -2.2332626E-10   -4.7600172E-11    1.5368845E-10    1.2550193E-11
    1.6750000E+01    0.0000000E+00   -3.9114419E-11   -2.2372371E-10   -4.7699486E-11    1.5389579E-10    1.2567261E-11
    1.6850000E+01    0.0000000E+00   -3.9024657E-11   -2.2412152E-10   -4.7798904E-11    1.5410214E-10    1.2584250E-11
    1.6950000E+01    0.0000000E+00   -3.8932204E-11   -2.2451968E-10   -4.7898426E-11    1.5430747E-10    1.2601157E-11
    1.7050000E+01    0.0000000E+00   -3.8836985E-11   -2.2491819E-10   -4.7998051E-11    1.5451175E-10    1.2617978E-11
    1.7150000E+01    0.0000000E+00   -3.8738922E-11   -2.2531706E-10   -4.8097779E-11    1.5471494E-10    1.2634712E-11
    1.7250000E+01    0.0000000E+00   -3.8637929E-11   -2.2571627E-10   -4.8197611E-11    1.5491699E-10    1.2651355E-11
    1.7350000E+01    0.0000000E+00   -3.8533917E-11   -2.2611585E-10   -4.8297547E-11    1.5511788E-10    1.2667903E-11
    1.7450000E+01    0.0000000E+00   -3.8426790E-11   -2.2651577E-10   -4.8397586E-11    1.5531754E-10    1.2684353E-11
    1.7550000E+01    0.0000000E+00   -3.8316446E-11   -2.2691605E-10   -4.8497729E-11    1.5551594E-10    1.2700701E-11
    1.7650000E+01    0.0000000E+00   -3.8202773E-11   -2.2731668E-10   -4.8597976E-11    1.5571303E-10    1.2716943E-11
    1.7750000E+01    0.0000000E+00   -3.8085651E-11   -2.2771766E-10   -4.8698326E-11    1.5590875E-10    1.2733074E-11
    1.7850000E+01    0.0000000E+00   -3.7964948E-11   -2.2811900E-10   -4.8798779E-11    1.5610303E-10    1.2749089E-11
    1.7950000E+01    0.0000000E+00   -3.7840519E-11   -2.2852069E-10   -4.8899336E-11    1.5629581E-10    1.2764984E-11
    1.8050000E+01    0.0000000E+00   -3.7712201E-11   -2.2892273E-10   -4.8999997E-11    1.5648702E-10    1.2780751E-11
    1.8150000E+01    0.0000000E+00   -3.7579813E-11   -2.2932512E-10   -4.9100761E-11    1.5667656E-10    1.2796384E-11
    1.8250000E+01    0.0000000E+00   -3.7443147E-11   -2.2972787E-10   -4.9201629E-11    1.5686435E-10    1.2811875E-11
    1.8350000E+01    0.0000000E+00   -3.7301966E-11   -2.3013097E-10   -4.9302601E-11    1.5705028E-10    1.2827215E-11
    1.8450000E+01    0.0000000E+00   -3.7155991E-11   -2.3053443E-10   -4.9403676E-11    1.5723421E-10    1.2842394E-11
    1.8550000E+01    0.0000000E+00   -3.7004895E-11   -2.3093823E-10   -4.9504855E-11    1.5741599E-10    1.2857399E-11
    1.8650000E+01    0.0000000E+00   -3.6848283E-11   -2.3134239E-10   -4.9606137E-11    1.5759544E-10    1.2872216E-11
    1.8750000E+01    0.0000000E+00   -3.6685670E-11   -2.3174690E-10   -4.9707522E-11    1.5777234E-10    1.2886826E-11
    1.8850000E+01    0.0000000E+00   -3.6516450E-11   -2.3215177E-10   -4.9809012E-11    1.5794640E-10    1.2901206E-11
    1.8950000E+01    0.0000000E+00   -3.6339848E-11   -2.3255698E-10   -4.9910605E-11    1.5811727E-10    1.2915327E-11
    1.9050000E+01    0.0000000E+00   -3.6154845E-11   -2.3296255E-10   -5.0012301E-11    1.5828447E-10    1.2929151E-11
    1.9150000E+01    0.0000000E+00   -3.5960058E-11   -2.3336847E-10   -5.0114101E-11    1.5844736E-10    1.2942625E-11
    1.9250000E+01    0.0000000E+00   -3.5753547E-11   -2.3377474E-10   -5.0216005E-11    1.5860505E-10    1.2955676E-11
    1.9350000E+01    0.0000000E+00   -3.5532469E-11   -2.3418136E-10   -5.0318012E-11    1.5875621E-10    1.2968198E-11
    1.9450000E+01    0.0000000E+00   -3.5292433E-11   -2.3458833E-10   -5.0420123E-11    1.5889881E-10    1.2980023E-11
    1.9550000E+01    0.0000000E+00   -3.5026194E-11   -2.3499565E-10   -5.0522337E-11    1.5902950E-10    1.2990880E-11
    1.9650000E+01    0.0000000E+00   -3.4720933E-11   -2.3540332E-10   -5.0624655E-11    1.5914232E-10    1.3000283E-11
    1.9750000E+01    0.0000000E+00   -3.4367351E-11   -2.3581133E-10   -5.0727077E-11    1.5923299E-10    1.3007882E-11
    1.9850000E+01    0.0000000E+00   -3.4738503E-11   -2.3621980E-10   -5.0829602E-11    1.5966627E-10    1.3043463E-11
    1.9950000E+01   -1.5408499E-14   -4.3614943E-11   -2.3663008E-10   -5.0932231E-11    1.6337554E-10    1.3346385E-11
