# Time          2.5000E+00
# Units: Dimensionless (Log10(Q/Keq)
    Distance           Quartz           K-Feldspar_Li    Oligoclase_Li    Biotite_Li       Kaolinite_Li7    Kaolinite_Li6
    5.0000000E-02    1.9692802E-02   -3.7146651E+00   -7.9369879E+00   -3.0418125E+01    4.1511846E-03   -1.0637244E-02
    1.5000000E-01    7.6912291E-02   -3.5480179E+00   -7.7851407E+00   -2.9804012E+01    5.9428774E-03   -8.8525637E-03
    2.5000000E-01   -1.3656691E-02   -3.8178052E+00   -8.0411384E+00   -3.0042228E+01    5.9136388E-03   -8.8924003E-03
    3.5000000E-01   -8.5368587E-02   -4.0310720E+00   -8.2453025E+00   -3.0241846E+01    5.9404453E-03   -8.8767830E-03
    4.5000000E-01   -1.0560829E-01   -4.0915761E+00   -8.3060864E+00   -3.0232227E+01    5.9929237E-03   -8.8319993E-03
    5.5000000E-01   -1.0015142E-01   -4.0758849E+00   -8.2947541E+00   -3.0123255E+01    6.0375552E-03   -8.7921204E-03
    6.5000000E-01   -8.7647514E-02   -4.0391586E+00   -8.2633327E+00   -2.9991541E+01    6.0702169E-03   -8.7629364E-03
    7.5000000E-01   -7.4010286E-02   -3.9988492E+00   -8.2283858E+00   -2.9859882E+01    6.0996638E-03   -8.7364166E-03
    8.5000000E-01   -6.0515740E-02   -3.9587289E+00   -8.1935122E+00   -2.9732476E+01    6.1288593E-03   -8.7098068E-03
    9.5000000E-01   -4.7366839E-02   -3.9194112E+00   -8.1593036E+00   -2.9609481E+01    6.1583923E-03   -8.6825845E-03
    1.0500000E+00   -3.4575217E-02   -3.8809469E+00   -8.1258132E+00   -2.9490470E+01    6.1883414E-03   -8.6547064E-03
    1.1500000E+00   -2.2125256E-02   -3.8433050E+00   -8.0930158E+00   -2.9375016E+01    6.2187028E-03   -8.6262033E-03
    1.2500000E+00   -9.9991519E-03   -3.8064470E+00   -8.0608786E+00   -2.9262758E+01    6.2494639E-03   -8.5971112E-03
    1.3500000E+00    1.8199241E-03   -3.7703362E+00   -8.0293702E+00   -2.9153400E+01    6.2806130E-03   -8.5674622E-03
    1.4500000E+00    1.3347575E-02   -3.7349381E+00   -7.9984612E+00   -2.9046688E+01    6.3121404E-03   -8.5372842E-03
    1.5500000E+00    2.4598245E-02   -3.7002209E+00   -7.9681244E+00   -2.8942411E+01    6.3440383E-03   -8.5066009E-03
    1.6500000E+00    3.5585335E-02   -3.6661547E+00   -7.9383345E+00   -2.8840384E+01    6.3763003E-03   -8.4754327E-03
    1.7500000E+00    4.6321297E-02   -3.6327119E+00   -7.9090678E+00   -2.8740447E+01    6.4089216E-03   -8.4437973E-03
    1.8500000E+00    5.6817718E-02   -3.5998664E+00   -7.8803023E+00   -2.8642460E+01    6.4418984E-03   -8.4117093E-03
    1.9500000E+00    6.7085403E-02   -3.5675939E+00   -7.8520174E+00   -2.8546301E+01    6.4752280E-03   -8.3791814E-03
    2.0500000E+00    7.7134449E-02   -3.5358717E+00   -7.8241936E+00   -2.8451860E+01    6.5089086E-03   -8.3462242E-03
    2.1500000E+00    8.6974298E-02   -3.5046784E+00   -7.7968130E+00   -2.8359038E+01    6.5429392E-03   -8.3128466E-03
    2.2500000E+00    9.6613796E-02   -3.4739938E+00   -7.7698583E+00   -2.8267748E+01    6.5773194E-03   -8.2790559E-03
    2.3500000E+00    1.0606124E-01   -3.4437988E+00   -7.7433137E+00   -2.8177910E+01    6.6120495E-03   -8.2448579E-03
    2.4500000E+00    1.1532443E-01   -3.4140757E+00   -7.7171639E+00   -2.8089452E+01    6.6471304E-03   -8.2102575E-03
    2.5500000E+00    1.2441069E-01   -3.3848075E+00   -7.6913948E+00   -2.8002307E+01    6.6825634E-03   -8.1752581E-03
    2.6500000E+00    1.3332692E-01   -3.3559783E+00   -7.6659927E+00   -2.7916415E+01    6.7183505E-03   -8.1398625E-03
    2.7500000E+00    1.4207963E-01   -3.3275729E+00   -7.6409451E+00   -2.7831721E+01    6.7544937E-03   -8.1040725E-03
    2.8500000E+00    1.5067497E-01   -3.2995769E+00   -7.6162398E+00   -2.7748173E+01    6.7909956E-03   -8.0678889E-03
    2.9500000E+00    1.5911873E-01   -3.2719769E+00   -7.5918653E+00   -2.7665724E+01    6.8278593E-03   -8.0313121E-03
    3.0500000E+00    1.6741640E-01   -3.2447598E+00   -7.5678109E+00   -2.7584330E+01    6.8650880E-03   -7.9943418E-03
    3.1500000E+00    1.7557317E-01   -3.2179135E+00   -7.5440662E+00   -2.7503950E+01    6.9026853E-03   -7.9569769E-03
    3.2500000E+00    1.8359397E-01   -3.1914262E+00   -7.5206215E+00   -2.7424545E+01    6.9406550E-03   -7.9192159E-03
    3.3500000E+00    1.9148347E-01   -3.1652868E+00   -7.4974673E+00   -2.7346080E+01    6.9790011E-03   -7.8810570E-03
    3.4500000E+00    1.9924610E-01   -3.1394848E+00   -7.4745949E+00   -2.7268522E+01    7.0177282E-03   -7.8424975E-03
    3.5500000E+00    2.0688607E-01   -3.1140100E+00   -7.4519958E+00   -2.7191838E+01    7.0568407E-03   -7.8035347E-03
    3.6500000E+00    2.1440739E-01   -3.0888528E+00   -7.4296618E+00   -2.7116001E+01    7.0963436E-03   -7.7641653E-03
    3.7500000E+00    2.2181388E-01   -3.0640039E+00   -7.4075852E+00   -2.7040980E+01    7.1362418E-03   -7.7243856E-03
    3.8500000E+00    2.2910915E-01   -3.0394547E+00   -7.3857588E+00   -2.6966751E+01    7.1765406E-03   -7.6841916E-03
    3.9500000E+00    2.3629669E-01   -3.0151966E+00   -7.3641754E+00   -2.6893288E+01    7.2172455E-03   -7.6435791E-03
    4.0500000E+00    2.4337978E-01   -2.9912215E+00   -7.3428283E+00   -2.6820568E+01    7.2583622E-03   -7.6025434E-03
    4.1500000E+00    2.5036159E-01   -2.9675218E+00   -7.3217111E+00   -2.6748569E+01    7.2998967E-03   -7.5610795E-03
    4.2500000E+00    2.5724512E-01   -2.9440900E+00   -7.3008175E+00   -2.6677268E+01    7.3418549E-03   -7.5191823E-03
    4.3500000E+00    2.6403326E-01   -2.9209191E+00   -7.2801415E+00   -2.6606646E+01    7.3842432E-03   -7.4768462E-03
    4.4500000E+00    2.7072876E-01   -2.8980021E+00   -7.2596776E+00   -2.6536684E+01    7.4270680E-03   -7.4340655E-03
    4.5500000E+00    2.7733426E-01   -2.8753325E+00   -7.2394202E+00   -2.6467363E+01    7.4703362E-03   -7.3908341E-03
    4.6500000E+00    2.8385228E-01   -2.8529041E+00   -7.2193641E+00   -2.6398665E+01    7.5140545E-03   -7.3471457E-03
    4.7500000E+00    2.9028525E-01   -2.8307107E+00   -7.1995041E+00   -2.6330575E+01    7.5582301E-03   -7.3029938E-03
    4.8500000E+00    2.9663548E-01   -2.8087465E+00   -7.1798355E+00   -2.6263075E+01    7.6028704E-03   -7.2583715E-03
    4.9500000E+00    3.0290522E-01   -2.7870060E+00   -7.1603536E+00   -2.6196151E+01    7.6479827E-03   -7.2132717E-03
    5.0500000E+00    3.0909658E-01   -2.7654836E+00   -7.1410537E+00   -2.6129787E+01    7.6935750E-03   -7.1676872E-03
    5.1500000E+00    3.1521164E-01   -2.7441742E+00   -7.1219317E+00   -2.6063971E+01    7.7396550E-03   -7.1216104E-03
    5.2500000E+00    3.2125236E-01   -2.7230728E+00   -7.1029833E+00   -2.5998687E+01    7.7862311E-03   -7.0750335E-03
    5.3500000E+00    3.2722064E-01   -2.7021744E+00   -7.0842044E+00   -2.5933924E+01    7.8333115E-03   -7.0279483E-03
    5.4500000E+00    3.3311831E-01   -2.6814745E+00   -7.0655912E+00   -2.5869668E+01    7.8809049E-03   -6.9803465E-03
    5.5500000E+00    3.3894713E-01   -2.6609685E+00   -7.0471399E+00   -2.5805908E+01    7.9290203E-03   -6.9322197E-03
    5.6500000E+00    3.4470879E-01   -2.6406520E+00   -7.0288468E+00   -2.5742631E+01    7.9776666E-03   -6.8835588E-03
    5.7500000E+00    3.5040491E-01   -2.6205207E+00   -7.0107085E+00   -2.5679827E+01    8.0268532E-03   -6.8343548E-03
    5.8500000E+00    3.5603709E-01   -2.6005708E+00   -6.9927214E+00   -2.5617486E+01    8.0765898E-03   -6.7845983E-03
    5.9500000E+00    3.6160682E-01   -2.5807981E+00   -6.9748824E+00   -2.5555596E+01    8.1268861E-03   -6.7342796E-03
    6.0500000E+00    3.6711557E-01   -2.5611988E+00   -6.9571883E+00   -2.5494147E+01    8.1777524E-03   -6.6833887E-03
    6.1500000E+00    3.7256476E-01   -2.5417693E+00   -6.9396360E+00   -2.5433130E+01    8.2291990E-03   -6.6319156E-03
    6.2500000E+00    3.7795575E-01   -2.5225059E+00   -6.9222224E+00   -2.5372535E+01    8.2812366E-03   -6.5798495E-03
    6.3500000E+00    3.8328985E-01   -2.5034053E+00   -6.9049447E+00   -2.5312354E+01    8.3338762E-03   -6.5271796E-03
    6.4500000E+00    3.8856833E-01   -2.4844640E+00   -6.8878001E+00   -2.5252578E+01    8.3871290E-03   -6.4738949E-03
    6.5500000E+00    3.9379243E-01   -2.4656788E+00   -6.8707859E+00   -2.5193197E+01    8.4410067E-03   -6.4199838E-03
    6.6500000E+00    3.9896333E-01   -2.4470465E+00   -6.8538994E+00   -2.5134204E+01    8.4955211E-03   -6.3654345E-03
    6.7500000E+00    4.0408218E-01   -2.4285640E+00   -6.8371380E+00   -2.5075591E+01    8.5506846E-03   -6.3102350E-03
    6.8500000E+00    4.0915010E-01   -2.4102284E+00   -6.8204994E+00   -2.5017349E+01    8.6065096E-03   -6.2543726E-03
    6.9500000E+00    4.1416817E-01   -2.3920367E+00   -6.8039811E+00   -2.4959473E+01    8.6630091E-03   -6.1978347E-03
    7.0500000E+00    4.1913742E-01   -2.3739863E+00   -6.7875806E+00   -2.4901953E+01    8.7201963E-03   -6.1406079E-03
    7.1500000E+00    4.2405887E-01   -2.3560742E+00   -6.7712958E+00   -2.4844783E+01    8.7780851E-03   -6.0826787E-03
    7.2500000E+00    4.2893350E-01   -2.3382980E+00   -6.7551245E+00   -2.4787957E+01    8.8366893E-03   -6.0240330E-03
    7.3500000E+00    4.3376225E-01   -2.3206549E+00   -6.7390645E+00   -2.4731467E+01    8.8960235E-03   -5.9646566E-03
    7.4500000E+00    4.3854605E-01   -2.3031425E+00   -6.7231136E+00   -2.4675307E+01    8.9561026E-03   -5.9045345E-03
    7.5500000E+00    4.4328579E-01   -2.2857584E+00   -6.7072699E+00   -2.4619471E+01    9.0169418E-03   -5.8436515E-03
    7.6500000E+00    4.4798233E-01   -2.2685002E+00   -6.6915314E+00   -2.4563952E+01    9.0785570E-03   -5.7819918E-03
    7.7500000E+00    4.5263652E-01   -2.2513656E+00   -6.6758961E+00   -2.4508745E+01    9.1409643E-03   -5.7195394E-03
    7.8500000E+00    4.5724917E-01   -2.2343523E+00   -6.6603622E+00   -2.4453843E+01    9.2041805E-03   -5.6562776E-03
    7.9500000E+00    4.6182108E-01   -2.2174582E+00   -6.6449278E+00   -2.4399242E+01    9.2682228E-03   -5.5921891E-03
    8.0500000E+00    4.6635301E-01   -2.2006810E+00   -6.6295912E+00   -2.4344935E+01    9.3331088E-03   -5.5272563E-03
    8.1500000E+00    4.7084571E-01   -2.1840188E+00   -6.6143506E+00   -2.4290916E+01    9.3988569E-03   -5.4614610E-03
    8.2500000E+00    4.7529991E-01   -2.1674695E+00   -6.5992043E+00   -2.4237182E+01    9.4654859E-03   -5.3947843E-03
    8.3500000E+00    4.7971631E-01   -2.1510311E+00   -6.5841506E+00   -2.4183726E+01    9.5330152E-03   -5.3272069E-03
    8.4500000E+00    4.8409560E-01   -2.1347018E+00   -6.5691880E+00   -2.4130543E+01    9.6014647E-03   -5.2587089E-03
    8.5500000E+00    4.8843846E-01   -2.1184796E+00   -6.5543149E+00   -2.4077630E+01    9.6708552E-03   -5.1892695E-03
    8.6500000E+00    4.9274552E-01   -2.1023627E+00   -6.5395297E+00   -2.4024980E+01    9.7412079E-03   -5.1188676E-03
    8.7500000E+00    4.9701742E-01   -2.0863493E+00   -6.5248309E+00   -2.3972590E+01    9.8125447E-03   -5.0474812E-03
    8.8500000E+00    5.0125478E-01   -2.0704377E+00   -6.5102172E+00   -2.3920454E+01    9.8848885E-03   -4.9750876E-03
    8.9500000E+00    5.0545820E-01   -2.0546261E+00   -6.4956869E+00   -2.3868568E+01    9.9582624E-03   -4.9016635E-03
    9.0500000E+00    5.0962826E-01   -2.0389130E+00   -6.4812388E+00   -2.3816928E+01    1.0032691E-02   -4.8271846E-03
    9.1500000E+00    5.1376552E-01   -2.0232967E+00   -6.4668714E+00   -2.3765530E+01    1.0108199E-02   -4.7516261E-03
    9.2500000E+00    5.1787054E-01   -2.0077755E+00   -6.4525835E+00   -2.3714369E+01    1.0184812E-02   -4.6749620E-03
    9.3500000E+00    5.2194387E-01   -1.9923481E+00   -6.4383738E+00   -2.3663442E+01    1.0262557E-02   -4.5971658E-03
    9.4500000E+00    5.2598601E-01   -1.9770127E+00   -6.4242408E+00   -2.3612744E+01    1.0341461E-02   -4.5182099E-03
    9.5500000E+00    5.2999750E-01   -1.9617680E+00   -6.4101835E+00   -2.3562271E+01    1.0421554E-02   -4.4380658E-03
    9.6500000E+00    5.3397882E-01   -1.9466126E+00   -6.3962006E+00   -2.3512020E+01    1.0502864E-02   -4.3567039E-03
    9.7500000E+00    5.3793047E-01   -1.9315449E+00   -6.3822908E+00   -2.3461987E+01    1.0585423E-02   -4.2740936E-03
    9.8500000E+00    5.4185292E-01   -1.9165636E+00   -6.3684531E+00   -2.3412168E+01    1.0669261E-02   -4.1902035E-03
    9.9500000E+00    5.4574663E-01   -1.9016674E+00   -6.3546862E+00   -2.3362560E+01    1.0754411E-02   -4.1050007E-03
    1.0050000E+01    5.4961205E-01   -1.8868549E+00   -6.3409890E+00   -2.3313159E+01    1.0840908E-02   -4.0184512E-03
    1.0150000E+01    5.5344963E-01   -1.8721248E+00   -6.3273605E+00   -2.3263962E+01    1.0928787E-02   -3.9305200E-03
    1.0250000E+01    5.5725980E-01   -1.8574759E+00   -6.3137995E+00   -2.3214965E+01    1.1018083E-02   -3.8411705E-03
    1.0350000E+01    5.6104297E-01   -1.8429069E+00   -6.3003051E+00   -2.3166164E+01    1.1108836E-02   -3.7503650E-03
    1.0450000E+01    5.6479956E-01   -1.8284166E+00   -6.2868760E+00   -2.3117558E+01    1.1201084E-02   -3.6580642E-03
    1.0550000E+01    5.6852997E-01   -1.8140038E+00   -6.2735115E+00   -2.3069142E+01    1.1294868E-02   -3.5642273E-03
    1.0650000E+01    5.7223459E-01   -1.7996673E+00   -6.2602104E+00   -2.3020913E+01    1.1390229E-02   -3.4688122E-03
    1.0750000E+01    5.7591380E-01   -1.7854060E+00   -6.2469717E+00   -2.2972869E+01    1.1487213E-02   -3.3717749E-03
    1.0850000E+01    5.7956797E-01   -1.7712188E+00   -6.2337945E+00   -2.2925006E+01    1.1585865E-02   -3.2730697E-03
    1.0950000E+01    5.8319748E-01   -1.7571045E+00   -6.2206779E+00   -2.2877321E+01    1.1686232E-02   -3.1726492E-03
    1.1050000E+01    5.8680268E-01   -1.7430620E+00   -6.2076210E+00   -2.2829812E+01    1.1788363E-02   -3.0704641E-03
    1.1150000E+01    5.9038391E-01   -1.7290904E+00   -6.1946227E+00   -2.2782475E+01    1.1892310E-02   -2.9664630E-03
    1.1250000E+01    5.9394152E-01   -1.7151885E+00   -6.1816823E+00   -2.2735308E+01    1.1998127E-02   -2.8605925E-03
    1.1350000E+01    5.9747584E-01   -1.7013554E+00   -6.1687988E+00   -2.2688308E+01    1.2105868E-02   -2.7527970E-03
    1.1450000E+01    6.0098720E-01   -1.6875900E+00   -6.1559714E+00   -2.2641472E+01    1.2215593E-02   -2.6430185E-03
    1.1550000E+01    6.0447592E-01   -1.6738914E+00   -6.1431992E+00   -2.2594797E+01    1.2327360E-02   -2.5311965E-03
    1.1650000E+01    6.0794231E-01   -1.6602585E+00   -6.1304815E+00   -2.2548282E+01    1.2441234E-02   -2.4172680E-03
    1.1750000E+01    6.1138667E-01   -1.6466905E+00   -6.1178172E+00   -2.2501923E+01    1.2557281E-02   -2.3011673E-03
    1.1850000E+01    6.1480930E-01   -1.6331863E+00   -6.1052058E+00   -2.2455717E+01    1.2675567E-02   -2.1828257E-03
    1.1950000E+01    6.1821050E-01   -1.6197452E+00   -6.0926463E+00   -2.2409663E+01    1.2796167E-02   -2.0621716E-03
    1.2050000E+01    6.2159054E-01   -1.6063660E+00   -6.0801380E+00   -2.2363758E+01    1.2919154E-02   -1.9391300E-03
    1.2150000E+01    6.2494972E-01   -1.5930481E+00   -6.0676801E+00   -2.2317999E+01    1.3044606E-02   -1.8136226E-03
    1.2250000E+01    6.2828831E-01   -1.5797905E+00   -6.0552718E+00   -2.2272384E+01    1.3172606E-02   -1.6855674E-03
    1.2350000E+01    6.3160657E-01   -1.5665923E+00   -6.0429124E+00   -2.2226910E+01    1.3303240E-02   -1.5548787E-03
    1.2450000E+01    6.3490476E-01   -1.5534527E+00   -6.0306011E+00   -2.2181576E+01    1.3436596E-02   -1.4214667E-03
    1.2550000E+01    6.3818315E-01   -1.5403709E+00   -6.0183373E+00   -2.2136378E+01    1.3572770E-02   -1.2852372E-03
    1.2650000E+01    6.4144198E-01   -1.5273460E+00   -6.0061201E+00   -2.2091316E+01    1.3711860E-02   -1.1460915E-03
    1.2750000E+01    6.4468150E-01   -1.5143772E+00   -5.9939489E+00   -2.2046386E+01    1.3853970E-02   -1.0039260E-03
    1.2850000E+01    6.4790196E-01   -1.5014637E+00   -5.9818229E+00   -2.2001586E+01    1.3999208E-02   -8.5863201E-04
    1.2950000E+01    6.5110359E-01   -1.4886048E+00   -5.9697415E+00   -2.1956914E+01    1.4147689E-02   -7.1009517E-04
    1.3050000E+01    6.5428663E-01   -1.4757996E+00   -5.9577040E+00   -2.1912368E+01    1.4299533E-02   -5.5819539E-04
    1.3150000E+01    6.5745129E-01   -1.4630474E+00   -5.9457096E+00   -2.1867946E+01    1.4454866E-02   -4.0280626E-04
    1.3250000E+01    6.6059780E-01   -1.4503475E+00   -5.9337578E+00   -2.1823646E+01    1.4613821E-02   -2.4379470E-04
    1.3350000E+01    6.6372639E-01   -1.4376989E+00   -5.9218477E+00   -2.1779465E+01    1.4776539E-02   -8.1020476E-05
    1.3450000E+01    6.6683727E-01   -1.4251012E+00   -5.9099789E+00   -2.1735402E+01    1.4943167E-02    8.5664276E-05
    1.3550000E+01    6.6993063E-01   -1.4125534E+00   -5.8981505E+00   -2.1691455E+01    1.5113862E-02    2.5641560E-04
    1.3650000E+01    6.7300670E-01   -1.4000548E+00   -5.8863620E+00   -2.1647621E+01    1.5288787E-02    4.3139831E-04
    1.3750000E+01    6.7606568E-01   -1.3876048E+00   -5.8746126E+00   -2.1603898E+01    1.5468119E-02    6.1078661E-04
    1.3850000E+01    6.7910775E-01   -1.3752027E+00   -5.8629018E+00   -2.1560286E+01    1.5652040E-02    7.9476482E-04
    1.3950000E+01    6.8213312E-01   -1.3628476E+00   -5.8512289E+00   -2.1516781E+01    1.5840746E-02    9.8352809E-04
    1.4050000E+01    6.8514197E-01   -1.3505389E+00   -5.8395932E+00   -2.1473382E+01    1.6034443E-02    1.1772833E-03
    1.4150000E+01    6.8813449E-01   -1.3382760E+00   -5.8279941E+00   -2.1430087E+01    1.6233352E-02    1.3762499E-03
    1.4250000E+01    6.9111087E-01   -1.3260580E+00   -5.8164309E+00   -2.1386893E+01    1.6437705E-02    1.5806608E-03
    1.4350000E+01    6.9407127E-01   -1.3138843E+00   -5.8049030E+00   -2.1343800E+01    1.6647750E-02    1.7907639E-03
    1.4450000E+01    6.9701589E-01   -1.3017543E+00   -5.7934098E+00   -2.1300805E+01    1.6863751E-02    2.0068227E-03
    1.4550000E+01    6.9994489E-01   -1.2896672E+00   -5.7819506E+00   -2.1257907E+01    1.7085988E-02    2.2291180E-03
    1.4650000E+01    7.0285844E-01   -1.2776223E+00   -5.7705247E+00   -2.1215103E+01    1.7314760E-02    2.4579493E-03
    1.4750000E+01    7.0575670E-01   -1.2656189E+00   -5.7591315E+00   -2.1172392E+01    1.7550388E-02    2.6936363E-03
    1.4850000E+01    7.0863984E-01   -1.2536563E+00   -5.7477704E+00   -2.1129772E+01    1.7793214E-02    2.9365208E-03
    1.4950000E+01    7.1150802E-01   -1.2417339E+00   -5.7364406E+00   -2.1087241E+01    1.8043603E-02    3.1869686E-03
    1.5050000E+01    7.1436140E-01   -1.2298509E+00   -5.7251415E+00   -2.1044797E+01    1.8301946E-02    3.4453717E-03
    1.5150000E+01    7.1720013E-01   -1.2180066E+00   -5.7138724E+00   -2.1002439E+01    1.8568666E-02    3.7121510E-03
    1.5250000E+01    7.2002435E-01   -1.2062003E+00   -5.7026326E+00   -2.0960164E+01    1.8844214E-02    3.9877585E-03
    1.5350000E+01    7.2283422E-01   -1.1944313E+00   -5.6914214E+00   -2.0917972E+01    1.9129076E-02    4.2726809E-03
    1.5450000E+01    7.2562988E-01   -1.1826988E+00   -5.6802381E+00   -2.0875859E+01    1.9423777E-02    4.5674425E-03
    1.5550000E+01    7.2841148E-01   -1.1710021E+00   -5.6690820E+00   -2.0833825E+01    1.9728884E-02    4.8726097E-03
    1.5650000E+01    7.3117916E-01   -1.1593404E+00   -5.6579522E+00   -2.0791867E+01    2.0045008E-02    5.1887947E-03
    1.5750000E+01    7.3393304E-01   -1.1477129E+00   -5.6468479E+00   -2.0749984E+01    2.0372813E-02    5.5166606E-03
    1.5850000E+01    7.3667327E-01   -1.1361189E+00   -5.6357685E+00   -2.0708174E+01    2.0713018E-02    5.8569272E-03
    1.5950000E+01    7.3939998E-01   -1.1245574E+00   -5.6247130E+00   -2.0666435E+01    2.1066406E-02    6.2103768E-03
    1.6050000E+01    7.4211330E-01   -1.1130277E+00   -5.6136806E+00   -2.0624766E+01    2.1433829E-02    6.5778617E-03
    1.6150000E+01    7.4481334E-01   -1.1015288E+00   -5.6026704E+00   -2.0583163E+01    2.1816217E-02    6.9603122E-03
    1.6250000E+01    7.4750025E-01   -1.0900598E+00   -5.5916814E+00   -2.0541626E+01    2.2214589E-02    7.3587461E-03
    1.6350000E+01    7.5017414E-01   -1.0786198E+00   -5.5807126E+00   -2.0500152E+01    2.2630059E-02    7.7742791E-03
    1.6450000E+01    7.5283513E-01   -1.0672077E+00   -5.5697629E+00   -2.0458739E+01    2.3063855E-02    8.2081377E-03
    1.6550000E+01    7.5548333E-01   -1.0558225E+00   -5.5588314E+00   -2.0417386E+01    2.3517327E-02    8.6616731E-03
    1.6650000E+01    7.5811887E-01   -1.0444630E+00   -5.5479166E+00   -2.0376090E+01    2.3991968E-02    9.1363782E-03
    1.6750000E+01    7.6074185E-01   -1.0331281E+00   -5.5370175E+00   -2.0334850E+01    2.4489433E-02    9.6339067E-03
    1.6850000E+01    7.6335239E-01   -1.0218164E+00   -5.5261325E+00   -2.0293662E+01    2.5011558E-02    1.0156096E-02
    1.6950000E+01    7.6595059E-01   -1.0105265E+00   -5.5152603E+00   -2.0252524E+01    2.5560392E-02    1.0704995E-02
    1.7050000E+01    7.6853656E-01   -9.9925689E-01   -5.5043992E+00   -2.0211435E+01    2.6138227E-02    1.1282895E-02
    1.7150000E+01    7.7111040E-01   -9.8800601E-01   -5.4935474E+00   -2.0170391E+01    2.6747632E-02    1.1892366E-02
    1.7250000E+01    7.7367222E-01   -9.7677202E-01   -5.4827031E+00   -2.0129390E+01    2.7391506E-02    1.2536306E-02
    1.7350000E+01    7.7622211E-01   -9.6555294E-01   -5.4718640E+00   -2.0088430E+01    2.8073125E-02    1.3217991E-02
    1.7450000E+01    7.7876017E-01   -9.5434658E-01   -5.4610278E+00   -2.0047505E+01    2.8796213E-02    1.3941145E-02
    1.7550000E+01    7.8128650E-01   -9.4315047E-01   -5.4501918E+00   -2.0006615E+01    2.9565018E-02    1.4710017E-02
    1.7650000E+01    7.8380119E-01   -9.3196187E-01   -5.4393531E+00   -1.9965754E+01    3.0384417E-02    1.5529483E-02
    1.7750000E+01    7.8630432E-01   -9.2077766E-01   -5.4285081E+00   -1.9924919E+01    3.1260031E-02    1.6405165E-02
    1.7850000E+01    7.8879598E-01   -9.0959426E-01   -5.4176530E+00   -1.9884106E+01    3.2198384E-02    1.7343587E-02
    1.7950000E+01    7.9127627E-01   -8.9840756E-01   -5.4067834E+00   -1.9843309E+01    3.3207092E-02    1.8352363E-02
    1.8050000E+01    7.9374526E-01   -8.8721282E-01   -5.3958938E+00   -1.9802523E+01    3.4295107E-02    1.9440448E-02
    1.8150000E+01    7.9620303E-01   -8.7600444E-01   -5.3849783E+00   -1.9761742E+01    3.5473035E-02    2.0618446E-02
    1.8250000E+01    7.9864966E-01   -8.6477583E-01   -5.3740296E+00   -1.9720958E+01    3.6753544E-02    2.1899025E-02
    1.8350000E+01    8.0108523E-01   -8.5351909E-01   -5.3630389E+00   -1.9680163E+01    3.8151904E-02    2.3297455E-02
    1.8450000E+01    8.0350979E-01   -8.4222468E-01   -5.3519958E+00   -1.9639346E+01    3.9686708E-02    2.4832331E-02
    1.8550000E+01    8.0592342E-01   -8.3088092E-01   -5.3408873E+00   -1.9598495E+01    4.1380863E-02    2.6526558E-02
    1.8650000E+01    8.0832618E-01   -8.1947331E-01   -5.3296974E+00   -1.9557595E+01    4.3262940E-02    2.8408708E-02
    1.8750000E+01    8.1071811E-01   -8.0798358E-01   -5.3184061E+00   -1.9516627E+01    4.5369105E-02    3.0514946E-02
    1.8850000E+01    8.1309928E-01   -7.9638827E-01   -5.3069873E+00   -1.9475567E+01    4.7745894E-02    3.2891809E-02
    1.8950000E+01    8.1546972E-01   -7.8465675E-01   -5.2954074E+00   -1.9434385E+01    5.0454335E-02    3.5600324E-02
    1.9050000E+01    8.1782945E-01   -7.7274799E-01   -5.2836210E+00   -1.9393039E+01    5.3576258E-02    3.8722322E-02
    1.9150000E+01    8.2017849E-01   -7.6060562E-01   -5.2715659E+00   -1.9351473E+01    5.7224288E-02    4.2370429E-02
    1.9250000E+01    8.2251683E-01   -7.4814968E-01   -5.2591538E+00   -1.9309609E+01    6.1558380E-02    4.6704599E-02
    1.9350000E+01    8.2484442E-01   -7.3526226E-01   -5.2462548E+00   -1.9267329E+01    6.6814589E-02    5.1960886E-02
    1.9450000E+01    8.2716117E-01   -7.2176086E-01   -5.2326674E+00   -1.9224453E+01    7.3358405E-02    5.8504782E-02
    1.9550000E+01    8.2946681E-01   -7.0734517E-01   -5.2180603E+00   -1.9180687E+01    8.1791911E-02    6.6938369E-02
    1.9650000E+01    8.3175606E-01   -6.9149167E-01   -5.2018539E+00   -1.9135531E+01    9.3193189E-02    7.8339731E-02
    1.9750000E+01    8.3378898E-01   -6.7382219E-01   -5.1835100E+00   -1.9089308E+01    1.0974006E-01    9.4886685E-02
    1.9850000E+01    8.2749593E-01   -6.7549091E-01   -5.1822591E+00   -1.9085955E+01    1.3688807E-01    1.2203478E-01
    1.9950000E+01    7.4039380E-01   -8.9978518E-01   -5.3855520E+00   -1.9525455E+01    1.9473176E-01    1.7987849E-01
