# Time          3.0000E+00
# Units: Dimensionless (Log10(Q/Keq)
    Distance           Quartz           K-Feldspar_Li    Oligoclase_Li    Biotite_Li       Kaolinite_Li7    Kaolinite_Li6
    5.0000000E-02   -2.1315617E-01   -4.3979360E+00   -8.5716679E+00   -3.1720737E+01    3.8885878E-03   -1.0898867E-02
    1.5000000E-01   -4.8894105E-03   -3.7876394E+00   -8.0068109E+00   -3.0335310E+01    6.3179311E-03   -8.4752969E-03
    2.5000000E-01    1.3712561E-02   -3.7355965E+00   -7.9618588E+00   -3.0018604E+01    5.9475219E-03   -8.8526988E-03
    3.5000000E-01   -3.4530315E-02   -3.8801482E+00   -8.1009662E+00   -3.0088209E+01    5.8950827E-03   -8.9143322E-03
    4.5000000E-01   -7.7648923E-02   -4.0087804E+00   -8.2257176E+00   -3.0166648E+01    5.9348495E-03   -8.8839577E-03
    5.5000000E-01   -9.3612319E-02   -4.0565227E+00   -8.2744910E+00   -3.0140984E+01    6.0024005E-03   -8.8236392E-03
    6.5000000E-01   -9.0611499E-02   -4.0479085E+00   -8.2698763E+00   -3.0044006E+01    6.0576135E-03   -8.7733303E-03
    7.5000000E-01   -7.9858162E-02   -4.0161856E+00   -8.2431866E+00   -2.9921240E+01    6.0969329E-03   -8.7375476E-03
    8.5000000E-01   -6.6956613E-02   -3.9779106E+00   -8.2101354E+00   -2.9794266E+01    6.1291445E-03   -8.7081950E-03
    9.5000000E-01   -5.3793054E-02   -3.9386496E+00   -8.1760337E+00   -2.9669714E+01    6.1593930E-03   -8.6804205E-03
    1.0500000E+00   -4.0857816E-02   -3.8998575E+00   -8.1422784E+00   -2.9548898E+01    6.1894549E-03   -8.6525552E-03
    1.1500000E+00   -2.8246499E-02   -3.8618292E+00   -8.1091574E+00   -2.9431750E+01    6.2197983E-03   -8.6241779E-03
    1.2500000E+00   -1.5963112E-02   -3.8245903E+00   -8.0766998E+00   -2.9317953E+01    6.2505184E-03   -8.5952219E-03
    1.3500000E+00   -3.9941795E-03   -3.7881144E+00   -8.0448841E+00   -2.9207193E+01    6.2816248E-03   -8.5657004E-03
    1.4500000E+00    7.6758660E-03   -3.7523675E+00   -8.0136819E+00   -2.9099200E+01    6.3131114E-03   -8.5356388E-03
    1.5500000E+00    1.9061931E-02   -3.7173170E+00   -7.9830650E+00   -2.8993742E+01    6.3449706E-03   -8.5050617E-03
    1.6500000E+00    3.0177905E-02   -3.6829320E+00   -7.9530073E+00   -2.8890621E+01    6.3771961E-03   -8.4739907E-03
    1.7500000E+00    4.1036699E-02   -3.6491838E+00   -7.9234843E+00   -2.8789668E+01    6.4097827E-03   -8.4424441E-03
    1.8500000E+00    5.1650315E-02   -3.6160457E+00   -7.8944733E+00   -2.8690732E+01    6.4427266E-03   -8.4104376E-03
    1.9500000E+00    6.2029941E-02   -3.5834924E+00   -7.8659528E+00   -2.8593682E+01    6.4760249E-03   -8.3779847E-03
    2.0500000E+00    7.2186014E-02   -3.5515005E+00   -7.8379030E+00   -2.8498403E+01    6.5096757E-03   -8.3450966E-03
    2.1500000E+00    8.2128293E-02   -3.5200478E+00   -7.8103051E+00   -2.8404791E+01    6.5436778E-03   -8.3117827E-03
    2.2500000E+00    9.1865913E-02   -3.4891137E+00   -7.7831415E+00   -2.8312753E+01    6.5780309E-03   -8.2780509E-03
    2.3500000E+00    1.0140744E-01   -3.4586786E+00   -7.7563957E+00   -2.8222206E+01    6.6127352E-03   -8.2439074E-03
    2.4500000E+00    1.1076091E-01   -3.4287240E+00   -7.7300522E+00   -2.8133073E+01    6.6477915E-03   -8.2093575E-03
    2.5500000E+00    1.1993387E-01   -3.3992325E+00   -7.7040962E+00   -2.8045285E+01    6.6832010E-03   -8.1744050E-03
    2.6500000E+00    1.2893345E-01   -3.3701878E+00   -7.6785140E+00   -2.7958780E+01    6.7189656E-03   -8.1390530E-03
    2.7500000E+00    1.3776633E-01   -3.3415743E+00   -7.6532923E+00   -2.7873500E+01    6.7550874E-03   -8.1033035E-03
    2.8500000E+00    1.4643884E-01   -3.3133773E+00   -7.6284189E+00   -2.7789390E+01    6.7915689E-03   -8.0671578E-03
    2.9500000E+00    1.5495694E-01   -3.2855829E+00   -7.6038820E+00   -2.7706403E+01    6.8284131E-03   -8.0306163E-03
    3.0500000E+00    1.6332627E-01   -3.2581777E+00   -7.5796703E+00   -2.7624491E+01    6.8656231E-03   -7.9936789E-03
    3.1500000E+00    1.7155216E-01   -3.2311492E+00   -7.5557735E+00   -2.7543614E+01    6.9032026E-03   -7.9563447E-03
    3.2500000E+00    1.7963969E-01   -3.2044855E+00   -7.5321813E+00   -2.7463730E+01    6.9411553E-03   -7.9186125E-03
    3.3500000E+00    1.8759362E-01   -3.1781751E+00   -7.5088843E+00   -2.7384804E+01    6.9794853E-03   -7.8804805E-03
    3.4500000E+00    1.9541853E-01   -3.1522073E+00   -7.4858734E+00   -2.7306801E+01    7.0181970E-03   -7.8419462E-03
    3.5500000E+00    2.0311871E-01   -3.1265716E+00   -7.4631399E+00   -2.7229688E+01    7.0572948E-03   -7.8030070E-03
    3.6500000E+00    2.1069829E-01   -3.1012583E+00   -7.4406755E+00   -2.7153435E+01    7.0967836E-03   -7.7636598E-03
    3.7500000E+00    2.1816116E-01   -3.0762578E+00   -7.4184723E+00   -2.7078013E+01    7.1366685E-03   -7.7239008E-03
    3.8500000E+00    2.2551105E-01   -3.0515612E+00   -7.3965229E+00   -2.7003396E+01    7.1769547E-03   -7.6837263E-03
    3.9500000E+00    2.3275151E-01   -3.0271599E+00   -7.3748199E+00   -2.6929556E+01    7.2176475E-03   -7.6431321E-03
    4.0500000E+00    2.3988591E-01   -3.0030456E+00   -7.3533566E+00   -2.6856471E+01    7.2587528E-03   -7.6021135E-03
    4.1500000E+00    2.4691747E-01   -2.9792104E+00   -7.3321262E+00   -2.6784117E+01    7.3002763E-03   -7.5606658E-03
    4.2500000E+00    2.5384929E-01   -2.9556468E+00   -7.3111225E+00   -2.6712473E+01    7.3422242E-03   -7.5187837E-03
    4.3500000E+00    2.6068431E-01   -2.9323475E+00   -7.2903394E+00   -2.6641517E+01    7.3846027E-03   -7.4764617E-03
    4.4500000E+00    2.6742534E-01   -2.9093055E+00   -7.2697711E+00   -2.6571231E+01    7.4274183E-03   -7.4336943E-03
    4.5500000E+00    2.7407507E-01   -2.8865141E+00   -7.2494120E+00   -2.6501594E+01    7.4706777E-03   -7.3904754E-03
    4.6500000E+00    2.8063609E-01   -2.8639670E+00   -7.2292567E+00   -2.6432590E+01    7.5143878E-03   -7.3467986E-03
    4.7500000E+00    2.8711088E-01   -2.8416578E+00   -7.2093001E+00   -2.6364201E+01    7.5585556E-03   -7.3026576E-03
    4.8500000E+00    2.9350179E-01   -2.8195808E+00   -7.1895373E+00   -2.6296411E+01    7.6031885E-03   -7.2580455E-03
    4.9500000E+00    2.9981111E-01   -2.7977301E+00   -7.1699634E+00   -2.6229203E+01    7.6482939E-03   -7.2129553E-03
    5.0500000E+00    3.0604101E-01   -2.7761003E+00   -7.1505738E+00   -2.6162564E+01    7.6938796E-03   -7.1673797E-03
    5.1500000E+00    3.1219359E-01   -2.7546859E+00   -7.1313641E+00   -2.6096478E+01    7.7399536E-03   -7.1213112E-03
    5.2500000E+00    3.1827088E-01   -2.7334821E+00   -7.1123301E+00   -2.6030932E+01    7.7865240E-03   -7.0747420E-03
    5.3500000E+00    3.2427479E-01   -2.7124836E+00   -7.0934677E+00   -2.5965913E+01    7.8335992E-03   -7.0276640E-03
    5.4500000E+00    3.3020719E-01   -2.6916859E+00   -7.0747728E+00   -2.5901407E+01    7.8811877E-03   -6.9800689E-03
    5.5500000E+00    3.3606988E-01   -2.6710843E+00   -7.0562416E+00   -2.5837402E+01    7.9292985E-03   -6.9319482E-03
    5.6500000E+00    3.4186458E-01   -2.6506744E+00   -7.0378705E+00   -2.5773888E+01    7.9779407E-03   -6.8832929E-03
    5.7500000E+00    3.4759295E-01   -2.6304518E+00   -7.0196558E+00   -2.5710851E+01    8.0271235E-03   -6.8340941E-03
    5.8500000E+00    3.5325660E-01   -2.6104125E+00   -7.0015942E+00   -2.5648282E+01    8.0768566E-03   -6.7843423E-03
    5.9500000E+00    3.5885706E-01   -2.5905524E+00   -6.9836821E+00   -2.5586169E+01    8.1271499E-03   -6.7340279E-03
    6.0500000E+00    3.6439582E-01   -2.5708676E+00   -6.9659165E+00   -2.5524503E+01    8.1780134E-03   -6.6831410E-03
    6.1500000E+00    3.6987433E-01   -2.5513543E+00   -6.9482942E+00   -2.5463273E+01    8.2294575E-03   -6.6316713E-03
    6.2500000E+00    3.7529396E-01   -2.5320090E+00   -6.9308121E+00   -2.5402471E+01    8.2814929E-03   -6.5796082E-03
    6.3500000E+00    3.8065606E-01   -2.5128281E+00   -6.9134673E+00   -2.5342086E+01    8.3341307E-03   -6.5269411E-03
    6.4500000E+00    3.8596192E-01   -2.4938082E+00   -6.8962570E+00   -2.5282110E+01    8.3873820E-03   -6.4736587E-03
    6.5500000E+00    3.9121280E-01   -2.4749459E+00   -6.8791784E+00   -2.5222534E+01    8.4412585E-03   -6.4197495E-03
    6.6500000E+00    3.9640989E-01   -2.4562382E+00   -6.8622288E+00   -2.5163350E+01    8.4957721E-03   -6.3652019E-03
    6.7500000E+00    4.0155437E-01   -2.4376817E+00   -6.8454057E+00   -2.5104549E+01    8.5509349E-03   -6.3100035E-03
    6.8500000E+00    4.0664737E-01   -2.4192736E+00   -6.8287064E+00   -2.5046125E+01    8.6067596E-03   -6.2541421E-03
    6.9500000E+00    4.1168998E-01   -2.4010109E+00   -6.8121286E+00   -2.4988068E+01    8.6632591E-03   -6.1976047E-03
    7.0500000E+00    4.1668327E-01   -2.3828907E+00   -6.7956699E+00   -2.4930372E+01    8.7204466E-03   -6.1403782E-03
    7.1500000E+00    4.2162826E-01   -2.3649103E+00   -6.7793279E+00   -2.4873030E+01    8.7783359E-03   -6.0824488E-03
    7.2500000E+00    4.2652595E-01   -2.3470669E+00   -6.7631005E+00   -2.4816035E+01    8.8369410E-03   -6.0238028E-03
    7.3500000E+00    4.3137730E-01   -2.3293581E+00   -6.7469854E+00   -2.4759379E+01    8.8962764E-03   -5.9644256E-03
    7.4500000E+00    4.3618324E-01   -2.3117811E+00   -6.7309806E+00   -2.4703056E+01    8.9563569E-03   -5.9043024E-03
    7.5500000E+00    4.4094468E-01   -2.2943336E+00   -6.7150839E+00   -2.4647060E+01    9.0171979E-03   -5.8434180E-03
    7.6500000E+00    4.4566250E-01   -2.2770132E+00   -6.6992933E+00   -2.4591385E+01    9.0788151E-03   -5.7817567E-03
    7.7500000E+00    4.5033756E-01   -2.2598175E+00   -6.6836069E+00   -2.4536024E+01    9.1412247E-03   -5.7193023E-03
    7.8500000E+00    4.5497068E-01   -2.2427442E+00   -6.6680228E+00   -2.4480971E+01    9.2044435E-03   -5.6560381E-03
    7.9500000E+00    4.5956266E-01   -2.2257911E+00   -6.6525392E+00   -2.4426222E+01    9.2684887E-03   -5.5919470E-03
    8.0500000E+00    4.6411428E-01   -2.2089561E+00   -6.6371541E+00   -2.4371769E+01    9.3333779E-03   -5.5270113E-03
    8.1500000E+00    4.6862631E-01   -2.1922370E+00   -6.6218660E+00   -2.4317608E+01    9.3991295E-03   -5.4612127E-03
    8.2500000E+00    4.7309948E-01   -2.1756319E+00   -6.6066729E+00   -2.4263734E+01    9.4657622E-03   -5.3945325E-03
    8.3500000E+00    4.7753451E-01   -2.1591386E+00   -6.5915734E+00   -2.4210140E+01    9.5332956E-03   -5.3269512E-03
    8.4500000E+00    4.8193209E-01   -2.1427553E+00   -6.5765656E+00   -2.4156823E+01    9.6017495E-03   -5.2584490E-03
    8.5500000E+00    4.8629290E-01   -2.1264800E+00   -6.5616481E+00   -2.4103777E+01    9.6711447E-03   -5.1890051E-03
    8.6500000E+00    4.9061760E-01   -2.1103110E+00   -6.5468193E+00   -2.4050996E+01    9.7415024E-03   -5.1185983E-03
    8.7500000E+00    4.9490684E-01   -2.0942463E+00   -6.5320777E+00   -2.3998478E+01    9.8128446E-03   -5.0472067E-03
    8.8500000E+00    4.9916122E-01   -2.0782843E+00   -6.5174217E+00   -2.3946216E+01    9.8851940E-03   -4.9748076E-03
    8.9500000E+00    5.0338137E-01   -2.0624232E+00   -6.5028500E+00   -2.3894207E+01    9.9585740E-03   -4.9013776E-03
    9.0500000E+00    5.0756787E-01   -2.0466613E+00   -6.4883611E+00   -2.3842446E+01    1.0033009E-02   -4.8268926E-03
    9.1500000E+00    5.1172130E-01   -2.0309969E+00   -6.4739536E+00   -2.3790928E+01    1.0108523E-02   -4.7513275E-03
    9.2500000E+00    5.1584221E-01   -2.0154286E+00   -6.4596262E+00   -2.3739650E+01    1.0185143E-02   -4.6746565E-03
    9.3500000E+00    5.1993116E-01   -1.9999547E+00   -6.4453776E+00   -2.3688607E+01    1.0262896E-02   -4.5968531E-03
    9.4500000E+00    5.2398868E-01   -1.9845736E+00   -6.4312065E+00   -2.3637796E+01    1.0341808E-02   -4.5178895E-03
    9.5500000E+00    5.2801528E-01   -1.9692839E+00   -6.4171116E+00   -2.3587212E+01    1.0421909E-02   -4.4377374E-03
    9.6500000E+00    5.3201148E-01   -1.9540842E+00   -6.4030916E+00   -2.3536851E+01    1.0503227E-02   -4.3563671E-03
    9.7500000E+00    5.3597775E-01   -1.9389729E+00   -6.3891454E+00   -2.3486711E+01    1.0585795E-02   -4.2737481E-03
    9.8500000E+00    5.3991460E-01   -1.9239487E+00   -6.3752718E+00   -2.3436786E+01    1.0669642E-02   -4.1898487E-03
    9.9500000E+00    5.4382248E-01   -1.9090102E+00   -6.3614696E+00   -2.3387073E+01    1.0754802E-02   -4.1046363E-03
    1.0050000E+01    5.4770185E-01   -1.8941561E+00   -6.3477377E+00   -2.3337570E+01    1.0841309E-02   -4.0180768E-03
    1.0150000E+01    5.5155316E-01   -1.8793850E+00   -6.3340749E+00   -2.3288272E+01    1.0929198E-02   -3.9301351E-03
    1.0250000E+01    5.5537684E-01   -1.8646957E+00   -6.3204803E+00   -2.3239176E+01    1.1018506E-02   -3.8407747E-03
    1.0350000E+01    5.5917332E-01   -1.8500870E+00   -6.3069526E+00   -2.3190278E+01    1.1109270E-02   -3.7499578E-03
    1.0450000E+01    5.6294302E-01   -1.8355575E+00   -6.2934909E+00   -2.3141576E+01    1.1201530E-02   -3.6576452E-03
    1.0550000E+01    5.6668634E-01   -1.8211061E+00   -6.2800941E+00   -2.3093065E+01    1.1295326E-02   -3.5637961E-03
    1.0650000E+01    5.7040368E-01   -1.8067316E+00   -6.2667613E+00   -2.3044744E+01    1.1390701E-02   -3.4683681E-03
    1.0750000E+01    5.7409542E-01   -1.7924328E+00   -6.2534914E+00   -2.2996608E+01    1.1487698E-02   -3.3713175E-03
    1.0850000E+01    5.7776195E-01   -1.7782086E+00   -6.2402834E+00   -2.2948655E+01    1.1586363E-02   -3.2725985E-03
    1.0950000E+01    5.8140362E-01   -1.7640579E+00   -6.2271365E+00   -2.2900882E+01    1.1686745E-02   -3.1721636E-03
    1.1050000E+01    5.8502081E-01   -1.7499795E+00   -6.2140496E+00   -2.2853286E+01    1.1788891E-02   -3.0699636E-03
    1.1150000E+01    5.8861386E-01   -1.7359725E+00   -6.2010219E+00   -2.2805864E+01    1.1892854E-02   -2.9659470E-03
    1.1250000E+01    5.9218312E-01   -1.7220358E+00   -6.1880524E+00   -2.2758613E+01    1.1998686E-02   -2.8600605E-03
    1.1350000E+01    5.9572893E-01   -1.7081683E+00   -6.1751403E+00   -2.2711530E+01    1.2106445E-02   -2.7522482E-03
    1.1450000E+01    5.9925162E-01   -1.6943690E+00   -6.1622847E+00   -2.2664612E+01    1.2216186E-02   -2.6424524E-03
    1.1550000E+01    6.0275151E-01   -1.6806369E+00   -6.1494847E+00   -2.2617858E+01    1.2327972E-02   -2.5306124E-03
    1.1650000E+01    6.0622891E-01   -1.6669711E+00   -6.1367395E+00   -2.2571263E+01    1.2441865E-02   -2.4166653E-03
    1.1750000E+01    6.0968413E-01   -1.6533705E+00   -6.1240483E+00   -2.2524826E+01    1.2557930E-02   -2.3005452E-03
    1.1850000E+01    6.1311748E-01   -1.6398343E+00   -6.1114102E+00   -2.2478545E+01    1.2676237E-02   -2.1821836E-03
    1.1950000E+01    6.1652925E-01   -1.6263615E+00   -6.0988244E+00   -2.2432415E+01    1.2796858E-02   -2.0615086E-03
    1.2050000E+01    6.1991974E-01   -1.6129511E+00   -6.0862902E+00   -2.2386436E+01    1.2919866E-02   -1.9384454E-03
    1.2150000E+01    6.2328921E-01   -1.5996024E+00   -6.0738067E+00   -2.2340604E+01    1.3045341E-02   -1.8129156E-03
    1.2250000E+01    6.2663796E-01   -1.5863144E+00   -6.0613733E+00   -2.2294917E+01    1.3173364E-02   -1.6848373E-03
    1.2350000E+01    6.2996624E-01   -1.5730862E+00   -6.0489890E+00   -2.2249373E+01    1.3304022E-02   -1.5541245E-03
    1.2450000E+01    6.3327433E-01   -1.5599171E+00   -6.0366533E+00   -2.2203970E+01    1.3437403E-02   -1.4206876E-03
    1.2550000E+01    6.3656249E-01   -1.5468060E+00   -6.0243652E+00   -2.2158704E+01    1.3573603E-02   -1.2844322E-03
    1.2650000E+01    6.3983098E-01   -1.5337523E+00   -6.0121242E+00   -2.2113575E+01    1.3712720E-02   -1.1452597E-03
    1.2750000E+01    6.4308003E-01   -1.5207551E+00   -5.9999295E+00   -2.2068578E+01    1.3854858E-02   -1.0030663E-03
    1.2850000E+01    6.4630989E-01   -1.5078136E+00   -5.9877803E+00   -2.2023713E+01    1.4000125E-02   -8.5774346E-04
    1.2950000E+01    6.4952081E-01   -1.4949269E+00   -5.9756761E+00   -2.1978978E+01    1.4148636E-02   -7.0917670E-04
    1.3050000E+01    6.5271302E-01   -1.4820944E+00   -5.9636160E+00   -2.1934369E+01    1.4300511E-02   -5.5724587E-04
    1.3150000E+01    6.5588675E-01   -1.4693152E+00   -5.9515993E+00   -2.1889885E+01    1.4455876E-02   -4.0182454E-04
    1.3250000E+01    6.5904222E-01   -1.4565885E+00   -5.9396255E+00   -2.1845524E+01    1.4614865E-02   -2.4277956E-04
    1.3350000E+01    6.6217966E-01   -1.4439137E+00   -5.9276938E+00   -2.1801283E+01    1.4777617E-02   -7.9970665E-05
    1.3450000E+01    6.6529927E-01   -1.4312899E+00   -5.9158036E+00   -2.1757161E+01    1.4944281E-02    8.6750066E-05
    1.3550000E+01    6.6840128E-01   -1.4187164E+00   -5.9039541E+00   -2.1713156E+01    1.5115013E-02    2.5753874E-04
    1.3650000E+01    6.7148588E-01   -1.4061925E+00   -5.8921447E+00   -2.1669265E+01    1.5289978E-02    4.3256021E-04
    1.3750000E+01    6.7455329E-01   -1.3937174E+00   -5.8803748E+00   -2.1625486E+01    1.5469350E-02    6.1198876E-04
    1.3850000E+01    6.7760371E-01   -1.3812905E+00   -5.8686437E+00   -2.1581819E+01    1.5653312E-02    7.9600877E-04
    1.3950000E+01    6.8063732E-01   -1.3689110E+00   -5.8569508E+00   -2.1538259E+01    1.5842062E-02    9.8481546E-04
    1.4050000E+01    6.8365432E-01   -1.3565782E+00   -5.8452953E+00   -2.1494807E+01    1.6035805E-02    1.1786158E-03
    1.4150000E+01    6.8665490E-01   -1.3442914E+00   -5.8336767E+00   -2.1451459E+01    1.6234760E-02    1.3776292E-03
    1.4250000E+01    6.8963925E-01   -1.3320498E+00   -5.8220943E+00   -2.1408214E+01    1.6439162E-02    1.5820889E-03
    1.4350000E+01    6.9260754E-01   -1.3198529E+00   -5.8105475E+00   -2.1365070E+01    1.6649258E-02    1.7922427E-03
    1.4450000E+01    6.9555995E-01   -1.3076998E+00   -5.7990355E+00   -2.1322026E+01    1.6865311E-02    2.0083542E-03
    1.4550000E+01    6.9849665E-01   -1.2955900E+00   -5.7875578E+00   -2.1279078E+01    1.7087603E-02    2.2307043E-03
    1.4650000E+01    7.0141783E-01   -1.2835226E+00   -5.7761137E+00   -2.1236226E+01    1.7316433E-02    2.4595926E-03
    1.4750000E+01    7.0432363E-01   -1.2714970E+00   -5.7647025E+00   -2.1193467E+01    1.7552121E-02    2.6953390E-03
    1.4850000E+01    7.0721424E-01   -1.2595125E+00   -5.7533235E+00   -2.1150801E+01    1.7795008E-02    2.9382854E-03
    1.4950000E+01    7.1008981E-01   -1.2475684E+00   -5.7419762E+00   -2.1108224E+01    1.8045461E-02    3.1887976E-03
    1.5050000E+01    7.1295049E-01   -1.2356639E+00   -5.7306597E+00   -2.1065735E+01    1.8303872E-02    3.4472679E-03
    1.5150000E+01    7.1579645E-01   -1.2237985E+00   -5.7193735E+00   -2.1023333E+01    1.8570662E-02    3.7141172E-03
    1.5250000E+01    7.1862783E-01   -1.2119712E+00   -5.7081168E+00   -2.0981015E+01    1.8846283E-02    3.9897978E-03
    1.5350000E+01    7.2144478E-01   -1.2001815E+00   -5.6968890E+00   -2.0938780E+01    1.9131221E-02    4.2747964E-03
    1.5450000E+01    7.2424746E-01   -1.1884285E+00   -5.6856892E+00   -2.0896625E+01    1.9426003E-02    4.5696377E-03
    1.5550000E+01    7.2703600E-01   -1.1767115E+00   -5.6745168E+00   -2.0854550E+01    1.9731192E-02    4.8748881E-03
    1.5650000E+01    7.2981055E-01   -1.1650298E+00   -5.6633709E+00   -2.0812552E+01    2.0047404E-02    5.1911600E-03
    1.5750000E+01    7.3257124E-01   -1.1533825E+00   -5.6522508E+00   -2.0770629E+01    2.0375300E-02    5.5191169E-03
    1.5850000E+01    7.3531821E-01   -1.1417688E+00   -5.6411558E+00   -2.0728780E+01    2.0715600E-02    5.8594787E-03
    1.5950000E+01    7.3805159E-01   -1.1301880E+00   -5.6300848E+00   -2.0687003E+01    2.1069088E-02    6.2130279E-03
    1.6050000E+01    7.4077152E-01   -1.1186391E+00   -5.6190372E+00   -2.0645296E+01    2.1436616E-02    6.5806173E-03
    1.6150000E+01    7.4347812E-01   -1.1071212E+00   -5.6080119E+00   -2.0603656E+01    2.1819114E-02    6.9631774E-03
    1.6250000E+01    7.4617151E-01   -1.0956335E+00   -5.5970080E+00   -2.0562083E+01    2.2217600E-02    7.3617263E-03
    1.6350000E+01    7.4885183E-01   -1.0841749E+00   -5.5860245E+00   -2.0520574E+01    2.2633192E-02    7.7773802E-03
    1.6450000E+01    7.5151918E-01   -1.0727445E+00   -5.5750604E+00   -2.0479126E+01    2.3067114E-02    8.2113659E-03
    1.6550000E+01    7.5417370E-01   -1.0613411E+00   -5.5641144E+00   -2.0437739E+01    2.3520720E-02    8.6650350E-03
    1.6650000E+01    7.5681549E-01   -1.0499636E+00   -5.5531856E+00   -2.0396410E+01    2.3995503E-02    9.1398809E-03
    1.6750000E+01    7.5944467E-01   -1.0386108E+00   -5.5422724E+00   -2.0355137E+01    2.4493116E-02    9.6375580E-03
    1.6850000E+01    7.6206135E-01   -1.0272815E+00   -5.5313737E+00   -2.0313917E+01    2.5015398E-02    1.0159905E-02
    1.6950000E+01    7.6466564E-01   -1.0159741E+00   -5.5204879E+00   -2.0272748E+01    2.5564399E-02    1.0708969E-02
    1.7050000E+01    7.6725765E-01   -1.0046873E+00   -5.5096133E+00   -2.0231628E+01    2.6142409E-02    1.1287045E-02
    1.7150000E+01    7.6983748E-01   -9.9341930E-01   -5.4987482E+00   -2.0190554E+01    2.6752001E-02    1.1896702E-02
    1.7250000E+01    7.7240523E-01   -9.8216837E-01   -5.4878907E+00   -2.0149523E+01    2.7396073E-02    1.2540839E-02
    1.7350000E+01    7.7496101E-01   -9.7093250E-01   -5.4770387E+00   -2.0108534E+01    2.8077902E-02    1.3222735E-02
    1.7450000E+01    7.7750492E-01   -9.5970951E-01   -5.4661897E+00   -2.0067581E+01    2.8801214E-02    1.3946113E-02
    1.7550000E+01    7.8003704E-01   -9.4849693E-01   -5.4553410E+00   -2.0026663E+01    2.9570258E-02    1.4715224E-02
    1.7650000E+01    7.8255747E-01   -9.3729200E-01   -5.4444898E+00   -1.9985775E+01    3.0389913E-02    1.5534946E-02
    1.7750000E+01    7.8506631E-01   -9.2609159E-01   -5.4336324E+00   -1.9944914E+01    3.1265801E-02    1.6410902E-02
    1.7850000E+01    7.8756363E-01   -9.1489213E-01   -5.4227651E+00   -1.9904074E+01    3.2204449E-02    1.7349618E-02
    1.7950000E+01    7.9004954E-01   -9.0368952E-01   -5.4118834E+00   -1.9863252E+01    3.3213475E-02    1.8358712E-02
    1.8050000E+01    7.9252411E-01   -8.9247898E-01   -5.4009819E+00   -1.9822442E+01    3.4301834E-02    1.9447140E-02
    1.8150000E+01    7.9498742E-01   -8.8125492E-01   -5.3900545E+00   -1.9781636E+01    3.5480135E-02    2.0625510E-02
    1.8250000E+01    7.9743955E-01   -8.7001073E-01   -5.3790941E+00   -1.9740829E+01    3.6761049E-02    2.1906495E-02
    1.8350000E+01    7.9988058E-01   -8.5873852E-01   -5.3680918E+00   -1.9700010E+01    3.8159852E-02    2.3305368E-02
    1.8450000E+01    8.0231057E-01   -8.4742872E-01   -5.3570372E+00   -1.9659170E+01    3.9695144E-02    2.4840731E-02
    1.8550000E+01    8.0472960E-01   -8.3606965E-01   -5.3459173E+00   -1.9618297E+01    4.1389836E-02    2.6535495E-02
    1.8650000E+01    8.0713773E-01   -8.2464679E-01   -5.3347161E+00   -1.9577375E+01    4.3272511E-02    2.8418242E-02
    1.8750000E+01    8.0953501E-01   -8.1314183E-01   -5.3234136E+00   -1.9536386E+01    4.5379344E-02    3.0525148E-02
    1.8850000E+01    8.1192150E-01   -8.0153133E-01   -5.3119837E+00   -1.9495306E+01    4.7756886E-02    3.2902763E-02
    1.8950000E+01    8.1429724E-01   -7.8978458E-01   -5.3003926E+00   -1.9454103E+01    5.0466184E-02    3.5612136E-02
    1.9050000E+01    8.1666226E-01   -7.7786054E-01   -5.2885950E+00   -1.9412737E+01    5.3589092E-02    3.8735119E-02
    1.9150000E+01    8.1901658E-01   -7.6570277E-01   -5.2765288E+00   -1.9371151E+01    5.7238271E-02    4.2384374E-02
    1.9250000E+01    8.2136021E-01   -7.5323122E-01   -5.2641055E+00   -1.9329266E+01    6.1573725E-02    4.6719905E-02
    1.9350000E+01    8.2369311E-01   -7.4032785E-01   -5.2511950E+00   -1.9286966E+01    6.6831579E-02    5.1977837E-02
    1.9450000E+01    8.2601522E-01   -7.2680998E-01   -5.2375959E+00   -1.9244070E+01    7.3377437E-02    5.8523774E-02
    1.9550000E+01    8.2832634E-01   -7.1237685E-01   -5.2229766E+00   -1.9200282E+01    8.1813566E-02    6.6959983E-02
    1.9650000E+01    8.3062318E-01   -6.9649870E-01   -5.2067516E+00   -1.9155091E+01    9.3218350E-02    7.8364850E-02
    1.9750000E+01    8.3276719E-01   -6.7849753E-01   -5.1881042E+00   -1.9108234E+01    1.0976843E-01    9.4915019E-02
    1.9850000E+01    8.3079223E-01   -6.6743600E-01   -5.1750188E+00   -1.9080072E+01    1.3682956E-01    1.2197623E-01
    1.9950000E+01    9.4167519E-01   -3.0935007E-01   -4.8370758E+00   -1.8381091E+01    1.8734863E-01    1.7249535E-01
