 TITLE = "Isotope ratios" 
    Distance        Li7+            
    5.0000000E-02   -1.0253608E+01
    1.5000000E-01   -1.1436749E+01
    2.5000000E-01   -1.3222074E+01
    3.5000000E-01   -1.5103499E+01
    4.5000000E-01   -1.6395251E+01
    5.5000000E-01   -1.7192255E+01
    6.5000000E-01   -1.7775048E+01
    7.5000000E-01   -1.8265307E+01
    8.5000000E-01   -1.8698168E+01
    9.5000000E-01   -1.9084847E+01
    1.0500000E+00   -1.9431277E+01
    1.1500000E+00   -1.9742027E+01
    1.2500000E+00   -2.0021030E+01
    1.3500000E+00   -2.0271737E+01
    1.4500000E+00   -2.0497192E+01
    1.5500000E+00   -2.0700081E+01
    1.6500000E+00   -2.0882783E+01
    1.7500000E+00   -2.1047401E+01
    1.8500000E+00   -2.1195801E+01
    1.9500000E+00   -2.1329640E+01
    2.0500000E+00   -2.1450391E+01
    2.1500000E+00   -2.1559364E+01
    2.2500000E+00   -2.1657729E+01
    2.3500000E+00   -2.1746525E+01
    2.4500000E+00   -2.1826686E+01
    2.5500000E+00   -2.1899041E+01
    2.6500000E+00   -2.1964338E+01
    2.7500000E+00   -2.2023243E+01
    2.8500000E+00   -2.2076356E+01
    2.9500000E+00   -2.2124214E+01
    3.0500000E+00   -2.2167301E+01
    3.1500000E+00   -2.2206053E+01
    3.2500000E+00   -2.2240862E+01
    3.3500000E+00   -2.2272081E+01
    3.4500000E+00   -2.2300029E+01
    3.5500000E+00   -2.2324996E+01
    3.6500000E+00   -2.2347241E+01
    3.7500000E+00   -2.2367000E+01
    3.8500000E+00   -2.2384488E+01
    3.9500000E+00   -2.2399898E+01
    4.0500000E+00   -2.2413407E+01
    4.1500000E+00   -2.2425173E+01
    4.2500000E+00   -2.2435343E+01
    4.3500000E+00   -2.2444048E+01
    4.4500000E+00   -2.2451409E+01
    4.5500000E+00   -2.2457536E+01
    4.6500000E+00   -2.2462528E+01
    4.7500000E+00   -2.2466476E+01
    4.8500000E+00   -2.2469464E+01
    4.9500000E+00   -2.2471568E+01
    5.0500000E+00   -2.2472858E+01
    5.1500000E+00   -2.2473397E+01
    5.2500000E+00   -2.2473245E+01
    5.3500000E+00   -2.2472453E+01
    5.4500000E+00   -2.2471071E+01
    5.5500000E+00   -2.2469145E+01
    5.6500000E+00   -2.2466715E+01
    5.7500000E+00   -2.2463820E+01
    5.8500000E+00   -2.2460494E+01
    5.9500000E+00   -2.2456770E+01
    6.0500000E+00   -2.2452677E+01
    6.1500000E+00   -2.2448241E+01
    6.2500000E+00   -2.2443490E+01
    6.3500000E+00   -2.2438444E+01
    6.4500000E+00   -2.2433126E+01
    6.5500000E+00   -2.2427555E+01
    6.6500000E+00   -2.2421750E+01
    6.7500000E+00   -2.2415727E+01
    6.8500000E+00   -2.2409501E+01
    6.9500000E+00   -2.2403088E+01
    7.0500000E+00   -2.2396499E+01
    7.1500000E+00   -2.2389748E+01
    7.2500000E+00   -2.2382845E+01
    7.3500000E+00   -2.2375801E+01
    7.4500000E+00   -2.2368626E+01
    7.5500000E+00   -2.2361329E+01
    7.6500000E+00   -2.2353918E+01
    7.7500000E+00   -2.2346401E+01
    7.8500000E+00   -2.2338784E+01
    7.9500000E+00   -2.2331075E+01
    8.0500000E+00   -2.2323279E+01
    8.1500000E+00   -2.2315403E+01
    8.2500000E+00   -2.2307451E+01
    8.3500000E+00   -2.2299428E+01
    8.4500000E+00   -2.2291339E+01
    8.5500000E+00   -2.2283188E+01
    8.6500000E+00   -2.2274979E+01
    8.7500000E+00   -2.2266716E+01
    8.8500000E+00   -2.2258401E+01
    8.9500000E+00   -2.2250039E+01
    9.0500000E+00   -2.2241631E+01
    9.1500000E+00   -2.2233180E+01
    9.2500000E+00   -2.2224689E+01
    9.3500000E+00   -2.2216160E+01
    9.4500000E+00   -2.2207595E+01
    9.5500000E+00   -2.2198995E+01
    9.6500000E+00   -2.2190364E+01
    9.7500000E+00   -2.2181702E+01
    9.8500000E+00   -2.2173010E+01
    9.9500000E+00   -2.2164291E+01
    1.0050000E+01   -2.2155545E+01
    1.0150000E+01   -2.2146773E+01
    1.0250000E+01   -2.2137977E+01
    1.0350000E+01   -2.2129157E+01
    1.0450000E+01   -2.2120314E+01
    1.0550000E+01   -2.2111449E+01
    1.0650000E+01   -2.2102563E+01
    1.0750000E+01   -2.2093656E+01
    1.0850000E+01   -2.2084728E+01
    1.0950000E+01   -2.2075781E+01
    1.1050000E+01   -2.2066814E+01
    1.1150000E+01   -2.2057828E+01
    1.1250000E+01   -2.2048822E+01
    1.1350000E+01   -2.2039798E+01
    1.1450000E+01   -2.2030756E+01
    1.1550000E+01   -2.2021695E+01
    1.1650000E+01   -2.2012615E+01
    1.1750000E+01   -2.2003517E+01
    1.1850000E+01   -2.1994401E+01
    1.1950000E+01   -2.1985266E+01
    1.2050000E+01   -2.1976112E+01
    1.2150000E+01   -2.1966939E+01
    1.2250000E+01   -2.1957748E+01
    1.2350000E+01   -2.1948537E+01
    1.2450000E+01   -2.1939306E+01
    1.2550000E+01   -2.1930056E+01
    1.2650000E+01   -2.1920786E+01
    1.2750000E+01   -2.1911495E+01
    1.2850000E+01   -2.1902184E+01
    1.2950000E+01   -2.1892851E+01
    1.3050000E+01   -2.1883497E+01
    1.3150000E+01   -2.1874120E+01
    1.3250000E+01   -2.1864721E+01
    1.3350000E+01   -2.1855299E+01
    1.3450000E+01   -2.1845853E+01
    1.3550000E+01   -2.1836383E+01
    1.3650000E+01   -2.1826888E+01
    1.3750000E+01   -2.1817368E+01
    1.3850000E+01   -2.1807821E+01
    1.3950000E+01   -2.1798248E+01
    1.4050000E+01   -2.1788648E+01
    1.4150000E+01   -2.1779019E+01
    1.4250000E+01   -2.1769362E+01
    1.4350000E+01   -2.1759675E+01
    1.4450000E+01   -2.1749958E+01
    1.4550000E+01   -2.1740209E+01
    1.4650000E+01   -2.1730429E+01
    1.4750000E+01   -2.1720616E+01
    1.4850000E+01   -2.1710770E+01
    1.4950000E+01   -2.1700889E+01
    1.5050000E+01   -2.1690972E+01
    1.5150000E+01   -2.1681019E+01
    1.5250000E+01   -2.1671029E+01
    1.5350000E+01   -2.1661001E+01
    1.5450000E+01   -2.1650933E+01
    1.5550000E+01   -2.1640825E+01
    1.5650000E+01   -2.1630676E+01
    1.5750000E+01   -2.1620485E+01
    1.5850000E+01   -2.1610249E+01
    1.5950000E+01   -2.1599970E+01
    1.6050000E+01   -2.1589644E+01
    1.6150000E+01   -2.1579271E+01
    1.6250000E+01   -2.1568850E+01
    1.6350000E+01   -2.1558380E+01
    1.6450000E+01   -2.1547858E+01
    1.6550000E+01   -2.1537285E+01
    1.6650000E+01   -2.1526657E+01
    1.6750000E+01   -2.1515975E+01
    1.6850000E+01   -2.1505237E+01
    1.6950000E+01   -2.1494440E+01
    1.7050000E+01   -2.1483584E+01
    1.7150000E+01   -2.1472666E+01
    1.7250000E+01   -2.1461685E+01
    1.7350000E+01   -2.1450640E+01
    1.7450000E+01   -2.1439528E+01
    1.7550000E+01   -2.1428348E+01
    1.7650000E+01   -2.1417096E+01
    1.7750000E+01   -2.1405772E+01
    1.7850000E+01   -2.1394373E+01
    1.7950000E+01   -2.1382896E+01
    1.8050000E+01   -2.1371338E+01
    1.8150000E+01   -2.1359698E+01
    1.8250000E+01   -2.1347970E+01
    1.8350000E+01   -2.1336153E+01
    1.8450000E+01   -2.1324242E+01
    1.8550000E+01   -2.1312233E+01
    1.8650000E+01   -2.1300121E+01
    1.8750000E+01   -2.1287899E+01
    1.8850000E+01   -2.1275561E+01
    1.8950000E+01   -2.1263100E+01
    1.9050000E+01   -2.1250504E+01
    1.9150000E+01   -2.1237760E+01
    1.9250000E+01   -2.1224853E+01
    1.9350000E+01   -2.1211758E+01
    1.9450000E+01   -2.1198444E+01
    1.9550000E+01   -2.1184860E+01
    1.9650000E+01   -2.1170925E+01
    1.9750000E+01   -2.1156548E+01
    1.9850000E+01   -2.1142821E+01
    1.9950000E+01   -2.1140156E+01
