# Time          2.5000E+00
# Units: Mol/kgw
    Distance           H+               Na+              K+               Ca++             Mg++             Al+++            Fe+++            Fe++             Li7+             Li6+             SiO2(aq)         CO2(aq)          O2(aq)           Cl-          
    5.0000000E-02   -1.0753500E-04    5.9325676E-05    1.5891138E-05    6.2709906E-05    2.6703882E-05    3.5816456E-08    1.7746418E-16    1.3090102E-07    6.6492465E-08    5.3374434E-09    3.9294053E-05    1.1902498E-03    5.8290172E-04    1.4695047E-04
    1.5000000E-01   -1.1953429E-04    6.5538122E-05    1.7696003E-05    6.8700598E-05    2.9498683E-05    3.0667374E-08    1.9422513E-16    2.7961487E-07    7.3935434E-08    5.9278064E-09    4.4827357E-05    1.3026652E-03    6.3795500E-04    1.6082949E-04
    2.5000000E-01   -9.3037377E-05    5.0440998E-05    1.3804729E-05    5.2116542E-05    2.2701529E-05    3.3936491E-08    1.4708474E-16    3.9298537E-07    5.7676924E-08    4.6159218E-09    3.6390116E-05    9.8649531E-04    4.8311693E-04    1.2179456E-04
    3.5000000E-01   -7.5328356E-05    4.0314227E-05    1.1206280E-05    4.0943133E-05    1.8142201E-05    3.5745618E-08    1.1530838E-16    4.8065313E-07    4.6819407E-08    3.7398435E-09    3.0851613E-05    7.7337169E-04    3.7874377E-04    9.5481922E-05
    4.5000000E-01   -6.9500591E-05    3.6829940E-05    1.0361427E-05    3.6895479E-05    1.6573192E-05    3.4724310E-08    1.0373217E-16    5.5857334E-07    4.3269995E-08    3.4517902E-09    2.9446965E-05    6.9573021E-04    3.4072037E-04    8.5896159E-05
    5.5000000E-01   -6.8740348E-05    3.6173241E-05    1.0264686E-05    3.5874172E-05    1.6277122E-05    3.2698086E-08    1.0073279E-16    6.3399179E-07    4.2840272E-08    3.4147406E-09    2.9819341E-05    6.7561340E-04    3.3086855E-04    8.3412499E-05
    6.5000000E-01   -6.9395548E-05    3.6305032E-05    1.0376781E-05    3.5695538E-05    1.6336063E-05    3.0598596E-08    1.0012118E-16    7.0902714E-07    4.3284355E-08    3.4480920E-09    3.0690368E-05    6.7151134E-04    3.2885964E-04    8.2906051E-05
    7.5000000E-01   -7.0354364E-05    3.6605217E-05    1.0533532E-05    3.5696258E-05    1.6470871E-05    2.8635384E-08    1.0001758E-16    7.8414930E-07    4.3918128E-08    3.4968330E-09    3.1669366E-05    6.7081649E-04    3.2851935E-04    8.2820263E-05
    8.5000000E-01   -7.1368329E-05    3.6935324E-05    1.0698255E-05    3.5728295E-05    1.6619212E-05    2.6828969E-08    1.0000249E-16    8.5944340E-07    4.4588597E-08    3.5486514E-09    3.2668858E-05    6.7071532E-04    3.2846981E-04    8.2807773E-05
    9.5000000E-01   -7.2392731E-05    3.7270466E-05    1.0864355E-05    3.5765049E-05    1.6769882E-05    2.5168137E-08    1.0000056E-16    9.3492273E-07    4.5268174E-08    3.6013170E-09    3.3673083E-05    6.7070236E-04    3.2846346E-04    8.2806173E-05
    1.0500000E+00   -7.3420745E-05    3.7606866E-05    1.1030831E-05    3.5802485E-05    1.6921182E-05    2.3638964E-08    1.0000034E-16    1.0105893E-06    4.5952610E-08    3.6544762E-09    3.4679636E-05    6.7070087E-04    3.2846273E-04    8.2805989E-05
    1.1500000E+00   -7.4451438E-05    3.7944024E-05    1.1197550E-05    3.5840068E-05    1.7072888E-05    2.2228710E-08    1.0000032E-16    1.0864436E-06    4.6641287E-08    3.7080692E-09    3.5688190E-05    6.7070072E-04    3.2846266E-04    8.2805970E-05
    1.2500000E+00   -7.5484673E-05    3.8281882E-05    1.1364498E-05    3.5877736E-05    1.7224972E-05    2.0926064E-08    1.0000031E-16    1.1624859E-06    4.7334084E-08    3.7620768E-09    3.6698698E-05    6.7070070E-04    3.2846265E-04    8.2805968E-05
    1.3500000E+00   -7.6520413E-05    3.8620436E-05    1.1531672E-05    3.5915481E-05    1.7377433E-05    1.9720988E-08    1.0000031E-16    1.2387165E-06    4.8030945E-08    3.8164861E-09    3.7711149E-05    6.7070070E-04    3.2846265E-04    8.2805968E-05
    1.4500000E+00   -7.7558630E-05    3.8959685E-05    1.1699073E-05    3.5953305E-05    1.7530271E-05    1.8604557E-08    1.0000031E-16    1.3151356E-06    4.8731826E-08    3.8712863E-09    3.8725537E-05    6.7070070E-04    3.2846265E-04    8.2805968E-05
    1.5500000E+00   -7.8599305E-05    3.9299630E-05    1.1866701E-05    3.5991206E-05    1.7683487E-05    1.7568811E-08    1.0000031E-16    1.3917435E-06    4.9436689E-08    3.9264676E-09    3.9741856E-05    6.7070070E-04    3.2846265E-04    8.2805968E-05
    1.6500000E+00   -7.9642419E-05    3.9640272E-05    1.2034557E-05    3.6029184E-05    1.7837081E-05    1.6606639E-08    1.0000031E-16    1.4685404E-06    5.0145503E-08    3.9820215E-09    4.0760103E-05    6.7070070E-04    3.2846265E-04    8.2805968E-05
    1.7500000E+00   -8.0687954E-05    3.9981611E-05    1.2202639E-05    3.6067241E-05    1.7991053E-05    1.5711672E-08    1.0000031E-16    1.5455266E-06    5.0858236E-08    4.0379402E-09    4.1780272E-05    6.7070070E-04    3.2846265E-04    8.2805968E-05
    1.8500000E+00   -8.1735897E-05    4.0323649E-05    1.2370949E-05    3.6105375E-05    1.8145405E-05    1.4878192E-08    1.0000031E-16    1.6227023E-06    5.1574865E-08    4.0942169E-09    4.2802361E-05    6.7070070E-04    3.2846265E-04    8.2805968E-05
    1.9500000E+00   -8.2786233E-05    4.0666385E-05    1.2539487E-05    3.6143587E-05    1.8300135E-05    1.4101059E-08    1.0000031E-16    1.7000677E-06    5.2295366E-08    4.1508455E-09    4.3826364E-05    6.7070070E-04    3.2846265E-04    8.2805968E-05
    2.0500000E+00   -8.3838953E-05    4.1009821E-05    1.2708252E-05    3.6181877E-05    1.8455246E-05    1.3375638E-08    1.0000031E-16    1.7776231E-06    5.3019721E-08    4.2078205E-09    4.4852280E-05    6.7070070E-04    3.2846265E-04    8.2805968E-05
    2.1500000E+00   -8.4894046E-05    4.1353958E-05    1.2877246E-05    3.6220246E-05    1.8610738E-05    1.2697746E-08    1.0000031E-16    1.8553688E-06    5.3747912E-08    4.2651371E-09    4.5880106E-05    6.7070070E-04    3.2846265E-04    8.2805968E-05
    2.2500000E+00   -8.5951502E-05    4.1698796E-05    1.3046467E-05    3.6258692E-05    1.8766610E-05    1.2063599E-08    1.0000031E-16    1.9333049E-06    5.4479924E-08    4.3227909E-09    4.6909839E-05    6.7070070E-04    3.2846265E-04    8.2805968E-05
    2.3500000E+00   -8.7011315E-05    4.2044336E-05    1.3215917E-05    3.6297217E-05    1.8922863E-05    1.1469767E-08    1.0000031E-16    2.0114317E-06    5.5215744E-08    4.3807781E-09    4.7941479E-05    6.7070070E-04    3.2846265E-04    8.2805968E-05
    2.4500000E+00   -8.8073477E-05    4.2390579E-05    1.3385595E-05    3.6335820E-05    1.9079499E-05    1.0913141E-08    1.0000031E-16    2.0897495E-06    5.5955362E-08    4.4390950E-09    4.8975023E-05    6.7070070E-04    3.2846265E-04    8.2805968E-05
    2.5500000E+00   -8.9137981E-05    4.2737525E-05    1.3555502E-05    3.6374501E-05    1.9236517E-05    1.0390889E-08    1.0000031E-16    2.1682584E-06    5.6698767E-08    4.4977387E-09    5.0010472E-05    6.7070070E-04    3.2846265E-04    8.2805968E-05
    2.6500000E+00   -9.0204824E-05    4.3085175E-05    1.3725638E-05    3.6413261E-05    1.9393918E-05    9.9004386E-09    1.0000031E-16    2.2469588E-06    5.7445952E-08    4.5567064E-09    5.1047823E-05    6.7070070E-04    3.2846265E-04    8.2805968E-05
    2.7500000E+00   -9.1274000E-05    4.3433530E-05    1.3896002E-05    3.6452100E-05    1.9551702E-05    9.4394404E-09    1.0000031E-16    2.3258508E-06    5.8196910E-08    4.6159955E-09    5.2087076E-05    6.7070070E-04    3.2846265E-04    8.2805968E-05
    2.8500000E+00   -9.2345504E-05    4.3782591E-05    1.4066595E-05    3.6491017E-05    1.9709869E-05    9.0057506E-09    1.0000031E-16    2.4049346E-06    5.8951634E-08    4.6756040E-09    5.3128231E-05    6.7070070E-04    3.2846265E-04    8.2805968E-05
    2.9500000E+00   -9.3419335E-05    4.4132358E-05    1.4237418E-05    3.6530013E-05    1.9868421E-05    8.5974092E-09    1.0000031E-16    2.4842106E-06    5.9710121E-08    4.7355297E-09    5.4171287E-05    6.7070070E-04    3.2846265E-04    8.2805968E-05
    3.0500000E+00   -9.4495488E-05    4.4482831E-05    1.4408469E-05    3.6569088E-05    2.0027358E-05    8.2126213E-09    1.0000031E-16    2.5636789E-06    6.0472366E-08    4.7957710E-09    5.5216244E-05    6.7070070E-04    3.2846265E-04    8.2805968E-05
    3.1500000E+00   -9.5573961E-05    4.4834013E-05    1.4579750E-05    3.6608242E-05    2.0186680E-05    7.8497416E-09    1.0000031E-16    2.6433398E-06    6.1238366E-08    4.8563263E-09    5.6263103E-05    6.7070070E-04    3.2846265E-04    8.2805968E-05
    3.2500000E+00   -9.6654752E-05    4.5185903E-05    1.4751260E-05    3.6647474E-05    2.0346387E-05    7.5072600E-09    1.0000031E-16    2.7231936E-06    6.2008120E-08    4.9171943E-09    5.7311863E-05    6.7070070E-04    3.2846265E-04    8.2805968E-05
    3.3500000E+00   -9.7737859E-05    4.5538502E-05    1.4922999E-05    3.6686786E-05    2.0506481E-05    7.1837886E-09    1.0000031E-16    2.8032403E-06    6.2781625E-08    4.9783737E-09    5.8362525E-05    6.7070070E-04    3.2846265E-04    8.2805968E-05
    3.4500000E+00   -9.8823281E-05    4.5891811E-05    1.5094968E-05    3.6726177E-05    2.0666961E-05    6.8780505E-09    1.0000031E-16    2.8834804E-06    6.3558882E-08    5.0398635E-09    5.9415088E-05    6.7070070E-04    3.2846265E-04    8.2805968E-05
    3.5500000E+00   -9.9911016E-05    4.6245831E-05    1.5267167E-05    3.6765647E-05    2.0827828E-05    6.5888696E-09    1.0000031E-16    2.9639139E-06    6.4339889E-08    5.1016627E-09    6.0469554E-05    6.7070070E-04    3.2846265E-04    8.2805968E-05
    3.6500000E+00   -1.0100106E-04    4.6600561E-05    1.5439595E-05    3.6805197E-05    2.0989082E-05    6.3151613E-09    1.0000031E-16    3.0445412E-06    6.5124648E-08    5.1637706E-09    6.1525922E-05    6.7070070E-04    3.2846265E-04    8.2805968E-05
    3.7500000E+00   -1.0209342E-04    4.6956004E-05    1.5612253E-05    3.6844826E-05    2.1150725E-05    6.0559244E-09    1.0000031E-16    3.1253625E-06    6.5913158E-08    5.2261864E-09    6.2584194E-05    6.7070070E-04    3.2846265E-04    8.2805968E-05
    3.8500000E+00   -1.0318809E-04    4.7312160E-05    1.5785141E-05    3.6884534E-05    2.1312756E-05    5.8102339E-09    1.0000031E-16    3.2063780E-06    6.6705422E-08    5.2889096E-09    6.3644370E-05    6.7070070E-04    3.2846265E-04    8.2805968E-05
    3.9500000E+00   -1.0428508E-04    4.7669029E-05    1.5958258E-05    3.6924322E-05    2.1475176E-05    5.5772339E-09    1.0000031E-16    3.2875880E-06    6.7501441E-08    5.3519396E-09    6.4706450E-05    6.7070070E-04    3.2846265E-04    8.2805968E-05
    4.0500000E+00   -1.0538437E-04    4.8026612E-05    1.6131605E-05    3.6964189E-05    2.1637985E-05    5.3561323E-09    1.0000031E-16    3.3689926E-06    6.8301217E-08    5.4152760E-09    6.5770436E-05    6.7070070E-04    3.2846265E-04    8.2805968E-05
    4.1500000E+00   -1.0648597E-04    4.8384910E-05    1.6305182E-05    3.7004136E-05    2.1801184E-05    5.1461946E-09    1.0000031E-16    3.4505922E-06    6.9104752E-08    5.4789186E-09    6.6836327E-05    6.7070070E-04    3.2846265E-04    8.2805968E-05
    4.2500000E+00   -1.0758989E-04    4.8743923E-05    1.6478990E-05    3.7044163E-05    2.1964774E-05    4.9467398E-09    1.0000031E-16    3.5323869E-06    6.9912050E-08    5.5428669E-09    6.7904126E-05    6.7070070E-04    3.2846265E-04    8.2805968E-05
    4.3500000E+00   -1.0869612E-04    4.9103653E-05    1.6653026E-05    3.7084270E-05    2.2128754E-05    4.7571355E-09    1.0000031E-16    3.6143770E-06    7.0723113E-08    5.6071208E-09    6.8973832E-05    6.7070070E-04    3.2846265E-04    8.2805968E-05
    4.4500000E+00   -1.0980465E-04    4.9464100E-05    1.6827293E-05    3.7124457E-05    2.2293125E-05    4.5767939E-09    1.0000031E-16    3.6965627E-06    7.1537945E-08    5.6716803E-09    7.0045447E-05    6.7070070E-04    3.2846265E-04    8.2805968E-05
    4.5500000E+00   -1.1091551E-04    4.9825265E-05    1.7001790E-05    3.7164724E-05    2.2457888E-05    4.4051684E-09    1.0000031E-16    3.7789442E-06    7.2356550E-08    5.7365450E-09    7.1118971E-05    6.7070070E-04    3.2846265E-04    8.2805968E-05
    4.6500000E+00   -1.1202867E-04    5.0187148E-05    1.7176517E-05    3.7205070E-05    2.2623044E-05    4.2417504E-09    1.0000031E-16    3.8615218E-06    7.3178932E-08    5.8017152E-09    7.2194405E-05    6.7070070E-04    3.2846265E-04    8.2805968E-05
    4.7500000E+00   -1.1314415E-04    5.0549750E-05    1.7351473E-05    3.7245497E-05    2.2788592E-05    4.0860657E-09    1.0000031E-16    3.9442958E-06    7.4005094E-08    5.8671906E-09    7.3271751E-05    6.7070070E-04    3.2846265E-04    8.2805968E-05
    4.8500000E+00   -1.1426195E-04    5.0913072E-05    1.7526659E-05    3.7286005E-05    2.2954533E-05    3.9376725E-09    1.0000031E-16    4.0272663E-06    7.4835042E-08    5.9329715E-09    7.4351008E-05    6.7070070E-04    3.2846265E-04    8.2805968E-05
    4.9500000E+00   -1.1538206E-04    5.1277114E-05    1.7702075E-05    3.7326592E-05    2.3120867E-05    3.7961584E-09    1.0000031E-16    4.1104335E-06    7.5668780E-08    5.9990579E-09    7.5432179E-05    6.7070070E-04    3.2846265E-04    8.2805968E-05
    5.0500000E+00   -1.1650449E-04    5.1641878E-05    1.7877721E-05    3.7367260E-05    2.3287596E-05    3.6611384E-09    1.0000031E-16    4.1937978E-06    7.6506312E-08    6.0654499E-09    7.6515264E-05    6.7070070E-04    3.2846265E-04    8.2805968E-05
    5.1500000E+00   -1.1762924E-04    5.2007364E-05    1.8053597E-05    3.7408009E-05    2.3454719E-05    3.5322527E-09    1.0000031E-16    4.2773593E-06    7.7347645E-08    6.1321477E-09    7.7600264E-05    6.7070070E-04    3.2846265E-04    8.2805968E-05
    5.2500000E+00   -1.1875631E-04    5.2373573E-05    1.8229702E-05    3.7448838E-05    2.3622237E-05    3.4091649E-09    1.0000031E-16    4.3611184E-06    7.8192783E-08    6.1991515E-09    7.8687179E-05    6.7070070E-04    3.2846265E-04    8.2805968E-05
    5.3500000E+00   -1.1988570E-04    5.2740505E-05    1.8406036E-05    3.7489748E-05    2.3790150E-05    3.2915602E-09    1.0000031E-16    4.4450751E-06    7.9041732E-08    6.2664615E-09    7.9776012E-05    6.7070070E-04    3.2846265E-04    8.2805968E-05
    5.4500000E+00   -1.2101741E-04    5.3108161E-05    1.8582600E-05    3.7530738E-05    2.3958460E-05    3.1791437E-09    1.0000031E-16    4.5292298E-06    7.9894497E-08    6.3340781E-09    8.0866762E-05    6.7070070E-04    3.2846265E-04    8.2805968E-05
    5.5500000E+00   -1.2215145E-04    5.3476542E-05    1.8759394E-05    3.7571810E-05    2.4127165E-05    3.0716391E-09    1.0000031E-16    4.6135826E-06    8.0751085E-08    6.4020014E-09    8.1959431E-05    6.7070070E-04    3.2846265E-04    8.2805968E-05
    5.6500000E+00   -1.2328781E-04    5.3845649E-05    1.8936416E-05    3.7612962E-05    2.4296268E-05    2.9687875E-09    1.0000031E-16    4.6981339E-06    8.1611501E-08    6.4702318E-09    8.3054020E-05    6.7070070E-04    3.2846265E-04    8.2805968E-05
    5.7500000E+00   -1.2442650E-04    5.4215481E-05    1.9113668E-05    3.7654195E-05    2.4465768E-05    2.8703458E-09    1.0000031E-16    4.7828838E-06    8.2475751E-08    6.5387697E-09    8.4150530E-05    6.7070070E-04    3.2846265E-04    8.2805968E-05
    5.8500000E+00   -1.2556752E-04    5.4586041E-05    1.9291149E-05    3.7695509E-05    2.4635665E-05    2.7760858E-09    1.0000031E-16    4.8678326E-06    8.3343841E-08    6.6076154E-09    8.5248961E-05    6.7070070E-04    3.2846265E-04    8.2805968E-05
    5.9500000E+00   -1.2671086E-04    5.4957329E-05    1.9468858E-05    3.7736905E-05    2.4805961E-05    2.6857931E-09    1.0000031E-16    4.9529805E-06    8.4215779E-08    6.6767693E-09    8.6349315E-05    6.7070070E-04    3.2846265E-04    8.2805968E-05
    6.0500000E+00   -1.2785654E-04    5.5329345E-05    1.9646796E-05    3.7778381E-05    2.4976656E-05    2.5992663E-09    1.0000031E-16    5.0383278E-06    8.5091571E-08    6.7462318E-09    8.7451592E-05    6.7070070E-04    3.2846265E-04    8.2805968E-05
    6.1500000E+00   -1.2900455E-04    5.5702090E-05    1.9824962E-05    3.7819939E-05    2.5147749E-05    2.5163158E-09    1.0000031E-16    5.1238746E-06    8.5971223E-08    6.8160033E-09    8.8555794E-05    6.7070070E-04    3.2846265E-04    8.2805968E-05
    6.2500000E+00   -1.3015489E-04    5.6075565E-05    2.0003357E-05    3.7861578E-05    2.5319242E-05    2.4367632E-09    1.0000031E-16    5.2096212E-06    8.6854743E-08    6.8860843E-09    8.9661921E-05    6.7070070E-04    3.2846265E-04    8.2805968E-05
    6.3500000E+00   -1.3130757E-04    5.6449771E-05    2.0181980E-05    3.7903299E-05    2.5491136E-05    2.3604406E-09    1.0000031E-16    5.2955679E-06    8.7742137E-08    6.9564752E-09    9.0769973E-05    6.7070070E-04    3.2846265E-04    8.2805968E-05
    6.4500000E+00   -1.3246258E-04    5.6824708E-05    2.0360831E-05    3.7945101E-05    2.5663430E-05    2.2871898E-09    1.0000031E-16    5.3817149E-06    8.8633412E-08    7.0271766E-09    9.1879953E-05    6.7070070E-04    3.2846265E-04    8.2805968E-05
    6.5500000E+00   -1.3361994E-04    5.7200376E-05    2.0539909E-05    3.7986985E-05    2.5836125E-05    2.2168615E-09    1.0000031E-16    5.4680624E-06    8.9528576E-08    7.0981889E-09    9.2991861E-05    6.7070070E-04    3.2846265E-04    8.2805968E-05
    6.6500000E+00   -1.3477964E-04    5.7576778E-05    2.0719215E-05    3.8028951E-05    2.6009221E-05    2.1493151E-09    1.0000031E-16    5.5546106E-06    9.0427637E-08    7.1695126E-09    9.4105697E-05    6.7070070E-04    3.2846265E-04    8.2805968E-05
    6.7500000E+00   -1.3594167E-04    5.7953913E-05    2.0898747E-05    3.8070998E-05    2.6182720E-05    2.0844178E-09    1.0000031E-16    5.6413599E-06    9.1330601E-08    7.2411484E-09    9.5221462E-05    6.7070070E-04    3.2846265E-04    8.2805968E-05
    6.8500000E+00   -1.3710605E-04    5.8331782E-05    2.1078507E-05    3.8113127E-05    2.6356621E-05    2.0220443E-09    1.0000031E-16    5.7283103E-06    9.2237477E-08    7.3130966E-09    9.6339158E-05    6.7070070E-04    3.2846265E-04    8.2805968E-05
    6.9500000E+00   -1.3827278E-04    5.8710386E-05    2.1258493E-05    3.8155338E-05    2.6530924E-05    1.9620761E-09    1.0000031E-16    5.8154622E-06    9.3148272E-08    7.3853579E-09    9.7458785E-05    6.7070070E-04    3.2846265E-04    8.2805968E-05
    7.0500000E+00   -1.3944186E-04    5.9089726E-05    2.1438706E-05    3.8197631E-05    2.6705631E-05    1.9044014E-09    1.0000031E-16    5.9028157E-06    9.4062995E-08    7.4579329E-09    9.8580343E-05    6.7070070E-04    3.2846265E-04    8.2805968E-05
    7.1500000E+00   -1.4061328E-04    5.9469802E-05    2.1619144E-05    3.8240007E-05    2.6880742E-05    1.8489143E-09    1.0000031E-16    5.9903712E-06    9.4981653E-08    7.5308222E-09    9.9703833E-05    6.7070070E-04    3.2846265E-04    8.2805968E-05
    7.2500000E+00   -1.4178705E-04    5.9850615E-05    2.1799808E-05    3.8282464E-05    2.7056258E-05    1.7955146E-09    1.0000031E-16    6.0781288E-06    9.5904254E-08    7.6040263E-09    1.0082926E-04    6.7070070E-04    3.2846265E-04    8.2805968E-05
    7.3500000E+00   -1.4296318E-04    6.0232165E-05    2.1980698E-05    3.8325004E-05    2.7232178E-05    1.7441077E-09    1.0000031E-16    6.1660888E-06    9.6830808E-08    7.6775459E-09    1.0195661E-04    6.7070070E-04    3.2846265E-04    8.2805968E-05
    7.4500000E+00   -1.4414165E-04    6.0614454E-05    2.2161812E-05    3.8367626E-05    2.7408503E-05    1.6946039E-09    1.0000031E-16    6.2542514E-06    9.7761322E-08    7.7513816E-09    1.0308590E-04    6.7070070E-04    3.2846265E-04    8.2805968E-05
    7.5500000E+00   -1.4532249E-04    6.0997483E-05    2.2343151E-05    3.8410330E-05    2.7585234E-05    1.6469181E-09    1.0000031E-16    6.3426169E-06    9.8695805E-08    7.8255341E-09    1.0421713E-04    6.7070070E-04    3.2846265E-04    8.2805968E-05
    7.6500000E+00   -1.4650568E-04    6.1381251E-05    2.2524714E-05    3.8453117E-05    2.7762371E-05    1.6009697E-09    1.0000031E-16    6.4311854E-06    9.9634266E-08    7.9000041E-09    1.0535029E-04    6.7070070E-04    3.2846265E-04    8.2805968E-05
    7.7500000E+00   -1.4769123E-04    6.1765759E-05    2.2706500E-05    3.8495986E-05    2.7939915E-05    1.5566825E-09    1.0000031E-16    6.5199573E-06    1.0057671E-07    7.9747921E-09    1.0648539E-04    6.7070070E-04    3.2846265E-04    8.2805968E-05
    7.8500000E+00   -1.4887914E-04    6.2151009E-05    2.2888510E-05    3.8538938E-05    2.8117865E-05    1.5139840E-09    1.0000031E-16    6.6089327E-06    1.0152316E-07    8.0498989E-09    1.0762242E-04    6.7070070E-04    3.2846265E-04    8.2805968E-05
    7.9500000E+00   -1.5006941E-04    6.2537001E-05    2.3070743E-05    3.8581973E-05    2.8296224E-05    1.4728053E-09    1.0000031E-16    6.6981118E-06    1.0247361E-07    8.1253253E-09    1.0876139E-04    6.7070070E-04    3.2846265E-04    8.2805968E-05
    8.0500000E+00   -1.5126205E-04    6.2923736E-05    2.3253198E-05    3.8625091E-05    2.8474990E-05    1.4330813E-09    1.0000031E-16    6.7874950E-06    1.0342807E-07    8.2010718E-09    1.0990230E-04    6.7070070E-04    3.2846265E-04    8.2805968E-05
    8.1500000E+00   -1.5245705E-04    6.3311214E-05    2.3435875E-05    3.8668291E-05    2.8654165E-05    1.3947500E-09    1.0000031E-16    6.8770825E-06    1.0438656E-07    8.2771393E-09    1.1104515E-04    6.7070070E-04    3.2846265E-04    8.2805968E-05
    8.2500000E+00   -1.5365441E-04    6.3699436E-05    2.3618773E-05    3.8711575E-05    2.8833749E-05    1.3577524E-09    1.0000031E-16    6.9668744E-06    1.0534908E-07    8.3535285E-09    1.1218993E-04    6.7070070E-04    3.2846265E-04    8.2805968E-05
    8.3500000E+00   -1.5485415E-04    6.4088403E-05    2.3801892E-05    3.8754941E-05    2.9013742E-05    1.3220326E-09    1.0000031E-16    7.0568710E-06    1.0631564E-07    8.4302401E-09    1.1333665E-04    6.7070070E-04    3.2846265E-04    8.2805968E-05
    8.4500000E+00   -1.5605625E-04    6.4478116E-05    2.3985231E-05    3.8798391E-05    2.9194145E-05    1.2875373E-09    1.0000031E-16    7.1470726E-06    1.0728625E-07    8.5072749E-09    1.1448531E-04    6.7070070E-04    3.2846265E-04    8.2805968E-05
    8.5500000E+00   -1.5726073E-04    6.4868575E-05    2.4168790E-05    3.8841924E-05    2.9374959E-05    1.2542160E-09    1.0000031E-16    7.2374793E-06    1.0826093E-07    8.5846336E-09    1.1563591E-04    6.7070070E-04    3.2846265E-04    8.2805968E-05
    8.6500000E+00   -1.5846758E-04    6.5259781E-05    2.4352568E-05    3.8885540E-05    2.9556183E-05    1.2220203E-09    1.0000031E-16    7.3280915E-06    1.0923968E-07    8.6623172E-09    1.1678845E-04    6.7070070E-04    3.2846265E-04    8.2805968E-05
    8.7500000E+00   -1.5967680E-04    6.5651734E-05    2.4536564E-05    3.8929239E-05    2.9737819E-05    1.1909045E-09    1.0000031E-16    7.4189093E-06    1.1022252E-07    8.7403264E-09    1.1794292E-04    6.7070070E-04    3.2846265E-04    8.2805968E-05
    8.8500000E+00   -1.6088840E-04    6.6044436E-05    2.4720778E-05    3.8973022E-05    2.9919866E-05    1.1608249E-09    1.0000031E-16    7.5099330E-06    1.1120945E-07    8.8186619E-09    1.1909934E-04    6.7070070E-04    3.2846265E-04    8.2805968E-05
    8.9500000E+00   -1.6210238E-04    6.6437888E-05    2.4905210E-05    3.9016888E-05    3.0102326E-05    1.1317397E-09    1.0000031E-16    7.6011628E-06    1.1220048E-07    8.8973247E-09    1.2025770E-04    6.7070070E-04    3.2846265E-04    8.2805968E-05
    9.0500000E+00   -1.6331873E-04    6.6832089E-05    2.5089857E-05    3.9060838E-05    3.0285198E-05    1.1036095E-09    1.0000031E-16    7.6925989E-06    1.1319563E-07    8.9763156E-09    1.2141799E-04    6.7070070E-04    3.2846265E-04    8.2805968E-05
    9.1500000E+00   -1.6453747E-04    6.7227040E-05    2.5274721E-05    3.9104872E-05    3.0468483E-05    1.0763964E-09    1.0000031E-16    7.7842416E-06    1.1419490E-07    9.0556354E-09    1.2258022E-04    6.7070070E-04    3.2846265E-04    8.2805968E-05
    9.2500000E+00   -1.6575858E-04    6.7622743E-05    2.5459799E-05    3.9148990E-05    3.0652182E-05    1.0500642E-09    1.0000031E-16    7.8760912E-06    1.1519831E-07    9.1352851E-09    1.2374440E-04    6.7070070E-04    3.2846265E-04    8.2805968E-05
    9.3500000E+00   -1.6698208E-04    6.8019198E-05    2.5645091E-05    3.9193191E-05    3.0836295E-05    1.0245787E-09    1.0000031E-16    7.9681477E-06    1.1620587E-07    9.2152655E-09    1.2491051E-04    6.7070070E-04    3.2846265E-04    8.2805968E-05
    9.4500000E+00   -1.6820797E-04    6.8416406E-05    2.5830597E-05    3.9237476E-05    3.1020823E-05    9.9990698E-10    1.0000031E-16    8.0604116E-06    1.1721759E-07    9.2955775E-09    1.2607856E-04    6.7070070E-04    3.2846265E-04    8.2805968E-05
    9.5500000E+00   -1.6943624E-04    6.8814367E-05    2.6016316E-05    3.9281846E-05    3.1205766E-05    9.7601772E-10    1.0000031E-16    8.1528830E-06    1.1823348E-07    9.3762221E-09    1.2724855E-04    6.7070070E-04    3.2846265E-04    8.2805968E-05
    9.6500000E+00   -1.7066690E-04    6.9213082E-05    2.6202246E-05    3.9326299E-05    3.1391124E-05    9.5288101E-10    1.0000031E-16    8.2455621E-06    1.1925356E-07    9.4572001E-09    1.2842048E-04    6.7070070E-04    3.2846265E-04    8.2805968E-05
    9.7500000E+00   -1.7189995E-04    6.9612552E-05    2.6388387E-05    3.9370836E-05    3.1576898E-05    9.3046827E-10    1.0000031E-16    8.3384492E-06    1.2027783E-07    9.5385126E-09    1.2959434E-04    6.7070070E-04    3.2846265E-04    8.2805968E-05
    9.8500000E+00   -1.7313538E-04    7.0012778E-05    2.6574738E-05    3.9415458E-05    3.1763089E-05    9.0875218E-10    1.0000031E-16    8.4315445E-06    1.2130630E-07    9.6201604E-09    1.3077015E-04    6.7070070E-04    3.2846265E-04    8.2805968E-05
    9.9500000E+00   -1.7437321E-04    7.0413760E-05    2.6761298E-05    3.9460164E-05    3.1949696E-05    8.8770665E-10    1.0000031E-16    8.5248482E-06    1.2233900E-07    9.7021447E-09    1.3194789E-04    6.7070070E-04    3.2846265E-04    8.2805968E-05
    1.0050000E+01   -1.7561343E-04    7.0815499E-05    2.6948067E-05    3.9504955E-05    3.2136721E-05    8.6730672E-10    1.0000031E-16    8.6183607E-06    1.2337593E-07    9.7844663E-09    1.3312756E-04    6.7070070E-04    3.2846265E-04    8.2805968E-05
    1.0150000E+01   -1.7685605E-04    7.1217995E-05    2.7135042E-05    3.9549829E-05    3.2324164E-05    8.4752852E-10    1.0000031E-16    8.7120820E-06    1.2441710E-07    9.8671262E-09    1.3430918E-04    6.7070070E-04    3.2846265E-04    8.2805968E-05
    1.0250000E+01   -1.7810106E-04    7.1621250E-05    2.7322223E-05    3.9594789E-05    3.2512025E-05    8.2834922E-10    1.0000031E-16    8.8060125E-06    1.2546254E-07    9.9501256E-09    1.3549273E-04    6.7070070E-04    3.2846265E-04    8.2805968E-05
    1.0350000E+01   -1.7934846E-04    7.2025265E-05    2.7509610E-05    3.9639833E-05    3.2700305E-05    8.0974697E-10    1.0000031E-16    8.9001524E-06    1.2651224E-07    1.0033465E-08    1.3667821E-04    6.7070070E-04    3.2846265E-04    8.2805968E-05
    1.0450000E+01   -1.8059826E-04    7.2430039E-05    2.7697200E-05    3.9684962E-05    3.2889004E-05    7.9170084E-10    1.0000031E-16    8.9945018E-06    1.2756623E-07    1.0117147E-08    1.3786563E-04    6.7070070E-04    3.2846265E-04    8.2805968E-05
    1.0550000E+01   -1.8185046E-04    7.2835573E-05    2.7884993E-05    3.9730176E-05    3.3078122E-05    7.7419083E-10    1.0000031E-16    9.0890612E-06    1.2862451E-07    1.0201171E-08    1.3905498E-04    6.7070070E-04    3.2846265E-04    8.2805968E-05
    1.0650000E+01   -1.8310506E-04    7.3241869E-05    2.8072988E-05    3.9775474E-05    3.3267661E-05    7.5719774E-10    1.0000031E-16    9.1838306E-06    1.2968711E-07    1.0285538E-08    1.4024626E-04    6.7070070E-04    3.2846265E-04    8.2805968E-05
    1.0750000E+01   -1.8436207E-04    7.3648927E-05    2.8261183E-05    3.9820858E-05    3.3457621E-05    7.4070320E-10    1.0000031E-16    9.2788103E-06    1.3075403E-07    1.0370251E-08    1.4143948E-04    6.7070070E-04    3.2846265E-04    8.2805968E-05
    1.0850000E+01   -1.8562147E-04    7.4056748E-05    2.8449577E-05    3.9866326E-05    3.3648001E-05    7.2468960E-10    1.0000031E-16    9.3740005E-06    1.3182529E-07    1.0455309E-08    1.4263462E-04    6.7070070E-04    3.2846265E-04    8.2805968E-05
    1.0950000E+01   -1.8688327E-04    7.4465332E-05    2.8638170E-05    3.9911880E-05    3.3838803E-05    7.0914006E-10    1.0000031E-16    9.4694016E-06    1.3290090E-07    1.0540715E-08    1.4383169E-04    6.7070070E-04    3.2846265E-04    8.2805968E-05
    1.1050000E+01   -1.8814748E-04    7.4874680E-05    2.8826959E-05    3.9957518E-05    3.4030027E-05    6.9403840E-10    1.0000031E-16    9.5650136E-06    1.3398089E-07    1.0626468E-08    1.4503070E-04    6.7070070E-04    3.2846265E-04    8.2805968E-05
    1.1150000E+01   -1.8941409E-04    7.5284793E-05    2.9015944E-05    4.0003243E-05    3.4221674E-05    6.7936909E-10    1.0000031E-16    9.6608369E-06    1.3506525E-07    1.0712572E-08    1.4623162E-04    6.7070070E-04    3.2846265E-04    8.2805968E-05
    1.1250000E+01   -1.9068311E-04    7.5695672E-05    2.9205122E-05    4.0049052E-05    3.4413743E-05    6.6511725E-10    1.0000031E-16    9.7568717E-06    1.3615402E-07    1.0799025E-08    1.4743448E-04    6.7070070E-04    3.2846265E-04    8.2805968E-05
    1.1350000E+01   -1.9195453E-04    7.6107317E-05    2.9394494E-05    4.0094947E-05    3.4606236E-05    6.5126859E-10    1.0000031E-16    9.8531181E-06    1.3724720E-07    1.0885831E-08    1.4863926E-04    6.7070070E-04    3.2846265E-04    8.2805968E-05
    1.1450000E+01   -1.9322836E-04    7.6519729E-05    2.9584056E-05    4.0140927E-05    3.4799153E-05    6.3780940E-10    1.0000031E-16    9.9495766E-06    1.3834481E-07    1.0972990E-08    1.4984596E-04    6.7070070E-04    3.2846265E-04    8.2805968E-05
    1.1550000E+01   -1.9450460E-04    7.6932908E-05    2.9773808E-05    4.0186993E-05    3.4992494E-05    6.2472650E-10    1.0000031E-16    1.0046247E-05    1.3944686E-07    1.1060503E-08    1.5105458E-04    6.7070070E-04    3.2846265E-04    8.2805968E-05
    1.1650000E+01   -1.9578325E-04    7.7346856E-05    2.9963748E-05    4.0233145E-05    3.5186260E-05    6.1200728E-10    1.0000031E-16    1.0143130E-05    1.4055337E-07    1.1148372E-08    1.5226512E-04    6.7070070E-04    3.2846265E-04    8.2805968E-05
    1.1750000E+01   -1.9706430E-04    7.7761574E-05    3.0153875E-05    4.0279382E-05    3.5380452E-05    5.9963957E-10    1.0000031E-16    1.0240226E-05    1.4166436E-07    1.1236598E-08    1.5347758E-04    6.7070070E-04    3.2846265E-04    8.2805968E-05
    1.1850000E+01   -1.9834776E-04    7.8177061E-05    3.0344187E-05    4.0325706E-05    3.5575069E-05    5.8761172E-10    1.0000031E-16    1.0337534E-05    1.4277985E-07    1.1325182E-08    1.5469196E-04    6.7070070E-04    3.2846265E-04    8.2805968E-05
    1.1950000E+01   -1.9963364E-04    7.8593318E-05    3.0534682E-05    4.0372115E-05    3.5770112E-05    5.7591252E-10    1.0000031E-16    1.0435056E-05    1.4389984E-07    1.1414126E-08    1.5590825E-04    6.7070070E-04    3.2846265E-04    8.2805968E-05
    1.2050000E+01   -2.0092192E-04    7.9010347E-05    3.0725359E-05    4.0418610E-05    3.5965582E-05    5.6453119E-10    1.0000031E-16    1.0532791E-05    1.4502437E-07    1.1503430E-08    1.5712645E-04    6.7070070E-04    3.2846265E-04    8.2805968E-05
    1.2150000E+01   -2.0221262E-04    7.9428148E-05    3.0916216E-05    4.0465191E-05    3.6161479E-05    5.5345739E-10    1.0000031E-16    1.0630740E-05    1.4615344E-07    1.1593098E-08    1.5834656E-04    6.7070070E-04    3.2846265E-04    8.2805968E-05
    1.2250000E+01   -2.0350573E-04    7.9846722E-05    3.1107250E-05    4.0511858E-05    3.6357804E-05    5.4268115E-10    1.0000031E-16    1.0728902E-05    1.4728707E-07    1.1683129E-08    1.5956858E-04    6.7070070E-04    3.2846265E-04    8.2805968E-05
    1.2350000E+01   -2.0480125E-04    8.0266069E-05    3.1298461E-05    4.0558612E-05    3.6554557E-05    5.3219289E-10    1.0000031E-16    1.0827278E-05    1.4842529E-07    1.1773525E-08    1.6079251E-04    6.7070070E-04    3.2846265E-04    8.2805968E-05
    1.2450000E+01   -2.0609918E-04    8.0686190E-05    3.1489847E-05    4.0605452E-05    3.6751738E-05    5.2198340E-10    1.0000031E-16    1.0925869E-05    1.4956810E-07    1.1864289E-08    1.6201834E-04    6.7070070E-04    3.2846265E-04    8.2805968E-05
    1.2550000E+01   -2.0739953E-04    8.1107086E-05    3.1681405E-05    4.0652378E-05    3.6949349E-05    5.1204382E-10    1.0000031E-16    1.1024674E-05    1.5071553E-07    1.1955420E-08    1.6324607E-04    6.7070070E-04    3.2846265E-04    8.2805968E-05
    1.2650000E+01   -2.0870229E-04    8.1528757E-05    3.1873133E-05    4.0699391E-05    3.7147388E-05    5.0236562E-10    1.0000031E-16    1.1123694E-05    1.5186760E-07    1.2046921E-08    1.6447570E-04    6.7070070E-04    3.2846265E-04    8.2805968E-05
    1.2750000E+01   -2.1000746E-04    8.1951205E-05    3.2065030E-05    4.0746490E-05    3.7345858E-05    4.9294058E-10    1.0000031E-16    1.1222929E-05    1.5302432E-07    1.2138794E-08    1.6570722E-04    6.7070070E-04    3.2846265E-04    8.2805968E-05
    1.2850000E+01   -2.1131505E-04    8.2374430E-05    3.2257093E-05    4.0793676E-05    3.7544759E-05    4.8376079E-10    1.0000031E-16    1.1322379E-05    1.5418572E-07    1.2231040E-08    1.6694064E-04    6.7070070E-04    3.2846265E-04    8.2805968E-05
    1.2950000E+01   -2.1262505E-04    8.2798433E-05    3.2449320E-05    4.0840949E-05    3.7744090E-05    4.7481865E-10    1.0000031E-16    1.1422045E-05    1.5535182E-07    1.2323660E-08    1.6817594E-04    6.7070070E-04    3.2846265E-04    8.2805968E-05
    1.3050000E+01   -2.1393747E-04    8.3223214E-05    3.2641709E-05    4.0888308E-05    3.7943852E-05    4.6610682E-10    1.0000031E-16    1.1521926E-05    1.5652263E-07    1.2416656E-08    1.6941314E-04    6.7070070E-04    3.2846265E-04    8.2805968E-05
    1.3150000E+01   -2.1525229E-04    8.3648774E-05    3.2834258E-05    4.0935755E-05    3.8144047E-05    4.5761824E-10    1.0000031E-16    1.1622023E-05    1.5769818E-07    1.2510030E-08    1.7065222E-04    6.7070070E-04    3.2846265E-04    8.2805968E-05
    1.3250000E+01   -2.1656954E-04    8.4075114E-05    3.3026964E-05    4.0983288E-05    3.8344673E-05    4.4934610E-10    1.0000031E-16    1.1722337E-05    1.5887848E-07    1.2603784E-08    1.7189318E-04    6.7070070E-04    3.2846265E-04    8.2805968E-05
    1.3350000E+01   -2.1788919E-04    8.4502234E-05    3.3219825E-05    4.1030908E-05    3.8545733E-05    4.4128384E-10    1.0000031E-16    1.1822866E-05    1.6006357E-07    1.2697918E-08    1.7313601E-04    6.7070070E-04    3.2846265E-04    8.2805968E-05
    1.3450000E+01   -2.1921126E-04    8.4930136E-05    3.3412839E-05    4.1078616E-05    3.8747225E-05    4.3342515E-10    1.0000031E-16    1.1923613E-05    1.6125345E-07    1.2792436E-08    1.7438072E-04    6.7070070E-04    3.2846265E-04    8.2805968E-05
    1.3550000E+01   -2.2053574E-04    8.5358820E-05    3.3606003E-05    4.1126410E-05    3.8949151E-05    4.2576393E-10    1.0000031E-16    1.2024576E-05    1.6244816E-07    1.2887338E-08    1.7562731E-04    6.7070070E-04    3.2846265E-04    8.2805968E-05
    1.3650000E+01   -2.2186264E-04    8.5788287E-05    3.3799315E-05    4.1174292E-05    3.9151512E-05    4.1829431E-10    1.0000031E-16    1.2125756E-05    1.6364771E-07    1.2982627E-08    1.7687575E-04    6.7070070E-04    3.2846265E-04    8.2805968E-05
    1.3750000E+01   -2.2319195E-04    8.6218536E-05    3.3992771E-05    4.1222261E-05    3.9354307E-05    4.1101063E-10    1.0000031E-16    1.2227153E-05    1.6485214E-07    1.3078305E-08    1.7812607E-04    6.7070070E-04    3.2846265E-04    8.2805968E-05
    1.3850000E+01   -2.2452367E-04    8.6649571E-05    3.4186369E-05    4.1270318E-05    3.9557537E-05    4.0390741E-10    1.0000031E-16    1.2328769E-05    1.6606145E-07    1.3174372E-08    1.7937824E-04    6.7070070E-04    3.2846265E-04    8.2805968E-05
    1.3950000E+01   -2.2585780E-04    8.7081389E-05    3.4380108E-05    4.1318462E-05    3.9761203E-05    3.9697941E-10    1.0000031E-16    1.2430601E-05    1.6727567E-07    1.3270832E-08    1.8063226E-04    6.7070070E-04    3.2846265E-04    8.2805968E-05
    1.4050000E+01   -2.2719434E-04    8.7513994E-05    3.4573982E-05    4.1366693E-05    3.9965305E-05    3.9022153E-10    1.0000031E-16    1.2532652E-05    1.6849484E-07    1.3367686E-08    1.8188814E-04    6.7070070E-04    3.2846265E-04    8.2805968E-05
    1.4150000E+01   -2.2853330E-04    8.7947385E-05    3.4767991E-05    4.1415013E-05    4.0169843E-05    3.8362887E-10    1.0000031E-16    1.2634921E-05    1.6971897E-07    1.3464936E-08    1.8314586E-04    6.7070070E-04    3.2846265E-04    8.2805968E-05
    1.4250000E+01   -2.2987466E-04    8.8381562E-05    3.4962130E-05    4.1463420E-05    4.0374818E-05    3.7719671E-10    1.0000031E-16    1.2737409E-05    1.7094809E-07    1.3562584E-08    1.8440543E-04    6.7070070E-04    3.2846265E-04    8.2805968E-05
    1.4350000E+01   -2.3121843E-04    8.8816528E-05    3.5156397E-05    4.1511915E-05    4.0580230E-05    3.7092047E-10    1.0000031E-16    1.2840115E-05    1.7218222E-07    1.3660632E-08    1.8566683E-04    6.7070070E-04    3.2846265E-04    8.2805968E-05
    1.4450000E+01   -2.3256461E-04    8.9252282E-05    3.5350788E-05    4.1560498E-05    4.0786081E-05    3.6479576E-10    1.0000031E-16    1.2943040E-05    1.7342139E-07    1.3759082E-08    1.8693006E-04    6.7070070E-04    3.2846265E-04    8.2805968E-05
    1.4550000E+01   -2.3391320E-04    8.9688825E-05    3.5545301E-05    4.1609168E-05    4.0992370E-05    3.5881833E-10    1.0000031E-16    1.3046185E-05    1.7466563E-07    1.3857937E-08    1.8819512E-04    6.7070070E-04    3.2846265E-04    8.2805968E-05
    1.4650000E+01   -2.3526420E-04    9.0126158E-05    3.5739932E-05    4.1657927E-05    4.1199097E-05    3.5298408E-10    1.0000031E-16    1.3149549E-05    1.7591496E-07    1.3957198E-08    1.8946201E-04    6.7070070E-04    3.2846265E-04    8.2805968E-05
    1.4750000E+01   -2.3661760E-04    9.0564281E-05    3.5934678E-05    4.1706774E-05    4.1406264E-05    3.4728905E-10    1.0000031E-16    1.3253132E-05    1.7716941E-07    1.4056868E-08    1.9073071E-04    6.7070070E-04    3.2846265E-04    8.2805968E-05
    1.4850000E+01   -2.3797341E-04    9.1003196E-05    3.6129535E-05    4.1755710E-05    4.1613871E-05    3.4172941E-10    1.0000031E-16    1.3356935E-05    1.7842901E-07    1.4156949E-08    1.9200122E-04    6.7070070E-04    3.2846265E-04    8.2805968E-05
    1.4950000E+01   -2.3933161E-04    9.1442902E-05    3.6324500E-05    4.1804733E-05    4.1821918E-05    3.3630149E-10    1.0000031E-16    1.3460959E-05    1.7969378E-07    1.4257443E-08    1.9327354E-04    6.7070070E-04    3.2846265E-04    8.2805968E-05
    1.5050000E+01   -2.4069222E-04    9.1883402E-05    3.6519570E-05    4.1853845E-05    4.2030405E-05    3.3100173E-10    1.0000031E-16    1.3565203E-05    1.8096376E-07    1.4358352E-08    1.9454766E-04    6.7070070E-04    3.2846265E-04    8.2805968E-05
    1.5150000E+01   -2.4205524E-04    9.2324694E-05    3.6714739E-05    4.1903045E-05    4.2239334E-05    3.2582669E-10    1.0000031E-16    1.3669667E-05    1.8223898E-07    1.4459680E-08    1.9582358E-04    6.7070070E-04    3.2846265E-04    8.2805968E-05
    1.5250000E+01   -2.4342064E-04    9.2766781E-05    3.6910006E-05    4.1952334E-05    4.2448705E-05    3.2077307E-10    1.0000031E-16    1.3774352E-05    1.8351946E-07    1.4561428E-08    1.9710128E-04    6.7070070E-04    3.2846265E-04    8.2805968E-05
    1.5350000E+01   -2.4478845E-04    9.3209663E-05    3.7105365E-05    4.2001712E-05    4.2658517E-05    3.1583766E-10    1.0000031E-16    1.3879258E-05    1.8480524E-07    1.4663599E-08    1.9838076E-04    6.7070070E-04    3.2846265E-04    8.2805968E-05
    1.5450000E+01   -2.4615865E-04    9.3653340E-05    3.7300813E-05    4.2051178E-05    4.2868772E-05    3.1101740E-10    1.0000031E-16    1.3984386E-05    1.8609634E-07    1.4766195E-08    1.9966202E-04    6.7070070E-04    3.2846265E-04    8.2805968E-05
    1.5550000E+01   -2.4753125E-04    9.4097814E-05    3.7496346E-05    4.2100733E-05    4.3079470E-05    3.0630931E-10    1.0000031E-16    1.4089735E-05    1.8739281E-07    1.4869219E-08    2.0094505E-04    6.7070070E-04    3.2846265E-04    8.2805968E-05
    1.5650000E+01   -2.4890624E-04    9.4543084E-05    3.7691960E-05    4.2150377E-05    4.3290611E-05    3.0171053E-10    1.0000031E-16    1.4195306E-05    1.8869466E-07    1.4972674E-08    2.0222984E-04    6.7070070E-04    3.2846265E-04    8.2805968E-05
    1.5750000E+01   -2.5028361E-04    9.4989153E-05    3.7887650E-05    4.2200110E-05    4.3502197E-05    2.9721830E-10    1.0000031E-16    1.4301098E-05    1.9000194E-07    1.5076562E-08    2.0351639E-04    6.7070070E-04    3.2846265E-04    8.2805968E-05
    1.5850000E+01   -2.5166338E-04    9.5436019E-05    3.8083411E-05    4.2249931E-05    4.3714227E-05    2.9282996E-10    1.0000031E-16    1.4407113E-05    1.9131468E-07    1.5180886E-08    2.0480468E-04    6.7070070E-04    3.2846265E-04    8.2805968E-05
    1.5950000E+01   -2.5304553E-04    9.5883685E-05    3.8279240E-05    4.2299842E-05    4.3926702E-05    2.8854298E-10    1.0000031E-16    1.4513351E-05    1.9263291E-07    1.5285648E-08    2.0609471E-04    6.7070070E-04    3.2846265E-04    8.2805968E-05
    1.6050000E+01   -2.5443006E-04    9.6332151E-05    3.8475132E-05    4.2349842E-05    4.4139622E-05    2.8435488E-10    1.0000031E-16    1.4619811E-05    1.9395667E-07    1.5390853E-08    2.0738647E-04    6.7070070E-04    3.2846265E-04    8.2805968E-05
    1.6150000E+01   -2.5581698E-04    9.6781417E-05    3.8671082E-05    4.2399932E-05    4.4352988E-05    2.8026331E-10    1.0000031E-16    1.4726494E-05    1.9528599E-07    1.5496501E-08    2.0867996E-04    6.7070070E-04    3.2846265E-04    8.2805968E-05
    1.6250000E+01   -2.5720627E-04    9.7231484E-05    3.8867084E-05    4.2450110E-05    4.4566800E-05    2.7626602E-10    1.0000031E-16    1.4833400E-05    1.9662092E-07    1.5602598E-08    2.0997516E-04    6.7070070E-04    3.2846265E-04    8.2805968E-05
    1.6350000E+01   -2.5859794E-04    9.7682354E-05    3.9063135E-05    4.2500378E-05    4.4781059E-05    2.7236083E-10    1.0000031E-16    1.4940529E-05    1.9796148E-07    1.5709144E-08    2.1127207E-04    6.7070070E-04    3.2846265E-04    8.2805968E-05
    1.6450000E+01   -2.5999198E-04    9.8134026E-05    3.9259229E-05    4.2550736E-05    4.4995765E-05    2.6854567E-10    1.0000031E-16    1.5047882E-05    1.9930772E-07    1.5816145E-08    2.1257067E-04    6.7070070E-04    3.2846265E-04    8.2805968E-05
    1.6550000E+01   -2.6138839E-04    9.8586501E-05    3.9455360E-05    4.2601183E-05    4.5210919E-05    2.6481856E-10    1.0000031E-16    1.5155459E-05    2.0065967E-07    1.5923602E-08    2.1387097E-04    6.7070070E-04    3.2846265E-04    8.2805968E-05
    1.6650000E+01   -2.6278717E-04    9.9039781E-05    3.9651524E-05    4.2651720E-05    4.5426521E-05    2.6117764E-10    1.0000031E-16    1.5263260E-05    2.0201739E-07    1.6031519E-08    2.1517294E-04    6.7070070E-04    3.2846265E-04    8.2805968E-05
    1.6750000E+01   -2.6418831E-04    9.9493865E-05    3.9847714E-05    4.2702346E-05    4.5642571E-05    2.5762111E-10    1.0000031E-16    1.5371286E-05    2.0338090E-07    1.6139899E-08    2.1647659E-04    6.7070070E-04    3.2846265E-04    8.2805968E-05
    1.6850000E+01   -2.6559181E-04    9.9948755E-05    4.0043925E-05    4.2753063E-05    4.5859071E-05    2.5414729E-10    1.0000031E-16    1.5479536E-05    2.0475025E-07    1.6248746E-08    2.1778189E-04    6.7070070E-04    3.2846265E-04    8.2805968E-05
    1.6950000E+01   -2.6699767E-04    1.0040445E-04    4.0240151E-05    4.2803869E-05    4.6076020E-05    2.5075461E-10    1.0000031E-16    1.5588010E-05    2.0612548E-07    1.6358064E-08    2.1908884E-04    6.7070070E-04    3.2846265E-04    8.2805968E-05
    1.7050000E+01   -2.6840588E-04    1.0086095E-04    4.0436385E-05    4.2854765E-05    4.6293420E-05    2.4744160E-10    1.0000031E-16    1.5696710E-05    2.0750664E-07    1.6467855E-08    2.2039744E-04    6.7070070E-04    3.2846265E-04    8.2805968E-05
    1.7150000E+01   -2.6981644E-04    1.0131827E-04    4.0632622E-05    4.2905751E-05    4.6511269E-05    2.4420688E-10    1.0000031E-16    1.5805635E-05    2.0889377E-07    1.6578124E-08    2.2170765E-04    6.7070070E-04    3.2846265E-04    8.2805968E-05
    1.7250000E+01   -2.7122934E-04    1.0177638E-04    4.0828855E-05    4.2956828E-05    4.6729570E-05    2.4104924E-10    1.0000031E-16    1.5914785E-05    2.1028692E-07    1.6688874E-08    2.2301949E-04    6.7070070E-04    3.2846265E-04    8.2805968E-05
    1.7350000E+01   -2.7264458E-04    1.0223531E-04    4.1025078E-05    4.3007994E-05    4.6948322E-05    2.3796755E-10    1.0000031E-16    1.6024161E-05    2.1168614E-07    1.6800109E-08    2.2433292E-04    6.7070070E-04    3.2846265E-04    8.2805968E-05
    1.7450000E+01   -2.7406215E-04    1.0269505E-04    4.1221282E-05    4.3059251E-05    4.7167526E-05    2.3496084E-10    1.0000031E-16    1.6133763E-05    2.1309148E-07    1.6911833E-08    2.2564795E-04    6.7070070E-04    3.2846265E-04    8.2805968E-05
    1.7550000E+01   -2.7548206E-04    1.0315560E-04    4.1417462E-05    4.3110598E-05    4.7387183E-05    2.3202831E-10    1.0000031E-16    1.6243591E-05    2.1450299E-07    1.7024051E-08    2.2696456E-04    6.7070070E-04    3.2846265E-04    8.2805968E-05
    1.7650000E+01   -2.7690429E-04    1.0361696E-04    4.1613609E-05    4.3162036E-05    4.7607292E-05    2.2916931E-10    1.0000031E-16    1.6353646E-05    2.1592071E-07    1.7136766E-08    2.2828273E-04    6.7070070E-04    3.2846265E-04    8.2805968E-05
    1.7750000E+01   -2.7832885E-04    1.0407913E-04    4.1809716E-05    4.3213564E-05    4.7827854E-05    2.2638339E-10    1.0000031E-16    1.6463927E-05    2.1734472E-07    1.7249983E-08    2.2960245E-04    6.7070070E-04    3.2846265E-04    8.2805968E-05
    1.7850000E+01   -2.7975571E-04    1.0454212E-04    4.2005775E-05    4.3265183E-05    4.8048870E-05    2.2367034E-10    1.0000031E-16    1.6574435E-05    2.1877506E-07    1.7363706E-08    2.3092371E-04    6.7070070E-04    3.2846265E-04    8.2805968E-05
    1.7950000E+01   -2.8118488E-04    1.0500591E-04    4.2201776E-05    4.3316893E-05    4.8270341E-05    2.2103020E-10    1.0000031E-16    1.6685170E-05    2.2021178E-07    1.7477941E-08    2.3224648E-04    6.7070070E-04    3.2846265E-04    8.2805968E-05
    1.8050000E+01   -2.8261636E-04    1.0547053E-04    4.2397712E-05    4.3368693E-05    4.8492266E-05    2.1846332E-10    1.0000031E-16    1.6796133E-05    2.2165497E-07    1.7592693E-08    2.3357076E-04    6.7070070E-04    3.2846265E-04    8.2805968E-05
    1.8150000E+01   -2.8405013E-04    1.0593595E-04    4.2593572E-05    4.3420584E-05    4.8714646E-05    2.1597044E-10    1.0000031E-16    1.6907323E-05    2.2310467E-07    1.7707966E-08    2.3489653E-04    6.7070070E-04    3.2846265E-04    8.2805968E-05
    1.8250000E+01   -2.8548618E-04    1.0640220E-04    4.2789347E-05    4.3472566E-05    4.8937482E-05    2.1355274E-10    1.0000031E-16    1.7018741E-05    2.2456096E-07    1.7823766E-08    2.3622376E-04    6.7070070E-04    3.2846265E-04    8.2805968E-05
    1.8350000E+01   -2.8692451E-04    1.0686926E-04    4.2985026E-05    4.3524639E-05    4.9160774E-05    2.1121199E-10    1.0000031E-16    1.7130387E-05    2.2602391E-07    1.7940100E-08    2.3755244E-04    6.7070070E-04    3.2846265E-04    8.2805968E-05
    1.8450000E+01   -2.8836511E-04    1.0733713E-04    4.3180597E-05    4.3576803E-05    4.9384523E-05    2.0895065E-10    1.0000031E-16    1.7242261E-05    2.2749359E-07    1.8056972E-08    2.3888255E-04    6.7070070E-04    3.2846265E-04    8.2805968E-05
    1.8550000E+01   -2.8980797E-04    1.0780582E-04    4.3376049E-05    4.3629058E-05    4.9608728E-05    2.0677213E-10    1.0000031E-16    1.7354364E-05    2.2897010E-07    1.8174391E-08    2.4021406E-04    6.7070070E-04    3.2846265E-04    8.2805968E-05
    1.8650000E+01   -2.9125308E-04    1.0827534E-04    4.3571367E-05    4.3681405E-05    4.9833391E-05    2.0468103E-10    1.0000031E-16    1.7466696E-05    2.3045352E-07    1.8292363E-08    2.4154694E-04    6.7070070E-04    3.2846265E-04    8.2805968E-05
    1.8750000E+01   -2.9270042E-04    1.0874567E-04    4.3766536E-05    4.3733843E-05    5.0058512E-05    2.0268354E-10    1.0000031E-16    1.7579256E-05    2.3194394E-07    1.8410896E-08    2.4288118E-04    6.7070070E-04    3.2846265E-04    8.2805968E-05
    1.8850000E+01   -2.9414998E-04    1.0921682E-04    4.3961540E-05    4.3786372E-05    5.0284091E-05    2.0078807E-10    1.0000031E-16    1.7692046E-05    2.3344149E-07    1.8529999E-08    2.4421673E-04    6.7070070E-04    3.2846265E-04    8.2805968E-05
    1.8950000E+01   -2.9560175E-04    1.0968879E-04    4.4156360E-05    4.3838993E-05    5.0510130E-05    1.9900610E-10    1.0000031E-16    1.7805065E-05    2.3494628E-07    1.8649683E-08    2.4555356E-04    6.7070070E-04    3.2846265E-04    8.2805968E-05
    1.9050000E+01   -2.9705570E-04    1.1016158E-04    4.4350972E-05    4.3891705E-05    5.0736627E-05    1.9735350E-10    1.0000031E-16    1.7918314E-05    2.3645846E-07    1.8769960E-08    2.4689162E-04    6.7070070E-04    3.2846265E-04    8.2805968E-05
    1.9150000E+01   -2.9851181E-04    1.1063519E-04    4.4545350E-05    4.3944509E-05    5.0963585E-05    1.9585275E-10    1.0000031E-16    1.8031792E-05    2.3797821E-07    1.8890842E-08    2.4823087E-04    6.7070070E-04    3.2846265E-04    8.2805968E-05
    1.9250000E+01   -2.9997004E-04    1.1110963E-04    4.4739461E-05    4.3997405E-05    5.1191002E-05    1.9453647E-10    1.0000031E-16    1.8145501E-05    2.3950573E-07    1.9012349E-08    2.4957123E-04    6.7070070E-04    3.2846265E-04    8.2805968E-05
    1.9350000E+01   -3.0143037E-04    1.1158489E-04    4.4933259E-05    4.4050392E-05    5.1418881E-05    1.9345380E-10    1.0000031E-16    1.8259440E-05    2.4104131E-07    1.9134501E-08    2.5091263E-04    6.7070070E-04    3.2846265E-04    8.2805968E-05
    1.9450000E+01   -3.0289272E-04    1.1206098E-04    4.5126687E-05    4.4103471E-05    5.1647220E-05    1.9268222E-10    1.0000031E-16    1.8373610E-05    2.4258531E-07    1.9257330E-08    2.5225494E-04    6.7070070E-04    3.2846265E-04    8.2805968E-05
    1.9550000E+01   -3.0435697E-04    1.1253786E-04    4.5319651E-05    4.4156634E-05    5.1876012E-05    1.9235179E-10    1.0000030E-16    1.8488007E-05    2.4413822E-07    1.9380875E-08    2.5359795E-04    6.7070058E-04    3.2846259E-04    8.2805953E-05
    1.9650000E+01   -3.0581950E-04    1.1301427E-04    4.5511498E-05    4.4209381E-05    5.2104664E-05    1.9270219E-10    9.9999128E-17    1.8602420E-05    2.4569808E-07    1.9504982E-08    2.5493849E-04    6.7069275E-04    3.2845875E-04    8.2804986E-05
    1.9750000E+01   -3.0711074E-04    1.1342765E-04    4.5676876E-05    4.4237351E-05    5.2304330E-05    1.9433027E-10    9.9941809E-17    1.8706524E-05    2.4712948E-07    1.9618903E-08    2.5613492E-04    6.7030831E-04    3.2827048E-04    8.2757523E-05
    1.9850000E+01   -3.0255188E-04    1.1168099E-04    4.4972976E-05    4.3424788E-05    5.1507876E-05    2.0216104E-10    9.7987258E-17    1.8453910E-05    2.4384510E-07    1.9358437E-08    2.5245104E-04    6.5719917E-04    3.2185053E-04    8.1139043E-05
    1.9950000E+01   -2.4738947E-04    9.1240994E-05    3.6759949E-05    3.5328681E-05    4.2090929E-05    2.6099448E-10    7.9583877E-17    1.5116484E-05    1.9969040E-07    1.5853115E-08    2.0657856E-04    5.3376795E-04    2.6140249E-04    6.5899993E-05
