# Time          3.0000E+00
# Units: Mol/kgw
    Distance           H+               Na+              K+               Ca++             Mg++             Al+++            Fe+++            Fe++             Li7+             Li6+             SiO2(aq)         CO2(aq)          O2(aq)           Cl-          
    5.0000000E-02   -6.2923199E-05    3.4656303E-05    9.2829333E-06    3.6634108E-05    1.5599619E-05    5.6025215E-08    1.0367197E-16    7.6272060E-08    3.9061469E-08    3.1360393E-09    2.2987541E-05    6.9532645E-04    3.4052263E-04    8.5846310E-05
    1.5000000E-01   -9.9792697E-05    5.4803240E-05    1.4761592E-05    5.7594534E-05    2.4667316E-05    3.6503265E-08    1.6287631E-16    1.9941152E-07    6.1756524E-08    4.9532262E-09    3.7131938E-05    1.0924091E-03    5.3498615E-04    1.3487088E-04
    2.5000000E-01   -1.0137054E-04    5.5293468E-05    1.5021371E-05    5.7586476E-05    2.4886617E-05    3.3538822E-08    1.6267790E-16    3.2384256E-07    6.2776788E-08    5.0290555E-09    3.8756949E-05    1.0910784E-03    5.3433447E-04    1.3470659E-04
    3.5000000E-01   -8.7376552E-05    4.7180831E-05    1.2975586E-05    4.8488809E-05    2.1233684E-05    3.4392607E-08    1.3675795E-16    4.2840658E-07    5.4210600E-08    4.3360122E-09    3.4682612E-05    9.1723365E-04    4.4919737E-04    1.1324339E-04
    4.5000000E-01   -7.6035443E-05    4.0597664E-05    1.1318137E-05    4.1094424E-05    1.8269543E-05    3.4632406E-08    1.1568703E-16    5.1611472E-07    4.7271764E-08    3.7749602E-09    3.1404901E-05    7.7591131E-04    3.7998750E-04    9.5795467E-05
    5.5000000E-01   -7.0941098E-05    3.7517402E-05    1.0581879E-05    3.7472090E-05    1.6882420E-05    3.3427639E-08    1.0531386E-16    5.9535203E-07    4.4175040E-08    3.5233175E-09    3.0271656E-05    7.0633859E-04    3.4591561E-04    8.7205889E-05
    6.5000000E-01   -6.9706356E-05    3.6594311E-05    1.0415089E-05    3.6163617E-05    1.6466457E-05    3.1546640E-08    1.0149996E-16    6.7150528E-07    4.3454765E-08    3.4629718E-09    3.0481604E-05    6.8075882E-04    3.3338841E-04    8.4047762E-05
    7.5000000E-01   -7.0053976E-05    3.6553918E-05    1.0481703E-05    3.5800117E-05    1.6447918E-05    2.9572552E-08    1.0036424E-16    7.4684685E-07    4.3710926E-08    3.4812850E-09    3.1245783E-05    6.7314153E-04    3.2965800E-04    8.3107318E-05
    8.5000000E-01   -7.0906189E-05    3.6794227E-05    1.0622631E-05    3.5736417E-05    1.6555804E-05    2.7702358E-08    1.0007796E-16    8.2211778E-07    4.4280448E-08    3.5249244E-09    3.2187930E-05    6.7122144E-04    3.2871767E-04    8.2870260E-05
    9.5000000E-01   -7.1893233E-05    3.7108930E-05    1.0783297E-05    3.5751642E-05    1.6697242E-05    2.5973293E-08    1.0001512E-16    8.9751806E-07    4.4935698E-08    3.5755762E-09    3.3178492E-05    6.7080001E-04    3.2851128E-04    8.2818229E-05
    1.0500000E+00   -7.2912841E-05    3.7441016E-05    1.0948609E-05    3.5784794E-05    1.6846569E-05    2.4380858E-08    1.0000287E-16    9.7309420E-07    4.5613660E-08    3.6281626E-09    3.4181563E-05    6.7071785E-04    3.2847105E-04    8.2808085E-05
    1.1500000E+00   -7.3941007E-05    3.7777128E-05    1.1115030E-05    3.5821587E-05    1.6997772E-05    2.2913227E-08    1.0000072E-16    1.0488559E-06    4.6299505E-08    3.6814808E-09    3.5188703E-05    6.7070341E-04    3.2846397E-04    8.2806302E-05
    1.2500000E+00   -7.4972790E-05    3.8114530E-05    1.1281836E-05    3.5859096E-05    1.7149619E-05    2.1558613E-08    1.0000037E-16    1.1248052E-06    4.6990149E-08    3.7352729E-09    3.6198176E-05    6.7070110E-04    3.2846284E-04    8.2806017E-05
    1.3500000E+00   -7.6007264E-05    3.8452723E-05    1.1448894E-05    3.5896785E-05    1.7301886E-05    2.0306391E-08    1.0000032E-16    1.2009425E-06    4.7684987E-08    3.7894814E-09    3.7209655E-05    6.7070075E-04    3.2846267E-04    8.2805975E-05
    1.4500000E+00   -7.7044253E-05    3.8791625E-05    1.1616182E-05    3.5934568E-05    1.7454537E-05    1.9147105E-08    1.0000031E-16    1.2772683E-06    4.8383882E-08    3.8440876E-09    3.8223084E-05    6.7070071E-04    3.2846265E-04    8.2805969E-05
    1.5500000E+00   -7.8083714E-05    3.9131225E-05    1.1783697E-05    3.5972430E-05    1.7607565E-05    1.8072333E-08    1.0000031E-16    1.3537827E-06    4.9086779E-08    3.8990798E-09    3.9238448E-05    6.7070070E-04    3.2846265E-04    8.2805968E-05
    1.6500000E+00   -7.9125622E-05    3.9471522E-05    1.1951440E-05    3.6010370E-05    1.7760972E-05    1.7074558E-08    1.0000031E-16    1.4304860E-06    4.9793642E-08    3.9544489E-09    4.0255741E-05    6.7070070E-04    3.2846265E-04    8.2805968E-05
    1.7500000E+00   -8.0169960E-05    3.9812516E-05    1.2119410E-05    3.6048388E-05    1.7914757E-05    1.6147055E-08    1.0000031E-16    1.5073784E-06    5.0504440E-08    4.0101867E-09    4.1274959E-05    6.7070070E-04    3.2846265E-04    8.2805968E-05
    1.8500000E+00   -8.1216713E-05    4.0154208E-05    1.2287607E-05    3.6086484E-05    1.8068921E-05    1.5283796E-08    1.0000031E-16    1.5844603E-06    5.1219144E-08    4.0662860E-09    4.2296098E-05    6.7070070E-04    3.2846265E-04    8.2805968E-05
    1.9500000E+00   -8.2265866E-05    4.0496598E-05    1.2456032E-05    3.6124657E-05    1.8223464E-05    1.4479361E-08    1.0000031E-16    1.6617318E-06    5.1937732E-08    4.1227401E-09    4.3319154E-05    6.7070070E-04    3.2846265E-04    8.2805968E-05
    2.0500000E+00   -8.3317407E-05    4.0839688E-05    1.2624685E-05    3.6162909E-05    1.8378386E-05    1.3728875E-08    1.0000031E-16    1.7391931E-06    5.2660182E-08    4.1795434E-09    4.4344123E-05    6.7070070E-04    3.2846265E-04    8.2805968E-05
    2.1500000E+00   -8.4371327E-05    4.1183478E-05    1.2793565E-05    3.6201238E-05    1.8533689E-05    1.3027936E-08    1.0000031E-16    1.8168446E-06    5.3386477E-08    4.2366907E-09    4.5371004E-05    6.7070070E-04    3.2846265E-04    8.2805968E-05
    2.2500000E+00   -8.5427614E-05    4.1527969E-05    1.2962674E-05    3.6239646E-05    1.8689373E-05    1.2372569E-08    1.0000031E-16    1.8946864E-06    5.4116599E-08    4.2941774E-09    4.6399793E-05    6.7070070E-04    3.2846265E-04    8.2805968E-05
    2.3500000E+00   -8.6486261E-05    4.1873161E-05    1.3132011E-05    3.6278132E-05    1.8845438E-05    1.1759175E-08    1.0000031E-16    1.9727188E-06    5.4850537E-08    4.3519994E-09    4.7430489E-05    6.7070070E-04    3.2846265E-04    8.2805968E-05
    2.4500000E+00   -8.7547261E-05    4.2219056E-05    1.3301576E-05    3.6316697E-05    1.9001884E-05    1.1184489E-08    1.0000031E-16    2.0509420E-06    5.5588277E-08    4.4101529E-09    4.8463091E-05    6.7070070E-04    3.2846265E-04    8.2805968E-05
    2.5500000E+00   -8.8610607E-05    4.2565654E-05    1.3471370E-05    3.6355339E-05    1.9158713E-05    1.0645546E-08    1.0000031E-16    2.1293563E-06    5.6329809E-08    4.4686347E-09    4.9497597E-05    6.7070070E-04    3.2846265E-04    8.2805968E-05
    2.6500000E+00   -8.9676293E-05    4.2912956E-05    1.3641392E-05    3.6394060E-05    1.9315924E-05    1.0139649E-08    1.0000031E-16    2.2079618E-06    5.7075124E-08    4.5274418E-09    5.0534006E-05    6.7070070E-04    3.2846265E-04    8.2805968E-05
    2.7500000E+00   -9.0744314E-05    4.3260962E-05    1.3811643E-05    3.6432860E-05    1.9473518E-05    9.6643405E-09    1.0000031E-16    2.2867589E-06    5.7824216E-08    4.5865717E-09    5.1572318E-05    6.7070070E-04    3.2846265E-04    8.2805968E-05
    2.8500000E+00   -9.1814666E-05    4.3609673E-05    1.3982123E-05    3.6471738E-05    1.9631496E-05    9.2173785E-09    1.0000031E-16    2.3657478E-06    5.8577077E-08    4.6460220E-09    5.2612532E-05    6.7070070E-04    3.2846265E-04    8.2805968E-05
    2.9500000E+00   -9.2887346E-05    4.3959090E-05    1.4152832E-05    3.6510695E-05    1.9789857E-05    8.7967140E-09    1.0000031E-16    2.4449286E-06    5.9333702E-08    4.7057905E-09    5.3654647E-05    6.7070070E-04    3.2846265E-04    8.2805968E-05
    3.0500000E+00   -9.3962350E-05    4.4309214E-05    1.4323770E-05    3.6549731E-05    1.9948603E-05    8.4004724E-09    1.0000031E-16    2.5243017E-06    6.0094087E-08    4.7658755E-09    5.4698663E-05    6.7070070E-04    3.2846265E-04    8.2805968E-05
    3.1500000E+00   -9.5039675E-05    4.4660045E-05    1.4494937E-05    3.6588846E-05    2.0107735E-05    8.0269362E-09    1.0000031E-16    2.6038673E-06    6.0858230E-08    4.8262753E-09    5.5744581E-05    6.7070070E-04    3.2846265E-04    8.2805968E-05
    3.2500000E+00   -9.6119319E-05    4.5011584E-05    1.4666333E-05    3.6628039E-05    2.0267251E-05    7.6745301E-09    1.0000031E-16    2.6836255E-06    6.1626126E-08    4.8869884E-09    5.6792400E-05    6.7070070E-04    3.2846265E-04    8.2805968E-05
    3.3500000E+00   -9.7201279E-05    4.5363832E-05    1.4837959E-05    3.6667312E-05    2.0427153E-05    7.3418072E-09    1.0000031E-16    2.7635767E-06    6.2397775E-08    4.9480136E-09    5.7842120E-05    6.7070070E-04    3.2846265E-04    8.2805968E-05
    3.4500000E+00   -9.8285556E-05    4.5716790E-05    1.5009815E-05    3.6706664E-05    2.0587442E-05    7.0274368E-09    1.0000031E-16    2.8437211E-06    6.3173175E-08    5.0093496E-09    5.8893742E-05    6.7070070E-04    3.2846265E-04    8.2805968E-05
    3.5500000E+00   -9.9372146E-05    4.6070458E-05    1.5181899E-05    3.6746095E-05    2.0748118E-05    6.7301942E-09    1.0000031E-16    2.9240588E-06    6.3952326E-08    5.0709956E-09    5.9947266E-05    6.7070070E-04    3.2846265E-04    8.2805968E-05
    3.6500000E+00   -1.0046105E-04    4.6424837E-05    1.5354214E-05    3.6785605E-05    2.0909180E-05    6.4489505E-09    1.0000031E-16    3.0045902E-06    6.4735229E-08    5.1329506E-09    6.1002693E-05    6.7070070E-04    3.2846265E-04    8.2805968E-05
    3.7500000E+00   -1.0155226E-04    4.6779927E-05    1.5526758E-05    3.6825194E-05    2.1070631E-05    6.1826643E-09    1.0000031E-16    3.0853155E-06    6.5521882E-08    5.1952139E-09    6.2060022E-05    6.7070070E-04    3.2846265E-04    8.2805968E-05
    3.8500000E+00   -1.0264579E-04    4.7135730E-05    1.5699532E-05    3.6864863E-05    2.1232470E-05    5.9303735E-09    1.0000031E-16    3.1662348E-06    6.6312288E-08    5.2577849E-09    6.3119256E-05    6.7070070E-04    3.2846265E-04    8.2805968E-05
    3.9500000E+00   -1.0374163E-04    4.7492245E-05    1.5872536E-05    3.6904612E-05    2.1394697E-05    5.6911890E-09    1.0000031E-16    3.2473485E-06    6.7106448E-08    5.3206629E-09    6.4180393E-05    6.7070070E-04    3.2846265E-04    8.2805968E-05
    4.0500000E+00   -1.0483978E-04    4.7849475E-05    1.6045769E-05    3.6944440E-05    2.1557313E-05    5.4642877E-09    1.0000031E-16    3.3286567E-06    6.7904364E-08    5.3838476E-09    6.5243435E-05    6.7070070E-04    3.2846265E-04    8.2805968E-05
    4.1500000E+00   -1.0594024E-04    4.8207419E-05    1.6219232E-05    3.6984348E-05    2.1720320E-05    5.2489072E-09    1.0000031E-16    3.4101598E-06    6.8706039E-08    5.4473386E-09    6.6308383E-05    6.7070070E-04    3.2846265E-04    8.2805968E-05
    4.2500000E+00   -1.0704301E-04    4.8566078E-05    1.6392926E-05    3.7024335E-05    2.1883716E-05    5.0443406E-09    1.0000031E-16    3.4918579E-06    6.9511474E-08    5.5111355E-09    6.7375238E-05    6.7070070E-04    3.2846265E-04    8.2805968E-05
    4.3500000E+00   -1.0814809E-04    4.8925454E-05    1.6566849E-05    3.7064402E-05    2.2047502E-05    4.8499319E-09    1.0000031E-16    3.5737512E-06    7.0320674E-08    5.5752381E-09    6.8444000E-05    6.7070070E-04    3.2846265E-04    8.2805968E-05
    4.4500000E+00   -1.0925549E-04    4.9285546E-05    1.6741002E-05    3.7104549E-05    2.2211680E-05    4.6650718E-09    1.0000031E-16    3.6558400E-06    7.1133640E-08    5.6396462E-09    6.9514669E-05    6.7070070E-04    3.2846265E-04    8.2805968E-05
    4.5500000E+00   -1.1036519E-04    4.9646355E-05    1.6915385E-05    3.7144777E-05    2.2376249E-05    4.4891936E-09    1.0000031E-16    3.7381246E-06    7.1950378E-08    5.7043598E-09    7.0587248E-05    6.7070070E-04    3.2846265E-04    8.2805968E-05
    4.6500000E+00   -1.1147722E-04    5.0007882E-05    1.7089997E-05    3.7185084E-05    2.2541210E-05    4.3217704E-09    1.0000031E-16    3.8206052E-06    7.2770890E-08    5.7693787E-09    7.1661737E-05    6.7070070E-04    3.2846265E-04    8.2805968E-05
    4.7500000E+00   -1.1259155E-04    5.0370128E-05    1.7264840E-05    3.7225471E-05    2.2706564E-05    4.1623111E-09    1.0000031E-16    3.9032819E-06    7.3595181E-08    5.8347030E-09    7.2738136E-05    6.7070070E-04    3.2846265E-04    8.2805968E-05
    4.8500000E+00   -1.1370820E-04    5.0733094E-05    1.7439912E-05    3.7265939E-05    2.2872310E-05    4.0103584E-09    1.0000031E-16    3.9861551E-06    7.4423255E-08    5.9003326E-09    7.3816447E-05    6.7070070E-04    3.2846265E-04    8.2805968E-05
    4.9500000E+00   -1.1482717E-04    5.1096780E-05    1.7615215E-05    3.7306487E-05    2.3038450E-05    3.8654856E-09    1.0000031E-16    4.0692249E-06    7.5255116E-08    5.9662677E-09    7.4896671E-05    6.7070070E-04    3.2846265E-04    8.2805968E-05
    5.0500000E+00   -1.1594845E-04    5.1461187E-05    1.7790747E-05    3.7347115E-05    2.3204983E-05    3.7272943E-09    1.0000031E-16    4.1524917E-06    7.6090770E-08    6.0325084E-09    7.5978808E-05    6.7070070E-04    3.2846265E-04    8.2805968E-05
    5.1500000E+00   -1.1707205E-04    5.1826315E-05    1.7966508E-05    3.7387823E-05    2.3371911E-05    3.5954125E-09    1.0000031E-16    4.2359555E-06    7.6930222E-08    6.0990548E-09    7.7062860E-05    6.7070070E-04    3.2846265E-04    8.2805968E-05
    5.2500000E+00   -1.1819797E-04    5.2192166E-05    1.8142500E-05    3.7428613E-05    2.3539234E-05    3.4694925E-09    1.0000031E-16    4.3196168E-06    7.7773476E-08    6.1659071E-09    7.8148827E-05    6.7070070E-04    3.2846265E-04    8.2805968E-05
    5.3500000E+00   -1.1932621E-04    5.2558740E-05    1.8318721E-05    3.7469483E-05    2.3706951E-05    3.3492090E-09    1.0000031E-16    4.4034756E-06    7.8620538E-08    6.2330655E-09    7.9236711E-05    6.7070070E-04    3.2846265E-04    8.2805968E-05
    5.4500000E+00   -1.2045677E-04    5.2926037E-05    1.8495171E-05    3.7510433E-05    2.3875065E-05    3.2342573E-09    1.0000031E-16    4.4875323E-06    7.9471414E-08    6.3005303E-09    8.0326511E-05    6.7070070E-04    3.2846265E-04    8.2805968E-05
    5.5500000E+00   -1.2158966E-04    5.3294060E-05    1.8671851E-05    3.7551464E-05    2.4043574E-05    3.1243522E-09    1.0000031E-16    4.5717870E-06    8.0326110E-08    6.3683017E-09    8.1418231E-05    6.7070070E-04    3.2846265E-04    8.2805968E-05
    5.6500000E+00   -1.2272487E-04    5.3662807E-05    1.8848760E-05    3.7592577E-05    2.4212480E-05    3.0192263E-09    1.0000031E-16    4.6562400E-06    8.1184630E-08    6.4363801E-09    8.2511869E-05    6.7070070E-04    3.2846265E-04    8.2805968E-05
    5.7500000E+00   -1.2386241E-04    5.4032280E-05    1.9025898E-05    3.7633770E-05    2.4381783E-05    2.9186288E-09    1.0000031E-16    4.7408916E-06    8.2046982E-08    6.5047658E-09    8.3607428E-05    6.7070070E-04    3.2846265E-04    8.2805968E-05
    5.8500000E+00   -1.2500227E-04    5.4402480E-05    1.9203265E-05    3.7675044E-05    2.4551484E-05    2.8223243E-09    1.0000031E-16    4.8257419E-06    8.2913172E-08    6.5734590E-09    8.4704908E-05    6.7070070E-04    3.2846265E-04    8.2805968E-05
    5.9500000E+00   -1.2614446E-04    5.4773408E-05    1.9380861E-05    3.7716399E-05    2.4721583E-05    2.7300916E-09    1.0000031E-16    4.9107913E-06    8.3783205E-08    6.6424603E-09    8.5804310E-05    6.7070070E-04    3.2846265E-04    8.2805968E-05
    6.0500000E+00   -1.2728898E-04    5.5145063E-05    1.9558686E-05    3.7757835E-05    2.4892080E-05    2.6417231E-09    1.0000031E-16    4.9960398E-06    8.4657089E-08    6.7117700E-09    8.6905635E-05    6.7070070E-04    3.2846265E-04    8.2805968E-05
    6.1500000E+00   -1.2843584E-04    5.5517447E-05    1.9736739E-05    3.7799353E-05    2.5062976E-05    2.5570233E-09    1.0000031E-16    5.0814878E-06    8.5534830E-08    6.7813886E-09    8.8008883E-05    6.7070070E-04    3.2846265E-04    8.2805968E-05
    6.2500000E+00   -1.2958503E-04    5.5890561E-05    1.9915021E-05    3.7840952E-05    2.5234271E-05    2.4758085E-09    1.0000031E-16    5.1671356E-06    8.6416435E-08    6.8513163E-09    8.9114057E-05    6.7070070E-04    3.2846265E-04    8.2805968E-05
    6.3500000E+00   -1.3073655E-04    5.6264405E-05    2.0093531E-05    3.7882632E-05    2.5405966E-05    2.3979056E-09    1.0000031E-16    5.2529832E-06    8.7301911E-08    6.9215538E-09    9.0221156E-05    6.7070070E-04    3.2846265E-04    8.2805968E-05
    6.4500000E+00   -1.3189041E-04    5.6638980E-05    2.0272269E-05    3.7924394E-05    2.5578062E-05    2.3231517E-09    1.0000031E-16    5.3390310E-06    8.8191265E-08    6.9921015E-09    9.1330182E-05    6.7070070E-04    3.2846265E-04    8.2805968E-05
    6.5500000E+00   -1.3304661E-04    5.7014286E-05    2.0451234E-05    3.7966238E-05    2.5750558E-05    2.2513932E-09    1.0000031E-16    5.4252792E-06    8.9084504E-08    7.0629599E-09    9.2441135E-05    6.7070070E-04    3.2846265E-04    8.2805968E-05
    6.6500000E+00   -1.3420514E-04    5.7390325E-05    2.0630427E-05    3.8008163E-05    2.5923456E-05    2.1824853E-09    1.0000031E-16    5.5117281E-06    8.9981636E-08    7.1341294E-09    9.3554016E-05    6.7070070E-04    3.2846265E-04    8.2805968E-05
    6.7500000E+00   -1.3536602E-04    5.7767097E-05    2.0809848E-05    3.8050170E-05    2.6096756E-05    2.1162913E-09    1.0000031E-16    5.5983778E-06    9.0882667E-08    7.2056107E-09    9.4668827E-05    6.7070070E-04    3.2846265E-04    8.2805968E-05
    6.8500000E+00   -1.3652924E-04    5.8144603E-05    2.0989495E-05    3.8092258E-05    2.6270457E-05    2.0526823E-09    1.0000031E-16    5.6852286E-06    9.1787607E-08    7.2774042E-09    9.5785567E-05    6.7070070E-04    3.2846265E-04    8.2805968E-05
    6.9500000E+00   -1.3769481E-04    5.8522843E-05    2.1169369E-05    3.8134429E-05    2.6444561E-05    1.9915365E-09    1.0000031E-16    5.7722807E-06    9.2696462E-08    7.3495106E-09    9.6904237E-05    6.7070070E-04    3.2846265E-04    8.2805968E-05
    7.0500000E+00   -1.3886272E-04    5.8901819E-05    2.1349469E-05    3.8176681E-05    2.6619069E-05    1.9327387E-09    1.0000031E-16    5.8595345E-06    9.3609240E-08    7.4219303E-09    9.8024839E-05    6.7070070E-04    3.2846265E-04    8.2805968E-05
    7.1500000E+00   -1.4003298E-04    5.9281530E-05    2.1529796E-05    3.8219016E-05    2.6793980E-05    1.8761803E-09    1.0000031E-16    5.9469900E-06    9.4525950E-08    7.4946640E-09    9.9147373E-05    6.7070070E-04    3.2846265E-04    8.2805968E-05
    7.2500000E+00   -1.4120559E-04    5.9661978E-05    2.1710348E-05    3.8261433E-05    2.6969295E-05    1.8217583E-09    1.0000031E-16    6.0346475E-06    9.5446599E-08    7.5677122E-09    1.0027184E-04    6.7070070E-04    3.2846265E-04    8.2805968E-05
    7.3500000E+00   -1.4238055E-04    6.0043163E-05    2.1891126E-05    3.8303932E-05    2.7145015E-05    1.7693753E-09    1.0000031E-16    6.1225073E-06    9.6371197E-08    7.6410756E-09    1.0139824E-04    6.7070070E-04    3.2846265E-04    8.2805968E-05
    7.4500000E+00   -1.4355786E-04    6.0425087E-05    2.2072129E-05    3.8346513E-05    2.7321139E-05    1.7189392E-09    1.0000031E-16    6.2105696E-06    9.7299750E-08    7.7147549E-09    1.0252657E-04    6.7070070E-04    3.2846265E-04    8.2805968E-05
    7.5500000E+00   -1.4473753E-04    6.0807749E-05    2.2253356E-05    3.8389176E-05    2.7497669E-05    1.6703627E-09    1.0000031E-16    6.2988346E-06    9.8232269E-08    7.7887505E-09    1.0365684E-04    6.7070070E-04    3.2846265E-04    8.2805968E-05
    7.6500000E+00   -1.4591955E-04    6.1191151E-05    2.2434808E-05    3.8431922E-05    2.7674605E-05    1.6235631E-09    1.0000031E-16    6.3873026E-06    9.9168761E-08    7.8630633E-09    1.0478904E-04    6.7070070E-04    3.2846265E-04    8.2805968E-05
    7.7500000E+00   -1.4710394E-04    6.1575293E-05    2.2616484E-05    3.8474751E-05    2.7851948E-05    1.5784619E-09    1.0000031E-16    6.4759738E-06    1.0010924E-07    7.9376939E-09    1.0592318E-04    6.7070070E-04    3.2846265E-04    8.2805968E-05
    7.8500000E+00   -1.4829068E-04    6.1960176E-05    2.2798383E-05    3.8517662E-05    2.8029697E-05    1.5349848E-09    1.0000031E-16    6.5648484E-06    1.0105370E-07    8.0126429E-09    1.0705926E-04    6.7070070E-04    3.2846265E-04    8.2805968E-05
    7.9500000E+00   -1.4947978E-04    6.2345801E-05    2.2980506E-05    3.8560656E-05    2.8207853E-05    1.4930612E-09    1.0000031E-16    6.6539267E-06    1.0200217E-07    8.0879111E-09    1.0819727E-04    6.7070070E-04    3.2846265E-04    8.2805968E-05
    8.0500000E+00   -1.5067124E-04    6.2732168E-05    2.3162851E-05    3.8603732E-05    2.8386418E-05    1.4526242E-09    1.0000031E-16    6.7432089E-06    1.0295464E-07    8.1634991E-09    1.0933722E-04    6.7070070E-04    3.2846265E-04    8.2805968E-05
    8.1500000E+00   -1.5186507E-04    6.3119278E-05    2.3345417E-05    3.8646892E-05    2.8565390E-05    1.4136102E-09    1.0000031E-16    6.8326952E-06    1.0391114E-07    8.2394077E-09    1.1047910E-04    6.7070070E-04    3.2846265E-04    8.2805968E-05
    8.2500000E+00   -1.5306127E-04    6.3507131E-05    2.3528206E-05    3.8690134E-05    2.8744772E-05    1.3759587E-09    1.0000031E-16    6.9223859E-06    1.0487166E-07    8.3156377E-09    1.1162293E-04    6.7070070E-04    3.2846265E-04    8.2805968E-05
    8.3500000E+00   -1.5425983E-04    6.3895730E-05    2.3711216E-05    3.8733460E-05    2.8924562E-05    1.3396125E-09    1.0000031E-16    7.0122811E-06    1.0583622E-07    8.3921896E-09    1.1276869E-04    6.7070070E-04    3.2846265E-04    8.2805968E-05
    8.4500000E+00   -1.5546076E-04    6.4285073E-05    2.3894446E-05    3.8776868E-05    2.9104762E-05    1.3045168E-09    1.0000031E-16    7.1023812E-06    1.0680483E-07    8.4690645E-09    1.1391639E-04    6.7070070E-04    3.2846265E-04    8.2805968E-05
    8.5500000E+00   -1.5666406E-04    6.4675163E-05    2.4077896E-05    3.8820360E-05    2.9285373E-05    1.2706198E-09    1.0000031E-16    7.1926864E-06    1.0777750E-07    8.5462629E-09    1.1506603E-04    6.7070070E-04    3.2846265E-04    8.2805968E-05
    8.6500000E+00   -1.5786974E-04    6.5065999E-05    2.4261565E-05    3.8863935E-05    2.9466394E-05    1.2378720E-09    1.0000031E-16    7.2831969E-06    1.0875423E-07    8.6237857E-09    1.1621760E-04    6.7070070E-04    3.2846265E-04    8.2805968E-05
    8.7500000E+00   -1.5907779E-04    6.5457582E-05    2.4445453E-05    3.8907593E-05    2.9647826E-05    1.2062266E-09    1.0000031E-16    7.3739129E-06    1.0973505E-07    8.7016337E-09    1.1737112E-04    6.7070070E-04    3.2846265E-04    8.2805968E-05
    8.8500000E+00   -1.6028821E-04    6.5849914E-05    2.4629559E-05    3.8951334E-05    2.9829669E-05    1.1756387E-09    1.0000031E-16    7.4648346E-06    1.1071995E-07    8.7798076E-09    1.1852658E-04    6.7070070E-04    3.2846265E-04    8.2805968E-05
    8.9500000E+00   -1.6150101E-04    6.6242994E-05    2.4813883E-05    3.8995160E-05    3.0011925E-05    1.1460658E-09    1.0000031E-16    7.5559624E-06    1.1170895E-07    8.8583085E-09    1.1968397E-04    6.7070070E-04    3.2846265E-04    8.2805968E-05
    9.0500000E+00   -1.6271619E-04    6.6636824E-05    2.4998423E-05    3.9039068E-05    3.0194593E-05    1.1174671E-09    1.0000031E-16    7.6472963E-06    1.1270206E-07    8.9371370E-09    1.2084331E-04    6.7070070E-04    3.2846265E-04    8.2805968E-05
    9.1500000E+00   -1.6393374E-04    6.7031404E-05    2.5183180E-05    3.9083060E-05    3.0377674E-05    1.0898041E-09    1.0000031E-16    7.7388368E-06    1.1369929E-07    9.0162940E-09    1.2200458E-04    6.7070070E-04    3.2846265E-04    8.2805968E-05
    9.2500000E+00   -1.6515368E-04    6.7426735E-05    2.5368151E-05    3.9127136E-05    3.0561168E-05    1.0630397E-09    1.0000031E-16    7.8305839E-06    1.1470066E-07    9.0957804E-09    1.2316779E-04    6.7070070E-04    3.2846265E-04    8.2805968E-05
    9.3500000E+00   -1.6637600E-04    6.7822818E-05    2.5553338E-05    3.9171296E-05    3.0745076E-05    1.0371387E-09    1.0000031E-16    7.9225380E-06    1.1570616E-07    9.1755971E-09    1.2433294E-04    6.7070070E-04    3.2846265E-04    8.2805968E-05
    9.4500000E+00   -1.6760071E-04    6.8219653E-05    2.5738738E-05    3.9215540E-05    3.0929398E-05    1.0120677E-09    1.0000031E-16    8.0146992E-06    1.1671582E-07    9.2557450E-09    1.2550004E-04    6.7070070E-04    3.2846265E-04    8.2805968E-05
    9.5500000E+00   -1.6882780E-04    6.8617241E-05    2.5924351E-05    3.9259868E-05    3.1114136E-05    9.8779446E-10    1.0000031E-16    8.1070679E-06    1.1772965E-07    9.3362249E-09    1.2666907E-04    6.7070070E-04    3.2846265E-04    8.2805968E-05
    9.6500000E+00   -1.7005727E-04    6.9015583E-05    2.6110176E-05    3.9304279E-05    3.1299288E-05    9.6428844E-10    1.0000031E-16    8.1996441E-06    1.1874765E-07    9.4170379E-09    1.2784003E-04    6.7070070E-04    3.2846265E-04    8.2805968E-05
    9.7500000E+00   -1.7128914E-04    6.9414679E-05    2.6296213E-05    3.9348775E-05    3.1484857E-05    9.4152039E-10    1.0000031E-16    8.2924283E-06    1.1976985E-07    9.4981848E-09    1.2901294E-04    6.7070070E-04    3.2846265E-04    8.2805968E-05
    9.8500000E+00   -1.7252339E-04    6.9814531E-05    2.6482460E-05    3.9393355E-05    3.1670841E-05    9.1946237E-10    1.0000031E-16    8.3854205E-06    1.2079624E-07    9.5796667E-09    1.3018778E-04    6.7070070E-04    3.2846265E-04    8.2805968E-05
    9.9500000E+00   -1.7376003E-04    7.0215139E-05    2.6668916E-05    3.9438020E-05    3.1857242E-05    8.9808771E-10    1.0000031E-16    8.4786210E-06    1.2182685E-07    9.6614844E-09    1.3136456E-04    6.7070070E-04    3.2846265E-04    8.2805968E-05
    1.0050000E+01   -1.7499907E-04    7.0616503E-05    2.6855581E-05    3.9482768E-05    3.2044060E-05    8.7737088E-10    1.0000031E-16    8.5720302E-06    1.2286169E-07    9.7436391E-09    1.3254328E-04    6.7070070E-04    3.2846265E-04    8.2805968E-05
    1.0150000E+01   -1.7624050E-04    7.1018624E-05    2.7042454E-05    3.9527601E-05    3.2231296E-05    8.5728748E-10    1.0000031E-16    8.6656481E-06    1.2390076E-07    9.8261316E-09    1.3372394E-04    6.7070070E-04    3.2846265E-04    8.2805968E-05
    1.0250000E+01   -1.7748432E-04    7.1421504E-05    2.7229533E-05    3.9572519E-05    3.2418950E-05    8.3781417E-10    1.0000031E-16    8.7594750E-06    1.2494408E-07    9.9089630E-09    1.3490653E-04    6.7070070E-04    3.2846265E-04    8.2805968E-05
    1.0350000E+01   -1.7873054E-04    7.1825142E-05    2.7416818E-05    3.9617521E-05    3.2607022E-05    8.1892863E-10    1.0000031E-16    8.8535112E-06    1.2599167E-07    9.9921343E-09    1.3609105E-04    6.7070070E-04    3.2846265E-04    8.2805968E-05
    1.0450000E+01   -1.7997916E-04    7.2229540E-05    2.7604307E-05    3.9662608E-05    3.2795514E-05    8.0060948E-10    1.0000031E-16    8.9477569E-06    1.2704354E-07    1.0075647E-08    1.3727751E-04    6.7070070E-04    3.2846265E-04    8.2805968E-05
    1.0550000E+01   -1.8123017E-04    7.2634698E-05    2.7792000E-05    3.9707780E-05    3.2984425E-05    7.8283626E-10    1.0000031E-16    9.0422123E-06    1.2809970E-07    1.0159501E-08    1.3846591E-04    6.7070070E-04    3.2846265E-04    8.2805968E-05
    1.0650000E+01   -1.8248358E-04    7.3040617E-05    2.7979894E-05    3.9753036E-05    3.3173755E-05    7.6558937E-10    1.0000031E-16    9.1368777E-06    1.2916016E-07    1.0243699E-08    1.3965623E-04    6.7070070E-04    3.2846265E-04    8.2805968E-05
    1.0750000E+01   -1.8373940E-04    7.3447298E-05    2.8167990E-05    3.9798378E-05    3.3363507E-05    7.4885005E-10    1.0000031E-16    9.2317533E-06    1.3022494E-07    1.0328240E-08    1.4084849E-04    6.7070070E-04    3.2846265E-04    8.2805968E-05
    1.0850000E+01   -1.8499761E-04    7.3854741E-05    2.8356286E-05    3.9843804E-05    3.3553679E-05    7.3260030E-10    1.0000031E-16    9.3268393E-06    1.3129405E-07    1.0413128E-08    1.4204268E-04    6.7070070E-04    3.2846265E-04    8.2805968E-05
    1.0950000E+01   -1.8625822E-04    7.4262947E-05    2.8544780E-05    3.9889315E-05    3.3744272E-05    7.1682290E-10    1.0000031E-16    9.4221360E-06    1.3236751E-07    1.0498361E-08    1.4323880E-04    6.7070070E-04    3.2846265E-04    8.2805968E-05
    1.1050000E+01   -1.8752124E-04    7.4671917E-05    2.8733472E-05    3.9934912E-05    3.3935287E-05    7.0150133E-10    1.0000031E-16    9.5176436E-06    1.3344533E-07    1.0583943E-08    1.4443684E-04    6.7070070E-04    3.2846265E-04    8.2805968E-05
    1.1150000E+01   -1.8878666E-04    7.5081652E-05    2.8922359E-05    3.9980594E-05    3.4126725E-05    6.8661972E-10    1.0000031E-16    9.6133623E-06    1.3452753E-07    1.0669873E-08    1.4563682E-04    6.7070070E-04    3.2846265E-04    8.2805968E-05
    1.1250000E+01   -1.9005449E-04    7.5492151E-05    2.9111442E-05    4.0026361E-05    3.4318585E-05    6.7216289E-10    1.0000031E-16    9.7092924E-06    1.3561412E-07    1.0756153E-08    1.4683872E-04    6.7070070E-04    3.2846265E-04    8.2805968E-05
    1.1350000E+01   -1.9132472E-04    7.5903417E-05    2.9300717E-05    4.0072214E-05    3.4510868E-05    6.5811626E-10    1.0000031E-16    9.8054340E-06    1.3670512E-07    1.0842785E-08    1.4804255E-04    6.7070070E-04    3.2846265E-04    8.2805968E-05
    1.1450000E+01   -1.9259736E-04    7.6315449E-05    2.9490185E-05    4.0118152E-05    3.4703575E-05    6.4446583E-10    1.0000031E-16    9.9017875E-06    1.3780053E-07    1.0929769E-08    1.4924829E-04    6.7070070E-04    3.2846265E-04    8.2805968E-05
    1.1550000E+01   -1.9387240E-04    7.6728249E-05    2.9679843E-05    4.0164175E-05    3.4896706E-05    6.3119817E-10    1.0000031E-16    9.9983531E-06    1.3890038E-07    1.1017107E-08    1.5045597E-04    6.7070070E-04    3.2846265E-04    8.2805968E-05
    1.1650000E+01   -1.9514986E-04    7.7141817E-05    2.9869690E-05    4.0210285E-05    3.5090262E-05    6.1830037E-10    1.0000031E-16    1.0095131E-05    1.4000469E-07    1.1104799E-08    1.5166556E-04    6.7070070E-04    3.2846265E-04    8.2805968E-05
    1.1750000E+01   -1.9642972E-04    7.7556153E-05    3.0059724E-05    4.0256480E-05    3.5284243E-05    6.0576007E-10    1.0000031E-16    1.0192121E-05    1.4111347E-07    1.1192849E-08    1.5287707E-04    6.7070070E-04    3.2846265E-04    8.2805968E-05
    1.1850000E+01   -1.9771199E-04    7.7971259E-05    3.0249944E-05    4.0302760E-05    3.5478649E-05    5.9356536E-10    1.0000031E-16    1.0289324E-05    1.4222673E-07    1.1281255E-08    1.5409049E-04    6.7070070E-04    3.2846265E-04    8.2805968E-05
    1.1950000E+01   -1.9899667E-04    7.8387135E-05    3.0440348E-05    4.0349127E-05    3.5673481E-05    5.8170480E-10    1.0000031E-16    1.0386741E-05    1.4334449E-07    1.1370021E-08    1.5530584E-04    6.7070070E-04    3.2846265E-04    8.2805968E-05
    1.2050000E+01   -2.0028376E-04    7.8803782E-05    3.0630935E-05    4.0395580E-05    3.5868740E-05    5.7016741E-10    1.0000031E-16    1.0484370E-05    1.4446678E-07    1.1459147E-08    1.5652309E-04    6.7070070E-04    3.2846265E-04    8.2805968E-05
    1.2150000E+01   -2.0157327E-04    7.9221201E-05    3.0821702E-05    4.0442118E-05    3.6064426E-05    5.5894264E-10    1.0000031E-16    1.0582213E-05    1.4559360E-07    1.1548635E-08    1.5774226E-04    6.7070070E-04    3.2846265E-04    8.2805968E-05
    1.2250000E+01   -2.0286518E-04    7.9639392E-05    3.1012649E-05    4.0488743E-05    3.6260539E-05    5.4802033E-10    1.0000031E-16    1.0680269E-05    1.4672497E-07    1.1638487E-08    1.5896333E-04    6.7070070E-04    3.2846265E-04    8.2805968E-05
    1.2350000E+01   -2.0415951E-04    8.0058356E-05    3.1203772E-05    4.0535454E-05    3.6457079E-05    5.3739072E-10    1.0000031E-16    1.0778540E-05    1.4786092E-07    1.1728702E-08    1.6018631E-04    6.7070070E-04    3.2846265E-04    8.2805968E-05
    1.2450000E+01   -2.0545625E-04    8.0478094E-05    3.1395071E-05    4.0582251E-05    3.6654049E-05    5.2704441E-10    1.0000031E-16    1.0877024E-05    1.4900146E-07    1.1819284E-08    1.6141120E-04    6.7070070E-04    3.2846265E-04    8.2805968E-05
    1.2550000E+01   -2.0675540E-04    8.0898607E-05    3.1586543E-05    4.0629135E-05    3.6851447E-05    5.1697237E-10    1.0000031E-16    1.0975723E-05    1.5014660E-07    1.1910233E-08    1.6263799E-04    6.7070070E-04    3.2846265E-04    8.2805968E-05
    1.2650000E+01   -2.0805696E-04    8.1319894E-05    3.1778187E-05    4.0676105E-05    3.7049274E-05    5.0716591E-10    1.0000031E-16    1.1074637E-05    1.5129638E-07    1.2001552E-08    1.6386668E-04    6.7070070E-04    3.2846265E-04    8.2805968E-05
    1.2750000E+01   -2.0936094E-04    8.1741958E-05    3.1970000E-05    4.0723161E-05    3.7247531E-05    4.9761665E-10    1.0000031E-16    1.1173765E-05    1.5245080E-07    1.2093241E-08    1.6509726E-04    6.7070070E-04    3.2846265E-04    8.2805968E-05
    1.2850000E+01   -2.1066733E-04    8.2164798E-05    3.2161980E-05    4.0770304E-05    3.7446218E-05    4.8831654E-10    1.0000031E-16    1.1273109E-05    1.5360988E-07    1.2185302E-08    1.6632974E-04    6.7070070E-04    3.2846265E-04    8.2805968E-05
    1.2950000E+01   -2.1197614E-04    8.2588416E-05    3.2354126E-05    4.0817534E-05    3.7645336E-05    4.7925784E-10    1.0000031E-16    1.1372668E-05    1.5477366E-07    1.2277736E-08    1.6756411E-04    6.7070070E-04    3.2846265E-04    8.2805968E-05
    1.3050000E+01   -2.1328736E-04    8.3012811E-05    3.2546434E-05    4.0864850E-05    3.7844885E-05    4.7043305E-10    1.0000031E-16    1.1472442E-05    1.5594214E-07    1.2370547E-08    1.6880037E-04    6.7070070E-04    3.2846265E-04    8.2805968E-05
    1.3150000E+01   -2.1460099E-04    8.3437986E-05    3.2738904E-05    4.0912254E-05    3.8044866E-05    4.6183500E-10    1.0000031E-16    1.1572433E-05    1.5711534E-07    1.2463734E-08    1.7003852E-04    6.7070070E-04    3.2846265E-04    8.2805968E-05
    1.3250000E+01   -2.1591704E-04    8.3863940E-05    3.2931532E-05    4.0959744E-05    3.8245278E-05    4.5345675E-10    1.0000031E-16    1.1672639E-05    1.5829329E-07    1.2557300E-08    1.7127854E-04    6.7070070E-04    3.2846265E-04    8.2805968E-05
    1.3350000E+01   -2.1723550E-04    8.4290674E-05    3.3124316E-05    4.1007321E-05    3.8446123E-05    4.4529162E-10    1.0000031E-16    1.1773062E-05    1.5947601E-07    1.2651246E-08    1.7252045E-04    6.7070070E-04    3.2846265E-04    8.2805968E-05
    1.3450000E+01   -2.1855637E-04    8.4718189E-05    3.3317254E-05    4.1054985E-05    3.8647401E-05    4.3733318E-10    1.0000031E-16    1.1873701E-05    1.6066352E-07    1.2745574E-08    1.7376423E-04    6.7070070E-04    3.2846265E-04    8.2805968E-05
    1.3550000E+01   -2.1987966E-04    8.5146486E-05    3.3510344E-05    4.1102737E-05    3.8849113E-05    4.2957522E-10    1.0000031E-16    1.1974556E-05    1.6185585E-07    1.2840286E-08    1.7500989E-04    6.7070070E-04    3.2846265E-04    8.2805968E-05
    1.3650000E+01   -2.2120536E-04    8.5575565E-05    3.3703582E-05    4.1150575E-05    3.9051258E-05    4.2201177E-10    1.0000031E-16    1.2075629E-05    1.6305300E-07    1.2935384E-08    1.7625741E-04    6.7070070E-04    3.2846265E-04    8.2805968E-05
    1.3750000E+01   -2.2253347E-04    8.6005427E-05    3.3896966E-05    4.1198501E-05    3.9253838E-05    4.1463705E-10    1.0000031E-16    1.2176919E-05    1.6425501E-07    1.3030869E-08    1.7750680E-04    6.7070070E-04    3.2846265E-04    8.2805968E-05
    1.3850000E+01   -2.2386400E-04    8.6436073E-05    3.4090494E-05    4.1246515E-05    3.9456853E-05    4.0744551E-10    1.0000031E-16    1.2278427E-05    1.6546191E-07    1.3126743E-08    1.7875805E-04    6.7070070E-04    3.2846265E-04    8.2805968E-05
    1.3950000E+01   -2.2519694E-04    8.6867503E-05    3.4284162E-05    4.1294615E-05    3.9660303E-05    4.0043179E-10    1.0000031E-16    1.2380152E-05    1.6667370E-07    1.3223009E-08    1.8001116E-04    6.7070070E-04    3.2846265E-04    8.2805968E-05
    1.4050000E+01   -2.2653228E-04    8.7299719E-05    3.4477969E-05    4.1342804E-05    3.9864189E-05    3.9359071E-10    1.0000031E-16    1.2482095E-05    1.6789042E-07    1.3319668E-08    1.8126612E-04    6.7070070E-04    3.2846265E-04    8.2805968E-05
    1.4150000E+01   -2.2787005E-04    8.7732720E-05    3.4671911E-05    4.1391080E-05    4.0068511E-05    3.8691729E-10    1.0000031E-16    1.2584256E-05    1.6911210E-07    1.3416722E-08    1.8252292E-04    6.7070070E-04    3.2846265E-04    8.2805968E-05
    1.4250000E+01   -2.2921022E-04    8.8166508E-05    3.4865985E-05    4.1439443E-05    4.0273270E-05    3.8040672E-10    1.0000031E-16    1.2686635E-05    1.7033875E-07    1.3514173E-08    1.8378158E-04    6.7070070E-04    3.2846265E-04    8.2805968E-05
    1.4350000E+01   -2.3055280E-04    8.8601084E-05    3.5060188E-05    4.1487895E-05    4.0478466E-05    3.7405434E-10    1.0000031E-16    1.2789233E-05    1.7157040E-07    1.3612023E-08    1.8504207E-04    6.7070070E-04    3.2846265E-04    8.2805968E-05
    1.4450000E+01   -2.3189779E-04    8.9036447E-05    3.5254518E-05    4.1536434E-05    4.0684100E-05    3.6785569E-10    1.0000031E-16    1.2892050E-05    1.7280708E-07    1.3710275E-08    1.8630439E-04    6.7070070E-04    3.2846265E-04    8.2805968E-05
    1.4550000E+01   -2.3324518E-04    8.9472600E-05    3.5448970E-05    4.1585061E-05    4.0890171E-05    3.6180643E-10    1.0000031E-16    1.2995086E-05    1.7404881E-07    1.3808929E-08    1.8756855E-04    6.7070070E-04    3.2846265E-04    8.2805968E-05
    1.4650000E+01   -2.3459499E-04    8.9909542E-05    3.5643542E-05    4.1633777E-05    4.1096682E-05    3.5590241E-10    1.0000031E-16    1.3098341E-05    1.7529562E-07    1.3907989E-08    1.8883453E-04    6.7070070E-04    3.2846265E-04    8.2805968E-05
    1.4750000E+01   -2.3594720E-04    9.0347274E-05    3.5838231E-05    4.1682580E-05    4.1303631E-05    3.5013958E-10    1.0000031E-16    1.3201816E-05    1.7654754E-07    1.4007457E-08    1.9010233E-04    6.7070070E-04    3.2846265E-04    8.2805968E-05
    1.4850000E+01   -2.3730181E-04    9.0785797E-05    3.6033033E-05    4.1731471E-05    4.1511020E-05    3.4451407E-10    1.0000031E-16    1.3305510E-05    1.7780459E-07    1.4107335E-08    1.9137195E-04    6.7070070E-04    3.2846265E-04    8.2805968E-05
    1.4950000E+01   -2.3865883E-04    9.1225111E-05    3.6227944E-05    4.1780451E-05    4.1718849E-05    3.3902212E-10    1.0000031E-16    1.3409425E-05    1.7906681E-07    1.4207624E-08    1.9264337E-04    6.7070070E-04    3.2846265E-04    8.2805968E-05
    1.5050000E+01   -2.4001825E-04    9.1665218E-05    3.6422961E-05    4.1829519E-05    4.1927119E-05    3.3366013E-10    1.0000031E-16    1.3513559E-05    1.8033421E-07    1.4308329E-08    1.9391660E-04    6.7070070E-04    3.2846265E-04    8.2805968E-05
    1.5150000E+01   -2.4138007E-04    9.2106118E-05    3.6618081E-05    4.1878676E-05    4.2135829E-05    3.2842459E-10    1.0000031E-16    1.3617914E-05    1.8160684E-07    1.4409449E-08    1.9519163E-04    6.7070070E-04    3.2846265E-04    8.2805968E-05
    1.5250000E+01   -2.4274429E-04    9.2547812E-05    3.6813299E-05    4.1927921E-05    4.2344981E-05    3.2331215E-10    1.0000031E-16    1.3722490E-05    1.8288472E-07    1.4510990E-08    1.9646844E-04    6.7070070E-04    3.2846265E-04    8.2805968E-05
    1.5350000E+01   -2.4411091E-04    9.2990300E-05    3.7008612E-05    4.1977255E-05    4.2554574E-05    3.1831956E-10    1.0000031E-16    1.3827287E-05    1.8416788E-07    1.4612951E-08    1.9774704E-04    6.7070070E-04    3.2846265E-04    8.2805968E-05
    1.5450000E+01   -2.4547993E-04    9.3433584E-05    3.7204015E-05    4.2026677E-05    4.2764610E-05    3.1344367E-10    1.0000031E-16    1.3932305E-05    1.8545635E-07    1.4715337E-08    1.9902742E-04    6.7070070E-04    3.2846265E-04    8.2805968E-05
    1.5550000E+01   -2.4685134E-04    9.3877663E-05    3.7399506E-05    4.2076188E-05    4.2975089E-05    3.0868148E-10    1.0000031E-16    1.4037544E-05    1.8675016E-07    1.4818150E-08    2.0030958E-04    6.7070070E-04    3.2846265E-04    8.2805968E-05
    1.5650000E+01   -2.4822514E-04    9.4322539E-05    3.7595079E-05    4.2125788E-05    4.3186011E-05    3.0403008E-10    1.0000031E-16    1.4143005E-05    1.8804935E-07    1.4921391E-08    2.0159349E-04    6.7070070E-04    3.2846265E-04    8.2805968E-05
    1.5750000E+01   -2.4960134E-04    9.4768213E-05    3.7790730E-05    4.2175477E-05    4.3397376E-05    2.9948666E-10    1.0000031E-16    1.4248688E-05    1.8935395E-07    1.5025065E-08    2.0287917E-04    6.7070070E-04    3.2846265E-04    8.2805968E-05
    1.5850000E+01   -2.5097992E-04    9.5214684E-05    3.7986456E-05    4.2225254E-05    4.3609186E-05    2.9504852E-10    1.0000031E-16    1.4354593E-05    1.9066398E-07    1.5129173E-08    2.0416659E-04    6.7070070E-04    3.2846265E-04    8.2805968E-05
    1.5950000E+01   -2.5236089E-04    9.5661954E-05    3.8182251E-05    4.2275121E-05    4.3821441E-05    2.9071307E-10    1.0000031E-16    1.4460720E-05    1.9197950E-07    1.5233719E-08    2.0545576E-04    6.7070070E-04    3.2846265E-04    8.2805968E-05
    1.6050000E+01   -2.5374424E-04    9.6110024E-05    3.8378111E-05    4.2325077E-05    4.4034140E-05    2.8647781E-10    1.0000031E-16    1.4567070E-05    1.9330052E-07    1.5338705E-08    2.0674667E-04    6.7070070E-04    3.2846265E-04    8.2805968E-05
    1.6150000E+01   -2.5512998E-04    9.6558894E-05    3.8574032E-05    4.2375122E-05    4.4247286E-05    2.8234034E-10    1.0000031E-16    1.4673643E-05    1.9462710E-07    1.5444134E-08    2.0803930E-04    6.7070070E-04    3.2846265E-04    8.2805968E-05
    1.6250000E+01   -2.5651809E-04    9.7008564E-05    3.8770008E-05    4.2425257E-05    4.4460877E-05    2.7829837E-10    1.0000031E-16    1.4780438E-05    1.9595925E-07    1.5550009E-08    2.0933365E-04    6.7070070E-04    3.2846265E-04    8.2805968E-05
    1.6350000E+01   -2.5790858E-04    9.7459037E-05    3.8966034E-05    4.2475480E-05    4.4674915E-05    2.7434969E-10    1.0000031E-16    1.4887457E-05    1.9729702E-07    1.5656333E-08    2.1062971E-04    6.7070070E-04    3.2846265E-04    8.2805968E-05
    1.6450000E+01   -2.5930145E-04    9.7910312E-05    3.9162106E-05    4.2525794E-05    4.4889399E-05    2.7049219E-10    1.0000031E-16    1.4994700E-05    1.9864046E-07    1.5763109E-08    2.1192748E-04    6.7070070E-04    3.2846265E-04    8.2805968E-05
    1.6550000E+01   -2.6069669E-04    9.8362389E-05    3.9358218E-05    4.2576197E-05    4.5104332E-05    2.6672387E-10    1.0000031E-16    1.5102166E-05    1.9998959E-07    1.5870340E-08    2.1322694E-04    6.7070070E-04    3.2846265E-04    8.2805968E-05
    1.6650000E+01   -2.6209429E-04    9.8815271E-05    3.9554365E-05    4.2626689E-05    4.5319712E-05    2.6304282E-10    1.0000031E-16    1.5209856E-05    2.0134445E-07    1.5978030E-08    2.1452808E-04    6.7070070E-04    3.2846265E-04    8.2805968E-05
    1.6750000E+01   -2.6349426E-04    9.9268957E-05    3.9750542E-05    4.2677271E-05    4.5535540E-05    2.5944721E-10    1.0000031E-16    1.5317770E-05    2.0270510E-07    1.6086181E-08    2.1583089E-04    6.7070070E-04    3.2846265E-04    8.2805968E-05
    1.6850000E+01   -2.6489659E-04    9.9723448E-05    3.9946742E-05    4.2727943E-05    4.5751818E-05    2.5593535E-10    1.0000031E-16    1.5425909E-05    2.0407156E-07    1.6194798E-08    2.1713538E-04    6.7070070E-04    3.2846265E-04    8.2805968E-05
    1.6950000E+01   -2.6630128E-04    1.0017875E-04    4.0142959E-05    4.2778705E-05    4.5968544E-05    2.5250562E-10    1.0000031E-16    1.5534272E-05    2.0544388E-07    1.6303882E-08    2.1844151E-04    6.7070070E-04    3.2846265E-04    8.2805968E-05
    1.7050000E+01   -2.6770833E-04    1.0063485E-04    4.0339189E-05    4.2829556E-05    4.6185721E-05    2.4915653E-10    1.0000031E-16    1.5642860E-05    2.0682211E-07    1.6413439E-08    2.1974929E-04    6.7070070E-04    3.2846265E-04    8.2805968E-05
    1.7150000E+01   -2.6911772E-04    1.0109176E-04    4.0535424E-05    4.2880498E-05    4.6403348E-05    2.4588669E-10    1.0000031E-16    1.5751674E-05    2.0820629E-07    1.6523472E-08    2.2105870E-04    6.7070070E-04    3.2846265E-04    8.2805968E-05
    1.7250000E+01   -2.7052946E-04    1.0154948E-04    4.0731659E-05    4.2931530E-05    4.6621425E-05    2.4269484E-10    1.0000031E-16    1.5860713E-05    2.0959647E-07    1.6633984E-08    2.2236973E-04    6.7070070E-04    3.2846265E-04    8.2805968E-05
    1.7350000E+01   -2.7194355E-04    1.0200801E-04    4.0927886E-05    4.2982652E-05    4.6839954E-05    2.3957984E-10    1.0000031E-16    1.5969977E-05    2.1099269E-07    1.6744979E-08    2.2368237E-04    6.7070070E-04    3.2846265E-04    8.2805968E-05
    1.7450000E+01   -2.7335997E-04    1.0246734E-04    4.1124098E-05    4.3033864E-05    4.7058934E-05    2.3654071E-10    1.0000031E-16    1.6079467E-05    2.1239500E-07    1.6856462E-08    2.2499661E-04    6.7070070E-04    3.2846265E-04    8.2805968E-05
    1.7550000E+01   -2.7477872E-04    1.0292749E-04    4.1320290E-05    4.3085166E-05    4.7278366E-05    2.3357661E-10    1.0000031E-16    1.6189183E-05    2.1380346E-07    1.6968435E-08    2.2631244E-04    6.7070070E-04    3.2846265E-04    8.2805968E-05
    1.7650000E+01   -2.7619980E-04    1.0338845E-04    4.1516452E-05    4.3136559E-05    4.7498251E-05    2.3068687E-10    1.0000031E-16    1.6299126E-05    2.1521811E-07    1.7080904E-08    2.2762983E-04    6.7070070E-04    3.2846265E-04    8.2805968E-05
    1.7750000E+01   -2.7762320E-04    1.0385022E-04    4.1712579E-05    4.3188043E-05    4.7718589E-05    2.2787104E-10    1.0000031E-16    1.6409295E-05    2.1663901E-07    1.7193873E-08    2.2894878E-04    6.7070070E-04    3.2846265E-04    8.2805968E-05
    1.7850000E+01   -2.7904892E-04    1.0431280E-04    4.1908660E-05    4.3239617E-05    4.7939381E-05    2.2512889E-10    1.0000031E-16    1.6519691E-05    2.1806621E-07    1.7307346E-08    2.3026928E-04    6.7070070E-04    3.2846265E-04    8.2805968E-05
    1.7950000E+01   -2.8047695E-04    1.0477620E-04    4.2104690E-05    4.3291281E-05    4.8160627E-05    2.2246043E-10    1.0000031E-16    1.6630313E-05    2.1949978E-07    1.7421329E-08    2.3159130E-04    6.7070070E-04    3.2846265E-04    8.2805968E-05
    1.8050000E+01   -2.8190728E-04    1.0524041E-04    4.2300657E-05    4.3343037E-05    4.8382327E-05    2.1986603E-10    1.0000031E-16    1.6741163E-05    2.2093977E-07    1.7535825E-08    2.3291484E-04    6.7070070E-04    3.2846265E-04    8.2805968E-05
    1.8150000E+01   -2.8333992E-04    1.0570543E-04    4.2496554E-05    4.3394883E-05    4.8604482E-05    2.1734639E-10    1.0000031E-16    1.6852241E-05    2.2238625E-07    1.7650840E-08    2.3423987E-04    6.7070070E-04    3.2846265E-04    8.2805968E-05
    1.8250000E+01   -2.8477484E-04    1.0617127E-04    4.2692371E-05    4.3446820E-05    4.8827092E-05    2.1490271E-10    1.0000031E-16    1.6963546E-05    2.2383928E-07    1.7766379E-08    2.3556637E-04    6.7070070E-04    3.2846265E-04    8.2805968E-05
    1.8350000E+01   -2.8621204E-04    1.0663792E-04    4.2888097E-05    4.3498848E-05    4.9050158E-05    2.1253674E-10    1.0000031E-16    1.7075079E-05    2.2529894E-07    1.7882449E-08    2.3689433E-04    6.7070070E-04    3.2846265E-04    8.2805968E-05
    1.8450000E+01   -2.8765152E-04    1.0710540E-04    4.3083721E-05    4.3550967E-05    4.9273681E-05    2.1025096E-10    1.0000031E-16    1.7186840E-05    2.2676529E-07    1.7999055E-08    2.3822373E-04    6.7070070E-04    3.2846265E-04    8.2805968E-05
    1.8550000E+01   -2.8909326E-04    1.0757368E-04    4.3279231E-05    4.3603177E-05    4.9497660E-05    2.0804876E-10    1.0000031E-16    1.7298830E-05    2.2823843E-07    1.8116203E-08    2.3955455E-04    6.7070070E-04    3.2846265E-04    8.2805968E-05
    1.8650000E+01   -2.9053725E-04    1.0804279E-04    4.3474615E-05    4.3655478E-05    4.9722096E-05    2.0593477E-10    1.0000031E-16    1.7411048E-05    2.2971842E-07    1.8233902E-08    2.4088675E-04    6.7070070E-04    3.2846265E-04    8.2805968E-05
    1.8750000E+01   -2.9198349E-04    1.0851272E-04    4.3669857E-05    4.3707871E-05    4.9946991E-05    2.0391522E-10    1.0000031E-16    1.7523495E-05    2.3120538E-07    1.8352157E-08    2.4222032E-04    6.7070070E-04    3.2846265E-04    8.2805968E-05
    1.8850000E+01   -2.9343195E-04    1.0898346E-04    4.3864943E-05    4.3760355E-05    5.0172343E-05    2.0199853E-10    1.0000031E-16    1.7636171E-05    2.3269941E-07    1.8470978E-08    2.4355522E-04    6.7070070E-04    3.2846265E-04    8.2805968E-05
    1.8950000E+01   -2.9488263E-04    1.0945503E-04    4.4059854E-05    4.3812930E-05    5.0398154E-05    2.0019625E-10    1.0000031E-16    1.7749077E-05    2.3420061E-07    1.8590375E-08    2.4489141E-04    6.7070070E-04    3.2846265E-04    8.2805968E-05
    1.9050000E+01   -2.9633549E-04    1.0992741E-04    4.4254569E-05    4.3865597E-05    5.0624424E-05    1.9852432E-10    1.0000031E-16    1.7862212E-05    2.3570913E-07    1.8710358E-08    2.4622886E-04    6.7070070E-04    3.2846265E-04    8.2805968E-05
    1.9150000E+01   -2.9779053E-04    1.1040062E-04    4.4449063E-05    4.3918356E-05    5.0851154E-05    1.9700534E-10    1.0000031E-16    1.7975577E-05    2.3722513E-07    1.8830941E-08    2.4756753E-04    6.7070070E-04    3.2846265E-04    8.2805968E-05
    1.9250000E+01   -2.9924772E-04    1.1087465E-04    4.4643306E-05    4.3971206E-05    5.1078344E-05    1.9567210E-10    1.0000031E-16    1.8089172E-05    2.3874881E-07    1.8952138E-08    2.4890734E-04    6.7070070E-04    3.2846265E-04    8.2805968E-05
    1.9350000E+01   -3.0070701E-04    1.1134950E-04    4.4837260E-05    4.4024148E-05    5.1305994E-05    1.9457400E-10    1.0000031E-16    1.8202997E-05    2.4028039E-07    1.9073971E-08    2.5024823E-04    6.7070070E-04    3.2846265E-04    8.2805968E-05
    1.9450000E+01   -3.0216836E-04    1.1182518E-04    4.5030872E-05    4.4077182E-05    5.1534105E-05    1.9378894E-10    1.0000031E-16    1.8317053E-05    2.4182022E-07    1.9196464E-08    2.5159009E-04    6.7070070E-04    3.2846265E-04    8.2805968E-05
    1.9550000E+01   -3.0363166E-04    1.1230167E-04    4.5224065E-05    4.4130302E-05    5.1762672E-05    1.9344767E-10    1.0000030E-16    1.8431337E-05    2.4336871E-07    1.9319654E-08    2.5293275E-04    6.7070062E-04    3.2846261E-04    8.2805958E-05
    1.9650000E+01   -3.0509469E-04    1.1277818E-04    4.5416413E-05    4.4183204E-05    5.1991333E-05    1.9379035E-10    9.9999588E-17    1.8545720E-05    2.4492484E-07    1.9443459E-08    2.5427421E-04    6.7069583E-04    3.2846026E-04    8.2805367E-05
    1.9750000E+01   -3.0645980E-04    1.1321872E-04    4.5593275E-05    4.4221868E-05    5.2203485E-05    1.9537212E-10    9.9966520E-17    1.8654260E-05    2.4641097E-07    1.9561719E-08    2.5553287E-04    6.7047404E-04    3.2835165E-04    8.2777984E-05
    1.9850000E+01   -3.0492735E-04    1.1258938E-04    4.5339188E-05    4.3843955E-05    5.1922302E-05    2.0125083E-10    9.8992934E-17    1.8586201E-05    2.4556545E-07    1.9494873E-08    2.5437400E-04    6.6394422E-04    3.2515379E-04    8.1971800E-05
    1.9950000E+01   -3.9336565E-04    1.4513927E-04    5.8459581E-05    5.6311127E-05    6.6947367E-05    1.6486995E-10    1.2695329E-16    2.4015693E-05    3.1730041E-07    2.5189982E-08    3.2835387E-04    8.5147390E-04    4.1699282E-04    1.0512457E-04
