# Time          2.0000E+00
# Units: Mol/kgw
    Distance           H+               Na+              K+               Ca++             Mg++             Al+++            Fe+++            Fe++             Li7+             Li6+             SiO2(aq)         CO2(aq)          O2(aq)           Cl-          
    5.0000000E-02   -1.8467314E-04    1.0194653E-04    2.7307621E-05    1.0776228E-04    4.5888533E-05    2.2618431E-08    3.0495900E-16    2.2489216E-07    1.1401865E-07    9.1518670E-09    6.7484198E-05    2.0453557E-03    1.0016733E-03    2.5252346E-04
    1.5000000E-01   -1.0371216E-04    5.6494703E-05    1.5374523E-05    5.8728351E-05    2.5426905E-05    3.2417306E-08    1.6586665E-16    3.5642569E-07    6.4228397E-08    5.1437793E-09    3.9867861E-05    1.1124653E-03    5.4480828E-04    1.3734705E-04
    2.5000000E-01   -7.2013511E-05    3.8592209E-05    1.0708110E-05    3.9275156E-05    1.7367333E-05    3.7684657E-08    1.1063894E-16    4.4109122E-07    4.4761692E-08    3.5759054E-09    2.9337375E-05    7.4205385E-04    3.6340647E-04    9.1615361E-05
    3.5000000E-01   -6.7409632E-05    3.5795920E-05    1.0043713E-05    3.5970662E-05    1.6108020E-05    3.6408494E-08    1.0117113E-16    5.1678433E-07    4.1963490E-08    3.3482288E-09    2.8348428E-05    6.7855336E-04    3.3230833E-04    8.3775472E-05
    4.5000000E-01   -6.7786671E-05    3.5774285E-05    1.0114995E-05    3.5629449E-05    1.6097797E-05    3.4062241E-08    1.0009930E-16    5.9152398E-07    4.2231941E-08    3.3672142E-09    2.9119046E-05    6.7136461E-04    3.2878779E-04    8.2887936E-05
    5.5000000E-01   -6.8747878E-05    3.6077146E-05    1.0272381E-05    3.5634095E-05    1.6233711E-05    3.1807200E-08    1.0000717E-16    6.6634439E-07    4.2862762E-08    3.4154900E-09    3.0097184E-05    6.7074671E-04    3.2848518E-04    8.2811649E-05
    6.5000000E-01   -6.9762719E-05    3.6409019E-05    1.0437505E-05    3.5669055E-05    1.6382747E-05    2.9736951E-08    1.0000072E-16    7.4134344E-07    4.3529441E-08    3.4667994E-09    3.1095335E-05    6.7070342E-04    3.2846398E-04    8.2806304E-05
    7.5000000E-01   -7.0783878E-05    3.6743588E-05    1.0603387E-05    3.5706235E-05    1.6533061E-05    2.7839347E-08    1.0000034E-16    8.1652877E-07    4.4202784E-08    3.5187805E-09    3.2096766E-05    6.7070084E-04    3.2846272E-04    8.2805985E-05
    8.5000000E-01   -7.1807917E-05    3.7078968E-05    1.0769526E-05    3.5743621E-05    1.6683802E-05    2.6097068E-08    1.0000031E-16    8.9190112E-07    4.4880614E-08    3.5712443E-09    3.3100264E-05    6.7070071E-04    3.2846265E-04    8.2805969E-05
    9.5000000E-01   -7.2834587E-05    3.7415046E-05    1.0935893E-05    3.5781091E-05    1.6834922E-05    2.4494537E-08    1.0000031E-16    9.6746080E-07    4.5562725E-08    3.6241617E-09    3.4105742E-05    6.7070070E-04    3.2846265E-04    8.2805968E-05
    1.0500000E+00   -7.3863838E-05    3.7751817E-05    1.1102485E-05    3.5818638E-05    1.6986416E-05    2.3018019E-08    1.0000031E-16    1.0432081E-06    4.6249040E-08    3.6775153E-09    3.5113186E-05    6.7070070E-04    3.2846265E-04    8.2805968E-05
    1.1500000E+00   -7.4895636E-05    3.8089280E-05    1.1269304E-05    3.5856262E-05    1.7138286E-05    2.1655387E-08    1.0000031E-16    1.1191432E-06    4.6939499E-08    3.7312904E-09    3.6122584E-05    6.7070070E-04    3.2846265E-04    8.2805968E-05
    1.2500000E+00   -7.5929952E-05    3.8427438E-05    1.1436349E-05    3.5893964E-05    1.7290533E-05    2.0395897E-08    1.0000031E-16    1.1952665E-06    4.7634049E-08    3.7854739E-09    3.7133928E-05    6.7070070E-04    3.2846265E-04    8.2805968E-05
    1.3500000E+00   -7.6966760E-05    3.8766291E-05    1.1603621E-05    3.5931743E-05    1.7443156E-05    1.9230008E-08    1.0000031E-16    1.2715781E-06    4.8332642E-08    3.8400540E-09    3.8147212E-05    6.7070070E-04    3.2846265E-04    8.2805968E-05
    1.4500000E+00   -7.8006037E-05    3.9105839E-05    1.1771120E-05    3.5969600E-05    1.7596157E-05    1.8149227E-08    1.0000031E-16    1.3480783E-06    4.9035240E-08    3.8950205E-09    3.9162431E-05    6.7070070E-04    3.2846265E-04    8.2805968E-05
    1.5500000E+00   -7.9047763E-05    3.9446083E-05    1.1938845E-05    3.6007534E-05    1.7749535E-05    1.7145973E-08    1.0000031E-16    1.4247675E-06    4.9741805E-08    3.9503642E-09    4.0179579E-05    6.7070070E-04    3.2846265E-04    8.2805968E-05
    1.6500000E+00   -8.0091920E-05    3.9787025E-05    1.2106798E-05    3.6045546E-05    1.7903291E-05    1.6213467E-08    1.0000031E-16    1.5016457E-06    5.0452306E-08    4.0060769E-09    4.1198653E-05    6.7070070E-04    3.2846265E-04    8.2805968E-05
    1.7500000E+00   -8.1138492E-05    4.0128664E-05    1.2274978E-05    3.6083636E-05    1.8057427E-05    1.5345630E-08    1.0000031E-16    1.5787134E-06    5.1166717E-08    4.0621513E-09    4.2219649E-05    6.7070070E-04    3.2846265E-04    8.2805968E-05
    1.8500000E+00   -8.2187466E-05    4.0471002E-05    1.2443386E-05    3.6121803E-05    1.8211941E-05    1.4537001E-08    1.0000031E-16    1.6559706E-06    5.1885013E-08    4.1185808E-09    4.3242561E-05    6.7070070E-04    3.2846265E-04    8.2805968E-05
    1.9500000E+00   -8.3238828E-05    4.0814039E-05    1.2612022E-05    3.6160049E-05    1.8366835E-05    1.3782666E-08    1.0000031E-16    1.7334177E-06    5.2607173E-08    4.1753598E-09    4.4267387E-05    6.7070070E-04    3.2846265E-04    8.2805968E-05
    2.0500000E+00   -8.4292569E-05    4.1157777E-05    1.2780885E-05    3.6198373E-05    1.8522110E-05    1.3078191E-08    1.0000031E-16    1.8110549E-06    5.3333178E-08    4.2324830E-09    4.5294124E-05    6.7070070E-04    3.2846265E-04    8.2805968E-05
    2.1500000E+00   -8.5348679E-05    4.1502215E-05    1.2949977E-05    3.6236775E-05    1.8677765E-05    1.2419570E-08    1.0000031E-16    1.8888824E-06    5.4063013E-08    4.2899457E-09    4.6322770E-05    6.7070070E-04    3.2846265E-04    8.2805968E-05
    2.2500000E+00   -8.6407150E-05    4.1847355E-05    1.3119296E-05    3.6275255E-05    1.8833801E-05    1.1803176E-08    1.0000031E-16    1.9669005E-06    5.4796664E-08    4.3477438E-09    4.7353323E-05    6.7070070E-04    3.2846265E-04    8.2805968E-05
    2.3500000E+00   -8.7467973E-05    4.2193197E-05    1.3288845E-05    3.6313813E-05    1.8990219E-05    1.1225723E-08    1.0000031E-16    2.0451094E-06    5.5534118E-08    4.4058737E-09    4.8385782E-05    6.7070070E-04    3.2846265E-04    8.2805968E-05
    2.4500000E+00   -8.8531143E-05    4.2539741E-05    1.3458621E-05    3.6352450E-05    1.9147019E-05    1.0684223E-08    1.0000031E-16    2.1235093E-06    5.6275365E-08    4.4643320E-09    4.9420145E-05    6.7070070E-04    3.2846265E-04    8.2805968E-05
    2.5500000E+00   -8.9596654E-05    4.2886990E-05    1.3628626E-05    3.6391165E-05    1.9304201E-05    1.0175962E-08    1.0000031E-16    2.2021005E-06    5.7020396E-08    4.5231157E-09    5.0456412E-05    6.7070070E-04    3.2846265E-04    8.2805968E-05
    2.6500000E+00   -9.0664500E-05    4.3234943E-05    1.3798860E-05    3.6429959E-05    1.9461766E-05    9.6984643E-09    1.0000031E-16    2.2808832E-06    5.7769203E-08    4.5822222E-09    5.1494580E-05    6.7070070E-04    3.2846265E-04    8.2805968E-05
    2.7500000E+00   -9.1734677E-05    4.3583601E-05    1.3969323E-05    3.6468832E-05    1.9619715E-05    9.2494724E-09    1.0000031E-16    2.3598576E-06    5.8521781E-08    4.6416493E-09    5.2534651E-05    6.7070070E-04    3.2846265E-04    8.2805968E-05
    2.8500000E+00   -9.2807182E-05    4.3932965E-05    1.4140015E-05    3.6507783E-05    1.9778048E-05    8.8269239E-09    1.0000031E-16    2.4390241E-06    5.9278123E-08    4.7013947E-09    5.3576624E-05    6.7070070E-04    3.2846265E-04    8.2805968E-05
    2.9500000E+00   -9.3882012E-05    4.4283036E-05    1.4310936E-05    3.6546813E-05    1.9936765E-05    8.4289320E-09    1.0000031E-16    2.5183827E-06    6.0038225E-08    4.7614566E-09    5.4620497E-05    6.7070070E-04    3.2846265E-04    8.2805968E-05
    3.0500000E+00   -9.4959162E-05    4.4633814E-05    1.4482086E-05    3.6585921E-05    2.0095868E-05    8.0537681E-09    1.0000031E-16    2.5979338E-06    6.0802085E-08    4.8218333E-09    5.5666272E-05    6.7070070E-04    3.2846265E-04    8.2805968E-05
    3.1500000E+00   -9.6038632E-05    4.4985300E-05    1.4653465E-05    3.6625109E-05    2.0255355E-05    7.6998466E-09    1.0000031E-16    2.6776776E-06    6.1569699E-08    4.8825235E-09    5.6713948E-05    6.7070070E-04    3.2846265E-04    8.2805968E-05
    3.2500000E+00   -9.7120419E-05    4.5337495E-05    1.4825074E-05    3.6664376E-05    2.0415229E-05    7.3657115E-09    1.0000031E-16    2.7576143E-06    6.2341066E-08    4.9435257E-09    5.7763526E-05    6.7070070E-04    3.2846265E-04    8.2805968E-05
    3.3500000E+00   -9.8204521E-05    4.5690399E-05    1.4996912E-05    3.6703721E-05    2.0575488E-05    7.0500241E-09    1.0000031E-16    2.8377441E-06    6.3116184E-08    5.0048389E-09    5.8815005E-05    6.7070070E-04    3.2846265E-04    8.2805968E-05
    3.4500000E+00   -9.9290938E-05    4.6044013E-05    1.5168980E-05    3.6743146E-05    2.0736135E-05    6.7515520E-09    1.0000031E-16    2.9180673E-06    6.3895053E-08    5.0664620E-09    5.9868386E-05    6.7070070E-04    3.2846265E-04    8.2805968E-05
    3.5500000E+00   -1.0037967E-04    4.6398339E-05    1.5341277E-05    3.6782651E-05    2.0897168E-05    6.4691596E-09    1.0000031E-16    2.9985841E-06    6.4677673E-08    5.1283942E-09    6.0923670E-05    6.7070070E-04    3.2846265E-04    8.2805968E-05
    3.6500000E+00   -1.0147071E-04    4.6753375E-05    1.5513804E-05    3.6822234E-05    2.1058590E-05    6.2017990E-09    1.0000031E-16    3.0792948E-06    6.5464044E-08    5.1906346E-09    6.1980856E-05    6.7070070E-04    3.2846265E-04    8.2805968E-05
    3.7500000E+00   -1.0256406E-04    4.7109124E-05    1.5686561E-05    3.6861897E-05    2.1220399E-05    5.9485028E-09    1.0000031E-16    3.1601996E-06    6.6254168E-08    5.2531828E-09    6.3039947E-05    6.7070070E-04    3.2846265E-04    8.2805968E-05
    3.8500000E+00   -1.0365973E-04    4.7465587E-05    1.5859547E-05    3.6901640E-05    2.1382597E-05    5.7083764E-09    1.0000031E-16    3.2412987E-06    6.7048046E-08    5.3160381E-09    6.4100941E-05    6.7070070E-04    3.2846265E-04    8.2805968E-05
    3.9500000E+00   -1.0475770E-04    4.7822762E-05    1.6032763E-05    3.6941462E-05    2.1545185E-05    5.4805922E-09    1.0000031E-16    3.3225923E-06    6.7845679E-08    5.3792000E-09    6.5163840E-05    6.7070070E-04    3.2846265E-04    8.2805968E-05
    4.0500000E+00   -1.0585799E-04    4.8180653E-05    1.6206210E-05    3.6981363E-05    2.1708161E-05    5.2643834E-09    1.0000031E-16    3.4040807E-06    6.8647071E-08    5.4426682E-09    6.6228645E-05    6.7070070E-04    3.2846265E-04    8.2805968E-05
    4.1500000E+00   -1.0696059E-04    4.8539258E-05    1.6379886E-05    3.7021345E-05    2.1871528E-05    5.0590392E-09    1.0000031E-16    3.4857641E-06    6.9452223E-08    5.5064423E-09    6.7295357E-05    6.7070070E-04    3.2846265E-04    8.2805968E-05
    4.2500000E+00   -1.0806550E-04    4.8898580E-05    1.6553791E-05    3.7061406E-05    2.2035286E-05    4.8638998E-09    1.0000031E-16    3.5676428E-06    7.0261139E-08    5.5705221E-09    6.8363975E-05    6.7070070E-04    3.2846265E-04    8.2805968E-05
    4.3500000E+00   -1.0917272E-04    4.9258618E-05    1.6727927E-05    3.7101547E-05    2.2199434E-05    4.6783527E-09    1.0000031E-16    3.6497169E-06    7.1073822E-08    5.6349075E-09    6.9434502E-05    6.7070070E-04    3.2846265E-04    8.2805968E-05
    4.4500000E+00   -1.1028225E-04    4.9619373E-05    1.6902293E-05    3.7141768E-05    2.2363974E-05    4.5018283E-09    1.0000031E-16    3.7319868E-06    7.1890276E-08    5.6995982E-09    7.0506937E-05    6.7070070E-04    3.2846265E-04    8.2805968E-05
    4.5500000E+00   -1.1139410E-04    4.9980846E-05    1.7076889E-05    3.7182070E-05    2.2528905E-05    4.3337965E-09    1.0000031E-16    3.8144526E-06    7.2710504E-08    5.7645944E-09    7.1581282E-05    6.7070070E-04    3.2846265E-04    8.2805968E-05
    4.6500000E+00   -1.1250826E-04    5.0343038E-05    1.7251714E-05    3.7222451E-05    2.2694229E-05    4.1737640E-09    1.0000031E-16    3.8971146E-06    7.3534510E-08    5.8298958E-09    7.2657538E-05    6.7070070E-04    3.2846265E-04    8.2805968E-05
    4.7500000E+00   -1.1362474E-04    5.0705950E-05    1.7426769E-05    3.7262912E-05    2.2859946E-05    4.0212709E-09    1.0000031E-16    3.9799730E-06    7.4362299E-08    5.8955026E-09    7.3735706E-05    6.7070070E-04    3.2846265E-04    8.2805968E-05
    4.8500000E+00   -1.1474353E-04    5.1069581E-05    1.7602055E-05    3.7303454E-05    2.3026056E-05    3.8758882E-09    1.0000031E-16    4.0630281E-06    7.5193875E-08    5.9614149E-09    7.4815786E-05    6.7070070E-04    3.2846265E-04    8.2805968E-05
    4.9500000E+00   -1.1586464E-04    5.1433934E-05    1.7777569E-05    3.7344076E-05    2.3192560E-05    3.7372157E-09    1.0000031E-16    4.1462800E-06    7.6029244E-08    6.0276326E-09    7.5897779E-05    6.7070070E-04    3.2846265E-04    8.2805968E-05
    5.0500000E+00   -1.1698806E-04    5.1799008E-05    1.7953314E-05    3.7384779E-05    2.3359458E-05    3.6048795E-09    1.0000031E-16    4.2297291E-06    7.6868409E-08    6.0941561E-09    7.6981687E-05    6.7070070E-04    3.2846265E-04    8.2805968E-05
    5.1500000E+00   -1.1811381E-04    5.2164804E-05    1.8129288E-05    3.7425562E-05    2.3526751E-05    3.4785300E-09    1.0000031E-16    4.3133755E-06    7.7711377E-08    6.1609855E-09    7.8067510E-05    6.7070070E-04    3.2846265E-04    8.2805968E-05
    5.2500000E+00   -1.1924188E-04    5.2531324E-05    1.8305492E-05    3.7466426E-05    2.3694439E-05    3.3578403E-09    1.0000031E-16    4.3972194E-06    7.8558152E-08    6.2281209E-09    7.9155250E-05    6.7070070E-04    3.2846265E-04    8.2805968E-05
    5.3500000E+00   -1.2037226E-04    5.2898567E-05    1.8481926E-05    3.7507370E-05    2.3862522E-05    3.2425044E-09    1.0000031E-16    4.4812612E-06    7.9408741E-08    6.2955627E-09    8.0244907E-05    6.7070070E-04    3.2846265E-04    8.2805968E-05
    5.4500000E+00   -1.2150498E-04    5.3266535E-05    1.8658588E-05    3.7548396E-05    2.4031002E-05    3.1322356E-09    1.0000031E-16    4.5655011E-06    8.0263149E-08    6.3633111E-09    8.1336482E-05    6.7070070E-04    3.2846265E-04    8.2805968E-05
    5.5500000E+00   -1.2264001E-04    5.3635228E-05    1.8835480E-05    3.7589502E-05    2.4199878E-05    3.0267652E-09    1.0000031E-16    4.6499392E-06    8.1121381E-08    6.4313665E-09    8.2429977E-05    6.7070070E-04    3.2846265E-04    8.2805968E-05
    5.6500000E+00   -1.2377737E-04    5.4004646E-05    1.9012601E-05    3.7630689E-05    2.4369152E-05    2.9258413E-09    1.0000031E-16    4.7345758E-06    8.1983444E-08    6.4997290E-09    8.3525391E-05    6.7070070E-04    3.2846265E-04    8.2805968E-05
    5.7500000E+00   -1.2491706E-04    5.4374791E-05    1.9189951E-05    3.7671957E-05    2.4538822E-05    2.8292272E-09    1.0000031E-16    4.8194112E-06    8.2849344E-08    6.5683992E-09    8.4622727E-05    6.7070070E-04    3.2846265E-04    8.2805968E-05
    5.8500000E+00   -1.2605908E-04    5.4745664E-05    1.9367531E-05    3.7713306E-05    2.4708891E-05    2.7367009E-09    1.0000031E-16    4.9044456E-06    8.3719088E-08    6.6373773E-09    8.5721985E-05    6.7070070E-04    3.2846265E-04    8.2805968E-05
    5.9500000E+00   -1.2720343E-04    5.5117265E-05    1.9545338E-05    3.7754736E-05    2.4879358E-05    2.6480537E-09    1.0000031E-16    4.9896792E-06    8.4592681E-08    6.7066638E-09    8.6823166E-05    6.7070070E-04    3.2846265E-04    8.2805968E-05
    6.0500000E+00   -1.2835010E-04    5.5489594E-05    1.9723375E-05    3.7796248E-05    2.5050224E-05    2.5630894E-09    1.0000031E-16    5.0751122E-06    8.5470131E-08    6.7762591E-09    8.7926270E-05    6.7070070E-04    3.2846265E-04    8.2805968E-05
    6.1500000E+00   -1.2949912E-04    5.5862653E-05    1.9901639E-05    3.7837841E-05    2.5221490E-05    2.4816232E-09    1.0000031E-16    5.1607449E-06    8.6351445E-08    6.8461636E-09    8.9031299E-05    6.7070070E-04    3.2846265E-04    8.2805968E-05
    6.2500000E+00   -1.3065046E-04    5.6236442E-05    2.0080132E-05    3.7879515E-05    2.5393155E-05    2.4034814E-09    1.0000031E-16    5.2465775E-06    8.7236629E-08    6.9163778E-09    9.0138254E-05    6.7070070E-04    3.2846265E-04    8.2805968E-05
    6.3500000E+00   -1.3180415E-04    5.6610962E-05    2.0258853E-05    3.7921271E-05    2.5565221E-05    2.3285004E-09    1.0000031E-16    5.3326103E-06    8.8125690E-08    6.9869021E-09    9.1247135E-05    6.7070070E-04    3.2846265E-04    8.2805968E-05
    6.4500000E+00   -1.3296017E-04    5.6986213E-05    2.0437802E-05    3.7963108E-05    2.5737687E-05    2.2565257E-09    1.0000031E-16    5.4188434E-06    8.9018636E-08    7.0577371E-09    9.2357944E-05    6.7070070E-04    3.2846265E-04    8.2805968E-05
    6.5500000E+00   -1.3411853E-04    5.7362197E-05    2.0616978E-05    3.8005027E-05    2.5910554E-05    2.1874121E-09    1.0000031E-16    5.5052772E-06    8.9915474E-08    7.1288832E-09    9.3470680E-05    6.7070070E-04    3.2846265E-04    8.2805968E-05
    6.6500000E+00   -1.3527923E-04    5.7738914E-05    2.0796381E-05    3.8047027E-05    2.6083824E-05    2.1210223E-09    1.0000031E-16    5.5919118E-06    9.0816211E-08    7.2003410E-09    9.4585346E-05    6.7070070E-04    3.2846265E-04    8.2805968E-05
    6.7500000E+00   -1.3644228E-04    5.8116364E-05    2.0976012E-05    3.8089110E-05    2.6257495E-05    2.0572267E-09    1.0000031E-16    5.6787475E-06    9.1720856E-08    7.2721110E-09    9.5701941E-05    6.7070070E-04    3.2846265E-04    8.2805968E-05
    6.8500000E+00   -1.3760767E-04    5.8494549E-05    2.1155869E-05    3.8131274E-05    2.6431569E-05    1.9959031E-09    1.0000031E-16    5.7657845E-06    9.2629415E-08    7.3441937E-09    9.6820467E-05    6.7070070E-04    3.2846265E-04    8.2805968E-05
    6.9500000E+00   -1.3877540E-04    5.8873469E-05    2.1335953E-05    3.8173521E-05    2.6606046E-05    1.9369359E-09    1.0000031E-16    5.8530231E-06    9.3541897E-08    7.4165898E-09    9.7940924E-05    6.7070070E-04    3.2846265E-04    8.2805968E-05
    7.0500000E+00   -1.3994549E-04    5.9253125E-05    2.1516263E-05    3.8215849E-05    2.6780927E-05    1.8802158E-09    1.0000031E-16    5.9404634E-06    9.4458310E-08    7.4892998E-09    9.9063313E-05    6.7070070E-04    3.2846265E-04    8.2805968E-05
    7.1500000E+00   -1.4111792E-04    5.9633518E-05    2.1696798E-05    3.8258260E-05    2.6956211E-05    1.8256396E-09    1.0000031E-16    6.0281057E-06    9.5378662E-08    7.5623243E-09    1.0018763E-04    6.7070070E-04    3.2846265E-04    8.2805968E-05
    7.2500000E+00   -1.4229270E-04    6.0014648E-05    2.1877559E-05    3.8300752E-05    2.7131901E-05    1.7731094E-09    1.0000031E-16    6.1159503E-06    9.6302961E-08    7.6356639E-09    1.0131389E-04    6.7070070E-04    3.2846265E-04    8.2805968E-05
    7.3500000E+00   -1.4346984E-04    6.0396516E-05    2.2058546E-05    3.8343327E-05    2.7307995E-05    1.7225327E-09    1.0000031E-16    6.2039974E-06    9.7231215E-08    7.7093193E-09    1.0244208E-04    6.7070070E-04    3.2846265E-04    8.2805968E-05
    7.4500000E+00   -1.4464933E-04    6.0779122E-05    2.2239757E-05    3.8385985E-05    2.7484494E-05    1.6738219E-09    1.0000031E-16    6.2922472E-06    9.8163434E-08    7.7832911E-09    1.0357220E-04    6.7070070E-04    3.2846265E-04    8.2805968E-05
    7.5500000E+00   -1.4583118E-04    6.1162469E-05    2.2421192E-05    3.8428724E-05    2.7661400E-05    1.6268939E-09    1.0000031E-16    6.3806999E-06    9.9099626E-08    7.8575800E-09    1.0470426E-04    6.7070070E-04    3.2846265E-04    8.2805968E-05
    7.6500000E+00   -1.4701538E-04    6.1546555E-05    2.2602851E-05    3.8471547E-05    2.7838712E-05    1.5816701E-09    1.0000031E-16    6.4693558E-06    1.0003980E-07    7.9321865E-09    1.0583825E-04    6.7070070E-04    3.2846265E-04    8.2805968E-05
    7.7500000E+00   -1.4820195E-04    6.1931382E-05    2.2784734E-05    3.8514452E-05    2.8016430E-05    1.5380757E-09    1.0000031E-16    6.5582151E-06    1.0098396E-07    8.0071115E-09    1.0697418E-04    6.7070070E-04    3.2846265E-04    8.2805968E-05
    7.8500000E+00   -1.4939087E-04    6.2316951E-05    2.2966840E-05    3.8557439E-05    2.8194556E-05    1.4960399E-09    1.0000031E-16    6.6472781E-06    1.0193213E-07    8.0823555E-09    1.0811205E-04    6.7070070E-04    3.2846265E-04    8.2805968E-05
    7.9500000E+00   -1.5058216E-04    6.2703262E-05    2.3149168E-05    3.8600510E-05    2.8373090E-05    1.4554955E-09    1.0000031E-16    6.7365450E-06    1.0288430E-07    8.1579194E-09    1.0925185E-04    6.7070070E-04    3.2846265E-04    8.2805968E-05
    8.0500000E+00   -1.5177581E-04    6.3090316E-05    2.3331719E-05    3.8643663E-05    2.8552032E-05    1.4163787E-09    1.0000031E-16    6.8260159E-06    1.0384049E-07    8.2338037E-09    1.1039359E-04    6.7070070E-04    3.2846265E-04    8.2805968E-05
    8.1500000E+00   -1.5297183E-04    6.3478114E-05    2.3514491E-05    3.8686899E-05    2.8731382E-05    1.3786287E-09    1.0000031E-16    6.9156912E-06    1.0480071E-07    8.3100094E-09    1.1153727E-04    6.7070070E-04    3.2846265E-04    8.2805968E-05
    8.2500000E+00   -1.5417021E-04    6.3866656E-05    2.3697484E-05    3.8730218E-05    2.8911142E-05    1.3421881E-09    1.0000031E-16    7.0055711E-06    1.0576496E-07    8.3865370E-09    1.1268289E-04    6.7070070E-04    3.2846265E-04    8.2805968E-05
    8.3500000E+00   -1.5537097E-04    6.4255944E-05    2.3880698E-05    3.8773620E-05    2.9091312E-05    1.3070021E-09    1.0000031E-16    7.0956558E-06    1.0673327E-07    8.4633874E-09    1.1383044E-04    6.7070070E-04    3.2846265E-04    8.2805968E-05
    8.4500000E+00   -1.5657409E-04    6.4645977E-05    2.4064132E-05    3.8817106E-05    2.9271891E-05    1.2730184E-09    1.0000031E-16    7.1859456E-06    1.0770563E-07    8.5405613E-09    1.1497994E-04    6.7070070E-04    3.2846265E-04    8.2805968E-05
    8.5500000E+00   -1.5777959E-04    6.5036757E-05    2.4247785E-05    3.8860674E-05    2.9452881E-05    1.2401876E-09    1.0000031E-16    7.2764406E-06    1.0868205E-07    8.6180595E-09    1.1613137E-04    6.7070070E-04    3.2846265E-04    8.2805968E-05
    8.6500000E+00   -1.5898746E-04    6.5428284E-05    2.4431657E-05    3.8904326E-05    2.9634282E-05    1.2084625E-09    1.0000031E-16    7.3671411E-06    1.0966256E-07    8.6958829E-09    1.1728474E-04    6.7070070E-04    3.2846265E-04    8.2805968E-05
    8.7500000E+00   -1.6019770E-04    6.5820559E-05    2.4615748E-05    3.8948062E-05    2.9816095E-05    1.1777981E-09    1.0000031E-16    7.4580474E-06    1.1064715E-07    8.7740322E-09    1.1844005E-04    6.7070070E-04    3.2846265E-04    8.2805968E-05
    8.8500000E+00   -1.6141032E-04    6.6213583E-05    2.4800055E-05    3.8991880E-05    2.9998319E-05    1.1481518E-09    1.0000031E-16    7.5491597E-06    1.1163584E-07    8.8525082E-09    1.1959730E-04    6.7070070E-04    3.2846265E-04    8.2805968E-05
    8.9500000E+00   -1.6262532E-04    6.6607357E-05    2.4984580E-05    3.9035783E-05    3.0180956E-05    1.1194826E-09    1.0000031E-16    7.6404782E-06    1.1262864E-07    8.9313119E-09    1.2075649E-04    6.7070070E-04    3.2846265E-04    8.2805968E-05
    9.0500000E+00   -1.6384270E-04    6.7001880E-05    2.5169321E-05    3.9079769E-05    3.0364006E-05    1.0917519E-09    1.0000031E-16    7.7320031E-06    1.1362556E-07    9.0104440E-09    1.2191762E-04    6.7070070E-04    3.2846265E-04    8.2805968E-05
    9.1500000E+00   -1.6506246E-04    6.7397155E-05    2.5354277E-05    3.9123839E-05    3.0547469E-05    1.0649225E-09    1.0000031E-16    7.8237347E-06    1.1462661E-07    9.0899054E-09    1.2308069E-04    6.7070070E-04    3.2846265E-04    8.2805968E-05
    9.2500000E+00   -1.6628460E-04    6.7793181E-05    2.5539447E-05    3.9167992E-05    3.0731346E-05    1.0389590E-09    1.0000031E-16    7.9156732E-06    1.1563180E-07    9.1696971E-09    1.2424569E-04    6.7070070E-04    3.2846265E-04    8.2805968E-05
    9.3500000E+00   -1.6750913E-04    6.8189959E-05    2.5724832E-05    3.9212229E-05    3.0915638E-05    1.0138279E-09    1.0000031E-16    8.0078188E-06    1.1664115E-07    9.2498198E-09    1.2541264E-04    6.7070070E-04    3.2846265E-04    8.2805968E-05
    9.4500000E+00   -1.6873604E-04    6.8587491E-05    2.5910430E-05    3.9256551E-05    3.1100344E-05    9.8949692E-10    1.0000031E-16    8.1001719E-06    1.1765466E-07    9.3302746E-09    1.2658153E-04    6.7070070E-04    3.2846265E-04    8.2805968E-05
    9.5500000E+00   -1.6996534E-04    6.8985776E-05    2.6096239E-05    3.9300956E-05    3.1285465E-05    9.6593534E-10    1.0000031E-16    8.1927325E-06    1.1867234E-07    9.4110623E-09    1.2775235E-04    6.7070070E-04    3.2846265E-04    8.2805968E-05
    9.6500000E+00   -1.7119702E-04    6.9384815E-05    2.6282261E-05    3.9345446E-05    3.1471002E-05    9.4311382E-10    1.0000031E-16    8.2855010E-06    1.1969422E-07    9.4921839E-09    1.2892511E-04    6.7070070E-04    3.2846265E-04    8.2805968E-05
    9.7500000E+00   -1.7243110E-04    6.9784610E-05    2.6468492E-05    3.9390019E-05    3.1656955E-05    9.2100436E-10    1.0000031E-16    8.3784776E-06    1.2072030E-07    9.5736403E-09    1.3009981E-04    6.7070070E-04    3.2846265E-04    8.2805968E-05
    9.8500000E+00   -1.7366756E-04    7.0185161E-05    2.6654934E-05    3.9434677E-05    3.1843325E-05    8.9958017E-10    1.0000031E-16    8.4716625E-06    1.2175058E-07    9.6554326E-09    1.3127645E-04    6.7070070E-04    3.2846265E-04    8.2805968E-05
    9.9500000E+00   -1.7490642E-04    7.0586468E-05    2.6841584E-05    3.9479420E-05    3.2030112E-05    8.7881564E-10    1.0000031E-16    8.5650559E-06    1.2278510E-07    9.7375616E-09    1.3245502E-04    6.7070070E-04    3.2846265E-04    8.2805968E-05
    1.0050000E+01   -1.7614767E-04    7.0988533E-05    2.7028441E-05    3.9524246E-05    3.2217316E-05    8.5868630E-10    1.0000031E-16    8.6586581E-06    1.2382385E-07    9.8200284E-09    1.3363553E-04    6.7070070E-04    3.2846265E-04    8.2805968E-05
    1.0150000E+01   -1.7739131E-04    7.1391355E-05    2.7215506E-05    3.9569158E-05    3.2404939E-05    8.3916873E-10    1.0000031E-16    8.7524694E-06    1.2486685E-07    9.9028341E-09    1.3481797E-04    6.7070070E-04    3.2846265E-04    8.2805968E-05
    1.0250000E+01   -1.7863735E-04    7.1794936E-05    2.7402775E-05    3.9614153E-05    3.2592980E-05    8.2024052E-10    1.0000031E-16    8.8464898E-06    1.2591411E-07    9.9859796E-09    1.3600236E-04    6.7070070E-04    3.2846265E-04    8.2805968E-05
    1.0350000E+01   -1.7988579E-04    7.2199277E-05    2.7590250E-05    3.9659234E-05    3.2781440E-05    8.0188025E-10    1.0000031E-16    8.9407198E-06    1.2696565E-07    1.0069466E-08    1.3718867E-04    6.7070070E-04    3.2846265E-04    8.2805968E-05
    1.0450000E+01   -1.8113662E-04    7.2604378E-05    2.7777928E-05    3.9704399E-05    3.2970319E-05    7.8406736E-10    1.0000031E-16    9.0351594E-06    1.2802149E-07    1.0153294E-08    1.3837692E-04    6.7070070E-04    3.2846265E-04    8.2805968E-05
    1.0550000E+01   -1.8238985E-04    7.3010240E-05    2.7965808E-05    3.9749649E-05    3.3159618E-05    7.6678222E-10    1.0000031E-16    9.1298090E-06    1.2908162E-07    1.0237466E-08    1.3956710E-04    6.7070070E-04    3.2846265E-04    8.2805968E-05
    1.0650000E+01   -1.8364548E-04    7.3416863E-05    2.8153889E-05    3.9794984E-05    3.3349338E-05    7.5000599E-10    1.0000031E-16    9.2246688E-06    1.3014607E-07    1.0321981E-08    1.4075922E-04    6.7070070E-04    3.2846265E-04    8.2805968E-05
    1.0750000E+01   -1.8490352E-04    7.3824249E-05    2.8342171E-05    3.9840404E-05    3.3539478E-05    7.3372063E-10    1.0000031E-16    9.3197390E-06    1.3121486E-07    1.0406842E-08    1.4195326E-04    6.7070070E-04    3.2846265E-04    8.2805968E-05
    1.0850000E+01   -1.8616395E-04    7.4232398E-05    2.8530651E-05    3.9885909E-05    3.3730040E-05    7.1790884E-10    1.0000031E-16    9.4150198E-06    1.3228799E-07    1.0492050E-08    1.4314924E-04    6.7070070E-04    3.2846265E-04    8.2805968E-05
    1.0950000E+01   -1.8742679E-04    7.4641310E-05    2.8719328E-05    3.9931500E-05    3.3921023E-05    7.0255406E-10    1.0000031E-16    9.5105115E-06    1.3336547E-07    1.0577604E-08    1.4434714E-04    6.7070070E-04    3.2846265E-04    8.2805968E-05
    1.1050000E+01   -1.8869203E-04    7.5050987E-05    2.8908202E-05    3.9977175E-05    3.4112429E-05    6.8764038E-10    1.0000031E-16    9.6062144E-06    1.3444734E-07    1.0663508E-08    1.4554697E-04    6.7070070E-04    3.2846265E-04    8.2805968E-05
    1.1150000E+01   -1.8995968E-04    7.5461429E-05    2.9097271E-05    4.0022936E-05    3.4304257E-05    6.7315257E-10    1.0000031E-16    9.7021285E-06    1.3553359E-07    1.0749762E-08    1.4674873E-04    6.7070070E-04    3.2846265E-04    8.2805968E-05
    1.1250000E+01   -1.9122973E-04    7.5872637E-05    2.9286532E-05    4.0068782E-05    3.4496509E-05    6.5907599E-10    1.0000031E-16    9.7982543E-06    1.3662425E-07    1.0836366E-08    1.4795241E-04    6.7070070E-04    3.2846265E-04    8.2805968E-05
    1.1350000E+01   -1.9250219E-04    7.6284611E-05    2.9475986E-05    4.0114714E-05    3.4689184E-05    6.4539661E-10    1.0000031E-16    9.8945918E-06    1.3771933E-07    1.0923324E-08    1.4915802E-04    6.7070070E-04    3.2846265E-04    8.2805968E-05
    1.1450000E+01   -1.9377705E-04    7.6697353E-05    2.9665631E-05    4.0160731E-05    3.4882283E-05    6.3210095E-10    1.0000031E-16    9.9911415E-06    1.3881884E-07    1.1010634E-08    1.5036554E-04    6.7070070E-04    3.2846265E-04    8.2805968E-05
    1.1550000E+01   -1.9505433E-04    7.7110863E-05    2.9855464E-05    4.0206834E-05    3.5075807E-05    6.1917608E-10    1.0000031E-16    1.0087903E-05    1.3992281E-07    1.1098300E-08    1.5157499E-04    6.7070070E-04    3.2846265E-04    8.2805968E-05
    1.1650000E+01   -1.9633401E-04    7.7525142E-05    3.0045485E-05    4.0253022E-05    3.5269755E-05    6.0660958E-10    1.0000031E-16    1.0184878E-05    1.4103125E-07    1.1186322E-08    1.5278636E-04    6.7070070E-04    3.2846265E-04    8.2805968E-05
    1.1750000E+01   -1.9761610E-04    7.7940190E-05    3.0235692E-05    4.0299296E-05    3.5464130E-05    5.9438951E-10    1.0000031E-16    1.0282065E-05    1.4214416E-07    1.1274702E-08    1.5399964E-04    6.7070070E-04    3.2846265E-04    8.2805968E-05
    1.1850000E+01   -1.9890060E-04    7.8356008E-05    3.0426084E-05    4.0345657E-05    3.5658930E-05    5.8250441E-10    1.0000031E-16    1.0379465E-05    1.4326158E-07    1.1363440E-08    1.5521484E-04    6.7070070E-04    3.2846265E-04    8.2805968E-05
    1.1950000E+01   -2.0018751E-04    7.8772597E-05    3.0616657E-05    4.0392103E-05    3.5854157E-05    5.7094326E-10    1.0000031E-16    1.0477078E-05    1.4438352E-07    1.1452539E-08    1.5643196E-04    6.7070070E-04    3.2846265E-04    8.2805968E-05
    1.2050000E+01   -2.0147683E-04    7.9189957E-05    3.0807412E-05    4.0438635E-05    3.6049810E-05    5.5969547E-10    1.0000031E-16    1.0574905E-05    1.4551000E-07    1.1541999E-08    1.5765098E-04    6.7070070E-04    3.2846265E-04    8.2805968E-05
    1.2150000E+01   -2.0276857E-04    7.9608090E-05    3.0998346E-05    4.0485253E-05    3.6245891E-05    5.4875085E-10    1.0000031E-16    1.0672946E-05    1.4664102E-07    1.1631822E-08    1.5887191E-04    6.7070070E-04    3.2846265E-04    8.2805968E-05
    1.2250000E+01   -2.0406271E-04    8.0026996E-05    3.1189457E-05    4.0531957E-05    3.6442400E-05    5.3809961E-10    1.0000031E-16    1.0771200E-05    1.4777662E-07    1.1722010E-08    1.6009475E-04    6.7070070E-04    3.2846265E-04    8.2805968E-05
    1.2350000E+01   -2.0535927E-04    8.0446676E-05    3.1380744E-05    4.0578748E-05    3.6639337E-05    5.2773234E-10    1.0000031E-16    1.0869668E-05    1.4891681E-07    1.1812564E-08    1.6131950E-04    6.7070070E-04    3.2846265E-04    8.2805968E-05
    1.2450000E+01   -2.0665824E-04    8.0867130E-05    3.1572204E-05    4.0625625E-05    3.6836703E-05    5.1763997E-10    1.0000031E-16    1.0968351E-05    1.5006160E-07    1.1903485E-08    1.6254615E-04    6.7070070E-04    3.2846265E-04    8.2805968E-05
    1.2550000E+01   -2.0795963E-04    8.1288359E-05    3.1763836E-05    4.0672589E-05    3.7034498E-05    5.0781377E-10    1.0000031E-16    1.1067249E-05    1.5121102E-07    1.1994775E-08    1.6377469E-04    6.7070070E-04    3.2846265E-04    8.2805968E-05
    1.2650000E+01   -2.0926342E-04    8.1710365E-05    3.1955637E-05    4.0719639E-05    3.7232722E-05    4.9824537E-10    1.0000031E-16    1.1166361E-05    1.5236508E-07    1.2086436E-08    1.6500514E-04    6.7070070E-04    3.2846265E-04    8.2805968E-05
    1.2750000E+01   -2.1056963E-04    8.2133146E-05    3.2147606E-05    4.0766775E-05    3.7431377E-05    4.8892668E-10    1.0000031E-16    1.1265689E-05    1.5352381E-07    1.2178468E-08    1.6623748E-04    6.7070070E-04    3.2846265E-04    8.2805968E-05
    1.2850000E+01   -2.1187826E-04    8.2556705E-05    3.2339741E-05    4.0813998E-05    3.7630462E-05    4.7984992E-10    1.0000031E-16    1.1365231E-05    1.5468723E-07    1.2270874E-08    1.6747171E-04    6.7070070E-04    3.2846265E-04    8.2805968E-05
    1.2950000E+01   -2.1318930E-04    8.2981042E-05    3.2532038E-05    4.0861308E-05    3.7829979E-05    4.7100759E-10    1.0000031E-16    1.1464989E-05    1.5585534E-07    1.2363656E-08    1.6870783E-04    6.7070070E-04    3.2846265E-04    8.2805968E-05
    1.3050000E+01   -2.1450275E-04    8.3406158E-05    3.2724497E-05    4.0908705E-05    3.8029927E-05    4.6239249E-10    1.0000031E-16    1.1564964E-05    1.5702819E-07    1.2456814E-08    1.6994583E-04    6.7070070E-04    3.2846265E-04    8.2805968E-05
    1.3150000E+01   -2.1581862E-04    8.3832053E-05    3.2917114E-05    4.0956189E-05    3.8230307E-05    4.5399766E-10    1.0000031E-16    1.1665154E-05    1.5820578E-07    1.2550351E-08    1.7118572E-04    6.7070070E-04    3.2846265E-04    8.2805968E-05
    1.3250000E+01   -2.1713690E-04    8.4258729E-05    3.3109888E-05    4.1003759E-05    3.8431120E-05    4.4581641E-10    1.0000031E-16    1.1765560E-05    1.5938813E-07    1.2644267E-08    1.7242749E-04    6.7070070E-04    3.2846265E-04    8.2805968E-05
    1.3350000E+01   -2.1845759E-04    8.4686185E-05    3.3302816E-05    4.1051417E-05    3.8632365E-05    4.3784227E-10    1.0000031E-16    1.1866183E-05    1.6057527E-07    1.2738566E-08    1.7367113E-04    6.7070070E-04    3.2846265E-04    8.2805968E-05
    1.3450000E+01   -2.1978070E-04    8.5114423E-05    3.3495895E-05    4.1099162E-05    3.8834044E-05    4.3006903E-10    1.0000031E-16    1.1967022E-05    1.6176722E-07    1.2833249E-08    1.7491665E-04    6.7070070E-04    3.2846265E-04    8.2805968E-05
    1.3550000E+01   -2.2110622E-04    8.5543443E-05    3.3689123E-05    4.1146994E-05    3.9036157E-05    4.2249069E-10    1.0000031E-16    1.2068079E-05    1.6296401E-07    1.2928317E-08    1.7616404E-04    6.7070070E-04    3.2846265E-04    8.2805968E-05
    1.3650000E+01   -2.2243415E-04    8.5973246E-05    3.3882498E-05    4.1194913E-05    3.9238704E-05    4.1510147E-10    1.0000031E-16    1.2169352E-05    1.6416565E-07    1.3023772E-08    1.7741329E-04    6.7070070E-04    3.2846265E-04    8.2805968E-05
    1.3750000E+01   -2.2376450E-04    8.6403833E-05    3.4076016E-05    4.1242920E-05    3.9441686E-05    4.0789578E-10    1.0000031E-16    1.2270843E-05    1.6537216E-07    1.3119617E-08    1.7866440E-04    6.7070070E-04    3.2846265E-04    8.2805968E-05
    1.3850000E+01   -2.2509725E-04    8.6835204E-05    3.4269676E-05    4.1291014E-05    3.9645104E-05    4.0086826E-10    1.0000031E-16    1.2372552E-05    1.6658358E-07    1.3215853E-08    1.7991737E-04    6.7070070E-04    3.2846265E-04    8.2805968E-05
    1.3950000E+01   -2.2643242E-04    8.7267361E-05    3.4463474E-05    4.1339196E-05    3.9848957E-05    3.9401371E-10    1.0000031E-16    1.2474478E-05    1.6779993E-07    1.3312481E-08    1.8117219E-04    6.7070070E-04    3.2846265E-04    8.2805968E-05
    1.4050000E+01   -2.2777000E-04    8.7700303E-05    3.4657407E-05    4.1387465E-05    4.0053246E-05    3.8732714E-10    1.0000031E-16    1.2576623E-05    1.6902122E-07    1.3409505E-08    1.8242886E-04    6.7070070E-04    3.2846265E-04    8.2805968E-05
    1.4150000E+01   -2.2910999E-04    8.8134032E-05    3.4851472E-05    4.1435822E-05    4.0257972E-05    3.8080370E-10    1.0000031E-16    1.2678986E-05    1.7024748E-07    1.3506925E-08    1.8368738E-04    6.7070070E-04    3.2846265E-04    8.2805968E-05
    1.4250000E+01   -2.3045239E-04    8.8568548E-05    3.5045668E-05    4.1484267E-05    4.0463135E-05    3.7443875E-10    1.0000031E-16    1.2781568E-05    1.7147875E-07    1.3604744E-08    1.8494774E-04    6.7070070E-04    3.2846265E-04    8.2805968E-05
    1.4350000E+01   -2.3179720E-04    8.9003853E-05    3.5239989E-05    4.1532800E-05    4.0668736E-05    3.6822778E-10    1.0000031E-16    1.2884368E-05    1.7271504E-07    1.3702965E-08    1.8620993E-04    6.7070070E-04    3.2846265E-04    8.2805968E-05
    1.4450000E+01   -2.3314442E-04    8.9439946E-05    3.5434434E-05    4.1581421E-05    4.0874775E-05    3.6216647E-10    1.0000031E-16    1.2987387E-05    1.7395638E-07    1.3801588E-08    1.8747395E-04    6.7070070E-04    3.2846265E-04    8.2805968E-05
    1.4550000E+01   -2.3449405E-04    8.9876828E-05    3.5628999E-05    4.1630129E-05    4.1081252E-05    3.5625062E-10    1.0000031E-16    1.3090626E-05    1.7520280E-07    1.3900617E-08    1.8873980E-04    6.7070070E-04    3.2846265E-04    8.2805968E-05
    1.4650000E+01   -2.3584608E-04    9.0314501E-05    3.5823680E-05    4.1678926E-05    4.1288169E-05    3.5047619E-10    1.0000031E-16    1.3194084E-05    1.7645432E-07    1.4000053E-08    1.9000746E-04    6.7070070E-04    3.2846265E-04    8.2805968E-05
    1.4750000E+01   -2.3720051E-04    9.0752964E-05    3.6018475E-05    4.1727811E-05    4.1495525E-05    3.4483928E-10    1.0000031E-16    1.3297762E-05    1.7771098E-07    1.4099899E-08    1.9127695E-04    6.7070070E-04    3.2846265E-04    8.2805968E-05
    1.4850000E+01   -2.3855735E-04    9.1192219E-05    3.6213380E-05    4.1776784E-05    4.1703320E-05    3.3933614E-10    1.0000031E-16    1.3401660E-05    1.7897280E-07    1.4200157E-08    1.9254824E-04    6.7070070E-04    3.2846265E-04    8.2805968E-05
    1.4950000E+01   -2.3991659E-04    9.1632266E-05    3.6408391E-05    4.1825846E-05    4.1911557E-05    3.3396313E-10    1.0000031E-16    1.3505778E-05    1.8023980E-07    1.4300829E-08    1.9382133E-04    6.7070070E-04    3.2846265E-04    8.2805968E-05
    1.5050000E+01   -2.4127824E-04    9.2073106E-05    3.6603505E-05    4.1874995E-05    4.2120234E-05    3.2871674E-10    1.0000031E-16    1.3610117E-05    1.8151203E-07    1.4401918E-08    1.9509623E-04    6.7070070E-04    3.2846265E-04    8.2805968E-05
    1.5150000E+01   -2.4264228E-04    9.2514740E-05    3.6798717E-05    4.1924234E-05    4.2329352E-05    3.2359359E-10    1.0000031E-16    1.3714676E-05    1.8278950E-07    1.4503426E-08    1.9637291E-04    6.7070070E-04    3.2846265E-04    8.2805968E-05
    1.5250000E+01   -2.4400872E-04    9.2957169E-05    3.6994025E-05    4.1973561E-05    4.2538913E-05    3.1859041E-10    1.0000031E-16    1.3819456E-05    1.8407225E-07    1.4605355E-08    1.9765138E-04    6.7070070E-04    3.2846265E-04    8.2805968E-05
    1.5350000E+01   -2.4537756E-04    9.3400393E-05    3.7189424E-05    4.2022976E-05    4.2748915E-05    3.1370407E-10    1.0000031E-16    1.3924458E-05    1.8536030E-07    1.4707708E-08    1.9893163E-04    6.7070070E-04    3.2846265E-04    8.2805968E-05
    1.5450000E+01   -2.4674879E-04    9.3844412E-05    3.7384910E-05    4.2072481E-05    4.2959361E-05    3.0893153E-10    1.0000031E-16    1.4029680E-05    1.8665370E-07    1.4810487E-08    2.0021366E-04    6.7070070E-04    3.2846265E-04    8.2805968E-05
    1.5550000E+01   -2.4812241E-04    9.4289228E-05    3.7580479E-05    4.2122074E-05    4.3170249E-05    3.0426985E-10    1.0000031E-16    1.4135125E-05    1.8795248E-07    1.4913696E-08    2.0149744E-04    6.7070070E-04    3.2846265E-04    8.2805968E-05
    1.5650000E+01   -2.4949843E-04    9.4734841E-05    3.7776127E-05    4.2171756E-05    4.3381582E-05    2.9971621E-10    1.0000031E-16    1.4240791E-05    1.8925665E-07    1.5017336E-08    2.0278299E-04    6.7070070E-04    3.2846265E-04    8.2805968E-05
    1.5750000E+01   -2.5087683E-04    9.5181253E-05    3.7971849E-05    4.2221527E-05    4.3593358E-05    2.9526791E-10    1.0000031E-16    1.4346679E-05    1.9056627E-07    1.5121410E-08    2.0407029E-04    6.7070070E-04    3.2846265E-04    8.2805968E-05
    1.5850000E+01   -2.5225763E-04    9.5628463E-05    3.8167641E-05    4.2271387E-05    4.3805579E-05    2.9092232E-10    1.0000031E-16    1.4452789E-05    1.9188136E-07    1.5225922E-08    2.0535933E-04    6.7070070E-04    3.2846265E-04    8.2805968E-05
    1.5950000E+01   -2.5364080E-04    9.6076472E-05    3.8363498E-05    4.2321336E-05    4.4018245E-05    2.8667692E-10    1.0000031E-16    1.4559123E-05    1.9320195E-07    1.5330874E-08    2.0665011E-04    6.7070070E-04    3.2846265E-04    8.2805968E-05
    1.6050000E+01   -2.5502636E-04    9.6525282E-05    3.8559417E-05    4.2371375E-05    4.4231357E-05    2.8252930E-10    1.0000031E-16    1.4665678E-05    1.9452810E-07    1.5436268E-08    2.0794262E-04    6.7070070E-04    3.2846265E-04    8.2805968E-05
    1.6150000E+01   -2.5641430E-04    9.6974892E-05    3.8755391E-05    4.2421502E-05    4.4444914E-05    2.7847713E-10    1.0000031E-16    1.4772457E-05    1.9585982E-07    1.5542108E-08    2.0923684E-04    6.7070070E-04    3.2846265E-04    8.2805968E-05
    1.6250000E+01   -2.5780462E-04    9.7425304E-05    3.8951416E-05    4.2471720E-05    4.4658919E-05    2.7451818E-10    1.0000031E-16    1.4879459E-05    1.9719715E-07    1.5648397E-08    2.1053278E-04    6.7070070E-04    3.2846265E-04    8.2805968E-05
    1.6350000E+01   -2.5919731E-04    9.7876519E-05    3.9147487E-05    4.2522026E-05    4.4873370E-05    2.7065031E-10    1.0000031E-16    1.4986685E-05    1.9854014E-07    1.5755138E-08    2.1183042E-04    6.7070070E-04    3.2846265E-04    8.2805968E-05
    1.6450000E+01   -2.6059237E-04    9.8328536E-05    3.9343598E-05    4.2572422E-05    4.5088268E-05    2.6687150E-10    1.0000031E-16    1.5094134E-05    1.9988883E-07    1.5862334E-08    2.1312976E-04    6.7070070E-04    3.2846265E-04    8.2805968E-05
    1.6550000E+01   -2.6198980E-04    9.8781357E-05    3.9539745E-05    4.2622908E-05    4.5303615E-05    2.6317978E-10    1.0000031E-16    1.5201807E-05    2.0124325E-07    1.5969988E-08    2.1443078E-04    6.7070070E-04    3.2846265E-04    8.2805968E-05
    1.6650000E+01   -2.6338959E-04    9.9234982E-05    3.9735922E-05    4.2673483E-05    4.5519410E-05    2.5957330E-10    1.0000031E-16    1.5309705E-05    2.0260344E-07    1.6078103E-08    2.1573347E-04    6.7070070E-04    3.2846265E-04    8.2805968E-05
    1.6750000E+01   -2.6479175E-04    9.9689413E-05    3.9932123E-05    4.2724148E-05    4.5735653E-05    2.5605032E-10    1.0000031E-16    1.5417827E-05    2.0396945E-07    1.6186683E-08    2.1703783E-04    6.7070070E-04    3.2846265E-04    8.2805968E-05
    1.6850000E+01   -2.6619626E-04    1.0014465E-04    4.0128342E-05    4.2774903E-05    4.5952346E-05    2.5260917E-10    1.0000031E-16    1.5526173E-05    2.0534132E-07    1.6295732E-08    2.1834385E-04    6.7070070E-04    3.2846265E-04    8.2805968E-05
    1.6950000E+01   -2.6760313E-04    1.0060069E-04    4.0324574E-05    4.2825748E-05    4.6169489E-05    2.4924830E-10    1.0000031E-16    1.5634744E-05    2.0671908E-07    1.6405252E-08    2.1965151E-04    6.7070070E-04    3.2846265E-04    8.2805968E-05
    1.7050000E+01   -2.6901235E-04    1.0105754E-04    4.0520811E-05    4.2876683E-05    4.6387082E-05    2.4596626E-10    1.0000031E-16    1.5743541E-05    2.0810280E-07    1.6515247E-08    2.2096081E-04    6.7070070E-04    3.2846265E-04    8.2805968E-05
    1.7150000E+01   -2.7042392E-04    1.0151520E-04    4.0717049E-05    4.2927708E-05    4.6605125E-05    2.4276172E-10    1.0000031E-16    1.5852563E-05    2.0949251E-07    1.6625722E-08    2.2227172E-04    6.7070070E-04    3.2846265E-04    8.2805968E-05
    1.7250000E+01   -2.7183783E-04    1.0197367E-04    4.0913279E-05    4.2978823E-05    4.6823620E-05    2.3963345E-10    1.0000031E-16    1.5961810E-05    2.1088825E-07    1.6736679E-08    2.2358425E-04    6.7070070E-04    3.2846265E-04    8.2805968E-05
    1.7350000E+01   -2.7325408E-04    1.0243294E-04    4.1109496E-05    4.3030028E-05    4.7042566E-05    2.3658037E-10    1.0000031E-16    1.6071283E-05    2.1229009E-07    1.6848123E-08    2.2489837E-04    6.7070070E-04    3.2846265E-04    8.2805968E-05
    1.7450000E+01   -2.7467266E-04    1.0289303E-04    4.1305692E-05    4.3081324E-05    4.7261965E-05    2.3360152E-10    1.0000031E-16    1.6180982E-05    2.1369807E-07    1.6960058E-08    2.2621408E-04    6.7070070E-04    3.2846265E-04    8.2805968E-05
    1.7550000E+01   -2.7609356E-04    1.0335393E-04    4.1501860E-05    4.3132710E-05    4.7481815E-05    2.3069610E-10    1.0000031E-16    1.6290908E-05    2.1511223E-07    1.7072489E-08    2.2753137E-04    6.7070070E-04    3.2846265E-04    8.2805968E-05
    1.7650000E+01   -2.7751679E-04    1.0381564E-04    4.1697992E-05    4.3184187E-05    4.7702119E-05    2.2786350E-10    1.0000031E-16    1.6401060E-05    2.1653264E-07    1.7185418E-08    2.2885021E-04    6.7070070E-04    3.2846265E-04    8.2805968E-05
    1.7750000E+01   -2.7894234E-04    1.0427816E-04    4.1894080E-05    4.3235754E-05    4.7922877E-05    2.2510328E-10    1.0000031E-16    1.6511438E-05    2.1795935E-07    1.7298852E-08    2.3017059E-04    6.7070070E-04    3.2846265E-04    8.2805968E-05
    1.7850000E+01   -2.8037020E-04    1.0474149E-04    4.2090117E-05    4.3287412E-05    4.8144088E-05    2.2241523E-10    1.0000031E-16    1.6622044E-05    2.1939242E-07    1.7412794E-08    2.3149251E-04    6.7070070E-04    3.2846265E-04    8.2805968E-05
    1.7950000E+01   -2.8180037E-04    1.0520564E-04    4.2286093E-05    4.3339160E-05    4.8365754E-05    2.1979941E-10    1.0000031E-16    1.6732877E-05    2.2083191E-07    1.7527250E-08    2.3281593E-04    6.7070070E-04    3.2846265E-04    8.2805968E-05
    1.8050000E+01   -2.8323283E-04    1.0567060E-04    4.2481998E-05    4.3391000E-05    4.8587875E-05    2.1725619E-10    1.0000031E-16    1.6843937E-05    2.2227788E-07    1.7642224E-08    2.3414086E-04    6.7070070E-04    3.2846265E-04    8.2805968E-05
    1.8150000E+01   -2.8466758E-04    1.0613638E-04    4.2677825E-05    4.3442930E-05    4.8810451E-05    2.1478629E-10    1.0000031E-16    1.6955225E-05    2.2373040E-07    1.7757723E-08    2.3546726E-04    6.7070070E-04    3.2846265E-04    8.2805968E-05
    1.8250000E+01   -2.8610462E-04    1.0660297E-04    4.2873561E-05    4.3494951E-05    4.9033483E-05    2.1239093E-10    1.0000031E-16    1.7066741E-05    2.2518953E-07    1.7873751E-08    2.3679512E-04    6.7070070E-04    3.2846265E-04    8.2805968E-05
    1.8350000E+01   -2.8754393E-04    1.0707038E-04    4.3069196E-05    4.3547063E-05    4.9256971E-05    2.1007185E-10    1.0000031E-16    1.7178485E-05    2.2665536E-07    1.7990314E-08    2.3812442E-04    6.7070070E-04    3.2846265E-04    8.2805968E-05
    1.8450000E+01   -2.8898550E-04    1.0753861E-04    4.3264719E-05    4.3599266E-05    4.9480916E-05    2.0783153E-10    1.0000031E-16    1.7290458E-05    2.2812796E-07    1.8107420E-08    2.3945513E-04    6.7070070E-04    3.2846265E-04    8.2805968E-05
    1.8550000E+01   -2.9042933E-04    1.0800765E-04    4.3460116E-05    4.3651561E-05    4.9705318E-05    2.0567335E-10    1.0000031E-16    1.7402659E-05    2.2960741E-07    1.8225075E-08    2.4078724E-04    6.7070070E-04    3.2846265E-04    8.2805968E-05
    1.8650000E+01   -2.9187540E-04    1.0847752E-04    4.3655374E-05    4.3703947E-05    4.9930178E-05    2.0360192E-10    1.0000031E-16    1.7515089E-05    2.3109382E-07    1.8343286E-08    2.4212071E-04    6.7070070E-04    3.2846265E-04    8.2805968E-05
    1.8750000E+01   -2.9332370E-04    1.0894820E-04    4.3850476E-05    4.3756424E-05    5.0155496E-05    2.0162340E-10    1.0000031E-16    1.7627748E-05    2.3258729E-07    1.8462063E-08    2.4345552E-04    6.7070070E-04    3.2846265E-04    8.2805968E-05
    1.8850000E+01   -2.9477421E-04    1.0941970E-04    4.4045405E-05    4.3808992E-05    5.0381272E-05    1.9974618E-10    1.0000031E-16    1.7740636E-05    2.3408792E-07    1.8581414E-08    2.4479163E-04    6.7070070E-04    3.2846265E-04    8.2805968E-05
    1.8950000E+01   -2.9622692E-04    1.0989203E-04    4.4240140E-05    4.3861652E-05    5.0607508E-05    1.9798167E-10    1.0000031E-16    1.7853754E-05    2.3559586E-07    1.8701350E-08    2.4612900E-04    6.7070070E-04    3.2846265E-04    8.2805968E-05
    1.9050000E+01   -2.9768180E-04    1.1036517E-04    4.4434656E-05    4.3914404E-05    5.0834203E-05    1.9634570E-10    1.0000031E-16    1.7967102E-05    2.3711126E-07    1.8821884E-08    2.4746758E-04    6.7070070E-04    3.2846265E-04    8.2805968E-05
    1.9150000E+01   -2.9913883E-04    1.1083914E-04    4.4628926E-05    4.3967247E-05    5.1061358E-05    1.9486063E-10    1.0000031E-16    1.8080679E-05    2.3863431E-07    1.8943032E-08    2.4880732E-04    6.7070070E-04    3.2846265E-04    8.2805968E-05
    1.9250000E+01   -3.0059797E-04    1.1131393E-04    4.4822910E-05    4.4020182E-05    5.1288974E-05    1.9355896E-10    1.0000031E-16    1.8194487E-05    2.4016524E-07    1.9064812E-08    2.5014814E-04    6.7070070E-04    3.2846265E-04    8.2805968E-05
    1.9350000E+01   -3.0205918E-04    1.1178955E-04    4.5016561E-05    4.4073209E-05    5.1517051E-05    1.9248958E-10    1.0000031E-16    1.8308525E-05    2.4170437E-07    1.9187249E-08    2.5148996E-04    6.7070070E-04    3.2846265E-04    8.2805968E-05
    1.9450000E+01   -3.0352239E-04    1.1226599E-04    4.5209810E-05    4.4126328E-05    5.1745589E-05    1.9172963E-10    1.0000031E-16    1.8422794E-05    2.4325211E-07    1.9310379E-08    2.5283262E-04    6.7070070E-04    3.2846265E-04    8.2805968E-05
    1.9550000E+01   -3.0498742E-04    1.1274322E-04    4.5402544E-05    4.4179527E-05    5.1974575E-05    1.9140859E-10    1.0000029E-16    1.8537289E-05    2.4480904E-07    1.9434246E-08    2.5417587E-04    6.7070052E-04    3.2846256E-04    8.2805946E-05
    1.9650000E+01   -3.0644882E-04    1.1321930E-04    4.5593814E-05    4.4232046E-05    5.2203109E-05    1.9176614E-10    9.9998515E-17    1.8651688E-05    2.4637190E-07    1.9558596E-08    2.5551497E-04    6.7068864E-04    3.2845674E-04    8.2804479E-05
    1.9750000E+01   -3.0763366E-04    1.1359350E-04    4.5742876E-05    4.4244654E-05    5.2384744E-05    1.9346011E-10    9.9906415E-17    1.8749367E-05    2.4772220E-07    1.9666086E-08    2.5662202E-04    6.7007092E-04    3.2815423E-04    8.2728215E-05
    1.9850000E+01   -2.9871017E-04    1.1023525E-04    4.4390485E-05    4.2804919E-05    5.0845080E-05    2.0415072E-10    9.6536170E-17    1.8230618E-05    2.4091881E-07    1.9126245E-08    2.4929726E-04    6.4746674E-04    3.1708427E-04    7.9937459E-05
    1.9950000E+01   -9.1525880E-05    3.3713720E-05    1.3594900E-05    1.2976045E-05    1.5557968E-05    6.9105426E-10    2.9159729E-17    5.6065909E-06    7.4022348E-08    5.8765152E-09    7.6510953E-05    1.9557389E-04    9.5778516E-05    2.4145920E-05
