# Time          7.0000E+00
# Units: Mol/kgw
    Distance           H+               Na+              K+               Ca++             Mg++             Al+++            Fe+++            Fe++             Li7+             Li6+             SiO2(aq)         CO2(aq)          O2(aq)           Cl-          
    5.0000000E-02   -1.0936370E-04    6.0342992E-05    1.6161423E-05    6.3794575E-05    2.7161825E-05    3.5435412E-08    1.8053682E-16    1.3096187E-07    6.7617467E-08    5.4277953E-09    3.9943930E-05    1.2108579E-03    5.9299416E-04    1.4949479E-04
    1.5000000E-01   -7.5256947E-05    4.1070346E-05    1.1140144E-05    4.2844636E-05    1.8485181E-05    4.3682144E-08    1.2105728E-16    2.2385087E-07    4.6678869E-08    3.7398951E-09    2.8630309E-05    8.1192951E-04    3.9762672E-04    1.0024234E-04
    2.5000000E-01   -9.1747406E-05    4.9903611E-05    1.3601593E-05    5.1790650E-05    2.2460293E-05    3.5528271E-08    1.4624329E-16    3.3505550E-07    5.6862141E-08    4.5527900E-09    3.5436055E-05    9.8085172E-04    4.8035309E-04    1.2109780E-04
    3.5000000E-01   -9.3792977E-05    5.0691783E-05    1.3927663E-05    5.2151872E-05    2.2813981E-05    3.2641134E-08    1.4710806E-16    4.4747460E-07    5.8168838E-08    4.6528520E-09    3.7123190E-05    9.8665168E-04    4.8319351E-04    1.2181387E-04
    4.5000000E-01   -8.6424809E-05    4.6277315E-05    1.2860096E-05    4.7013140E-05    2.0825933E-05    3.1886566E-08    1.3240820E-16    5.4858635E-07    5.3680494E-08    4.2883142E-09    3.5370652E-05    8.8805994E-04    4.3491012E-04    1.0964155E-04
    5.5000000E-01   -7.8586930E-05    4.1639683E-05    1.1720469E-05    4.1688050E-05    1.8737665E-05    3.1156701E-08    1.1719749E-16    6.3764642E-07    4.8899846E-08    3.9012325E-09    3.3347371E-05    7.8604194E-04    3.8494878E-04    9.7046214E-05
    6.5000000E-01   -7.3918812E-05    3.8790268E-05    1.1047400E-05    3.8303420E-05    1.7454538E-05    2.9850592E-08    1.0749490E-16    7.1892414E-07    4.6069130E-08    3.6713779E-09    3.2382051E-05    7.2096679E-04    3.5307949E-04    8.9011914E-05
    7.5000000E-01   -7.2168841E-05    3.7576057E-05    1.0804482E-05    3.6678855E-05    1.6907618E-05    2.8200916E-08    1.0278369E-16    7.9644797E-07    4.5035960E-08    3.5862139E-09    3.2419926E-05    6.8936877E-04    3.3760497E-04    8.5110763E-05
    8.5000000E-01   -7.2083952E-05    3.7292368E-05    1.0807036E-05    3.6052834E-05    1.6779658E-05    2.6500254E-08    1.0090327E-16    8.7255899E-07    4.5030256E-08    3.5837442E-09    3.3036232E-05    6.7675683E-04    3.3142852E-04    8.3553670E-05
    9.5000000E-01   -7.2730762E-05    3.7416649E-05    1.0917388E-05    3.5863611E-05    1.6835418E-05    2.4880886E-08    1.0026081E-16    9.4830183E-07    4.5477731E-08    3.6177917E-09    3.3908572E-05    6.7244785E-04    3.2931828E-04    8.3021675E-05
    1.0500000E+00   -7.3645482E-05    3.7689719E-05    1.1067118E-05    3.5833129E-05    1.6958220E-05    2.3376565E-08    1.0006806E-16    1.0240630E-06    4.6092836E-08    3.6654033E-09    3.4875617E-05    6.7115508E-04    3.2868517E-04    8.2862067E-05
    1.1500000E+00   -7.4646081E-05    3.8009966E-05    1.1229369E-05    3.5852494E-05    1.7102324E-05    2.1986610E-08    1.0001637E-16    1.0999659E-06    4.6763430E-08    3.7175617E-09    3.5873804E-05    6.7080838E-04    3.2851538E-04    8.2819263E-05
    1.2500000E+00   -7.5672344E-05    3.8343810E-05    1.1395261E-05    3.5885745E-05    1.7252612E-05    2.0702158E-08    1.0000381E-16    1.1760456E-06    4.7452384E-08    3.7712763E-09    3.6882056E-05    6.7072416E-04    3.2847414E-04    8.2808864E-05
    1.3500000E+00   -7.6706882E-05    3.8681569E-05    1.1562233E-05    3.5922520E-05    1.7404727E-05    1.9513635E-08    1.0000102E-16    1.2523111E-06    4.8148954E-08    3.8256763E-09    3.7894279E-05    6.7070543E-04    3.2846497E-04    8.2806552E-05
    1.4500000E+00   -7.7745209E-05    3.9020756E-05    1.1729625E-05    3.5960155E-05    1.7557549E-05    1.8412282E-08    1.0000045E-16    1.3287646E-06    4.8850348E-08    3.8805302E-09    3.8908901E-05    6.7070159E-04    3.2846308E-04    8.2806078E-05
    1.5500000E+00   -7.8786264E-05    3.9360792E-05    1.1897285E-05    3.5998032E-05    1.7710817E-05    1.7390283E-08    1.0000034E-16    1.4054069E-06    4.9555888E-08    3.9357772E-09    3.9925551E-05    6.7070086E-04    3.2846272E-04    8.2805987E-05
    1.6500000E+00   -7.9829809E-05    3.9701555E-05    1.2065180E-05    3.6036018E-05    1.7864477E-05    1.6440662E-08    1.0000032E-16    1.4822382E-06    5.0265405E-08    3.9913978E-09    4.0944145E-05    6.7070073E-04    3.2846266E-04    8.2805971E-05
    1.7500000E+00   -8.0875782E-05    4.0043020E-05    1.2233304E-05    3.6074087E-05    1.8018518E-05    1.5557170E-08    1.0000031E-16    1.5592589E-06    5.0978845E-08    4.0473824E-09    4.1964664E-05    6.7070070E-04    3.2846265E-04    8.2805969E-05
    1.8500000E+00   -8.1924162E-05    4.0385186E-05    1.2401655E-05    3.6112236E-05    1.8172938E-05    1.4734200E-08    1.0000031E-16    1.6364692E-06    5.1696176E-08    4.1037239E-09    4.2987102E-05    6.7070070E-04    3.2846265E-04    8.2805968E-05
    1.9500000E+00   -8.2974934E-05    4.0728050E-05    1.2570235E-05    3.6150462E-05    1.8327738E-05    1.3966706E-08    1.0000031E-16    1.7138692E-06    5.2417377E-08    4.1604162E-09    4.4011455E-05    6.7070070E-04    3.2846265E-04    8.2805968E-05
    2.0500000E+00   -8.4028088E-05    4.1071615E-05    1.2739042E-05    3.6188767E-05    1.8482919E-05    1.3250139E-08    1.0000031E-16    1.7914593E-06    5.3142429E-08    4.2174540E-09    4.5037720E-05    6.7070070E-04    3.2846265E-04    8.2805968E-05
    2.1500000E+00   -8.5083613E-05    4.1415880E-05    1.2908077E-05    3.6227149E-05    1.8638479E-05    1.2580391E-08    1.0000031E-16    1.8692397E-06    5.3871314E-08    4.2748325E-09    4.6065896E-05    6.7070070E-04    3.2846265E-04    8.2805968E-05
    2.2500000E+00   -8.6141501E-05    4.1760847E-05    1.3077340E-05    3.6265610E-05    1.8794421E-05    1.1953746E-08    1.0000031E-16    1.9472106E-06    5.4604018E-08    4.3325475E-09    4.7095978E-05    6.7070070E-04    3.2846265E-04    8.2805968E-05
    2.3500000E+00   -8.7201743E-05    4.2106516E-05    1.3246832E-05    3.6304149E-05    1.8950745E-05    1.1366834E-08    1.0000031E-16    2.0253723E-06    5.5340529E-08    4.3905951E-09    4.8127967E-05    6.7070070E-04    3.2846265E-04    8.2805968E-05
    2.4500000E+00   -8.8264333E-05    4.2452887E-05    1.3416552E-05    3.6342767E-05    1.9107450E-05    1.0816597E-08    1.0000031E-16    2.1037249E-06    5.6080835E-08    4.4489719E-09    4.9161860E-05    6.7070070E-04    3.2846265E-04    8.2805968E-05
    2.5500000E+00   -8.9329266E-05    4.2799962E-05    1.3586500E-05    3.6381463E-05    1.9264538E-05    1.0300255E-08    1.0000031E-16    2.1822688E-06    5.6824927E-08    4.5076749E-09    5.0197657E-05    6.7070070E-04    3.2846265E-04    8.2805968E-05
    2.6500000E+00   -9.0396536E-05    4.3147742E-05    1.3756678E-05    3.6420237E-05    1.9422008E-05    9.8152736E-09    1.0000031E-16    2.2610042E-06    5.7572798E-08    4.5667014E-09    5.1235357E-05    6.7070070E-04    3.2846265E-04    8.2805968E-05
    2.7500000E+00   -9.1466138E-05    4.3496226E-05    1.3927084E-05    3.6459090E-05    1.9579862E-05    9.3593448E-09    1.0000031E-16    2.3399312E-06    5.8324441E-08    4.6260489E-09    5.2274959E-05    6.7070070E-04    3.2846265E-04    8.2805968E-05
    2.8500000E+00   -9.2538068E-05    4.3845416E-05    1.4097719E-05    3.6498022E-05    1.9738100E-05    8.9303586E-09    1.0000031E-16    2.4190501E-06    5.9079850E-08    4.6857154E-09    5.3316463E-05    6.7070070E-04    3.2846265E-04    8.2805968E-05
    2.9500000E+00   -9.3612324E-05    4.4195313E-05    1.4268584E-05    3.6537032E-05    1.9896722E-05    8.5263858E-09    1.0000031E-16    2.4983612E-06    5.9839020E-08    4.7456988E-09    5.4359868E-05    6.7070070E-04    3.2846265E-04    8.2805968E-05
    3.0500000E+00   -9.4688902E-05    4.4545917E-05    1.4439677E-05    3.6576121E-05    2.0055730E-05    8.1456599E-09    1.0000031E-16    2.5778648E-06    6.0601948E-08    4.8059974E-09    5.5405174E-05    6.7070070E-04    3.2846265E-04    8.2805968E-05
    3.1500000E+00   -9.5767800E-05    4.4897228E-05    1.4611000E-05    3.6615290E-05    2.0215122E-05    7.7865607E-09    1.0000031E-16    2.6575609E-06    6.1368631E-08    4.8666098E-09    5.6452381E-05    6.7070070E-04    3.2846265E-04    8.2805968E-05
    3.2500000E+00   -9.6849015E-05    4.5249248E-05    1.4782552E-05    3.6654537E-05    2.0374900E-05    7.4476011E-09    1.0000031E-16    2.7374499E-06    6.2139067E-08    4.9275346E-09    5.7501490E-05    6.7070070E-04    3.2846265E-04    8.2805968E-05
    3.3500000E+00   -9.7932545E-05    4.5601978E-05    1.4954333E-05    3.6693863E-05    2.0535064E-05    7.1274140E-09    1.0000031E-16    2.8175320E-06    6.2913255E-08    4.9887707E-09    5.8552501E-05    6.7070070E-04    3.2846265E-04    8.2805968E-05
    3.4500000E+00   -9.9018391E-05    4.5955417E-05    1.5126344E-05    3.6733269E-05    2.0695615E-05    6.8247413E-09    1.0000031E-16    2.8978074E-06    6.3691194E-08    5.0503169E-09    5.9605413E-05    6.7070070E-04    3.2846265E-04    8.2805968E-05
    3.5500000E+00   -1.0010655E-04    4.6309567E-05    1.5298585E-05    3.6772753E-05    2.0856553E-05    6.5384241E-09    1.0000031E-16    2.9782764E-06    6.4472884E-08    5.1121724E-09    6.0660228E-05    6.7070070E-04    3.2846265E-04    8.2805968E-05
    3.6500000E+00   -1.0119702E-04    4.6664429E-05    1.5471055E-05    3.6812317E-05    2.1017878E-05    6.2673933E-09    1.0000031E-16    3.0589391E-06    6.5258325E-08    5.1743365E-09    6.1716946E-05    6.7070070E-04    3.2846265E-04    8.2805968E-05
    3.7500000E+00   -1.0228980E-04    4.7020002E-05    1.5643755E-05    3.6851961E-05    2.1179592E-05    6.0106620E-09    1.0000031E-16    3.1397959E-06    6.6047518E-08    5.2368083E-09    6.2775567E-05    6.7070070E-04    3.2846265E-04    8.2805968E-05
    3.8500000E+00   -1.0338490E-04    4.7376289E-05    1.5816685E-05    3.6891684E-05    2.1341694E-05    5.7673180E-09    1.0000031E-16    3.2208470E-06    6.6840465E-08    5.2995874E-09    6.3836092E-05    6.7070070E-04    3.2846265E-04    8.2805968E-05
    3.9500000E+00   -1.0448230E-04    4.7733289E-05    1.5989845E-05    3.6931486E-05    2.1504185E-05    5.5365175E-09    1.0000031E-16    3.3020925E-06    6.7637168E-08    5.3626733E-09    6.4898522E-05    6.7070070E-04    3.2846265E-04    8.2805968E-05
    4.0500000E+00   -1.0558202E-04    4.8091003E-05    1.6163234E-05    3.6971368E-05    2.1667066E-05    5.3174790E-09    1.0000031E-16    3.3835328E-06    6.8437628E-08    5.4260655E-09    6.5962857E-05    6.7070070E-04    3.2846265E-04    8.2805968E-05
    4.1500000E+00   -1.0668405E-04    4.8449433E-05    1.6336853E-05    3.7011330E-05    2.1830336E-05    5.1094781E-09    1.0000031E-16    3.4651680E-06    6.9241848E-08    5.4897637E-09    6.7029099E-05    6.7070070E-04    3.2846265E-04    8.2805968E-05
    4.2500000E+00   -1.0778839E-04    4.8808578E-05    1.6510703E-05    3.7051372E-05    2.1993997E-05    4.9118427E-09    1.0000031E-16    3.5469984E-06    7.0049831E-08    5.5537677E-09    6.8097247E-05    6.7070070E-04    3.2846265E-04    8.2805968E-05
    4.3500000E+00   -1.0889504E-04    4.9168439E-05    1.6684782E-05    3.7091493E-05    2.2158049E-05    4.7239488E-09    1.0000031E-16    3.6290243E-06    7.0861580E-08    5.6180773E-09    6.9167304E-05    6.7070070E-04    3.2846265E-04    8.2805968E-05
    4.4500000E+00   -1.1000400E-04    4.9529018E-05    1.6859091E-05    3.7131695E-05    2.2322492E-05    4.5452163E-09    1.0000031E-16    3.7112458E-06    7.1677099E-08    5.6826924E-09    7.0239269E-05    6.7070070E-04    3.2846265E-04    8.2805968E-05
    4.5500000E+00   -1.1111528E-04    4.9890314E-05    1.7033630E-05    3.7171976E-05    2.2487326E-05    4.3751056E-09    1.0000031E-16    3.7936632E-06    7.2496391E-08    5.7476128E-09    7.1313143E-05    6.7070070E-04    3.2846265E-04    8.2805968E-05
    4.6500000E+00   -1.1222887E-04    5.0252329E-05    1.7208398E-05    3.7212338E-05    2.2652553E-05    4.2131145E-09    1.0000031E-16    3.8762767E-06    7.3319461E-08    5.8128385E-09    7.2388929E-05    6.7070070E-04    3.2846265E-04    8.2805968E-05
    4.7500000E+00   -1.1334477E-04    5.0615064E-05    1.7383397E-05    3.7252779E-05    2.2818173E-05    4.0587750E-09    1.0000031E-16    3.9590865E-06    7.4146312E-08    5.8783696E-09    7.3466625E-05    6.7070070E-04    3.2846265E-04    8.2805968E-05
    4.8500000E+00   -1.1446299E-04    5.0978518E-05    1.7558625E-05    3.7293301E-05    2.2984186E-05    3.9116505E-09    1.0000031E-16    4.0420930E-06    7.4976950E-08    5.9442061E-09    7.4546234E-05    6.7070070E-04    3.2846265E-04    8.2805968E-05
    4.9500000E+00   -1.1558353E-04    5.1342693E-05    1.7734084E-05    3.7333904E-05    2.3150593E-05    3.7713339E-09    1.0000031E-16    4.1252963E-06    7.5811378E-08    6.0103481E-09    7.5627756E-05    6.7070070E-04    3.2846265E-04    8.2805968E-05
    5.0500000E+00   -1.1670638E-04    5.1707589E-05    1.7909771E-05    3.7374587E-05    2.3317393E-05    3.6374449E-09    1.0000031E-16    4.2086967E-06    7.6649603E-08    6.0767958E-09    7.6711192E-05    6.7070070E-04    3.2846265E-04    8.2805968E-05
    5.1500000E+00   -1.1783156E-04    5.2073208E-05    1.8085689E-05    3.7415350E-05    2.3484589E-05    3.5096279E-09    1.0000031E-16    4.2922943E-06    7.7491628E-08    6.1435493E-09    7.7796544E-05    6.7070070E-04    3.2846265E-04    8.2805968E-05
    5.2500000E+00   -1.1895905E-04    5.2439549E-05    1.8261836E-05    3.7456194E-05    2.3652179E-05    3.3875505E-09    1.0000031E-16    4.3760895E-06    7.8337460E-08    6.2106089E-09    7.8883811E-05    6.7070070E-04    3.2846265E-04    8.2805968E-05
    5.3500000E+00   -1.2008887E-04    5.2806614E-05    1.8438213E-05    3.7497118E-05    2.3820165E-05    3.2709017E-09    1.0000031E-16    4.4600824E-06    7.9187103E-08    6.2779747E-09    7.9972996E-05    6.7070070E-04    3.2846265E-04    8.2805968E-05
    5.4500000E+00   -1.2122101E-04    5.3174403E-05    1.8614819E-05    3.7538124E-05    2.3988547E-05    3.1593901E-09    1.0000031E-16    4.5442733E-06    8.0040564E-08    6.3456471E-09    8.1064099E-05    6.7070070E-04    3.2846265E-04    8.2805968E-05
    5.5500000E+00   -1.2235547E-04    5.3542918E-05    1.8791654E-05    3.7579210E-05    2.4157325E-05    3.0527425E-09    1.0000031E-16    4.6286625E-06    8.0897849E-08    6.4136263E-09    8.2157120E-05    6.7070070E-04    3.2846265E-04    8.2805968E-05
    5.6500000E+00   -1.2349226E-04    5.3912158E-05    1.8968719E-05    3.7620377E-05    2.4326500E-05    2.9507030E-09    1.0000031E-16    4.7132501E-06    8.1758962E-08    6.4819128E-09    8.3252062E-05    6.7070070E-04    3.2846265E-04    8.2805968E-05
    5.7500000E+00   -1.2463137E-04    5.4282124E-05    1.9146013E-05    3.7661625E-05    2.4496073E-05    2.8530312E-09    1.0000031E-16    4.7980363E-06    8.2623912E-08    6.5505067E-09    8.4348924E-05    6.7070070E-04    3.2846265E-04    8.2805968E-05
    5.8500000E+00   -1.2577281E-04    5.4652818E-05    1.9323535E-05    3.7702954E-05    2.4666043E-05    2.7595016E-09    1.0000031E-16    4.8830216E-06    8.3492703E-08    6.6194085E-09    8.5447709E-05    6.7070070E-04    3.2846265E-04    8.2805968E-05
    5.9500000E+00   -1.2691659E-04    5.5024239E-05    1.9501287E-05    3.7744365E-05    2.4836412E-05    2.6699020E-09    1.0000031E-16    4.9682059E-06    8.4365342E-08    6.6886185E-09    8.6548416E-05    6.7070070E-04    3.2846265E-04    8.2805968E-05
    6.0500000E+00   -1.2806269E-04    5.5396389E-05    1.9679267E-05    3.7785856E-05    2.5007179E-05    2.5840333E-09    1.0000031E-16    5.0535897E-06    8.5241837E-08    6.7581373E-09    8.7651046E-05    6.7070070E-04    3.2846265E-04    8.2805968E-05
    6.1500000E+00   -1.2921113E-04    5.5769268E-05    1.9857475E-05    3.7827429E-05    2.5178346E-05    2.5017080E-09    1.0000031E-16    5.1391731E-06    8.6122193E-08    6.8279652E-09    8.8755601E-05    6.7070070E-04    3.2846265E-04    8.2805968E-05
    6.2500000E+00   -1.3036190E-04    5.6142877E-05    2.0035912E-05    3.7869083E-05    2.5349913E-05    2.4227496E-09    1.0000031E-16    5.2249563E-06    8.7006418E-08    6.8981026E-09    8.9862082E-05    6.7070070E-04    3.2846265E-04    8.2805968E-05
    6.3500000E+00   -1.3151501E-04    5.6517217E-05    2.0214576E-05    3.7910819E-05    2.5521879E-05    2.3469921E-09    1.0000031E-16    5.3109397E-06    8.7894519E-08    6.9685501E-09    9.0970489E-05    6.7070070E-04    3.2846265E-04    8.2805968E-05
    6.4500000E+00   -1.3267045E-04    5.6892289E-05    2.0393469E-05    3.7952636E-05    2.5694247E-05    2.2742787E-09    1.0000031E-16    5.3971233E-06    8.8786502E-08    7.0393080E-09    9.2080822E-05    6.7070070E-04    3.2846265E-04    8.2805968E-05
    6.5500000E+00   -1.3382823E-04    5.7268092E-05    2.0572589E-05    3.7994535E-05    2.5867015E-05    2.2044620E-09    1.0000031E-16    5.4835075E-06    8.9682376E-08    7.1103770E-09    9.3193084E-05    6.7070070E-04    3.2846265E-04    8.2805968E-05
    6.6500000E+00   -1.3498836E-04    5.7644628E-05    2.0751936E-05    3.8036515E-05    2.6040185E-05    2.1374027E-09    1.0000031E-16    5.5700925E-06    9.0582147E-08    7.1817576E-09    9.4307275E-05    6.7070070E-04    3.2846265E-04    8.2805968E-05
    6.7500000E+00   -1.3615083E-04    5.8021898E-05    2.0931510E-05    3.8078578E-05    2.6213757E-05    2.0729693E-09    1.0000031E-16    5.6568786E-06    9.1485824E-08    7.2534502E-09    9.5423395E-05    6.7070070E-04    3.2846265E-04    8.2805968E-05
    6.8500000E+00   -1.3731564E-04    5.8399902E-05    2.1111312E-05    3.8120722E-05    2.6387732E-05    2.0110380E-09    1.0000031E-16    5.7438659E-06    9.2393413E-08    7.3254555E-09    9.6541445E-05    6.7070070E-04    3.2846265E-04    8.2805968E-05
    6.9500000E+00   -1.3848279E-04    5.8778642E-05    2.1291340E-05    3.8162948E-05    2.6562109E-05    1.9514913E-09    1.0000031E-16    5.8310546E-06    9.3304924E-08    7.3977739E-09    9.7661426E-05    6.7070070E-04    3.2846265E-04    8.2805968E-05
    7.0500000E+00   -1.3965230E-04    5.9158117E-05    2.1471594E-05    3.8205256E-05    2.6736890E-05    1.8942185E-09    1.0000031E-16    5.9184451E-06    9.4220363E-08    7.4704061E-09    9.8783339E-05    6.7070070E-04    3.2846265E-04    8.2805968E-05
    7.1500000E+00   -1.4082415E-04    5.9538328E-05    2.1652074E-05    3.8247647E-05    2.6912075E-05    1.8391150E-09    1.0000031E-16    6.0060376E-06    9.5139739E-08    7.5433527E-09    9.9907185E-05    6.7070070E-04    3.2846265E-04    8.2805968E-05
    7.2500000E+00   -1.4199836E-04    5.9919276E-05    2.1832779E-05    3.8290119E-05    2.7087664E-05    1.7860814E-09    1.0000031E-16    6.0938322E-06    9.6063061E-08    7.6166143E-09    1.0103296E-04    6.7070070E-04    3.2846265E-04    8.2805968E-05
    7.3500000E+00   -1.4317491E-04    6.0300962E-05    2.2013710E-05    3.8332674E-05    2.7263659E-05    1.7350241E-09    1.0000031E-16    6.1818293E-06    9.6990336E-08    7.6901914E-09    1.0216068E-04    6.7070070E-04    3.2846265E-04    8.2805968E-05
    7.4500000E+00   -1.4435382E-04    6.0683387E-05    2.2194865E-05    3.8375311E-05    2.7440058E-05    1.6858542E-09    1.0000031E-16    6.2700290E-06    9.7921573E-08    7.7640849E-09    1.0329032E-04    6.7070070E-04    3.2846265E-04    8.2805968E-05
    7.5500000E+00   -1.4553509E-04    6.1066551E-05    2.2376245E-05    3.8418031E-05    2.7616863E-05    1.6384874E-09    1.0000031E-16    6.3584317E-06    9.8856780E-08    7.8382952E-09    1.0442190E-04    6.7070070E-04    3.2846265E-04    8.2805968E-05
    7.6500000E+00   -1.4671871E-04    6.1450456E-05    2.2557849E-05    3.8460833E-05    2.7794075E-05    1.5928441E-09    1.0000031E-16    6.4470374E-06    9.9795968E-08    7.9128230E-09    1.0555542E-04    6.7070070E-04    3.2846265E-04    8.2805968E-05
    7.7500000E+00   -1.4790470E-04    6.1835100E-05    2.2739677E-05    3.8503717E-05    2.7971693E-05    1.5488486E-09    1.0000031E-16    6.5358465E-06    1.0073914E-07    7.9876691E-09    1.0669087E-04    6.7070070E-04    3.2846265E-04    8.2805968E-05
    7.8500000E+00   -1.4909304E-04    6.2220487E-05    2.2921728E-05    3.8546684E-05    2.8149718E-05    1.5064291E-09    1.0000031E-16    6.6248592E-06    1.0168632E-07    8.0628341E-09    1.0782826E-04    6.7070070E-04    3.2846265E-04    8.2805968E-05
    7.9500000E+00   -1.5028374E-04    6.2606615E-05    2.3104001E-05    3.8589734E-05    2.8328151E-05    1.4655175E-09    1.0000031E-16    6.7140757E-06    1.0263750E-07    8.1383188E-09    1.0896759E-04    6.7070070E-04    3.2846265E-04    8.2805968E-05
    8.0500000E+00   -1.5147681E-04    6.2993486E-05    2.3286497E-05    3.8632867E-05    2.8506993E-05    1.4260491E-09    1.0000031E-16    6.8034963E-06    1.0359269E-07    8.2141238E-09    1.1010885E-04    6.7070070E-04    3.2846265E-04    8.2805968E-05
    8.1500000E+00   -1.5267225E-04    6.3381101E-05    2.3469215E-05    3.8676083E-05    2.8686242E-05    1.3879626E-09    1.0000031E-16    6.8931211E-06    1.0455191E-07    8.2902498E-09    1.1125205E-04    6.7070070E-04    3.2846265E-04    8.2805968E-05
    8.2500000E+00   -1.5387005E-04    6.3769460E-05    2.3652153E-05    3.8719382E-05    2.8865901E-05    1.3511995E-09    1.0000031E-16    6.9829505E-06    1.0551517E-07    8.3666977E-09    1.1239719E-04    6.7070070E-04    3.2846265E-04    8.2805968E-05
    8.3500000E+00   -1.5507022E-04    6.4158564E-05    2.3835313E-05    3.8762763E-05    2.9045969E-05    1.3157044E-09    1.0000031E-16    7.0729846E-06    1.0648247E-07    8.4434682E-09    1.1354427E-04    6.7070070E-04    3.2846265E-04    8.2805968E-05
    8.4500000E+00   -1.5627276E-04    6.4548414E-05    2.4018692E-05    3.8806228E-05    2.9226448E-05    1.2814245E-09    1.0000031E-16    7.1632238E-06    1.0745383E-07    8.5205620E-09    1.1469329E-04    6.7070070E-04    3.2846265E-04    8.2805968E-05
    8.5500000E+00   -1.5747767E-04    6.4939010E-05    2.4202292E-05    3.8849776E-05    2.9407336E-05    1.2483096E-09    1.0000031E-16    7.2536681E-06    1.0842925E-07    8.5979799E-09    1.1584424E-04    6.7070070E-04    3.2846265E-04    8.2805968E-05
    8.6500000E+00   -1.5868495E-04    6.5330353E-05    2.4386110E-05    3.8893408E-05    2.9588636E-05    1.2163121E-09    1.0000031E-16    7.3443179E-06    1.0940874E-07    8.6757228E-09    1.1699714E-04    6.7070070E-04    3.2846265E-04    8.2805968E-05
    8.7500000E+00   -1.5989461E-04    6.5722445E-05    2.4570146E-05    3.8937123E-05    2.9770347E-05    1.1853863E-09    1.0000031E-16    7.4351734E-06    1.1039232E-07    8.7537914E-09    1.1815197E-04    6.7070070E-04    3.2846265E-04    8.2805968E-05
    8.8500000E+00   -1.6110665E-04    6.6115284E-05    2.4754400E-05    3.8980921E-05    2.9952470E-05    1.1554891E-09    1.0000031E-16    7.5262348E-06    1.1138000E-07    8.8321866E-09    1.1930874E-04    6.7070070E-04    3.2846265E-04    8.2805968E-05
    8.9500000E+00   -1.6232106E-04    6.6508873E-05    2.4938871E-05    3.9024803E-05    3.0135005E-05    1.1265791E-09    1.0000031E-16    7.6175024E-06    1.1237178E-07    8.9109091E-09    1.2046746E-04    6.7070070E-04    3.2846265E-04    8.2805968E-05
    9.0500000E+00   -1.6353785E-04    6.6903212E-05    2.5123558E-05    3.9068768E-05    3.0317953E-05    1.0986170E-09    1.0000031E-16    7.7089764E-06    1.1336768E-07    8.9899599E-09    1.2162811E-04    6.7070070E-04    3.2846265E-04    8.2805968E-05
    9.1500000E+00   -1.6475702E-04    6.7298302E-05    2.5308461E-05    3.9112817E-05    3.0501314E-05    1.0715654E-09    1.0000031E-16    7.8006569E-06    1.1436771E-07    9.0693398E-09    1.2279070E-04    6.7070070E-04    3.2846265E-04    8.2805968E-05
    9.2500000E+00   -1.6597858E-04    6.7694143E-05    2.5493579E-05    3.9156950E-05    3.0685089E-05    1.0453885E-09    1.0000031E-16    7.8925444E-06    1.1537187E-07    9.1490498E-09    1.2395523E-04    6.7070070E-04    3.2846265E-04    8.2805968E-05
    9.3500000E+00   -1.6720252E-04    6.8090736E-05    2.5678911E-05    3.9201167E-05    3.0869278E-05    1.0200521E-09    1.0000031E-16    7.9846389E-06    1.1638019E-07    9.2290906E-09    1.2512169E-04    6.7070070E-04    3.2846265E-04    8.2805968E-05
    9.4500000E+00   -1.6842884E-04    6.8488083E-05    2.5864456E-05    3.9245468E-05    3.1053882E-05    9.9552384E-10    1.0000031E-16    8.0769408E-06    1.1739267E-07    9.3094631E-09    1.2629010E-04    6.7070070E-04    3.2846265E-04    8.2805968E-05
    9.5500000E+00   -1.6965755E-04    6.8886182E-05    2.6050213E-05    3.9289852E-05    3.1238900E-05    9.7177251E-10    1.0000031E-16    8.1694502E-06    1.1840933E-07    9.3901685E-09    1.2746045E-04    6.7070070E-04    3.2846265E-04    8.2805968E-05
    9.6500000E+00   -1.7088864E-04    6.9285036E-05    2.6236183E-05    3.9334321E-05    3.1424335E-05    9.4876849E-10    1.0000031E-16    8.2621674E-06    1.1943016E-07    9.4712074E-09    1.2863273E-04    6.7070070E-04    3.2846265E-04    8.2805968E-05
    9.7500000E+00   -1.7212213E-04    6.9684645E-05    2.6422362E-05    3.9378874E-05    3.1610185E-05    9.2648341E-10    1.0000031E-16    8.3550926E-06    1.2045520E-07    9.5525810E-09    1.2980695E-04    6.7070070E-04    3.2846265E-04    8.2805968E-05
    9.8500000E+00   -1.7335801E-04    7.0085010E-05    2.6608752E-05    3.9423511E-05    3.1796452E-05    9.0489019E-10    1.0000031E-16    8.4482261E-06    1.2148445E-07    9.6342901E-09    1.3098311E-04    6.7070070E-04    3.2846265E-04    8.2805968E-05
    9.9500000E+00   -1.7459627E-04    7.0486131E-05    2.6795350E-05    3.9468233E-05    3.1983136E-05    8.8396294E-10    1.0000031E-16    8.5415680E-06    1.2251791E-07    9.7163358E-09    1.3216121E-04    6.7070070E-04    3.2846265E-04    8.2805968E-05
    1.0050000E+01   -1.7583693E-04    7.0888009E-05    2.6982157E-05    3.9513039E-05    3.2170237E-05    8.6367691E-10    1.0000031E-16    8.6351187E-06    1.2355562E-07    9.7987191E-09    1.3334124E-04    6.7070070E-04    3.2846265E-04    8.2805968E-05
    1.0150000E+01   -1.7707999E-04    7.1290645E-05    2.7169170E-05    3.9557929E-05    3.2357757E-05    8.4400842E-10    1.0000031E-16    8.7288784E-06    1.2459757E-07    9.8814409E-09    1.3452321E-04    6.7070070E-04    3.2846265E-04    8.2805968E-05
    1.0250000E+01   -1.7832544E-04    7.1694040E-05    2.7356389E-05    3.9602904E-05    3.2545694E-05    8.2493482E-10    1.0000031E-16    8.8228472E-06    1.2564378E-07    9.9645023E-09    1.3570712E-04    6.7070070E-04    3.2846265E-04    8.2805968E-05
    1.0350000E+01   -1.7957328E-04    7.2098194E-05    2.7543813E-05    3.9647964E-05    3.2734051E-05    8.0643442E-10    1.0000031E-16    8.9170254E-06    1.2669426E-07    1.0047904E-08    1.3689296E-04    6.7070070E-04    3.2846265E-04    8.2805968E-05
    1.0450000E+01   -1.8082352E-04    7.2503107E-05    2.7731441E-05    3.9693108E-05    3.2922827E-05    7.8848648E-10    1.0000031E-16    9.0114133E-06    1.2774903E-07    1.0131648E-08    1.3808073E-04    6.7070070E-04    3.2846265E-04    8.2805968E-05
    1.0550000E+01   -1.8207616E-04    7.2908782E-05    2.7919271E-05    3.9738338E-05    3.3112022E-05    7.7107112E-10    1.0000031E-16    9.1060111E-06    1.2880810E-07    1.0215735E-08    1.3927044E-04    6.7070070E-04    3.2846265E-04    8.2805968E-05
    1.0650000E+01   -1.8333120E-04    7.3315218E-05    2.8107303E-05    3.9783652E-05    3.3301638E-05    7.5416932E-10    1.0000031E-16    9.2008191E-06    1.2987149E-07    1.0300165E-08    1.4046207E-04    6.7070070E-04    3.2846265E-04    8.2805968E-05
    1.0750000E+01   -1.8458865E-04    7.3722416E-05    2.8295535E-05    3.9829051E-05    3.3491675E-05    7.3776283E-10    1.0000031E-16    9.2958373E-06    1.3093920E-07    1.0384941E-08    1.4165564E-04    6.7070070E-04    3.2846265E-04    8.2805968E-05
    1.0850000E+01   -1.8584849E-04    7.4130377E-05    2.8483966E-05    3.9874535E-05    3.3682132E-05    7.2183418E-10    1.0000031E-16    9.3910662E-06    1.3201125E-07    1.0470062E-08    1.4285114E-04    6.7070070E-04    3.2846265E-04    8.2805968E-05
    1.0950000E+01   -1.8711073E-04    7.4539102E-05    2.8672595E-05    3.9920104E-05    3.3873012E-05    7.0636662E-10    1.0000031E-16    9.4865059E-06    1.3308766E-07    1.0555531E-08    1.4404857E-04    6.7070070E-04    3.2846265E-04    8.2805968E-05
    1.1050000E+01   -1.8837538E-04    7.4948591E-05    2.8861420E-05    3.9965759E-05    3.4064313E-05    6.9134408E-10    1.0000031E-16    9.5821566E-06    1.3416844E-07    1.0641349E-08    1.4524793E-04    6.7070070E-04    3.2846265E-04    8.2805968E-05
    1.1150000E+01   -1.8964244E-04    7.5358844E-05    2.9050440E-05    4.0011499E-05    3.4256037E-05    6.7675117E-10    1.0000031E-16    9.6780186E-06    1.3525361E-07    1.0727516E-08    1.4644921E-04    6.7070070E-04    3.2846265E-04    8.2805968E-05
    1.1250000E+01   -1.9091190E-04    7.5769864E-05    2.9239655E-05    4.0057324E-05    3.4448184E-05    6.6257311E-10    1.0000031E-16    9.7740922E-06    1.3634318E-07    1.0814033E-08    1.4765242E-04    6.7070070E-04    3.2846265E-04    8.2805968E-05
    1.1350000E+01   -1.9218376E-04    7.6181650E-05    2.9429061E-05    4.0103234E-05    3.4640755E-05    6.4879570E-10    1.0000031E-16    9.8703775E-06    1.3743717E-07    1.0900903E-08    1.4885755E-04    6.7070070E-04    3.2846265E-04    8.2805968E-05
    1.1450000E+01   -1.9345803E-04    7.6594203E-05    2.9618659E-05    4.0149230E-05    3.4833750E-05    6.3540535E-10    1.0000031E-16    9.9668748E-06    1.3853559E-07    1.0988127E-08    1.5006461E-04    6.7070070E-04    3.2846265E-04    8.2805968E-05
    1.1550000E+01   -1.9473471E-04    7.7007524E-05    2.9808446E-05    4.0195312E-05    3.5027169E-05    6.2238897E-10    1.0000031E-16    1.0063584E-05    1.3963845E-07    1.1075705E-08    1.5127358E-04    6.7070070E-04    3.2846265E-04    8.2805968E-05
    1.1650000E+01   -1.9601380E-04    7.7421613E-05    2.9998420E-05    4.0241480E-05    3.5221013E-05    6.0973403E-10    1.0000031E-16    1.0160506E-05    1.4074578E-07    1.1163639E-08    1.5248448E-04    6.7070070E-04    3.2846265E-04    8.2805968E-05
    1.1750000E+01   -1.9729530E-04    7.7836472E-05    3.0188581E-05    4.0287733E-05    3.5415282E-05    5.9742847E-10    1.0000031E-16    1.0257641E-05    1.4185759E-07    1.1251930E-08    1.5369729E-04    6.7070070E-04    3.2846265E-04    8.2805968E-05
    1.1850000E+01   -1.9857921E-04    7.8252101E-05    3.0378927E-05    4.0334072E-05    3.5609977E-05    5.8546071E-10    1.0000031E-16    1.0354988E-05    1.4297390E-07    1.1340579E-08    1.5491202E-04    6.7070070E-04    3.2846265E-04    8.2805968E-05
    1.1950000E+01   -1.9986552E-04    7.8668500E-05    3.0569456E-05    4.0380497E-05    3.5805098E-05    5.7381962E-10    1.0000031E-16    1.0452549E-05    1.4409472E-07    1.1429589E-08    1.5612866E-04    6.7070070E-04    3.2846265E-04    8.2805968E-05
    1.2050000E+01   -2.0115425E-04    7.9085671E-05    3.0760166E-05    4.0427008E-05    3.6000647E-05    5.6249451E-10    1.0000031E-16    1.0550323E-05    1.4522007E-07    1.1518960E-08    1.5734721E-04    6.7070070E-04    3.2846265E-04    8.2805968E-05
    1.2150000E+01   -2.0244539E-04    7.9503614E-05    3.0951056E-05    4.0473605E-05    3.6196622E-05    5.5147508E-10    1.0000031E-16    1.0648311E-05    1.4634997E-07    1.1608694E-08    1.5856768E-04    6.7070070E-04    3.2846265E-04    8.2805968E-05
    1.2250000E+01   -2.0373894E-04    7.9922330E-05    3.1142123E-05    4.0520288E-05    3.6393025E-05    5.4075146E-10    1.0000031E-16    1.0746513E-05    1.4748444E-07    1.1698791E-08    1.5979005E-04    6.7070070E-04    3.2846265E-04    8.2805968E-05
    1.2350000E+01   -2.0503491E-04    8.0341819E-05    3.1333366E-05    4.0567058E-05    3.6589857E-05    5.3031413E-10    1.0000031E-16    1.0844928E-05    1.4862349E-07    1.1789255E-08    1.6101432E-04    6.7070070E-04    3.2846265E-04    8.2805968E-05
    1.2450000E+01   -2.0633328E-04    8.0762083E-05    3.1524784E-05    4.0613913E-05    3.6787117E-05    5.2015395E-10    1.0000031E-16    1.0943558E-05    1.4976715E-07    1.1880085E-08    1.6224050E-04    6.7070070E-04    3.2846265E-04    8.2805968E-05
    1.2550000E+01   -2.0763407E-04    8.1183121E-05    3.1716373E-05    4.0660856E-05    3.6984806E-05    5.1026210E-10    1.0000031E-16    1.1042403E-05    1.5091542E-07    1.1971284E-08    1.6346858E-04    6.7070070E-04    3.2846265E-04    8.2805968E-05
    1.2650000E+01   -2.0893728E-04    8.1604936E-05    3.1908133E-05    4.0707884E-05    3.7182924E-05    5.0063011E-10    1.0000031E-16    1.1141462E-05    1.5206834E-07    1.2062853E-08    1.6469856E-04    6.7070070E-04    3.2846265E-04    8.2805968E-05
    1.2750000E+01   -2.1024289E-04    8.2027526E-05    3.2100060E-05    4.0754999E-05    3.7381473E-05    4.9124984E-10    1.0000031E-16    1.1240737E-05    1.5322592E-07    1.2154793E-08    1.6593043E-04    6.7070070E-04    3.2846265E-04    8.2805968E-05
    1.2850000E+01   -2.1155092E-04    8.2450894E-05    3.2292154E-05    4.0802201E-05    3.7580452E-05    4.8211342E-10    1.0000031E-16    1.1340226E-05    1.5438817E-07    1.2247107E-08    1.6716420E-04    6.7070070E-04    3.2846265E-04    8.2805968E-05
    1.2950000E+01   -2.1286137E-04    8.2875040E-05    3.2484411E-05    4.0849490E-05    3.7779863E-05    4.7321330E-10    1.0000031E-16    1.1439931E-05    1.5555513E-07    1.2339796E-08    1.6839985E-04    6.7070070E-04    3.2846265E-04    8.2805968E-05
    1.3050000E+01   -2.1417422E-04    8.3299964E-05    3.2676830E-05    4.0896865E-05    3.7979704E-05    4.6454219E-10    1.0000031E-16    1.1539852E-05    1.5672680E-07    1.2432861E-08    1.6963740E-04    6.7070070E-04    3.2846265E-04    8.2805968E-05
    1.3150000E+01   -2.1548949E-04    8.3725668E-05    3.2869408E-05    4.0944328E-05    3.8179978E-05    4.5609308E-10    1.0000031E-16    1.1639989E-05    1.5790322E-07    1.2526304E-08    1.7087682E-04    6.7070070E-04    3.2846265E-04    8.2805968E-05
    1.3250000E+01   -2.1680718E-04    8.4152151E-05    3.3062143E-05    4.0991877E-05    3.8380684E-05    4.4785919E-10    1.0000031E-16    1.1740342E-05    1.5908440E-07    1.2620127E-08    1.7211813E-04    6.7070070E-04    3.2846265E-04    8.2805968E-05
    1.3350000E+01   -2.1812728E-04    8.4579416E-05    3.3255033E-05    4.1039513E-05    3.8581823E-05    4.3983403E-10    1.0000031E-16    1.1840911E-05    1.6027035E-07    1.2714331E-08    1.7336131E-04    6.7070070E-04    3.2846265E-04    8.2805968E-05
    1.3450000E+01   -2.1944979E-04    8.5007461E-05    3.3448075E-05    4.1087237E-05    3.8783395E-05    4.3201132E-10    1.0000031E-16    1.1941697E-05    1.6146112E-07    1.2808919E-08    1.7460636E-04    6.7070070E-04    3.2846265E-04    8.2805968E-05
    1.3550000E+01   -2.2077472E-04    8.5436289E-05    3.3641266E-05    4.1135047E-05    3.8985401E-05    4.2438499E-10    1.0000031E-16    1.2042700E-05    1.6265671E-07    1.2903892E-08    1.7585329E-04    6.7070070E-04    3.2846265E-04    8.2805968E-05
    1.3650000E+01   -2.2210206E-04    8.5865900E-05    3.3834605E-05    4.1182945E-05    3.9187841E-05    4.1694921E-10    1.0000031E-16    1.2143920E-05    1.6385715E-07    1.2999252E-08    1.7710208E-04    6.7070070E-04    3.2846265E-04    8.2805968E-05
    1.3750000E+01   -2.2343181E-04    8.6296294E-05    3.4028088E-05    4.1230930E-05    3.9390715E-05    4.0969837E-10    1.0000031E-16    1.2245358E-05    1.6506246E-07    1.3095000E-08    1.7835274E-04    6.7070070E-04    3.2846265E-04    8.2805968E-05
    1.3850000E+01   -2.2476397E-04    8.6727472E-05    3.4221713E-05    4.1279003E-05    3.9594025E-05    4.0262702E-10    1.0000031E-16    1.2347013E-05    1.6627267E-07    1.3191139E-08    1.7960525E-04    6.7070070E-04    3.2846265E-04    8.2805968E-05
    1.3950000E+01   -2.2609855E-04    8.7159436E-05    3.4415476E-05    4.1327163E-05    3.9797771E-05    3.9572994E-10    1.0000031E-16    1.2448886E-05    1.6748779E-07    1.3287671E-08    1.8085962E-04    6.7070070E-04    3.2846265E-04    8.2805968E-05
    1.4050000E+01   -2.2743553E-04    8.7592185E-05    3.4609376E-05    4.1375411E-05    4.0001953E-05    3.8900207E-10    1.0000031E-16    1.2550976E-05    1.6870786E-07    1.3384597E-08    1.8211583E-04    6.7070070E-04    3.2846265E-04    8.2805968E-05
    1.4150000E+01   -2.2877493E-04    8.8025720E-05    3.4803409E-05    4.1423747E-05    4.0206571E-05    3.8243856E-10    1.0000031E-16    1.2653286E-05    1.6993290E-07    1.3481919E-08    1.8337390E-04    6.7070070E-04    3.2846265E-04    8.2805968E-05
    1.4250000E+01   -2.3011674E-04    8.8460043E-05    3.4997572E-05    4.1472170E-05    4.0411626E-05    3.7603469E-10    1.0000031E-16    1.2755813E-05    1.7116293E-07    1.3579640E-08    1.8463380E-04    6.7070070E-04    3.2846265E-04    8.2805968E-05
    1.4350000E+01   -2.3146095E-04    8.8895153E-05    3.5191863E-05    4.1520681E-05    4.0617119E-05    3.6978593E-10    1.0000031E-16    1.2858560E-05    1.7239798E-07    1.3677761E-08    1.8589554E-04    6.7070070E-04    3.2846265E-04    8.2805968E-05
    1.4450000E+01   -2.3280758E-04    8.9331052E-05    3.5386277E-05    4.1569280E-05    4.0823050E-05    3.6368792E-10    1.0000031E-16    1.2961525E-05    1.7363807E-07    1.3776285E-08    1.8715911E-04    6.7070070E-04    3.2846265E-04    8.2805968E-05
    1.4550000E+01   -2.3415661E-04    8.9767741E-05    3.5580812E-05    4.1617967E-05    4.1029419E-05    3.5773641E-10    1.0000031E-16    1.3064710E-05    1.7488324E-07    1.3875214E-08    1.8842451E-04    6.7070070E-04    3.2846265E-04    8.2805968E-05
    1.4650000E+01   -2.3550805E-04    9.0205219E-05    3.5775465E-05    4.1666742E-05    4.1236228E-05    3.5192734E-10    1.0000031E-16    1.3168114E-05    1.7613350E-07    1.3974549E-08    1.8969173E-04    6.7070070E-04    3.2846265E-04    8.2805968E-05
    1.4750000E+01   -2.3686189E-04    9.0643488E-05    3.5970232E-05    4.1715605E-05    4.1443475E-05    3.4625678E-10    1.0000031E-16    1.3271738E-05    1.7738889E-07    1.4074294E-08    1.9096077E-04    6.7070070E-04    3.2846265E-04    8.2805968E-05
    1.4850000E+01   -2.3821814E-04    9.1082548E-05    3.6165110E-05    4.1764557E-05    4.1651162E-05    3.4072093E-10    1.0000031E-16    1.3375581E-05    1.7864943E-07    1.4174450E-08    1.9223161E-04    6.7070070E-04    3.2846265E-04    8.2805968E-05
    1.4950000E+01   -2.3957679E-04    9.1522401E-05    3.6360095E-05    4.1813596E-05    4.1859290E-05    3.3531613E-10    1.0000031E-16    1.3479645E-05    1.7991515E-07    1.4275020E-08    1.9350426E-04    6.7070070E-04    3.2846265E-04    8.2805968E-05
    1.5050000E+01   -2.4093784E-04    9.1963046E-05    3.6555183E-05    4.1862725E-05    4.2067859E-05    3.3003884E-10    1.0000031E-16    1.3583929E-05    1.8118609E-07    1.4376005E-08    1.9477872E-04    6.7070070E-04    3.2846265E-04    8.2805968E-05
    1.5150000E+01   -2.4230129E-04    9.2404485E-05    3.6750372E-05    4.1911941E-05    4.2276868E-05    3.2488565E-10    1.0000031E-16    1.3688434E-05    1.8246226E-07    1.4477410E-08    1.9605496E-04    6.7070070E-04    3.2846265E-04    8.2805968E-05
    1.5250000E+01   -2.4366714E-04    9.2846718E-05    3.6945656E-05    4.1961246E-05    4.2486320E-05    3.1985326E-10    1.0000031E-16    1.3793160E-05    1.8374371E-07    1.4579234E-08    1.9733299E-04    6.7070070E-04    3.2846265E-04    8.2805968E-05
    1.5350000E+01   -2.4503539E-04    9.3289746E-05    3.7141033E-05    4.2010640E-05    4.2696213E-05    3.1493852E-10    1.0000031E-16    1.3898107E-05    1.8503045E-07    1.4681483E-08    1.9861281E-04    6.7070070E-04    3.2846265E-04    8.2805968E-05
    1.5450000E+01   -2.4640603E-04    9.3733570E-05    3.7336497E-05    4.2060123E-05    4.2906550E-05    3.1013834E-10    1.0000031E-16    1.4003275E-05    1.8632253E-07    1.4784157E-08    1.9989439E-04    6.7070070E-04    3.2846265E-04    8.2805968E-05
    1.5550000E+01   -2.4777907E-04    9.4178190E-05    3.7532046E-05    4.2109694E-05    4.3117329E-05    3.0544979E-10    1.0000031E-16    1.4108664E-05    1.8761998E-07    1.4887259E-08    2.0117775E-04    6.7070070E-04    3.2846265E-04    8.2805968E-05
    1.5650000E+01   -2.4915449E-04    9.4623607E-05    3.7727674E-05    4.2159354E-05    4.3328552E-05    3.0087002E-10    1.0000031E-16    1.4214276E-05    1.8892282E-07    1.4990793E-08    2.0246286E-04    6.7070070E-04    3.2846265E-04    8.2805968E-05
    1.5750000E+01   -2.5053231E-04    9.5069823E-05    3.7923378E-05    4.2209104E-05    4.3540219E-05    2.9639628E-10    1.0000031E-16    1.4320109E-05    1.9023109E-07    1.5094760E-08    2.0374973E-04    6.7070070E-04    3.2846265E-04    8.2805968E-05
    1.5850000E+01   -2.5191252E-04    9.5516836E-05    3.8119154E-05    4.2258942E-05    4.3752330E-05    2.9202595E-10    1.0000031E-16    1.4426165E-05    1.9154483E-07    1.5199163E-08    2.0503834E-04    6.7070070E-04    3.2846265E-04    8.2805968E-05
    1.5950000E+01   -2.5329511E-04    9.5964649E-05    3.8314995E-05    4.2308869E-05    4.3964887E-05    2.8775647E-10    1.0000031E-16    1.4532443E-05    1.9286406E-07    1.5304006E-08    2.0632869E-04    6.7070070E-04    3.2846265E-04    8.2805968E-05
    1.6050000E+01   -2.5468008E-04    9.6413262E-05    3.8510899E-05    4.2358886E-05    4.4177888E-05    2.8358542E-10    1.0000031E-16    1.4638944E-05    1.9418883E-07    1.5409291E-08    2.0762078E-04    6.7070070E-04    3.2846265E-04    8.2805968E-05
    1.6150000E+01   -2.5606743E-04    9.6862676E-05    3.8706860E-05    4.2408991E-05    4.4391336E-05    2.7951044E-10    1.0000031E-16    1.4745668E-05    1.9551917E-07    1.5515021E-08    2.0891458E-04    6.7070070E-04    3.2846265E-04    8.2805968E-05
    1.6250000E+01   -2.5745716E-04    9.7312891E-05    3.8902872E-05    4.2459186E-05    4.4605230E-05    2.7552929E-10    1.0000031E-16    1.4852615E-05    1.9685512E-07    1.5621199E-08    2.1021010E-04    6.7070070E-04    3.2846265E-04    8.2805968E-05
    1.6350000E+01   -2.5884927E-04    9.7763908E-05    3.9098933E-05    4.2509471E-05    4.4819571E-05    2.7163981E-10    1.0000031E-16    1.4959786E-05    1.9819671E-07    1.5727828E-08    2.1150732E-04    6.7070070E-04    3.2846265E-04    8.2805968E-05
    1.6450000E+01   -2.6024375E-04    9.8215728E-05    3.9295035E-05    4.2559845E-05    4.5034360E-05    2.6783995E-10    1.0000031E-16    1.5067180E-05    1.9954399E-07    1.5834912E-08    2.1280624E-04    6.7070070E-04    3.2846265E-04    8.2805968E-05
    1.6550000E+01   -2.6164059E-04    9.8668351E-05    3.9491174E-05    4.2610309E-05    4.5249596E-05    2.6412775E-10    1.0000031E-16    1.5174798E-05    2.0089699E-07    1.5942452E-08    2.1410685E-04    6.7070070E-04    3.2846265E-04    8.2805968E-05
    1.6650000E+01   -2.6303981E-04    9.9121779E-05    3.9687344E-05    4.2660862E-05    4.5465280E-05    2.6050133E-10    1.0000031E-16    1.5282640E-05    2.0225575E-07    1.6050453E-08    2.1540914E-04    6.7070070E-04    3.2846265E-04    8.2805968E-05
    1.6750000E+01   -2.6444138E-04    9.9576012E-05    3.9883539E-05    4.2711505E-05    4.5681413E-05    2.5695892E-10    1.0000031E-16    1.5390706E-05    2.0362032E-07    1.6158918E-08    2.1671309E-04    6.7070070E-04    3.2846265E-04    8.2805968E-05
    1.6850000E+01   -2.6584532E-04    1.0003105E-04    4.0079755E-05    4.2762238E-05    4.5897995E-05    2.5349886E-10    1.0000031E-16    1.5498998E-05    2.0499073E-07    1.6267850E-08    2.1801870E-04    6.7070070E-04    3.2846265E-04    8.2805968E-05
    1.6950000E+01   -2.6725161E-04    1.0048689E-04    4.0275984E-05    4.2813061E-05    4.6115027E-05    2.5011958E-10    1.0000031E-16    1.5607513E-05    2.0636704E-07    1.6377253E-08    2.1932596E-04    6.7070070E-04    3.2846265E-04    8.2805968E-05
    1.7050000E+01   -2.6866025E-04    1.0094355E-04    4.0472222E-05    4.2863973E-05    4.6332509E-05    2.4681960E-10    1.0000031E-16    1.5716254E-05    2.0774928E-07    1.6487131E-08    2.2063485E-04    6.7070070E-04    3.2846265E-04    8.2805968E-05
    1.7150000E+01   -2.7007124E-04    1.0140101E-04    4.0668461E-05    4.2914976E-05    4.6550441E-05    2.4359759E-10    1.0000031E-16    1.5825221E-05    2.0913750E-07    1.6597486E-08    2.2194537E-04    6.7070070E-04    3.2846265E-04    8.2805968E-05
    1.7250000E+01   -2.7148457E-04    1.0185927E-04    4.0864694E-05    4.2966069E-05    4.6768825E-05    2.4045231E-10    1.0000031E-16    1.5934412E-05    2.1053175E-07    1.6708324E-08    2.2325751E-04    6.7070070E-04    3.2846265E-04    8.2805968E-05
    1.7350000E+01   -2.7290025E-04    1.0231835E-04    4.1060916E-05    4.3017252E-05    4.6987660E-05    2.3738266E-10    1.0000031E-16    1.6043830E-05    2.1193207E-07    1.6819647E-08    2.2457124E-04    6.7070070E-04    3.2846265E-04    8.2805968E-05
    1.7450000E+01   -2.7431826E-04    1.0277824E-04    4.1257119E-05    4.3068526E-05    4.7206947E-05    2.3438769E-10    1.0000031E-16    1.6153473E-05    2.1333852E-07    1.6931460E-08    2.2588657E-04    6.7070070E-04    3.2846265E-04    8.2805968E-05
    1.7550000E+01   -2.7573859E-04    1.0323894E-04    4.1453296E-05    4.3119890E-05    4.7426686E-05    2.3146657E-10    1.0000031E-16    1.6263343E-05    2.1475114E-07    1.7043767E-08    2.2720347E-04    6.7070070E-04    3.2846265E-04    8.2805968E-05
    1.7650000E+01   -2.7716125E-04    1.0370045E-04    4.1649439E-05    4.3171344E-05    4.7646879E-05    2.2861868E-10    1.0000031E-16    1.6373439E-05    2.1617000E-07    1.7156573E-08    2.2852193E-04    6.7070070E-04    3.2846265E-04    8.2805968E-05
    1.7750000E+01   -2.7858624E-04    1.0416277E-04    4.1845541E-05    4.3222889E-05    4.7867524E-05    2.2584358E-10    1.0000031E-16    1.6483762E-05    2.1759514E-07    1.7269880E-08    2.2984194E-04    6.7070070E-04    3.2846265E-04    8.2805968E-05
    1.7850000E+01   -2.8001353E-04    1.0462590E-04    4.2041594E-05    4.3274524E-05    4.8088624E-05    2.2314105E-10    1.0000031E-16    1.6594312E-05    2.1902662E-07    1.7383696E-08    2.3116349E-04    6.7070070E-04    3.2846265E-04    8.2805968E-05
    1.7950000E+01   -2.8144313E-04    1.0508985E-04    4.2237588E-05    4.3326251E-05    4.8310178E-05    2.2051114E-10    1.0000031E-16    1.6705089E-05    2.2046450E-07    1.7498023E-08    2.3248655E-04    6.7070070E-04    3.2846265E-04    8.2805968E-05
    1.8050000E+01   -2.8287503E-04    1.0555461E-04    4.2433516E-05    4.3378068E-05    4.8532186E-05    2.1795422E-10    1.0000031E-16    1.6816093E-05    2.2190884E-07    1.7612867E-08    2.3381111E-04    6.7070070E-04    3.2846265E-04    8.2805968E-05
    1.8150000E+01   -2.8430922E-04    1.0602019E-04    4.2629366E-05    4.3429976E-05    4.8754650E-05    2.1547101E-10    1.0000031E-16    1.6927325E-05    2.2335971E-07    1.7728234E-08    2.3513716E-04    6.7070070E-04    3.2846265E-04    8.2805968E-05
    1.8250000E+01   -2.8574570E-04    1.0648658E-04    4.2825131E-05    4.3481974E-05    4.8977570E-05    2.1306270E-10    1.0000031E-16    1.7038785E-05    2.2481718E-07    1.7844128E-08    2.3646468E-04    6.7070070E-04    3.2846265E-04    8.2805968E-05
    1.8350000E+01   -2.8718446E-04    1.0695379E-04    4.3020798E-05    4.3534064E-05    4.9200945E-05    2.1073106E-10    1.0000031E-16    1.7150473E-05    2.2628131E-07    1.7960556E-08    2.3779363E-04    6.7070070E-04    3.2846265E-04    8.2805968E-05
    1.8450000E+01   -2.8862548E-04    1.0742182E-04    4.3216356E-05    4.3586245E-05    4.9424778E-05    2.0847856E-10    1.0000031E-16    1.7262389E-05    2.2775219E-07    1.8077524E-08    2.3912402E-04    6.7070070E-04    3.2846265E-04    8.2805968E-05
    1.8550000E+01   -2.9006877E-04    1.0789066E-04    4.3411794E-05    4.3638517E-05    4.9649067E-05    2.0630859E-10    1.0000031E-16    1.7374534E-05    2.2922990E-07    1.8195039E-08    2.4045580E-04    6.7070070E-04    3.2846265E-04    8.2805968E-05
    1.8650000E+01   -2.9151430E-04    1.0836032E-04    4.3607097E-05    4.3690880E-05    4.9873814E-05    2.0422575E-10    1.0000031E-16    1.7486907E-05    2.3071452E-07    1.8313107E-08    2.4178896E-04    6.7070070E-04    3.2846265E-04    8.2805968E-05
    1.8750000E+01   -2.9296206E-04    1.0883081E-04    4.3802251E-05    4.3743335E-05    5.0099019E-05    2.0223623E-10    1.0000031E-16    1.7599510E-05    2.3220617E-07    1.8431738E-08    2.4312347E-04    6.7070070E-04    3.2846265E-04    8.2805968E-05
    1.8850000E+01   -2.9441205E-04    1.0930211E-04    4.3997238E-05    4.3795881E-05    5.0324683E-05    2.0034841E-10    1.0000031E-16    1.7712341E-05    2.3370493E-07    1.8550939E-08    2.4445929E-04    6.7070070E-04    3.2846265E-04    8.2805968E-05
    1.8950000E+01   -2.9586423E-04    1.0977423E-04    4.4192041E-05    4.3848519E-05    5.0550806E-05    1.9857375E-10    1.0000031E-16    1.7825403E-05    2.3521095E-07    1.8670721E-08    2.4579639E-04    6.7070070E-04    3.2846265E-04    8.2805968E-05
    1.9050000E+01   -2.9731861E-04    1.1024717E-04    4.4386637E-05    4.3901248E-05    5.0777388E-05    1.9692811E-10    1.0000031E-16    1.7938694E-05    2.3672435E-07    1.8791095E-08    2.4713472E-04    6.7070070E-04    3.2846265E-04    8.2805968E-05
    1.9150000E+01   -2.9877514E-04    1.1072094E-04    4.4580999E-05    4.3954069E-05    5.1004429E-05    1.9543391E-10    1.0000031E-16    1.8052215E-05    2.3824532E-07    1.8912075E-08    2.4847424E-04    6.7070070E-04    3.2846265E-04    8.2805968E-05
    1.9250000E+01   -3.0023380E-04    1.1119553E-04    4.4775094E-05    4.4006981E-05    5.1231932E-05    1.9412370E-10    1.0000031E-16    1.8165966E-05    2.3977406E-07    1.9033679E-08    2.4981488E-04    6.7070070E-04    3.2846265E-04    8.2805968E-05
    1.9350000E+01   -3.0169455E-04    1.1167094E-04    4.4968882E-05    4.4059986E-05    5.1459895E-05    1.9304653E-10    1.0000031E-16    1.8279947E-05    2.4131083E-07    1.9155927E-08    2.5115656E-04    6.7070070E-04    3.2846265E-04    8.2805968E-05
    1.9450000E+01   -3.0315734E-04    1.1214718E-04    4.5162304E-05    4.4113082E-05    5.1688319E-05    1.9227972E-10    1.0000031E-16    1.8394160E-05    2.4285599E-07    1.9278848E-08    2.5249917E-04    6.7070070E-04    3.2846265E-04    8.2805968E-05
    1.9550000E+01   -3.0462202E-04    1.1262421E-04    4.5355270E-05    4.4166260E-05    5.1917194E-05    1.9195305E-10    1.0000029E-16    1.8508598E-05    2.4440999E-07    1.9402480E-08    2.5384248E-04    6.7070055E-04    3.2846257E-04    8.2805949E-05
    1.9650000E+01   -3.0608612E-04    1.1310118E-04    4.5547304E-05    4.4219182E-05    5.2146117E-05    1.9230502E-10    9.9999481E-17    1.8623121E-05    2.4597173E-07    1.9526736E-08    2.5518429E-04    6.7069512E-04    3.2845991E-04    8.2805279E-05
    1.9750000E+01   -3.0749677E-04    1.1355862E-04    4.5730394E-05    4.4264255E-05    5.2366118E-05    1.9385793E-10    9.9980731E-17    1.8734518E-05    2.4749987E-07    1.9648338E-08    2.5648030E-04    6.7056936E-04    3.2839833E-04    8.2789753E-05
    1.9850000E+01   -3.0775034E-04    1.1358890E-04    4.5740499E-05    4.4142563E-05    5.2389222E-05    1.9854018E-10    9.9585065E-17    1.8775547E-05    2.4810540E-07    1.9696706E-08    2.5681015E-04    6.6791563E-04    3.2709871E-04    8.2462118E-05
    1.9950000E+01   -1.5954577E-04    5.8841672E-05    2.3695187E-05    2.2772671E-05    2.7145282E-05    4.0268094E-10    5.1289363E-17    9.7515955E-06    1.2889456E-07    1.0232922E-08    1.3322243E-04    3.4399704E-04    1.6846587E-04    4.2470520E-05
