# Time          5.0000E-02
# Units: Mol/m**3 Porous Medium/s
    Distance           Quartz           K-Feldspar_Li    Oligoclase_Li    Biotite_Li       Kaolinite_Li7    Kaolinite_Li6
    5.0000000E-02   -2.1628107E-14   -4.0116411E-11   -1.6226741E-10   -3.2554254E-11    1.1825231E-10    9.7659206E-12
    1.5000000E-01   -2.0248508E-14   -4.0133457E-11   -1.6260343E-10   -3.2635720E-11    1.1724904E-10    9.6663362E-12
    2.5000000E-01   -1.8865712E-14   -4.0150514E-11   -1.6294015E-10   -3.2717374E-11    1.1738272E-10    9.6623769E-12
    3.5000000E-01   -1.7479802E-14   -4.0167579E-11   -1.6327754E-10   -3.2799206E-11    1.1752837E-10    9.6609516E-12
    4.5000000E-01   -1.6090843E-14   -4.0184650E-11   -1.6361557E-10   -3.2881207E-11    1.1768341E-10    9.6616871E-12
    5.5000000E-01   -1.4698890E-14   -4.0201724E-11   -1.6395418E-10   -3.2963370E-11    1.1784646E-10    9.6643233E-12
    6.5000000E-01   -1.3303990E-14   -4.0218800E-11   -1.6429337E-10   -3.3045688E-11    1.1801635E-10    9.6686355E-12
    7.5000000E-01   -1.1906184E-14   -4.0235874E-11   -1.6463310E-10   -3.3128155E-11    1.1819215E-10    9.6744295E-12
    8.5000000E-01   -1.0505505E-14   -4.0252945E-11   -1.6497336E-10   -3.3210764E-11    1.1837304E-10    9.6815358E-12
    9.5000000E-01   -9.1019839E-15   -4.0270010E-11   -1.6531410E-10   -3.3293511E-11    1.1855838E-10    9.6898068E-12
    1.0500000E+00   -7.6956453E-15   -4.0287067E-11   -1.6565533E-10   -3.3376391E-11    1.1874759E-10    9.6991132E-12
    1.1500000E+00   -6.2865112E-15   -4.0304114E-11   -1.6599702E-10   -3.3459401E-11    1.1894021E-10    9.7093414E-12
    1.2500000E+00   -4.8746005E-15   -4.0321150E-11   -1.6633916E-10   -3.3542537E-11    1.1913584E-10    9.7203915E-12
    1.3500000E+00   -3.4599296E-15   -4.0338171E-11   -1.6668173E-10   -3.3625795E-11    1.1933413E-10    9.7321755E-12
    1.4500000E+00   -2.0425128E-15   -4.0355176E-11   -1.6702472E-10   -3.3709174E-11    1.1953478E-10    9.7446157E-12
    1.5500000E+00   -6.2236224E-16   -4.0372164E-11   -1.6736813E-10   -3.3792670E-11    1.1973755E-10    9.7576432E-12
    1.6500000E+00    0.0000000E+00   -4.0389131E-11   -1.6771195E-10   -3.3876283E-11    1.1994222E-10    9.7711972E-12
    1.7500000E+00    0.0000000E+00   -4.0406076E-11   -1.6805616E-10   -3.3960009E-11    1.2014860E-10    9.7852234E-12
    1.8500000E+00    0.0000000E+00   -4.0422997E-11   -1.6840076E-10   -3.4043847E-11    1.2035653E-10    9.7996740E-12
    1.9500000E+00    0.0000000E+00   -4.0439892E-11   -1.6874574E-10   -3.4127796E-11    1.2056586E-10    9.8145063E-12
    2.0500000E+00    0.0000000E+00   -4.0456759E-11   -1.6909111E-10   -3.4211856E-11    1.2077647E-10    9.8296822E-12
    2.1500000E+00    0.0000000E+00   -4.0473595E-11   -1.6943685E-10   -3.4296024E-11    1.2098824E-10    9.8451679E-12
    2.2500000E+00    0.0000000E+00   -4.0490399E-11   -1.6978296E-10   -3.4380299E-11    1.2120110E-10    9.8609332E-12
    2.3500000E+00    0.0000000E+00   -4.0507168E-11   -1.7012945E-10   -3.4464683E-11    1.2141493E-10    9.8769512E-12
    2.4500000E+00    0.0000000E+00   -4.0523900E-11   -1.7047630E-10   -3.4549173E-11    1.2162968E-10    9.8931978E-12
    2.5500000E+00    0.0000000E+00   -4.0540593E-11   -1.7082351E-10   -3.4633769E-11    1.2184528E-10    9.9096517E-12
    2.6500000E+00    0.0000000E+00   -4.0557244E-11   -1.7117109E-10   -3.4718470E-11    1.2206166E-10    9.9262934E-12
    2.7500000E+00    0.0000000E+00   -4.0573852E-11   -1.7151902E-10   -3.4803277E-11    1.2227877E-10    9.9431059E-12
    2.8500000E+00    0.0000000E+00   -4.0590413E-11   -1.7186732E-10   -3.4888189E-11    1.2249657E-10    9.9600737E-12
    2.9500000E+00    0.0000000E+00   -4.0606926E-11   -1.7221597E-10   -3.4973206E-11    1.2271502E-10    9.9771830E-12
    3.0500000E+00    0.0000000E+00   -4.0623388E-11   -1.7256499E-10   -3.5058327E-11    1.2293406E-10    9.9944214E-12
    3.1500000E+00    0.0000000E+00   -4.0639795E-11   -1.7291436E-10   -3.5143552E-11    1.2315368E-10    1.0011778E-11
    3.2500000E+00    0.0000000E+00   -4.0656147E-11   -1.7326408E-10   -3.5228882E-11    1.2337383E-10    1.0029242E-11
    3.3500000E+00    0.0000000E+00   -4.0672439E-11   -1.7361416E-10   -3.5314316E-11    1.2359449E-10    1.0046806E-11
    3.4500000E+00    0.0000000E+00   -4.0688669E-11   -1.7396460E-10   -3.5399854E-11    1.2381563E-10    1.0064460E-11
    3.5500000E+00    0.0000000E+00   -4.0704835E-11   -1.7431539E-10   -3.5485495E-11    1.2403724E-10    1.0082199E-11
    3.6500000E+00    0.0000000E+00   -4.0720932E-11   -1.7466654E-10   -3.5571241E-11    1.2425928E-10    1.0100014E-11
    3.7500000E+00    0.0000000E+00   -4.0736959E-11   -1.7501804E-10   -3.5657090E-11    1.2448174E-10    1.0117901E-11
    3.8500000E+00    0.0000000E+00   -4.0752913E-11   -1.7536989E-10   -3.5743043E-11    1.2470460E-10    1.0135853E-11
    3.9500000E+00    0.0000000E+00   -4.0768789E-11   -1.7572210E-10   -3.5829100E-11    1.2492785E-10    1.0153867E-11
    4.0500000E+00    0.0000000E+00   -4.0784586E-11   -1.7607466E-10   -3.5915260E-11    1.2515146E-10    1.0171938E-11
    4.1500000E+00    0.0000000E+00   -4.0800299E-11   -1.7642758E-10   -3.6001524E-11    1.2537543E-10    1.0190062E-11
    4.2500000E+00    0.0000000E+00   -4.0815925E-11   -1.7678085E-10   -3.6087892E-11    1.2559973E-10    1.0208235E-11
    4.3500000E+00    0.0000000E+00   -4.0831461E-11   -1.7713448E-10   -3.6174363E-11    1.2582437E-10    1.0226454E-11
    4.4500000E+00    0.0000000E+00   -4.0846904E-11   -1.7748845E-10   -3.6260938E-11    1.2604932E-10    1.0244716E-11
    4.5500000E+00    0.0000000E+00   -4.0862248E-11   -1.7784279E-10   -3.6347616E-11    1.2627457E-10    1.0263019E-11
    4.6500000E+00    0.0000000E+00   -4.0877492E-11   -1.7819747E-10   -3.6434398E-11    1.2650013E-10    1.0281360E-11
    4.7500000E+00    0.0000000E+00   -4.0892631E-11   -1.7855251E-10   -3.6521284E-11    1.2672597E-10    1.0299737E-11
    4.8500000E+00    0.0000000E+00   -4.0907661E-11   -1.7890790E-10   -3.6608273E-11    1.2695208E-10    1.0318148E-11
    4.9500000E+00    0.0000000E+00   -4.0922577E-11   -1.7926365E-10   -3.6695366E-11    1.2717847E-10    1.0336591E-11
    5.0500000E+00    0.0000000E+00   -4.0937377E-11   -1.7961975E-10   -3.6782562E-11    1.2740511E-10    1.0355065E-11
    5.1500000E+00    0.0000000E+00   -4.0952056E-11   -1.7997620E-10   -3.6869862E-11    1.2763201E-10    1.0373567E-11
    5.2500000E+00    0.0000000E+00   -4.0966609E-11   -1.8033301E-10   -3.6957266E-11    1.2785916E-10    1.0392097E-11
    5.3500000E+00    0.0000000E+00   -4.0981032E-11   -1.8069017E-10   -3.7044773E-11    1.2808654E-10    1.0410653E-11
    5.4500000E+00    0.0000000E+00   -4.0995321E-11   -1.8104769E-10   -3.7132384E-11    1.2831416E-10    1.0429234E-11
    5.5500000E+00    0.0000000E+00   -4.1009470E-11   -1.8140555E-10   -3.7220098E-11    1.2854200E-10    1.0447839E-11
    5.6500000E+00    0.0000000E+00   -4.1023476E-11   -1.8176378E-10   -3.7307916E-11    1.2877007E-10    1.0466467E-11
    5.7500000E+00    0.0000000E+00   -4.1037333E-11   -1.8212235E-10   -3.7395837E-11    1.2899835E-10    1.0485116E-11
    5.8500000E+00    0.0000000E+00   -4.1051036E-11   -1.8248128E-10   -3.7483862E-11    1.2922683E-10    1.0503787E-11
    5.9500000E+00    0.0000000E+00   -4.1064581E-11   -1.8284056E-10   -3.7571990E-11    1.2945552E-10    1.0522477E-11
    6.0500000E+00    0.0000000E+00   -4.1077961E-11   -1.8320020E-10   -3.7660222E-11    1.2968441E-10    1.0541187E-11
    6.1500000E+00    0.0000000E+00   -4.1091173E-11   -1.8356019E-10   -3.7748558E-11    1.2991349E-10    1.0559916E-11
    6.2500000E+00    0.0000000E+00   -4.1104209E-11   -1.8392053E-10   -3.7836997E-11    1.3014276E-10    1.0578662E-11
    6.3500000E+00    0.0000000E+00   -4.1117066E-11   -1.8428123E-10   -3.7925540E-11    1.3037221E-10    1.0597426E-11
    6.4500000E+00    0.0000000E+00   -4.1129736E-11   -1.8464228E-10   -3.8014186E-11    1.3060184E-10    1.0616207E-11
    6.5500000E+00    0.0000000E+00   -4.1142215E-11   -1.8500368E-10   -3.8102936E-11    1.3083165E-10    1.0635004E-11
    6.6500000E+00    0.0000000E+00   -4.1154496E-11   -1.8536544E-10   -3.8191790E-11    1.3106162E-10    1.0653816E-11
    6.7500000E+00    0.0000000E+00   -4.1166572E-11   -1.8572755E-10   -3.8280747E-11    1.3129175E-10    1.0672643E-11
    6.8500000E+00    0.0000000E+00   -4.1178439E-11   -1.8609001E-10   -3.8369807E-11    1.3152205E-10    1.0691485E-11
    6.9500000E+00    0.0000000E+00   -4.1190089E-11   -1.8645283E-10   -3.8458972E-11    1.3175250E-10    1.0710340E-11
    7.0500000E+00    0.0000000E+00   -4.1201517E-11   -1.8681600E-10   -3.8548239E-11    1.3198310E-10    1.0729209E-11
    7.1500000E+00    0.0000000E+00   -4.1212714E-11   -1.8717953E-10   -3.8637611E-11    1.3221384E-10    1.0748091E-11
    7.2500000E+00    0.0000000E+00   -4.1223675E-11   -1.8754341E-10   -3.8727086E-11    1.3244473E-10    1.0766986E-11
    7.3500000E+00    0.0000000E+00   -4.1234392E-11   -1.8790764E-10   -3.8816664E-11    1.3267575E-10    1.0785893E-11
    7.4500000E+00    0.0000000E+00   -4.1244859E-11   -1.8827222E-10   -3.8906346E-11    1.3290690E-10    1.0804811E-11
    7.5500000E+00    0.0000000E+00   -4.1255068E-11   -1.8863716E-10   -3.8996132E-11    1.3313818E-10    1.0823741E-11
    7.6500000E+00    0.0000000E+00   -4.1265011E-11   -1.8900246E-10   -3.9086021E-11    1.3336959E-10    1.0842681E-11
    7.7500000E+00    0.0000000E+00   -4.1274681E-11   -1.8936810E-10   -3.9176014E-11    1.3360111E-10    1.0861632E-11
    7.8500000E+00    0.0000000E+00   -4.1284071E-11   -1.8973410E-10   -3.9266110E-11    1.3383275E-10    1.0880593E-11
    7.9500000E+00    0.0000000E+00   -4.1293171E-11   -1.9010045E-10   -3.9356310E-11    1.3406450E-10    1.0899563E-11
    8.0500000E+00    0.0000000E+00   -4.1301975E-11   -1.9046716E-10   -3.9446613E-11    1.3429635E-10    1.0918543E-11
    8.1500000E+00    0.0000000E+00   -4.1310473E-11   -1.9083422E-10   -3.9537020E-11    1.3452830E-10    1.0937531E-11
    8.2500000E+00    0.0000000E+00   -4.1318657E-11   -1.9120164E-10   -3.9627531E-11    1.3476035E-10    1.0956528E-11
    8.3500000E+00    0.0000000E+00   -4.1326519E-11   -1.9156940E-10   -3.9718145E-11    1.3499249E-10    1.0975533E-11
    8.4500000E+00    0.0000000E+00   -4.1334049E-11   -1.9193752E-10   -3.9808863E-11    1.3522471E-10    1.0994545E-11
    8.5500000E+00    0.0000000E+00   -4.1341239E-11   -1.9230600E-10   -3.9899684E-11    1.3545702E-10    1.1013564E-11
    8.6500000E+00    0.0000000E+00   -4.1348079E-11   -1.9267483E-10   -3.9990609E-11    1.3568940E-10    1.1032591E-11
    8.7500000E+00    0.0000000E+00   -4.1354560E-11   -1.9304401E-10   -4.0081637E-11    1.3592185E-10    1.1051623E-11
    8.8500000E+00    0.0000000E+00   -4.1360672E-11   -1.9341354E-10   -4.0172769E-11    1.3615437E-10    1.1070661E-11
    8.9500000E+00    0.0000000E+00   -4.1366405E-11   -1.9378343E-10   -4.0264005E-11    1.3638695E-10    1.1089705E-11
    9.0500000E+00    0.0000000E+00   -4.1371749E-11   -1.9415367E-10   -4.0355344E-11    1.3661959E-10    1.1108753E-11
    9.1500000E+00    0.0000000E+00   -4.1376693E-11   -1.9452427E-10   -4.0446787E-11    1.3685228E-10    1.1127807E-11
    9.2500000E+00    0.0000000E+00   -4.1381228E-11   -1.9489522E-10   -4.0538333E-11    1.3708502E-10    1.1146864E-11
    9.3500000E+00    0.0000000E+00   -4.1385342E-11   -1.9526652E-10   -4.0629983E-11    1.3731779E-10    1.1165925E-11
    9.4500000E+00    0.0000000E+00   -4.1389025E-11   -1.9563818E-10   -4.0721737E-11    1.3755060E-10    1.1184990E-11
    9.5500000E+00    0.0000000E+00   -4.1392265E-11   -1.9601019E-10   -4.0813594E-11    1.3778344E-10    1.1204057E-11
    9.6500000E+00    0.0000000E+00   -4.1395050E-11   -1.9638255E-10   -4.0905554E-11    1.3801630E-10    1.1223127E-11
    9.7500000E+00    0.0000000E+00   -4.1397369E-11   -1.9675527E-10   -4.0997618E-11    1.3824918E-10    1.1242198E-11
    9.8500000E+00    0.0000000E+00   -4.1399210E-11   -1.9712834E-10   -4.1089786E-11    1.3848207E-10    1.1261271E-11
    9.9500000E+00    0.0000000E+00   -4.1400560E-11   -1.9750176E-10   -4.1182057E-11    1.3871497E-10    1.1280345E-11
    1.0050000E+01    0.0000000E+00   -4.1401408E-11   -1.9787554E-10   -4.1274432E-11    1.3894787E-10    1.1299419E-11
    1.0150000E+01    0.0000000E+00   -4.1401740E-11   -1.9824967E-10   -4.1366911E-11    1.3918076E-10    1.1318494E-11
    1.0250000E+01    0.0000000E+00   -4.1401543E-11   -1.9862416E-10   -4.1459493E-11    1.3941364E-10    1.1337567E-11
    1.0350000E+01    0.0000000E+00   -4.1400804E-11   -1.9899899E-10   -4.1552178E-11    1.3964650E-10    1.1356640E-11
    1.0450000E+01    0.0000000E+00   -4.1399510E-11   -1.9937419E-10   -4.1644967E-11    1.3987933E-10    1.1375711E-11
    1.0550000E+01    0.0000000E+00   -4.1397646E-11   -1.9974973E-10   -4.1737860E-11    1.4011213E-10    1.1394780E-11
    1.0650000E+01    0.0000000E+00   -4.1395199E-11   -2.0012563E-10   -4.1830856E-11    1.4034490E-10    1.1413846E-11
    1.0750000E+01    0.0000000E+00   -4.1392153E-11   -2.0050188E-10   -4.1923956E-11    1.4057761E-10    1.1432909E-11
    1.0850000E+01    0.0000000E+00   -4.1388494E-11   -2.0087849E-10   -4.2017160E-11    1.4081028E-10    1.1451968E-11
    1.0950000E+01    0.0000000E+00   -4.1384207E-11   -2.0125544E-10   -4.2110467E-11    1.4104288E-10    1.1471023E-11
    1.1050000E+01    0.0000000E+00   -4.1379277E-11   -2.0163276E-10   -4.2203877E-11    1.4127542E-10    1.1490072E-11
    1.1150000E+01    0.0000000E+00   -4.1373687E-11   -2.0201042E-10   -4.2297391E-11    1.4150788E-10    1.1509117E-11
    1.1250000E+01    0.0000000E+00   -4.1367422E-11   -2.0238844E-10   -4.2391009E-11    1.4174026E-10    1.1528154E-11
    1.1350000E+01    0.0000000E+00   -4.1360466E-11   -2.0276681E-10   -4.2484730E-11    1.4197255E-10    1.1547186E-11
    1.1450000E+01    0.0000000E+00   -4.1352800E-11   -2.0314554E-10   -4.2578555E-11    1.4220474E-10    1.1566209E-11
    1.1550000E+01    0.0000000E+00   -4.1344410E-11   -2.0352462E-10   -4.2672484E-11    1.4243682E-10    1.1585225E-11
    1.1650000E+01    0.0000000E+00   -4.1335276E-11   -2.0390405E-10   -4.2766516E-11    1.4266879E-10    1.1604232E-11
    1.1750000E+01    0.0000000E+00   -4.1325381E-11   -2.0428384E-10   -4.2860651E-11    1.4290063E-10    1.1623229E-11
    1.1850000E+01    0.0000000E+00   -4.1314707E-11   -2.0466398E-10   -4.2954891E-11    1.4313235E-10    1.1642217E-11
    1.1950000E+01    0.0000000E+00   -4.1303235E-11   -2.0504447E-10   -4.3049233E-11    1.4336392E-10    1.1661193E-11
    1.2050000E+01    0.0000000E+00   -4.1290946E-11   -2.0542532E-10   -4.3143680E-11    1.4359535E-10    1.1680158E-11
    1.2150000E+01    0.0000000E+00   -4.1277821E-11   -2.0580652E-10   -4.3238229E-11    1.4382662E-10    1.1699111E-11
    1.2250000E+01    0.0000000E+00   -4.1263840E-11   -2.0618808E-10   -4.3332883E-11    1.4405772E-10    1.1718051E-11
    1.2350000E+01    0.0000000E+00   -4.1248983E-11   -2.0656998E-10   -4.3427640E-11    1.4428864E-10    1.1736977E-11
    1.2450000E+01    0.0000000E+00   -4.1233229E-11   -2.0695224E-10   -4.3522501E-11    1.4451937E-10    1.1755889E-11
    1.2550000E+01    0.0000000E+00   -4.1216557E-11   -2.0733486E-10   -4.3617465E-11    1.4474991E-10    1.1774785E-11
    1.2650000E+01    0.0000000E+00   -4.1198946E-11   -2.0771783E-10   -4.3712532E-11    1.4498024E-10    1.1793665E-11
    1.2750000E+01    0.0000000E+00   -4.1180373E-11   -2.0810115E-10   -4.3807704E-11    1.4521036E-10    1.1812528E-11
    1.2850000E+01    0.0000000E+00   -4.1160816E-11   -2.0848482E-10   -4.3902979E-11    1.4544025E-10    1.1831373E-11
    1.2950000E+01    0.0000000E+00   -4.1140251E-11   -2.0886885E-10   -4.3998357E-11    1.4566990E-10    1.1850200E-11
    1.3050000E+01    0.0000000E+00   -4.1118657E-11   -2.0925323E-10   -4.4093839E-11    1.4589930E-10    1.1869007E-11
    1.3150000E+01    0.0000000E+00   -4.1096008E-11   -2.0963797E-10   -4.4189425E-11    1.4612844E-10    1.1887794E-11
    1.3250000E+01    0.0000000E+00   -4.1072280E-11   -2.1002305E-10   -4.4285114E-11    1.4635730E-10    1.1906559E-11
    1.3350000E+01    0.0000000E+00   -4.1047449E-11   -2.1040850E-10   -4.4380907E-11    1.4658589E-10    1.1925302E-11
    1.3450000E+01    0.0000000E+00   -4.1021488E-11   -2.1079429E-10   -4.4476803E-11    1.4681418E-10    1.1944022E-11
    1.3550000E+01    0.0000000E+00   -4.0994371E-11   -2.1118044E-10   -4.4572803E-11    1.4704216E-10    1.1962718E-11
    1.3650000E+01    0.0000000E+00   -4.0966073E-11   -2.1156694E-10   -4.4668906E-11    1.4726982E-10    1.1981388E-11
    1.3750000E+01    0.0000000E+00   -4.0936565E-11   -2.1195380E-10   -4.4765113E-11    1.4749715E-10    1.2000033E-11
    1.3850000E+01    0.0000000E+00   -4.0905819E-11   -2.1234100E-10   -4.4861424E-11    1.4772413E-10    1.2018650E-11
    1.3950000E+01    0.0000000E+00   -4.0873808E-11   -2.1272857E-10   -4.4957838E-11    1.4795076E-10    1.2037238E-11
    1.4050000E+01    0.0000000E+00   -4.0840502E-11   -2.1311648E-10   -4.5054356E-11    1.4817701E-10    1.2055798E-11
    1.4150000E+01    0.0000000E+00   -4.0805872E-11   -2.1350475E-10   -4.5150977E-11    1.4840287E-10    1.2074327E-11
    1.4250000E+01    0.0000000E+00   -4.0769886E-11   -2.1389337E-10   -4.5247702E-11    1.4862834E-10    1.2092824E-11
    1.4350000E+01    0.0000000E+00   -4.0732514E-11   -2.1428235E-10   -4.5344531E-11    1.4885339E-10    1.2111288E-11
    1.4450000E+01    0.0000000E+00   -4.0693724E-11   -2.1467168E-10   -4.5441463E-11    1.4907801E-10    1.2129718E-11
    1.4550000E+01    0.0000000E+00   -4.0653482E-11   -2.1506136E-10   -4.5538498E-11    1.4930218E-10    1.2148113E-11
    1.4650000E+01    0.0000000E+00   -4.0611757E-11   -2.1545139E-10   -4.5635638E-11    1.4952590E-10    1.2166472E-11
    1.4750000E+01    0.0000000E+00   -4.0568513E-11   -2.1584178E-10   -4.5732880E-11    1.4974914E-10    1.2184793E-11
    1.4850000E+01    0.0000000E+00   -4.0523716E-11   -2.1623253E-10   -4.5830227E-11    1.4997188E-10    1.2203075E-11
    1.4950000E+01    0.0000000E+00   -4.0477329E-11   -2.1662362E-10   -4.5927677E-11    1.5019412E-10    1.2221316E-11
    1.5050000E+01    0.0000000E+00   -4.0429316E-11   -2.1701507E-10   -4.6025230E-11    1.5041583E-10    1.2239516E-11
    1.5150000E+01    0.0000000E+00   -4.0379640E-11   -2.1740687E-10   -4.6122887E-11    1.5063699E-10    1.2257672E-11
    1.5250000E+01    0.0000000E+00   -4.0328260E-11   -2.1779903E-10   -4.6220648E-11    1.5085759E-10    1.2275784E-11
    1.5350000E+01    0.0000000E+00   -4.0275138E-11   -2.1819154E-10   -4.6318512E-11    1.5107762E-10    1.2293850E-11
    1.5450000E+01    0.0000000E+00   -4.0220233E-11   -2.1858440E-10   -4.6416480E-11    1.5129704E-10    1.2311868E-11
    1.5550000E+01    0.0000000E+00   -4.0163502E-11   -2.1897761E-10   -4.6514551E-11    1.5151584E-10    1.2329837E-11
    1.5650000E+01    0.0000000E+00   -4.0104904E-11   -2.1937118E-10   -4.6612726E-11    1.5173400E-10    1.2347756E-11
    1.5750000E+01    0.0000000E+00   -4.0044392E-11   -2.1976510E-10   -4.6711005E-11    1.5195151E-10    1.2365621E-11
    1.5850000E+01    0.0000000E+00   -3.9981922E-11   -2.2015938E-10   -4.6809387E-11    1.5216833E-10    1.2383433E-11
    1.5950000E+01    0.0000000E+00   -3.9917447E-11   -2.2055401E-10   -4.6907872E-11    1.5238445E-10    1.2401189E-11
    1.6050000E+01    0.0000000E+00   -3.9850918E-11   -2.2094899E-10   -4.7006462E-11    1.5259985E-10    1.2418887E-11
    1.6150000E+01    0.0000000E+00   -3.9782284E-11   -2.2134432E-10   -4.7105154E-11    1.5281449E-10    1.2436525E-11
    1.6250000E+01    0.0000000E+00   -3.9711494E-11   -2.2174001E-10   -4.7203951E-11    1.5302837E-10    1.2454102E-11
    1.6350000E+01    0.0000000E+00   -3.9638494E-11   -2.2213605E-10   -4.7302851E-11    1.5324144E-10    1.2471615E-11
    1.6450000E+01    0.0000000E+00   -3.9563228E-11   -2.2253244E-10   -4.7401854E-11    1.5345369E-10    1.2489063E-11
    1.6550000E+01    0.0000000E+00   -3.9485638E-11   -2.2292919E-10   -4.7500961E-11    1.5366509E-10    1.2506443E-11
    1.6650000E+01    0.0000000E+00   -3.9405664E-11   -2.2332629E-10   -4.7600172E-11    1.5387561E-10    1.2523753E-11
    1.6750000E+01    0.0000000E+00   -3.9323244E-11   -2.2372375E-10   -4.7699486E-11    1.5408523E-10    1.2540991E-11
    1.6850000E+01    0.0000000E+00   -3.9238310E-11   -2.2412155E-10   -4.7798904E-11    1.5429390E-10    1.2558153E-11
    1.6950000E+01    0.0000000E+00   -3.9150795E-11   -2.2451971E-10   -4.7898426E-11    1.5450161E-10    1.2575239E-11
    1.7050000E+01    0.0000000E+00   -3.9060626E-11   -2.2491823E-10   -4.7998051E-11    1.5470831E-10    1.2592244E-11
    1.7150000E+01    0.0000000E+00   -3.8967727E-11   -2.2531709E-10   -4.8097779E-11    1.5491397E-10    1.2609166E-11
    1.7250000E+01    0.0000000E+00   -3.8872015E-11   -2.2571631E-10   -4.8197611E-11    1.5511855E-10    1.2626002E-11
    1.7350000E+01    0.0000000E+00   -3.8773407E-11   -2.2611588E-10   -4.8297547E-11    1.5532202E-10    1.2642749E-11
    1.7450000E+01    0.0000000E+00   -3.8671809E-11   -2.2651581E-10   -4.8397586E-11    1.5552432E-10    1.2659404E-11
    1.7550000E+01    0.0000000E+00   -3.8567123E-11   -2.2691609E-10   -4.8497729E-11    1.5572542E-10    1.2675962E-11
    1.7650000E+01    0.0000000E+00   -3.8459243E-11   -2.2731672E-10   -4.8597976E-11    1.5592527E-10    1.2692419E-11
    1.7750000E+01    0.0000000E+00   -3.8348053E-11   -2.2771770E-10   -4.8698326E-11    1.5612381E-10    1.2708772E-11
    1.7850000E+01    0.0000000E+00   -3.8233426E-11   -2.2811904E-10   -4.8798779E-11    1.5632098E-10    1.2725016E-11
    1.7950000E+01    0.0000000E+00   -3.8115224E-11   -2.2852073E-10   -4.8899336E-11    1.5651671E-10    1.2741145E-11
    1.8050000E+01    0.0000000E+00   -3.7993290E-11   -2.2892278E-10   -4.8999997E-11    1.5671095E-10    1.2757154E-11
    1.8150000E+01    0.0000000E+00   -3.7867450E-11   -2.2932517E-10   -4.9100761E-11    1.5690359E-10    1.2773036E-11
    1.8250000E+01    0.0000000E+00   -3.7737506E-11   -2.2972792E-10   -4.9201629E-11    1.5709456E-10    1.2788783E-11
    1.8350000E+01    0.0000000E+00   -3.7603230E-11   -2.3013102E-10   -4.9302601E-11    1.5728375E-10    1.2804388E-11
    1.8450000E+01    0.0000000E+00   -3.7464356E-11   -2.3053448E-10   -4.9403676E-11    1.5747103E-10    1.2819839E-11
    1.8550000E+01    0.0000000E+00   -3.7320569E-11   -2.3093828E-10   -4.9504855E-11    1.5765625E-10    1.2835126E-11
    1.8650000E+01    0.0000000E+00   -3.7171492E-11   -2.3134244E-10   -4.9606137E-11    1.5783925E-10    1.2850234E-11
    1.8750000E+01    0.0000000E+00   -3.7016659E-11   -2.3174696E-10   -4.9707522E-11    1.5801980E-10    1.2865146E-11
    1.8850000E+01    0.0000000E+00   -3.6855492E-11   -2.3215182E-10   -4.9809012E-11    1.5819764E-10    1.2879839E-11
    1.8950000E+01    0.0000000E+00   -3.6687248E-11   -2.3255704E-10   -4.9910605E-11    1.5837242E-10    1.2894286E-11
    1.9050000E+01    0.0000000E+00   -3.6510950E-11   -2.3296261E-10   -5.0012301E-11    1.5854369E-10    1.2908451E-11
    1.9150000E+01    0.0000000E+00   -3.6325277E-11   -2.3336853E-10   -5.0114101E-11    1.5871083E-10    1.2922282E-11
    1.9250000E+01    0.0000000E+00   -3.6128370E-11   -2.3377480E-10   -5.0216005E-11    1.5887297E-10    1.2935712E-11
    1.9350000E+01    0.0000000E+00   -3.5917509E-11   -2.3418142E-10   -5.0318012E-11    1.5902887E-10    1.2948636E-11
    1.9450000E+01    0.0000000E+00   -3.5688490E-11   -2.3458840E-10   -5.0420123E-11    1.5917654E-10    1.2960896E-11
    1.9550000E+01    0.0000000E+00   -3.5434377E-11   -2.3499572E-10   -5.0522337E-11    1.5931278E-10    1.2972230E-11
    1.9650000E+01    0.0000000E+00   -3.5142656E-11   -2.3540339E-10   -5.0624655E-11    1.5943176E-10    1.2982166E-11
    1.9750000E+01    0.0000000E+00   -3.4787736E-11   -2.3581140E-10   -5.0727077E-11    1.5952154E-10    1.2989735E-11
    1.9850000E+01    0.0000000E+00   -3.4305995E-11   -2.3621974E-10   -5.0829602E-11    1.5955249E-10    1.2992529E-11
    1.9950000E+01    0.0000000E+00   -3.3473216E-11   -2.3662837E-10   -5.0932231E-11    1.5941982E-10    1.2982024E-11
