# Time          1.7500E+00
# Units: Mol/m**3 Porous Medium/s
    Distance           Quartz           K-Feldspar_Li    Oligoclase_Li    Biotite_Li       Kaolinite_Li7    Kaolinite_Li6
    5.0000000E-02   -2.5254158E-14   -4.0116858E-11   -1.6226741E-10   -3.2554254E-11    7.8047469E-11    6.4461153E-12
    1.5000000E-01   -2.0863069E-14   -4.0133546E-11   -1.6260343E-10   -3.2635720E-11    1.1792999E-10    9.7242994E-12
    2.5000000E-01   -1.9091640E-14   -4.0150549E-11   -1.6294015E-10   -3.2717374E-11    1.1752042E-10    9.6756634E-12
    3.5000000E-01   -1.7668135E-14   -4.0167610E-11   -1.6327754E-10   -3.2799206E-11    1.1760832E-10    9.6693195E-12
    4.5000000E-01   -1.6276538E-14   -4.0184683E-11   -1.6361557E-10   -3.2881207E-11    1.1775049E-10    9.6688061E-12
    5.5000000E-01   -1.4884773E-14   -4.0201761E-11   -1.6395418E-10   -3.2963370E-11    1.1790544E-10    9.6706038E-12
    6.5000000E-01   -1.3490251E-14   -4.0218839E-11   -1.6429337E-10   -3.3045688E-11    1.1806859E-10    9.6742065E-12
    7.5000000E-01   -1.2092829E-14   -4.0235916E-11   -1.6463310E-10   -3.3128155E-11    1.1823856E-10    9.6793846E-12
    8.5000000E-01   -1.0692531E-14   -4.0252990E-11   -1.6497336E-10   -3.3210764E-11    1.1841442E-10    9.6859539E-12
    9.5000000E-01   -9.2893874E-15   -4.0270059E-11   -1.6531410E-10   -3.3293511E-11    1.1859537E-10    9.6937549E-12
    1.0500000E+00   -7.8834229E-15   -4.0287119E-11   -1.6565533E-10   -3.3376391E-11    1.1878076E-10    9.7026487E-12
    1.1500000E+00   -6.4746604E-15   -4.0304170E-11   -1.6599702E-10   -3.3459401E-11    1.1897003E-10    9.7125138E-12
    1.2500000E+00   -5.0631189E-15   -4.0321210E-11   -1.6633916E-10   -3.3542537E-11    1.1916270E-10    9.7232434E-12
    1.3500000E+00   -3.6488152E-15   -4.0338235E-11   -1.6668173E-10   -3.3625795E-11    1.1935839E-10    9.7347439E-12
    1.4500000E+00   -2.2317639E-15   -4.0355245E-11   -1.6702472E-10   -3.3709174E-11    1.1955674E-10    9.7469326E-12
    1.5500000E+00   -8.1197729E-16   -4.0372237E-11   -1.6736813E-10   -3.3792670E-11    1.1975747E-10    9.7597367E-12
    1.6500000E+00    0.0000000E+00   -4.0389209E-11   -1.6771195E-10   -3.3876283E-11    1.1996033E-10    9.7730916E-12
    1.7500000E+00    0.0000000E+00   -4.0406159E-11   -1.6805616E-10   -3.3960009E-11    1.2016509E-10    9.7869404E-12
    1.8500000E+00    0.0000000E+00   -4.0423085E-11   -1.6840076E-10   -3.4043847E-11    1.2037158E-10    9.8012324E-12
    1.9500000E+00    0.0000000E+00   -4.0439986E-11   -1.6874574E-10   -3.4127796E-11    1.2057961E-10    9.8159226E-12
    2.0500000E+00    0.0000000E+00   -4.0456858E-11   -1.6909111E-10   -3.4211856E-11    1.2078906E-10    9.8309712E-12
    2.1500000E+00    0.0000000E+00   -4.0473700E-11   -1.6943685E-10   -3.4296024E-11    1.2099979E-10    9.8463425E-12
    2.2500000E+00    0.0000000E+00   -4.0490510E-11   -1.6978296E-10   -3.4380299E-11    1.2121170E-10    9.8620049E-12
    2.3500000E+00    0.0000000E+00   -4.0507285E-11   -1.7012945E-10   -3.4464683E-11    1.2142469E-10    9.8779303E-12
    2.4500000E+00    0.0000000E+00   -4.0524024E-11   -1.7047630E-10   -3.4549173E-11    1.2163867E-10    9.8940934E-12
    2.5500000E+00    0.0000000E+00   -4.0540724E-11   -1.7082351E-10   -3.4633769E-11    1.2185358E-10    9.9104717E-12
    2.6500000E+00    0.0000000E+00   -4.0557383E-11   -1.7117109E-10   -3.4718470E-11    1.2206933E-10    9.9270452E-12
    2.7500000E+00    0.0000000E+00   -4.0573998E-11   -1.7151902E-10   -3.4803277E-11    1.2228587E-10    9.9437959E-12
    2.8500000E+00    0.0000000E+00   -4.0590567E-11   -1.7186732E-10   -3.4888189E-11    1.2250314E-10    9.9607077E-12
    2.9500000E+00    0.0000000E+00   -4.0607088E-11   -1.7221597E-10   -3.4973206E-11    1.2272111E-10    9.9777661E-12
    3.0500000E+00    0.0000000E+00   -4.0623558E-11   -1.7256499E-10   -3.5058327E-11    1.2293972E-10    9.9949584E-12
    3.1500000E+00    0.0000000E+00   -4.0639975E-11   -1.7291436E-10   -3.5143552E-11    1.2315894E-10    1.0012273E-11
    3.2500000E+00    0.0000000E+00   -4.0656335E-11   -1.7326408E-10   -3.5228882E-11    1.2337873E-10    1.0029699E-11
    3.3500000E+00    0.0000000E+00   -4.0672637E-11   -1.7361416E-10   -3.5314316E-11    1.2359906E-10    1.0047228E-11
    3.4500000E+00    0.0000000E+00   -4.0688877E-11   -1.7396460E-10   -3.5399854E-11    1.2381990E-10    1.0064851E-11
    3.5500000E+00    0.0000000E+00   -4.0705053E-11   -1.7431539E-10   -3.5485495E-11    1.2404123E-10    1.0082560E-11
    3.6500000E+00    0.0000000E+00   -4.0721161E-11   -1.7466654E-10   -3.5571241E-11    1.2426301E-10    1.0100349E-11
    3.7500000E+00    0.0000000E+00   -4.0737199E-11   -1.7501804E-10   -3.5657090E-11    1.2448524E-10    1.0118211E-11
    3.8500000E+00    0.0000000E+00   -4.0753164E-11   -1.7536989E-10   -3.5743043E-11    1.2470788E-10    1.0136142E-11
    3.9500000E+00    0.0000000E+00   -4.0769052E-11   -1.7572210E-10   -3.5829100E-11    1.2493093E-10    1.0154136E-11
    4.0500000E+00    0.0000000E+00   -4.0784861E-11   -1.7607466E-10   -3.5915260E-11    1.2515436E-10    1.0172188E-11
    4.1500000E+00    0.0000000E+00   -4.0800586E-11   -1.7642758E-10   -3.6001524E-11    1.2537815E-10    1.0190294E-11
    4.2500000E+00    0.0000000E+00   -4.0816226E-11   -1.7678085E-10   -3.6087892E-11    1.2560230E-10    1.0208452E-11
    4.3500000E+00    0.0000000E+00   -4.0831775E-11   -1.7713448E-10   -3.6174363E-11    1.2582679E-10    1.0226657E-11
    4.4500000E+00    0.0000000E+00   -4.0847231E-11   -1.7748845E-10   -3.6260938E-11    1.2605161E-10    1.0244906E-11
    4.5500000E+00    0.0000000E+00   -4.0862591E-11   -1.7784279E-10   -3.6347616E-11    1.2627675E-10    1.0263197E-11
    4.6500000E+00    0.0000000E+00   -4.0877849E-11   -1.7819747E-10   -3.6434398E-11    1.2650218E-10    1.0281527E-11
    4.7500000E+00    0.0000000E+00   -4.0893003E-11   -1.7855251E-10   -3.6521284E-11    1.2672792E-10    1.0299893E-11
    4.8500000E+00    0.0000000E+00   -4.0908049E-11   -1.7890790E-10   -3.6608273E-11    1.2695394E-10    1.0318295E-11
    4.9500000E+00    0.0000000E+00   -4.0922982E-11   -1.7926365E-10   -3.6695366E-11    1.2718023E-10    1.0336729E-11
    5.0500000E+00    0.0000000E+00   -4.0937799E-11   -1.7961975E-10   -3.6782562E-11    1.2740680E-10    1.0355195E-11
    5.1500000E+00    0.0000000E+00   -4.0952495E-11   -1.7997620E-10   -3.6869862E-11    1.2763362E-10    1.0373690E-11
    5.2500000E+00    0.0000000E+00   -4.0967066E-11   -1.8033301E-10   -3.6957266E-11    1.2786069E-10    1.0392213E-11
    5.3500000E+00    0.0000000E+00   -4.0981508E-11   -1.8069017E-10   -3.7044773E-11    1.2808801E-10    1.0410763E-11
    5.4500000E+00    0.0000000E+00   -4.0995815E-11   -1.8104769E-10   -3.7132384E-11    1.2831557E-10    1.0429338E-11
    5.5500000E+00    0.0000000E+00   -4.1009985E-11   -1.8140555E-10   -3.7220098E-11    1.2854336E-10    1.0447938E-11
    5.6500000E+00    0.0000000E+00   -4.1024011E-11   -1.8176378E-10   -3.7307916E-11    1.2877137E-10    1.0466561E-11
    5.7500000E+00    0.0000000E+00   -4.1037889E-11   -1.8212235E-10   -3.7395837E-11    1.2899960E-10    1.0485206E-11
    5.8500000E+00    0.0000000E+00   -4.1051614E-11   -1.8248128E-10   -3.7483862E-11    1.2922805E-10    1.0503872E-11
    5.9500000E+00    0.0000000E+00   -4.1065181E-11   -1.8284056E-10   -3.7571990E-11    1.2945670E-10    1.0522559E-11
    6.0500000E+00    0.0000000E+00   -4.1078584E-11   -1.8320020E-10   -3.7660222E-11    1.2968555E-10    1.0541266E-11
    6.1500000E+00    0.0000000E+00   -4.1091819E-11   -1.8356019E-10   -3.7748558E-11    1.2991460E-10    1.0559991E-11
    6.2500000E+00    0.0000000E+00   -4.1104880E-11   -1.8392053E-10   -3.7836997E-11    1.3014384E-10    1.0578735E-11
    6.3500000E+00    0.0000000E+00   -4.1117762E-11   -1.8428123E-10   -3.7925540E-11    1.3037326E-10    1.0597497E-11
    6.4500000E+00    0.0000000E+00   -4.1130458E-11   -1.8464228E-10   -3.8014186E-11    1.3060287E-10    1.0616275E-11
    6.5500000E+00    0.0000000E+00   -4.1142963E-11   -1.8500368E-10   -3.8102936E-11    1.3083265E-10    1.0635069E-11
    6.6500000E+00    0.0000000E+00   -4.1155271E-11   -1.8536544E-10   -3.8191790E-11    1.3106260E-10    1.0653880E-11
    6.7500000E+00    0.0000000E+00   -4.1167376E-11   -1.8572755E-10   -3.8280747E-11    1.3129272E-10    1.0672705E-11
    6.8500000E+00    0.0000000E+00   -4.1179272E-11   -1.8609001E-10   -3.8369807E-11    1.3152299E-10    1.0691546E-11
    6.9500000E+00    0.0000000E+00   -4.1190952E-11   -1.8645283E-10   -3.8458972E-11    1.3175343E-10    1.0710400E-11
    7.0500000E+00    0.0000000E+00   -4.1202410E-11   -1.8681600E-10   -3.8548239E-11    1.3198402E-10    1.0729268E-11
    7.1500000E+00    0.0000000E+00   -4.1213639E-11   -1.8717953E-10   -3.8637611E-11    1.3221475E-10    1.0748149E-11
    7.2500000E+00    0.0000000E+00   -4.1224632E-11   -1.8754341E-10   -3.8727086E-11    1.3244563E-10    1.0767043E-11
    7.3500000E+00    0.0000000E+00   -4.1235382E-11   -1.8790764E-10   -3.8816664E-11    1.3267664E-10    1.0785949E-11
    7.4500000E+00    0.0000000E+00   -4.1245883E-11   -1.8827222E-10   -3.8906346E-11    1.3290779E-10    1.0804867E-11
    7.5500000E+00    0.0000000E+00   -4.1256127E-11   -1.8863716E-10   -3.8996132E-11    1.3313907E-10    1.0823796E-11
    7.6500000E+00    0.0000000E+00   -4.1266106E-11   -1.8900246E-10   -3.9086021E-11    1.3337048E-10    1.0842737E-11
    7.7500000E+00    0.0000000E+00   -4.1275814E-11   -1.8936810E-10   -3.9176014E-11    1.3360200E-10    1.0861687E-11
    7.8500000E+00    0.0000000E+00   -4.1285241E-11   -1.8973410E-10   -3.9266110E-11    1.3383364E-10    1.0880648E-11
    7.9500000E+00    0.0000000E+00   -4.1294381E-11   -1.9010046E-10   -3.9356310E-11    1.3406539E-10    1.0899619E-11
    8.0500000E+00    0.0000000E+00   -4.1303224E-11   -1.9046716E-10   -3.9446613E-11    1.3429724E-10    1.0918599E-11
    8.1500000E+00    0.0000000E+00   -4.1311764E-11   -1.9083422E-10   -3.9537020E-11    1.3452920E-10    1.0937588E-11
    8.2500000E+00    0.0000000E+00   -4.1319990E-11   -1.9120164E-10   -3.9627531E-11    1.3476125E-10    1.0956585E-11
    8.3500000E+00    0.0000000E+00   -4.1327895E-11   -1.9156940E-10   -3.9718145E-11    1.3499340E-10    1.0975590E-11
    8.4500000E+00    0.0000000E+00   -4.1335470E-11   -1.9193752E-10   -3.9808863E-11    1.3522563E-10    1.0994603E-11
    8.5500000E+00    0.0000000E+00   -4.1342706E-11   -1.9230600E-10   -3.9899684E-11    1.3545795E-10    1.1013623E-11
    8.6500000E+00    0.0000000E+00   -4.1349593E-11   -1.9267483E-10   -3.9990609E-11    1.3569034E-10    1.1032650E-11
    8.7500000E+00    0.0000000E+00   -4.1356122E-11   -1.9304401E-10   -4.0081637E-11    1.3592281E-10    1.1051683E-11
    8.8500000E+00    0.0000000E+00   -4.1362283E-11   -1.9341354E-10   -4.0172769E-11    1.3615534E-10    1.1070722E-11
    8.9500000E+00    0.0000000E+00   -4.1368067E-11   -1.9378343E-10   -4.0264005E-11    1.3638794E-10    1.1089767E-11
    9.0500000E+00    0.0000000E+00   -4.1373463E-11   -1.9415368E-10   -4.0355344E-11    1.3662059E-10    1.1108817E-11
    9.1500000E+00    0.0000000E+00   -4.1378461E-11   -1.9452427E-10   -4.0446787E-11    1.3685329E-10    1.1127872E-11
    9.2500000E+00    0.0000000E+00   -4.1383050E-11   -1.9489522E-10   -4.0538333E-11    1.3708605E-10    1.1146930E-11
    9.3500000E+00    0.0000000E+00   -4.1387220E-11   -1.9526652E-10   -4.0629983E-11    1.3731884E-10    1.1165993E-11
    9.4500000E+00    0.0000000E+00   -4.1390960E-11   -1.9563818E-10   -4.0721737E-11    1.3755167E-10    1.1185059E-11
    9.5500000E+00    0.0000000E+00   -4.1394259E-11   -1.9601019E-10   -4.0813594E-11    1.3778453E-10    1.1204128E-11
    9.6500000E+00    0.0000000E+00   -4.1397104E-11   -1.9638255E-10   -4.0905554E-11    1.3801741E-10    1.1223199E-11
    9.7500000E+00    0.0000000E+00   -4.1399485E-11   -1.9675527E-10   -4.0997618E-11    1.3825031E-10    1.1242273E-11
    9.8500000E+00    0.0000000E+00   -4.1401389E-11   -1.9712834E-10   -4.1089786E-11    1.3848323E-10    1.1261347E-11
    9.9500000E+00    0.0000000E+00   -4.1402805E-11   -1.9750176E-10   -4.1182057E-11    1.3871615E-10    1.1280423E-11
    1.0050000E+01    0.0000000E+00   -4.1403719E-11   -1.9787554E-10   -4.1274432E-11    1.3894907E-10    1.1299500E-11
    1.0150000E+01    0.0000000E+00   -4.1404119E-11   -1.9824967E-10   -4.1366911E-11    1.3918199E-10    1.1318576E-11
    1.0250000E+01    0.0000000E+00   -4.1403992E-11   -1.9862416E-10   -4.1459493E-11    1.3941490E-10    1.1337652E-11
    1.0350000E+01    0.0000000E+00   -4.1403325E-11   -1.9899899E-10   -4.1552178E-11    1.3964778E-10    1.1356727E-11
    1.0450000E+01    0.0000000E+00   -4.1402104E-11   -1.9937419E-10   -4.1644967E-11    1.3988065E-10    1.1375800E-11
    1.0550000E+01    0.0000000E+00   -4.1400315E-11   -1.9974973E-10   -4.1737860E-11    1.4011348E-10    1.1394871E-11
    1.0650000E+01    0.0000000E+00   -4.1397945E-11   -2.0012563E-10   -4.1830856E-11    1.4034627E-10    1.1413940E-11
    1.0750000E+01    0.0000000E+00   -4.1394978E-11   -2.0050188E-10   -4.1923956E-11    1.4057902E-10    1.1433005E-11
    1.0850000E+01    0.0000000E+00   -4.1391400E-11   -2.0087849E-10   -4.2017160E-11    1.4081172E-10    1.1452067E-11
    1.0950000E+01    0.0000000E+00   -4.1387195E-11   -2.0125544E-10   -4.2110467E-11    1.4104436E-10    1.1471125E-11
    1.1050000E+01    0.0000000E+00   -4.1382350E-11   -2.0163276E-10   -4.2203877E-11    1.4127693E-10    1.1490177E-11
    1.1150000E+01    0.0000000E+00   -4.1376847E-11   -2.0201042E-10   -4.2297391E-11    1.4150943E-10    1.1509224E-11
    1.1250000E+01    0.0000000E+00   -4.1370670E-11   -2.0238844E-10   -4.2391009E-11    1.4174185E-10    1.1528265E-11
    1.1350000E+01    0.0000000E+00   -4.1363804E-11   -2.0276682E-10   -4.2484730E-11    1.4197417E-10    1.1547300E-11
    1.1450000E+01    0.0000000E+00   -4.1356232E-11   -2.0314554E-10   -4.2578555E-11    1.4220640E-10    1.1566327E-11
    1.1550000E+01    0.0000000E+00   -4.1347936E-11   -2.0352462E-10   -4.2672484E-11    1.4243853E-10    1.1585346E-11
    1.1650000E+01    0.0000000E+00   -4.1338900E-11   -2.0390405E-10   -4.2766516E-11    1.4267054E-10    1.1604356E-11
    1.1750000E+01    0.0000000E+00   -4.1329104E-11   -2.0428384E-10   -4.2860651E-11    1.4290243E-10    1.1623357E-11
    1.1850000E+01    0.0000000E+00   -4.1318532E-11   -2.0466398E-10   -4.2954891E-11    1.4313419E-10    1.1642348E-11
    1.1950000E+01    0.0000000E+00   -4.1307164E-11   -2.0504447E-10   -4.3049233E-11    1.4336581E-10    1.1661328E-11
    1.2050000E+01    0.0000000E+00   -4.1294982E-11   -2.0542532E-10   -4.3143680E-11    1.4359728E-10    1.1680297E-11
    1.2150000E+01    0.0000000E+00   -4.1281966E-11   -2.0580652E-10   -4.3238229E-11    1.4382860E-10    1.1699254E-11
    1.2250000E+01    0.0000000E+00   -4.1268097E-11   -2.0618808E-10   -4.3332883E-11    1.4405974E-10    1.1718197E-11
    1.2350000E+01    0.0000000E+00   -4.1253354E-11   -2.0656998E-10   -4.3427640E-11    1.4429072E-10    1.1737127E-11
    1.2450000E+01    0.0000000E+00   -4.1237717E-11   -2.0695224E-10   -4.3522501E-11    1.4452150E-10    1.1756043E-11
    1.2550000E+01    0.0000000E+00   -4.1221164E-11   -2.0733486E-10   -4.3617465E-11    1.4475210E-10    1.1774944E-11
    1.2650000E+01    0.0000000E+00   -4.1203675E-11   -2.0771783E-10   -4.3712532E-11    1.4498248E-10    1.1793828E-11
    1.2750000E+01    0.0000000E+00   -4.1185227E-11   -2.0810115E-10   -4.3807704E-11    1.4521265E-10    1.1812696E-11
    1.2850000E+01    0.0000000E+00   -4.1165798E-11   -2.0848482E-10   -4.3902979E-11    1.4544260E-10    1.1831546E-11
    1.2950000E+01    0.0000000E+00   -4.1145364E-11   -2.0886885E-10   -4.3998357E-11    1.4567231E-10    1.1850377E-11
    1.3050000E+01    0.0000000E+00   -4.1123903E-11   -2.0925323E-10   -4.4093839E-11    1.4590177E-10    1.1869189E-11
    1.3150000E+01    0.0000000E+00   -4.1101391E-11   -2.0963797E-10   -4.4189425E-11    1.4613097E-10    1.1887981E-11
    1.3250000E+01    0.0000000E+00   -4.1077803E-11   -2.1002305E-10   -4.4285114E-11    1.4635990E-10    1.1906751E-11
    1.3350000E+01    0.0000000E+00   -4.1053114E-11   -2.1040850E-10   -4.4380907E-11    1.4658855E-10    1.1925499E-11
    1.3450000E+01    0.0000000E+00   -4.1027299E-11   -2.1079429E-10   -4.4476803E-11    1.4681690E-10    1.1944225E-11
    1.3550000E+01    0.0000000E+00   -4.1000332E-11   -2.1118044E-10   -4.4572803E-11    1.4704495E-10    1.1962926E-11
    1.3650000E+01    0.0000000E+00   -4.0972186E-11   -2.1156694E-10   -4.4668906E-11    1.4727269E-10    1.1981602E-11
    1.3750000E+01    0.0000000E+00   -4.0942834E-11   -2.1195380E-10   -4.4765113E-11    1.4750008E-10    1.2000252E-11
    1.3850000E+01    0.0000000E+00   -4.0912248E-11   -2.1234101E-10   -4.4861424E-11    1.4772714E-10    1.2018875E-11
    1.3950000E+01    0.0000000E+00   -4.0880400E-11   -2.1272857E-10   -4.4957838E-11    1.4795384E-10    1.2037469E-11
    1.4050000E+01    0.0000000E+00   -4.0847261E-11   -2.1311648E-10   -4.5054356E-11    1.4818017E-10    1.2056035E-11
    1.4150000E+01    0.0000000E+00   -4.0812801E-11   -2.1350475E-10   -4.5150977E-11    1.4840611E-10    1.2074570E-11
    1.4250000E+01    0.0000000E+00   -4.0776989E-11   -2.1389337E-10   -4.5247702E-11    1.4863165E-10    1.2093073E-11
    1.4350000E+01    0.0000000E+00   -4.0739795E-11   -2.1428235E-10   -4.5344531E-11    1.4885679E-10    1.2111544E-11
    1.4450000E+01    0.0000000E+00   -4.0701186E-11   -2.1467168E-10   -4.5441463E-11    1.4908149E-10    1.2129981E-11
    1.4550000E+01    0.0000000E+00   -4.0661131E-11   -2.1506136E-10   -4.5538498E-11    1.4930575E-10    1.2148383E-11
    1.4650000E+01    0.0000000E+00   -4.0619596E-11   -2.1545140E-10   -4.5635638E-11    1.4952955E-10    1.2166749E-11
    1.4750000E+01    0.0000000E+00   -4.0576546E-11   -2.1584178E-10   -4.5732880E-11    1.4975288E-10    1.2185077E-11
    1.4850000E+01    0.0000000E+00   -4.0531947E-11   -2.1623253E-10   -4.5830227E-11    1.4997571E-10    1.2203366E-11
    1.4950000E+01    0.0000000E+00   -4.0485763E-11   -2.1662362E-10   -4.5927677E-11    1.5019804E-10    1.2221615E-11
    1.5050000E+01    0.0000000E+00   -4.0437957E-11   -2.1701507E-10   -4.6025230E-11    1.5041984E-10    1.2239822E-11
    1.5150000E+01    0.0000000E+00   -4.0388492E-11   -2.1740687E-10   -4.6122887E-11    1.5064111E-10    1.2257986E-11
    1.5250000E+01    0.0000000E+00   -4.0337329E-11   -2.1779903E-10   -4.6220648E-11    1.5086181E-10    1.2276106E-11
    1.5350000E+01    0.0000000E+00   -4.0284427E-11   -2.1819154E-10   -4.6318512E-11    1.5108193E-10    1.2294180E-11
    1.5450000E+01    0.0000000E+00   -4.0229748E-11   -2.1858440E-10   -4.6416480E-11    1.5130146E-10    1.2312206E-11
    1.5550000E+01    0.0000000E+00   -4.0173248E-11   -2.1897761E-10   -4.6514551E-11    1.5152036E-10    1.2330184E-11
    1.5650000E+01    0.0000000E+00   -4.0114885E-11   -2.1937118E-10   -4.6612726E-11    1.5173864E-10    1.2348111E-11
    1.5750000E+01    0.0000000E+00   -4.0054615E-11   -2.1976510E-10   -4.6711005E-11    1.5195625E-10    1.2365985E-11
    1.5850000E+01    0.0000000E+00   -3.9992391E-11   -2.2015938E-10   -4.6809387E-11    1.5217319E-10    1.2383806E-11
    1.5950000E+01    0.0000000E+00   -3.9928167E-11   -2.2055401E-10   -4.6907872E-11    1.5238942E-10    1.2401571E-11
    1.6050000E+01    0.0000000E+00   -3.9861895E-11   -2.2094899E-10   -4.7006462E-11    1.5260493E-10    1.2419278E-11
    1.6150000E+01    0.0000000E+00   -3.9793523E-11   -2.2134432E-10   -4.7105154E-11    1.5281970E-10    1.2436926E-11
    1.6250000E+01    0.0000000E+00   -3.9723002E-11   -2.2174001E-10   -4.7203951E-11    1.5303369E-10    1.2454513E-11
    1.6350000E+01    0.0000000E+00   -3.9650276E-11   -2.2213605E-10   -4.7302851E-11    1.5324689E-10    1.2472037E-11
    1.6450000E+01    0.0000000E+00   -3.9575290E-11   -2.2253245E-10   -4.7401854E-11    1.5345927E-10    1.2489495E-11
    1.6550000E+01    0.0000000E+00   -3.9497986E-11   -2.2292919E-10   -4.7500961E-11    1.5367081E-10    1.2506885E-11
    1.6650000E+01    0.0000000E+00   -3.9418305E-11   -2.2332629E-10   -4.7600172E-11    1.5388146E-10    1.2524206E-11
    1.6750000E+01    0.0000000E+00   -3.9336184E-11   -2.2372375E-10   -4.7699486E-11    1.5409121E-10    1.2541454E-11
    1.6850000E+01    0.0000000E+00   -3.9251556E-11   -2.2412156E-10   -4.7798904E-11    1.5430003E-10    1.2558628E-11
    1.6950000E+01    0.0000000E+00   -3.9164354E-11   -2.2451972E-10   -4.7898426E-11    1.5450787E-10    1.2575725E-11
    1.7050000E+01    0.0000000E+00   -3.9074504E-11   -2.2491823E-10   -4.7998051E-11    1.5471472E-10    1.2592742E-11
    1.7150000E+01    0.0000000E+00   -3.8981931E-11   -2.2531709E-10   -4.8097779E-11    1.5492053E-10    1.2609676E-11
    1.7250000E+01    0.0000000E+00   -3.8886554E-11   -2.2571631E-10   -4.8197611E-11    1.5512526E-10    1.2626524E-11
    1.7350000E+01    0.0000000E+00   -3.8788287E-11   -2.2611589E-10   -4.8297547E-11    1.5532888E-10    1.2643284E-11
    1.7450000E+01    0.0000000E+00   -3.8687038E-11   -2.2651581E-10   -4.8397586E-11    1.5553135E-10    1.2659951E-11
    1.7550000E+01    0.0000000E+00   -3.8582710E-11   -2.2691609E-10   -4.8497729E-11    1.5573261E-10    1.2676522E-11
    1.7650000E+01    0.0000000E+00   -3.8475196E-11   -2.2731672E-10   -4.8597976E-11    1.5593262E-10    1.2692993E-11
    1.7750000E+01    0.0000000E+00   -3.8364381E-11   -2.2771771E-10   -4.8698326E-11    1.5613133E-10    1.2709359E-11
    1.7850000E+01    0.0000000E+00   -3.8250138E-11   -2.2811904E-10   -4.8798779E-11    1.5632867E-10    1.2725617E-11
    1.7950000E+01    0.0000000E+00   -3.8132328E-11   -2.2852073E-10   -4.8899336E-11    1.5652458E-10    1.2741760E-11
    1.8050000E+01    0.0000000E+00   -3.8010797E-11   -2.2892278E-10   -4.8999997E-11    1.5671900E-10    1.2757783E-11
    1.8150000E+01    0.0000000E+00   -3.7885371E-11   -2.2932517E-10   -4.9100761E-11    1.5691183E-10    1.2773680E-11
    1.8250000E+01    0.0000000E+00   -3.7755851E-11   -2.2972792E-10   -4.9201629E-11    1.5710299E-10    1.2789442E-11
    1.8350000E+01    0.0000000E+00   -3.7622010E-11   -2.3013102E-10   -4.9302601E-11    1.5729236E-10    1.2805062E-11
    1.8450000E+01    0.0000000E+00   -3.7483583E-11   -2.3053448E-10   -4.9403676E-11    1.5747984E-10    1.2820530E-11
    1.8550000E+01    0.0000000E+00   -3.7340257E-11   -2.3093829E-10   -4.9504855E-11    1.5766527E-10    1.2835832E-11
    1.8650000E+01    0.0000000E+00   -3.7191654E-11   -2.3134245E-10   -4.9606137E-11    1.5784847E-10    1.2850957E-11
    1.8750000E+01    0.0000000E+00   -3.7037311E-11   -2.3174696E-10   -4.9707522E-11    1.5802923E-10    1.2865885E-11
    1.8850000E+01    0.0000000E+00   -3.6876651E-11   -2.3215182E-10   -4.9809012E-11    1.5820728E-10    1.2880595E-11
    1.8950000E+01    0.0000000E+00   -3.6708933E-11   -2.3255704E-10   -4.9910605E-11    1.5838228E-10    1.2895060E-11
    1.9050000E+01    0.0000000E+00   -3.6533183E-11   -2.3296261E-10   -5.0012301E-11    1.5855377E-10    1.2909242E-11
    1.9150000E+01    0.0000000E+00   -3.6348084E-11   -2.3336853E-10   -5.0114101E-11    1.5872113E-10    1.2923092E-11
    1.9250000E+01    0.0000000E+00   -3.6151782E-11   -2.3377480E-10   -5.0216005E-11    1.5888350E-10    1.2936539E-11
    1.9350000E+01    0.0000000E+00   -3.5941564E-11   -2.3418143E-10   -5.0318012E-11    1.5903962E-10    1.2949481E-11
    1.9450000E+01    0.0000000E+00   -3.5713239E-11   -2.3458840E-10   -5.0420123E-11    1.5918752E-10    1.2961758E-11
    1.9550000E+01    0.0000000E+00   -3.5459891E-11   -2.3499572E-10   -5.0522337E-11    1.5932396E-10    1.2973108E-11
    1.9650000E+01    0.0000000E+00   -3.5169043E-11   -2.3540339E-10   -5.0624655E-11    1.5944309E-10    1.2983056E-11
    1.9750000E+01    0.0000000E+00   -3.4815173E-11   -2.3581140E-10   -5.0727077E-11    1.5953294E-10    1.2990629E-11
    1.9850000E+01    0.0000000E+00   -3.4330759E-11   -2.3621974E-10   -5.0829602E-11    1.5956176E-10    1.2993248E-11
    1.9950000E+01    0.0000000E+00   -2.9288415E-11   -2.3662772E-10   -5.0932231E-11    1.5761300E-10    1.2834862E-11
