 TITLE = "Isotope ratios" 
    Distance        Li7+            
    5.0000000E-02   -1.0262417E+01
    1.5000000E-01   -1.2336723E+01
    2.5000000E-01   -1.4487457E+01
    3.5000000E-01   -1.5694518E+01
    4.5000000E-01   -1.5991506E+01
    5.5000000E-01   -1.6105302E+01
    6.5000000E-01   -1.6363337E+01
    7.5000000E-01   -1.6809339E+01
    8.5000000E-01   -1.7404638E+01
    9.5000000E-01   -1.8094185E+01
    1.0500000E+00   -1.8824982E+01
    1.1500000E+00   -1.9553581E+01
    1.2500000E+00   -2.0249574E+01
    1.3500000E+00   -2.0895501E+01
    1.4500000E+00   -2.1484116E+01
    1.5500000E+00   -2.2014790E+01
    1.6500000E+00   -2.2490428E+01
    1.7500000E+00   -2.2915431E+01
    1.8500000E+00   -2.3294573E+01
    1.9500000E+00   -2.3632479E+01
    2.0500000E+00   -2.3933425E+01
    2.1500000E+00   -2.4201285E+01
    2.2500000E+00   -2.4439544E+01
    2.3500000E+00   -2.4651326E+01
    2.4500000E+00   -2.4839426E+01
    2.5500000E+00   -2.5006346E+01
    2.6500000E+00   -2.5154324E+01
    2.7500000E+00   -2.5285361E+01
    2.8500000E+00   -2.5401250E+01
    2.9500000E+00   -2.5503590E+01
    3.0500000E+00   -2.5593816E+01
    3.1500000E+00   -2.5673207E+01
    3.2500000E+00   -2.5742910E+01
    3.3500000E+00   -2.5803949E+01
    3.4500000E+00   -2.5857240E+01
    3.5500000E+00   -2.5903603E+01
    3.6500000E+00   -2.5943771E+01
    3.7500000E+00   -2.5978399E+01
    3.8500000E+00   -2.6008073E+01
    3.9500000E+00   -2.6033318E+01
    4.0500000E+00   -2.6054601E+01
    4.1500000E+00   -2.6072342E+01
    4.2500000E+00   -2.6086917E+01
    4.3500000E+00   -2.6098661E+01
    4.4500000E+00   -2.6107872E+01
    4.5500000E+00   -2.6114821E+01
    4.6500000E+00   -2.6119746E+01
    4.7500000E+00   -2.6122863E+01
    4.8500000E+00   -2.6124364E+01
    4.9500000E+00   -2.6124420E+01
    5.0500000E+00   -2.6123185E+01
    5.1500000E+00   -2.6120796E+01
    5.2500000E+00   -2.6117378E+01
    5.3500000E+00   -2.6113039E+01
    5.4500000E+00   -2.6107879E+01
    5.5500000E+00   -2.6101985E+01
    5.6500000E+00   -2.6095437E+01
    5.7500000E+00   -2.6088305E+01
    5.8500000E+00   -2.6080652E+01
    5.9500000E+00   -2.6072535E+01
    6.0500000E+00   -2.6064004E+01
    6.1500000E+00   -2.6055105E+01
    6.2500000E+00   -2.6045879E+01
    6.3500000E+00   -2.6036360E+01
    6.4500000E+00   -2.6026583E+01
    6.5500000E+00   -2.6016575E+01
    6.6500000E+00   -2.6006364E+01
    6.7500000E+00   -2.5995971E+01
    6.8500000E+00   -2.5985419E+01
    6.9500000E+00   -2.5974724E+01
    7.0500000E+00   -2.5963905E+01
    7.1500000E+00   -2.5952976E+01
    7.2500000E+00   -2.5941949E+01
    7.3500000E+00   -2.5930838E+01
    7.4500000E+00   -2.5919652E+01
    7.5500000E+00   -2.5908400E+01
    7.6500000E+00   -2.5897092E+01
    7.7500000E+00   -2.5885734E+01
    7.8500000E+00   -2.5874334E+01
    7.9500000E+00   -2.5862897E+01
    8.0500000E+00   -2.5851428E+01
    8.1500000E+00   -2.5839932E+01
    8.2500000E+00   -2.5828413E+01
    8.3500000E+00   -2.5816874E+01
    8.4500000E+00   -2.5805320E+01
    8.5500000E+00   -2.5793752E+01
    8.6500000E+00   -2.5782173E+01
    8.7500000E+00   -2.5770585E+01
    8.8500000E+00   -2.5758990E+01
    8.9500000E+00   -2.5747390E+01
    9.0500000E+00   -2.5735786E+01
    9.1500000E+00   -2.5724178E+01
    9.2500000E+00   -2.5712568E+01
    9.3500000E+00   -2.5700958E+01
    9.4500000E+00   -2.5689346E+01
    9.5500000E+00   -2.5677734E+01
    9.6500000E+00   -2.5666123E+01
    9.7500000E+00   -2.5654512E+01
    9.8500000E+00   -2.5642901E+01
    9.9500000E+00   -2.5631291E+01
    1.0050000E+01   -2.5619682E+01
    1.0150000E+01   -2.5608073E+01
    1.0250000E+01   -2.5596464E+01
    1.0350000E+01   -2.5584855E+01
    1.0450000E+01   -2.5573246E+01
    1.0550000E+01   -2.5561637E+01
    1.0650000E+01   -2.5550026E+01
    1.0750000E+01   -2.5538414E+01
    1.0850000E+01   -2.5526799E+01
    1.0950000E+01   -2.5515182E+01
    1.1050000E+01   -2.5503562E+01
    1.1150000E+01   -2.5491938E+01
    1.1250000E+01   -2.5480310E+01
    1.1350000E+01   -2.5468676E+01
    1.1450000E+01   -2.5457037E+01
    1.1550000E+01   -2.5445391E+01
    1.1650000E+01   -2.5433738E+01
    1.1750000E+01   -2.5422077E+01
    1.1850000E+01   -2.5410406E+01
    1.1950000E+01   -2.5398727E+01
    1.2050000E+01   -2.5387036E+01
    1.2150000E+01   -2.5375335E+01
    1.2250000E+01   -2.5363620E+01
    1.2350000E+01   -2.5351893E+01
    1.2450000E+01   -2.5340152E+01
    1.2550000E+01   -2.5328395E+01
    1.2650000E+01   -2.5316623E+01
    1.2750000E+01   -2.5304833E+01
    1.2850000E+01   -2.5293026E+01
    1.2950000E+01   -2.5281199E+01
    1.3050000E+01   -2.5269352E+01
    1.3150000E+01   -2.5257485E+01
    1.3250000E+01   -2.5245595E+01
    1.3350000E+01   -2.5233681E+01
    1.3450000E+01   -2.5221744E+01
    1.3550000E+01   -2.5209781E+01
    1.3650000E+01   -2.5197791E+01
    1.3750000E+01   -2.5185774E+01
    1.3850000E+01   -2.5173727E+01
    1.3950000E+01   -2.5161651E+01
    1.4050000E+01   -2.5149543E+01
    1.4150000E+01   -2.5137402E+01
    1.4250000E+01   -2.5125228E+01
    1.4350000E+01   -2.5113018E+01
    1.4450000E+01   -2.5100772E+01
    1.4550000E+01   -2.5088488E+01
    1.4650000E+01   -2.5076165E+01
    1.4750000E+01   -2.5063802E+01
    1.4850000E+01   -2.5051397E+01
    1.4950000E+01   -2.5038948E+01
    1.5050000E+01   -2.5026455E+01
    1.5150000E+01   -2.5013916E+01
    1.5250000E+01   -2.5001329E+01
    1.5350000E+01   -2.4988693E+01
    1.5450000E+01   -2.4976006E+01
    1.5550000E+01   -2.4963267E+01
    1.5650000E+01   -2.4950474E+01
    1.5750000E+01   -2.4937626E+01
    1.5850000E+01   -2.4924721E+01
    1.5950000E+01   -2.4911757E+01
    1.6050000E+01   -2.4898732E+01
    1.6150000E+01   -2.4885645E+01
    1.6250000E+01   -2.4872493E+01
    1.6350000E+01   -2.4859276E+01
    1.6450000E+01   -2.4845991E+01
    1.6550000E+01   -2.4832636E+01
    1.6650000E+01   -2.4819210E+01
    1.6750000E+01   -2.4805709E+01
    1.6850000E+01   -2.4792132E+01
    1.6950000E+01   -2.4778478E+01
    1.7050000E+01   -2.4764743E+01
    1.7150000E+01   -2.4750925E+01
    1.7250000E+01   -2.4737022E+01
    1.7350000E+01   -2.4723032E+01
    1.7450000E+01   -2.4708952E+01
    1.7550000E+01   -2.4694779E+01
    1.7650000E+01   -2.4680510E+01
    1.7750000E+01   -2.4666142E+01
    1.7850000E+01   -2.4651673E+01
    1.7950000E+01   -2.4637099E+01
    1.8050000E+01   -2.4622417E+01
    1.8150000E+01   -2.4607622E+01
    1.8250000E+01   -2.4592711E+01
    1.8350000E+01   -2.4577680E+01
    1.8450000E+01   -2.4562523E+01
    1.8550000E+01   -2.4547235E+01
    1.8650000E+01   -2.4531810E+01
    1.8750000E+01   -2.4516242E+01
    1.8850000E+01   -2.4500522E+01
    1.8950000E+01   -2.4484642E+01
    1.9050000E+01   -2.4468590E+01
    1.9150000E+01   -2.4452352E+01
    1.9250000E+01   -2.4435913E+01
    1.9350000E+01   -2.4419248E+01
    1.9450000E+01   -2.4402327E+01
    1.9550000E+01   -2.4385104E+01
    1.9650000E+01   -2.4367506E+01
    1.9750000E+01   -2.4349350E+01
    1.9850000E+01   -2.4327010E+01
    1.9950000E+01   -2.4233842E+01
