 TITLE = "Isotope ratios" 
    Distance        Kaolinite_Li7   
    5.0000000E-02    3.4646804E+00
    1.5000000E-01    3.4002377E+00
    2.5000000E-01    3.3433503E+00
    3.5000000E-01    3.2927163E+00
    4.5000000E-01    3.2477054E+00
    5.5000000E-01    3.2077519E+00
    6.5000000E-01    3.1723476E+00
    7.5000000E-01    3.1410358E+00
    8.5000000E-01    3.1134059E+00
    9.5000000E-01    3.0890890E+00
    1.0500000E+00    3.0677533E+00
    1.1500000E+00    3.0491003E+00
    1.2500000E+00    3.0328618E+00
    1.3500000E+00    3.0187964E+00
    1.4500000E+00    3.0066870E+00
    1.5500000E+00    2.9963383E+00
    1.6500000E+00    2.9875746E+00
    1.7500000E+00    2.9802379E+00
    1.8500000E+00    2.9741859E+00
    1.9500000E+00    2.9692908E+00
    2.0500000E+00    2.9654374E+00
    2.1500000E+00    2.9625221E+00
    2.2500000E+00    2.9604518E+00
    2.3500000E+00    2.9591425E+00
    2.4500000E+00    2.9585188E+00
    2.5500000E+00    2.9585126E+00
    2.6500000E+00    2.9590630E+00
    2.7500000E+00    2.9601148E+00
    2.8500000E+00    2.9616184E+00
    2.9500000E+00    2.9635294E+00
    3.0500000E+00    2.9658075E+00
    3.1500000E+00    2.9684166E+00
    3.2500000E+00    2.9713241E+00
    3.3500000E+00    2.9745009E+00
    3.4500000E+00    2.9779204E+00
    3.5500000E+00    2.9815590E+00
    3.6500000E+00    2.9853952E+00
    3.7500000E+00    2.9894097E+00
    3.8500000E+00    2.9935854E+00
    3.9500000E+00    2.9979064E+00
    4.0500000E+00    3.0023588E+00
    4.1500000E+00    3.0069298E+00
    4.2500000E+00    3.0116081E+00
    4.3500000E+00    3.0163834E+00
    4.4500000E+00    3.0212464E+00
    4.5500000E+00    3.0261888E+00
    4.6500000E+00    3.0312031E+00
    4.7500000E+00    3.0362826E+00
    4.8500000E+00    3.0414210E+00
    4.9500000E+00    3.0466131E+00
    5.0500000E+00    3.0518537E+00
    5.1500000E+00    3.0571386E+00
    5.2500000E+00    3.0624637E+00
    5.3500000E+00    3.0678254E+00
    5.4500000E+00    3.0732205E+00
    5.5500000E+00    3.0786462E+00
    5.6500000E+00    3.0840997E+00
    5.7500000E+00    3.0895788E+00
    5.8500000E+00    3.0950814E+00
    5.9500000E+00    3.1006056E+00
    6.0500000E+00    3.1061497E+00
    6.1500000E+00    3.1117122E+00
    6.2500000E+00    3.1172918E+00
    6.3500000E+00    3.1228873E+00
    6.4500000E+00    3.1284976E+00
    6.5500000E+00    3.1341218E+00
    6.6500000E+00    3.1397590E+00
    6.7500000E+00    3.1454085E+00
    6.8500000E+00    3.1510697E+00
    6.9500000E+00    3.1567419E+00
    7.0500000E+00    3.1624247E+00
    7.1500000E+00    3.1681176E+00
    7.2500000E+00    3.1738204E+00
    7.3500000E+00    3.1795325E+00
    7.4500000E+00    3.1852539E+00
    7.5500000E+00    3.1909842E+00
    7.6500000E+00    3.1967232E+00
    7.7500000E+00    3.2024709E+00
    7.8500000E+00    3.2082271E+00
    7.9500000E+00    3.2139917E+00
    8.0500000E+00    3.2197647E+00
    8.1500000E+00    3.2255461E+00
    8.2500000E+00    3.2313357E+00
    8.3500000E+00    3.2371337E+00
    8.4500000E+00    3.2429401E+00
    8.5500000E+00    3.2487550E+00
    8.6500000E+00    3.2545783E+00
    8.7500000E+00    3.2604102E+00
    8.8500000E+00    3.2662508E+00
    8.9500000E+00    3.2721002E+00
    9.0500000E+00    3.2779585E+00
    9.1500000E+00    3.2838258E+00
    9.2500000E+00    3.2897023E+00
    9.3500000E+00    3.2955882E+00
    9.4500000E+00    3.3014835E+00
    9.5500000E+00    3.3073885E+00
    9.6500000E+00    3.3133033E+00
    9.7500000E+00    3.3192281E+00
    9.8500000E+00    3.3251632E+00
    9.9500000E+00    3.3311086E+00
    1.0050000E+01    3.3370646E+00
    1.0150000E+01    3.3430314E+00
    1.0250000E+01    3.3490091E+00
    1.0350000E+01    3.3549981E+00
    1.0450000E+01    3.3609985E+00
    1.0550000E+01    3.3670105E+00
    1.0650000E+01    3.3730344E+00
    1.0750000E+01    3.3790704E+00
    1.0850000E+01    3.3851186E+00
    1.0950000E+01    3.3911794E+00
    1.1050000E+01    3.3972530E+00
    1.1150000E+01    3.4033396E+00
    1.1250000E+01    3.4094394E+00
    1.1350000E+01    3.4155526E+00
    1.1450000E+01    3.4216796E+00
    1.1550000E+01    3.4278206E+00
    1.1650000E+01    3.4339758E+00
    1.1750000E+01    3.4401454E+00
    1.1850000E+01    3.4463297E+00
    1.1950000E+01    3.4525289E+00
    1.2050000E+01    3.4587433E+00
    1.2150000E+01    3.4649732E+00
    1.2250000E+01    3.4712187E+00
    1.2350000E+01    3.4774802E+00
    1.2450000E+01    3.4837578E+00
    1.2550000E+01    3.4900519E+00
    1.2650000E+01    3.4963626E+00
    1.2750000E+01    3.5026902E+00
    1.2850000E+01    3.5090350E+00
    1.2950000E+01    3.5153972E+00
    1.3050000E+01    3.5217770E+00
    1.3150000E+01    3.5281746E+00
    1.3250000E+01    3.5345904E+00
    1.3350000E+01    3.5410245E+00
    1.3450000E+01    3.5474771E+00
    1.3550000E+01    3.5539485E+00
    1.3650000E+01    3.5604390E+00
    1.3750000E+01    3.5669486E+00
    1.3850000E+01    3.5734776E+00
    1.3950000E+01    3.5800263E+00
    1.4050000E+01    3.5865947E+00
    1.4150000E+01    3.5931831E+00
    1.4250000E+01    3.5997917E+00
    1.4350000E+01    3.6064206E+00
    1.4450000E+01    3.6130699E+00
    1.4550000E+01    3.6197398E+00
    1.4650000E+01    3.6264304E+00
    1.4750000E+01    3.6331418E+00
    1.4850000E+01    3.6398740E+00
    1.4950000E+01    3.6466272E+00
    1.5050000E+01    3.6534014E+00
    1.5150000E+01    3.6601965E+00
    1.5250000E+01    3.6670125E+00
    1.5350000E+01    3.6738493E+00
    1.5450000E+01    3.6807069E+00
    1.5550000E+01    3.6875851E+00
    1.5650000E+01    3.6944837E+00
    1.5750000E+01    3.7014024E+00
    1.5850000E+01    3.7083409E+00
    1.5950000E+01    3.7152988E+00
    1.6050000E+01    3.7222755E+00
    1.6150000E+01    3.7292706E+00
    1.6250000E+01    3.7362832E+00
    1.6350000E+01    3.7433127E+00
    1.6450000E+01    3.7503579E+00
    1.6550000E+01    3.7574178E+00
    1.6650000E+01    3.7644910E+00
    1.6750000E+01    3.7715760E+00
    1.6850000E+01    3.7786708E+00
    1.6950000E+01    3.7857735E+00
    1.7050000E+01    3.7928814E+00
    1.7150000E+01    3.7999917E+00
    1.7250000E+01    3.8071009E+00
    1.7350000E+01    3.8142050E+00
    1.7450000E+01    3.8212991E+00
    1.7550000E+01    3.8283778E+00
    1.7650000E+01    3.8354341E+00
    1.7750000E+01    3.8424602E+00
    1.7850000E+01    3.8494464E+00
    1.7950000E+01    3.8563812E+00
    1.8050000E+01    3.8632505E+00
    1.8150000E+01    3.8700369E+00
    1.8250000E+01    3.8767193E+00
    1.8350000E+01    3.8832710E+00
    1.8450000E+01    3.8896587E+00
    1.8550000E+01    3.8958396E+00
    1.8650000E+01    3.9017585E+00
    1.8750000E+01    3.9073428E+00
    1.8850000E+01    3.9124954E+00
    1.8950000E+01    3.9170834E+00
    1.9050000E+01    3.9209202E+00
    1.9150000E+01    3.9237365E+00
    1.9250000E+01    3.9251286E+00
    1.9350000E+01    3.9244644E+00
    1.9450000E+01    3.9206969E+00
    1.9550000E+01    3.9119614E+00
    1.9650000E+01    3.8945922E+00
    1.9750000E+01    3.8602794E+00
    1.9850000E+01    3.7853930E+00
    1.9950000E+01    3.5661183E+00
