# Time          7.0000E+00
# Units: Mol/kgw
    Distance           H+               Na+              K+               Ca++             Mg++             Al+++            Fe+++            Fe++             Li7+             Li6+             SiO2(aq)         CO2(aq)          O2(aq)           Cl-          
    5.0000000E-02   -4.5755957E-05    2.5152195E-05    6.7354047E-06    2.6595067E-05    1.1321617E-05    7.3597305E-08    7.5264673E-17    5.3607770E-08    2.8166934E-08    2.2609792E-09    1.6697976E-05    5.0479910E-04    2.4721556E-04    6.2323445E-05
    1.5000000E-01   -3.1320810E-05    1.6984326E-05    4.6042318E-06    1.7729201E-05    7.6444337E-06    8.9339464E-08    5.0097524E-17    8.9962986E-08    1.9117131E-08    1.5313291E-09    1.1883615E-05    3.3600339E-04    1.6455114E-04    4.1483610E-05
    2.5000000E-01   -2.4677356E-05    1.3192159E-05    3.6260393E-06    1.3566516E-05    5.9371167E-06    9.5587171E-08    3.8265997E-17    1.1775050E-07    1.4870743E-08    1.1885891E-09    9.7622419E-06    2.5664951E-04    1.2568911E-04    3.1686430E-05
    3.5000000E-01   -2.5758802E-05    1.3715461E-05    3.7948136E-06    1.4002041E-05    6.1724247E-06    8.8190569E-08    3.9459249E-17    1.4650757E-07    1.5297328E-08    1.2211877E-09    1.0392194E-05    2.6465263E-04    1.2960849E-04    3.2674510E-05
    4.5000000E-01   -3.1823291E-05    1.6996818E-05    4.7032936E-06    1.7348999E-05    7.6492113E-06    7.5314713E-08    4.8890311E-17    1.8228894E-07    1.8711517E-08    1.4932921E-09    1.2851454E-05    3.2790663E-04    1.6058591E-04    4.0483968E-05
    5.5000000E-01   -4.0002742E-05    2.1422954E-05    5.9256383E-06    2.1876306E-05    9.6412343E-06    6.3283752E-08    6.1651747E-17    2.2757640E-07    2.3365526E-08    1.8644945E-09    1.6142655E-05    4.1349740E-04    2.0250232E-04    5.1051166E-05
    6.5000000E-01   -4.8103088E-05    2.5771170E-05    7.1368989E-06    2.6280953E-05    1.1598104E-05    5.4084359E-08    7.4052619E-17    2.8214941E-07    2.7921992E-08    2.2275016E-09    1.9484821E-05    4.9666988E-04    2.4323443E-04    6.1319796E-05
    7.5000000E-01   -5.4871675E-05    2.9350831E-05    8.1518268E-06    2.9833882E-05    1.3208963E-05    4.7455061E-08    8.4030078E-17    3.4426020E-07    3.1621403E-08    2.5214816E-09    2.2418232E-05    5.6358855E-04    2.7600655E-04    6.9581701E-05
    8.5000000E-01   -5.9928293E-05    3.1958715E-05    8.9141450E-06    3.2327755E-05    1.4382362E-05    4.2627191E-08    9.0999860E-17    4.1171277E-07    3.4241380E-08    2.7287446E-09    2.4789097E-05    6.1033478E-04    2.9889961E-04    7.5353078E-05
    9.5000000E-01   -6.3462580E-05    3.3707492E-05    9.4517343E-06    3.3891026E-05    1.5169050E-05    3.8944398E-08    9.5328610E-17    4.8256558E-07    3.5908889E-08    2.8596227E-09    2.6648104E-05    6.3936765E-04    3.1311789E-04    7.8937531E-05
    1.0500000E+00   -6.5893724E-05    3.4835429E-05    9.8263937E-06    3.4783811E-05    1.5676303E-05    3.5965723E-08    9.7755185E-17    5.5541286E-07    3.6889462E-08    2.9355246E-09    2.8132024E-05    6.5564265E-04    3.2108826E-04    8.0946873E-05
    1.1500000E+00   -6.7635575E-05    3.5575874E-05    1.0099167E-05    3.5258723E-05    1.6009175E-05    3.3427927E-08    9.8996454E-17    6.2937464E-07    3.7442564E-08    2.9773259E-09    2.9380236E-05    6.6396783E-04    3.2516535E-04    8.1974715E-05
    1.2500000E+00   -6.8995516E-05    3.6101542E-05    1.0315406E-05    3.5502053E-05    1.6245421E-05    3.1185926E-08    9.9580841E-17    7.0396133E-07    3.7760033E-08    3.0004386E-09    3.0497667E-05    6.6788730E-04    3.2708484E-04    8.2458620E-05
    1.3500000E+00   -7.0164876E-05    3.6519730E-05    1.0503346E-05    3.5629281E-05    1.6433346E-05    2.9163000E-08    9.9835839E-17    7.7892657E-07    3.7960943E-08    3.0144144E-09    3.1550127E-05    6.6959757E-04    3.2792241E-04    8.2669773E-05
    1.4500000E+00   -7.1247999E-05    3.6888892E-05    1.0678392E-05    3.5703230E-05    1.6599264E-05    2.7317633E-08    9.9939575E-17    8.5415697E-07    3.8110100E-08    3.0244394E-09    3.2573688E-05    6.7029333E-04    3.2826314E-04    8.2755673E-05
    1.5500000E+00   -7.2295976E-05    3.7237629E-05    1.0848087E-05    3.5754610E-05    1.6756050E-05    2.5624877E-08    9.9979117E-17    9.2960438E-07    3.8239170E-08    3.0330367E-09    3.3586074E-05    6.7055853E-04    3.2839302E-04    8.2788416E-05
    1.6500000E+00   -7.3331613E-05    3.7578714E-05    1.1015802E-05    3.5797122E-05    1.6909455E-05    2.4067310E-08    9.9993302E-17    1.0052499E-06    3.8362248E-08    3.0413191E-09    3.4595218E-05    6.7065367E-04    3.2843962E-04    8.2800162E-05
    1.7500000E+00   -7.4364283E-05    3.7917402E-05    1.1182928E-05    3.5836402E-05    1.7061845E-05    2.2631134E-08    9.9998109E-17    1.0810867E-06    3.8485098E-08    3.0497320E-09    3.5604389E-05    6.7068591E-04    3.2845541E-04    8.2804142E-05
    1.8500000E+00   -7.5397561E-05    3.8255709E-05    1.1349996E-05    3.5874609E-05    1.7214127E-05    2.1304630E-08    9.9999653E-17    1.1571125E-06    3.8609890E-08    3.0584338E-09    3.6614838E-05    6.7069627E-04    3.2846048E-04    8.2805421E-05
    1.9500000E+00   -7.6432711E-05    3.8594357E-05    1.1517196E-05    3.5912514E-05    1.7366625E-05    2.0077529E-08    1.0000012E-16    1.2333268E-06    3.8737370E-08    3.0674704E-09    3.7627007E-05    6.7069943E-04    3.2846203E-04    8.2805811E-05
    2.0500000E+00   -7.7470145E-05    3.8933589E-05    1.1684594E-05    3.5950379E-05    1.7519452E-05    1.8940726E-08    1.0000026E-16    1.3097297E-06    3.8867759E-08    3.0768467E-09    3.8641045E-05    6.7070035E-04    3.2846248E-04    8.2805925E-05
    2.1500000E+00   -7.8509980E-05    3.9273485E-05    1.1852210E-05    3.5988286E-05    1.7672640E-05    1.7886111E-08    1.0000030E-16    1.3863212E-06    3.9001099E-08    3.0865549E-09    3.9656995E-05    6.7070061E-04    3.2846260E-04    8.2805957E-05
    2.2500000E+00   -7.9552238E-05    3.9614067E-05    1.2020051E-05    3.6026261E-05    1.7826203E-05    1.6906437E-08    1.0000031E-16    1.4631017E-06    3.9137378E-08    3.0965838E-09    4.0674866E-05    6.7070068E-04    3.2846264E-04    8.2805965E-05
    2.3500000E+00   -8.0596915E-05    3.9955344E-05    1.2188118E-05    3.6064312E-05    1.7980143E-05    1.5995211E-08    1.0000031E-16    1.5400714E-06    3.9276570E-08    3.1069222E-09    4.1694656E-05    6.7070070E-04    3.2846265E-04    8.2805967E-05
    2.4500000E+00   -8.1644000E-05    4.0297319E-05    1.2356412E-05    3.6102439E-05    1.8134461E-05    1.5146610E-08    1.0000031E-16    1.6172305E-06    3.9418648E-08    3.1175597E-09    4.2716365E-05    6.7070070E-04    3.2846265E-04    8.2805968E-05
    2.5500000E+00   -8.2693480E-05    4.0639992E-05    1.2524934E-05    3.6140644E-05    1.8289159E-05    1.4355392E-08    1.0000031E-16    1.6945793E-06    3.9563586E-08    3.1284871E-09    4.3739989E-05    6.7070070E-04    3.2846265E-04    8.2805968E-05
    2.6500000E+00   -8.3745344E-05    4.0983364E-05    1.2693683E-05    3.6178928E-05    1.8444236E-05    1.3616836E-08    1.0000031E-16    1.7721180E-06    3.9711361E-08    3.1396957E-09    4.4765524E-05    6.7070070E-04    3.2846265E-04    8.2805968E-05
    2.7500000E+00   -8.4799581E-05    4.1327437E-05    1.2862660E-05    3.6217289E-05    1.8599694E-05    1.2926680E-08    1.0000031E-16    1.8498468E-06    3.9861952E-08    3.1511782E-09    4.5792969E-05    6.7070070E-04    3.2846265E-04    8.2805968E-05
    2.8500000E+00   -8.5856183E-05    4.1672211E-05    1.3031866E-05    3.6255728E-05    1.8755532E-05    1.2281069E-08    1.0000031E-16    1.9277661E-06    4.0015341E-08    3.1629279E-09    4.6822322E-05    6.7070070E-04    3.2846265E-04    8.2805968E-05
    2.9500000E+00   -8.6915142E-05    4.2017687E-05    1.3201299E-05    3.6294246E-05    1.8911752E-05    1.1676510E-08    1.0000031E-16    2.0058761E-06    4.0171513E-08    3.1749388E-09    4.7853581E-05    6.7070070E-04    3.2846265E-04    8.2805968E-05
    3.0500000E+00   -8.7976450E-05    4.2363866E-05    1.3370961E-05    3.6332842E-05    1.9068354E-05    1.1109833E-08    1.0000031E-16    2.0841769E-06    4.0330453E-08    3.1872054E-09    4.8886745E-05    6.7070070E-04    3.2846265E-04    8.2805968E-05
    3.1500000E+00   -8.9040102E-05    4.2710747E-05    1.3540851E-05    3.6371516E-05    1.9225338E-05    1.0578157E-08    1.0000031E-16    2.1626689E-06    4.0492149E-08    3.1997231E-09    4.9921812E-05    6.7070070E-04    3.2846265E-04    8.2805968E-05
    3.2500000E+00   -9.0106091E-05    4.3058333E-05    1.3710970E-05    3.6410269E-05    1.9382705E-05    1.0078860E-08    1.0000031E-16    2.2413523E-06    4.0656590E-08    3.2124875E-09    5.0958781E-05    6.7070070E-04    3.2846265E-04    8.2805968E-05
    3.3500000E+00   -9.1174414E-05    4.3406623E-05    1.3881318E-05    3.6449100E-05    1.9540454E-05    9.6095490E-09    1.0000031E-16    2.3202272E-06    4.0823768E-08    3.2254950E-09    5.1997653E-05    6.7070070E-04    3.2846265E-04    8.2805968E-05
    3.4500000E+00   -9.2245065E-05    4.3755619E-05    1.4051894E-05    3.6488010E-05    1.9698588E-05    9.1680415E-09    1.0000031E-16    2.3992940E-06    4.0993673E-08    3.2387420E-09    5.3038426E-05    6.7070070E-04    3.2846265E-04    8.2805968E-05
    3.5500000E+00   -9.3318043E-05    4.4105321E-05    1.4222699E-05    3.6526999E-05    1.9857106E-05    8.7523411E-09    1.0000031E-16    2.4785529E-06    4.1166298E-08    3.2522257E-09    5.4081100E-05    6.7070070E-04    3.2846265E-04    8.2805968E-05
    3.6500000E+00   -9.4393342E-05    4.4455729E-05    1.4393734E-05    3.6566066E-05    2.0016008E-05    8.3606201E-09    1.0000031E-16    2.5580041E-06    4.1341639E-08    3.2659433E-09    5.5125675E-05    6.7070070E-04    3.2846265E-04    8.2805968E-05
    3.7500000E+00   -9.5470961E-05    4.4806846E-05    1.4564997E-05    3.6605213E-05    2.0175296E-05    7.9912031E-09    1.0000031E-16    2.6376479E-06    4.1519688E-08    3.2798924E-09    5.6172150E-05    6.7070070E-04    3.2846265E-04    8.2805968E-05
    3.8500000E+00   -9.6550898E-05    4.5158671E-05    1.4736490E-05    3.6644438E-05    2.0334969E-05    7.6425523E-09    1.0000031E-16    2.7174844E-06    4.1700444E-08    3.2940710E-09    5.7220527E-05    6.7070070E-04    3.2846265E-04    8.2805968E-05
    3.9500000E+00   -9.7633150E-05    4.5511204E-05    1.4908212E-05    3.6683743E-05    2.0495028E-05    7.3132546E-09    1.0000031E-16    2.7975140E-06    4.1883901E-08    3.3084772E-09    5.8270804E-05    6.7070070E-04    3.2846265E-04    8.2805968E-05
    4.0500000E+00   -9.8717716E-05    4.5864448E-05    1.5080164E-05    3.6723126E-05    2.0655474E-05    7.0020098E-09    1.0000031E-16    2.8777368E-06    4.2070057E-08    3.3231094E-09    5.9322984E-05    6.7070070E-04    3.2846265E-04    8.2805968E-05
    4.1500000E+00   -9.9804595E-05    4.6218402E-05    1.5252345E-05    3.6762589E-05    2.0816306E-05    6.7076205E-09    1.0000031E-16    2.9581531E-06    4.2258910E-08    3.3379660E-09    6.0377065E-05    6.7070070E-04    3.2846265E-04    8.2805968E-05
    4.2500000E+00   -1.0089379E-04    4.6573067E-05    1.5424755E-05    3.6802131E-05    2.0977526E-05    6.4289823E-09    1.0000031E-16    3.0387631E-06    4.2450459E-08    3.3530460E-09    6.1433048E-05    6.7070070E-04    3.2846265E-04    8.2805968E-05
    4.3500000E+00   -1.0198529E-04    4.6928444E-05    1.5597395E-05    3.6841753E-05    2.1139134E-05    6.1650761E-09    1.0000031E-16    3.1195670E-06    4.2644702E-08    3.3683482E-09    6.2490934E-05    6.7070070E-04    3.2846265E-04    8.2805968E-05
    4.4500000E+00   -1.0307910E-04    4.7284534E-05    1.5770265E-05    3.6881454E-05    2.1301130E-05    5.9149598E-09    1.0000031E-16    3.2005652E-06    4.2841640E-08    3.3838715E-09    6.3550723E-05    6.7070070E-04    3.2846265E-04    8.2805968E-05
    4.5500000E+00   -1.0417522E-04    4.7641337E-05    1.5943364E-05    3.6921234E-05    2.1463516E-05    5.6777623E-09    1.0000031E-16    3.2817578E-06    4.3041272E-08    3.3996153E-09    6.4612417E-05    6.7070070E-04    3.2846265E-04    8.2805968E-05
    4.6500000E+00   -1.0527366E-04    4.7998855E-05    1.6116693E-05    3.6961094E-05    2.1626290E-05    5.4526771E-09    1.0000031E-16    3.3631450E-06    4.3243599E-08    3.4155788E-09    6.5676015E-05    6.7070070E-04    3.2846265E-04    8.2805968E-05
    4.7500000E+00   -1.0637440E-04    4.8357087E-05    1.6290252E-05    3.7001034E-05    2.1789454E-05    5.2389565E-09    1.0000031E-16    3.4447271E-06    4.3448621E-08    3.4317615E-09    6.6741518E-05    6.7070070E-04    3.2846265E-04    8.2805968E-05
    4.8500000E+00   -1.0747745E-04    4.8716034E-05    1.6464041E-05    3.7041054E-05    2.1953009E-05    5.0359071E-09    1.0000031E-16    3.5265044E-06    4.3656341E-08    3.4481627E-09    6.7808928E-05    6.7070070E-04    3.2846265E-04    8.2805968E-05
    4.9500000E+00   -1.0858282E-04    4.9075698E-05    1.6638059E-05    3.7081153E-05    2.2116954E-05    4.8428852E-09    1.0000031E-16    3.6084770E-06    4.3866759E-08    3.4647822E-09    6.8878245E-05    6.7070070E-04    3.2846265E-04    8.2805968E-05
    5.0500000E+00   -1.0969049E-04    4.9436078E-05    1.6812308E-05    3.7121333E-05    2.2281290E-05    4.6592924E-09    1.0000031E-16    3.6906452E-06    4.4079877E-08    3.4816197E-09    6.9949470E-05    6.7070070E-04    3.2846265E-04    8.2805968E-05
    5.1500000E+00   -1.1080048E-04    4.9797177E-05    1.6986785E-05    3.7161592E-05    2.2446018E-05    4.4845723E-09    1.0000031E-16    3.7730092E-06    4.4295699E-08    3.4986748E-09    7.1022603E-05    6.7070070E-04    3.2846265E-04    8.2805968E-05
    5.2500000E+00   -1.1191278E-04    5.0158993E-05    1.7161493E-05    3.7201931E-05    2.2611139E-05    4.3182071E-09    1.0000031E-16    3.8555693E-06    4.4514227E-08    3.5159474E-09    7.2097647E-05    6.7070070E-04    3.2846265E-04    8.2805968E-05
    5.3500000E+00   -1.1302740E-04    5.0521529E-05    1.7336431E-05    3.7242351E-05    2.2776651E-05    4.1597142E-09    1.0000031E-16    3.9383256E-06    4.4735463E-08    3.5334374E-09    7.3174600E-05    6.7070070E-04    3.2846265E-04    8.2805968E-05
    5.4500000E+00   -1.1414432E-04    5.0884785E-05    1.7511598E-05    3.7282851E-05    2.2942557E-05    4.0086437E-09    1.0000031E-16    4.0212785E-06    4.4959410E-08    3.5511448E-09    7.4253466E-05    6.7070070E-04    3.2846265E-04    8.2805968E-05
    5.5500000E+00   -1.1526357E-04    5.1248760E-05    1.7686994E-05    3.7323431E-05    2.3108856E-05    3.8645759E-09    1.0000031E-16    4.1044282E-06    4.5186073E-08    3.5690695E-09    7.5334243E-05    6.7070070E-04    3.2846265E-04    8.2805968E-05
    5.6500000E+00   -1.1638513E-04    5.1613458E-05    1.7862621E-05    3.7364092E-05    2.3275550E-05    3.7271189E-09    1.0000031E-16    4.1877748E-06    4.5415455E-08    3.5872116E-09    7.6416934E-05    6.7070070E-04    3.2846265E-04    8.2805968E-05
    5.7500000E+00   -1.1750900E-04    5.1978877E-05    1.8038477E-05    3.7404833E-05    2.3442637E-05    3.5959064E-09    1.0000031E-16    4.2713187E-06    4.5647559E-08    3.6055711E-09    7.7501539E-05    6.7070070E-04    3.2846265E-04    8.2805968E-05
    5.8500000E+00   -1.1863520E-04    5.2345019E-05    1.8214562E-05    3.7445654E-05    2.3610120E-05    3.4705961E-09    1.0000031E-16    4.3550600E-06    4.5882391E-08    3.6241483E-09    7.8588059E-05    6.7070070E-04    3.2846265E-04    8.2805968E-05
    5.9500000E+00   -1.1976371E-04    5.2711884E-05    1.8390876E-05    3.7486557E-05    2.3777998E-05    3.3508673E-09    1.0000031E-16    4.4389990E-06    4.6119954E-08    3.6429432E-09    7.9676496E-05    6.7070070E-04    3.2846265E-04    8.2805968E-05
    6.0500000E+00   -1.2089455E-04    5.3079473E-05    1.8567420E-05    3.7527540E-05    2.3946272E-05    3.2364200E-09    1.0000031E-16    4.5231359E-06    4.6360252E-08    3.6619561E-09    8.0766849E-05    6.7070070E-04    3.2846265E-04    8.2805968E-05
    6.1500000E+00   -1.2202771E-04    5.3447787E-05    1.8744193E-05    3.7568604E-05    2.4114942E-05    3.1269730E-09    1.0000031E-16    4.6074710E-06    4.6603291E-08    3.6811872E-09    8.1859120E-05    6.7070070E-04    3.2846265E-04    8.2805968E-05
    6.2500000E+00   -1.2316319E-04    5.3816826E-05    1.8921196E-05    3.7609748E-05    2.4284009E-05    3.0222626E-09    1.0000031E-16    4.6920044E-06    4.6849076E-08    3.7006367E-09    8.2953311E-05    6.7070070E-04    3.2846265E-04    8.2805968E-05
    6.3500000E+00   -1.2430100E-04    5.4186592E-05    1.9098427E-05    3.7650974E-05    2.4453473E-05    2.9220414E-09    1.0000031E-16    4.7767365E-06    4.7097612E-08    3.7203050E-09    8.4049421E-05    6.7070070E-04    3.2846265E-04    8.2805968E-05
    6.4500000E+00   -1.2544114E-04    5.4557084E-05    1.9275886E-05    3.7692281E-05    2.4623335E-05    2.8260771E-09    1.0000031E-16    4.8616675E-06    4.7348903E-08    3.7401925E-09    8.5147452E-05    6.7070070E-04    3.2846265E-04    8.2805968E-05
    6.5500000E+00   -1.2658360E-04    5.4928305E-05    1.9453575E-05    3.7733669E-05    2.4793595E-05    2.7341516E-09    1.0000031E-16    4.9467975E-06    4.7602956E-08    3.7602993E-09    8.6247405E-05    6.7070070E-04    3.2846265E-04    8.2805968E-05
    6.6500000E+00   -1.2772839E-04    5.5300253E-05    1.9631491E-05    3.7775138E-05    2.4964254E-05    2.6460597E-09    1.0000031E-16    5.0321268E-06    4.7859777E-08    3.7806259E-09    8.7349280E-05    6.7070070E-04    3.2846265E-04    8.2805968E-05
    6.7500000E+00   -1.2887552E-04    5.5672931E-05    1.9809637E-05    3.7816688E-05    2.5135311E-05    2.5616085E-09    1.0000031E-16    5.1176557E-06    4.8119370E-08    3.8011728E-09    8.8453079E-05    6.7070070E-04    3.2846265E-04    8.2805968E-05
    6.8500000E+00   -1.3002497E-04    5.6046338E-05    1.9988010E-05    3.7858320E-05    2.5306769E-05    2.4806165E-09    1.0000031E-16    5.2033844E-06    4.8381743E-08    3.8219402E-09    8.9558802E-05    6.7070070E-04    3.2846265E-04    8.2805968E-05
    6.9500000E+00   -1.3117676E-04    5.6420476E-05    2.0166611E-05    3.7900033E-05    2.5478626E-05    2.4029126E-09    1.0000031E-16    5.2893132E-06    4.8646901E-08    3.8429287E-09    9.0666450E-05    6.7070070E-04    3.2846265E-04    8.2805968E-05
    7.0500000E+00   -1.3233089E-04    5.6795345E-05    2.0345439E-05    3.7941828E-05    2.5650884E-05    2.3283358E-09    1.0000031E-16    5.3754421E-06    4.8914850E-08    3.8641387E-09    9.1776024E-05    6.7070070E-04    3.2846265E-04    8.2805968E-05
    7.1500000E+00   -1.3348735E-04    5.7170947E-05    2.0524495E-05    3.7983704E-05    2.5823543E-05    2.2567343E-09    1.0000031E-16    5.4617716E-06    4.9185598E-08    3.8855706E-09    9.2887525E-05    6.7070070E-04    3.2846265E-04    8.2805968E-05
    7.2500000E+00   -1.3464616E-04    5.7547280E-05    2.0703779E-05    3.8025662E-05    2.5996604E-05    2.1879648E-09    1.0000031E-16    5.5483018E-06    4.9459151E-08    3.9072250E-09    9.4000954E-05    6.7070070E-04    3.2846265E-04    8.2805968E-05
    7.3500000E+00   -1.3580730E-04    5.7924347E-05    2.0883289E-05    3.8067702E-05    2.6170066E-05    2.1218922E-09    1.0000031E-16    5.6350329E-06    4.9735515E-08    3.9291023E-09    9.5116311E-05    6.7070070E-04    3.2846265E-04    8.2805968E-05
    7.4500000E+00   -1.3697078E-04    5.8302148E-05    2.1063025E-05    3.8109823E-05    2.6343931E-05    2.0583889E-09    1.0000031E-16    5.7219653E-06    5.0014698E-08    3.9512032E-09    9.6233597E-05    6.7070070E-04    3.2846265E-04    8.2805968E-05
    7.5500000E+00   -1.3813661E-04    5.8680684E-05    2.1242988E-05    3.8152027E-05    2.6518198E-05    1.9973344E-09    1.0000031E-16    5.8090990E-06    5.0296707E-08    3.9735280E-09    9.7352813E-05    6.7070070E-04    3.2846265E-04    8.2805968E-05
    7.6500000E+00   -1.3930479E-04    5.9059956E-05    2.1423177E-05    3.8194312E-05    2.6692869E-05    1.9386148E-09    1.0000031E-16    5.8964344E-06    5.0581550E-08    3.9960774E-09    9.8473960E-05    6.7070070E-04    3.2846265E-04    8.2805968E-05
    7.7500000E+00   -1.4047531E-04    5.9439963E-05    2.1603592E-05    3.8236680E-05    2.6867943E-05    1.8821222E-09    1.0000031E-16    5.9839717E-06    5.0869232E-08    4.0188520E-09    9.9597038E-05    6.7070070E-04    3.2846265E-04    8.2805968E-05
    7.8500000E+00   -1.4164818E-04    5.9820708E-05    2.1784232E-05    3.8279130E-05    2.7043422E-05    1.8277549E-09    1.0000031E-16    6.0717111E-06    5.1159763E-08    4.0418523E-09    1.0072205E-04    6.7070070E-04    3.2846265E-04    8.2805968E-05
    7.9500000E+00   -1.4282340E-04    6.0202190E-05    2.1965097E-05    3.8321662E-05    2.7219306E-05    1.7754163E-09    1.0000031E-16    6.1596529E-06    5.1453150E-08    4.0650789E-09    1.0184899E-04    6.7070070E-04    3.2846265E-04    8.2805968E-05
    8.0500000E+00   -1.4400098E-04    6.0584411E-05    2.2146187E-05    3.8364276E-05    2.7395595E-05    1.7250152E-09    1.0000031E-16    6.2477973E-06    5.1749401E-08    4.0885324E-09    1.0297787E-04    6.7070070E-04    3.2846265E-04    8.2805968E-05
    8.1500000E+00   -1.4518091E-04    6.0967370E-05    2.2327501E-05    3.8406973E-05    2.7572289E-05    1.6764650E-09    1.0000031E-16    6.3361444E-06    5.2048523E-08    4.1122136E-09    1.0410868E-04    6.7070070E-04    3.2846265E-04    8.2805968E-05
    8.2500000E+00   -1.4636319E-04    6.1351070E-05    2.2509039E-05    3.8449752E-05    2.7749389E-05    1.6296837E-09    1.0000031E-16    6.4246947E-06    5.2350526E-08    4.1361229E-09    1.0524142E-04    6.7070070E-04    3.2846265E-04    8.2805968E-05
    8.3500000E+00   -1.4754783E-04    6.1735510E-05    2.2690800E-05    3.8492614E-05    2.7926896E-05    1.5845936E-09    1.0000031E-16    6.5134482E-06    5.2655418E-08    4.1602611E-09    1.0637610E-04    6.7070070E-04    3.2846265E-04    8.2805968E-05
    8.4500000E+00   -1.4873483E-04    6.2120691E-05    2.2872784E-05    3.8535558E-05    2.8104810E-05    1.5411210E-09    1.0000031E-16    6.6024052E-06    5.2963207E-08    4.1846289E-09    1.0751271E-04    6.7070070E-04    3.2846265E-04    8.2805968E-05
    8.5500000E+00   -1.4992418E-04    6.2506614E-05    2.3054991E-05    3.8578585E-05    2.8283132E-05    1.4991958E-09    1.0000031E-16    6.6915660E-06    5.3273901E-08    4.2092269E-09    1.0865126E-04    6.7070070E-04    3.2846265E-04    8.2805968E-05
    8.6500000E+00   -1.5111590E-04    6.2893279E-05    2.3237419E-05    3.8621695E-05    2.8461862E-05    1.4587516E-09    1.0000031E-16    6.7809308E-06    5.3587511E-08    4.2340558E-09    1.0979174E-04    6.7070070E-04    3.2846265E-04    8.2805968E-05
    8.7500000E+00   -1.5230999E-04    6.3280688E-05    2.3420069E-05    3.8664888E-05    2.8641000E-05    1.4197253E-09    1.0000031E-16    6.8704998E-06    5.3904044E-08    4.2591164E-09    1.1093417E-04    6.7070070E-04    3.2846265E-04    8.2805968E-05
    8.8500000E+00   -1.5350643E-04    6.3668841E-05    2.3602941E-05    3.8708164E-05    2.8820547E-05    1.3820570E-09    1.0000031E-16    6.9602733E-06    5.4223510E-08    4.2844094E-09    1.1207852E-04    6.7070070E-04    3.2846265E-04    8.2805968E-05
    8.9500000E+00   -1.5470525E-04    6.4057739E-05    2.3786032E-05    3.8751522E-05    2.9000503E-05    1.3456896E-09    1.0000031E-16    7.0502514E-06    5.4545919E-08    4.3099354E-09    1.1322482E-04    6.7070070E-04    3.2846265E-04    8.2805968E-05
    9.0500000E+00   -1.5590643E-04    6.4447383E-05    2.3969343E-05    3.8794964E-05    2.9180869E-05    1.3105690E-09    1.0000031E-16    7.1404345E-06    5.4871280E-08    4.3356954E-09    1.1437305E-04    6.7070070E-04    3.2846265E-04    8.2805968E-05
    9.1500000E+00   -1.5710998E-04    6.4837772E-05    2.4152874E-05    3.8838489E-05    2.9361645E-05    1.2766436E-09    1.0000031E-16    7.2308227E-06    5.5199602E-08    4.3616900E-09    1.1552322E-04    6.7070070E-04    3.2846265E-04    8.2805968E-05
    9.2500000E+00   -1.5831591E-04    6.5228909E-05    2.4336623E-05    3.8882098E-05    2.9542833E-05    1.2438644E-09    1.0000031E-16    7.3214163E-06    5.5530896E-08    4.3879201E-09    1.1667533E-04    6.7070070E-04    3.2846265E-04    8.2805968E-05
    9.3500000E+00   -1.5952420E-04    6.5620793E-05    2.4520591E-05    3.8925789E-05    2.9724431E-05    1.2121847E-09    1.0000031E-16    7.4122156E-06    5.5865172E-08    4.4143863E-09    1.1782938E-04    6.7070070E-04    3.2846265E-04    8.2805968E-05
    9.4500000E+00   -1.6073487E-04    6.6013425E-05    2.4704775E-05    3.8969565E-05    2.9906441E-05    1.1815599E-09    1.0000031E-16    7.5032206E-06    5.6202440E-08    4.4410897E-09    1.1898536E-04    6.7070070E-04    3.2846265E-04    8.2805968E-05
    9.5500000E+00   -1.6194792E-04    6.6406807E-05    2.4889177E-05    3.9013423E-05    3.0088864E-05    1.1519478E-09    1.0000031E-16    7.5944318E-06    5.6542710E-08    4.4680309E-09    1.2014328E-04    6.7070070E-04    3.2846265E-04    8.2805968E-05
    9.6500000E+00   -1.6316334E-04    6.6800938E-05    2.5073794E-05    3.9057365E-05    3.0271699E-05    1.1233079E-09    1.0000031E-16    7.6858493E-06    5.6885993E-08    4.4952109E-09    1.2130314E-04    6.7070070E-04    3.2846265E-04    8.2805968E-05
    9.7500000E+00   -1.6438114E-04    6.7195820E-05    2.5258627E-05    3.9101391E-05    3.0454947E-05    1.0956018E-09    1.0000031E-16    7.7774734E-06    5.7232300E-08    4.5226304E-09    1.2246494E-04    6.7070070E-04    3.2846265E-04    8.2805968E-05
    9.8500000E+00   -1.6560132E-04    6.7591453E-05    2.5443674E-05    3.9145501E-05    3.0638608E-05    1.0687928E-09    1.0000031E-16    7.8693042E-06    5.7581641E-08    4.5502904E-09    1.2362867E-04    6.7070070E-04    3.2846265E-04    8.2805968E-05
    9.9500000E+00   -1.6682389E-04    6.7987838E-05    2.5628935E-05    3.9189695E-05    3.0822684E-05    1.0428458E-09    1.0000031E-16    7.9613420E-06    5.7934029E-08    4.5781918E-09    1.2479434E-04    6.7070070E-04    3.2846265E-04    8.2805968E-05
    1.0050000E+01   -1.6804883E-04    6.8384976E-05    2.5814409E-05    3.9233972E-05    3.1007174E-05    1.0177275E-09    1.0000031E-16    8.0535872E-06    5.8289474E-08    4.6063355E-09    1.2596195E-04    6.7070070E-04    3.2846265E-04    8.2805968E-05
    1.0150000E+01   -1.6927616E-04    6.8782867E-05    2.6000095E-05    3.9278333E-05    3.1192080E-05    9.9340588E-10    1.0000031E-16    8.1460398E-06    5.8647988E-08    4.6347223E-09    1.2713150E-04    6.7070070E-04    3.2846265E-04    8.2805968E-05
    1.0250000E+01   -1.7050588E-04    6.9181512E-05    2.6185992E-05    3.9322779E-05    3.1377400E-05    9.6985056E-10    1.0000031E-16    8.2387001E-06    5.9009584E-08    4.6633534E-09    1.2830298E-04    6.7070070E-04    3.2846265E-04    8.2805968E-05
    1.0350000E+01   -1.7173798E-04    6.9580911E-05    2.6372099E-05    3.9367309E-05    3.1563137E-05    9.4703242E-10    1.0000031E-16    8.3315683E-06    5.9374271E-08    4.6922295E-09    1.2947640E-04    6.7070070E-04    3.2846265E-04    8.2805968E-05
    1.0450000E+01   -1.7297247E-04    6.9981067E-05    2.6558416E-05    3.9411923E-05    3.1749290E-05    9.2492367E-10    1.0000031E-16    8.4246448E-06    5.9742065E-08    4.7213517E-09    1.3065176E-04    6.7070070E-04    3.2846265E-04    8.2805968E-05
    1.0550000E+01   -1.7420935E-04    7.0381978E-05    2.6744942E-05    3.9456621E-05    3.1935859E-05    9.0349773E-10    1.0000031E-16    8.5179297E-06    6.0112975E-08    4.7507209E-09    1.3182905E-04    6.7070070E-04    3.2846265E-04    8.2805968E-05
    1.0650000E+01   -1.7544861E-04    7.0783647E-05    2.6931674E-05    3.9501403E-05    3.2122846E-05    8.8272919E-10    1.0000031E-16    8.6114232E-06    6.0487016E-08    4.7803383E-09    1.3300828E-04    6.7070070E-04    3.2846265E-04    8.2805968E-05
    1.0750000E+01   -1.7669028E-04    7.1186073E-05    2.7118614E-05    3.9546270E-05    3.2310251E-05    8.6259377E-10    1.0000031E-16    8.7051256E-06    6.0864200E-08    4.8102048E-09    1.3418944E-04    6.7070070E-04    3.2846265E-04    8.2805968E-05
    1.0850000E+01   -1.7793433E-04    7.1589257E-05    2.7305759E-05    3.9591222E-05    3.2498074E-05    8.4306821E-10    1.0000031E-16    8.7990371E-06    6.1244540E-08    4.8403214E-09    1.3537253E-04    6.7070070E-04    3.2846265E-04    8.2805968E-05
    1.0950000E+01   -1.7918078E-04    7.1993201E-05    2.7493108E-05    3.9636258E-05    3.2686316E-05    8.2413028E-10    1.0000031E-16    8.8931580E-06    6.1628050E-08    4.8706893E-09    1.3655756E-04    6.7070070E-04    3.2846265E-04    8.2805968E-05
    1.1050000E+01   -1.8042962E-04    7.2397904E-05    2.7680661E-05    3.9681379E-05    3.2874977E-05    8.0575867E-10    1.0000031E-16    8.9874885E-06    6.2014742E-08    4.9013095E-09    1.3774452E-04    6.7070070E-04    3.2846265E-04    8.2805968E-05
    1.1150000E+01   -1.8168086E-04    7.2803368E-05    2.7868416E-05    3.9726585E-05    3.3064058E-05    7.8793300E-10    1.0000031E-16    9.0820288E-06    6.2404632E-08    4.9321831E-09    1.3893341E-04    6.7070070E-04    3.2846265E-04    8.2805968E-05
    1.1250000E+01   -1.8293449E-04    7.3209593E-05    2.8056371E-05    3.9771875E-05    3.3253558E-05    7.7063375E-10    1.0000031E-16    9.1767792E-06    6.2797733E-08    4.9633112E-09    1.4012423E-04    6.7070070E-04    3.2846265E-04    8.2805968E-05
    1.1350000E+01   -1.8419053E-04    7.3616580E-05    2.8244527E-05    3.9817251E-05    3.3443480E-05    7.5384222E-10    1.0000031E-16    9.2717398E-06    6.3194059E-08    4.9946951E-09    1.4131698E-04    6.7070070E-04    3.2846265E-04    8.2805968E-05
    1.1450000E+01   -1.8544896E-04    7.4024329E-05    2.8432881E-05    3.9862712E-05    3.3633822E-05    7.3754046E-10    1.0000031E-16    9.3669109E-06    6.3593626E-08    5.0263358E-09    1.4251166E-04    6.7070070E-04    3.2846265E-04    8.2805968E-05
    1.1550000E+01   -1.8670980E-04    7.4432842E-05    2.8621433E-05    3.9908257E-05    3.3824586E-05    7.2171131E-10    1.0000031E-16    9.4622929E-06    6.3996447E-08    5.0582345E-09    1.4370827E-04    6.7070070E-04    3.2846265E-04    8.2805968E-05
    1.1650000E+01   -1.8797303E-04    7.4842119E-05    2.8810180E-05    3.9953888E-05    3.4015772E-05    7.0633828E-10    1.0000031E-16    9.5578858E-06    6.4402538E-08    5.0903926E-09    1.4490680E-04    6.7070070E-04    3.2846265E-04    8.2805968E-05
    1.1750000E+01   -1.8923867E-04    7.5252161E-05    2.8999123E-05    3.9999604E-05    3.4207380E-05    6.9140558E-10    1.0000031E-16    9.6536899E-06    6.4811914E-08    5.1228111E-09    1.4610726E-04    6.7070070E-04    3.2846265E-04    8.2805968E-05
    1.1850000E+01   -1.9050671E-04    7.5662968E-05    2.9188258E-05    4.0045406E-05    3.4399411E-05    6.7689806E-10    1.0000031E-16    9.7497054E-06    6.5224591E-08    5.1554913E-09    1.4730964E-04    6.7070070E-04    3.2846265E-04    8.2805968E-05
    1.1950000E+01   -1.9177716E-04    7.6074541E-05    2.9377585E-05    4.0091293E-05    3.4591865E-05    6.6280116E-10    1.0000031E-16    9.8459327E-06    6.5640585E-08    5.1884346E-09    1.4851394E-04    6.7070070E-04    3.2846265E-04    8.2805968E-05
    1.2050000E+01   -1.9305001E-04    7.6486882E-05    2.9567103E-05    4.0137265E-05    3.4784744E-05    6.4910093E-10    1.0000031E-16    9.9423719E-06    6.6059913E-08    5.2216421E-09    1.4972017E-04    6.7070070E-04    3.2846265E-04    8.2805968E-05
    1.2150000E+01   -1.9432526E-04    7.6899990E-05    2.9756809E-05    4.0183323E-05    3.4978046E-05    6.3578397E-10    1.0000031E-16    1.0039023E-05    6.6482590E-08    5.2551153E-09    1.5092831E-04    6.7070070E-04    3.2846265E-04    8.2805968E-05
    1.2250000E+01   -1.9560292E-04    7.7313866E-05    2.9946703E-05    4.0229467E-05    3.5171774E-05    6.2283742E-10    1.0000031E-16    1.0135887E-05    6.6908633E-08    5.2888555E-09    1.5213837E-04    6.7070070E-04    3.2846265E-04    8.2805968E-05
    1.2350000E+01   -1.9688299E-04    7.7728511E-05    3.0136783E-05    4.0275696E-05    3.5365926E-05    6.1024892E-10    1.0000031E-16    1.0232963E-05    6.7338061E-08    5.3228640E-09    1.5335035E-04    6.7070070E-04    3.2846265E-04    8.2805968E-05
    1.2450000E+01   -1.9816546E-04    7.8143926E-05    3.0327047E-05    4.0322011E-05    3.5560505E-05    5.9800659E-10    1.0000031E-16    1.0330252E-05    6.7770889E-08    5.3571423E-09    1.5456424E-04    6.7070070E-04    3.2846265E-04    8.2805968E-05
    1.2550000E+01   -1.9945035E-04    7.8560112E-05    3.0517493E-05    4.0368412E-05    3.5755509E-05    5.8609904E-10    1.0000031E-16    1.0427755E-05    6.8207136E-08    5.3916917E-09    1.5578004E-04    6.7070070E-04    3.2846265E-04    8.2805968E-05
    1.2650000E+01   -2.0073764E-04    7.8977069E-05    3.0708120E-05    4.0414900E-05    3.5950941E-05    5.7451529E-10    1.0000031E-16    1.0525470E-05    6.8646820E-08    5.4265138E-09    1.5699775E-04    6.7070070E-04    3.2846265E-04    8.2805968E-05
    1.2750000E+01   -2.0202734E-04    7.9394798E-05    3.0898925E-05    4.0461473E-05    3.6146799E-05    5.6324481E-10    1.0000031E-16    1.0623399E-05    6.9089960E-08    5.4616099E-09    1.5821737E-04    6.7070070E-04    3.2846265E-04    8.2805968E-05
    1.2850000E+01   -2.0331945E-04    7.9813299E-05    3.1089908E-05    4.0508132E-05    3.6343085E-05    5.5227747E-10    1.0000031E-16    1.0721542E-05    6.9536573E-08    5.4969816E-09    1.5943889E-04    6.7070070E-04    3.2846265E-04    8.2805968E-05
    1.2950000E+01   -2.0461397E-04    8.0232574E-05    3.1281067E-05    4.0554878E-05    3.6539799E-05    5.4160351E-10    1.0000031E-16    1.0819899E-05    6.9986680E-08    5.5326304E-09    1.6066232E-04    6.7070070E-04    3.2846265E-04    8.2805968E-05
    1.3050000E+01   -2.0591090E-04    8.0652623E-05    3.1472398E-05    4.0601709E-05    3.6736941E-05    5.3121357E-10    1.0000031E-16    1.0918470E-05    7.0440300E-08    5.5685579E-09    1.6188765E-04    6.7070070E-04    3.2846265E-04    8.2805968E-05
    1.3150000E+01   -2.0721024E-04    8.1073446E-05    3.1663901E-05    4.0648628E-05    3.6934512E-05    5.2109863E-10    1.0000031E-16    1.1017256E-05    7.0897452E-08    5.6047657E-09    1.6311487E-04    6.7070070E-04    3.2846265E-04    8.2805968E-05
    1.3250000E+01   -2.0851199E-04    8.1495046E-05    3.1855574E-05    4.0695632E-05    3.7132513E-05    5.1125000E-10    1.0000031E-16    1.1116257E-05    7.1358157E-08    5.6412553E-09    1.6434400E-04    6.7070070E-04    3.2846265E-04    8.2805968E-05
    1.3350000E+01   -2.0981615E-04    8.1917421E-05    3.2047413E-05    4.0742724E-05    3.7330944E-05    5.0165934E-10    1.0000031E-16    1.1215472E-05    7.1822435E-08    5.6780284E-09    1.6557501E-04    6.7070070E-04    3.2846265E-04    8.2805968E-05
    1.3450000E+01   -2.1112272E-04    8.2340573E-05    3.2239418E-05    4.0789901E-05    3.7529805E-05    4.9231860E-10    1.0000031E-16    1.1314902E-05    7.2290307E-08    5.7150867E-09    1.6680792E-04    6.7070070E-04    3.2846265E-04    8.2805968E-05
    1.3550000E+01   -2.1243171E-04    8.2764503E-05    3.2431586E-05    4.0837166E-05    3.7729097E-05    4.8322004E-10    1.0000031E-16    1.1414548E-05    7.2761795E-08    5.7524320E-09    1.6804271E-04    6.7070070E-04    3.2846265E-04    8.2805968E-05
    1.3650000E+01   -2.1374310E-04    8.3189211E-05    3.2623915E-05    4.0884517E-05    3.7928820E-05    4.7435620E-10    1.0000031E-16    1.1514410E-05    7.3236920E-08    5.7900658E-09    1.6927939E-04    6.7070070E-04    3.2846265E-04    8.2805968E-05
    1.3750000E+01   -2.1505691E-04    8.3614698E-05    3.2816402E-05    4.0931955E-05    3.8128975E-05    4.6571991E-10    1.0000031E-16    1.1614488E-05    7.3715705E-08    5.8279901E-09    1.7051795E-04    6.7070070E-04    3.2846265E-04    8.2805968E-05
    1.3850000E+01   -2.1637313E-04    8.4040965E-05    3.3009046E-05    4.0979481E-05    3.8329562E-05    4.5730424E-10    1.0000031E-16    1.1714781E-05    7.4198171E-08    5.8662066E-09    1.7175838E-04    6.7070070E-04    3.2846265E-04    8.2805968E-05
    1.3950000E+01   -2.1769176E-04    8.4468013E-05    3.3201843E-05    4.1027093E-05    3.8530582E-05    4.4910254E-10    1.0000031E-16    1.1815291E-05    7.4684343E-08    5.9047171E-09    1.7300069E-04    6.7070070E-04    3.2846265E-04    8.2805968E-05
    1.4050000E+01   -2.1901280E-04    8.4895842E-05    3.3394792E-05    4.1074792E-05    3.8732035E-05    4.4110837E-10    1.0000031E-16    1.1916018E-05    7.5174243E-08    5.9435235E-09    1.7424487E-04    6.7070070E-04    3.2846265E-04    8.2805968E-05
    1.4150000E+01   -2.2033625E-04    8.5324452E-05    3.3587889E-05    4.1122578E-05    3.8933922E-05    4.3331556E-10    1.0000031E-16    1.2016961E-05    7.5667895E-08    5.9826278E-09    1.7549092E-04    6.7070070E-04    3.2846265E-04    8.2805968E-05
    1.4250000E+01   -2.2166211E-04    8.5753845E-05    3.3781133E-05    4.1170452E-05    3.9136243E-05    4.2571812E-10    1.0000031E-16    1.2118121E-05    7.6165324E-08    6.0220319E-09    1.7673884E-04    6.7070070E-04    3.2846265E-04    8.2805968E-05
    1.4350000E+01   -2.2299038E-04    8.6184022E-05    3.3974520E-05    4.1218413E-05    3.9338998E-05    4.1831033E-10    1.0000031E-16    1.2219499E-05    7.6666555E-08    6.0617377E-09    1.7798861E-04    6.7070070E-04    3.2846265E-04    8.2805968E-05
    1.4450000E+01   -2.2432106E-04    8.6614983E-05    3.4168048E-05    4.1266461E-05    3.9542189E-05    4.1108662E-10    1.0000031E-16    1.2321094E-05    7.7171612E-08    6.1017474E-09    1.7924024E-04    6.7070070E-04    3.2846265E-04    8.2805968E-05
    1.4550000E+01   -2.2565415E-04    8.7046728E-05    3.4361714E-05    4.1314597E-05    3.9745815E-05    4.0404167E-10    1.0000031E-16    1.2422907E-05    7.7680522E-08    6.1420628E-09    1.8049372E-04    6.7070070E-04    3.2846265E-04    8.2805968E-05
    1.4650000E+01   -2.2698964E-04    8.7479259E-05    3.4555515E-05    4.1362821E-05    3.9949877E-05    3.9717031E-10    1.0000031E-16    1.2524938E-05    7.8193310E-08    6.1826863E-09    1.8174905E-04    6.7070070E-04    3.2846265E-04    8.2805968E-05
    1.4750000E+01   -2.2832755E-04    8.7912576E-05    3.4749448E-05    4.1411132E-05    4.0154375E-05    3.9046757E-10    1.0000031E-16    1.2627187E-05    7.8710004E-08    6.2236198E-09    1.8300622E-04    6.7070070E-04    3.2846265E-04    8.2805968E-05
    1.4850000E+01   -2.2966786E-04    8.8346680E-05    3.4943511E-05    4.1459531E-05    4.0359310E-05    3.8392867E-10    1.0000031E-16    1.2729655E-05    7.9230630E-08    6.2648656E-09    1.8426522E-04    6.7070070E-04    3.2846265E-04    8.2805968E-05
    1.4950000E+01   -2.3101058E-04    8.8781572E-05    3.5137700E-05    4.1508018E-05    4.0564683E-05    3.7754899E-10    1.0000031E-16    1.2832341E-05    7.9755218E-08    6.3064259E-09    1.8552607E-04    6.7070070E-04    3.2846265E-04    8.2805968E-05
    1.5050000E+01   -2.3235571E-04    8.9217252E-05    3.5332011E-05    4.1556592E-05    4.0770493E-05    3.7132407E-10    1.0000031E-16    1.2935247E-05    8.0283794E-08    6.3483029E-09    1.8678874E-04    6.7070070E-04    3.2846265E-04    8.2805968E-05
    1.5150000E+01   -2.3370323E-04    8.9653721E-05    3.5526443E-05    4.1605255E-05    4.0976742E-05    3.6524961E-10    1.0000031E-16    1.3038371E-05    8.0816388E-08    6.3904991E-09    1.8805323E-04    6.7070070E-04    3.2846265E-04    8.2805968E-05
    1.5250000E+01   -2.3505317E-04    9.0090980E-05    3.5720991E-05    4.1654005E-05    4.1183430E-05    3.5932149E-10    1.0000031E-16    1.3141715E-05    8.1353029E-08    6.4330166E-09    1.8931955E-04    6.7070070E-04    3.2846265E-04    8.2805968E-05
    1.5350000E+01   -2.3640550E-04    9.0529029E-05    3.5915652E-05    4.1702844E-05    4.1390556E-05    3.5353570E-10    1.0000031E-16    1.3245278E-05    8.1893748E-08    6.4758581E-09    1.9058767E-04    6.7070070E-04    3.2846265E-04    8.2805968E-05
    1.5450000E+01   -2.3776024E-04    9.0967870E-05    3.6110423E-05    4.1751771E-05    4.1598123E-05    3.4788839E-10    1.0000031E-16    1.3349061E-05    8.2438575E-08    6.5190258E-09    1.9185761E-04    6.7070070E-04    3.2846265E-04    8.2805968E-05
    1.5550000E+01   -2.3911737E-04    9.1407502E-05    3.6305300E-05    4.1800786E-05    4.1806130E-05    3.4237587E-10    1.0000031E-16    1.3453065E-05    8.2987541E-08    6.5625224E-09    1.9312934E-04    6.7070070E-04    3.2846265E-04    8.2805968E-05
    1.5650000E+01   -2.4047691E-04    9.1847927E-05    3.6500279E-05    4.1849890E-05    4.2014577E-05    3.3699455E-10    1.0000031E-16    1.3557288E-05    8.3540679E-08    6.6063503E-09    1.9440287E-04    6.7070070E-04    3.2846265E-04    8.2805968E-05
    1.5750000E+01   -2.4183884E-04    9.2289145E-05    3.6695356E-05    4.1899082E-05    4.2223465E-05    3.3174101E-10    1.0000031E-16    1.3661733E-05    8.4098021E-08    6.6505123E-09    1.9567820E-04    6.7070070E-04    3.2846265E-04    8.2805968E-05
    1.5850000E+01   -2.4320316E-04    9.2731158E-05    3.6890529E-05    4.1948362E-05    4.2432795E-05    3.2661192E-10    1.0000031E-16    1.3766398E-05    8.4659601E-08    6.6950108E-09    1.9695530E-04    6.7070070E-04    3.2846265E-04    8.2805968E-05
    1.5950000E+01   -2.4456988E-04    9.3173965E-05    3.7085792E-05    4.1997732E-05    4.2642567E-05    3.2160411E-10    1.0000031E-16    1.3871284E-05    8.5225451E-08    6.7398488E-09    1.9823419E-04    6.7070070E-04    3.2846265E-04    8.2805968E-05
    1.6050000E+01   -2.4593900E-04    9.3617568E-05    3.7281142E-05    4.2047190E-05    4.2852782E-05    3.1671452E-10    1.0000031E-16    1.3976391E-05    8.5795607E-08    6.7850288E-09    1.9951484E-04    6.7070070E-04    3.2846265E-04    8.2805968E-05
    1.6150000E+01   -2.4731050E-04    9.4061966E-05    3.7476575E-05    4.2096736E-05    4.3063439E-05    3.1194019E-10    1.0000031E-16    1.4081720E-05    8.6370105E-08    6.8305539E-09    2.0079726E-04    6.7070070E-04    3.2846265E-04    8.2805968E-05
    1.6250000E+01   -2.4868439E-04    9.4507162E-05    3.7672086E-05    4.2146372E-05    4.3274540E-05    3.0727832E-10    1.0000031E-16    1.4187270E-05    8.6948980E-08    6.8764268E-09    2.0208143E-04    6.7070070E-04    3.2846265E-04    8.2805968E-05
    1.6350000E+01   -2.5006067E-04    9.4953156E-05    3.7867672E-05    4.2196096E-05    4.3486085E-05    3.0272620E-10    1.0000031E-16    1.4293042E-05    8.7532270E-08    6.9226505E-09    2.0336736E-04    6.7070070E-04    3.2846265E-04    8.2805968E-05
    1.6450000E+01   -2.5143933E-04    9.5399947E-05    3.8063327E-05    4.2245910E-05    4.3698074E-05    2.9828123E-10    1.0000031E-16    1.4399037E-05    8.8120011E-08    6.9692281E-09    2.0465503E-04    6.7070070E-04    3.2846265E-04    8.2805968E-05
    1.6550000E+01   -2.5282037E-04    9.5847538E-05    3.8259046E-05    4.2295812E-05    4.3910508E-05    2.9394096E-10    1.0000031E-16    1.4505254E-05    8.8712244E-08    7.0161626E-09    2.0594443E-04    6.7070070E-04    3.2846265E-04    8.2805968E-05
    1.6650000E+01   -2.5420380E-04    9.6295929E-05    3.8454827E-05    4.2345804E-05    4.4123387E-05    2.8970302E-10    1.0000031E-16    1.4611694E-05    8.9309006E-08    7.0634572E-09    2.0723555E-04    6.7070070E-04    3.2846265E-04    8.2805968E-05
    1.6750000E+01   -2.5558960E-04    9.6745119E-05    3.8650662E-05    4.2395885E-05    4.4336712E-05    2.8556518E-10    1.0000031E-16    1.4718356E-05    8.9910339E-08    7.1111151E-09    2.0852840E-04    6.7070070E-04    3.2846265E-04    8.2805968E-05
    1.6850000E+01   -2.5697777E-04    9.7195112E-05    3.8846549E-05    4.2446055E-05    4.4550484E-05    2.8152533E-10    1.0000031E-16    1.4825242E-05    9.0516284E-08    7.1591397E-09    2.0982296E-04    6.7070070E-04    3.2846265E-04    8.2805968E-05
    1.6950000E+01   -2.5836832E-04    9.7645906E-05    3.9042480E-05    4.2496315E-05    4.4764702E-05    2.7758146E-10    1.0000031E-16    1.4932351E-05    9.1126882E-08    7.2075342E-09    2.1111921E-04    6.7070070E-04    3.2846265E-04    8.2805968E-05
    1.7050000E+01   -2.5976123E-04    9.8097502E-05    3.9238452E-05    4.2546664E-05    4.4979367E-05    2.7373172E-10    1.0000031E-16    1.5039683E-05    9.1742178E-08    7.2563022E-09    2.1241716E-04    6.7070070E-04    3.2846265E-04    8.2805968E-05
    1.7150000E+01   -2.6115651E-04    9.8549902E-05    3.9434459E-05    4.2597103E-05    4.5194480E-05    2.6997437E-10    1.0000031E-16    1.5147240E-05    9.2362215E-08    7.3054473E-09    2.1371679E-04    6.7070070E-04    3.2846265E-04    8.2805968E-05
    1.7250000E+01   -2.6255416E-04    9.9003106E-05    3.9630495E-05    4.2647631E-05    4.5410041E-05    2.6630780E-10    1.0000031E-16    1.5255020E-05    9.2987039E-08    7.3549730E-09    2.1501810E-04    6.7070070E-04    3.2846265E-04    8.2805968E-05
    1.7350000E+01   -2.6395416E-04    9.9457115E-05    3.9826554E-05    4.2698249E-05    4.5626050E-05    2.6273059E-10    1.0000031E-16    1.5363025E-05    9.3616697E-08    7.4048831E-09    2.1632106E-04    6.7070070E-04    3.2846265E-04    8.2805968E-05
    1.7450000E+01   -2.6535652E-04    9.9911930E-05    4.0022631E-05    4.2748957E-05    4.5842509E-05    2.5924145E-10    1.0000031E-16    1.5471254E-05    9.4251236E-08    7.4551814E-09    2.1762568E-04    6.7070070E-04    3.2846265E-04    8.2805968E-05
    1.7550000E+01   -2.6676123E-04    1.0036755E-04    4.0218720E-05    4.2799755E-05    4.6059417E-05    2.5583925E-10    1.0000031E-16    1.5579708E-05    9.4890705E-08    7.5058719E-09    2.1893194E-04    6.7070070E-04    3.2846265E-04    8.2805968E-05
    1.7650000E+01   -2.6816828E-04    1.0082398E-04    4.0414814E-05    4.2850642E-05    4.6276775E-05    2.5252311E-10    1.0000031E-16    1.5688387E-05    9.5535156E-08    7.5569586E-09    2.2023984E-04    6.7070070E-04    3.2846265E-04    8.2805968E-05
    1.7750000E+01   -2.6957768E-04    1.0128121E-04    4.0610907E-05    4.2901620E-05    4.6494583E-05    2.4929232E-10    1.0000031E-16    1.5797291E-05    9.6184639E-08    7.6084457E-09    2.2154935E-04    6.7070070E-04    3.2846265E-04    8.2805968E-05
    1.7850000E+01   -2.7098942E-04    1.0173926E-04    4.0806993E-05    4.2952688E-05    4.6712842E-05    2.4614644E-10    1.0000031E-16    1.5906421E-05    9.6839210E-08    7.6603375E-09    2.2286047E-04    6.7070070E-04    3.2846265E-04    8.2805968E-05
    1.7950000E+01   -2.7240349E-04    1.0219811E-04    4.1003063E-05    4.3003846E-05    4.6931553E-05    2.4308535E-10    1.0000031E-16    1.6015776E-05    9.7498923E-08    7.7126385E-09    2.2417318E-04    6.7070070E-04    3.2846265E-04    8.2805968E-05
    1.8050000E+01   -2.7381990E-04    1.0265777E-04    4.1199111E-05    4.3055095E-05    4.7150715E-05    2.4010922E-10    1.0000031E-16    1.6125358E-05    9.8163836E-08    7.7653532E-09    2.2548748E-04    6.7070070E-04    3.2846265E-04    8.2805968E-05
    1.8150000E+01   -2.7523863E-04    1.0311824E-04    4.1395130E-05    4.3106433E-05    4.7370330E-05    2.3721869E-10    1.0000031E-16    1.6235165E-05    9.8834008E-08    7.8184865E-09    2.2680334E-04    6.7070070E-04    3.2846265E-04    8.2805968E-05
    1.8250000E+01   -2.7665967E-04    1.0357953E-04    4.1591111E-05    4.3157862E-05    4.7590398E-05    2.3441487E-10    1.0000031E-16    1.6345199E-05    9.9509502E-08    7.8720432E-09    2.2812076E-04    6.7070070E-04    3.2846265E-04    8.2805968E-05
    1.8350000E+01   -2.7808303E-04    1.0404162E-04    4.1787047E-05    4.3209382E-05    4.7810919E-05    2.3169951E-10    1.0000031E-16    1.6455459E-05    1.0019038E-07    7.9260287E-09    2.2943972E-04    6.7070070E-04    3.2846265E-04    8.2805968E-05
    1.8450000E+01   -2.7950870E-04    1.0450453E-04    4.1982928E-05    4.3260992E-05    4.8031893E-05    2.2907514E-10    1.0000031E-16    1.6565947E-05    1.0087672E-07    7.9804484E-09    2.3076020E-04    6.7070070E-04    3.2846265E-04    8.2805968E-05
    1.8550000E+01   -2.8093667E-04    1.0496825E-04    4.2178746E-05    4.3312693E-05    4.8253322E-05    2.2654529E-10    1.0000031E-16    1.6676661E-05    1.0156857E-07    8.0353079E-09    2.3208219E-04    6.7070070E-04    3.2846265E-04    8.2805968E-05
    1.8650000E+01   -2.8236692E-04    1.0543279E-04    4.2374491E-05    4.3364485E-05    4.8475205E-05    2.2411483E-10    1.0000031E-16    1.6787603E-05    1.0226603E-07    8.0906134E-09    2.3340566E-04    6.7070070E-04    3.2846265E-04    8.2805968E-05
    1.8750000E+01   -2.8379947E-04    1.0589814E-04    4.2570151E-05    4.3416368E-05    4.8697544E-05    2.2179035E-10    1.0000031E-16    1.6898772E-05    1.0296918E-07    8.1463714E-09    2.3473061E-04    6.7070070E-04    3.2846265E-04    8.2805968E-05
    1.8850000E+01   -2.8523429E-04    1.0636430E-04    4.2765717E-05    4.3468341E-05    4.8920338E-05    2.1958085E-10    1.0000031E-16    1.7010169E-05    1.0367809E-07    8.2025887E-09    2.3605700E-04    6.7070070E-04    3.2846265E-04    8.2805968E-05
    1.8950000E+01   -2.8667137E-04    1.0683128E-04    4.2961175E-05    4.3520406E-05    4.9143588E-05    2.1749867E-10    1.0000031E-16    1.7121794E-05    1.0439286E-07    8.2592731E-09    2.3738481E-04    6.7070070E-04    3.2846265E-04    8.2805968E-05
    1.9050000E+01   -2.8811071E-04    1.0729908E-04    4.3156512E-05    4.3572561E-05    4.9367294E-05    2.1556096E-10    1.0000031E-16    1.7233647E-05    1.0511360E-07    8.3164330E-09    2.3871403E-04    6.7070070E-04    3.2846265E-04    8.2805968E-05
    1.9150000E+01   -2.8955229E-04    1.0776770E-04    4.3351711E-05    4.3624808E-05    4.9591458E-05    2.1379205E-10    1.0000031E-16    1.7345729E-05    1.0584043E-07    8.3740778E-09    2.4004461E-04    6.7070070E-04    3.2846265E-04    8.2805968E-05
    1.9250000E+01   -2.9099609E-04    1.0823713E-04    4.3546755E-05    4.3677146E-05    4.9816078E-05    2.1222730E-10    1.0000031E-16    1.7458039E-05    1.0657348E-07    8.4322186E-09    2.4137652E-04    6.7070070E-04    3.2846265E-04    8.2805968E-05
    1.9350000E+01   -2.9244210E-04    1.0870739E-04    4.3741622E-05    4.3729575E-05    5.0041157E-05    2.1092007E-10    1.0000031E-16    1.7570579E-05    1.0731291E-07    8.4908684E-09    2.4270973E-04    6.7070070E-04    3.2846265E-04    8.2805968E-05
    1.9450000E+01   -2.9389029E-04    1.0917846E-04    4.3936285E-05    4.3782096E-05    5.0266694E-05    2.0995455E-10    1.0000031E-16    1.7683347E-05    1.0805893E-07    8.5500437E-09    2.4404417E-04    6.7070070E-04    3.2846265E-04    8.2805968E-05
    1.9550000E+01   -2.9534063E-04    1.0965036E-04    4.4130706E-05    4.3834709E-05    5.0492691E-05    2.0947215E-10    1.0000032E-16    1.7796346E-05    1.0881181E-07    8.6097663E-09    2.4537978E-04    6.7070071E-04    3.2846265E-04    8.2805970E-05
    1.9650000E+01   -2.9679380E-04    1.1012334E-04    4.4324941E-05    4.3887519E-05    5.0719271E-05    2.0973077E-10    1.0000056E-16    1.7909618E-05    1.0957220E-07    8.6700890E-09    2.4671706E-04    6.7070233E-04    3.2846344E-04    8.2806169E-05
    1.9750000E+01   -2.9832515E-04    1.1062534E-04    4.4530122E-05    4.3951498E-05    5.0959306E-05    2.1121037E-10    1.0002590E-16    1.8027747E-05    1.1036902E-07    8.7333018E-09    2.4811866E-04    6.7087230E-04    3.2854669E-04    8.2827155E-05
    1.9850000E+01   -3.0537793E-04    1.1317130E-04    4.5555768E-05    4.4818593E-05    5.2141537E-05    2.1138213E-10    1.0187105E-16    1.8481399E-05    1.1324389E-07    8.9609895E-09    2.5411783E-04    6.8324768E-04    3.3460729E-04    8.4355042E-05
    1.9950000E+01   -5.2081265E-04    1.9285866E-04    7.7573953E-05    7.6013848E-05    8.8879733E-05    1.2998295E-10    1.7245354E-16    3.1592118E-05    1.9425780E-07    1.5373089E-08    4.3365363E-04    1.1566435E-03    5.6644370E-04    1.4280138E-04
