# Time          1.5000E+00
# Units: Mol/kgw
    Distance           H+               Na+              K+               Ca++             Mg++             Al+++            Fe+++            Fe++             Li7+             Li6+             SiO2(aq)         CO2(aq)          O2(aq)           Cl-          
    5.0000000E-02   -5.9018475E-05    3.2498840E-05    8.7033797E-06    3.4360502E-05    1.4628514E-05    5.9935720E-08    9.7240153E-17    6.9888156E-08    3.6137841E-08    2.9003473E-09    2.1546541E-05    6.5218834E-04    3.1939658E-04    8.0520397E-05
    1.5000000E-01   -6.1550253E-05    3.3685404E-05    9.0949738E-06    3.5312911E-05    1.5161792E-05    5.4228335E-08    9.9834679E-17    1.4323555E-07    3.7150848E-08    2.9765836E-09    2.3073662E-05    6.6958979E-04    3.2791860E-04    8.2668813E-05
    2.5000000E-01   -6.2640193E-05    3.4066642E-05    9.2729079E-06    3.5405168E-05    1.5332611E-05    5.0041877E-08    9.9992075E-17    2.1691930E-07    3.7284547E-08    2.9826697E-09    2.4091177E-05    6.7064544E-04    3.2843559E-04    8.2799146E-05
    3.5000000E-01   -6.3644804E-05    3.4399108E-05    9.4379405E-06    3.5444727E-05    1.5481538E-05    4.6318533E-08    9.9999957E-17    2.9079533E-07    3.7368827E-08    2.9852538E-09    2.5079480E-05    6.7069831E-04    3.2846148E-04    8.2805673E-05
    4.5000000E-01   -6.4648186E-05    3.4729763E-05    9.6025341E-06    3.5481700E-05    1.5629711E-05    4.2955828E-08    1.0000030E-16    3.6485632E-07    3.7454975E-08    2.9884086E-09    2.6068369E-05    6.7070061E-04    3.2846260E-04    8.2805957E-05
    5.5000000E-01   -6.5654493E-05    3.5060993E-05    9.7673222E-06    3.5518634E-05    1.5778205E-05    3.9908848E-08    1.0000031E-16    4.3910231E-07    3.7545354E-08    2.9922798E-09    2.7059322E-05    6.7070070E-04    3.2846265E-04    8.2805968E-05
    6.5000000E-01   -6.6663807E-05    3.5392903E-05    9.9323330E-06    3.5555639E-05    1.5927067E-05    3.7140897E-08    1.0000031E-16    5.1353363E-07    3.7639857E-08    2.9968192E-09    2.8052370E-05    6.7070070E-04    3.2846265E-04    8.2805968E-05
    7.5000000E-01   -6.7676046E-05    3.5725499E-05    1.0097568E-05    3.5592721E-05    1.6076301E-05    3.4620438E-08    1.0000031E-16    5.8815062E-07    3.7738297E-08    3.0019765E-09    2.9047489E-05    6.7070070E-04    3.2846265E-04    8.2805968E-05
    8.5000000E-01   -6.8691130E-05    3.6058783E-05    1.0263027E-05    3.5629879E-05    1.6225907E-05    3.2320196E-08    1.0000031E-16    6.6295363E-07    3.7840514E-08    3.0077068E-09    3.0044653E-05    6.7070070E-04    3.2846265E-04    8.2805968E-05
    9.5000000E-01   -6.9708993E-05    3.6392755E-05    1.0428711E-05    3.5667114E-05    1.6375886E-05    3.0216486E-08    1.0000031E-16    7.3794297E-07    3.7946367E-08    3.0139707E-09    3.1043842E-05    6.7070070E-04    3.2846265E-04    8.2805968E-05
    1.0500000E+00   -7.0729575E-05    3.6727416E-05    1.0594620E-05    3.5704426E-05    1.6526238E-05    2.8288662E-08    1.0000031E-16    8.1311893E-07    3.8055736E-08    3.0207329E-09    3.2045037E-05    6.7070070E-04    3.2846265E-04    8.2805968E-05
    1.1500000E+00   -7.1752825E-05    3.7062767E-05    1.0760754E-05    3.5741814E-05    1.6676964E-05    2.6518664E-08    1.0000031E-16    8.8848183E-07    3.8168516E-08    3.0279622E-09    3.3048223E-05    6.7070070E-04    3.2846265E-04    8.2805968E-05
    1.2500000E+00   -7.2778700E-05    3.7398809E-05    1.0927114E-05    3.5779280E-05    1.6828064E-05    2.4890641E-08    1.0000031E-16    9.6403196E-07    3.8284617E-08    3.0356310E-09    3.4053386E-05    6.7070070E-04    3.2846265E-04    8.2805968E-05
    1.3500000E+00   -7.3807158E-05    3.7735543E-05    1.1093700E-05    3.5816823E-05    1.6979539E-05    2.3390636E-08    1.0000031E-16    1.0397696E-06    3.8403961E-08    3.0437147E-09    3.5060515E-05    6.7070070E-04    3.2846265E-04    8.2805968E-05
    1.4500000E+00   -7.4838168E-05    3.8072970E-05    1.1260512E-05    3.5854443E-05    1.7131390E-05    2.2006323E-08    1.0000031E-16    1.1156950E-06    3.8526477E-08    3.0521912E-09    3.6069599E-05    6.7070070E-04    3.2846265E-04    8.2805968E-05
    1.5500000E+00   -7.5871698E-05    3.8411090E-05    1.1427550E-05    3.5892141E-05    1.7283617E-05    2.0726787E-08    1.0000031E-16    1.1918084E-06    3.8652105E-08    3.0610412E-09    3.7080630E-05    6.7070070E-04    3.2846265E-04    8.2805968E-05
    1.6500000E+00   -7.6907723E-05    3.8749906E-05    1.1594814E-05    3.5929916E-05    1.7436220E-05    1.9542333E-08    1.0000031E-16    1.2681102E-06    3.8780793E-08    3.0702471E-09    3.8093602E-05    6.7070070E-04    3.2846265E-04    8.2805968E-05
    1.7500000E+00   -7.7946219E-05    3.9089416E-05    1.1762306E-05    3.5967769E-05    1.7589201E-05    1.8444334E-08    1.0000031E-16    1.3446005E-06    3.8912494E-08    3.0797936E-09    3.9108509E-05    6.7070070E-04    3.2846265E-04    8.2805968E-05
    1.8500000E+00   -7.8987166E-05    3.9429623E-05    1.1930024E-05    3.6005699E-05    1.7742559E-05    1.7425087E-08    1.0000031E-16    1.4212796E-06    3.9047166E-08    3.0896666E-09    4.0125347E-05    6.7070070E-04    3.2846265E-04    8.2805968E-05
    1.9500000E+00   -8.0030545E-05    3.9770526E-05    1.2097969E-05    3.6043706E-05    1.7896296E-05    1.6477705E-08    1.0000031E-16    1.4981479E-06    3.9184775E-08    3.0998539E-09    4.1144109E-05    6.7070070E-04    3.2846265E-04    8.2805968E-05
    2.0500000E+00   -8.1076341E-05    4.0112127E-05    1.2266142E-05    3.6081792E-05    1.8050411E-05    1.5596013E-08    1.0000031E-16    1.5752054E-06    3.9325286E-08    3.1103445E-09    4.2164792E-05    6.7070070E-04    3.2846265E-04    8.2805968E-05
    2.1500000E+00   -8.2124540E-05    4.0454427E-05    1.2434542E-05    3.6119956E-05    1.8204905E-05    1.4774465E-08    1.0000031E-16    1.6524525E-06    3.9468673E-08    3.1211284E-09    4.3187392E-05    6.7070070E-04    3.2846265E-04    8.2805968E-05
    2.2500000E+00   -8.3175129E-05    4.0797426E-05    1.2603169E-05    3.6158197E-05    1.8359779E-05    1.4008066E-08    1.0000031E-16    1.7298894E-06    3.9614911E-08    3.1321969E-09    4.4211906E-05    6.7070070E-04    3.2846265E-04    8.2805968E-05
    2.3500000E+00   -8.4228097E-05    4.1141125E-05    1.2772025E-05    3.6196516E-05    1.8515033E-05    1.3292314E-08    1.0000031E-16    1.8075164E-06    3.9763977E-08    3.1435422E-09    4.5238331E-05    6.7070070E-04    3.2846265E-04    8.2805968E-05
    2.4500000E+00   -8.5283435E-05    4.1485524E-05    1.2941108E-05    3.6234914E-05    1.8670667E-05    1.2623139E-08    1.0000031E-16    1.8853337E-06    3.9915852E-08    3.1551571E-09    4.6266665E-05    6.7070070E-04    3.2846265E-04    8.2805968E-05
    2.5500000E+00   -8.6341134E-05    4.1830625E-05    1.3110420E-05    3.6273390E-05    1.8826683E-05    1.1996859E-08    1.0000031E-16    1.9633415E-06    4.0070519E-08    3.1670355E-09    4.7296906E-05    6.7070070E-04    3.2846265E-04    8.2805968E-05
    2.6500000E+00   -8.7401186E-05    4.2176428E-05    1.3279960E-05    3.6311944E-05    1.8983080E-05    1.1410134E-08    1.0000031E-16    2.0415402E-06    4.0227962E-08    3.1791717E-09    4.8329053E-05    6.7070070E-04    3.2846265E-04    8.2805968E-05
    2.7500000E+00   -8.8463585E-05    4.2522934E-05    1.3449728E-05    3.6350576E-05    1.9139860E-05    1.0859930E-08    1.0000031E-16    2.1199298E-06    4.0388169E-08    3.1915608E-09    4.9363104E-05    6.7070070E-04    3.2846265E-04    8.2805968E-05
    2.8500000E+00   -8.9528325E-05    4.2870144E-05    1.3619725E-05    3.6389287E-05    1.9297021E-05    1.0343490E-08    1.0000031E-16    2.1985106E-06    4.0551127E-08    3.2041983E-09    5.0399058E-05    6.7070070E-04    3.2846265E-04    8.2805968E-05
    2.9500000E+00   -9.0595400E-05    4.3218058E-05    1.3789950E-05    3.6428077E-05    1.9454566E-05    9.8582988E-09    1.0000031E-16    2.2772830E-06    4.0716827E-08    3.2170801E-09    5.1436914E-05    6.7070070E-04    3.2846265E-04    8.2805968E-05
    3.0500000E+00   -9.1664807E-05    4.3566677E-05    1.3960405E-05    3.6466945E-05    1.9612494E-05    9.4020649E-09    1.0000031E-16    2.3562471E-06    4.0885259E-08    3.2302029E-09    5.2476672E-05    6.7070070E-04    3.2846265E-04    8.2805968E-05
    3.1500000E+00   -9.2736541E-05    4.3916002E-05    1.4131088E-05    3.6505891E-05    1.9770806E-05    8.9726931E-09    1.0000031E-16    2.4354031E-06    4.1056416E-08    3.2435634E-09    5.3518331E-05    6.7070070E-04    3.2846265E-04    8.2805968E-05
    3.2500000E+00   -9.3810600E-05    4.4266033E-05    1.4302000E-05    3.6544917E-05    1.9929503E-05    8.5682667E-09    1.0000031E-16    2.5147514E-06    4.1230291E-08    3.2571588E-09    5.4561891E-05    6.7070070E-04    3.2846265E-04    8.2805968E-05
    3.3500000E+00   -9.4886979E-05    4.4616772E-05    1.4473141E-05    3.6584021E-05    2.0088584E-05    8.1870302E-09    1.0000031E-16    2.5942920E-06    4.1406879E-08    3.2709866E-09    5.5607352E-05    6.7070070E-04    3.2846265E-04    8.2805968E-05
    3.4500000E+00   -9.5965677E-05    4.4968219E-05    1.4644512E-05    3.6623205E-05    2.0248051E-05    7.8273731E-09    1.0000031E-16    2.6740254E-06    4.1586175E-08    3.2850446E-09    5.6654714E-05    6.7070070E-04    3.2846265E-04    8.2805968E-05
    3.5500000E+00   -9.7046692E-05    4.5320374E-05    1.4816111E-05    3.6662467E-05    2.0407903E-05    7.4878167E-09    1.0000031E-16    2.7539516E-06    4.1768174E-08    3.2993310E-09    5.7703977E-05    6.7070070E-04    3.2846265E-04    8.2805968E-05
    3.6500000E+00   -9.8130021E-05    4.5673239E-05    1.4987941E-05    3.6701808E-05    2.0568142E-05    7.1670010E-09    1.0000031E-16    2.8340710E-06    4.1952874E-08    3.3138439E-09    5.8755142E-05    6.7070070E-04    3.2846265E-04    8.2805968E-05
    3.7500000E+00   -9.9215665E-05    4.6026814E-05    1.5159999E-05    3.6741229E-05    2.0728767E-05    6.8636746E-09    1.0000031E-16    2.9143837E-06    4.2140273E-08    3.3285818E-09    5.9808208E-05    6.7070070E-04    3.2846265E-04    8.2805968E-05
    3.8500000E+00   -1.0030362E-04    4.6381099E-05    1.5332287E-05    3.6780729E-05    2.0889780E-05    6.5766837E-09    1.0000031E-16    2.9948900E-06    4.2330368E-08    3.3435435E-09    6.0863176E-05    6.7070070E-04    3.2846265E-04    8.2805968E-05
    3.9500000E+00   -1.0139389E-04    4.6736096E-05    1.5504805E-05    3.6820308E-05    2.1051180E-05    6.3049644E-09    1.0000031E-16    3.0755902E-06    4.2523159E-08    3.3587277E-09    6.1920047E-05    6.7070070E-04    3.2846265E-04    8.2805968E-05
    4.0500000E+00   -1.0248646E-04    4.7091806E-05    1.5677552E-05    3.6859966E-05    2.1212969E-05    6.0475338E-09    1.0000031E-16    3.1564844E-06    4.2718643E-08    3.3741335E-09    6.2978821E-05    6.7070070E-04    3.2846265E-04    8.2805968E-05
    4.1500000E+00   -1.0358135E-04    4.7448228E-05    1.5850529E-05    3.6899704E-05    2.1375146E-05    5.8034834E-09    1.0000031E-16    3.2375729E-06    4.2916823E-08    3.3897600E-09    6.4039499E-05    6.7070070E-04    3.2846265E-04    8.2805968E-05
    4.2500000E+00   -1.0467855E-04    4.7805364E-05    1.6023736E-05    3.6939522E-05    2.1537712E-05    5.5719724E-09    1.0000031E-16    3.3188560E-06    4.3117696E-08    3.4056064E-09    6.5102081E-05    6.7070070E-04    3.2846265E-04    8.2805968E-05
    4.3500000E+00   -1.0577806E-04    4.8163215E-05    1.6197173E-05    3.6979419E-05    2.1700668E-05    5.3522221E-09    1.0000031E-16    3.4003338E-06    4.3321265E-08    3.4216721E-09    6.6166568E-05    6.7070070E-04    3.2846265E-04    8.2805968E-05
    4.4500000E+00   -1.0687988E-04    4.8521781E-05    1.6370839E-05    3.7019396E-05    2.1864013E-05    5.1435104E-09    1.0000031E-16    3.4820066E-06    4.3527531E-08    3.4379565E-09    6.7232961E-05    6.7070070E-04    3.2846265E-04    8.2805968E-05
    4.5500000E+00   -1.0798401E-04    4.8881062E-05    1.6544735E-05    3.7059453E-05    2.2027749E-05    4.9451674E-09    1.0000031E-16    3.5638747E-06    4.3736494E-08    3.4544594E-09    6.8301260E-05    6.7070070E-04    3.2846265E-04    8.2805968E-05
    4.6500000E+00   -1.0909045E-04    4.9241060E-05    1.6718861E-05    3.7099590E-05    2.2191876E-05    4.7565705E-09    1.0000031E-16    3.6459382E-06    4.3948157E-08    3.4711802E-09    6.9371468E-05    6.7070070E-04    3.2846265E-04    8.2805968E-05
    4.7500000E+00   -1.1019920E-04    4.9601775E-05    1.6893216E-05    3.7139806E-05    2.2356395E-05    4.5771414E-09    1.0000031E-16    3.7281975E-06    4.4162521E-08    3.4881187E-09    7.0443583E-05    6.7070070E-04    3.2846265E-04    8.2805968E-05
    4.8500000E+00   -1.1131027E-04    4.9963209E-05    1.7067802E-05    3.7180103E-05    2.2521305E-05    4.4063416E-09    1.0000031E-16    3.8106526E-06    4.4379590E-08    3.5052748E-09    7.1517608E-05    6.7070070E-04    3.2846265E-04    8.2805968E-05
    4.9500000E+00   -1.1242365E-04    5.0325361E-05    1.7242617E-05    3.7220480E-05    2.2686608E-05    4.2436700E-09    1.0000031E-16    3.8933039E-06    4.4599365E-08    3.5226482E-09    7.2593543E-05    6.7070070E-04    3.2846265E-04    8.2805968E-05
    5.0500000E+00   -1.1353934E-04    5.0688232E-05    1.7417662E-05    3.7260937E-05    2.2852303E-05    4.0886593E-09    1.0000031E-16    3.9761517E-06    4.4821851E-08    3.5402390E-09    7.3671388E-05    6.7070070E-04    3.2846265E-04    8.2805968E-05
    5.1500000E+00   -1.1465734E-04    5.1051824E-05    1.7592936E-05    3.7301474E-05    2.3018392E-05    3.9408740E-09    1.0000031E-16    4.0591960E-06    4.5047050E-08    3.5580470E-09    7.4751146E-05    6.7070070E-04    3.2846265E-04    8.2805968E-05
    5.2500000E+00   -1.1577767E-04    5.1416136E-05    1.7768440E-05    3.7342092E-05    2.3184875E-05    3.7999073E-09    1.0000031E-16    4.1424373E-06    4.5274966E-08    3.5760723E-09    7.5832817E-05    6.7070070E-04    3.2846265E-04    8.2805968E-05
    5.3500000E+00   -1.1690031E-04    5.1781170E-05    1.7944174E-05    3.7382790E-05    2.3351751E-05    3.6653794E-09    1.0000031E-16    4.2258756E-06    4.5505602E-08    3.5943150E-09    7.6916401E-05    6.7070070E-04    3.2846265E-04    8.2805968E-05
    5.4500000E+00   -1.1802526E-04    5.2146926E-05    1.8120137E-05    3.7423569E-05    2.3519022E-05    3.5369352E-09    1.0000031E-16    4.3095112E-06    4.5738963E-08    3.6127752E-09    7.8001900E-05    6.7070070E-04    3.2846265E-04    8.2805968E-05
    5.5500000E+00   -1.1915254E-04    5.2513405E-05    1.8296330E-05    3.7464428E-05    2.3686689E-05    3.4142427E-09    1.0000031E-16    4.3933445E-06    4.5975053E-08    3.6314530E-09    7.9089315E-05    6.7070070E-04    3.2846265E-04    8.2805968E-05
    5.6500000E+00   -1.2028214E-04    5.2880608E-05    1.8472752E-05    3.7505368E-05    2.3854751E-05    3.2969909E-09    1.0000031E-16    4.4773755E-06    4.6213876E-08    3.6503486E-09    8.0178646E-05    6.7070070E-04    3.2846265E-04    8.2805968E-05
    5.7500000E+00   -1.2141405E-04    5.3248535E-05    1.8649403E-05    3.7546389E-05    2.4023209E-05    3.1848886E-09    1.0000031E-16    4.5616045E-06    4.6455437E-08    3.6694623E-09    8.1269895E-05    6.7070070E-04    3.2846265E-04    8.2805968E-05
    5.8500000E+00   -1.2254830E-04    5.3617187E-05    1.8826284E-05    3.7587490E-05    2.4192064E-05    3.0776628E-09    1.0000031E-16    4.6460319E-06    4.6699741E-08    3.6887943E-09    8.2363063E-05    6.7070070E-04    3.2846265E-04    8.2805968E-05
    5.9500000E+00   -1.2368486E-04    5.3986566E-05    1.9003393E-05    3.7628673E-05    2.4361315E-05    2.9750575E-09    1.0000031E-16    4.7306577E-06    4.6946793E-08    3.7083448E-09    8.3458150E-05    6.7070070E-04    3.2846265E-04    8.2805968E-05
    6.0500000E+00   -1.2482376E-04    5.4356670E-05    1.9180731E-05    3.7669936E-05    2.4530964E-05    2.8768325E-09    1.0000031E-16    4.8154822E-06    4.7196598E-08    3.7281142E-09    8.4555157E-05    6.7070070E-04    3.2846265E-04    8.2805968E-05
    6.1500000E+00   -1.2596497E-04    5.4727502E-05    1.9358298E-05    3.7711281E-05    2.4701012E-05    2.7827619E-09    1.0000031E-16    4.9005058E-06    4.7449161E-08    3.7481029E-09    8.5654085E-05    6.7070070E-04    3.2846265E-04    8.2805968E-05
    6.2500000E+00   -1.2710852E-04    5.5099062E-05    1.9536094E-05    3.7752707E-05    2.4871457E-05    2.6926339E-09    1.0000031E-16    4.9857285E-06    4.7704489E-08    3.7683111E-09    8.6754936E-05    6.7070070E-04    3.2846265E-04    8.2805968E-05
    6.3500000E+00   -1.2825440E-04    5.5471351E-05    1.9714118E-05    3.7794214E-05    2.5042301E-05    2.6062490E-09    1.0000031E-16    5.0711506E-06    4.7962587E-08    3.7887392E-09    8.7857710E-05    6.7070070E-04    3.2846265E-04    8.2805968E-05
    6.4500000E+00   -1.2940261E-04    5.5844369E-05    1.9892370E-05    3.7835802E-05    2.5213545E-05    2.5234197E-09    1.0000031E-16    5.1567725E-06    4.8223460E-08    3.8093878E-09    8.8962407E-05    6.7070070E-04    3.2846265E-04    8.2805968E-05
    6.5500000E+00   -1.3055316E-04    5.6218117E-05    2.0070850E-05    3.7877472E-05    2.5385188E-05    2.4439692E-09    1.0000031E-16    5.2425942E-06    4.8487115E-08    3.8302571E-09    9.0069030E-05    6.7070070E-04    3.2846265E-04    8.2805968E-05
    6.6500000E+00   -1.3170604E-04    5.6592596E-05    2.0249558E-05    3.7919223E-05    2.5557232E-05    2.3677314E-09    1.0000031E-16    5.3286160E-06    4.8753558E-08    3.8513476E-09    9.1177578E-05    6.7070070E-04    3.2846265E-04    8.2805968E-05
    6.7500000E+00   -1.3286125E-04    5.6967807E-05    2.0428493E-05    3.7961056E-05    2.5729677E-05    2.2945495E-09    1.0000031E-16    5.4148383E-06    4.9022796E-08    3.8726599E-09    9.2288052E-05    6.7070070E-04    3.2846265E-04    8.2805968E-05
    6.8500000E+00   -1.3401881E-04    5.7343750E-05    2.0607656E-05    3.8002970E-05    2.5902522E-05    2.2242756E-09    1.0000031E-16    5.5012611E-06    4.9294835E-08    3.8941943E-09    9.3400454E-05    6.7070070E-04    3.2846265E-04    8.2805968E-05
    6.9500000E+00   -1.3517870E-04    5.7720426E-05    2.0787045E-05    3.8044966E-05    2.6075769E-05    2.1567704E-09    1.0000031E-16    5.5878847E-06    4.9569682E-08    3.9159514E-09    9.4514784E-05    6.7070070E-04    3.2846265E-04    8.2805968E-05
    7.0500000E+00   -1.3634093E-04    5.8097835E-05    2.0966662E-05    3.8087044E-05    2.6249419E-05    2.0919022E-09    1.0000031E-16    5.6747094E-06    4.9847344E-08    3.9379316E-09    9.5631042E-05    6.7070070E-04    3.2846265E-04    8.2805968E-05
    7.1500000E+00   -1.3750551E-04    5.8475979E-05    2.1146505E-05    3.8129204E-05    2.6423471E-05    2.0295469E-09    1.0000031E-16    5.7617354E-06    5.0127827E-08    3.9601356E-09    9.6749230E-05    6.7070070E-04    3.2846265E-04    8.2805968E-05
    7.2500000E+00   -1.3867244E-04    5.8854858E-05    2.1326574E-05    3.8171446E-05    2.6597926E-05    1.9695868E-09    1.0000031E-16    5.8489630E-06    5.0411140E-08    3.9825638E-09    9.7869349E-05    6.7070070E-04    3.2846265E-04    8.2805968E-05
    7.3500000E+00   -1.3984171E-04    5.9234473E-05    2.1506870E-05    3.8213770E-05    2.6772785E-05    1.9119111E-09    1.0000031E-16    5.9363923E-06    5.0697289E-08    4.0052168E-09    9.8991398E-05    6.7070070E-04    3.2846265E-04    8.2805968E-05
    7.4500000E+00   -1.4101332E-04    5.9614824E-05    2.1687390E-05    3.8256175E-05    2.6948047E-05    1.8564147E-09    1.0000031E-16    6.0240236E-06    5.0986282E-08    4.0280953E-09    1.0011538E-04    6.7070070E-04    3.2846265E-04    8.2805968E-05
    7.5500000E+00   -1.4218729E-04    5.9995913E-05    2.1868136E-05    3.8298664E-05    2.7123714E-05    1.8029983E-09    1.0000031E-16    6.1118572E-06    5.1278127E-08    4.0511997E-09    1.0124129E-04    6.7070070E-04    3.2846265E-04    8.2805968E-05
    7.6500000E+00   -1.4336361E-04    6.0377740E-05    2.2049107E-05    3.8341234E-05    2.7299786E-05    1.7515678E-09    1.0000031E-16    6.1998932E-06    5.1572831E-08    4.0745307E-09    1.0236914E-04    6.7070070E-04    3.2846265E-04    8.2805968E-05
    7.7500000E+00   -1.4454228E-04    6.0760305E-05    2.2230303E-05    3.8383887E-05    2.7476264E-05    1.7020343E-09    1.0000031E-16    6.2881319E-06    5.1870403E-08    4.0980890E-09    1.0349892E-04    6.7070070E-04    3.2846265E-04    8.2805968E-05
    7.8500000E+00   -1.4572330E-04    6.1143610E-05    2.2411722E-05    3.8426622E-05    2.7653147E-05    1.6543131E-09    1.0000031E-16    6.3765735E-06    5.2170850E-08    4.1218751E-09    1.0463063E-04    6.7070070E-04    3.2846265E-04    8.2805968E-05
    7.9500000E+00   -1.4690669E-04    6.1527655E-05    2.2593365E-05    3.8469440E-05    2.7830437E-05    1.6083245E-09    1.0000031E-16    6.4652183E-06    5.2474181E-08    4.1458897E-09    1.0576428E-04    6.7070070E-04    3.2846265E-04    8.2805968E-05
    8.0500000E+00   -1.4809243E-04    6.1912440E-05    2.2775231E-05    3.8512340E-05    2.8008133E-05    1.5639924E-09    1.0000031E-16    6.5540665E-06    5.2780405E-08    4.1701334E-09    1.0689986E-04    6.7070070E-04    3.2846265E-04    8.2805968E-05
    8.1500000E+00   -1.4928052E-04    6.2297968E-05    2.2957320E-05    3.8555323E-05    2.8186237E-05    1.5212450E-09    1.0000031E-16    6.6431183E-06    5.3089530E-08    4.1946070E-09    1.0803738E-04    6.7070070E-04    3.2846265E-04    8.2805968E-05
    8.2500000E+00   -1.5047098E-04    6.2684237E-05    2.3139632E-05    3.8598389E-05    2.8364748E-05    1.4800138E-09    1.0000031E-16    6.7323740E-06    5.3401564E-08    4.2193112E-09    1.0917684E-04    6.7070070E-04    3.2846265E-04    8.2805968E-05
    8.3500000E+00   -1.5166381E-04    6.3071250E-05    2.3322165E-05    3.8641537E-05    2.8543668E-05    1.4402341E-09    1.0000031E-16    6.8218338E-06    5.3716517E-08    4.2442466E-09    1.1031823E-04    6.7070070E-04    3.2846265E-04    8.2805968E-05
    8.4500000E+00   -1.5285899E-04    6.3459006E-05    2.3504919E-05    3.8684769E-05    2.8722996E-05    1.4018441E-09    1.0000031E-16    6.9114980E-06    5.4034399E-08    4.2694140E-09    1.1146156E-04    6.7070070E-04    3.2846265E-04    8.2805968E-05
    8.5500000E+00   -1.5405654E-04    6.3847507E-05    2.3687895E-05    3.8728083E-05    2.8902733E-05    1.3647854E-09    1.0000031E-16    7.0013667E-06    5.4355217E-08    4.2948140E-09    1.1260682E-04    6.7070070E-04    3.2846265E-04    8.2805968E-05
    8.6500000E+00   -1.5525646E-04    6.4236752E-05    2.3871090E-05    3.8771481E-05    2.9082880E-05    1.3290022E-09    1.0000031E-16    7.0914402E-06    5.4678982E-08    4.3204476E-09    1.1375402E-04    6.7070070E-04    3.2846265E-04    8.2805968E-05
    8.7500000E+00   -1.5645875E-04    6.4626744E-05    2.4054505E-05    3.8814961E-05    2.9263437E-05    1.2944416E-09    1.0000031E-16    7.1817187E-06    5.5005703E-08    4.3463153E-09    1.1490316E-04    6.7070070E-04    3.2846265E-04    8.2805968E-05
    8.8500000E+00   -1.5766341E-04    6.5017482E-05    2.4238139E-05    3.8858525E-05    2.9444405E-05    1.2610531E-09    1.0000031E-16    7.2722025E-06    5.5335390E-08    4.3724180E-09    1.1605424E-04    6.7070070E-04    3.2846265E-04    8.2805968E-05
    8.9500000E+00   -1.5887044E-04    6.5408967E-05    2.4421992E-05    3.8902173E-05    2.9625783E-05    1.2287890E-09    1.0000031E-16    7.3628917E-06    5.5668054E-08    4.3987566E-09    1.1720725E-04    6.7070070E-04    3.2846265E-04    8.2805968E-05
    9.0500000E+00   -1.6007984E-04    6.5801201E-05    2.4606062E-05    3.8945903E-05    2.9807574E-05    1.1976034E-09    1.0000031E-16    7.4537868E-06    5.6003703E-08    4.4253317E-09    1.1836221E-04    6.7070070E-04    3.2846265E-04    8.2805968E-05
    9.1500000E+00   -1.6129162E-04    6.6194183E-05    2.4790349E-05    3.8989717E-05    2.9989775E-05    1.1674530E-09    1.0000031E-16    7.5448877E-06    5.6342349E-08    4.4521442E-09    1.1951910E-04    6.7070070E-04    3.2846265E-04    8.2805968E-05
    9.2500000E+00   -1.6250578E-04    6.6587914E-05    2.4974853E-05    3.9033615E-05    3.0172390E-05    1.1382962E-09    1.0000031E-16    7.6361949E-06    5.6684003E-08    4.4791950E-09    1.2067793E-04    6.7070070E-04    3.2846265E-04    8.2805968E-05
    9.3500000E+00   -1.6372231E-04    6.6982396E-05    2.5159572E-05    3.9077596E-05    3.0355417E-05    1.1100937E-09    1.0000031E-16    7.7277085E-06    5.7028673E-08    4.5064850E-09    1.2183869E-04    6.7070070E-04    3.2846265E-04    8.2805968E-05
    9.4500000E+00   -1.6494122E-04    6.7377628E-05    2.5344507E-05    3.9121661E-05    3.0538858E-05    1.0828077E-09    1.0000031E-16    7.8194288E-06    5.7376373E-08    4.5340148E-09    1.2300140E-04    6.7070070E-04    3.2846265E-04    8.2805968E-05
    9.5500000E+00   -1.6616251E-04    6.7773612E-05    2.5529655E-05    3.9165810E-05    3.0722712E-05    1.0564023E-09    1.0000031E-16    7.9113560E-06    5.7727112E-08    4.5617856E-09    1.2416604E-04    6.7070070E-04    3.2846265E-04    8.2805968E-05
    9.6500000E+00   -1.6738619E-04    6.8170348E-05    2.5715017E-05    3.9210043E-05    3.0906981E-05    1.0308432E-09    1.0000031E-16    8.0034903E-06    5.8080903E-08    4.5897981E-09    1.2533262E-04    6.7070070E-04    3.2846265E-04    8.2805968E-05
    9.7500000E+00   -1.6861225E-04    6.8567838E-05    2.5900592E-05    3.9254360E-05    3.1091664E-05    1.0060978E-09    1.0000031E-16    8.0958319E-06    5.8437756E-08    4.6180533E-09    1.2650114E-04    6.7070070E-04    3.2846265E-04    8.2805968E-05
    9.8500000E+00   -1.6984069E-04    6.8966080E-05    2.6086378E-05    3.9298760E-05    3.1276762E-05    9.8213488E-10    1.0000031E-16    8.1883812E-06    5.8797683E-08    4.6465521E-09    1.2767159E-04    6.7070070E-04    3.2846265E-04    8.2805968E-05
    9.9500000E+00   -1.7107152E-04    6.9365078E-05    2.6272376E-05    3.9343245E-05    3.1462277E-05    9.5892453E-10    1.0000031E-16    8.2811383E-06    5.9160696E-08    4.6752955E-09    1.2884398E-04    6.7070070E-04    3.2846265E-04    8.2805968E-05
    1.0050000E+01   -1.7230473E-04    6.9764830E-05    2.6458583E-05    3.9387814E-05    3.1648207E-05    9.3643831E-10    1.0000031E-16    8.3741035E-06    5.9526808E-08    4.7042844E-09    1.3001831E-04    6.7070070E-04    3.2846265E-04    8.2805968E-05
    1.0150000E+01   -1.7354034E-04    7.0165338E-05    2.6644999E-05    3.9432467E-05    3.1834554E-05    9.1464898E-10    1.0000031E-16    8.4672769E-06    5.9896030E-08    4.7335199E-09    1.3119457E-04    6.7070070E-04    3.2846265E-04    8.2805968E-05
    1.0250000E+01   -1.7477833E-04    7.0566603E-05    2.6831623E-05    3.9477205E-05    3.2021318E-05    8.9353052E-10    1.0000031E-16    8.5606589E-06    6.0268375E-08    4.7630028E-09    1.3237277E-04    6.7070070E-04    3.2846265E-04    8.2805968E-05
    1.0350000E+01   -1.7601872E-04    7.0968625E-05    2.7018455E-05    3.9522027E-05    3.2208499E-05    8.7305803E-10    1.0000031E-16    8.6542497E-06    6.0643856E-08    4.7927343E-09    1.3355291E-04    6.7070070E-04    3.2846265E-04    8.2805968E-05
    1.0450000E+01   -1.7726150E-04    7.1371405E-05    2.7205492E-05    3.9566933E-05    3.2396099E-05    8.5320773E-10    1.0000031E-16    8.7480494E-06    6.1022486E-08    4.8227154E-09    1.3473497E-04    6.7070070E-04    3.2846265E-04    8.2805968E-05
    1.0550000E+01   -1.7850667E-04    7.1774944E-05    2.7392735E-05    3.9611924E-05    3.2584117E-05    8.3395682E-10    1.0000031E-16    8.8420584E-06    6.1404278E-08    4.8529471E-09    1.3591897E-04    6.7070070E-04    3.2846265E-04    8.2805968E-05
    1.0650000E+01   -1.7975424E-04    7.2179242E-05    2.7580181E-05    3.9657000E-05    3.2772554E-05    8.1528350E-10    1.0000031E-16    8.9362768E-06    6.1789245E-08    4.8834305E-09    1.3710491E-04    6.7070070E-04    3.2846265E-04    8.2805968E-05
    1.0750000E+01   -1.8100420E-04    7.2584300E-05    2.7767831E-05    3.9702161E-05    3.2961410E-05    7.9716692E-10    1.0000031E-16    9.0307050E-06    6.2177402E-08    4.9141667E-09    1.3829277E-04    6.7070070E-04    3.2846265E-04    8.2805968E-05
    1.0850000E+01   -1.8225656E-04    7.2990119E-05    2.7955682E-05    3.9747406E-05    3.3150686E-05    7.7958707E-10    1.0000031E-16    9.1253430E-06    6.2568761E-08    4.9451568E-09    1.3948257E-04    6.7070070E-04    3.2846265E-04    8.2805968E-05
    1.0950000E+01   -1.8351131E-04    7.3396700E-05    2.8143733E-05    3.9792736E-05    3.3340383E-05    7.6252483E-10    1.0000031E-16    9.2201913E-06    6.2963338E-08    4.9764019E-09    1.4067430E-04    6.7070070E-04    3.2846265E-04    8.2805968E-05
    1.1050000E+01   -1.8476847E-04    7.3804043E-05    2.8331984E-05    3.9838152E-05    3.3530500E-05    7.4596184E-10    1.0000031E-16    9.3152499E-06    6.3361147E-08    5.0079033E-09    1.4186795E-04    6.7070070E-04    3.2846265E-04    8.2805968E-05
    1.1150000E+01   -1.8602802E-04    7.4212149E-05    2.8520433E-05    3.9883652E-05    3.3721038E-05    7.2988053E-10    1.0000031E-16    9.4105192E-06    6.3762203E-08    5.0396621E-09    1.4306354E-04    6.7070070E-04    3.2846265E-04    8.2805968E-05
    1.1250000E+01   -1.8728998E-04    7.4621018E-05    2.8709079E-05    3.9929237E-05    3.3911999E-05    7.1426405E-10    1.0000031E-16    9.5059993E-06    6.4166519E-08    5.0716794E-09    1.4426105E-04    6.7070070E-04    3.2846265E-04    8.2805968E-05
    1.1350000E+01   -1.8855434E-04    7.5030652E-05    2.8897920E-05    3.9974908E-05    3.4103381E-05    6.9909623E-10    1.0000031E-16    9.6016905E-06    6.4574113E-08    5.1039565E-09    1.4546049E-04    6.7070070E-04    3.2846265E-04    8.2805968E-05
    1.1450000E+01   -1.8982110E-04    7.5441051E-05    2.9086955E-05    4.0020664E-05    3.4295186E-05    6.8436157E-10    1.0000031E-16    9.6975931E-06    6.4984998E-08    5.1364947E-09    1.4666185E-04    6.7070070E-04    3.2846265E-04    8.2805968E-05
    1.1550000E+01   -1.9109026E-04    7.5852216E-05    2.9276183E-05    4.0066505E-05    3.4487414E-05    6.7004520E-10    1.0000031E-16    9.7937072E-06    6.5399192E-08    5.1692951E-09    1.4786513E-04    6.7070070E-04    3.2846265E-04    8.2805968E-05
    1.1650000E+01   -1.9236183E-04    7.6264148E-05    2.9465602E-05    4.0112432E-05    3.4680066E-05    6.5613285E-10    1.0000031E-16    9.8900331E-06    6.5816709E-08    5.2023591E-09    1.4907034E-04    6.7070070E-04    3.2846265E-04    8.2805968E-05
    1.1750000E+01   -1.9363581E-04    7.6676846E-05    2.9655211E-05    4.0158445E-05    3.4873142E-05    6.4261083E-10    1.0000031E-16    9.9865710E-06    6.6237567E-08    5.2356880E-09    1.5027746E-04    6.7070070E-04    3.2846265E-04    8.2805968E-05
    1.1850000E+01   -1.9491218E-04    7.7090313E-05    2.9845008E-05    4.0204542E-05    3.5066642E-05    6.2946598E-10    1.0000031E-16    1.0083321E-05    6.6661782E-08    5.2692832E-09    1.5148651E-04    6.7070070E-04    3.2846265E-04    8.2805968E-05
    1.1950000E+01   -1.9619097E-04    7.7504548E-05    3.0034992E-05    4.0250726E-05    3.5260568E-05    6.1668566E-10    1.0000031E-16    1.0180284E-05    6.7089371E-08    5.3031459E-09    1.5269747E-04    6.7070070E-04    3.2846265E-04    8.2805968E-05
    1.2050000E+01   -1.9747216E-04    7.7919553E-05    3.0225161E-05    4.0296996E-05    3.5454919E-05    6.0425775E-10    1.0000031E-16    1.0277459E-05    6.7520351E-08    5.3372775E-09    1.5391034E-04    6.7070070E-04    3.2846265E-04    8.2805968E-05
    1.2150000E+01   -1.9875576E-04    7.8335328E-05    3.0415513E-05    4.0343351E-05    3.5649696E-05    5.9217059E-10    1.0000031E-16    1.0374848E-05    6.7954740E-08    5.3716795E-09    1.5512513E-04    6.7070070E-04    3.2846265E-04    8.2805968E-05
    1.2250000E+01   -2.0004177E-04    7.8751874E-05    3.0606047E-05    4.0389792E-05    3.5844899E-05    5.8041298E-10    1.0000031E-16    1.0472449E-05    6.8392555E-08    5.4063534E-09    1.5634183E-04    6.7070070E-04    3.2846265E-04    8.2805968E-05
    1.2350000E+01   -2.0133019E-04    7.9169191E-05    3.0796761E-05    4.0436320E-05    3.6040529E-05    5.6897415E-10    1.0000031E-16    1.0570264E-05    6.8833816E-08    5.4413004E-09    1.5756044E-04    6.7070070E-04    3.2846265E-04    8.2805968E-05
    1.2450000E+01   -2.0262102E-04    7.9587280E-05    3.0987653E-05    4.0482933E-05    3.6236586E-05    5.5784375E-10    1.0000031E-16    1.0668293E-05    6.9278540E-08    5.4765222E-09    1.5878096E-04    6.7070070E-04    3.2846265E-04    8.2805968E-05
    1.2550000E+01   -2.0391426E-04    8.0006143E-05    3.1178721E-05    4.0529633E-05    3.6433071E-05    5.4701181E-10    1.0000031E-16    1.0766536E-05    6.9726747E-08    5.5120203E-09    1.6000338E-04    6.7070070E-04    3.2846265E-04    8.2805968E-05
    1.2650000E+01   -2.0520990E-04    8.0425779E-05    3.1369964E-05    4.0576418E-05    3.6629985E-05    5.3646877E-10    1.0000031E-16    1.0864992E-05    7.0178455E-08    5.5477961E-09    1.6122770E-04    6.7070070E-04    3.2846265E-04    8.2805968E-05
    1.2750000E+01   -2.0650796E-04    8.0846190E-05    3.1561380E-05    4.0623291E-05    3.6827327E-05    5.2620541E-10    1.0000031E-16    1.0963663E-05    7.0633685E-08    5.5838513E-09    1.6245392E-04    6.7070070E-04    3.2846265E-04    8.2805968E-05
    1.2850000E+01   -2.0780843E-04    8.1267375E-05    3.1752966E-05    4.0670249E-05    3.7025098E-05    5.1621287E-10    1.0000031E-16    1.1062549E-05    7.1092455E-08    5.6201875E-09    1.6368204E-04    6.7070070E-04    3.2846265E-04    8.2805968E-05
    1.2950000E+01   -2.0911131E-04    8.1689337E-05    3.1944721E-05    4.0717294E-05    3.7223299E-05    5.0648262E-10    1.0000031E-16    1.1161650E-05    7.1554788E-08    5.6568062E-09    1.6491206E-04    6.7070070E-04    3.2846265E-04    8.2805968E-05
    1.3050000E+01   -2.1041660E-04    8.2112075E-05    3.2136642E-05    4.0764426E-05    3.7421930E-05    4.9700643E-10    1.0000031E-16    1.1260965E-05    7.2020703E-08    5.6937092E-09    1.6614396E-04    6.7070070E-04    3.2846265E-04    8.2805968E-05
    1.3150000E+01   -2.1172430E-04    8.2535590E-05    3.2328727E-05    4.0811644E-05    3.7620992E-05    4.8777642E-10    1.0000031E-16    1.1360496E-05    7.2490221E-08    5.7308981E-09    1.6737776E-04    6.7070070E-04    3.2846265E-04    8.2805968E-05
    1.3250000E+01   -2.1303441E-04    8.2959884E-05    3.2520975E-05    4.0858949E-05    3.7820485E-05    4.7878495E-10    1.0000031E-16    1.1460242E-05    7.2963364E-08    5.7683747E-09    1.6861344E-04    6.7070070E-04    3.2846265E-04    8.2805968E-05
    1.3350000E+01   -2.1434694E-04    8.3384956E-05    3.2713382E-05    4.0906341E-05    3.8020409E-05    4.7002470E-10    1.0000031E-16    1.1560205E-05    7.3440154E-08    5.8061406E-09    1.6985100E-04    6.7070070E-04    3.2846265E-04    8.2805968E-05
    1.3450000E+01   -2.1566187E-04    8.3810807E-05    3.2905947E-05    4.0953820E-05    3.8220765E-05    4.6148860E-10    1.0000031E-16    1.1660383E-05    7.3920614E-08    5.8441978E-09    1.7109045E-04    6.7070070E-04    3.2846265E-04    8.2805968E-05
    1.3550000E+01   -2.1697922E-04    8.4237438E-05    3.3098667E-05    4.1001386E-05    3.8421554E-05    4.5316985E-10    1.0000031E-16    1.1760777E-05    7.4404765E-08    5.8825479E-09    1.7233177E-04    6.7070070E-04    3.2846265E-04    8.2805968E-05
    1.3650000E+01   -2.1829898E-04    8.4664851E-05    3.3291540E-05    4.1049038E-05    3.8622776E-05    4.4506188E-10    1.0000031E-16    1.1861388E-05    7.4892631E-08    5.9211929E-09    1.7357496E-04    6.7070070E-04    3.2846265E-04    8.2805968E-05
    1.3750000E+01   -2.1962114E-04    8.5093044E-05    3.3484563E-05    4.1096778E-05    3.8824431E-05    4.3715837E-10    1.0000031E-16    1.1962215E-05    7.5384236E-08    5.9601347E-09    1.7482003E-04    6.7070070E-04    3.2846265E-04    8.2805968E-05
    1.3850000E+01   -2.2094572E-04    8.5522021E-05    3.3677734E-05    4.1144606E-05    3.9026520E-05    4.2945324E-10    1.0000031E-16    1.2063260E-05    7.5879604E-08    5.9993751E-09    1.7606696E-04    6.7070070E-04    3.2846265E-04    8.2805968E-05
    1.3950000E+01   -2.2227271E-04    8.5951780E-05    3.3871050E-05    4.1192520E-05    3.9229043E-05    4.2194059E-10    1.0000031E-16    1.2164521E-05    7.6378760E-08    6.0389162E-09    1.7731575E-04    6.7070070E-04    3.2846265E-04    8.2805968E-05
    1.4050000E+01   -2.2360211E-04    8.6382322E-05    3.4064508E-05    4.1240522E-05    3.9432001E-05    4.1461478E-10    1.0000031E-16    1.2266001E-05    7.6881727E-08    6.0787599E-09    1.7856640E-04    6.7070070E-04    3.2846265E-04    8.2805968E-05
    1.4150000E+01   -2.2493392E-04    8.6813650E-05    3.4258106E-05    4.1288611E-05    3.9635394E-05    4.0747034E-10    1.0000031E-16    1.2367697E-05    7.7388533E-08    6.1189083E-09    1.7981890E-04    6.7070070E-04    3.2846265E-04    8.2805968E-05
    1.4250000E+01   -2.2626814E-04    8.7245762E-05    3.4451841E-05    4.1336788E-05    3.9839223E-05    4.0050199E-10    1.0000031E-16    1.2469612E-05    7.7899202E-08    6.1593635E-09    1.8107326E-04    6.7070070E-04    3.2846265E-04    8.2805968E-05
    1.4350000E+01   -2.2760477E-04    8.7678660E-05    3.4645709E-05    4.1385052E-05    4.0043489E-05    3.9370466E-10    1.0000031E-16    1.2571744E-05    7.8413761E-08    6.2001275E-09    1.8232946E-04    6.7070070E-04    3.2846265E-04    8.2805968E-05
    1.4450000E+01   -2.2894380E-04    8.8112344E-05    3.4839709E-05    4.1433404E-05    4.0248190E-05    3.8707346E-10    1.0000031E-16    1.2674095E-05    7.8932238E-08    6.2412025E-09    1.8358750E-04    6.7070070E-04    3.2846265E-04    8.2805968E-05
    1.4550000E+01   -2.3028524E-04    8.8546816E-05    3.5033837E-05    4.1481844E-05    4.0453329E-05    3.8060364E-10    1.0000031E-16    1.2776665E-05    7.9454659E-08    6.2825908E-09    1.8484738E-04    6.7070070E-04    3.2846265E-04    8.2805968E-05
    1.4650000E+01   -2.3162909E-04    8.8982076E-05    3.5228089E-05    4.1530372E-05    4.0658906E-05    3.7429065E-10    1.0000031E-16    1.2879453E-05    7.9981053E-08    6.3242945E-09    1.8610908E-04    6.7070070E-04    3.2846265E-04    8.2805968E-05
    1.4750000E+01   -2.3297534E-04    8.9418125E-05    3.5422463E-05    4.1578988E-05    4.0864921E-05    3.6813009E-10    1.0000031E-16    1.2982460E-05    8.0511448E-08    6.3663160E-09    1.8737262E-04    6.7070070E-04    3.2846265E-04    8.2805968E-05
    1.4850000E+01   -2.3432400E-04    8.9854963E-05    3.5616956E-05    4.1627691E-05    4.1071374E-05    3.6211772E-10    1.0000031E-16    1.3085687E-05    8.1045874E-08    6.4086576E-09    1.8863798E-04    6.7070070E-04    3.2846265E-04    8.2805968E-05
    1.4950000E+01   -2.3567505E-04    9.0292591E-05    3.5811564E-05    4.1676483E-05    4.1278266E-05    3.5624943E-10    1.0000031E-16    1.3189133E-05    8.1584360E-08    6.4513216E-09    1.8990515E-04    6.7070070E-04    3.2846265E-04    8.2805968E-05
    1.5050000E+01   -2.3702852E-04    9.0731009E-05    3.6006283E-05    4.1725363E-05    4.1485598E-05    3.5052129E-10    1.0000031E-16    1.3292799E-05    8.2126936E-08    6.4943106E-09    1.9117414E-04    6.7070070E-04    3.2846265E-04    8.2805968E-05
    1.5150000E+01   -2.3838438E-04    9.1170220E-05    3.6201110E-05    4.1774331E-05    4.1693369E-05    3.4492948E-10    1.0000031E-16    1.3396685E-05    8.2673634E-08    6.5376269E-09    1.9244493E-04    6.7070070E-04    3.2846265E-04    8.2805968E-05
    1.5250000E+01   -2.3974264E-04    9.1610222E-05    3.6396042E-05    4.1823388E-05    4.1901581E-05    3.3947032E-10    1.0000031E-16    1.3500791E-05    8.3224485E-08    6.5812732E-09    1.9371752E-04    6.7070070E-04    3.2846265E-04    8.2805968E-05
    1.5350000E+01   -2.4110330E-04    9.2051018E-05    3.6591075E-05    4.1872533E-05    4.2110234E-05    3.3414027E-10    1.0000031E-16    1.3605117E-05    8.3779521E-08    6.6252519E-09    1.9499190E-04    6.7070070E-04    3.2846265E-04    8.2805968E-05
    1.5450000E+01   -2.4246635E-04    9.2492607E-05    3.6786205E-05    4.1921766E-05    4.2319328E-05    3.2893591E-10    1.0000031E-16    1.3709664E-05    8.4338776E-08    6.6695657E-09    1.9626807E-04    6.7070070E-04    3.2846265E-04    8.2805968E-05
    1.5550000E+01   -2.4383181E-04    9.2934991E-05    3.6981428E-05    4.1971088E-05    4.2528864E-05    3.2385395E-10    1.0000031E-16    1.3814432E-05    8.4902282E-08    6.7142173E-09    1.9754602E-04    6.7070070E-04    3.2846265E-04    8.2805968E-05
    1.5650000E+01   -2.4519965E-04    9.3378169E-05    3.7176740E-05    4.2020499E-05    4.2738842E-05    3.1889122E-10    1.0000031E-16    1.3919421E-05    8.5470073E-08    6.7592094E-09    1.9882575E-04    6.7070070E-04    3.2846265E-04    8.2805968E-05
    1.5750000E+01   -2.4656989E-04    9.3822144E-05    3.7372137E-05    4.2069998E-05    4.2949263E-05    3.1404465E-10    1.0000031E-16    1.4024631E-05    8.6042186E-08    6.8045449E-09    2.0010724E-04    6.7070070E-04    3.2846265E-04    8.2805968E-05
    1.5850000E+01   -2.4794251E-04    9.4266915E-05    3.7567615E-05    4.2119586E-05    4.3160127E-05    3.0931131E-10    1.0000031E-16    1.4130063E-05    8.6618654E-08    6.8502265E-09    2.0139050E-04    6.7070070E-04    3.2846265E-04    8.2805968E-05
    1.5950000E+01   -2.4931753E-04    9.4712483E-05    3.7763170E-05    4.2169263E-05    4.3371435E-05    3.0468836E-10    1.0000031E-16    1.4235717E-05    8.7199516E-08    6.8962573E-09    2.0267551E-04    6.7070070E-04    3.2846265E-04    8.2805968E-05
    1.6050000E+01   -2.5069492E-04    9.5158850E-05    3.7958797E-05    4.2219029E-05    4.3583186E-05    3.0017308E-10    1.0000031E-16    1.4341593E-05    8.7784808E-08    6.9426401E-09    2.0396227E-04    6.7070070E-04    3.2846265E-04    8.2805968E-05
    1.6150000E+01   -2.5207471E-04    9.5606015E-05    3.8154492E-05    4.2268884E-05    4.3795383E-05    2.9576285E-10    1.0000031E-16    1.4447691E-05    8.8374568E-08    6.9893780E-09    2.0525076E-04    6.7070070E-04    3.2846265E-04    8.2805968E-05
    1.6250000E+01   -2.5345687E-04    9.6053979E-05    3.8350250E-05    4.2318829E-05    4.4008024E-05    2.9145517E-10    1.0000031E-16    1.4554012E-05    8.8968834E-08    7.0364742E-09    2.0654099E-04    6.7070070E-04    3.2846265E-04    8.2805968E-05
    1.6350000E+01   -2.5484141E-04    9.6502743E-05    3.8546066E-05    4.2368862E-05    4.4221111E-05    2.8724763E-10    1.0000031E-16    1.4660556E-05    8.9567647E-08    7.0839318E-09    2.0783294E-04    6.7070070E-04    3.2846265E-04    8.2805968E-05
    1.6450000E+01   -2.5622833E-04    9.6952309E-05    3.8741936E-05    4.2418985E-05    4.4434644E-05    2.8313794E-10    1.0000031E-16    1.4767322E-05    9.0171048E-08    7.1317540E-09    2.0912661E-04    6.7070070E-04    3.2846265E-04    8.2805968E-05
    1.6550000E+01   -2.5761762E-04    9.7402675E-05    3.8937855E-05    4.2469197E-05    4.4648624E-05    2.7912389E-10    1.0000031E-16    1.4874312E-05    9.0779077E-08    7.1799442E-09    2.1042198E-04    6.7070070E-04    3.2846265E-04    8.2805968E-05
    1.6650000E+01   -2.5900929E-04    9.7853844E-05    3.9133816E-05    4.2519498E-05    4.4863050E-05    2.7520341E-10    1.0000031E-16    1.4981525E-05    9.1391778E-08    7.2285058E-09    2.1171905E-04    6.7070070E-04    3.2846265E-04    8.2805968E-05
    1.6750000E+01   -2.6040332E-04    9.8305816E-05    3.9329816E-05    4.2569889E-05    4.5077924E-05    2.7137450E-10    1.0000031E-16    1.5088962E-05    9.2009193E-08    7.2774423E-09    2.1301781E-04    6.7070070E-04    3.2846265E-04    8.2805968E-05
    1.6850000E+01   -2.6179971E-04    9.8758592E-05    3.9525849E-05    4.2620370E-05    4.5293246E-05    2.6763530E-10    1.0000031E-16    1.5196623E-05    9.2631367E-08    7.3267573E-09    2.1431824E-04    6.7070070E-04    3.2846265E-04    8.2805968E-05
    1.6950000E+01   -2.6319847E-04    9.9212172E-05    3.9721909E-05    4.2670940E-05    4.5509016E-05    2.6398404E-10    1.0000031E-16    1.5304508E-05    9.3258347E-08    7.3764543E-09    2.1562035E-04    6.7070070E-04    3.2846265E-04    8.2805968E-05
    1.7050000E+01   -2.6459958E-04    9.9666557E-05    3.9917990E-05    4.2721600E-05    4.5725234E-05    2.6041908E-10    1.0000031E-16    1.5412617E-05    9.3890179E-08    7.4265372E-09    2.1692412E-04    6.7070070E-04    3.2846265E-04    8.2805968E-05
    1.7150000E+01   -2.6600305E-04    1.0012175E-04    4.0114086E-05    4.2772350E-05    4.5941902E-05    2.5693890E-10    1.0000031E-16    1.5520951E-05    9.4526910E-08    7.4770099E-09    2.1822953E-04    6.7070070E-04    3.2846265E-04    8.2805968E-05
    1.7250000E+01   -2.6740887E-04    1.0057775E-04    4.0310192E-05    4.2823190E-05    4.6159020E-05    2.5354209E-10    1.0000031E-16    1.5629510E-05    9.5168591E-08    7.5278762E-09    2.1953658E-04    6.7070070E-04    3.2846265E-04    8.2805968E-05
    1.7350000E+01   -2.6881703E-04    1.0103455E-04    4.0506301E-05    4.2874119E-05    4.6376588E-05    2.5022741E-10    1.0000031E-16    1.5738294E-05    9.5815272E-08    7.5791402E-09    2.2084526E-04    6.7070070E-04    3.2846265E-04    8.2805968E-05
    1.7450000E+01   -2.7022754E-04    1.0149216E-04    4.0702407E-05    4.2925139E-05    4.6594606E-05    2.4699374E-10    1.0000031E-16    1.5847303E-05    9.6467005E-08    7.6308062E-09    2.2215556E-04    6.7070070E-04    3.2846265E-04    8.2805968E-05
    1.7550000E+01   -2.7164038E-04    1.0195058E-04    4.0898502E-05    4.2976249E-05    4.6813076E-05    2.4384015E-10    1.0000031E-16    1.5956538E-05    9.7123844E-08    7.6828784E-09    2.2346746E-04    6.7070070E-04    3.2846265E-04    8.2805968E-05
    1.7650000E+01   -2.7305556E-04    1.0240981E-04    4.1094581E-05    4.3027450E-05    4.7031997E-05    2.4076588E-10    1.0000031E-16    1.6065999E-05    9.7785845E-08    7.7353613E-09    2.2478095E-04    6.7070070E-04    3.2846265E-04    8.2805968E-05
    1.7750000E+01   -2.7447307E-04    1.0286986E-04    4.1290634E-05    4.3078740E-05    4.7251371E-05    2.3777038E-10    1.0000031E-16    1.6175685E-05    9.8453065E-08    7.7882595E-09    2.2609602E-04    6.7070070E-04    3.2846265E-04    8.2805968E-05
    1.7850000E+01   -2.7589290E-04    1.0333071E-04    4.1486657E-05    4.3130121E-05    4.7471197E-05    2.3485333E-10    1.0000031E-16    1.6285598E-05    9.9125563E-08    7.8415777E-09    2.2741265E-04    6.7070070E-04    3.2846265E-04    8.2805968E-05
    1.7950000E+01   -2.7731505E-04    1.0379237E-04    4.1682639E-05    4.3181593E-05    4.7691475E-05    2.3201471E-10    1.0000031E-16    1.6395738E-05    9.9803402E-08    7.8953210E-09    2.2873083E-04    6.7070070E-04    3.2846265E-04    8.2805968E-05
    1.8050000E+01   -2.7873951E-04    1.0425484E-04    4.1878574E-05    4.3233155E-05    4.7912208E-05    2.2925481E-10    1.0000031E-16    1.6506104E-05    1.0048664E-07    7.9494944E-09    2.3005055E-04    6.7070070E-04    3.2846265E-04    8.2805968E-05
    1.8150000E+01   -2.8016627E-04    1.0471813E-04    4.2074452E-05    4.3284807E-05    4.8133394E-05    2.2657433E-10    1.0000031E-16    1.6616697E-05    1.0117536E-07    8.0041033E-09    2.3137179E-04    6.7070070E-04    3.2846265E-04    8.2805968E-05
    1.8250000E+01   -2.8159534E-04    1.0518223E-04    4.2270265E-05    4.3336551E-05    4.8355034E-05    2.2397442E-10    1.0000031E-16    1.6727517E-05    1.0186961E-07    8.0591534E-09    2.3269453E-04    6.7070070E-04    3.2846265E-04    8.2805968E-05
    1.8350000E+01   -2.8302669E-04    1.0564715E-04    4.2466003E-05    4.3388385E-05    4.8577130E-05    2.2145687E-10    1.0000031E-16    1.6838565E-05    1.0256948E-07    8.1146506E-09    2.3401875E-04    6.7070070E-04    3.2846265E-04    8.2805968E-05
    1.8450000E+01   -2.8446033E-04    1.0611288E-04    4.2661656E-05    4.3440310E-05    4.8799681E-05    2.1902419E-10    1.0000031E-16    1.6949840E-05    1.0327505E-07    8.1706011E-09    2.3534445E-04    6.7070070E-04    3.2846265E-04    8.2805968E-05
    1.8550000E+01   -2.8589625E-04    1.0657943E-04    4.2857213E-05    4.3492326E-05    4.9022687E-05    2.1667985E-10    1.0000031E-16    1.7061344E-05    1.0398639E-07    8.2270117E-09    2.3667159E-04    6.7070070E-04    3.2846265E-04    8.2805968E-05
    1.8650000E+01   -2.8733443E-04    1.0704679E-04    4.3052662E-05    4.3544433E-05    4.9246150E-05    2.1442862E-10    1.0000031E-16    1.7173075E-05    1.0470359E-07    8.2838895E-09    2.3800015E-04    6.7070070E-04    3.2846265E-04    8.2805968E-05
    1.8750000E+01   -2.8877487E-04    1.0751497E-04    4.3247992E-05    4.3596631E-05    4.9470070E-05    2.1227690E-10    1.0000031E-16    1.7285035E-05    1.0542676E-07    8.3412422E-09    2.3933012E-04    6.7070070E-04    3.2846265E-04    8.2805968E-05
    1.8850000E+01   -2.9021756E-04    1.0798397E-04    4.3443187E-05    4.3648920E-05    4.9694446E-05    2.1023341E-10    1.0000031E-16    1.7397223E-05    1.0615600E-07    8.3990785E-09    2.4066146E-04    6.7070070E-04    3.2846265E-04    8.2805968E-05
    1.8950000E+01   -2.9166247E-04    1.0845379E-04    4.3638232E-05    4.3701301E-05    4.9919281E-05    2.0831008E-10    1.0000031E-16    1.7509640E-05    1.0689142E-07    8.4574077E-09    2.4199414E-04    6.7070070E-04    3.2846265E-04    8.2805968E-05
    1.9050000E+01   -2.9310960E-04    1.0892443E-04    4.3833109E-05    4.3753773E-05    5.0144573E-05    2.0652345E-10    1.0000031E-16    1.7622287E-05    1.0763316E-07    8.5162407E-09    2.4332813E-04    6.7070070E-04    3.2846265E-04    8.2805968E-05
    1.9150000E+01   -2.9455893E-04    1.0939588E-04    4.4027797E-05    4.3806336E-05    5.0370324E-05    2.0489694E-10    1.0000031E-16    1.7735162E-05    1.0838138E-07    8.5755900E-09    2.4466340E-04    6.7070070E-04    3.2846265E-04    8.2805968E-05
    1.9250000E+01   -2.9601043E-04    1.0986816E-04    4.4222272E-05    4.3858991E-05    5.0596534E-05    2.0346458E-10    1.0000031E-16    1.7848267E-05    1.0913625E-07    8.6354705E-09    2.4599988E-04    6.7070070E-04    3.2846265E-04    8.2805968E-05
    1.9350000E+01   -2.9746408E-04    1.1034126E-04    4.4416501E-05    4.3911738E-05    5.0823204E-05    2.0227765E-10    1.0000031E-16    1.7961602E-05    1.0989802E-07    8.6959006E-09    2.4733753E-04    6.7070070E-04    3.2846265E-04    8.2805968E-05
    1.9450000E+01   -2.9891984E-04    1.1081518E-04    4.4610445E-05    4.3964576E-05    5.1050334E-05    2.0141704E-10    1.0000031E-16    1.8075167E-05    1.1066696E-07    8.7569043E-09    2.4867625E-04    6.7070070E-04    3.2846265E-04    8.2805968E-05
    1.9550000E+01   -3.0037765E-04    1.1128992E-04    4.4804046E-05    4.4017506E-05    5.1277924E-05    2.0101857E-10    1.0000031E-16    1.8188962E-05    1.1144351E-07    8.8185148E-09    2.5001595E-04    6.7070070E-04    3.2846265E-04    8.2805968E-05
    1.9650000E+01   -3.0183744E-04    1.1176549E-04    4.4997221E-05    4.4070527E-05    5.1505975E-05    2.0133033E-10    1.0000031E-16    1.8302987E-05    1.1222826E-07    8.8807816E-09    2.5135644E-04    6.7070070E-04    3.2846265E-04    8.2805968E-05
    1.9750000E+01   -3.0329905E-04    1.1224188E-04    4.5189824E-05    4.4123642E-05    5.1734486E-05    2.0286499E-10    1.0000032E-16    1.8417243E-05    1.1302224E-07    8.9437881E-09    2.5269745E-04    6.7070071E-04    3.2846265E-04    8.2805970E-05
    1.9850000E+01   -3.0476945E-04    1.1272179E-04    4.5382653E-05    4.4177953E-05    5.1964699E-05    2.0690457E-10    1.0000287E-16    1.8532160E-05    1.1383014E-07    9.0079093E-09    2.5404437E-04    6.7071781E-04    3.2847103E-04    8.2808081E-05
    1.9950000E+01   -3.1479126E-04    1.1636454E-04    4.6846843E-05    4.5470474E-05    5.3653135E-05    2.1221690E-10    1.0280704E-16    1.9167468E-05    1.1785103E-07    9.3263159E-09    2.6251816E-04    6.8952535E-04    3.3768165E-04    8.5130094E-05
