# Time          3.5000E+00
# Units: Dimensionless (Log10(Q/Keq)
    Distance           Quartz           K-Feldspar_Li    Oligoclase_Li    Biotite_Li       Kaolinite_Li7    Kaolinite_Li6
    5.0000000E-02   -3.1799272E-01   -4.7011043E+00   -8.8525124E+00   -3.2297171E+01    4.9589413E-03   -1.0978869E-02
    1.5000000E-01   -8.4812326E-02   -4.0198787E+00   -8.2220355E+00   -3.0793800E+01    6.0854327E-03   -9.8597624E-03
    2.5000000E-01   -6.3863386E-03   -3.7916164E+00   -8.0126448E+00   -3.0176245E+01    5.9338011E-03   -1.0018339E-02
    3.5000000E-01   -1.7821596E-02   -3.8275892E+00   -8.0499362E+00   -3.0059605E+01    5.9342559E-03   -1.0027109E-02
    4.5000000E-01   -5.4941074E-02   -3.9387811E+00   -8.1580671E+00   -3.0101918E+01    5.9639742E-03   -1.0008283E-02
    5.5000000E-01   -8.0604953E-02   -4.0154227E+00   -8.2340613E+00   -3.0112990E+01    5.9971695E-03   -9.9852519E-03
    6.5000000E-01   -8.7035416E-02   -4.0347357E+00   -8.2559819E+00   -3.0052066E+01    6.0311750E-03   -9.9589485E-03
    7.5000000E-01   -8.1078561E-02   -4.0171862E+00   -8.2428474E+00   -2.9946682E+01    6.0631711E-03   -9.9323773E-03
    8.5000000E-01   -6.9905245E-02   -3.9840335E+00   -8.2147372E+00   -2.9825264E+01    6.0935545E-03   -9.9060435E-03
    9.5000000E-01   -5.7196224E-02   -3.9461499E+00   -8.1819943E+00   -2.9701604E+01    6.1235166E-03   -9.8793893E-03
    1.0500000E+00   -4.4308128E-02   -3.9075389E+00   -8.1484482E+00   -2.9580314E+01    6.1536365E-03   -9.8521293E-03
    1.1500000E+00   -3.1637532E-02   -3.8693777E+00   -8.1152325E+00   -2.9462415E+01    6.1840940E-03   -9.8242038E-03
    1.2500000E+00   -1.9273471E-02   -3.8319405E+00   -8.0826157E+00   -2.9347874E+01    6.2149282E-03   -9.7956293E-03
    1.3500000E+00   -7.2228936E-03   -3.7952604E+00   -8.0506340E+00   -2.9236433E+01    6.2461403E-03   -9.7664387E-03
    1.4500000E+00    4.5256307E-03   -3.7593160E+00   -8.0192708E+00   -2.9127822E+01    6.2777239E-03   -9.7366649E-03
    1.5500000E+00    1.5986453E-02   -3.7240762E+00   -7.9884999E+00   -2.9021802E+01    6.3096721E-03   -9.7063372E-03
    1.6500000E+00    2.7173591E-02   -3.6895102E+00   -7.9582951E+00   -2.8918168E+01    6.3419796E-03   -9.6754813E-03
    1.7500000E+00    3.8100183E-02   -3.6555887E+00   -7.9286314E+00   -2.8816743E+01    6.3746417E-03   -9.6441193E-03
    1.8500000E+00    4.8778466E-02   -3.6222844E+00   -7.8994858E+00   -2.8717372E+01    6.4076553E-03   -9.6122702E-03
    1.9500000E+00    5.9219836E-02   -3.5895719E+00   -7.8708364E+00   -2.8619918E+01    6.4410181E-03   -9.5799504E-03
    2.0500000E+00    6.9434925E-02   -3.5574270E+00   -7.8426629E+00   -2.8524264E+01    6.4747286E-03   -9.5471740E-03
    2.1500000E+00    7.9433668E-02   -3.5258274E+00   -7.8149464E+00   -2.8430301E+01    6.5087862E-03   -9.5139527E-03
    2.2500000E+00    8.9225361E-02   -3.4947520E+00   -7.7876689E+00   -2.8337934E+01    6.5431908E-03   -9.4802966E-03
    2.3500000E+00    9.8818716E-02   -3.4641809E+00   -7.7608136E+00   -2.8247078E+01    6.5779431E-03   -9.4462141E-03
    2.4500000E+00    1.0822191E-01   -3.4340953E+00   -7.7343648E+00   -2.8157654E+01    6.6130440E-03   -9.4117120E-03
    2.5500000E+00    1.1744262E-01   -3.4044777E+00   -7.7083074E+00   -2.8069592E+01    6.6484953E-03   -9.3767958E-03
    2.6500000E+00    1.2648807E-01   -3.3753113E+00   -7.6826275E+00   -2.7982828E+01    6.6842988E-03   -9.3414700E-03
    2.7500000E+00    1.3536507E-01   -3.3465803E+00   -7.6573117E+00   -2.7897301E+01    6.7204571E-03   -9.3057378E-03
    2.8500000E+00    1.4408003E-01   -3.3182699E+00   -7.6323475E+00   -2.7812958E+01    6.7569728E-03   -9.2696015E-03
    2.9500000E+00    1.5263902E-01   -3.2903659E+00   -7.6077229E+00   -2.7729748E+01    6.7938490E-03   -9.2330628E-03
    3.0500000E+00    1.6104776E-01   -3.2628548E+00   -7.5834266E+00   -2.7647625E+01    6.8310892E-03   -9.1961223E-03
    3.1500000E+00    1.6931167E-01   -3.2357239E+00   -7.5594480E+00   -2.7566545E+01    6.8686970E-03   -9.1587801E-03
    3.2500000E+00    1.7743586E-01   -3.2089610E+00   -7.5357768E+00   -2.7486468E+01    6.9066764E-03   -9.1210354E-03
    3.3500000E+00    1.8542522E-01   -3.1825547E+00   -7.5124033E+00   -2.7407357E+01    6.9450316E-03   -9.0828871E-03
    3.4500000E+00    1.9328434E-01   -3.1564939E+00   -7.4893184E+00   -2.7329177E+01    6.9837670E-03   -9.0443334E-03
    3.5500000E+00    2.0101760E-01   -3.1307681E+00   -7.4665132E+00   -2.7251894E+01    7.0228873E-03   -9.0053720E-03
    3.6500000E+00    2.0862917E-01   -3.1053674E+00   -7.4439795E+00   -2.7175478E+01    7.0623973E-03   -8.9660002E-03
    3.7500000E+00    2.1612301E-01   -3.0802823E+00   -7.4217090E+00   -2.7099899E+01    7.1023023E-03   -8.9262148E-03
    3.8500000E+00    2.2350289E-01   -3.0555035E+00   -7.3996944E+00   -2.7025130E+01    7.1426075E-03   -8.8860123E-03
    3.9500000E+00    2.3077239E-01   -3.0310224E+00   -7.3779282E+00   -2.6951145E+01    7.1833185E-03   -8.8453887E-03
    4.0500000E+00    2.3793495E-01   -3.0068306E+00   -7.3564035E+00   -2.6877920E+01    7.2244410E-03   -8.8043398E-03
    4.1500000E+00    2.4499382E-01   -2.9829201E+00   -7.3351135E+00   -2.6805431E+01    7.2659809E-03   -8.7628608E-03
    4.2500000E+00    2.5195213E-01   -2.9592833E+00   -7.3140520E+00   -2.6733656E+01    7.3079443E-03   -8.7209468E-03
    4.3500000E+00    2.5881286E-01   -2.9359129E+00   -7.2932128E+00   -2.6662574E+01    7.3503377E-03   -8.6785926E-03
    4.4500000E+00    2.6557886E-01   -2.9128017E+00   -7.2725899E+00   -2.6592165E+01    7.3931675E-03   -8.6357925E-03
    4.5500000E+00    2.7225286E-01   -2.8899431E+00   -7.2521777E+00   -2.6522410E+01    7.4364404E-03   -8.5925407E-03
    4.6500000E+00    2.7883745E-01   -2.8673305E+00   -7.2319709E+00   -2.6453291E+01    7.4801634E-03   -8.5488311E-03
    4.7500000E+00    2.8533516E-01   -2.8449577E+00   -7.2119642E+00   -2.6384791E+01    7.5243436E-03   -8.5046571E-03
    4.8500000E+00    2.9174837E-01   -2.8228186E+00   -7.1921525E+00   -2.6316893E+01    7.5689884E-03   -8.4600122E-03
    4.9500000E+00    2.9807938E-01   -2.8009075E+00   -7.1725311E+00   -2.6249581E+01    7.6141052E-03   -8.4148893E-03
    5.0500000E+00    3.0433039E-01   -2.7792188E+00   -7.1530953E+00   -2.6182841E+01    7.6597019E-03   -8.3692813E-03
    5.1500000E+00    3.1050354E-01   -2.7577472E+00   -7.1338407E+00   -2.6116657E+01    7.7057864E-03   -8.3231806E-03
    5.2500000E+00    3.1660085E-01   -2.7364874E+00   -7.1147628E+00   -2.6051015E+01    7.7523669E-03   -8.2765794E-03
    5.3500000E+00    3.2262428E-01   -2.7154345E+00   -7.0958577E+00   -2.5985902E+01    7.7994518E-03   -8.2294699E-03
    5.4500000E+00    3.2857570E-01   -2.6945836E+00   -7.0771212E+00   -2.5921306E+01    7.8470498E-03   -8.1818436E-03
    5.5500000E+00    3.3445694E-01   -2.6739302E+00   -7.0585495E+00   -2.5857214E+01    7.8951697E-03   -8.1336920E-03
    5.6500000E+00    3.4026973E-01   -2.6534697E+00   -7.0401389E+00   -2.5793613E+01    7.9438206E-03   -8.0850063E-03
    5.7500000E+00    3.4601575E-01   -2.6331979E+00   -7.0218857E+00   -2.5730493E+01    7.9930120E-03   -8.0357775E-03
    5.8500000E+00    3.5169662E-01   -2.6131104E+00   -7.0037865E+00   -2.5667843E+01    8.0427533E-03   -7.9859961E-03
    5.9500000E+00    3.5731389E-01   -2.5932033E+00   -6.9858378E+00   -2.5605651E+01    8.0930546E-03   -7.9356525E-03
    6.0500000E+00    3.6286908E-01   -2.5734726E+00   -6.9680364E+00   -2.5543907E+01    8.1439258E-03   -7.8847367E-03
    6.1500000E+00    3.6836362E-01   -2.5539146E+00   -6.9503792E+00   -2.5482602E+01    8.1953775E-03   -7.8332386E-03
    6.2500000E+00    3.7379892E-01   -2.5345255E+00   -6.9328631E+00   -2.5421726E+01    8.2474203E-03   -7.7811476E-03
    6.3500000E+00    3.7917634E-01   -2.5153019E+00   -6.9154851E+00   -2.5361269E+01    8.3000653E-03   -7.7284529E-03
    6.4500000E+00    3.8449717E-01   -2.4962402E+00   -6.8982424E+00   -2.5301223E+01    8.3533236E-03   -7.6751434E-03
    6.5500000E+00    3.8976268E-01   -2.4773371E+00   -6.8811321E+00   -2.5241579E+01    8.4072069E-03   -7.6212074E-03
    6.6500000E+00    3.9497409E-01   -2.4585895E+00   -6.8641516E+00   -2.5182328E+01    8.4617271E-03   -7.5666334E-03
    6.7500000E+00    4.0013258E-01   -2.4399940E+00   -6.8472982E+00   -2.5123462E+01    8.5168965E-03   -7.5114091E-03
    6.8500000E+00    4.0523929E-01   -2.4215478E+00   -6.8305695E+00   -2.5064974E+01    8.5727276E-03   -7.4555220E-03
    6.9500000E+00    4.1029532E-01   -2.4032478E+00   -6.8139629E+00   -2.5006855E+01    8.6292334E-03   -7.3989593E-03
    7.0500000E+00    4.1530174E-01   -2.3850912E+00   -6.7974760E+00   -2.4949098E+01    8.6864272E-03   -7.3417078E-03
    7.1500000E+00    4.2025960E-01   -2.3670751E+00   -6.7811065E+00   -2.4891696E+01    8.7443226E-03   -7.2837539E-03
    7.2500000E+00    4.2516988E-01   -2.3491969E+00   -6.7648522E+00   -2.4834642E+01    8.8029337E-03   -7.2250835E-03
    7.3500000E+00    4.3003357E-01   -2.3314540E+00   -6.7487108E+00   -2.4777929E+01    8.8622750E-03   -7.1656824E-03
    7.4500000E+00    4.3485160E-01   -2.3138437E+00   -6.7326803E+00   -2.4721550E+01    8.9223614E-03   -7.1055355E-03
    7.5500000E+00    4.3962489E-01   -2.2963635E+00   -6.7167585E+00   -2.4665499E+01    8.9832082E-03   -7.0446277E-03
    7.6500000E+00    4.4435433E-01   -2.2790111E+00   -6.7009433E+00   -2.4609770E+01    9.0448312E-03   -6.9829432E-03
    7.7500000E+00    4.4904077E-01   -2.2617841E+00   -6.6852330E+00   -2.4554357E+01    9.1072465E-03   -6.9204659E-03
    7.8500000E+00    4.5368505E-01   -2.2446802E+00   -6.6696254E+00   -2.4499253E+01    9.1704709E-03   -6.8571791E-03
    7.9500000E+00    4.5828799E-01   -2.2276972E+00   -6.6541188E+00   -2.4444453E+01    9.2345217E-03   -6.7930656E-03
    8.0500000E+00    4.6285036E-01   -2.2108328E+00   -6.6387113E+00   -2.4389951E+01    9.2994166E-03   -6.7281076E-03
    8.1500000E+00    4.6737293E-01   -2.1940851E+00   -6.6234011E+00   -2.4335741E+01    9.3651737E-03   -6.6622871E-03
    8.2500000E+00    4.7185645E-01   -2.1774518E+00   -6.6081866E+00   -2.4281819E+01    9.4318120E-03   -6.5955850E-03
    8.3500000E+00    4.7630163E-01   -2.1609310E+00   -6.5930660E+00   -2.4228179E+01    9.4993510E-03   -6.5279822E-03
    8.4500000E+00    4.8070918E-01   -2.1445207E+00   -6.5780377E+00   -2.4174816E+01    9.5678105E-03   -6.4594584E-03
    8.5500000E+00    4.8507978E-01   -2.1282190E+00   -6.5631001E+00   -2.4121725E+01    9.6372112E-03   -6.3899933E-03
    8.6500000E+00    4.8941409E-01   -2.1120241E+00   -6.5482516E+00   -2.4068901E+01    9.7075745E-03   -6.3195654E-03
    8.7500000E+00    4.9371277E-01   -2.0959340E+00   -6.5334907E+00   -2.4016339E+01    9.7789223E-03   -6.2481527E-03
    8.8500000E+00    4.9797643E-01   -2.0799472E+00   -6.5188159E+00   -2.3964035E+01    9.8512773E-03   -6.1757327E-03
    8.9500000E+00    5.0220569E-01   -2.0640617E+00   -6.5042257E+00   -2.3911985E+01    9.9246629E-03   -6.1022820E-03
    9.0500000E+00    5.0640114E-01   -2.0482760E+00   -6.4897188E+00   -2.3860183E+01    9.9991034E-03   -6.0277762E-03
    9.1500000E+00    5.1056337E-01   -2.0325883E+00   -6.4752936E+00   -2.3808625E+01    1.0074624E-02   -5.9521905E-03
    9.2500000E+00    5.1469294E-01   -2.0169971E+00   -6.4609490E+00   -2.3757308E+01    1.0151250E-02   -5.8754991E-03
    9.3500000E+00    5.1879039E-01   -2.0015007E+00   -6.4466835E+00   -2.3706227E+01    1.0229008E-02   -5.7976752E-03
    9.4500000E+00    5.2285627E-01   -1.9860977E+00   -6.4324958E+00   -2.3655377E+01    1.0307926E-02   -5.7186913E-03
    9.5500000E+00    5.2689110E-01   -1.9707864E+00   -6.4183846E+00   -2.3604756E+01    1.0388033E-02   -5.6385188E-03
    9.6500000E+00    5.3089538E-01   -1.9555656E+00   -6.4043488E+00   -2.3554359E+01    1.0469357E-02   -5.5571281E-03
    9.7500000E+00    5.3486961E-01   -1.9404336E+00   -6.3903871E+00   -2.3504183E+01    1.0551930E-02   -5.4744889E-03
    9.8500000E+00    5.3881428E-01   -1.9253891E+00   -6.3764983E+00   -2.3454223E+01    1.0635784E-02   -5.3905693E-03
    9.9500000E+00    5.4272986E-01   -1.9104308E+00   -6.3626812E+00   -2.3404476E+01    1.0720950E-02   -5.3053366E-03
    1.0050000E+01    5.4661681E-01   -1.8955572E+00   -6.3489348E+00   -2.3354939E+01    1.0807464E-02   -5.2187569E-03
    1.0150000E+01    5.5047558E-01   -1.8807670E+00   -6.3352578E+00   -2.3305608E+01    1.0895359E-02   -5.1307949E-03
    1.0250000E+01    5.5430660E-01   -1.8660590E+00   -6.3216492E+00   -2.3256479E+01    1.0984674E-02   -5.0414142E-03
    1.0350000E+01    5.5811031E-01   -1.8514319E+00   -6.3081079E+00   -2.3207549E+01    1.1075444E-02   -4.9505770E-03
    1.0450000E+01    5.6188713E-01   -1.8368844E+00   -6.2946328E+00   -2.3158815E+01    1.1167711E-02   -4.8582440E-03
    1.0550000E+01    5.6563745E-01   -1.8224154E+00   -6.2812230E+00   -2.3110274E+01    1.1261514E-02   -4.7643745E-03
    1.0650000E+01    5.6936169E-01   -1.8080236E+00   -6.2678774E+00   -2.3061922E+01    1.1356895E-02   -4.6689261E-03
    1.0750000E+01    5.7306023E-01   -1.7937079E+00   -6.2545950E+00   -2.3013757E+01    1.1453900E-02   -4.5718549E-03
    1.0850000E+01    5.7673345E-01   -1.7794671E+00   -6.2413748E+00   -2.2965775E+01    1.1552573E-02   -4.4731152E-03
    1.0950000E+01    5.8038171E-01   -1.7653001E+00   -6.2282159E+00   -2.2917973E+01    1.1652961E-02   -4.3726597E-03
    1.1050000E+01    5.8400540E-01   -1.7512058E+00   -6.2151173E+00   -2.2870349E+01    1.1755115E-02   -4.2704388E-03
    1.1150000E+01    5.8760485E-01   -1.7371832E+00   -6.2020781E+00   -2.2822899E+01    1.1859086E-02   -4.1664013E-03
    1.1250000E+01    5.9118042E-01   -1.7232311E+00   -6.1890974E+00   -2.2775620E+01    1.1964926E-02   -4.0604936E-03
    1.1350000E+01    5.9473245E-01   -1.7093486E+00   -6.1761744E+00   -2.2728511E+01    1.2072692E-02   -3.9526602E-03
    1.1450000E+01    5.9826127E-01   -1.6955346E+00   -6.1633080E+00   -2.2681567E+01    1.2182442E-02   -3.8428430E-03
    1.1550000E+01    6.0176720E-01   -1.6817880E+00   -6.1504976E+00   -2.2634787E+01    1.2294236E-02   -3.7309815E-03
    1.1650000E+01    6.0525055E-01   -1.6681081E+00   -6.1377421E+00   -2.2588167E+01    1.2408138E-02   -3.6170127E-03
    1.1750000E+01    6.0871165E-01   -1.6544936E+00   -6.1250409E+00   -2.2541705E+01    1.2524212E-02   -3.5008708E-03
    1.1850000E+01    6.1215079E-01   -1.6409438E+00   -6.1123930E+00   -2.2495399E+01    1.2642528E-02   -3.3824871E-03
    1.1950000E+01    6.1556828E-01   -1.6274577E+00   -6.0997976E+00   -2.2449246E+01    1.2763158E-02   -3.2617899E-03
    1.2050000E+01    6.1896439E-01   -1.6140343E+00   -6.0872541E+00   -2.2403243E+01    1.2886176E-02   -3.1387042E-03
    1.2150000E+01    6.2233942E-01   -1.6006728E+00   -6.0747615E+00   -2.2357388E+01    1.3011660E-02   -3.0131517E-03
    1.2250000E+01    6.2569365E-01   -1.5873723E+00   -6.0623190E+00   -2.2311679E+01    1.3139694E-02   -2.8850504E-03
    1.2350000E+01    6.2902734E-01   -1.5741319E+00   -6.0499261E+00   -2.2266113E+01    1.3270361E-02   -2.7543145E-03
    1.2450000E+01    6.3234077E-01   -1.5609507E+00   -6.0375818E+00   -2.2220688E+01    1.3403754E-02   -2.6208541E-03
    1.2550000E+01    6.3563419E-01   -1.5478279E+00   -6.0252854E+00   -2.2175401E+01    1.3539964E-02   -2.4845750E-03
    1.2650000E+01    6.3890787E-01   -1.5347626E+00   -6.0130363E+00   -2.2130250E+01    1.3679093E-02   -2.3453784E-03
    1.2750000E+01    6.4216205E-01   -1.5217541E+00   -6.0008336E+00   -2.2085233E+01    1.3821242E-02   -2.2031607E-03
    1.2850000E+01    6.4539697E-01   -1.5088015E+00   -5.9886767E+00   -2.2040348E+01    1.3966521E-02   -2.0578132E-03
    1.2950000E+01    6.4861289E-01   -1.4959040E+00   -5.9765649E+00   -2.1995593E+01    1.4115044E-02   -1.9092214E-03
    1.3050000E+01    6.5181003E-01   -1.4830609E+00   -5.9644974E+00   -2.1950965E+01    1.4266931E-02   -1.7572652E-03
    1.3150000E+01    6.5498862E-01   -1.4702713E+00   -5.9524736E+00   -2.1906462E+01    1.4422309E-02   -1.6018181E-03
    1.3250000E+01    6.5814890E-01   -1.4575345E+00   -5.9404927E+00   -2.1862082E+01    1.4581311E-02   -1.4427469E-03
    1.3350000E+01    6.6129108E-01   -1.4448497E+00   -5.9285542E+00   -2.1817823E+01    1.4744077E-02   -1.2799114E-03
    1.3450000E+01    6.6441538E-01   -1.4322161E+00   -5.9166573E+00   -2.1773683E+01    1.4910755E-02   -1.1131637E-03
    1.3550000E+01    6.6752202E-01   -1.4196331E+00   -5.9048013E+00   -2.1729660E+01    1.5081502E-02   -9.4234754E-04
    1.3650000E+01    6.7061120E-01   -1.4070999E+00   -5.8929856E+00   -2.1685752E+01    1.5256481E-02   -7.6729811E-04
    1.3750000E+01    6.7368312E-01   -1.3946158E+00   -5.8812095E+00   -2.1641957E+01    1.5435868E-02   -5.8784109E-04
    1.3850000E+01    6.7673800E-01   -1.3821799E+00   -5.8694724E+00   -2.1598273E+01    1.5619847E-02   -4.0379209E-04
    1.3950000E+01    6.7977601E-01   -1.3697917E+00   -5.8577737E+00   -2.1554698E+01    1.5808613E-02   -2.1495585E-04
    1.4050000E+01    6.8279737E-01   -1.3574503E+00   -5.8461125E+00   -2.1511230E+01    1.6002372E-02   -2.1125420E-05
    1.4150000E+01    6.8580225E-01   -1.3451552E+00   -5.8344884E+00   -2.1467866E+01    1.6201346E-02    1.7791876E-04
    1.4250000E+01    6.8879085E-01   -1.3329055E+00   -5.8229006E+00   -2.1424607E+01    1.6405766E-02    3.8240983E-04
    1.4350000E+01    6.9176334E-01   -1.3207006E+00   -5.8113486E+00   -2.1381448E+01    1.6615880E-02    5.9259563E-04
    1.4450000E+01    6.9471990E-01   -1.3085398E+00   -5.7998315E+00   -2.1338389E+01    1.6831953E-02    8.0873987E-04
    1.4550000E+01    6.9766071E-01   -1.2964223E+00   -5.7883489E+00   -2.1295427E+01    1.7054265E-02    1.0311235E-03
    1.4650000E+01    7.0058593E-01   -1.2843475E+00   -5.7769000E+00   -2.1252562E+01    1.7283116E-02    1.2600461E-03
    1.4750000E+01    7.0349575E-01   -1.2723147E+00   -5.7654842E+00   -2.1209790E+01    1.7518825E-02    1.4958276E-03
    1.4850000E+01    7.0639032E-01   -1.2603231E+00   -5.7541008E+00   -2.1167110E+01    1.7761735E-02    1.7388099E-03
    1.4950000E+01    7.0926980E-01   -1.2483721E+00   -5.7427491E+00   -2.1124520E+01    1.8012212E-02    1.9893590E-03
    1.5050000E+01    7.1213436E-01   -1.2364609E+00   -5.7314285E+00   -2.1082019E+01    1.8270647E-02    2.2478671E-03
    1.5150000E+01    7.1498414E-01   -1.2245889E+00   -5.7201382E+00   -2.1039605E+01    1.8537462E-02    2.5147552E-03
    1.5250000E+01    7.1781931E-01   -1.2127552E+00   -5.7088776E+00   -2.0997275E+01    1.8813109E-02    2.7904756E-03
    1.5350000E+01    7.2064001E-01   -1.2009593E+00   -5.6976460E+00   -2.0955029E+01    1.9098075E-02    3.0755152E-03
    1.5450000E+01    7.2344639E-01   -1.1892002E+00   -5.6864425E+00   -2.0912863E+01    1.9392884E-02    3.3703987E-03
    1.5550000E+01    7.2623860E-01   -1.1774773E+00   -5.6752666E+00   -2.0870777E+01    1.9698103E-02    3.6756925E-03
    1.5650000E+01    7.2901676E-01   -1.1657898E+00   -5.6641173E+00   -2.0828769E+01    2.0014345E-02    3.9920092E-03
    1.5750000E+01    7.3178104E-01   -1.1541369E+00   -5.6529940E+00   -2.0786836E+01    2.0342273E-02    4.3200123E-03
    1.5850000E+01    7.3453155E-01   -1.1425178E+00   -5.6418958E+00   -2.0744977E+01    2.0682608E-02    4.6604217E-03
    1.5950000E+01    7.3726844E-01   -1.1309317E+00   -5.6308219E+00   -2.0703190E+01    2.1036130E-02    5.0140202E-03
    1.6050000E+01    7.3999184E-01   -1.1193776E+00   -5.6197713E+00   -2.0661474E+01    2.1403695E-02    5.3816606E-03
    1.6150000E+01    7.4270187E-01   -1.1078547E+00   -5.6087433E+00   -2.0619825E+01    2.1786231E-02    5.7642734E-03
    1.6250000E+01    7.4539866E-01   -1.0963622E+00   -5.5977367E+00   -2.0578243E+01    2.2184758E-02    6.1628770E-03
    1.6350000E+01    7.4808234E-01   -1.0848989E+00   -5.5867507E+00   -2.0536725E+01    2.2600391E-02    6.5785876E-03
    1.6450000E+01    7.5075302E-01   -1.0734638E+00   -5.5757842E+00   -2.0495270E+01    2.3034358E-02    7.0126322E-03
    1.6550000E+01    7.5341083E-01   -1.0620560E+00   -5.5648360E+00   -2.0453875E+01    2.3488011E-02    7.4663627E-03
    1.6650000E+01    7.5605588E-01   -1.0506743E+00   -5.5539050E+00   -2.0412539E+01    2.3962842E-02    7.9412725E-03
    1.6750000E+01    7.5868828E-01   -1.0393173E+00   -5.5429898E+00   -2.0371258E+01    2.4460507E-02    8.4390162E-03
    1.6850000E+01    7.6130816E-01   -1.0279839E+00   -5.5320892E+00   -2.0330031E+01    2.4982844E-02    8.9614322E-03
    1.6950000E+01    7.6391561E-01   -1.0166727E+00   -5.5212015E+00   -2.0288856E+01    2.5531902E-02    9.5105699E-03
    1.7050000E+01    7.6651075E-01   -1.0053821E+00   -5.5103252E+00   -2.0247729E+01    2.6109973E-02    1.0088721E-02
    1.7150000E+01    7.6909368E-01   -9.9411047E-01   -5.4994586E+00   -2.0206649E+01    2.6719630E-02    1.0698458E-02
    1.7250000E+01    7.7166450E-01   -9.8285602E-01   -5.4885996E+00   -2.0165613E+01    2.7363770E-02    1.1342680E-02
    1.7350000E+01    7.7422332E-01   -9.7161677E-01   -5.4777462E+00   -2.0124618E+01    2.8045673E-02    1.2024664E-02
    1.7450000E+01    7.7677023E-01   -9.6039051E-01   -5.4668959E+00   -2.0083660E+01    2.8769062E-02    1.2748135E-02
    1.7550000E+01    7.7930533E-01   -9.4917479E-01   -5.4560461E+00   -2.0042737E+01    2.9538190E-02    1.3517346E-02
    1.7650000E+01    7.8182871E-01   -9.3796684E-01   -5.4451937E+00   -2.0001845E+01    3.0357933E-02    1.4337172E-02
    1.7750000E+01    7.8434047E-01   -9.2676352E-01   -5.4343354E+00   -1.9960979E+01    3.1233917E-02    1.5213240E-02
    1.7850000E+01    7.8684070E-01   -9.1556127E-01   -5.4234672E+00   -1.9920135E+01    3.2172668E-02    1.6152075E-02
    1.7950000E+01    7.8932948E-01   -9.0435597E-01   -5.4125847E+00   -1.9879309E+01    3.3181804E-02    1.7161297E-02
    1.8050000E+01    7.9180689E-01   -8.9314285E-01   -5.4016825E+00   -1.9838495E+01    3.4270283E-02    1.8249861E-02
    1.8150000E+01    7.9427303E-01   -8.8191631E-01   -5.3907546E+00   -1.9797686E+01    3.5448715E-02    1.9428379E-02
    1.8250000E+01    7.9672795E-01   -8.7066974E-01   -5.3797936E+00   -1.9756876E+01    3.6729772E-02    2.0709523E-02
    1.8350000E+01    7.9917176E-01   -8.5939524E-01   -5.3687909E+00   -1.9716054E+01    3.8128731E-02    2.2108570E-02
    1.8450000E+01    8.0160450E-01   -8.4808324E-01   -5.3577359E+00   -1.9675212E+01    3.9664195E-02    2.3644123E-02
    1.8550000E+01    8.0402626E-01   -8.3672205E-01   -5.3466158E+00   -1.9634336E+01    4.1359078E-02    2.5339095E-02
    1.8650000E+01    8.0643709E-01   -8.2529713E-01   -5.3354144E+00   -1.9593412E+01    4.3241966E-02    2.7222073E-02
    1.8750000E+01    8.0883707E-01   -8.1379018E-01   -5.3241117E+00   -1.9552421E+01    4.5349039E-02    2.9329236E-02
    1.8850000E+01    8.1122623E-01   -8.0217773E-01   -5.3126817E+00   -1.9511339E+01    4.7726852E-02    3.1707141E-02
    1.8950000E+01    8.1360462E-01   -7.9042906E-01   -5.3010906E+00   -1.9470135E+01    5.0436461E-02    3.4416843E-02
    1.9050000E+01    8.1597229E-01   -7.7850309E-01   -5.2892929E+00   -1.9428767E+01    5.3559730E-02    3.7540206E-02
    1.9150000E+01    8.1832925E-01   -7.6634335E-01   -5.2772266E+00   -1.9387180E+01    5.7209333E-02    4.1189904E-02
    1.9250000E+01    8.2067550E-01   -7.5386975E-01   -5.2648032E+00   -1.9345293E+01    6.1545295E-02    4.5525962E-02
    1.9350000E+01    8.2301104E-01   -7.4096417E-01   -5.2518924E+00   -1.9302991E+01    6.6803772E-02    5.0784536E-02
    1.9450000E+01    8.2533580E-01   -7.2744380E-01   -5.2382929E+00   -1.9260093E+01    7.3350414E-02    5.7331278E-02
    1.9550000E+01    8.2764962E-01   -7.1300767E-01   -5.2236727E+00   -1.9216303E+01    8.1787571E-02    6.5768536E-02
    1.9650000E+01    8.2994998E-01   -6.9712341E-01   -5.2074442E+00   -1.9171104E+01    9.3193771E-02    7.7174840E-02
    1.9750000E+01    8.3214012E-01   -6.7898898E-01   -5.1886750E+00   -1.9123990E+01    1.0974525E-01    9.3726423E-02
    1.9850000E+01    8.3229233E-01   -6.6164292E-01   -5.1697448E+00   -1.9083488E+01    1.3676349E-01    1.2074477E-01
    1.9950000E+01    1.0016341E+00   -1.3318603E-01   -4.6737205E+00   -1.8050449E+01    1.8231732E-01    1.6629872E-01
