 TITLE = "Isotope ratios" 
    Distance        Li7+            
    5.0000000E-02   -1.0459840E+01
    1.5000000E-01   -1.1790483E+01
    2.5000000E-01   -1.3821649E+01
    3.5000000E-01   -1.5996649E+01
    4.5000000E-01   -1.7505757E+01
    5.5000000E-01   -1.8436350E+01
    6.5000000E-01   -1.9113895E+01
    7.5000000E-01   -1.9682433E+01
    8.5000000E-01   -2.0183634E+01
    9.5000000E-01   -2.0630606E+01
    1.0500000E+00   -2.1030173E+01
    1.1500000E+00   -2.1387599E+01
    1.2500000E+00   -2.1707439E+01
    1.3500000E+00   -2.1993725E+01
    1.4500000E+00   -2.2250032E+01
    1.5500000E+00   -2.2479539E+01
    1.6500000E+00   -2.2685069E+01
    1.7500000E+00   -2.2869136E+01
    1.8500000E+00   -2.3033977E+01
    1.9500000E+00   -2.3181585E+01
    2.0500000E+00   -2.3313736E+01
    2.1500000E+00   -2.3432015E+01
    2.2500000E+00   -2.3537836E+01
    2.3500000E+00   -2.3632462E+01
    2.4500000E+00   -2.3717023E+01
    2.5500000E+00   -2.3792527E+01
    2.6500000E+00   -2.3859880E+01
    2.7500000E+00   -2.3919888E+01
    2.8500000E+00   -2.3973278E+01
    2.9500000E+00   -2.4020700E+01
    3.0500000E+00   -2.4062736E+01
    3.1500000E+00   -2.4099910E+01
    3.2500000E+00   -2.4132691E+01
    3.3500000E+00   -2.4161504E+01
    3.4500000E+00   -2.4186726E+01
    3.5500000E+00   -2.4208702E+01
    3.6500000E+00   -2.4227737E+01
    3.7500000E+00   -2.4244110E+01
    3.8500000E+00   -2.4258071E+01
    3.9500000E+00   -2.4269846E+01
    4.0500000E+00   -2.4279637E+01
    4.1500000E+00   -2.4287628E+01
    4.2500000E+00   -2.4293986E+01
    4.3500000E+00   -2.4298860E+01
    4.4500000E+00   -2.4302387E+01
    4.5500000E+00   -2.4304689E+01
    4.6500000E+00   -2.4305876E+01
    4.7500000E+00   -2.4306051E+01
    4.8500000E+00   -2.4305304E+01
    4.9500000E+00   -2.4303718E+01
    5.0500000E+00   -2.4301368E+01
    5.1500000E+00   -2.4298322E+01
    5.2500000E+00   -2.4294642E+01
    5.3500000E+00   -2.4290384E+01
    5.4500000E+00   -2.4285600E+01
    5.5500000E+00   -2.4280335E+01
    5.6500000E+00   -2.4274632E+01
    5.7500000E+00   -2.4268530E+01
    5.8500000E+00   -2.4262063E+01
    5.9500000E+00   -2.4255263E+01
    6.0500000E+00   -2.4248159E+01
    6.1500000E+00   -2.4240779E+01
    6.2500000E+00   -2.4233145E+01
    6.3500000E+00   -2.4225280E+01
    6.4500000E+00   -2.4217203E+01
    6.5500000E+00   -2.4208934E+01
    6.6500000E+00   -2.4200489E+01
    6.7500000E+00   -2.4191883E+01
    6.8500000E+00   -2.4183131E+01
    6.9500000E+00   -2.4174244E+01
    7.0500000E+00   -2.4165234E+01
    7.1500000E+00   -2.4156112E+01
    7.2500000E+00   -2.4146888E+01
    7.3500000E+00   -2.4137571E+01
    7.4500000E+00   -2.4128168E+01
    7.5500000E+00   -2.4118687E+01
    7.6500000E+00   -2.4109135E+01
    7.7500000E+00   -2.4099518E+01
    7.8500000E+00   -2.4089841E+01
    7.9500000E+00   -2.4080110E+01
    8.0500000E+00   -2.4070329E+01
    8.1500000E+00   -2.4060502E+01
    8.2500000E+00   -2.4050634E+01
    8.3500000E+00   -2.4040728E+01
    8.4500000E+00   -2.4030787E+01
    8.5500000E+00   -2.4020814E+01
    8.6500000E+00   -2.4010811E+01
    8.7500000E+00   -2.4000782E+01
    8.8500000E+00   -2.3990728E+01
    8.9500000E+00   -2.3980651E+01
    9.0500000E+00   -2.3970553E+01
    9.1500000E+00   -2.3960435E+01
    9.2500000E+00   -2.3950299E+01
    9.3500000E+00   -2.3940147E+01
    9.4500000E+00   -2.3929978E+01
    9.5500000E+00   -2.3919795E+01
    9.6500000E+00   -2.3909598E+01
    9.7500000E+00   -2.3899388E+01
    9.8500000E+00   -2.3889165E+01
    9.9500000E+00   -2.3878930E+01
    1.0050000E+01   -2.3868683E+01
    1.0150000E+01   -2.3858426E+01
    1.0250000E+01   -2.3848157E+01
    1.0350000E+01   -2.3837878E+01
    1.0450000E+01   -2.3827588E+01
    1.0550000E+01   -2.3817287E+01
    1.0650000E+01   -2.3806976E+01
    1.0750000E+01   -2.3796655E+01
    1.0850000E+01   -2.3786323E+01
    1.0950000E+01   -2.3775980E+01
    1.1050000E+01   -2.3765627E+01
    1.1150000E+01   -2.3755262E+01
    1.1250000E+01   -2.3744885E+01
    1.1350000E+01   -2.3734497E+01
    1.1450000E+01   -2.3724097E+01
    1.1550000E+01   -2.3713684E+01
    1.1650000E+01   -2.3703259E+01
    1.1750000E+01   -2.3692820E+01
    1.1850000E+01   -2.3682367E+01
    1.1950000E+01   -2.3671900E+01
    1.2050000E+01   -2.3661418E+01
    1.2150000E+01   -2.3650920E+01
    1.2250000E+01   -2.3640406E+01
    1.2350000E+01   -2.3629876E+01
    1.2450000E+01   -2.3619328E+01
    1.2550000E+01   -2.3608762E+01
    1.2650000E+01   -2.3598178E+01
    1.2750000E+01   -2.3587574E+01
    1.2850000E+01   -2.3576949E+01
    1.2950000E+01   -2.3566304E+01
    1.3050000E+01   -2.3555637E+01
    1.3150000E+01   -2.3544948E+01
    1.3250000E+01   -2.3534235E+01
    1.3350000E+01   -2.3523497E+01
    1.3450000E+01   -2.3512735E+01
    1.3550000E+01   -2.3501947E+01
    1.3650000E+01   -2.3491132E+01
    1.3750000E+01   -2.3480288E+01
    1.3850000E+01   -2.3469416E+01
    1.3950000E+01   -2.3458515E+01
    1.4050000E+01   -2.3447582E+01
    1.4150000E+01   -2.3436618E+01
    1.4250000E+01   -2.3425620E+01
    1.4350000E+01   -2.3414589E+01
    1.4450000E+01   -2.3403523E+01
    1.4550000E+01   -2.3392421E+01
    1.4650000E+01   -2.3381281E+01
    1.4750000E+01   -2.3370103E+01
    1.4850000E+01   -2.3358886E+01
    1.4950000E+01   -2.3347627E+01
    1.5050000E+01   -2.3336327E+01
    1.5150000E+01   -2.3324984E+01
    1.5250000E+01   -2.3313596E+01
    1.5350000E+01   -2.3302162E+01
    1.5450000E+01   -2.3290681E+01
    1.5550000E+01   -2.3279151E+01
    1.5650000E+01   -2.3267572E+01
    1.5750000E+01   -2.3255941E+01
    1.5850000E+01   -2.3244258E+01
    1.5950000E+01   -2.3232520E+01
    1.6050000E+01   -2.3220727E+01
    1.6150000E+01   -2.3208876E+01
    1.6250000E+01   -2.3196966E+01
    1.6350000E+01   -2.3184996E+01
    1.6450000E+01   -2.3172963E+01
    1.6550000E+01   -2.3160867E+01
    1.6650000E+01   -2.3148704E+01
    1.6750000E+01   -2.3136475E+01
    1.6850000E+01   -2.3124175E+01
    1.6950000E+01   -2.3111804E+01
    1.7050000E+01   -2.3099360E+01
    1.7150000E+01   -2.3086840E+01
    1.7250000E+01   -2.3074242E+01
    1.7350000E+01   -2.3061564E+01
    1.7450000E+01   -2.3048803E+01
    1.7550000E+01   -2.3035958E+01
    1.7650000E+01   -2.3023024E+01
    1.7750000E+01   -2.3010000E+01
    1.7850000E+01   -2.2996882E+01
    1.7950000E+01   -2.2983668E+01
    1.8050000E+01   -2.2970353E+01
    1.8150000E+01   -2.2956933E+01
    1.8250000E+01   -2.2943406E+01
    1.8350000E+01   -2.2929765E+01
    1.8450000E+01   -2.2916006E+01
    1.8550000E+01   -2.2902123E+01
    1.8650000E+01   -2.2888110E+01
    1.8750000E+01   -2.2873958E+01
    1.8850000E+01   -2.2859658E+01
    1.8950000E+01   -2.2845198E+01
    1.9050000E+01   -2.2830566E+01
    1.9150000E+01   -2.2815743E+01
    1.9250000E+01   -2.2800705E+01
    1.9350000E+01   -2.2785421E+01
    1.9450000E+01   -2.2769844E+01
    1.9550000E+01   -2.2753903E+01
    1.9650000E+01   -2.2737486E+01
    1.9750000E+01   -2.2720459E+01
    1.9850000E+01   -2.2704439E+01
    1.9950000E+01   -2.2705586E+01
