 TITLE = "Isotope ratios" 
    Distance        Li7+            
    5.0000000E-02   -1.0123690E+01
    1.5000000E-01   -1.1279895E+01
    2.5000000E-01   -1.2365911E+01
    3.5000000E-01   -1.3806690E+01
    4.5000000E-01   -1.5505138E+01
    5.5000000E-01   -1.7087511E+01
    6.5000000E-01   -1.8284821E+01
    7.5000000E-01   -1.9127293E+01
    8.5000000E-01   -1.9755687E+01
    9.5000000E-01   -2.0268699E+01
    1.0500000E+00   -2.0712010E+01
    1.1500000E+00   -2.1104336E+01
    1.2500000E+00   -2.1454332E+01
    1.3500000E+00   -2.1767324E+01
    1.4500000E+00   -2.2047444E+01
    1.5500000E+00   -2.2298225E+01
    1.6500000E+00   -2.2522780E+01
    1.7500000E+00   -2.2723873E+01
    1.8500000E+00   -2.2903960E+01
    1.9500000E+00   -2.3065230E+01
    2.0500000E+00   -2.3209631E+01
    2.1500000E+00   -2.3338900E+01
    2.2500000E+00   -2.3454588E+01
    2.3500000E+00   -2.3558078E+01
    2.4500000E+00   -2.3650606E+01
    2.5500000E+00   -2.3733277E+01
    2.6500000E+00   -2.3807078E+01
    2.7500000E+00   -2.3872893E+01
    2.8500000E+00   -2.3931516E+01
    2.9500000E+00   -2.3983654E+01
    3.0500000E+00   -2.4029944E+01
    3.1500000E+00   -2.4070958E+01
    3.2500000E+00   -2.4107206E+01
    3.3500000E+00   -2.4139151E+01
    3.4500000E+00   -2.4167206E+01
    3.5500000E+00   -2.4191742E+01
    3.6500000E+00   -2.4213094E+01
    3.7500000E+00   -2.4231565E+01
    3.8500000E+00   -2.4247426E+01
    3.9500000E+00   -2.4260922E+01
    4.0500000E+00   -2.4272273E+01
    4.1500000E+00   -2.4281680E+01
    4.2500000E+00   -2.4289322E+01
    4.3500000E+00   -2.4295362E+01
    4.4500000E+00   -2.4299947E+01
    4.5500000E+00   -2.4303210E+01
    4.6500000E+00   -2.4305272E+01
    4.7500000E+00   -2.4306241E+01
    4.8500000E+00   -2.4306216E+01
    4.9500000E+00   -2.4305286E+01
    5.0500000E+00   -2.4303534E+01
    5.1500000E+00   -2.4301032E+01
    5.2500000E+00   -2.4297847E+01
    5.3500000E+00   -2.4294040E+01
    5.4500000E+00   -2.4289666E+01
    5.5500000E+00   -2.4284775E+01
    5.6500000E+00   -2.4279413E+01
    5.7500000E+00   -2.4273621E+01
    5.8500000E+00   -2.4267437E+01
    5.9500000E+00   -2.4260895E+01
    6.0500000E+00   -2.4254026E+01
    6.1500000E+00   -2.4246860E+01
    6.2500000E+00   -2.4239421E+01
    6.3500000E+00   -2.4231734E+01
    6.4500000E+00   -2.4223820E+01
    6.5500000E+00   -2.4215699E+01
    6.6500000E+00   -2.4207388E+01
    6.7500000E+00   -2.4198905E+01
    6.8500000E+00   -2.4190264E+01
    6.9500000E+00   -2.4181479E+01
    7.0500000E+00   -2.4172562E+01
    7.1500000E+00   -2.4163525E+01
    7.2500000E+00   -2.4154378E+01
    7.3500000E+00   -2.4145130E+01
    7.4500000E+00   -2.4135791E+01
    7.5500000E+00   -2.4126368E+01
    7.6500000E+00   -2.4116868E+01
    7.7500000E+00   -2.4107298E+01
    7.8500000E+00   -2.4097665E+01
    7.9500000E+00   -2.4087973E+01
    8.0500000E+00   -2.4078228E+01
    8.1500000E+00   -2.4068434E+01
    8.2500000E+00   -2.4058595E+01
    8.3500000E+00   -2.4048715E+01
    8.4500000E+00   -2.4038798E+01
    8.5500000E+00   -2.4028847E+01
    8.6500000E+00   -2.4018864E+01
    8.7500000E+00   -2.4008853E+01
    8.8500000E+00   -2.3998815E+01
    8.9500000E+00   -2.3988753E+01
    9.0500000E+00   -2.3978668E+01
    9.1500000E+00   -2.3968562E+01
    9.2500000E+00   -2.3958438E+01
    9.3500000E+00   -2.3948295E+01
    9.4500000E+00   -2.3938136E+01
    9.5500000E+00   -2.3927961E+01
    9.6500000E+00   -2.3917772E+01
    9.7500000E+00   -2.3907569E+01
    9.8500000E+00   -2.3897353E+01
    9.9500000E+00   -2.3887124E+01
    1.0050000E+01   -2.3876884E+01
    1.0150000E+01   -2.3866632E+01
    1.0250000E+01   -2.3856369E+01
    1.0350000E+01   -2.3846095E+01
    1.0450000E+01   -2.3835810E+01
    1.0550000E+01   -2.3825515E+01
    1.0650000E+01   -2.3815209E+01
    1.0750000E+01   -2.3804893E+01
    1.0850000E+01   -2.3794566E+01
    1.0950000E+01   -2.3784229E+01
    1.1050000E+01   -2.3773881E+01
    1.1150000E+01   -2.3763522E+01
    1.1250000E+01   -2.3753151E+01
    1.1350000E+01   -2.3742769E+01
    1.1450000E+01   -2.3732376E+01
    1.1550000E+01   -2.3721970E+01
    1.1650000E+01   -2.3711551E+01
    1.1750000E+01   -2.3701120E+01
    1.1850000E+01   -2.3690675E+01
    1.1950000E+01   -2.3680216E+01
    1.2050000E+01   -2.3669743E+01
    1.2150000E+01   -2.3659254E+01
    1.2250000E+01   -2.3648750E+01
    1.2350000E+01   -2.3638230E+01
    1.2450000E+01   -2.3627693E+01
    1.2550000E+01   -2.3617138E+01
    1.2650000E+01   -2.3606565E+01
    1.2750000E+01   -2.3595973E+01
    1.2850000E+01   -2.3585362E+01
    1.2950000E+01   -2.3574730E+01
    1.3050000E+01   -2.3564077E+01
    1.3150000E+01   -2.3553402E+01
    1.3250000E+01   -2.3542705E+01
    1.3350000E+01   -2.3531983E+01
    1.3450000E+01   -2.3521238E+01
    1.3550000E+01   -2.3510467E+01
    1.3650000E+01   -2.3499669E+01
    1.3750000E+01   -2.3488845E+01
    1.3850000E+01   -2.3477993E+01
    1.3950000E+01   -2.3467111E+01
    1.4050000E+01   -2.3456200E+01
    1.4150000E+01   -2.3445257E+01
    1.4250000E+01   -2.3434282E+01
    1.4350000E+01   -2.3423275E+01
    1.4450000E+01   -2.3412233E+01
    1.4550000E+01   -2.3401156E+01
    1.4650000E+01   -2.3390042E+01
    1.4750000E+01   -2.3378891E+01
    1.4850000E+01   -2.3367701E+01
    1.4950000E+01   -2.3356472E+01
    1.5050000E+01   -2.3345201E+01
    1.5150000E+01   -2.3333888E+01
    1.5250000E+01   -2.3322532E+01
    1.5350000E+01   -2.3311131E+01
    1.5450000E+01   -2.3299683E+01
    1.5550000E+01   -2.3288188E+01
    1.5650000E+01   -2.3276645E+01
    1.5750000E+01   -2.3265051E+01
    1.5850000E+01   -2.3253405E+01
    1.5950000E+01   -2.3241707E+01
    1.6050000E+01   -2.3229953E+01
    1.6150000E+01   -2.3218144E+01
    1.6250000E+01   -2.3206277E+01
    1.6350000E+01   -2.3194351E+01
    1.6450000E+01   -2.3182363E+01
    1.6550000E+01   -2.3170313E+01
    1.6650000E+01   -2.3158199E+01
    1.6750000E+01   -2.3146018E+01
    1.6850000E+01   -2.3133770E+01
    1.6950000E+01   -2.3121451E+01
    1.7050000E+01   -2.3109061E+01
    1.7150000E+01   -2.3096596E+01
    1.7250000E+01   -2.3084055E+01
    1.7350000E+01   -2.3071436E+01
    1.7450000E+01   -2.3058737E+01
    1.7550000E+01   -2.3045954E+01
    1.7650000E+01   -2.3033085E+01
    1.7750000E+01   -2.3020128E+01
    1.7850000E+01   -2.3007080E+01
    1.7950000E+01   -2.2993937E+01
    1.8050000E+01   -2.2980696E+01
    1.8150000E+01   -2.2967355E+01
    1.8250000E+01   -2.2953908E+01
    1.8350000E+01   -2.2940351E+01
    1.8450000E+01   -2.2926681E+01
    1.8550000E+01   -2.2912891E+01
    1.8650000E+01   -2.2898975E+01
    1.8750000E+01   -2.2884927E+01
    1.8850000E+01   -2.2870738E+01
    1.8950000E+01   -2.2856398E+01
    1.9050000E+01   -2.2841897E+01
    1.9150000E+01   -2.2827217E+01
    1.9250000E+01   -2.2812341E+01
    1.9350000E+01   -2.2797243E+01
    1.9450000E+01   -2.2781885E+01
    1.9550000E+01   -2.2766217E+01
    1.9650000E+01   -2.2750154E+01
    1.9750000E+01   -2.2733589E+01
    1.9850000E+01   -2.2717125E+01
    1.9950000E+01   -2.2700023E+01
