# Time          7.0000E+00
# Units: Mol/kgw
    Distance           H+               Na+              K+               Ca++             Mg++             Al+++            Fe+++            Fe++             Li7+             Li6+             SiO2(aq)         CO2(aq)          O2(aq)           Cl-          
    5.0000000E-02   -1.0936372E-04    6.0342996E-05    1.6161427E-05    6.3794578E-05    2.7161827E-05    3.5632612E-08    1.8053683E-16    1.3096188E-07    6.7084042E-08    5.3838564E-09    3.9943944E-05    1.2108580E-03    5.9299419E-04    1.4949480E-04
    1.5000000E-01   -7.5256802E-05    4.1070349E-05    1.1140151E-05    4.2844640E-05    1.8485182E-05    4.3939068E-08    1.2105730E-16    2.2385086E-07    4.5821439E-08    3.6694638E-09    2.8630271E-05    8.1192959E-04    3.9762675E-04    1.0024235E-04
    2.5000000E-01   -9.1746645E-05    4.9903615E-05    1.3601603E-05    5.1790654E-05    2.2460295E-05    3.5734012E-08    1.4624331E-16    3.3505542E-07    5.5574940E-08    4.4472524E-09    3.5435815E-05    9.8085181E-04    4.8035313E-04    1.2109781E-04
    3.5000000E-01   -9.3791711E-05    5.0691785E-05    1.3927675E-05    5.2151874E-05    2.2813982E-05    3.2831414E-08    1.4710806E-16    4.4747442E-07    5.6458379E-08    4.5129134E-09    3.7122785E-05    9.8665172E-04    4.8319353E-04    1.2181387E-04
    4.5000000E-01   -8.6423134E-05    4.6277314E-05    1.2860110E-05    4.7013139E-05    2.0825932E-05    3.2076456E-08    1.3240820E-16    5.4858605E-07    5.1595715E-08    4.1181318E-09    3.5370114E-05    8.8805994E-04    4.3491011E-04    1.0964155E-04
    5.5000000E-01   -7.8584898E-05    4.1639680E-05    1.1720484E-05    4.1688048E-05    1.8737663E-05    3.1346685E-08    1.1719749E-16    6.3764600E-07    4.6486348E-08    3.7046206E-09    3.3346718E-05    7.8604191E-04    3.8494877E-04    9.7046211E-05
    6.5000000E-01   -7.3916441E-05    3.8790265E-05    1.1047417E-05    3.8303419E-05    1.7454537E-05    3.0036005E-08    1.0749490E-16    7.1892360E-07    4.3354164E-08    3.4505883E-09    3.2381287E-05    7.2096677E-04    3.5307948E-04    8.9011911E-05
    7.5000000E-01   -7.2166135E-05    3.7576053E-05    1.0804500E-05    3.6678853E-05    1.6907616E-05    2.8378227E-08    1.0278369E-16    7.9644733E-07    4.2031950E-08    3.3422613E-09    3.2419053E-05    6.8936876E-04    3.3760497E-04    8.5110761E-05
    8.5000000E-01   -7.2080913E-05    3.7292365E-05    1.0807056E-05    3.6052834E-05    1.6779657E-05    2.6668207E-08    1.0090327E-16    8.7255827E-07    4.1741707E-08    3.3170004E-09    3.3035250E-05    6.7675683E-04    3.3142852E-04    8.3553669E-05
    9.5000000E-01   -7.2727390E-05    3.7416646E-05    1.0917410E-05    3.5863611E-05    1.6835416E-05    2.5039509E-08    1.0026081E-16    9.4830103E-07    4.1905819E-08    3.3283668E-09    3.3907481E-05    6.7244785E-04    3.2931828E-04    8.3021674E-05
    1.0500000E+00   -7.3641779E-05    3.7689716E-05    1.1067141E-05    3.5833129E-05    1.6958219E-05    2.3526343E-08    1.0006806E-16    1.0240621E-06    4.2237565E-08    3.3533174E-09    3.4874418E-05    6.7115508E-04    3.2868517E-04    8.2862067E-05
    1.1500000E+00   -7.4642047E-05    3.8009962E-05    1.1229394E-05    3.5852494E-05    1.7102322E-05    2.2128129E-08    1.0001637E-16    1.0999650E-06    4.2624443E-08    3.3828066E-09    3.5872498E-05    6.7080838E-04    3.2851538E-04    8.2819263E-05
    1.2500000E+00   -7.5667981E-05    3.8343806E-05    1.1395288E-05    3.5885745E-05    1.7252610E-05    2.0835988E-08    1.0000381E-16    1.1760446E-06    4.3029223E-08    3.4138345E-09    3.6880643E-05    6.7072416E-04    3.2847414E-04    8.2808864E-05
    1.3500000E+00   -7.6702192E-05    3.8681565E-05    1.1562261E-05    3.5922520E-05    1.7404725E-05    1.9640305E-08    1.0000102E-16    1.2523101E-06    4.3441136E-08    3.4455263E-09    3.7892758E-05    6.7070543E-04    3.2846497E-04    8.2806552E-05
    1.4500000E+00   -7.7740192E-05    3.9020752E-05    1.1729655E-05    3.5960155E-05    1.7557547E-05    1.8532277E-08    1.0000045E-16    1.3287636E-06    4.3857379E-08    3.4776478E-09    3.8907274E-05    6.7070159E-04    3.2846308E-04    8.2806078E-05
    1.5500000E+00   -7.8780921E-05    3.9360788E-05    1.1897316E-05    3.5998032E-05    1.7710815E-05    1.7504050E-08    1.0000034E-16    1.4054058E-06    4.4277272E-08    3.5101361E-09    3.9923817E-05    6.7070086E-04    3.2846272E-04    8.2805987E-05
    1.6500000E+00   -7.9824141E-05    3.9701551E-05    1.2065213E-05    3.6036017E-05    1.7864475E-05    1.6548610E-08    1.0000032E-16    1.4822372E-06    4.4700643E-08    3.5429698E-09    4.0942306E-05    6.7070073E-04    3.2846266E-04    8.2805971E-05
    1.7500000E+00   -8.0869789E-05    4.0043016E-05    1.2233338E-05    3.6074087E-05    1.8018516E-05    1.5659676E-08    1.0000031E-16    1.5592578E-06    4.5127433E-08    3.5761375E-09    4.1962719E-05    6.7070070E-04    3.2846265E-04    8.2805969E-05
    1.8500000E+00   -8.1917845E-05    4.0385181E-05    1.2401691E-05    3.6112235E-05    1.8172936E-05    1.4831611E-08    1.0000031E-16    1.6364680E-06    4.5557611E-08    3.6096309E-09    4.2985052E-05    6.7070070E-04    3.2846265E-04    8.2805968E-05
    1.9500000E+00   -8.2968294E-05    4.0728046E-05    1.2570272E-05    3.6150462E-05    1.8327736E-05    1.4059341E-08    1.0000031E-16    1.7138681E-06    4.5991152E-08    3.6434423E-09    4.4009300E-05    6.7070070E-04    3.2846265E-04    8.2805968E-05
    2.0500000E+00   -8.4021125E-05    4.1071611E-05    1.2739080E-05    3.6188766E-05    1.8482916E-05    1.3338295E-08    1.0000031E-16    1.7914582E-06    4.6428036E-08    3.6775653E-09    4.5035460E-05    6.7070070E-04    3.2846265E-04    8.2805968E-05
    2.1500000E+00   -8.5076327E-05    4.1415876E-05    1.2908117E-05    3.6227149E-05    1.8638477E-05    1.2664341E-08    1.0000031E-16    1.8692386E-06    4.6868242E-08    3.7119939E-09    4.6063530E-05    6.7070070E-04    3.2846265E-04    8.2805968E-05
    2.2500000E+00   -8.6133892E-05    4.1760842E-05    1.3077382E-05    3.6265610E-05    1.8794419E-05    1.2033742E-08    1.0000031E-16    1.9472095E-06    4.7311756E-08    3.7467231E-09    4.7093507E-05    6.7070070E-04    3.2846265E-04    8.2805968E-05
    2.3500000E+00   -8.7193812E-05    4.2106511E-05    1.3246875E-05    3.6304149E-05    1.8950742E-05    1.1443111E-08    1.0000031E-16    2.0253711E-06    4.7758564E-08    3.7817480E-09    4.8125391E-05    6.7070070E-04    3.2846265E-04    8.2805968E-05
    2.4500000E+00   -8.8256080E-05    4.2452883E-05    1.3416596E-05    3.6342766E-05    1.9107448E-05    1.0889373E-08    1.0000031E-16    2.1037238E-06    4.8208651E-08    3.8170646E-09    4.9159179E-05    6.7070070E-04    3.2846265E-04    8.2805968E-05
    2.5500000E+00   -8.9320690E-05    4.2799958E-05    1.3586547E-05    3.6381462E-05    1.9264535E-05    1.0369732E-08    1.0000031E-16    2.1822677E-06    4.8662009E-08    3.8526690E-09    5.0194871E-05    6.7070070E-04    3.2846265E-04    8.2805968E-05
    2.6500000E+00   -9.0387638E-05    4.3147737E-05    1.3756725E-05    3.6420237E-05    1.9422006E-05    9.8816402E-09    1.0000031E-16    2.2610030E-06    4.9118628E-08    3.8885580E-09    5.1232466E-05    6.7070070E-04    3.2846265E-04    8.2805968E-05
    2.7500000E+00   -9.1456918E-05    4.3496222E-05    1.3927133E-05    3.6459090E-05    1.9579860E-05    9.4227757E-09    1.0000031E-16    2.3399300E-06    4.9578499E-08    3.9247285E-09    5.2271963E-05    6.7070070E-04    3.2846265E-04    8.2805968E-05
    2.8500000E+00   -9.2528526E-05    4.3845412E-05    1.4097770E-05    3.6498021E-05    1.9738098E-05    8.9910170E-09    1.0000031E-16    2.4190490E-06    5.0041616E-08    3.9611780E-09    5.3313361E-05    6.7070070E-04    3.2846265E-04    8.2805968E-05
    2.9500000E+00   -9.3602459E-05    4.4195308E-05    1.4268635E-05    3.6537032E-05    1.9896720E-05    8.5844240E-09    1.0000031E-16    2.4983601E-06    5.0507973E-08    3.9979039E-09    5.4356661E-05    6.7070070E-04    3.2846265E-04    8.2805968E-05
    3.0500000E+00   -9.4678714E-05    4.4545912E-05    1.4439730E-05    3.6576121E-05    2.0055727E-05    8.2012199E-09    1.0000031E-16    2.5778636E-06    5.0977566E-08    4.0349043E-09    5.5401861E-05    6.7070070E-04    3.2846265E-04    8.2805968E-05
    3.1500000E+00   -9.5757288E-05    4.4897224E-05    1.4611054E-05    3.6615289E-05    2.0215119E-05    7.8397755E-09    1.0000031E-16    2.6575597E-06    5.1450390E-08    4.0721772E-09    5.6448963E-05    6.7070070E-04    3.2846265E-04    8.2805968E-05
    3.2500000E+00   -9.6838180E-05    4.5249244E-05    1.4782607E-05    3.6654536E-05    2.0374897E-05    7.4985948E-09    1.0000031E-16    2.7374487E-06    5.1926443E-08    4.1097210E-09    5.7497967E-05    6.7070070E-04    3.2846265E-04    8.2805968E-05
    3.3500000E+00   -9.7921388E-05    4.5601973E-05    1.4954390E-05    3.6693863E-05    2.0535062E-05    7.1763029E-09    1.0000031E-16    2.8175308E-06    5.2405722E-08    4.1475342E-09    5.8548872E-05    6.7070070E-04    3.2846265E-04    8.2805968E-05
    3.4500000E+00   -9.9006910E-05    4.5955413E-05    1.5126403E-05    3.6733268E-05    2.0695612E-05    6.8716344E-09    1.0000031E-16    2.8978062E-06    5.2888225E-08    4.1856155E-09    5.9601678E-05    6.7070070E-04    3.2846265E-04    8.2805968E-05
    3.5500000E+00   -1.0009474E-04    4.6309563E-05    1.5298644E-05    3.6772753E-05    2.0856550E-05    6.5834235E-09    1.0000031E-16    2.9782752E-06    5.3373952E-08    4.2239638E-09    6.0656387E-05    6.7070070E-04    3.2846265E-04    8.2805968E-05
    3.6500000E+00   -1.0118489E-04    4.6664424E-05    1.5471116E-05    3.6812317E-05    2.1017876E-05    6.3105948E-09    1.0000031E-16    3.0589380E-06    5.3862902E-08    4.2625781E-09    6.1712999E-05    6.7070070E-04    3.2846265E-04    8.2805968E-05
    3.7500000E+00   -1.0227735E-04    4.7019998E-05    1.5643817E-05    3.6851960E-05    2.1179589E-05    6.0521557E-09    1.0000031E-16    3.1397947E-06    5.4355075E-08    4.3014575E-09    6.2771514E-05    6.7070070E-04    3.2846265E-04    8.2805968E-05
    3.8500000E+00   -1.0337212E-04    4.7376284E-05    1.5816748E-05    3.6891683E-05    2.1341692E-05    5.8071885E-09    1.0000031E-16    3.2208458E-06    5.4850472E-08    4.3406012E-09    6.3831932E-05    6.7070070E-04    3.2846265E-04    8.2805968E-05
    3.9500000E+00   -1.0446920E-04    4.7733285E-05    1.5989909E-05    3.6931486E-05    2.1504183E-05    5.5748444E-09    1.0000031E-16    3.3020913E-06    5.5349093E-08    4.3800087E-09    6.4894256E-05    6.7070070E-04    3.2846265E-04    8.2805968E-05
    4.0500000E+00   -1.0556859E-04    4.8090999E-05    1.6163299E-05    3.6971368E-05    2.1667063E-05    5.3543370E-09    1.0000031E-16    3.3835316E-06    5.5850941E-08    4.4196794E-09    6.5958484E-05    6.7070070E-04    3.2846265E-04    8.2805968E-05
    4.1500000E+00   -1.0667029E-04    4.8449428E-05    1.6336919E-05    3.7011330E-05    2.1830334E-05    5.1449378E-09    1.0000031E-16    3.4651668E-06    5.6356016E-08    4.4596128E-09    6.7024619E-05    6.7070070E-04    3.2846265E-04    8.2805968E-05
    4.2500000E+00   -1.0777430E-04    4.8808573E-05    1.6510770E-05    3.7051371E-05    2.1993995E-05    4.9459706E-09    1.0000031E-16    3.5469973E-06    5.6864321E-08    4.4998085E-09    6.8092660E-05    6.7070070E-04    3.2846265E-04    8.2805968E-05
    4.3500000E+00   -1.0888063E-04    4.9168435E-05    1.6684850E-05    3.7091493E-05    2.2158046E-05    4.7568074E-09    1.0000031E-16    3.6290231E-06    5.7375859E-08    4.5402663E-09    6.9162609E-05    6.7070070E-04    3.2846265E-04    8.2805968E-05
    4.4500000E+00   -1.0998926E-04    4.9529013E-05    1.6859160E-05    3.7131694E-05    2.2322489E-05    4.5768648E-09    1.0000031E-16    3.7112446E-06    5.7890631E-08    4.5809860E-09    7.0234467E-05    6.7070070E-04    3.2846265E-04    8.2805968E-05
    4.5500000E+00   -1.1110021E-04    4.9890310E-05    1.7033699E-05    3.7171976E-05    2.2487324E-05    4.4055998E-09    1.0000031E-16    3.7936620E-06    5.8408643E-08    4.6219673E-09    7.1308234E-05    6.7070070E-04    3.2846265E-04    8.2805968E-05
    4.6500000E+00   -1.1221347E-04    5.0252325E-05    1.7208469E-05    3.7212337E-05    2.2652551E-05    4.2425071E-09    1.0000031E-16    3.8762755E-06    5.8929895E-08    4.6632103E-09    7.2383911E-05    6.7070070E-04    3.2846265E-04    8.2805968E-05
    4.7500000E+00   -1.1332905E-04    5.0615059E-05    1.7383468E-05    3.7252779E-05    2.2818171E-05    4.0871157E-09    1.0000031E-16    3.9590854E-06    5.9454393E-08    4.7047147E-09    7.3461499E-05    6.7070070E-04    3.2846265E-04    8.2805968E-05
    4.8500000E+00   -1.1444694E-04    5.0978514E-05    1.7558697E-05    3.7293301E-05    2.2984184E-05    3.9389866E-09    1.0000031E-16    4.0420919E-06    5.9982141E-08    4.7464807E-09    7.4540999E-05    6.7070070E-04    3.2846265E-04    8.2805968E-05
    4.9500000E+00   -1.1556715E-04    5.1342689E-05    1.7734156E-05    3.7333903E-05    2.3150590E-05    3.7977100E-09    1.0000031E-16    4.1252952E-06    6.0513141E-08    4.7885082E-09    7.5622413E-05    6.7070070E-04    3.2846265E-04    8.2805968E-05
    5.0500000E+00   -1.1668967E-04    5.1707585E-05    1.7909845E-05    3.7374586E-05    2.3317391E-05    3.6629030E-09    1.0000031E-16    4.2086955E-06    6.1047400E-08    4.8307974E-09    7.6705740E-05    6.7070070E-04    3.2846265E-04    8.2805968E-05
    5.1500000E+00   -1.1781452E-04    5.2073204E-05    1.8085763E-05    3.7415349E-05    2.3484586E-05    3.5342082E-09    1.0000031E-16    4.2922932E-06    6.1584920E-08    4.8733483E-09    7.7790982E-05    6.7070070E-04    3.2846265E-04    8.2805968E-05
    5.2500000E+00   -1.1894168E-04    5.2439545E-05    1.8261911E-05    3.7456193E-05    2.3652177E-05    3.4112909E-09    1.0000031E-16    4.3760883E-06    6.2125708E-08    4.9161612E-09    7.8878140E-05    6.7070070E-04    3.2846265E-04    8.2805968E-05
    5.3500000E+00   -1.2007116E-04    5.2806610E-05    1.8438288E-05    3.7497118E-05    2.3820163E-05    3.2938381E-09    1.0000031E-16    4.4600813E-06    6.2669767E-08    4.9592363E-09    7.9967215E-05    6.7070070E-04    3.2846265E-04    8.2805968E-05
    5.4500000E+00   -1.2120297E-04    5.3174399E-05    1.8614894E-05    3.7538123E-05    2.3988544E-05    3.1815565E-09    1.0000031E-16    4.5442722E-06    6.3217104E-08    5.0025737E-09    8.1058208E-05    6.7070070E-04    3.2846265E-04    8.2805968E-05
    5.5500000E+00   -1.2233710E-04    5.3542914E-05    1.8791730E-05    3.7579209E-05    2.4157323E-05    3.0741714E-09    1.0000031E-16    4.6286613E-06    6.3767723E-08    5.0461737E-09    8.2151119E-05    6.7070070E-04    3.2846265E-04    8.2805968E-05
    5.6500000E+00   -1.2347355E-04    5.3912154E-05    1.8968795E-05    3.7620377E-05    2.4326498E-05    2.9714251E-09    1.0000031E-16    4.7132489E-06    6.4321630E-08    5.0900367E-09    8.3245950E-05    6.7070070E-04    3.2846265E-04    8.2805968E-05
    5.7500000E+00   -1.2461233E-04    5.4282120E-05    1.9146089E-05    3.7661625E-05    2.4496070E-05    2.8730757E-09    1.0000031E-16    4.7980352E-06    6.4878831E-08    5.1341629E-09    8.4342702E-05    6.7070070E-04    3.2846265E-04    8.2805968E-05
    5.8500000E+00   -1.2575344E-04    5.4652813E-05    1.9323612E-05    3.7702954E-05    2.4666041E-05    2.7788962E-09    1.0000031E-16    4.8830204E-06    6.5439331E-08    5.1785526E-09    8.5441375E-05    6.7070070E-04    3.2846265E-04    8.2805968E-05
    5.9500000E+00   -1.2689688E-04    5.5024235E-05    1.9501363E-05    3.7744364E-05    2.4836410E-05    2.6886732E-09    1.0000031E-16    4.9682048E-06    6.6003137E-08    5.2232063E-09    8.6541970E-05    6.7070070E-04    3.2846265E-04    8.2805968E-05
    6.0500000E+00   -1.2804265E-04    5.5396385E-05    1.9679343E-05    3.7785856E-05    2.5007177E-05    2.6022062E-09    1.0000031E-16    5.0535886E-06    6.6570255E-08    5.2681244E-09    8.7644489E-05    6.7070070E-04    3.2846265E-04    8.2805968E-05
    6.1500000E+00   -1.2919075E-04    5.5769264E-05    1.9857551E-05    3.7827428E-05    2.5178344E-05    2.5193065E-09    1.0000031E-16    5.1391720E-06    6.7140691E-08    5.3133071E-09    8.8748932E-05    6.7070070E-04    3.2846265E-04    8.2805968E-05
    6.2500000E+00   -1.3034118E-04    5.6142873E-05    2.0035988E-05    3.7869083E-05    2.5349910E-05    2.4397965E-09    1.0000031E-16    5.2249552E-06    6.7714451E-08    5.3587550E-09    8.9855300E-05    6.7070070E-04    3.2846265E-04    8.2805968E-05
    6.3500000E+00   -1.3149395E-04    5.6517213E-05    2.0214652E-05    3.7910818E-05    2.5521877E-05    2.3635090E-09    1.0000031E-16    5.3109385E-06    6.8291543E-08    5.4044685E-09    9.0963593E-05    6.7070070E-04    3.2846265E-04    8.2805968E-05
    6.4500000E+00   -1.3264906E-04    5.6892285E-05    2.0393544E-05    3.7952636E-05    2.5694244E-05    2.2902863E-09    1.0000031E-16    5.3971222E-06    6.8871972E-08    5.4504480E-09    9.2073814E-05    6.7070070E-04    3.2846265E-04    8.2805968E-05
    6.5500000E+00   -1.3380650E-04    5.7268088E-05    2.0572664E-05    3.7994534E-05    2.5867013E-05    2.2199800E-09    1.0000031E-16    5.4835064E-06    6.9455747E-08    5.4966942E-09    9.3185962E-05    6.7070070E-04    3.2846265E-04    8.2805968E-05
    6.6500000E+00   -1.3496629E-04    5.7644624E-05    2.0752011E-05    3.8036515E-05    2.6040183E-05    2.1524499E-09    1.0000031E-16    5.5700914E-06    7.0042873E-08    5.5432073E-09    9.4300039E-05    6.7070070E-04    3.2846265E-04    8.2805968E-05
    6.7500000E+00   -1.3612842E-04    5.8021894E-05    2.0931585E-05    3.8078577E-05    2.6213755E-05    2.0875637E-09    1.0000031E-16    5.6568775E-06    7.0633359E-08    5.5899880E-09    9.5416045E-05    6.7070070E-04    3.2846265E-04    8.2805968E-05
    6.8500000E+00   -1.3729289E-04    5.8399898E-05    2.1111386E-05    3.8120722E-05    2.6387730E-05    2.0251966E-09    1.0000031E-16    5.7438648E-06    7.1227212E-08    5.6370369E-09    9.6533980E-05    6.7070070E-04    3.2846265E-04    8.2805968E-05
    6.9500000E+00   -1.3845970E-04    5.8778638E-05    2.1291413E-05    3.8162948E-05    2.6562107E-05    1.9652306E-09    1.0000031E-16    5.8310535E-06    7.1824438E-08    5.6843544E-09    9.7653847E-05    6.7070070E-04    3.2846265E-04    8.2805968E-05
    7.0500000E+00   -1.3962887E-04    5.9158112E-05    2.1471666E-05    3.8205256E-05    2.6736888E-05    1.9075540E-09    1.0000031E-16    5.9184440E-06    7.2425047E-08    5.7319411E-09    9.8775644E-05    6.7070070E-04    3.2846265E-04    8.2805968E-05
    7.1500000E+00   -1.4080038E-04    5.9538324E-05    2.1652145E-05    3.8247646E-05    2.6912073E-05    1.8520616E-09    1.0000031E-16    6.0060365E-06    7.3029044E-08    5.7797976E-09    9.9899374E-05    6.7070070E-04    3.2846265E-04    8.2805968E-05
    7.2500000E+00   -1.4197424E-04    5.9919272E-05    2.1832849E-05    3.8290119E-05    2.7087662E-05    1.7986534E-09    1.0000031E-16    6.0938311E-06    7.3636440E-08    5.8279245E-09    1.0102504E-04    6.7070070E-04    3.2846265E-04    8.2805968E-05
    7.3500000E+00   -1.4315045E-04    6.0300958E-05    2.2013779E-05    3.8332674E-05    2.7263656E-05    1.7472351E-09    1.0000031E-16    6.1818282E-06    7.4247241E-08    5.8763224E-09    1.0215263E-04    6.7070070E-04    3.2846265E-04    8.2805968E-05
    7.4500000E+00   -1.4432902E-04    6.0683383E-05    2.2194933E-05    3.8375311E-05    2.7440056E-05    1.6977173E-09    1.0000031E-16    6.2700279E-06    7.4861456E-08    5.9249919E-09    1.0328216E-04    6.7070070E-04    3.2846265E-04    8.2805968E-05
    7.5500000E+00   -1.4550994E-04    6.1066547E-05    2.2376312E-05    3.8418030E-05    2.7616861E-05    1.6500151E-09    1.0000031E-16    6.3584306E-06    7.5479094E-08    5.9739337E-09    1.0441363E-04    6.7070070E-04    3.2846265E-04    8.2805968E-05
    7.6500000E+00   -1.4669322E-04    6.1450452E-05    2.2557914E-05    3.8460832E-05    2.7794073E-05    1.6040483E-09    1.0000031E-16    6.4470363E-06    7.6100162E-08    6.0231484E-09    1.0554703E-04    6.7070070E-04    3.2846265E-04    8.2805968E-05
    7.7500000E+00   -1.4787885E-04    6.1835096E-05    2.2739740E-05    3.8503717E-05    2.7971691E-05    1.5597407E-09    1.0000031E-16    6.5358454E-06    7.6724669E-08    6.0726367E-09    1.0668236E-04    6.7070070E-04    3.2846265E-04    8.2805968E-05
    7.8500000E+00   -1.4906685E-04    6.2220483E-05    2.2921789E-05    3.8546684E-05    2.8149716E-05    1.5170200E-09    1.0000031E-16    6.6248581E-06    7.7352625E-08    6.1223993E-09    1.0781963E-04    6.7070070E-04    3.2846265E-04    8.2805968E-05
    7.9500000E+00   -1.5025720E-04    6.2606611E-05    2.3104061E-05    3.8589734E-05    2.8328149E-05    1.4758178E-09    1.0000031E-16    6.7140746E-06    7.7984038E-08    6.1724369E-09    1.0895884E-04    6.7070070E-04    3.2846265E-04    8.2805968E-05
    8.0500000E+00   -1.5144992E-04    6.2993482E-05    2.3286554E-05    3.8632867E-05    2.8506990E-05    1.4360688E-09    1.0000031E-16    6.8034952E-06    7.8618918E-08    6.2227501E-09    1.1009998E-04    6.7070070E-04    3.2846265E-04    8.2805968E-05
    8.1500000E+00   -1.5264501E-04    6.3381097E-05    2.3469270E-05    3.8676083E-05    2.8686240E-05    1.3977114E-09    1.0000031E-16    6.8931200E-06    7.9257273E-08    6.2733397E-09    1.1124306E-04    6.7070070E-04    3.2846265E-04    8.2805968E-05
    8.2500000E+00   -1.5384246E-04    6.3769456E-05    2.3652206E-05    3.8719381E-05    2.8865899E-05    1.3606866E-09    1.0000031E-16    6.9829494E-06    7.9899113E-08    6.3242065E-09    1.1238808E-04    6.7070070E-04    3.2846265E-04    8.2805968E-05
    8.3500000E+00   -1.5504228E-04    6.4158560E-05    2.3835363E-05    3.8762763E-05    2.9045967E-05    1.3249387E-09    1.0000031E-16    7.0729836E-06    8.0544447E-08    6.3753511E-09    1.1353504E-04    6.7070070E-04    3.2846265E-04    8.2805968E-05
    8.4500000E+00   -1.5624447E-04    6.4548410E-05    2.4018740E-05    3.8806228E-05    2.9226445E-05    1.2904145E-09    1.0000031E-16    7.1632227E-06    8.1193286E-08    6.4267744E-09    1.1468393E-04    6.7070070E-04    3.2846265E-04    8.2805968E-05
    8.5500000E+00   -1.5744902E-04    6.4939006E-05    2.4202337E-05    3.8849776E-05    2.9407334E-05    1.2570635E-09    1.0000031E-16    7.2536670E-06    8.1845640E-08    6.4784772E-09    1.1583477E-04    6.7070070E-04    3.2846265E-04    8.2805968E-05
    8.6500000E+00   -1.5865596E-04    6.5330349E-05    2.4386152E-05    3.8893407E-05    2.9588634E-05    1.2248377E-09    1.0000031E-16    7.3443168E-06    8.2501517E-08    6.5304601E-09    1.1698754E-04    6.7070070E-04    3.2846265E-04    8.2805968E-05
    8.7500000E+00   -1.5986526E-04    6.5722441E-05    2.4570185E-05    3.8937122E-05    2.9770345E-05    1.1936912E-09    1.0000031E-16    7.4351723E-06    8.3160930E-08    6.5827241E-09    1.1814225E-04    6.7070070E-04    3.2846265E-04    8.2805968E-05
    8.8500000E+00   -1.6107694E-04    6.6115280E-05    2.4754436E-05    3.8980921E-05    2.9952468E-05    1.1635804E-09    1.0000031E-16    7.5262338E-06    8.3823887E-08    6.6352699E-09    1.1929890E-04    6.7070070E-04    3.2846265E-04    8.2805968E-05
    8.9500000E+00   -1.6229100E-04    6.6508869E-05    2.4938903E-05    3.9024802E-05    3.0135003E-05    1.1344639E-09    1.0000031E-16    7.6175013E-06    8.4490399E-08    6.6880984E-09    1.2045748E-04    6.7070070E-04    3.2846265E-04    8.2805968E-05
    9.0500000E+00   -1.6350744E-04    6.6903208E-05    2.5123587E-05    3.9068768E-05    3.0317951E-05    1.1063019E-09    1.0000031E-16    7.7089753E-06    8.5160478E-08    6.7412104E-09    1.2161801E-04    6.7070070E-04    3.2846265E-04    8.2805968E-05
    9.1500000E+00   -1.6472625E-04    6.7298298E-05    2.5308486E-05    3.9112817E-05    3.0501312E-05    1.0790569E-09    1.0000031E-16    7.8006559E-06    8.5834134E-08    6.7946068E-09    1.2278048E-04    6.7070070E-04    3.2846265E-04    8.2805968E-05
    9.2500000E+00   -1.6594745E-04    6.7694139E-05    2.5493600E-05    3.9156950E-05    3.0685087E-05    1.0526927E-09    1.0000031E-16    7.8925433E-06    8.6511378E-08    6.8482885E-09    1.2394488E-04    6.7070070E-04    3.2846265E-04    8.2805968E-05
    9.3500000E+00   -1.6717103E-04    6.8090733E-05    2.5678927E-05    3.9201166E-05    3.0869276E-05    1.0271750E-09    1.0000031E-16    7.9846379E-06    8.7192221E-08    6.9022564E-09    1.2511122E-04    6.7070070E-04    3.2846265E-04    8.2805968E-05
    9.4500000E+00   -1.6839699E-04    6.8488079E-05    2.5864468E-05    3.9245467E-05    3.1053879E-05    1.0024711E-09    1.0000031E-16    8.0769397E-06    8.7876676E-08    6.9565113E-09    1.2627950E-04    6.7070070E-04    3.2846265E-04    8.2805968E-05
    9.5500000E+00   -1.6962534E-04    6.8886178E-05    2.6050220E-05    3.9289852E-05    3.1238898E-05    9.7854973E-10    1.0000031E-16    8.1694491E-06    8.8564753E-08    7.0110543E-09    1.2744972E-04    6.7070070E-04    3.2846265E-04    8.2805968E-05
    9.6500000E+00   -1.7085608E-04    6.9285032E-05    2.6236185E-05    3.9334321E-05    3.1424333E-05    9.5538091E-10    1.0000031E-16    8.2621663E-06    8.9256464E-08    7.0658862E-09    1.2862188E-04    6.7070070E-04    3.2846265E-04    8.2805968E-05
    9.7500000E+00   -1.7208920E-04    6.9684641E-05    2.6422359E-05    3.9378874E-05    3.1610183E-05    9.3293613E-10    1.0000031E-16    8.3550915E-06    8.9951822E-08    7.1210080E-09    1.2979597E-04    6.7070070E-04    3.2846265E-04    8.2805968E-05
    9.8500000E+00   -1.7332471E-04    7.0085006E-05    2.6608743E-05    3.9423511E-05    3.1796450E-05    9.1118814E-10    1.0000031E-16    8.4482250E-06    9.0650838E-08    7.1764206E-09    1.3097200E-04    6.7070070E-04    3.2846265E-04    8.2805968E-05
    9.9500000E+00   -1.7456262E-04    7.0486127E-05    2.6795336E-05    3.9468232E-05    3.1983134E-05    8.9011085E-10    1.0000031E-16    8.5415670E-06    9.1353525E-08    7.2321252E-09    1.3214996E-04    6.7070070E-04    3.2846265E-04    8.2805968E-05
    1.0050000E+01   -1.7580291E-04    7.0888005E-05    2.6982137E-05    3.9513038E-05    3.2170235E-05    8.6967934E-10    1.0000031E-16    8.6351177E-06    9.2059896E-08    7.2881226E-09    1.3332987E-04    6.7070070E-04    3.2846265E-04    8.2805968E-05
    1.0150000E+01   -1.7704560E-04    7.1290641E-05    2.7169144E-05    3.9557929E-05    3.2357755E-05    8.4986976E-10    1.0000031E-16    8.7288773E-06    9.2769963E-08    7.3444139E-09    1.3451170E-04    6.7070070E-04    3.2846265E-04    8.2805968E-05
    1.0250000E+01   -1.7829069E-04    7.1694036E-05    2.7356357E-05    3.9602904E-05    3.2545692E-05    8.3065930E-10    1.0000031E-16    8.8228462E-06    9.3483740E-08    7.4010002E-09    1.3569548E-04    6.7070070E-04    3.2846265E-04    8.2805968E-05
    1.0350000E+01   -1.7953816E-04    7.2098190E-05    2.7543774E-05    3.9647964E-05    3.2734049E-05    8.1202614E-10    1.0000031E-16    8.9170244E-06    9.4201240E-08    7.4578824E-09    1.3688118E-04    6.7070070E-04    3.2846265E-04    8.2805968E-05
    1.0450000E+01   -1.8078804E-04    7.2503104E-05    2.7731395E-05    3.9693108E-05    3.2922825E-05    7.9394938E-10    1.0000031E-16    9.0114123E-06    9.4922476E-08    7.5150618E-09    1.3806882E-04    6.7070070E-04    3.2846265E-04    8.2805968E-05
    1.0550000E+01   -1.8204031E-04    7.2908778E-05    2.7919218E-05    3.9738337E-05    3.3112020E-05    7.7640900E-10    1.0000031E-16    9.1060101E-06    9.5647461E-08    7.5725393E-09    1.3925839E-04    6.7070070E-04    3.2846265E-04    8.2805968E-05
    1.0650000E+01   -1.8329498E-04    7.3315214E-05    2.8107242E-05    3.9783651E-05    3.3301636E-05    7.5938585E-10    1.0000031E-16    9.2008180E-06    9.6376211E-08    7.6303161E-09    1.4044990E-04    6.7070070E-04    3.2846265E-04    8.2805968E-05
    1.0750000E+01   -1.8455206E-04    7.3722412E-05    2.8295467E-05    3.9829050E-05    3.3491673E-05    7.4286154E-10    1.0000031E-16    9.2958363E-06    9.7108738E-08    7.6883933E-09    1.4164333E-04    6.7070070E-04    3.2846265E-04    8.2805968E-05
    1.0850000E+01   -1.8581153E-04    7.4130373E-05    2.8483889E-05    3.9874535E-05    3.3682130E-05    7.2681850E-10    1.0000031E-16    9.3910652E-06    9.7845058E-08    7.7467721E-09    1.4283869E-04    6.7070070E-04    3.2846265E-04    8.2805968E-05
    1.0950000E+01   -1.8707340E-04    7.4539098E-05    2.8672510E-05    3.9920104E-05    3.3873010E-05    7.1123985E-10    1.0000031E-16    9.4865049E-06    9.8585185E-08    7.8054536E-09    1.4403598E-04    6.7070070E-04    3.2846265E-04    8.2805968E-05
    1.1050000E+01   -1.8833768E-04    7.4948587E-05    2.8861326E-05    3.9965758E-05    3.4064311E-05    6.9610940E-10    1.0000031E-16    9.5821556E-06    9.9329134E-08    7.8644391E-09    1.4523520E-04    6.7070070E-04    3.2846265E-04    8.2805968E-05
    1.1150000E+01   -1.8960436E-04    7.5358841E-05    2.9050338E-05    4.0011498E-05    3.4256035E-05    6.8141166E-10    1.0000031E-16    9.6780176E-06    1.0007692E-07    7.9237297E-09    1.4643634E-04    6.7070070E-04    3.2846265E-04    8.2805968E-05
    1.1250000E+01   -1.9087344E-04    7.5769860E-05    2.9239543E-05    4.0057323E-05    3.4448182E-05    6.6713174E-10    1.0000031E-16    9.7740912E-06    1.0082856E-07    7.9833267E-09    1.4763941E-04    6.7070070E-04    3.2846265E-04    8.2805968E-05
    1.1350000E+01   -1.9214493E-04    7.6181646E-05    2.9428940E-05    4.0103234E-05    3.4640753E-05    6.5325534E-10    1.0000031E-16    9.8703765E-06    1.0158407E-07    8.0432313E-09    1.4884440E-04    6.7070070E-04    3.2846265E-04    8.2805968E-05
    1.1450000E+01   -1.9341883E-04    7.6594199E-05    2.9618527E-05    4.0149230E-05    3.4833748E-05    6.3976878E-10    1.0000031E-16    9.9668738E-06    1.0234346E-07    8.1034449E-09    1.5005132E-04    6.7070070E-04    3.2846265E-04    8.2805968E-05
    1.1550000E+01   -1.9469513E-04    7.7007520E-05    2.9808303E-05    4.0195312E-05    3.5027167E-05    6.2665888E-10    1.0000031E-16    1.0063583E-05    1.0310675E-07    8.1639686E-09    1.5126015E-04    6.7070070E-04    3.2846265E-04    8.2805968E-05
    1.1650000E+01   -1.9597384E-04    7.7421609E-05    2.9998267E-05    4.0241479E-05    3.5221010E-05    6.1391301E-10    1.0000031E-16    1.0160505E-05    1.0387395E-07    8.2248039E-09    1.5247090E-04    6.7070070E-04    3.2846265E-04    8.2805968E-05
    1.1750000E+01   -1.9725496E-04    7.7836468E-05    3.0188417E-05    4.0287732E-05    3.5415280E-05    6.0151902E-10    1.0000031E-16    1.0257640E-05    1.0464510E-07    8.2859520E-09    1.5368357E-04    6.7070070E-04    3.2846265E-04    8.2805968E-05
    1.1850000E+01   -1.9853848E-04    7.8252097E-05    3.0378751E-05    4.0334071E-05    3.5609975E-05    5.8946527E-10    1.0000031E-16    1.0354987E-05    1.0542019E-07    8.3474144E-09    1.5489815E-04    6.7070070E-04    3.2846265E-04    8.2805968E-05
    1.1950000E+01   -1.9982442E-04    7.8668496E-05    3.0569268E-05    4.0380496E-05    3.5805096E-05    5.7774053E-10    1.0000031E-16    1.0452548E-05    1.0619925E-07    8.4091925E-09    1.5611464E-04    6.7070070E-04    3.2846265E-04    8.2805968E-05
    1.2050000E+01   -2.0111277E-04    7.9085667E-05    3.0759966E-05    4.0427007E-05    3.6000645E-05    5.6633404E-10    1.0000031E-16    1.0550322E-05    1.0698229E-07    8.4712876E-09    1.5733305E-04    6.7070070E-04    3.2846265E-04    8.2805968E-05
    1.2150000E+01   -2.0240352E-04    7.9503610E-05    3.0950843E-05    4.0473604E-05    3.6196620E-05    5.5523544E-10    1.0000031E-16    1.0648310E-05    1.0776934E-07    8.5337011E-09    1.5855336E-04    6.7070070E-04    3.2846265E-04    8.2805968E-05
    1.2250000E+01   -2.0369669E-04    7.9922326E-05    3.1141897E-05    4.0520288E-05    3.6393023E-05    5.4443476E-10    1.0000031E-16    1.0746512E-05    1.0856041E-07    8.5964347E-09    1.5977558E-04    6.7070070E-04    3.2846265E-04    8.2805968E-05
    1.2350000E+01   -2.0499227E-04    8.0341815E-05    3.1333127E-05    4.0567057E-05    3.6589855E-05    5.3392245E-10    1.0000031E-16    1.0844927E-05    1.0935552E-07    8.6594896E-09    1.6099971E-04    6.7070070E-04    3.2846265E-04    8.2805968E-05
    1.2450000E+01   -2.0629026E-04    8.0762079E-05    3.1524530E-05    4.0613913E-05    3.6787115E-05    5.2368926E-10    1.0000031E-16    1.0943557E-05    1.1015469E-07    8.7228676E-09    1.6222574E-04    6.7070070E-04    3.2846265E-04    8.2805968E-05
    1.2550000E+01   -2.0759066E-04    8.1183118E-05    3.1716105E-05    4.0660855E-05    3.6984804E-05    5.1372635E-10    1.0000031E-16    1.1042402E-05    1.1095794E-07    8.7865700E-09    1.6345366E-04    6.7070070E-04    3.2846265E-04    8.2805968E-05
    1.2650000E+01   -2.0889348E-04    8.1604932E-05    3.1907850E-05    4.0707884E-05    3.7182923E-05    5.0402518E-10    1.0000031E-16    1.1141461E-05    1.1176529E-07    8.8505986E-09    1.6468349E-04    6.7070070E-04    3.2846265E-04    8.2805968E-05
    1.2750000E+01   -2.1019870E-04    8.2027523E-05    3.2099762E-05    4.0754999E-05    3.7381471E-05    4.9457753E-10    1.0000031E-16    1.1240736E-05    1.1257676E-07    8.9149548E-09    1.6591520E-04    6.7070070E-04    3.2846265E-04    8.2805968E-05
    1.2850000E+01   -2.1150634E-04    8.2450891E-05    3.2291839E-05    4.0802201E-05    3.7580450E-05    4.8537549E-10    1.0000031E-16    1.1340225E-05    1.1339236E-07    8.9796403E-09    1.6714881E-04    6.7070070E-04    3.2846265E-04    8.2805968E-05
    1.2950000E+01   -2.1281640E-04    8.2875036E-05    3.2484080E-05    4.0849490E-05    3.7779861E-05    4.7641145E-10    1.0000031E-16    1.1439930E-05    1.1421212E-07    9.0446569E-09    1.6838431E-04    6.7070070E-04    3.2846265E-04    8.2805968E-05
    1.3050000E+01   -2.1412886E-04    8.3299961E-05    3.2676482E-05    4.0896865E-05    3.7979702E-05    4.6767807E-10    1.0000031E-16    1.1539851E-05    1.1503607E-07    9.1100060E-09    1.6962169E-04    6.7070070E-04    3.2846265E-04    8.2805968E-05
    1.3150000E+01   -2.1544374E-04    8.3725664E-05    3.2869042E-05    4.0944327E-05    3.8179976E-05    4.5916828E-10    1.0000031E-16    1.1639988E-05    1.1586421E-07    9.1756896E-09    1.7086096E-04    6.7070070E-04    3.2846265E-04    8.2805968E-05
    1.3250000E+01   -2.1676103E-04    8.4152148E-05    3.3061759E-05    4.0991876E-05    3.8380682E-05    4.5087528E-10    1.0000031E-16    1.1740341E-05    1.1669658E-07    9.2417093E-09    1.7210210E-04    6.7070070E-04    3.2846265E-04    8.2805968E-05
    1.3350000E+01   -2.1808073E-04    8.4579412E-05    3.3254630E-05    4.1039513E-05    3.8581821E-05    4.4279251E-10    1.0000031E-16    1.1840910E-05    1.1753320E-07    9.3080669E-09    1.7334512E-04    6.7070070E-04    3.2846265E-04    8.2805968E-05
    1.3450000E+01   -2.1940285E-04    8.5007458E-05    3.3447653E-05    4.1087236E-05    3.8783393E-05    4.3491364E-10    1.0000031E-16    1.1941696E-05    1.1837408E-07    9.3747642E-09    1.7459001E-04    6.7070070E-04    3.2846265E-04    8.2805968E-05
    1.3550000E+01   -2.2072737E-04    8.5436285E-05    3.3640825E-05    4.1135047E-05    3.8985399E-05    4.2723257E-10    1.0000031E-16    1.2042699E-05    1.1921925E-07    9.4418031E-09    1.7583677E-04    6.7070070E-04    3.2846265E-04    8.2805968E-05
    1.3650000E+01   -2.2205431E-04    8.5865896E-05    3.3834143E-05    4.1182945E-05    3.9187839E-05    4.1974343E-10    1.0000031E-16    1.2143919E-05    1.2006874E-07    9.5091855E-09    1.7708539E-04    6.7070070E-04    3.2846265E-04    8.2805968E-05
    1.3750000E+01   -2.2338366E-04    8.6296290E-05    3.4027605E-05    4.1230930E-05    3.9390714E-05    4.1244056E-10    1.0000031E-16    1.2245357E-05    1.2092257E-07    9.5769133E-09    1.7833588E-04    6.7070070E-04    3.2846265E-04    8.2805968E-05
    1.3850000E+01   -2.2471543E-04    8.6727469E-05    3.4221208E-05    4.1279003E-05    3.9594024E-05    4.0531847E-10    1.0000031E-16    1.2347012E-05    1.2178076E-07    9.6449884E-09    1.7958822E-04    6.7070070E-04    3.2846265E-04    8.2805968E-05
    1.3950000E+01   -2.2604960E-04    8.7159432E-05    3.4414949E-05    4.1327163E-05    3.9797769E-05    3.9837191E-10    1.0000031E-16    1.2448885E-05    1.2264334E-07    9.7134128E-09    1.8084242E-04    6.7070070E-04    3.2846265E-04    8.2805968E-05
    1.4050000E+01   -2.2738618E-04    8.7592181E-05    3.4608826E-05    4.1375411E-05    4.0001951E-05    3.9159579E-10    1.0000031E-16    1.2550975E-05    1.2351033E-07    9.7821886E-09    1.8209846E-04    6.7070070E-04    3.2846265E-04    8.2805968E-05
    1.4150000E+01   -2.2872517E-04    8.8025717E-05    3.4802835E-05    4.1423746E-05    4.0206569E-05    3.8498520E-10    1.0000031E-16    1.2653285E-05    1.2438176E-07    9.8513177E-09    1.8335635E-04    6.7070070E-04    3.2846265E-04    8.2805968E-05
    1.4250000E+01   -2.3006657E-04    8.8460039E-05    3.4996974E-05    4.1472169E-05    4.0411625E-05    3.7853541E-10    1.0000031E-16    1.2755812E-05    1.2525765E-07    9.9208024E-09    1.8461608E-04    6.7070070E-04    3.2846265E-04    8.2805968E-05
    1.4350000E+01   -2.3141038E-04    8.8895150E-05    3.5191240E-05    4.1520681E-05    4.0617117E-05    3.7224185E-10    1.0000031E-16    1.2858559E-05    1.2613804E-07    9.9906448E-09    1.8587764E-04    6.7070070E-04    3.2846265E-04    8.2805968E-05
    1.4450000E+01   -2.3275659E-04    8.9331049E-05    3.5385628E-05    4.1569280E-05    4.0823048E-05    3.6610011E-10    1.0000031E-16    1.2961524E-05    1.2702294E-07    1.0060847E-08    1.8714103E-04    6.7070070E-04    3.2846265E-04    8.2805968E-05
    1.4550000E+01   -2.3410522E-04    8.9767737E-05    3.5580137E-05    4.1617967E-05    4.1029417E-05    3.6010594E-10    1.0000031E-16    1.3064709E-05    1.2791239E-07    1.0131411E-08    1.8840625E-04    6.7070070E-04    3.2846265E-04    8.2805968E-05
    1.4650000E+01   -2.3545624E-04    9.0205215E-05    3.5774763E-05    4.1666742E-05    4.1236226E-05    3.5425524E-10    1.0000031E-16    1.3168113E-05    1.2880642E-07    1.0202340E-08    1.8967329E-04    6.7070070E-04    3.2846265E-04    8.2805968E-05
    1.4750000E+01   -2.3680967E-04    9.0643484E-05    3.5969502E-05    4.1715605E-05    4.1443473E-05    3.4854404E-10    1.0000031E-16    1.3271737E-05    1.2970505E-07    1.0273635E-08    1.9094214E-04    6.7070070E-04    3.2846265E-04    8.2805968E-05
    1.4850000E+01   -2.3816550E-04    9.1082545E-05    3.6164351E-05    4.1764556E-05    4.1651161E-05    3.4296852E-10    1.0000031E-16    1.3375580E-05    1.3060831E-07    1.0345299E-08    1.9221280E-04    6.7070070E-04    3.2846265E-04    8.2805968E-05
    1.4950000E+01   -2.3952374E-04    9.1522397E-05    3.6359306E-05    4.1813596E-05    4.1859288E-05    3.3752499E-10    1.0000031E-16    1.3479644E-05    1.3151623E-07    1.0417335E-08    1.9348526E-04    6.7070070E-04    3.2846265E-04    8.2805968E-05
    1.5050000E+01   -2.4088437E-04    9.1963043E-05    3.6554365E-05    4.1862724E-05    4.2067857E-05    3.3220989E-10    1.0000031E-16    1.3583928E-05    1.3242885E-07    1.0489745E-08    1.9475953E-04    6.7070070E-04    3.2846265E-04    8.2805968E-05
    1.5150000E+01   -2.4224741E-04    9.2404481E-05    3.6749522E-05    4.1911941E-05    4.2276866E-05    3.2701979E-10    1.0000031E-16    1.3688433E-05    1.3334619E-07    1.0562531E-08    1.9603558E-04    6.7070070E-04    3.2846265E-04    8.2805968E-05
    1.5250000E+01   -2.4361284E-04    9.2846715E-05    3.6944774E-05    4.1961246E-05    4.2486318E-05    3.2195136E-10    1.0000031E-16    1.3793159E-05    1.3426829E-07    1.0635695E-08    1.9731342E-04    6.7070070E-04    3.2846265E-04    8.2805968E-05
    1.5350000E+01   -2.4498066E-04    9.3289743E-05    3.7140118E-05    4.2010640E-05    4.2696211E-05    3.1700142E-10    1.0000031E-16    1.3898106E-05    1.3519518E-07    1.0709242E-08    1.9859303E-04    6.7070070E-04    3.2846265E-04    8.2805968E-05
    1.5450000E+01   -2.4635088E-04    9.3733566E-05    3.7335549E-05    4.2060122E-05    4.2906548E-05    3.1216687E-10    1.0000031E-16    1.4003274E-05    1.3612689E-07    1.0783172E-08    1.9987442E-04    6.7070070E-04    3.2846265E-04    8.2805968E-05
    1.5550000E+01   -2.4772349E-04    9.4178187E-05    3.7531063E-05    4.2109694E-05    4.3117327E-05    3.0744474E-10    1.0000031E-16    1.4108664E-05    1.3706345E-07    1.0857490E-08    2.0115758E-04    6.7070070E-04    3.2846265E-04    8.2805968E-05
    1.5650000E+01   -2.4909850E-04    9.4623604E-05    3.7726656E-05    4.2159354E-05    4.3328550E-05    3.0283218E-10    1.0000031E-16    1.4214275E-05    1.3800490E-07    1.0932197E-08    2.0244249E-04    6.7070070E-04    3.2846265E-04    8.2805968E-05
    1.5750000E+01   -2.5047588E-04    9.5069819E-05    3.7922323E-05    4.2209103E-05    4.3540217E-05    2.9832641E-10    1.0000031E-16    1.4320108E-05    1.3895128E-07    1.1007296E-08    2.0372916E-04    6.7070070E-04    3.2846265E-04    8.2805968E-05
    1.5850000E+01   -2.5185566E-04    9.5516833E-05    3.8118061E-05    4.2258941E-05    4.3752328E-05    2.9392479E-10    1.0000031E-16    1.4426164E-05    1.3990262E-07    1.1082791E-08    2.0501757E-04    6.7070070E-04    3.2846265E-04    8.2805968E-05
    1.5950000E+01   -2.5323782E-04    9.5964646E-05    3.8313864E-05    4.2308869E-05    4.3964885E-05    2.8962475E-10    1.0000031E-16    1.4532442E-05    1.4085895E-07    1.1158684E-08    2.0630771E-04    6.7070070E-04    3.2846265E-04    8.2805968E-05
    1.6050000E+01   -2.5462236E-04    9.6413259E-05    3.8509728E-05    4.2358885E-05    4.4177887E-05    2.8542384E-10    1.0000031E-16    1.4638943E-05    1.4182032E-07    1.1234978E-08    2.0759958E-04    6.7070070E-04    3.2846265E-04    8.2805968E-05
    1.6150000E+01   -2.5600928E-04    9.6862672E-05    3.8705648E-05    4.2408991E-05    4.4391334E-05    2.8131969E-10    1.0000031E-16    1.4745667E-05    1.4278676E-07    1.1311677E-08    2.0889318E-04    6.7070070E-04    3.2846265E-04    8.2805968E-05
    1.6250000E+01   -2.5739858E-04    9.7312887E-05    3.8901620E-05    4.2459186E-05    4.4605229E-05    2.7731004E-10    1.0000031E-16    1.4852614E-05    1.4375831E-07    1.1388783E-08    2.1018848E-04    6.7070070E-04    3.2846265E-04    8.2805968E-05
    1.6350000E+01   -2.5879024E-04    9.7763904E-05    3.9097637E-05    4.2509471E-05    4.4819570E-05    2.7339272E-10    1.0000031E-16    1.4959785E-05    1.4473501E-07    1.1466300E-08    2.1148549E-04    6.7070070E-04    3.2846265E-04    8.2805968E-05
    1.6450000E+01   -2.6018428E-04    9.8215724E-05    3.9293696E-05    4.2559845E-05    4.5034358E-05    2.6956566E-10    1.0000031E-16    1.5067179E-05    1.4571691E-07    1.1544231E-08    2.1278419E-04    6.7070070E-04    3.2846265E-04    8.2805968E-05
    1.6550000E+01   -2.6158069E-04    9.8668348E-05    3.9489790E-05    4.2610308E-05    4.5249594E-05    2.6582687E-10    1.0000031E-16    1.5174797E-05    1.4670404E-07    1.1622579E-08    2.1408457E-04    6.7070070E-04    3.2846265E-04    8.2805968E-05
    1.6650000E+01   -2.6297946E-04    9.9121775E-05    3.9685914E-05    4.2660862E-05    4.5465278E-05    2.6217449E-10    1.0000031E-16    1.5282639E-05    1.4769644E-07    1.1701348E-08    2.1538664E-04    6.7070070E-04    3.2846265E-04    8.2805968E-05
    1.6750000E+01   -2.6438060E-04    9.9576008E-05    3.9882063E-05    4.2711505E-05    4.5681411E-05    2.5860672E-10    1.0000031E-16    1.5390706E-05    1.4869417E-07    1.1780541E-08    2.1669036E-04    6.7070070E-04    3.2846265E-04    8.2805968E-05
    1.6850000E+01   -2.6578409E-04    1.0003105E-04    4.0078230E-05    4.2762237E-05    4.5897993E-05    2.5512187E-10    1.0000031E-16    1.5498997E-05    1.4969726E-07    1.1860162E-08    2.1799574E-04    6.7070070E-04    3.2846265E-04    8.2805968E-05
    1.6950000E+01   -2.6718993E-04    1.0048689E-04    4.0274410E-05    4.2813060E-05    4.6115025E-05    2.5171838E-10    1.0000031E-16    1.5607513E-05    1.5070576E-07    1.1940215E-08    2.1930277E-04    6.7070070E-04    3.2846265E-04    8.2805968E-05
    1.7050000E+01   -2.6859812E-04    1.0094354E-04    4.0470597E-05    4.2863973E-05    4.6332507E-05    2.4839476E-10    1.0000031E-16    1.5716254E-05    1.5171972E-07    1.2020703E-08    2.2061143E-04    6.7070070E-04    3.2846265E-04    8.2805968E-05
    1.7150000E+01   -2.7000866E-04    1.0140100E-04    4.0666783E-05    4.2914976E-05    4.6550440E-05    2.4514966E-10    1.0000031E-16    1.5825220E-05    1.5273919E-07    1.2101631E-08    2.2192172E-04    6.7070070E-04    3.2846265E-04    8.2805968E-05
    1.7250000E+01   -2.7142155E-04    1.0185927E-04    4.0862964E-05    4.2966069E-05    4.6768823E-05    2.4198183E-10    1.0000031E-16    1.5934412E-05    1.5376422E-07    1.2183001E-08    2.2323361E-04    6.7070070E-04    3.2846265E-04    8.2805968E-05
    1.7350000E+01   -2.7283677E-04    1.0231835E-04    4.1059131E-05    4.3017252E-05    4.6987658E-05    2.3889017E-10    1.0000031E-16    1.6043829E-05    1.5479485E-07    1.2264819E-08    2.2454710E-04    6.7070070E-04    3.2846265E-04    8.2805968E-05
    1.7450000E+01   -2.7425432E-04    1.0277824E-04    4.1255278E-05    4.3068525E-05    4.7206945E-05    2.3587370E-10    1.0000031E-16    1.6153473E-05    1.5583114E-07    1.2347089E-08    2.2586218E-04    6.7070070E-04    3.2846265E-04    8.2805968E-05
    1.7550000E+01   -2.7567420E-04    1.0323893E-04    4.1451398E-05    4.3119889E-05    4.7426684E-05    2.3293162E-10    1.0000031E-16    1.6263342E-05    1.5687315E-07    1.2429815E-08    2.2717884E-04    6.7070070E-04    3.2846265E-04    8.2805968E-05
    1.7650000E+01   -2.7709640E-04    1.0370044E-04    4.1647483E-05    4.3171344E-05    4.7646877E-05    2.3006327E-10    1.0000031E-16    1.6373438E-05    1.5792093E-07    1.2513002E-08    2.2849705E-04    6.7070070E-04    3.2846265E-04    8.2805968E-05
    1.7750000E+01   -2.7852092E-04    1.0416276E-04    4.1843524E-05    4.3222889E-05    4.7867523E-05    2.2726822E-10    1.0000031E-16    1.6483761E-05    1.5897454E-07    1.2596654E-08    2.2981680E-04    6.7070070E-04    3.2846265E-04    8.2805968E-05
    1.7850000E+01   -2.7994775E-04    1.0462590E-04    4.2039515E-05    4.3274524E-05    4.8088622E-05    2.2454625E-10    1.0000031E-16    1.6594311E-05    1.6003404E-07    1.2680776E-08    2.3113809E-04    6.7070070E-04    3.2846265E-04    8.2805968E-05
    1.7950000E+01   -2.8137688E-04    1.0508985E-04    4.2235447E-05    4.3326250E-05    4.8310176E-05    2.2189740E-10    1.0000031E-16    1.6705088E-05    1.6109950E-07    1.2765374E-08    2.3246090E-04    6.7070070E-04    3.2846265E-04    8.2805968E-05
    1.8050000E+01   -2.8280832E-04    1.0555461E-04    4.2431309E-05    4.3378067E-05    4.8532185E-05    2.1932205E-10    1.0000031E-16    1.6816092E-05    1.6217098E-07    1.2850452E-08    2.3378520E-04    6.7070070E-04    3.2846265E-04    8.2805968E-05
    1.8150000E+01   -2.8424204E-04    1.0602019E-04    4.2627094E-05    4.3429975E-05    4.8754648E-05    2.1682091E-10    1.0000031E-16    1.6927324E-05    1.6324854E-07    1.2936016E-08    2.3511098E-04    6.7070070E-04    3.2846265E-04    8.2805968E-05
    1.8250000E+01   -2.8567805E-04    1.0648658E-04    4.2822790E-05    4.3481974E-05    4.8977568E-05    2.1439520E-10    1.0000031E-16    1.7038784E-05    1.6433227E-07    1.3022073E-08    2.3643822E-04    6.7070070E-04    3.2846265E-04    8.2805968E-05
    1.8350000E+01   -2.8711633E-04    1.0695379E-04    4.3018388E-05    4.3534064E-05    4.9200944E-05    2.1204667E-10    1.0000031E-16    1.7150472E-05    1.6542224E-07    1.3108628E-08    2.3776690E-04    6.7070070E-04    3.2846265E-04    8.2805968E-05
    1.8450000E+01   -2.8855688E-04    1.0742181E-04    4.3213875E-05    4.3586245E-05    4.9424776E-05    2.0977782E-10    1.0000031E-16    1.7262388E-05    1.6651854E-07    1.3195688E-08    2.3909701E-04    6.7070070E-04    3.2846265E-04    8.2805968E-05
    1.8550000E+01   -2.8999969E-04    1.0789066E-04    4.3409239E-05    4.3638517E-05    4.9649066E-05    2.0759205E-10    1.0000031E-16    1.7374533E-05    1.6762124E-07    1.3283261E-08    2.4042851E-04    6.7070070E-04    3.2846265E-04    8.2805968E-05
    1.8650000E+01   -2.9144474E-04    1.0836032E-04    4.3604467E-05    4.3690880E-05    4.9873813E-05    2.0549399E-10    1.0000031E-16    1.7486906E-05    1.6873045E-07    1.3371353E-08    2.4176139E-04    6.7070070E-04    3.2846265E-04    8.2805968E-05
    1.8750000E+01   -2.9289202E-04    1.0883080E-04    4.3799544E-05    4.3743335E-05    5.0099018E-05    2.0348987E-10    1.0000031E-16    1.7599509E-05    1.6984628E-07    1.3459974E-08    2.4309560E-04    6.7070070E-04    3.2846265E-04    8.2805968E-05
    1.8850000E+01   -2.9434152E-04    1.0930210E-04    4.3994453E-05    4.3795881E-05    5.0324681E-05    2.0158813E-10    1.0000031E-16    1.7712341E-05    1.7096884E-07    1.3549133E-08    2.4443113E-04    6.7070070E-04    3.2846265E-04    8.2805968E-05
    1.8950000E+01   -2.9579322E-04    1.0977423E-04    4.4189175E-05    4.3848518E-05    5.0550804E-05    1.9980029E-10    1.0000031E-16    1.7825402E-05    1.7209826E-07    1.3638841E-08    2.4576793E-04    6.7070070E-04    3.2846265E-04    8.2805968E-05
    1.9050000E+01   -2.9724710E-04    1.1024717E-04    4.4383688E-05    4.3901248E-05    5.0777386E-05    1.9814230E-10    1.0000031E-16    1.7938693E-05    1.7323470E-07    1.3729110E-08    2.4710597E-04    6.7070070E-04    3.2846265E-04    8.2805968E-05
    1.9150000E+01   -2.9870314E-04    1.1072094E-04    4.4577965E-05    4.3954068E-05    5.1004428E-05    1.9663671E-10    1.0000031E-16    1.8052214E-05    1.7437834E-07    1.3819955E-08    2.4844518E-04    6.7070070E-04    3.2846265E-04    8.2805968E-05
    1.9250000E+01   -3.0016131E-04    1.1119552E-04    4.4771973E-05    4.4006981E-05    5.1231930E-05    1.9531629E-10    1.0000031E-16    1.8165965E-05    1.7552940E-07    1.3911394E-08    2.4978551E-04    6.7070070E-04    3.2846265E-04    8.2805968E-05
    1.9350000E+01   -3.0162156E-04    1.1167094E-04    4.4965670E-05    4.4059985E-05    5.1459893E-05    1.9423038E-10    1.0000031E-16    1.8279947E-05    1.7668818E-07    1.4003451E-08    2.5112687E-04    6.7070070E-04    3.2846265E-04    8.2805968E-05
    1.9450000E+01   -3.0308385E-04    1.1214717E-04    4.5159000E-05    4.4113081E-05    5.1688317E-05    1.9345678E-10    1.0000031E-16    1.8394159E-05    1.7785506E-07    1.4096157E-08    2.5246916E-04    6.7070070E-04    3.2846265E-04    8.2805968E-05
    1.9550000E+01   -3.0454803E-04    1.1262421E-04    4.5351869E-05    4.4166260E-05    5.1917192E-05    1.9312607E-10    1.0000029E-16    1.8508598E-05    1.7903054E-07    1.4189552E-08    2.5381214E-04    6.7070055E-04    3.2846257E-04    8.2805949E-05
    1.9650000E+01   -3.0601161E-04    1.1310117E-04    4.5543803E-05    4.4219181E-05    5.2146116E-05    1.9347820E-10    9.9999481E-17    1.8623120E-05    1.8021408E-07    1.4283597E-08    2.5515361E-04    6.7069512E-04    3.2845991E-04    8.2805279E-05
    1.9750000E+01   -3.0742176E-04    1.1355861E-04    4.5726790E-05    4.4264255E-05    5.2366116E-05    1.9503875E-10    9.9980731E-17    1.8734517E-05    1.8137579E-07    1.4375923E-08    2.5644929E-04    6.7056936E-04    3.2839833E-04    8.2789753E-05
    1.9850000E+01   -3.0767511E-04    1.1358889E-04    4.5736800E-05    4.4142562E-05    5.2389220E-05    1.9974848E-10    9.9585064E-17    1.8775546E-05    1.8186391E-07    1.4414871E-08    2.5677890E-04    6.6791563E-04    3.2709871E-04    8.2462118E-05
    1.9950000E+01   -1.5950666E-04    5.8841663E-05    2.3693214E-05    2.2772667E-05    2.7145278E-05    4.0531987E-10    5.1289356E-17    9.7515937E-06    9.4508614E-08    7.4910802E-09    1.3320609E-04    3.4399699E-04    1.6846585E-04    4.2470514E-05
