# Time          2.2500E+00
# Units: Mol/m**3 Porous Medium/s
    Distance           Quartz           K-Feldspar_Li    Oligoclase_Li    Biotite_Li       Kaolinite_Li7    Kaolinite_Li6
    5.0000000E-02   -3.6764512E-14   -4.0116569E-11   -1.6226745E-10   -3.2554263E-11   -3.9450138E-11   -3.2608279E-12
    1.5000000E-01   -2.7191416E-14   -4.0133198E-11   -1.6260346E-10   -3.2635729E-11    1.2909019E-10    1.0653989E-11
    2.5000000E-01   -2.1792298E-14   -4.0149858E-11   -1.6294018E-10   -3.2717381E-11    1.1992680E-10    9.8858864E-12
    3.5000000E-01   -1.9026929E-14   -4.0166752E-11   -1.6327757E-10   -3.2799212E-11    1.1819336E-10    9.7314348E-12
    4.5000000E-01   -1.7270434E-14   -4.0183784E-11   -1.6361559E-10   -3.2881213E-11    1.1796711E-10    9.7017015E-12
    5.5000000E-01   -1.5799082E-14   -4.0200865E-11   -1.6395420E-10   -3.2963375E-11    1.1803260E-10    9.6968548E-12
    6.5000000E-01   -1.4390931E-14   -4.0217958E-11   -1.6429339E-10   -3.3045692E-11    1.1816520E-10    9.6985213E-12
    7.5000000E-01   -1.2992686E-14   -4.0235054E-11   -1.6463312E-10   -3.3128158E-11    1.1831770E-10    9.7027793E-12
    8.5000000E-01   -1.1593714E-14   -4.0252148E-11   -1.6497337E-10   -3.3210767E-11    1.1847992E-10    9.7087010E-12
    9.5000000E-01   -1.0192204E-14   -4.0269237E-11   -1.6531411E-10   -3.3293513E-11    1.1864923E-10    9.7159787E-12
    1.0500000E+00   -8.7879015E-15   -4.0286320E-11   -1.6565534E-10   -3.3376393E-11    1.1882449E-10    9.7244328E-12
    1.1500000E+00   -7.3807928E-15   -4.0303394E-11   -1.6599703E-10   -3.3459403E-11    1.1900491E-10    9.7339216E-12
    1.2500000E+00   -5.9708942E-15   -4.0320457E-11   -1.6633916E-10   -3.3542538E-11    1.1918982E-10    9.7443243E-12
    1.3500000E+00   -4.5582234E-15   -4.0337508E-11   -1.6668174E-10   -3.3625797E-11    1.1937868E-10    9.7555362E-12
    1.4500000E+00   -3.1427960E-15   -4.0354544E-11   -1.6702473E-10   -3.3709175E-11    1.1957101E-10    9.7674663E-12
    1.5500000E+00   -1.7246258E-15   -4.0371563E-11   -1.6736814E-10   -3.3792672E-11    1.1976642E-10    9.7800351E-12
    1.6500000E+00   -3.0372371E-16   -4.0388564E-11   -1.6771195E-10   -3.3876284E-11    1.1996456E-10    9.7931733E-12
    1.7500000E+00    0.0000000E+00   -4.0405544E-11   -1.6805616E-10   -3.3960009E-11    1.2016514E-10    9.8068200E-12
    1.8500000E+00    0.0000000E+00   -4.0422502E-11   -1.6840076E-10   -3.4043848E-11    1.2036790E-10    9.8209217E-12
    1.9500000E+00    0.0000000E+00   -4.0439434E-11   -1.6874575E-10   -3.4127797E-11    1.2057261E-10    9.8354312E-12
    2.0500000E+00    0.0000000E+00   -4.0456341E-11   -1.6909111E-10   -3.4211856E-11    1.2077910E-10    9.8503071E-12
    2.1500000E+00    0.0000000E+00   -4.0473218E-11   -1.6943685E-10   -3.4296024E-11    1.2098718E-10    9.8655127E-12
    2.2500000E+00    0.0000000E+00   -4.0490065E-11   -1.6978297E-10   -3.4380300E-11    1.2119672E-10    9.8810155E-12
    2.3500000E+00    0.0000000E+00   -4.0506879E-11   -1.7012945E-10   -3.4464683E-11    1.2140758E-10    9.8967867E-12
    2.4500000E+00    0.0000000E+00   -4.0523658E-11   -1.7047630E-10   -3.4549173E-11    1.2161965E-10    9.9128008E-12
    2.5500000E+00    0.0000000E+00   -4.0540400E-11   -1.7082351E-10   -3.4633769E-11    1.2183283E-10    9.9290350E-12
    2.6500000E+00    0.0000000E+00   -4.0557102E-11   -1.7117109E-10   -3.4718470E-11    1.2204703E-10    9.9454690E-12
    2.7500000E+00    0.0000000E+00   -4.0573762E-11   -1.7151902E-10   -3.4803277E-11    1.2226217E-10    9.9620849E-12
    2.8500000E+00    0.0000000E+00   -4.0590379E-11   -1.7186732E-10   -3.4888189E-11    1.2247818E-10    9.9788665E-12
    2.9500000E+00    0.0000000E+00   -4.0606948E-11   -1.7221597E-10   -3.4973206E-11    1.2269500E-10    9.9957993E-12
    3.0500000E+00    0.0000000E+00   -4.0623469E-11   -1.7256499E-10   -3.5058327E-11    1.2291258E-10    1.0012870E-11
    3.1500000E+00    0.0000000E+00   -4.0639939E-11   -1.7291435E-10   -3.5143552E-11    1.2313085E-10    1.0030068E-11
    3.2500000E+00    0.0000000E+00   -4.0656354E-11   -1.7326408E-10   -3.5228882E-11    1.2334979E-10    1.0047383E-11
    3.3500000E+00    0.0000000E+00   -4.0672713E-11   -1.7361416E-10   -3.5314316E-11    1.2356934E-10    1.0064804E-11
    3.4500000E+00    0.0000000E+00   -4.0689012E-11   -1.7396460E-10   -3.5399854E-11    1.2378947E-10    1.0082324E-11
    3.5500000E+00    0.0000000E+00   -4.0705249E-11   -1.7431539E-10   -3.5485495E-11    1.2401015E-10    1.0099935E-11
    3.6500000E+00    0.0000000E+00   -4.0721421E-11   -1.7466654E-10   -3.5571241E-11    1.2423135E-10    1.0117631E-11
    3.7500000E+00    0.0000000E+00   -4.0737526E-11   -1.7501804E-10   -3.5657090E-11    1.2445303E-10    1.0135404E-11
    3.8500000E+00    0.0000000E+00   -4.0753559E-11   -1.7536989E-10   -3.5743043E-11    1.2467518E-10    1.0153250E-11
    3.9500000E+00    0.0000000E+00   -4.0769518E-11   -1.7572210E-10   -3.5829100E-11    1.2489778E-10    1.0171163E-11
    4.0500000E+00    0.0000000E+00   -4.0785401E-11   -1.7607466E-10   -3.5915260E-11    1.2512079E-10    1.0189139E-11
    4.1500000E+00    0.0000000E+00   -4.0801203E-11   -1.7642758E-10   -3.6001524E-11    1.2534421E-10    1.0207174E-11
    4.2500000E+00    0.0000000E+00   -4.0816921E-11   -1.7678085E-10   -3.6087892E-11    1.2556801E-10    1.0225263E-11
    4.3500000E+00    0.0000000E+00   -4.0832553E-11   -1.7713448E-10   -3.6174363E-11    1.2579218E-10    1.0243404E-11
    4.4500000E+00    0.0000000E+00   -4.0848094E-11   -1.7748845E-10   -3.6260938E-11    1.2601670E-10    1.0261594E-11
    4.5500000E+00    0.0000000E+00   -4.0863541E-11   -1.7784279E-10   -3.6347616E-11    1.2624156E-10    1.0279828E-11
    4.6500000E+00    0.0000000E+00   -4.0878891E-11   -1.7819747E-10   -3.6434398E-11    1.2646675E-10    1.0298106E-11
    4.7500000E+00    0.0000000E+00   -4.0894139E-11   -1.7855251E-10   -3.6521284E-11    1.2669226E-10    1.0316424E-11
    4.8500000E+00    0.0000000E+00   -4.0909282E-11   -1.7890790E-10   -3.6608273E-11    1.2691806E-10    1.0334780E-11
    4.9500000E+00    0.0000000E+00   -4.0924316E-11   -1.7926365E-10   -3.6695366E-11    1.2714416E-10    1.0353172E-11
    5.0500000E+00    0.0000000E+00   -4.0939237E-11   -1.7961975E-10   -3.6782562E-11    1.2737055E-10    1.0371598E-11
    5.1500000E+00    0.0000000E+00   -4.0954041E-11   -1.7997620E-10   -3.6869862E-11    1.2759721E-10    1.0390057E-11
    5.2500000E+00    0.0000000E+00   -4.0968724E-11   -1.8033301E-10   -3.6957266E-11    1.2782413E-10    1.0408547E-11
    5.3500000E+00    0.0000000E+00   -4.0983280E-11   -1.8069017E-10   -3.7044773E-11    1.2805131E-10    1.0427067E-11
    5.4500000E+00    0.0000000E+00   -4.0997707E-11   -1.8104769E-10   -3.7132384E-11    1.2827874E-10    1.0445615E-11
    5.5500000E+00    0.0000000E+00   -4.1011999E-11   -1.8140555E-10   -3.7220098E-11    1.2850641E-10    1.0464189E-11
    5.6500000E+00    0.0000000E+00   -4.1026152E-11   -1.8176378E-10   -3.7307916E-11    1.2873431E-10    1.0482790E-11
    5.7500000E+00    0.0000000E+00   -4.1040161E-11   -1.8212235E-10   -3.7395837E-11    1.2896244E-10    1.0501415E-11
    5.8500000E+00    0.0000000E+00   -4.1054021E-11   -1.8248128E-10   -3.7483862E-11    1.2919080E-10    1.0520063E-11
    5.9500000E+00    0.0000000E+00   -4.1067728E-11   -1.8284056E-10   -3.7571990E-11    1.2941937E-10    1.0538735E-11
    6.0500000E+00    0.0000000E+00   -4.1081275E-11   -1.8320020E-10   -3.7660222E-11    1.2964815E-10    1.0557428E-11
    6.1500000E+00    0.0000000E+00   -4.1094659E-11   -1.8356019E-10   -3.7748558E-11    1.2987713E-10    1.0576142E-11
    6.2500000E+00    0.0000000E+00   -4.1107873E-11   -1.8392053E-10   -3.7836997E-11    1.3010631E-10    1.0594876E-11
    6.3500000E+00    0.0000000E+00   -4.1120913E-11   -1.8428123E-10   -3.7925540E-11    1.3033568E-10    1.0613630E-11
    6.4500000E+00    0.0000000E+00   -4.1133772E-11   -1.8464228E-10   -3.8014186E-11    1.3056524E-10    1.0632402E-11
    6.5500000E+00    0.0000000E+00   -4.1146445E-11   -1.8500368E-10   -3.8102936E-11    1.3079498E-10    1.0651192E-11
    6.6500000E+00    0.0000000E+00   -4.1158927E-11   -1.8536544E-10   -3.8191790E-11    1.3102490E-10    1.0670000E-11
    6.7500000E+00    0.0000000E+00   -4.1171210E-11   -1.8572755E-10   -3.8280747E-11    1.3125499E-10    1.0688824E-11
    6.8500000E+00    0.0000000E+00   -4.1183290E-11   -1.8609001E-10   -3.8369807E-11    1.3148525E-10    1.0707664E-11
    6.9500000E+00    0.0000000E+00   -4.1195159E-11   -1.8645283E-10   -3.8458972E-11    1.3171566E-10    1.0726520E-11
    7.0500000E+00    0.0000000E+00   -4.1206812E-11   -1.8681600E-10   -3.8548239E-11    1.3194624E-10    1.0745391E-11
    7.1500000E+00    0.0000000E+00   -4.1218242E-11   -1.8717953E-10   -3.8637611E-11    1.3217697E-10    1.0764276E-11
    7.2500000E+00    0.0000000E+00   -4.1229442E-11   -1.8754341E-10   -3.8727086E-11    1.3240784E-10    1.0783176E-11
    7.3500000E+00    0.0000000E+00   -4.1240406E-11   -1.8790764E-10   -3.8816664E-11    1.3263886E-10    1.0802088E-11
    7.4500000E+00    0.0000000E+00   -4.1251126E-11   -1.8827222E-10   -3.8906346E-11    1.3287002E-10    1.0821014E-11
    7.5500000E+00    0.0000000E+00   -4.1261596E-11   -1.8863716E-10   -3.8996132E-11    1.3310131E-10    1.0839952E-11
    7.6500000E+00    0.0000000E+00   -4.1271807E-11   -1.8900246E-10   -3.9086021E-11    1.3333274E-10    1.0858902E-11
    7.7500000E+00    0.0000000E+00   -4.1281754E-11   -1.8936810E-10   -3.9176014E-11    1.3356428E-10    1.0877864E-11
    7.8500000E+00    0.0000000E+00   -4.1291427E-11   -1.8973410E-10   -3.9266110E-11    1.3379595E-10    1.0896836E-11
    7.9500000E+00    0.0000000E+00   -4.1300819E-11   -1.9010046E-10   -3.9356310E-11    1.3402773E-10    1.0915819E-11
    8.0500000E+00    0.0000000E+00   -4.1309923E-11   -1.9046716E-10   -3.9446613E-11    1.3425962E-10    1.0934813E-11
    8.1500000E+00    0.0000000E+00   -4.1318730E-11   -1.9083422E-10   -3.9537020E-11    1.3449162E-10    1.0953816E-11
    8.2500000E+00    0.0000000E+00   -4.1327231E-11   -1.9120164E-10   -3.9627531E-11    1.3472372E-10    1.0972828E-11
    8.3500000E+00    0.0000000E+00   -4.1335419E-11   -1.9156940E-10   -3.9718145E-11    1.3495592E-10    1.0991850E-11
    8.4500000E+00    0.0000000E+00   -4.1343285E-11   -1.9193753E-10   -3.9808863E-11    1.3518821E-10    1.1010879E-11
    8.5500000E+00    0.0000000E+00   -4.1350819E-11   -1.9230600E-10   -3.9899684E-11    1.3542058E-10    1.1029917E-11
    8.6500000E+00    0.0000000E+00   -4.1358013E-11   -1.9267483E-10   -3.9990609E-11    1.3565304E-10    1.1048962E-11
    8.7500000E+00    0.0000000E+00   -4.1364857E-11   -1.9304401E-10   -4.0081637E-11    1.3588558E-10    1.1068014E-11
    8.8500000E+00    0.0000000E+00   -4.1371342E-11   -1.9341355E-10   -4.0172769E-11    1.3611819E-10    1.1087073E-11
    8.9500000E+00    0.0000000E+00   -4.1377458E-11   -1.9378343E-10   -4.0264005E-11    1.3635086E-10    1.1106138E-11
    9.0500000E+00    0.0000000E+00   -4.1383196E-11   -1.9415368E-10   -4.0355344E-11    1.3658360E-10    1.1125209E-11
    9.1500000E+00    0.0000000E+00   -4.1388545E-11   -1.9452427E-10   -4.0446787E-11    1.3681640E-10    1.1144286E-11
    9.2500000E+00    0.0000000E+00   -4.1393494E-11   -1.9489522E-10   -4.0538333E-11    1.3704924E-10    1.1163367E-11
    9.3500000E+00    0.0000000E+00   -4.1398034E-11   -1.9526652E-10   -4.0629983E-11    1.3728214E-10    1.1182452E-11
    9.4500000E+00    0.0000000E+00   -4.1402154E-11   -1.9563818E-10   -4.0721737E-11    1.3751507E-10    1.1201542E-11
    9.5500000E+00    0.0000000E+00   -4.1405842E-11   -1.9601019E-10   -4.0813594E-11    1.3774804E-10    1.1220635E-11
    9.6500000E+00    0.0000000E+00   -4.1409088E-11   -1.9638255E-10   -4.0905554E-11    1.3798104E-10    1.1239731E-11
    9.7500000E+00    0.0000000E+00   -4.1411879E-11   -1.9675527E-10   -4.0997618E-11    1.3821406E-10    1.1258829E-11
    9.8500000E+00    0.0000000E+00   -4.1414205E-11   -1.9712834E-10   -4.1089786E-11    1.3844710E-10    1.1277930E-11
    9.9500000E+00    0.0000000E+00   -4.1416052E-11   -1.9750177E-10   -4.1182057E-11    1.3868016E-10    1.1297032E-11
    1.0050000E+01    0.0000000E+00   -4.1417410E-11   -1.9787554E-10   -4.1274432E-11    1.3891322E-10    1.1316136E-11
    1.0150000E+01    0.0000000E+00   -4.1418265E-11   -1.9824967E-10   -4.1366911E-11    1.3914628E-10    1.1335240E-11
    1.0250000E+01    0.0000000E+00   -4.1418604E-11   -1.9862416E-10   -4.1459493E-11    1.3937933E-10    1.1354344E-11
    1.0350000E+01    0.0000000E+00   -4.1418415E-11   -1.9899900E-10   -4.1552178E-11    1.3961238E-10    1.1373447E-11
    1.0450000E+01    0.0000000E+00   -4.1417684E-11   -1.9937419E-10   -4.1644967E-11    1.3984540E-10    1.1392550E-11
    1.0550000E+01    0.0000000E+00   -4.1416399E-11   -1.9974973E-10   -4.1737860E-11    1.4007840E-10    1.1411651E-11
    1.0650000E+01    0.0000000E+00   -4.1414543E-11   -2.0012563E-10   -4.1830856E-11    1.4031137E-10    1.1430750E-11
    1.0750000E+01    0.0000000E+00   -4.1412105E-11   -2.0050188E-10   -4.1923956E-11    1.4054430E-10    1.1449846E-11
    1.0850000E+01    0.0000000E+00   -4.1409068E-11   -2.0087849E-10   -4.2017160E-11    1.4077718E-10    1.1468940E-11
    1.0950000E+01    0.0000000E+00   -4.1405419E-11   -2.0125545E-10   -4.2110467E-11    1.4101002E-10    1.1488029E-11
    1.1050000E+01    0.0000000E+00   -4.1401143E-11   -2.0163276E-10   -4.2203877E-11    1.4124279E-10    1.1507114E-11
    1.1150000E+01    0.0000000E+00   -4.1396223E-11   -2.0201043E-10   -4.2297391E-11    1.4147549E-10    1.1526194E-11
    1.1250000E+01    0.0000000E+00   -4.1390644E-11   -2.0238845E-10   -4.2391009E-11    1.4170812E-10    1.1545269E-11
    1.1350000E+01    0.0000000E+00   -4.1384390E-11   -2.0276682E-10   -4.2484730E-11    1.4194067E-10    1.1564338E-11
    1.1450000E+01    0.0000000E+00   -4.1377444E-11   -2.0314554E-10   -4.2578555E-11    1.4217313E-10    1.1583399E-11
    1.1550000E+01    0.0000000E+00   -4.1369791E-11   -2.0352462E-10   -4.2672484E-11    1.4240549E-10    1.1602454E-11
    1.1650000E+01    0.0000000E+00   -4.1361412E-11   -2.0390406E-10   -4.2766516E-11    1.4263774E-10    1.1621500E-11
    1.1750000E+01    0.0000000E+00   -4.1352291E-11   -2.0428384E-10   -4.2860651E-11    1.4286988E-10    1.1640537E-11
    1.1850000E+01    0.0000000E+00   -4.1342408E-11   -2.0466398E-10   -4.2954891E-11    1.4310190E-10    1.1659565E-11
    1.1950000E+01    0.0000000E+00   -4.1331747E-11   -2.0504448E-10   -4.3049233E-11    1.4333379E-10    1.1678583E-11
    1.2050000E+01    0.0000000E+00   -4.1320289E-11   -2.0542533E-10   -4.3143680E-11    1.4356554E-10    1.1697590E-11
    1.2150000E+01    0.0000000E+00   -4.1308014E-11   -2.0580653E-10   -4.3238229E-11    1.4379713E-10    1.1716586E-11
    1.2250000E+01    0.0000000E+00   -4.1294903E-11   -2.0618808E-10   -4.3332883E-11    1.4402857E-10    1.1735569E-11
    1.2350000E+01    0.0000000E+00   -4.1280936E-11   -2.0656999E-10   -4.3427640E-11    1.4425985E-10    1.1754539E-11
    1.2450000E+01    0.0000000E+00   -4.1266094E-11   -2.0695225E-10   -4.3522501E-11    1.4449094E-10    1.1773496E-11
    1.2550000E+01    0.0000000E+00   -4.1250355E-11   -2.0733486E-10   -4.3617465E-11    1.4472185E-10    1.1792438E-11
    1.2650000E+01    0.0000000E+00   -4.1233698E-11   -2.0771783E-10   -4.3712532E-11    1.4495257E-10    1.1811364E-11
    1.2750000E+01    0.0000000E+00   -4.1216101E-11   -2.0810115E-10   -4.3807704E-11    1.4518308E-10    1.1830274E-11
    1.2850000E+01    0.0000000E+00   -4.1197544E-11   -2.0848483E-10   -4.3902979E-11    1.4541337E-10    1.1849167E-11
    1.2950000E+01    0.0000000E+00   -4.1178002E-11   -2.0886885E-10   -4.3998357E-11    1.4564343E-10    1.1868043E-11
    1.3050000E+01    0.0000000E+00   -4.1157454E-11   -2.0925324E-10   -4.4093839E-11    1.4587325E-10    1.1886899E-11
    1.3150000E+01    0.0000000E+00   -4.1135876E-11   -2.0963797E-10   -4.4189425E-11    1.4610283E-10    1.1905736E-11
    1.3250000E+01    0.0000000E+00   -4.1113243E-11   -2.1002306E-10   -4.4285114E-11    1.4633215E-10    1.1924553E-11
    1.3350000E+01    0.0000000E+00   -4.1089531E-11   -2.1040850E-10   -4.4380907E-11    1.4656119E-10    1.1943347E-11
    1.3450000E+01    0.0000000E+00   -4.1064716E-11   -2.1079430E-10   -4.4476803E-11    1.4678996E-10    1.1962120E-11
    1.3550000E+01    0.0000000E+00   -4.1038771E-11   -2.1118045E-10   -4.4572803E-11    1.4701842E-10    1.1980869E-11
    1.3650000E+01    0.0000000E+00   -4.1011671E-11   -2.1156695E-10   -4.4668906E-11    1.4724658E-10    1.1999594E-11
    1.3750000E+01    0.0000000E+00   -4.0983388E-11   -2.1195380E-10   -4.4765113E-11    1.4747442E-10    1.2018294E-11
    1.3850000E+01    0.0000000E+00   -4.0953896E-11   -2.1234101E-10   -4.4861424E-11    1.4770193E-10    1.2036967E-11
    1.3950000E+01    0.0000000E+00   -4.0923166E-11   -2.1272857E-10   -4.4957838E-11    1.4792909E-10    1.2055612E-11
    1.4050000E+01    0.0000000E+00   -4.0891170E-11   -2.1311649E-10   -4.5054356E-11    1.4815589E-10    1.2074230E-11
    1.4150000E+01    0.0000000E+00   -4.0857879E-11   -2.1350476E-10   -4.5150977E-11    1.4838232E-10    1.2092817E-11
    1.4250000E+01    0.0000000E+00   -4.0823262E-11   -2.1389338E-10   -4.5247702E-11    1.4860837E-10    1.2111374E-11
    1.4350000E+01    0.0000000E+00   -4.0787290E-11   -2.1428236E-10   -4.5344531E-11    1.4883401E-10    1.2129899E-11
    1.4450000E+01    0.0000000E+00   -4.0749931E-11   -2.1467168E-10   -4.5441463E-11    1.4905924E-10    1.2148391E-11
    1.4550000E+01    0.0000000E+00   -4.0711153E-11   -2.1506137E-10   -4.5538498E-11    1.4928404E-10    1.2166849E-11
    1.4650000E+01    0.0000000E+00   -4.0670923E-11   -2.1545140E-10   -4.5635638E-11    1.4950839E-10    1.2185272E-11
    1.4750000E+01    0.0000000E+00   -4.0629207E-11   -2.1584179E-10   -4.5732880E-11    1.4973228E-10    1.2203657E-11
    1.4850000E+01    0.0000000E+00   -4.0585972E-11   -2.1623253E-10   -4.5830227E-11    1.4995570E-10    1.2222005E-11
    1.4950000E+01    0.0000000E+00   -4.0541182E-11   -2.1662363E-10   -4.5927677E-11    1.5017862E-10    1.2240313E-11
    1.5050000E+01    0.0000000E+00   -4.0494801E-11   -2.1701508E-10   -4.6025230E-11    1.5040103E-10    1.2258581E-11
    1.5150000E+01    0.0000000E+00   -4.0446791E-11   -2.1740688E-10   -4.6122887E-11    1.5062292E-10    1.2276806E-11
    1.5250000E+01    0.0000000E+00   -4.0397116E-11   -2.1779904E-10   -4.6220648E-11    1.5084426E-10    1.2294988E-11
    1.5350000E+01    0.0000000E+00   -4.0345736E-11   -2.1819155E-10   -4.6318512E-11    1.5106504E-10    1.2313126E-11
    1.5450000E+01    0.0000000E+00   -4.0292610E-11   -2.1858441E-10   -4.6416480E-11    1.5128523E-10    1.2331216E-11
    1.5550000E+01    0.0000000E+00   -4.0237698E-11   -2.1897762E-10   -4.6514551E-11    1.5150483E-10    1.2349259E-11
    1.5650000E+01    0.0000000E+00   -4.0180957E-11   -2.1937119E-10   -4.6612726E-11    1.5172380E-10    1.2367252E-11
    1.5750000E+01    0.0000000E+00   -4.0122345E-11   -2.1976511E-10   -4.6711005E-11    1.5194213E-10    1.2385194E-11
    1.5850000E+01    0.0000000E+00   -4.0061815E-11   -2.2015939E-10   -4.6809387E-11    1.5215981E-10    1.2403083E-11
    1.5950000E+01    0.0000000E+00   -3.9999322E-11   -2.2055402E-10   -4.6907872E-11    1.5237680E-10    1.2420918E-11
    1.6050000E+01    0.0000000E+00   -3.9934818E-11   -2.2094900E-10   -4.7006462E-11    1.5259308E-10    1.2438695E-11
    1.6150000E+01    0.0000000E+00   -3.9868254E-11   -2.2134433E-10   -4.7105154E-11    1.5280864E-10    1.2456415E-11
    1.6250000E+01    0.0000000E+00   -3.9799579E-11   -2.2174002E-10   -4.7203951E-11    1.5302344E-10    1.2474075E-11
    1.6350000E+01    0.0000000E+00   -3.9728740E-11   -2.2213606E-10   -4.7302851E-11    1.5323747E-10    1.2491672E-11
    1.6450000E+01    0.0000000E+00   -3.9655682E-11   -2.2253246E-10   -4.7401854E-11    1.5345069E-10    1.2509205E-11
    1.6550000E+01    0.0000000E+00   -3.9580349E-11   -2.2292921E-10   -4.7500961E-11    1.5366309E-10    1.2526672E-11
    1.6650000E+01    0.0000000E+00   -3.9502682E-11   -2.2332631E-10   -4.7600172E-11    1.5387463E-10    1.2544071E-11
    1.6750000E+01    0.0000000E+00   -3.9422617E-11   -2.2372376E-10   -4.7699486E-11    1.5408529E-10    1.2561398E-11
    1.6850000E+01    0.0000000E+00   -3.9340092E-11   -2.2412157E-10   -4.7798904E-11    1.5429504E-10    1.2578652E-11
    1.6950000E+01    0.0000000E+00   -3.9255039E-11   -2.2451973E-10   -4.7898426E-11    1.5450383E-10    1.2595830E-11
    1.7050000E+01    0.0000000E+00   -3.9167386E-11   -2.2491824E-10   -4.7998051E-11    1.5471165E-10    1.2612930E-11
    1.7150000E+01    0.0000000E+00   -3.9077058E-11   -2.2531711E-10   -4.8097779E-11    1.5491846E-10    1.2629949E-11
    1.7250000E+01    0.0000000E+00   -3.8983977E-11   -2.2571633E-10   -4.8197611E-11    1.5512421E-10    1.2646883E-11
    1.7350000E+01    0.0000000E+00   -3.8888057E-11   -2.2611590E-10   -4.8297547E-11    1.5532888E-10    1.2663730E-11
    1.7450000E+01    0.0000000E+00   -3.8789209E-11   -2.2651583E-10   -4.8397586E-11    1.5553241E-10    1.2680485E-11
    1.7550000E+01    0.0000000E+00   -3.8687336E-11   -2.2691611E-10   -4.8497729E-11    1.5573477E-10    1.2697147E-11
    1.7650000E+01    0.0000000E+00   -3.8582334E-11   -2.2731674E-10   -4.8597976E-11    1.5593590E-10    1.2713710E-11
    1.7750000E+01    0.0000000E+00   -3.8474089E-11   -2.2771772E-10   -4.8698326E-11    1.5613575E-10    1.2730170E-11
    1.7850000E+01    0.0000000E+00   -3.8362478E-11   -2.2811906E-10   -4.8798779E-11    1.5633427E-10    1.2746523E-11
    1.7950000E+01    0.0000000E+00   -3.8247364E-11   -2.2852075E-10   -4.8899336E-11    1.5653139E-10    1.2762763E-11
    1.8050000E+01    0.0000000E+00   -3.8128594E-11   -2.2892280E-10   -4.8999997E-11    1.5672704E-10    1.2778885E-11
    1.8150000E+01    0.0000000E+00   -3.8005998E-11   -2.2932519E-10   -4.9100761E-11    1.5692114E-10    1.2794882E-11
    1.8250000E+01    0.0000000E+00   -3.7879381E-11   -2.2972794E-10   -4.9201629E-11    1.5711359E-10    1.2810747E-11
    1.8350000E+01    0.0000000E+00   -3.7748521E-11   -2.3013104E-10   -4.9302601E-11    1.5730431E-10    1.2826472E-11
    1.8450000E+01    0.0000000E+00   -3.7613157E-11   -2.3053450E-10   -4.9403676E-11    1.5749315E-10    1.2842046E-11
    1.8550000E+01    0.0000000E+00   -3.7472980E-11   -2.3093831E-10   -4.9504855E-11    1.5767999E-10    1.2857459E-11
    1.8650000E+01    0.0000000E+00   -3.7327622E-11   -2.3134247E-10   -4.9606137E-11    1.5786464E-10    1.2872695E-11
    1.8750000E+01    0.0000000E+00   -3.7176629E-11   -2.3174698E-10   -4.9707522E-11    1.5804690E-10    1.2887737E-11
    1.8850000E+01    0.0000000E+00   -3.7019433E-11   -2.3215185E-10   -4.9809012E-11    1.5822649E-10    1.2902565E-11
    1.8950000E+01    0.0000000E+00   -3.6855308E-11   -2.3255706E-10   -4.9910605E-11    1.5840308E-10    1.2917150E-11
    1.9050000E+01    0.0000000E+00   -3.6683301E-11   -2.3296263E-10   -5.0012301E-11    1.5857622E-10    1.2931456E-11
    1.9150000E+01    0.0000000E+00   -3.6502117E-11   -2.3336856E-10   -5.0114101E-11    1.5874531E-10    1.2945434E-11
    1.9250000E+01    0.0000000E+00   -3.6309943E-11   -2.3377483E-10   -5.0216005E-11    1.5890948E-10    1.2959013E-11
    1.9350000E+01    0.0000000E+00   -3.6104118E-11   -2.3418145E-10   -5.0318012E-11    1.5906748E-10    1.2972093E-11
    1.9450000E+01    0.0000000E+00   -3.5880537E-11   -2.3458843E-10   -5.0420123E-11    1.5921738E-10    1.2984514E-11
    1.9550000E+01    0.0000000E+00   -3.5632419E-11   -2.3499575E-10   -5.0522337E-11    1.5935595E-10    1.2996017E-11
    1.9650000E+01    0.0000000E+00   -3.5347541E-11   -2.3540342E-10   -5.0624655E-11    1.5947741E-10    1.3006127E-11
    1.9750000E+01    0.0000000E+00   -3.5000857E-11   -2.3581143E-10   -5.0727077E-11    1.5956982E-10    1.3013874E-11
    1.9850000E+01    0.0000000E+00   -3.4499823E-11   -2.3621977E-10   -5.0829602E-11    1.5958959E-10    1.3015705E-11
    1.9950000E+01    0.0000000E+00    0.0000000E+00   -2.3662299E-10   -5.0932231E-11    1.4414394E-10    1.1756288E-11
