# Time          2.5000E+00
# Units: Mol/m**3 Porous Medium/s
    Distance           Quartz           K-Feldspar_Li    Oligoclase_Li    Biotite_Li       Kaolinite_Li7    Kaolinite_Li6
    5.0000000E-02   -4.1536892E-14   -4.0116702E-11   -1.6226745E-10   -3.2554263E-11   -9.3778447E-11   -7.7575187E-12
    1.5000000E-01   -3.2692906E-14   -4.0133610E-11   -1.6260346E-10   -3.2635729E-11    1.3830650E-10    1.1418589E-11
    2.5000000E-01   -2.5531845E-14   -4.0150302E-11   -1.6294018E-10   -3.2717381E-11    1.2403252E-10    1.0228248E-11
    3.5000000E-01   -2.1080761E-14   -4.0167055E-11   -1.6327757E-10   -3.2799212E-11    1.1942235E-10    9.8373702E-12
    4.5000000E-01   -1.8442712E-14   -4.0183978E-11   -1.6361559E-10   -3.2881213E-11    1.1835861E-10    9.7390630E-12
    5.5000000E-01   -1.6636233E-14   -4.0201015E-11   -1.6395420E-10   -3.2963375E-11    1.1818344E-10    9.7143107E-12
    6.5000000E-01   -1.5126346E-14   -4.0218101E-11   -1.6429339E-10   -3.3045692E-11    1.1824396E-10    9.7096735E-12
    7.5000000E-01   -1.3702771E-14   -4.0235203E-11   -1.6463312E-10   -3.3128158E-11    1.1837339E-10    9.7115817E-12
    8.5000000E-01   -1.2299171E-14   -4.0252307E-11   -1.6497337E-10   -3.3210767E-11    1.1852611E-10    9.7162821E-12
    9.5000000E-01   -1.0897867E-14   -4.0269408E-11   -1.6531411E-10   -3.3293513E-11    1.1868965E-10    9.7226827E-12
    1.0500000E+00   -9.4947618E-15   -4.0286503E-11   -1.6565534E-10   -3.3376393E-11    1.1886040E-10    9.7304064E-12
    1.1500000E+00   -8.0890271E-15   -4.0303591E-11   -1.6599703E-10   -3.3459403E-11    1.1903699E-10    9.7392603E-12
    1.2500000E+00   -6.6805244E-15   -4.0320668E-11   -1.6633916E-10   -3.3542538E-11    1.1921858E-10    9.7491048E-12
    1.3500000E+00   -5.2692458E-15   -4.0337734E-11   -1.6668174E-10   -3.3625797E-11    1.1940453E-10    9.7598241E-12
    1.4500000E+00   -3.8552038E-15   -4.0354785E-11   -1.6702473E-10   -3.3709175E-11    1.1959432E-10    9.7713184E-12
    1.5500000E+00   -2.4384124E-15   -4.0371821E-11   -1.6736814E-10   -3.3792672E-11    1.1978749E-10    9.7835010E-12
    1.6500000E+00   -1.0188838E-15   -4.0388839E-11   -1.6771195E-10   -3.3876284E-11    1.1998365E-10    9.7962961E-12
    1.7500000E+00    0.0000000E+00   -4.0405837E-11   -1.6805616E-10   -3.3960009E-11    1.2018247E-10    9.8096375E-12
    1.8500000E+00    0.0000000E+00   -4.0422813E-11   -1.6840076E-10   -3.4043848E-11    1.2038367E-10    9.8234671E-12
    1.9500000E+00    0.0000000E+00   -4.0439765E-11   -1.6874575E-10   -3.4127797E-11    1.2058701E-10    9.8377337E-12
    2.0500000E+00    0.0000000E+00   -4.0456692E-11   -1.6909111E-10   -3.4211856E-11    1.2079226E-10    9.8523925E-12
    2.1500000E+00    0.0000000E+00   -4.0473591E-11   -1.6943685E-10   -3.4296024E-11    1.2099924E-10    9.8674038E-12
    2.2500000E+00    0.0000000E+00   -4.0490460E-11   -1.6978297E-10   -3.4380300E-11    1.2120779E-10    9.8827323E-12
    2.3500000E+00    0.0000000E+00   -4.0507297E-11   -1.7012945E-10   -3.4464683E-11    1.2141776E-10    9.8983471E-12
    2.4500000E+00    0.0000000E+00   -4.0524100E-11   -1.7047630E-10   -3.4549173E-11    1.2162903E-10    9.9142206E-12
    2.5500000E+00    0.0000000E+00   -4.0540867E-11   -1.7082351E-10   -3.4633769E-11    1.2184149E-10    9.9303282E-12
    2.6500000E+00    0.0000000E+00   -4.0557595E-11   -1.7117109E-10   -3.4718470E-11    1.2205504E-10    9.9466483E-12
    2.7500000E+00    0.0000000E+00   -4.0574283E-11   -1.7151902E-10   -3.4803277E-11    1.2226959E-10    9.9631614E-12
    2.8500000E+00    0.0000000E+00   -4.0590927E-11   -1.7186732E-10   -3.4888189E-11    1.2248507E-10    9.9798502E-12
    2.9500000E+00    0.0000000E+00   -4.0607526E-11   -1.7221597E-10   -3.4973206E-11    1.2270141E-10    9.9966993E-12
    3.0500000E+00    0.0000000E+00   -4.0624078E-11   -1.7256499E-10   -3.5058327E-11    1.2291855E-10    1.0013695E-11
    3.1500000E+00    0.0000000E+00   -4.0640579E-11   -1.7291436E-10   -3.5143552E-11    1.2313643E-10    1.0030824E-11
    3.2500000E+00    0.0000000E+00   -4.0657027E-11   -1.7326408E-10   -3.5228882E-11    1.2335500E-10    1.0048076E-11
    3.3500000E+00    0.0000000E+00   -4.0673420E-11   -1.7361416E-10   -3.5314316E-11    1.2357422E-10    1.0065441E-11
    3.4500000E+00    0.0000000E+00   -4.0689755E-11   -1.7396460E-10   -3.5399854E-11    1.2379406E-10    1.0082910E-11
    3.5500000E+00    0.0000000E+00   -4.0706029E-11   -1.7431539E-10   -3.5485495E-11    1.2401446E-10    1.0100475E-11
    3.6500000E+00    0.0000000E+00   -4.0722240E-11   -1.7466654E-10   -3.5571241E-11    1.2423541E-10    1.0118128E-11
    3.7500000E+00    0.0000000E+00   -4.0738384E-11   -1.7501804E-10   -3.5657090E-11    1.2445687E-10    1.0135863E-11
    3.8500000E+00    0.0000000E+00   -4.0754458E-11   -1.7536989E-10   -3.5743043E-11    1.2467882E-10    1.0153674E-11
    3.9500000E+00    0.0000000E+00   -4.0770460E-11   -1.7572210E-10   -3.5829100E-11    1.2490122E-10    1.0171556E-11
    4.0500000E+00    0.0000000E+00   -4.0786386E-11   -1.7607466E-10   -3.5915260E-11    1.2512407E-10    1.0189503E-11
    4.1500000E+00    0.0000000E+00   -4.0802234E-11   -1.7642758E-10   -3.6001524E-11    1.2534733E-10    1.0207512E-11
    4.2500000E+00    0.0000000E+00   -4.0818000E-11   -1.7678085E-10   -3.6087892E-11    1.2557099E-10    1.0225578E-11
    4.3500000E+00    0.0000000E+00   -4.0833680E-11   -1.7713448E-10   -3.6174363E-11    1.2579503E-10    1.0243697E-11
    4.4500000E+00    0.0000000E+00   -4.0849272E-11   -1.7748845E-10   -3.6260938E-11    1.2601943E-10    1.0261867E-11
    4.5500000E+00    0.0000000E+00   -4.0864771E-11   -1.7784279E-10   -3.6347616E-11    1.2624419E-10    1.0280084E-11
    4.6500000E+00    0.0000000E+00   -4.0880175E-11   -1.7819747E-10   -3.6434398E-11    1.2646928E-10    1.0298345E-11
    4.7500000E+00    0.0000000E+00   -4.0895479E-11   -1.7855251E-10   -3.6521284E-11    1.2669470E-10    1.0316648E-11
    4.8500000E+00    0.0000000E+00   -4.0910680E-11   -1.7890790E-10   -3.6608273E-11    1.2692043E-10    1.0334991E-11
    4.9500000E+00    0.0000000E+00   -4.0925773E-11   -1.7926365E-10   -3.6695366E-11    1.2714646E-10    1.0353371E-11
    5.0500000E+00    0.0000000E+00   -4.0940755E-11   -1.7961975E-10   -3.6782562E-11    1.2737278E-10    1.0371786E-11
    5.1500000E+00    0.0000000E+00   -4.0955623E-11   -1.7997620E-10   -3.6869862E-11    1.2759939E-10    1.0390236E-11
    5.2500000E+00    0.0000000E+00   -4.0970371E-11   -1.8033301E-10   -3.6957266E-11    1.2782626E-10    1.0408717E-11
    5.3500000E+00    0.0000000E+00   -4.0984995E-11   -1.8069017E-10   -3.7044773E-11    1.2805340E-10    1.0427229E-11
    5.4500000E+00    0.0000000E+00   -4.0999491E-11   -1.8104769E-10   -3.7132384E-11    1.2828079E-10    1.0445769E-11
    5.5500000E+00    0.0000000E+00   -4.1013855E-11   -1.8140556E-10   -3.7220098E-11    1.2850843E-10    1.0464338E-11
    5.6500000E+00    0.0000000E+00   -4.1028082E-11   -1.8176378E-10   -3.7307916E-11    1.2873631E-10    1.0482933E-11
    5.7500000E+00    0.0000000E+00   -4.1042168E-11   -1.8212235E-10   -3.7395837E-11    1.2896442E-10    1.0501553E-11
    5.8500000E+00    0.0000000E+00   -4.1056107E-11   -1.8248128E-10   -3.7483862E-11    1.2919276E-10    1.0520198E-11
    5.9500000E+00    0.0000000E+00   -4.1069894E-11   -1.8284056E-10   -3.7571990E-11    1.2942131E-10    1.0538865E-11
    6.0500000E+00    0.0000000E+00   -4.1083525E-11   -1.8320020E-10   -3.7660222E-11    1.2965008E-10    1.0557555E-11
    6.1500000E+00    0.0000000E+00   -4.1096995E-11   -1.8356019E-10   -3.7748558E-11    1.2987906E-10    1.0576267E-11
    6.2500000E+00    0.0000000E+00   -4.1110298E-11   -1.8392053E-10   -3.7836997E-11    1.3010824E-10    1.0594999E-11
    6.3500000E+00    0.0000000E+00   -4.1123429E-11   -1.8428123E-10   -3.7925540E-11    1.3033762E-10    1.0613751E-11
    6.4500000E+00    0.0000000E+00   -4.1136382E-11   -1.8464228E-10   -3.8014186E-11    1.3056718E-10    1.0632522E-11
    6.5500000E+00    0.0000000E+00   -4.1149152E-11   -1.8500368E-10   -3.8102936E-11    1.3079694E-10    1.0651312E-11
    6.6500000E+00    0.0000000E+00   -4.1161733E-11   -1.8536544E-10   -3.8191790E-11    1.3102687E-10    1.0670119E-11
    6.7500000E+00    0.0000000E+00   -4.1174119E-11   -1.8572755E-10   -3.8280747E-11    1.3125697E-10    1.0688943E-11
    6.8500000E+00    0.0000000E+00   -4.1186304E-11   -1.8609001E-10   -3.8369807E-11    1.3148725E-10    1.0707784E-11
    6.9500000E+00    0.0000000E+00   -4.1198282E-11   -1.8645283E-10   -3.8458972E-11    1.3171769E-10    1.0726641E-11
    7.0500000E+00    0.0000000E+00   -4.1210046E-11   -1.8681600E-10   -3.8548239E-11    1.3194829E-10    1.0745513E-11
    7.1500000E+00    0.0000000E+00   -4.1221591E-11   -1.8717953E-10   -3.8637611E-11    1.3217905E-10    1.0764399E-11
    7.2500000E+00    0.0000000E+00   -4.1232909E-11   -1.8754341E-10   -3.8727086E-11    1.3240996E-10    1.0783300E-11
    7.3500000E+00    0.0000000E+00   -4.1243994E-11   -1.8790764E-10   -3.8816664E-11    1.3264101E-10    1.0802215E-11
    7.4500000E+00    0.0000000E+00   -4.1254838E-11   -1.8827222E-10   -3.8906346E-11    1.3287221E-10    1.0821143E-11
    7.5500000E+00    0.0000000E+00   -4.1265436E-11   -1.8863716E-10   -3.8996132E-11    1.3310354E-10    1.0840084E-11
    7.6500000E+00    0.0000000E+00   -4.1275779E-11   -1.8900246E-10   -3.9086021E-11    1.3333501E-10    1.0859036E-11
    7.7500000E+00    0.0000000E+00   -4.1285861E-11   -1.8936810E-10   -3.9176014E-11    1.3356660E-10    1.0878001E-11
    7.8500000E+00    0.0000000E+00   -4.1295673E-11   -1.8973410E-10   -3.9266110E-11    1.3379831E-10    1.0896977E-11
    7.9500000E+00    0.0000000E+00   -4.1305208E-11   -1.9010046E-10   -3.9356310E-11    1.3403014E-10    1.0915964E-11
    8.0500000E+00    0.0000000E+00   -4.1314458E-11   -1.9046716E-10   -3.9446613E-11    1.3426209E-10    1.0934961E-11
    8.1500000E+00    0.0000000E+00   -4.1323415E-11   -1.9083422E-10   -3.9537020E-11    1.3449414E-10    1.0953968E-11
    8.2500000E+00    0.0000000E+00   -4.1332071E-11   -1.9120164E-10   -3.9627531E-11    1.3472630E-10    1.0972985E-11
    8.3500000E+00    0.0000000E+00   -4.1340417E-11   -1.9156941E-10   -3.9718145E-11    1.3495856E-10    1.0992011E-11
    8.4500000E+00    0.0000000E+00   -4.1348446E-11   -1.9193753E-10   -3.9808863E-11    1.3519091E-10    1.1011045E-11
    8.5500000E+00    0.0000000E+00   -4.1356147E-11   -1.9230600E-10   -3.9899684E-11    1.3542336E-10    1.1030088E-11
    8.6500000E+00    0.0000000E+00   -4.1363512E-11   -1.9267483E-10   -3.9990609E-11    1.3565588E-10    1.1049139E-11
    8.7500000E+00    0.0000000E+00   -4.1370532E-11   -1.9304401E-10   -4.0081637E-11    1.3588849E-10    1.1068196E-11
    8.8500000E+00    0.0000000E+00   -4.1377198E-11   -1.9341355E-10   -4.0172769E-11    1.3612117E-10    1.1087261E-11
    8.9500000E+00    0.0000000E+00   -4.1383499E-11   -1.9378343E-10   -4.0264005E-11    1.3635393E-10    1.1106332E-11
    9.0500000E+00    0.0000000E+00   -4.1389427E-11   -1.9415368E-10   -4.0355344E-11    1.3658674E-10    1.1125409E-11
    9.1500000E+00    0.0000000E+00   -4.1394970E-11   -1.9452427E-10   -4.0446787E-11    1.3681962E-10    1.1144492E-11
    9.2500000E+00    0.0000000E+00   -4.1400120E-11   -1.9489522E-10   -4.0538333E-11    1.3705255E-10    1.1163580E-11
    9.3500000E+00    0.0000000E+00   -4.1404865E-11   -1.9526653E-10   -4.0629983E-11    1.3728553E-10    1.1182672E-11
    9.4500000E+00    0.0000000E+00   -4.1409194E-11   -1.9563818E-10   -4.0721737E-11    1.3751855E-10    1.1201769E-11
    9.5500000E+00    0.0000000E+00   -4.1413098E-11   -1.9601019E-10   -4.0813594E-11    1.3775162E-10    1.1220869E-11
    9.6500000E+00    0.0000000E+00   -4.1416564E-11   -1.9638256E-10   -4.0905554E-11    1.3798471E-10    1.1239973E-11
    9.7500000E+00    0.0000000E+00   -4.1419582E-11   -1.9675527E-10   -4.0997618E-11    1.3821783E-10    1.1259079E-11
    9.8500000E+00    0.0000000E+00   -4.1422139E-11   -1.9712834E-10   -4.1089786E-11    1.3845098E-10    1.1278188E-11
    9.9500000E+00    0.0000000E+00   -4.1424225E-11   -1.9750177E-10   -4.1182057E-11    1.3868414E-10    1.1297299E-11
    1.0050000E+01    0.0000000E+00   -4.1425826E-11   -1.9787554E-10   -4.1274432E-11    1.3891730E-10    1.1316410E-11
    1.0150000E+01    0.0000000E+00   -4.1426930E-11   -1.9824967E-10   -4.1366911E-11    1.3915048E-10    1.1335523E-11
    1.0250000E+01    0.0000000E+00   -4.1427525E-11   -1.9862416E-10   -4.1459493E-11    1.3938364E-10    1.1354636E-11
    1.0350000E+01    0.0000000E+00   -4.1427599E-11   -1.9899900E-10   -4.1552178E-11    1.3961680E-10    1.1373749E-11
    1.0450000E+01    0.0000000E+00   -4.1427136E-11   -1.9937419E-10   -4.1644967E-11    1.3984995E-10    1.1392861E-11
    1.0550000E+01    0.0000000E+00   -4.1426126E-11   -1.9974973E-10   -4.1737860E-11    1.4008307E-10    1.1411972E-11
    1.0650000E+01    0.0000000E+00   -4.1424552E-11   -2.0012563E-10   -4.1830856E-11    1.4031617E-10    1.1431081E-11
    1.0750000E+01    0.0000000E+00   -4.1422402E-11   -2.0050188E-10   -4.1923956E-11    1.4054923E-10    1.1450188E-11
    1.0850000E+01    0.0000000E+00   -4.1419661E-11   -2.0087849E-10   -4.2017160E-11    1.4078224E-10    1.1469292E-11
    1.0950000E+01    0.0000000E+00   -4.1416314E-11   -2.0125545E-10   -4.2110467E-11    1.4101521E-10    1.1488393E-11
    1.1050000E+01    0.0000000E+00   -4.1412347E-11   -2.0163276E-10   -4.2203877E-11    1.4124812E-10    1.1507489E-11
    1.1150000E+01    0.0000000E+00   -4.1407745E-11   -2.0201043E-10   -4.2297391E-11    1.4148097E-10    1.1526581E-11
    1.1250000E+01    0.0000000E+00   -4.1402490E-11   -2.0238845E-10   -4.2391009E-11    1.4171375E-10    1.1545667E-11
    1.1350000E+01    0.0000000E+00   -4.1396569E-11   -2.0276682E-10   -4.2484730E-11    1.4194645E-10    1.1564748E-11
    1.1450000E+01    0.0000000E+00   -4.1389964E-11   -2.0314555E-10   -4.2578555E-11    1.4217906E-10    1.1583822E-11
    1.1550000E+01    0.0000000E+00   -4.1382659E-11   -2.0352463E-10   -4.2672484E-11    1.4241158E-10    1.1602889E-11
    1.1650000E+01    0.0000000E+00   -4.1374636E-11   -2.0390406E-10   -4.2766516E-11    1.4264400E-10    1.1621948E-11
    1.1750000E+01    0.0000000E+00   -4.1365879E-11   -2.0428385E-10   -4.2860651E-11    1.4287631E-10    1.1640999E-11
    1.1850000E+01    0.0000000E+00   -4.1356371E-11   -2.0466399E-10   -4.2954891E-11    1.4310849E-10    1.1660041E-11
    1.1950000E+01    0.0000000E+00   -4.1346092E-11   -2.0504448E-10   -4.3049233E-11    1.4334056E-10    1.1679073E-11
    1.2050000E+01    0.0000000E+00   -4.1335024E-11   -2.0542533E-10   -4.3143680E-11    1.4357248E-10    1.1698095E-11
    1.2150000E+01    0.0000000E+00   -4.1323149E-11   -2.0580653E-10   -4.3238229E-11    1.4380426E-10    1.1717105E-11
    1.2250000E+01    0.0000000E+00   -4.1310447E-11   -2.0618808E-10   -4.3332883E-11    1.4403589E-10    1.1736103E-11
    1.2350000E+01    0.0000000E+00   -4.1296899E-11   -2.0656999E-10   -4.3427640E-11    1.4426736E-10    1.1755089E-11
    1.2450000E+01    0.0000000E+00   -4.1282485E-11   -2.0695225E-10   -4.3522501E-11    1.4449865E-10    1.1774061E-11
    1.2550000E+01    0.0000000E+00   -4.1267184E-11   -2.0733487E-10   -4.3617465E-11    1.4472976E-10    1.1793019E-11
    1.2650000E+01    0.0000000E+00   -4.1250975E-11   -2.0771783E-10   -4.3712532E-11    1.4496068E-10    1.1811962E-11
    1.2750000E+01    0.0000000E+00   -4.1233837E-11   -2.0810115E-10   -4.3807704E-11    1.4519140E-10    1.1830889E-11
    1.2850000E+01    0.0000000E+00   -4.1215749E-11   -2.0848483E-10   -4.3902979E-11    1.4542190E-10    1.1849800E-11
    1.2950000E+01    0.0000000E+00   -4.1196687E-11   -2.0886886E-10   -4.3998357E-11    1.4565219E-10    1.1868693E-11
    1.3050000E+01    0.0000000E+00   -4.1176629E-11   -2.0925324E-10   -4.4093839E-11    1.4588224E-10    1.1887568E-11
    1.3150000E+01    0.0000000E+00   -4.1155552E-11   -2.0963797E-10   -4.4189425E-11    1.4611205E-10    1.1906423E-11
    1.3250000E+01    0.0000000E+00   -4.1133432E-11   -2.1002306E-10   -4.4285114E-11    1.4634160E-10    1.1925258E-11
    1.3350000E+01    0.0000000E+00   -4.1110244E-11   -2.1040850E-10   -4.4380907E-11    1.4657089E-10    1.1944073E-11
    1.3450000E+01    0.0000000E+00   -4.1085965E-11   -2.1079430E-10   -4.4476803E-11    1.4679990E-10    1.1962865E-11
    1.3550000E+01    0.0000000E+00   -4.1060568E-11   -2.1118045E-10   -4.4572803E-11    1.4702862E-10    1.1981635E-11
    1.3650000E+01    0.0000000E+00   -4.1034028E-11   -2.1156695E-10   -4.4668906E-11    1.4725703E-10    1.2000381E-11
    1.3750000E+01    0.0000000E+00   -4.1006318E-11   -2.1195381E-10   -4.4765113E-11    1.4748514E-10    1.2019101E-11
    1.3850000E+01    0.0000000E+00   -4.0977412E-11   -2.1234102E-10   -4.4861424E-11    1.4771292E-10    1.2037796E-11
    1.3950000E+01    0.0000000E+00   -4.0947280E-11   -2.1272858E-10   -4.4957838E-11    1.4794035E-10    1.2056464E-11
    1.4050000E+01    0.0000000E+00   -4.0915896E-11   -2.1311649E-10   -4.5054356E-11    1.4816744E-10    1.2075104E-11
    1.4150000E+01    0.0000000E+00   -4.0883231E-11   -2.1350476E-10   -4.5150977E-11    1.4839416E-10    1.2093715E-11
    1.4250000E+01    0.0000000E+00   -4.0849254E-11   -2.1389338E-10   -4.5247702E-11    1.4862050E-10    1.2112296E-11
    1.4350000E+01    0.0000000E+00   -4.0813935E-11   -2.1428236E-10   -4.5344531E-11    1.4884644E-10    1.2130845E-11
    1.4450000E+01    0.0000000E+00   -4.0777244E-11   -2.1467169E-10   -4.5441463E-11    1.4907198E-10    1.2149362E-11
    1.4550000E+01    0.0000000E+00   -4.0739148E-11   -2.1506137E-10   -4.5538498E-11    1.4929709E-10    1.2167845E-11
    1.4650000E+01    0.0000000E+00   -4.0699616E-11   -2.1545141E-10   -4.5635638E-11    1.4952177E-10    1.2186294E-11
    1.4750000E+01    0.0000000E+00   -4.0658613E-11   -2.1584180E-10   -4.5732880E-11    1.4974599E-10    1.2204706E-11
    1.4850000E+01    0.0000000E+00   -4.0616107E-11   -2.1623254E-10   -4.5830227E-11    1.4996975E-10    1.2223081E-11
    1.4950000E+01    0.0000000E+00   -4.0572062E-11   -2.1662363E-10   -4.5927677E-11    1.5019301E-10    1.2241417E-11
    1.5050000E+01    0.0000000E+00   -4.0526441E-11   -2.1701508E-10   -4.6025230E-11    1.5041578E-10    1.2259713E-11
    1.5150000E+01    0.0000000E+00   -4.0479210E-11   -2.1740689E-10   -4.6122887E-11    1.5063802E-10    1.2277968E-11
    1.5250000E+01    0.0000000E+00   -4.0430329E-11   -2.1779904E-10   -4.6220648E-11    1.5085973E-10    1.2296179E-11
    1.5350000E+01    0.0000000E+00   -4.0379761E-11   -2.1819155E-10   -4.6318512E-11    1.5108088E-10    1.2314347E-11
    1.5450000E+01    0.0000000E+00   -4.0327465E-11   -2.1858441E-10   -4.6416480E-11    1.5130146E-10    1.2332468E-11
    1.5550000E+01    0.0000000E+00   -4.0273401E-11   -2.1897763E-10   -4.6514551E-11    1.5152145E-10    1.2350543E-11
    1.5650000E+01    0.0000000E+00   -4.0217527E-11   -2.1937120E-10   -4.6612726E-11    1.5174082E-10    1.2368568E-11
    1.5750000E+01    0.0000000E+00   -4.0159800E-11   -2.1976512E-10   -4.6711005E-11    1.5195957E-10    1.2386543E-11
    1.5850000E+01    0.0000000E+00   -4.0100175E-11   -2.2015940E-10   -4.6809387E-11    1.5217766E-10    1.2404466E-11
    1.5950000E+01    0.0000000E+00   -4.0038607E-11   -2.2055402E-10   -4.6907872E-11    1.5239508E-10    1.2422335E-11
    1.6050000E+01    0.0000000E+00   -3.9975048E-11   -2.2094901E-10   -4.7006462E-11    1.5261180E-10    1.2440148E-11
    1.6150000E+01    0.0000000E+00   -3.9909449E-11   -2.2134434E-10   -4.7105154E-11    1.5282780E-10    1.2457904E-11
    1.6250000E+01    0.0000000E+00   -3.9841761E-11   -2.2174003E-10   -4.7203951E-11    1.5304306E-10    1.2475600E-11
    1.6350000E+01    0.0000000E+00   -3.9771930E-11   -2.2213607E-10   -4.7302851E-11    1.5325755E-10    1.2493235E-11
    1.6450000E+01    0.0000000E+00   -3.9699903E-11   -2.2253247E-10   -4.7401854E-11    1.5347126E-10    1.2510807E-11
    1.6550000E+01    0.0000000E+00   -3.9625624E-11   -2.2292921E-10   -4.7500961E-11    1.5368414E-10    1.2528313E-11
    1.6650000E+01    0.0000000E+00   -3.9549032E-11   -2.2332631E-10   -4.7600172E-11    1.5389618E-10    1.2545751E-11
    1.6750000E+01    0.0000000E+00   -3.9470069E-11   -2.2372377E-10   -4.7699486E-11    1.5410735E-10    1.2563120E-11
    1.6850000E+01    0.0000000E+00   -3.9388669E-11   -2.2412158E-10   -4.7798904E-11    1.5431762E-10    1.2580416E-11
    1.6950000E+01    0.0000000E+00   -3.9304765E-11   -2.2451974E-10   -4.7898426E-11    1.5452695E-10    1.2597637E-11
    1.7050000E+01    0.0000000E+00   -3.9218288E-11   -2.2491825E-10   -4.7998051E-11    1.5473531E-10    1.2614781E-11
    1.7150000E+01    0.0000000E+00   -3.9129163E-11   -2.2531712E-10   -4.8097779E-11    1.5494267E-10    1.2631844E-11
    1.7250000E+01    0.0000000E+00   -3.9037311E-11   -2.2571634E-10   -4.8197611E-11    1.5514900E-10    1.2648824E-11
    1.7350000E+01    0.0000000E+00   -3.8942649E-11   -2.2611591E-10   -4.8297547E-11    1.5535424E-10    1.2665717E-11
    1.7450000E+01    0.0000000E+00   -3.8845088E-11   -2.2651584E-10   -4.8397586E-11    1.5555837E-10    1.2682521E-11
    1.7550000E+01    0.0000000E+00   -3.8744531E-11   -2.2691612E-10   -4.8497729E-11    1.5576134E-10    1.2699232E-11
    1.7650000E+01    0.0000000E+00   -3.8640877E-11   -2.2731675E-10   -4.8597976E-11    1.5596309E-10    1.2715845E-11
    1.7750000E+01    0.0000000E+00   -3.8534012E-11   -2.2771773E-10   -4.8698326E-11    1.5616358E-10    1.2732356E-11
    1.7850000E+01    0.0000000E+00   -3.8423813E-11   -2.2811907E-10   -4.8798779E-11    1.5636275E-10    1.2748762E-11
    1.7950000E+01    0.0000000E+00   -3.8310146E-11   -2.2852076E-10   -4.8899336E-11    1.5656054E-10    1.2765056E-11
    1.8050000E+01    0.0000000E+00   -3.8192860E-11   -2.2892281E-10   -4.8999997E-11    1.5675687E-10    1.2781233E-11
    1.8150000E+01    0.0000000E+00   -3.8071786E-11   -2.2932520E-10   -4.9100761E-11    1.5695167E-10    1.2797287E-11
    1.8250000E+01    0.0000000E+00   -3.7946731E-11   -2.2972795E-10   -4.9201629E-11    1.5714485E-10    1.2813210E-11
    1.8350000E+01    0.0000000E+00   -3.7817474E-11   -2.3013106E-10   -4.9302601E-11    1.5733630E-10    1.2828995E-11
    1.8450000E+01    0.0000000E+00   -3.7683759E-11   -2.3053451E-10   -4.9403676E-11    1.5752591E-10    1.2844630E-11
    1.8550000E+01    0.0000000E+00   -3.7545279E-11   -2.3093832E-10   -4.9504855E-11    1.5771353E-10    1.2860105E-11
    1.8650000E+01    0.0000000E+00   -3.7401670E-11   -2.3134248E-10   -4.9606137E-11    1.5789898E-10    1.2875406E-11
    1.8750000E+01    0.0000000E+00   -3.7252483E-11   -2.3174699E-10   -4.9707522E-11    1.5808207E-10    1.2890516E-11
    1.8850000E+01    0.0000000E+00   -3.7097155E-11   -2.3215186E-10   -4.9809012E-11    1.5826252E-10    1.2905412E-11
    1.8950000E+01    0.0000000E+00   -3.6934970E-11   -2.3255708E-10   -4.9910605E-11    1.5844000E-10    1.2920069E-11
    1.9050000E+01    0.0000000E+00   -3.6764983E-11   -2.3296265E-10   -5.0012301E-11    1.5861407E-10    1.2934449E-11
    1.9150000E+01    0.0000000E+00   -3.6585915E-11   -2.3336857E-10   -5.0114101E-11    1.5878411E-10    1.2948504E-11
    1.9250000E+01    0.0000000E+00   -3.6395971E-11   -2.3377484E-10   -5.0216005E-11    1.5894929E-10    1.2962165E-11
    1.9350000E+01    0.0000000E+00   -3.6192521E-11   -2.3418147E-10   -5.0318012E-11    1.5910837E-10    1.2975331E-11
    1.9450000E+01    0.0000000E+00   -3.5971501E-11   -2.3458844E-10   -5.0420123E-11    1.5925941E-10    1.2987844E-11
    1.9550000E+01    0.0000000E+00   -3.5726210E-11   -2.3499577E-10   -5.0522337E-11    1.5939923E-10    1.2999447E-11
    1.9650000E+01    0.0000000E+00   -3.5444557E-11   -2.3540344E-10   -5.0624655E-11    1.5952209E-10    1.3009669E-11
    1.9750000E+01    0.0000000E+00   -3.5101729E-11   -2.3581145E-10   -5.0727077E-11    1.5961610E-10    1.3017545E-11
    1.9850000E+01    0.0000000E+00   -3.4582899E-11   -2.3621979E-10   -5.0829602E-11    1.5962752E-10    1.3018692E-11
    1.9950000E+01    0.0000000E+00    0.0000000E+00   -2.3661724E-10   -5.0932231E-11    1.4415718E-10    1.1757327E-11
