# Time          1.7500E+00
# Units: Mol/kgw
    Distance           H+               Na+              K+               Ca++             Mg++             Al+++            Fe+++            Fe++             Li7+             Li6+             SiO2(aq)         CO2(aq)          O2(aq)           Cl-          
    5.0000000E-02   -5.3616515E-05    2.9507747E-05    7.9023356E-06    3.1198105E-05    1.3282150E-05    6.4299326E-08    8.8290590E-17    6.3446740E-08    3.3119705E-08    2.6587812E-09    1.9573355E-05    5.9216375E-04    2.9000070E-04    7.3109648E-05
    1.5000000E-01   -6.0678539E-05    3.3223041E-05    8.9643305E-06    3.4851951E-05    1.4953747E-05    5.4832380E-08    9.8539467E-17    1.3570605E-07    3.7185966E-08    2.9808772E-09    2.2699675E-05    6.6090282E-04    3.2366433E-04    8.1596303E-05
    2.5000000E-01   -6.2458174E-05    3.3988821E-05    9.2442554E-06    3.5354868E-05    1.5297663E-05    5.0188881E-08    9.9860394E-17    2.0925549E-07    3.8020697E-08    3.0436358E-09    2.3960956E-05    6.6976226E-04    3.2800307E-04    8.2690107E-05
    3.5000000E-01   -6.3534564E-05    3.4361218E-05    9.4198737E-06    3.5437123E-05    1.5464558E-05    4.6408660E-08    9.9989267E-17    2.8310196E-07    3.8427479E-08    3.0723858E-09    2.4974536E-05    6.7062661E-04    3.2842636E-04    8.2796820E-05
    4.5000000E-01   -6.4543868E-05    3.4695092E-05    9.5853133E-06    3.5477602E-05    1.5614173E-05    4.3026560E-08    9.9999564E-17    3.5714244E-07    3.8796137E-08    3.0984209E-09    2.5965399E-05    6.7069567E-04    3.2846018E-04    8.2805347E-05
    5.5000000E-01   -6.5550609E-05    3.5026477E-05    9.7501347E-06    3.5514771E-05    1.5762731E-05    3.9965120E-08    1.0000027E-16    4.3136861E-07    3.9166090E-08    3.1248719E-09    2.6956382E-05    6.7070040E-04    3.2846250E-04    8.2805931E-05
    6.5000000E-01   -6.6559979E-05    3.5358329E-05    9.9151218E-06    3.5551783E-05    1.5911560E-05    3.7185003E-08    1.0000031E-16    5.0578018E-07    3.9540381E-08    3.1519496E-09    2.7949327E-05    6.7070068E-04    3.2846264E-04    8.2805966E-05
    7.5000000E-01   -6.7572256E-05    3.5690853E-05    1.0080330E-05    3.5588858E-05    1.6060755E-05    3.4654203E-08    1.0000031E-16    5.8037746E-07    3.9919055E-08    3.1796280E-09    2.8944337E-05    6.7070070E-04    3.2846265E-04    8.2805968E-05
    8.5000000E-01   -6.8587383E-05    3.6024064E-05    1.0245762E-05    3.5626008E-05    1.6210322E-05    3.2345157E-08    1.0000031E-16    6.5516078E-07    4.0301971E-08    3.2078692E-09    2.9941393E-05    6.7070070E-04    3.2846265E-04    8.2805968E-05
    9.5000000E-01   -6.9605293E-05    3.6357963E-05    1.0411418E-05    3.5663235E-05    1.6360261E-05    3.0233946E-08    1.0000031E-16    7.3013043E-07    4.0688997E-08    3.2366391E-09    3.0940476E-05    6.7070070E-04    3.2846265E-04    8.2805968E-05
    1.0500000E+00   -7.0625926E-05    3.6692551E-05    1.0577300E-05    3.5700539E-05    1.6510573E-05    2.8299731E-08    1.0000031E-16    8.0528673E-07    4.1080016E-08    3.2659075E-09    3.1941566E-05    6.7070070E-04    3.2846265E-04    8.2805968E-05
    1.1500000E+00   -7.1649231E-05    3.7027829E-05    1.0743408E-05    3.5737919E-05    1.6661260E-05    2.6524288E-08    1.0000031E-16    8.8062996E-07    4.1474930E-08    3.2956477E-09    3.2944649E-05    6.7070070E-04    3.2846265E-04    8.2805968E-05
    1.2500000E+00   -7.2675162E-05    3.7363799E-05    1.0909740E-05    3.5775377E-05    1.6812321E-05    2.4891628E-08    1.0000031E-16    9.5616042E-07    4.1873651E-08    3.3258362E-09    3.3949710E-05    6.7070070E-04    3.2846265E-04    8.2805968E-05
    1.3500000E+00   -7.3703681E-05    3.7700460E-05    1.1076299E-05    3.5812912E-05    1.6963757E-05    2.3387679E-08    1.0000031E-16    1.0318784E-06    4.2276104E-08    3.3564521E-09    3.4956737E-05    6.7070070E-04    3.2846265E-04    8.2805968E-05
    1.4500000E+00   -7.4734753E-05    3.8037815E-05    1.1243084E-05    3.5850524E-05    1.7115568E-05    2.2000018E-08    1.0000031E-16    1.1077841E-06    4.2682222E-08    3.3874769E-09    3.5965721E-05    6.7070070E-04    3.2846265E-04    8.2805968E-05
    1.5500000E+00   -7.5768347E-05    3.8375863E-05    1.1410095E-05    3.5888213E-05    1.7267756E-05    2.0717646E-08    1.0000031E-16    1.1838779E-06    4.3091949E-08    3.4188942E-09    3.6976652E-05    6.7070070E-04    3.2846265E-04    8.2805968E-05
    1.6500000E+00   -7.6804438E-05    3.8714605E-05    1.1577333E-05    3.5925980E-05    1.7420320E-05    1.9530798E-08    1.0000031E-16    1.2601599E-06    4.3505233E-08    3.4506894E-09    3.7989524E-05    6.7070070E-04    3.2846265E-04    8.2805968E-05
    1.7500000E+00   -7.7843002E-05    3.9054043E-05    1.1744797E-05    3.5963825E-05    1.7573261E-05    1.8430784E-08    1.0000031E-16    1.3366305E-06    4.3922031E-08    3.4828494E-09    3.9004333E-05    6.7070070E-04    3.2846265E-04    8.2805968E-05
    1.8500000E+00   -7.8884017E-05    3.9394177E-05    1.1912488E-05    3.6001747E-05    1.7726580E-05    1.7409851E-08    1.0000031E-16    1.4132900E-06    4.4342302E-08    3.5153627E-09    4.0021072E-05    6.7070070E-04    3.2846265E-04    8.2805968E-05
    1.9500000E+00   -7.9927467E-05    3.9735008E-05    1.2080407E-05    3.6039746E-05    1.7880277E-05    1.6461068E-08    1.0000031E-16    1.4901384E-06    4.4766013E-08    3.5482189E-09    4.1039736E-05    6.7070070E-04    3.2846265E-04    8.2805968E-05
    2.0500000E+00   -8.0973335E-05    4.0076536E-05    1.2248552E-05    3.6077824E-05    1.8034352E-05    1.5578222E-08    1.0000031E-16    1.5671762E-06    4.5193133E-08    3.5814090E-09    4.2060321E-05    6.7070070E-04    3.2846265E-04    8.2805968E-05
    2.1500000E+00   -8.2021606E-05    4.0418763E-05    1.2416926E-05    3.6115979E-05    1.8188807E-05    1.4755731E-08    1.0000031E-16    1.6444036E-06    4.5623637E-08    3.6149246E-09    4.3082823E-05    6.7070070E-04    3.2846265E-04    8.2805968E-05
    2.2500000E+00   -8.3072268E-05    4.0761689E-05    1.2585526E-05    3.6154213E-05    1.8343641E-05    1.3988575E-08    1.0000031E-16    1.7218207E-06    4.6057499E-08    3.6487584E-09    4.4107240E-05    6.7070070E-04    3.2846265E-04    8.2805968E-05
    2.3500000E+00   -8.4125311E-05    4.1105315E-05    1.2754355E-05    3.6192524E-05    1.8498856E-05    1.3272225E-08    1.0000031E-16    1.7994279E-06    4.6494701E-08    3.6829039E-09    4.5133568E-05    6.7070070E-04    3.2846265E-04    8.2805968E-05
    2.4500000E+00   -8.5180724E-05    4.1449641E-05    1.2923412E-05    3.6230913E-05    1.8654451E-05    1.2602592E-08    1.0000031E-16    1.8772253E-06    4.6935223E-08    3.7173551E-09    4.6161806E-05    6.7070070E-04    3.2846265E-04    8.2805968E-05
    2.5500000E+00   -8.6238499E-05    4.1794669E-05    1.3092697E-05    3.6269381E-05    1.8810427E-05    1.1975972E-08    1.0000031E-16    1.9552133E-06    4.7379050E-08    3.7521069E-09    4.7191951E-05    6.7070070E-04    3.2846265E-04    8.2805968E-05
    2.6500000E+00   -8.7298627E-05    4.2140399E-05    1.3262210E-05    3.6307927E-05    1.8966784E-05    1.1389012E-08    1.0000031E-16    2.0333920E-06    4.7826168E-08    3.7871546E-09    4.8224001E-05    6.7070070E-04    3.2846265E-04    8.2805968E-05
    2.7500000E+00   -8.8361103E-05    4.2486832E-05    1.3431951E-05    3.6346551E-05    1.9123524E-05    1.0838663E-08    1.0000031E-16    2.1117618E-06    4.8276564E-08    3.8224940E-09    4.9257956E-05    6.7070070E-04    3.2846265E-04    8.2805968E-05
    2.8500000E+00   -8.9425921E-05    4.2833968E-05    1.3601922E-05    3.6385254E-05    1.9280645E-05    1.0322155E-08    1.0000031E-16    2.1903227E-06    4.8730229E-08    3.8581213E-09    5.0293814E-05    6.7070070E-04    3.2846265E-04    8.2805968E-05
    2.9500000E+00   -9.0493074E-05    4.3181809E-05    1.3772120E-05    3.6424035E-05    1.9438150E-05    9.8369631E-09    1.0000031E-16    2.2690751E-06    4.9187154E-08    3.8940331E-09    5.1331574E-05    6.7070070E-04    3.2846265E-04    8.2805968E-05
    3.0500000E+00   -9.1562560E-05    4.3530354E-05    1.3942548E-05    3.6462895E-05    1.9596039E-05    9.3807859E-09    1.0000031E-16    2.3480193E-06    4.9647329E-08    3.9302266E-09    5.2371237E-05    6.7070070E-04    3.2846265E-04    8.2805968E-05
    3.1500000E+00   -9.2634373E-05    4.3879606E-05    1.4113205E-05    3.6501834E-05    1.9754311E-05    8.9515202E-09    1.0000031E-16    2.4271553E-06    5.0110750E-08    3.9666991E-09    5.3412800E-05    6.7070070E-04    3.2846265E-04    8.2805968E-05
    3.2500000E+00   -9.3708511E-05    4.4229564E-05    1.4284090E-05    3.6540851E-05    1.9912967E-05    8.5472422E-09    1.0000031E-16    2.5064835E-06    5.0577410E-08    4.0034481E-09    5.4456265E-05    6.7070070E-04    3.2846265E-04    8.2805968E-05
    3.3500000E+00   -9.4784971E-05    4.4580229E-05    1.4455205E-05    3.6579947E-05    2.0072008E-05    8.1661901E-09    1.0000031E-16    2.5860042E-06    5.1047304E-08    4.0404716E-09    5.5501631E-05    6.7070070E-04    3.2846265E-04    8.2805968E-05
    3.4500000E+00   -9.5863750E-05    4.4931602E-05    1.4626549E-05    3.6619122E-05    2.0231435E-05    7.8067481E-09    1.0000031E-16    2.6657174E-06    5.1520430E-08    4.0777676E-09    5.6548898E-05    6.7070070E-04    3.2846265E-04    8.2805968E-05
    3.5500000E+00   -9.6944845E-05    4.5283683E-05    1.4798122E-05    3.6658376E-05    2.0391247E-05    7.4674324E-09    1.0000031E-16    2.7456236E-06    5.1996783E-08    4.1153346E-09    5.7598067E-05    6.7070070E-04    3.2846265E-04    8.2805968E-05
    3.6500000E+00   -9.8028257E-05    4.5636474E-05    1.4969925E-05    3.6697709E-05    2.0551446E-05    7.1468792E-09    1.0000031E-16    2.8257228E-06    5.2476362E-08    4.1531711E-09    5.8649137E-05    6.7070070E-04    3.2846265E-04    8.2805968E-05
    3.7500000E+00   -9.9113982E-05    4.5989975E-05    1.5141957E-05    3.6737122E-05    2.0712031E-05    6.8438331E-09    1.0000031E-16    2.9060154E-06    5.2959166E-08    4.1912756E-09    5.9702108E-05    6.7070070E-04    3.2846265E-04    8.2805968E-05
    3.8500000E+00   -1.0020202E-04    4.6344186E-05    1.5314219E-05    3.6776613E-05    2.0873003E-05    6.5571374E-09    1.0000031E-16    2.9865016E-06    5.3445192E-08    4.2296472E-09    6.0756982E-05    6.7070070E-04    3.2846265E-04    8.2805968E-05
    3.9500000E+00   -1.0129237E-04    4.6699110E-05    1.5486710E-05    3.6816184E-05    2.1034363E-05    6.2857250E-09    1.0000031E-16    3.0671816E-06    5.3934442E-08    4.2682848E-09    6.1813758E-05    6.7070070E-04    3.2846265E-04    8.2805968E-05
    4.0500000E+00   -1.0238503E-04    4.7054745E-05    1.5659431E-05    3.6855834E-05    2.1196111E-05    6.0286109E-09    1.0000031E-16    3.1480556E-06    5.4426914E-08    4.3071876E-09    6.2872438E-05    6.7070070E-04    3.2846265E-04    8.2805968E-05
    4.1500000E+00   -1.0348000E-04    4.7411093E-05    1.5832382E-05    3.6895564E-05    2.1358248E-05    5.7848842E-09    1.0000031E-16    3.2291239E-06    5.4922610E-08    4.3463548E-09    6.3933022E-05    6.7070070E-04    3.2846265E-04    8.2805968E-05
    4.2500000E+00   -1.0457728E-04    4.7768155E-05    1.6005563E-05    3.6935373E-05    2.1520773E-05    5.5537024E-09    1.0000031E-16    3.3103867E-06    5.5421530E-08    4.3857857E-09    6.4995510E-05    6.7070070E-04    3.2846265E-04    8.2805968E-05
    4.3500000E+00   -1.0567688E-04    4.8125931E-05    1.6178973E-05    3.6975262E-05    2.1683688E-05    5.3342850E-09    1.0000031E-16    3.3918442E-06    5.5923677E-08    4.4254798E-09    6.6059903E-05    6.7070070E-04    3.2846265E-04    8.2805968E-05
    4.4500000E+00   -1.0677878E-04    4.8484422E-05    1.6352613E-05    3.7015231E-05    2.1846994E-05    5.1259086E-09    1.0000031E-16    3.4734968E-06    5.6429051E-08    4.4654368E-09    6.7126202E-05    6.7070070E-04    3.2846265E-04    8.2805968E-05
    4.5500000E+00   -1.0788300E-04    4.8843629E-05    1.6526483E-05    3.7055280E-05    2.2010689E-05    4.9279018E-09    1.0000031E-16    3.5553445E-06    5.6937655E-08    4.5056561E-09    6.8194409E-05    6.7070070E-04    3.2846265E-04    8.2805968E-05
    4.6500000E+00   -1.0898952E-04    4.9203553E-05    1.6700583E-05    3.7095408E-05    2.2174775E-05    4.7396414E-09    1.0000031E-16    3.6373877E-06    5.7449492E-08    4.5461375E-09    6.9264522E-05    6.7070070E-04    3.2846265E-04    8.2805968E-05
    4.7500000E+00   -1.1009836E-04    4.9564193E-05    1.6874913E-05    3.7135616E-05    2.2339253E-05    4.5605476E-09    1.0000031E-16    3.7196265E-06    5.7964565E-08    4.5868808E-09    7.0336545E-05    6.7070070E-04    3.2846265E-04    8.2805968E-05
    4.8500000E+00   -1.1120951E-04    4.9925552E-05    1.7049472E-05    3.7175905E-05    2.2504123E-05    4.3900815E-09    1.0000031E-16    3.8020613E-06    5.8482876E-08    4.6278858E-09    7.1410477E-05    6.7070070E-04    3.2846265E-04    8.2805968E-05
    4.9500000E+00   -1.1232298E-04    5.0287629E-05    1.7224261E-05    3.7216273E-05    2.2669384E-05    4.2277411E-09    1.0000031E-16    3.8846922E-06    5.9004428E-08    4.6691524E-09    7.2486319E-05    6.7070070E-04    3.2846265E-04    8.2805968E-05
    5.0500000E+00   -1.1343876E-04    5.0650425E-05    1.7399280E-05    3.7256722E-05    2.2835039E-05    4.0730586E-09    1.0000031E-16    3.9675195E-06    5.9529227E-08    4.7106806E-09    7.3564072E-05    6.7070070E-04    3.2846265E-04    8.2805968E-05
    5.1500000E+00   -1.1455685E-04    5.1013942E-05    1.7574529E-05    3.7297251E-05    2.3001087E-05    3.9255979E-09    1.0000031E-16    4.0505433E-06    6.0057275E-08    4.7524704E-09    7.4643737E-05    6.7070070E-04    3.2846265E-04    8.2805968E-05
    5.2500000E+00   -1.1567726E-04    5.1378179E-05    1.7750008E-05    3.7337860E-05    2.3167528E-05    3.7849518E-09    1.0000031E-16    4.1337641E-06    6.0588577E-08    4.7945217E-09    7.5725315E-05    6.7070070E-04    3.2846265E-04    8.2805968E-05
    5.3500000E+00   -1.1679999E-04    5.1743138E-05    1.7925716E-05    3.7378550E-05    2.3334364E-05    3.6507402E-09    1.0000031E-16    4.2171819E-06    6.1123136E-08    4.8368348E-09    7.6808808E-05    6.7070070E-04    3.2846265E-04    8.2805968E-05
    5.4500000E+00   -1.1792504E-04    5.2108819E-05    1.8101654E-05    3.7419320E-05    2.3501594E-05    3.5226076E-09    1.0000031E-16    4.3007970E-06    6.1660959E-08    4.8794097E-09    7.7894215E-05    6.7070070E-04    3.2846265E-04    8.2805968E-05
    5.5500000E+00   -1.1905240E-04    5.2475223E-05    1.8277821E-05    3.7460171E-05    2.3669219E-05    3.4002218E-09    1.0000031E-16    4.3846096E-06    6.2202049E-08    4.9222465E-09    7.8981538E-05    6.7070070E-04    3.2846265E-04    8.2805968E-05
    5.6500000E+00   -1.2018209E-04    5.2842350E-05    1.8454218E-05    3.7501103E-05    2.3837240E-05    3.2832715E-09    1.0000031E-16    4.4686201E-06    6.2746411E-08    4.9653456E-09    8.0070778E-05    6.7070070E-04    3.2846265E-04    8.2805968E-05
    5.7500000E+00   -1.2131410E-04    5.3210202E-05    1.8630844E-05    3.7542115E-05    2.4005657E-05    3.1714655E-09    1.0000031E-16    4.5528285E-06    6.3294051E-08    5.0087070E-09    8.1161936E-05    6.7070070E-04    3.2846265E-04    8.2805968E-05
    5.8500000E+00   -1.2244843E-04    5.3578779E-05    1.8807699E-05    3.7583208E-05    2.4174470E-05    3.0645306E-09    1.0000031E-16    4.6372352E-06    6.3844974E-08    5.0523311E-09    8.2255012E-05    6.7070070E-04    3.2846265E-04    8.2805968E-05
    5.9500000E+00   -1.2358509E-04    5.3948081E-05    1.8984784E-05    3.7624382E-05    2.4343681E-05    2.9622107E-09    1.0000031E-16    4.7218403E-06    6.4399185E-08    5.0962182E-09    8.3350008E-05    6.7070070E-04    3.2846265E-04    8.2805968E-05
    6.0500000E+00   -1.2472407E-04    5.4318110E-05    1.9162097E-05    3.7665637E-05    2.4513288E-05    2.8642655E-09    1.0000031E-16    4.8066442E-06    6.4956690E-08    5.1403686E-09    8.4446925E-05    6.7070070E-04    3.2846265E-04    8.2805968E-05
    6.1500000E+00   -1.2586538E-04    5.4688867E-05    1.9339639E-05    3.7706973E-05    2.4683294E-05    2.7704692E-09    1.0000031E-16    4.8916470E-06    6.5517496E-08    5.1847826E-09    8.5545763E-05    6.7070070E-04    3.2846265E-04    8.2805968E-05
    6.2500000E+00   -1.2700902E-04    5.5060351E-05    1.9517410E-05    3.7748391E-05    2.4853698E-05    2.6806097E-09    1.0000031E-16    4.9768490E-06    6.6081608E-08    5.2294606E-09    8.6646524E-05    6.7070070E-04    3.2846265E-04    8.2805968E-05
    6.3500000E+00   -1.2815499E-04    5.5432564E-05    1.9695410E-05    3.7789889E-05    2.5024501E-05    2.5944878E-09    1.0000031E-16    5.0622504E-06    6.6649032E-08    5.2744029E-09    8.7749208E-05    6.7070070E-04    3.2846265E-04    8.2805968E-05
    6.4500000E+00   -1.2930330E-04    5.5805506E-05    1.9873637E-05    3.7831469E-05    2.5195703E-05    2.5119157E-09    1.0000031E-16    5.1478514E-06    6.7219775E-08    5.3196101E-09    8.8853816E-05    6.7070070E-04    3.2846265E-04    8.2805968E-05
    6.5500000E+00   -1.3045393E-04    5.6179178E-05    2.0052093E-05    3.7873130E-05    2.5367305E-05    2.4327169E-09    1.0000031E-16    5.2336523E-06    6.7793843E-08    5.3650824E-09    8.9960349E-05    6.7070070E-04    3.2846265E-04    8.2805968E-05
    6.6500000E+00   -1.3160691E-04    5.6553581E-05    2.0230777E-05    3.7914873E-05    2.5539307E-05    2.3567253E-09    1.0000031E-16    5.3196533E-06    6.8371242E-08    5.4108204E-09    9.1068809E-05    6.7070070E-04    3.2846265E-04    8.2805968E-05
    6.7500000E+00   -1.3276222E-04    5.6928715E-05    2.0409688E-05    3.7956697E-05    2.5711709E-05    2.2837840E-09    1.0000031E-16    5.4058547E-06    6.8951981E-08    5.4568245E-09    9.2179195E-05    6.7070070E-04    3.2846265E-04    8.2805968E-05
    6.8500000E+00   -1.3391987E-04    5.7304582E-05    2.0588827E-05    3.7998603E-05    2.5884513E-05    2.2137453E-09    1.0000031E-16    5.4922566E-06    6.9536065E-08    5.5030952E-09    9.3291508E-05    6.7070070E-04    3.2846265E-04    8.2805968E-05
    6.9500000E+00   -1.3507986E-04    5.7681181E-05    2.0768193E-05    3.8040591E-05    2.6057719E-05    2.1464699E-09    1.0000031E-16    5.5788594E-06    7.0123502E-08    5.5496330E-09    9.4405750E-05    6.7070070E-04    3.2846265E-04    8.2805968E-05
    7.0500000E+00   -1.3624219E-04    5.8058515E-05    2.0947786E-05    3.8082660E-05    2.6231326E-05    2.0818263E-09    1.0000031E-16    5.6656631E-06    7.0714298E-08    5.5964385E-09    9.5521921E-05    6.7070070E-04    3.2846265E-04    8.2805968E-05
    7.1500000E+00   -1.3740686E-04    5.8436582E-05    2.1127606E-05    3.8124812E-05    2.6405336E-05    2.0196902E-09    1.0000031E-16    5.7526682E-06    7.1308463E-08    5.6435121E-09    9.6640022E-05    6.7070070E-04    3.2846265E-04    8.2805968E-05
    7.2500000E+00   -1.3857388E-04    5.8815385E-05    2.1307652E-05    3.8167045E-05    2.6579750E-05    1.9599443E-09    1.0000031E-16    5.8398748E-06    7.1906001E-08    5.6908544E-09    9.7760054E-05    6.7070070E-04    3.2846265E-04    8.2805968E-05
    7.3500000E+00   -1.3974325E-04    5.9194923E-05    2.1487924E-05    3.8209360E-05    2.6754566E-05    1.9024777E-09    1.0000031E-16    5.9272831E-06    7.2506923E-08    5.7384660E-09    9.8882017E-05    6.7070070E-04    3.2846265E-04    8.2805968E-05
    7.4500000E+00   -1.4091497E-04    5.9575198E-05    2.1668422E-05    3.8251757E-05    2.6929787E-05    1.8471854E-09    1.0000031E-16    6.0148933E-06    7.3111235E-08    5.7863474E-09    1.0000591E-04    6.7070070E-04    3.2846265E-04    8.2805968E-05
    7.5500000E+00   -1.4208903E-04    5.9956209E-05    2.1849145E-05    3.8294237E-05    2.7105412E-05    1.7939683E-09    1.0000031E-16    6.1027058E-06    7.3718945E-08    5.8344994E-09    1.0113174E-04    6.7070070E-04    3.2846265E-04    8.2805968E-05
    7.6500000E+00   -1.4326545E-04    6.0337959E-05    2.2030093E-05    3.8336799E-05    2.7281442E-05    1.7427323E-09    1.0000031E-16    6.1907208E-06    7.4330062E-08    5.8829224E-09    1.0225950E-04    6.7070070E-04    3.2846265E-04    8.2805968E-05
    7.7500000E+00   -1.4444422E-04    6.0720448E-05    2.2211266E-05    3.8379443E-05    2.7457877E-05    1.6933886E-09    1.0000031E-16    6.2789384E-06    7.4944593E-08    5.9316171E-09    1.0338920E-04    6.7070070E-04    3.2846265E-04    8.2805968E-05
    7.8500000E+00   -1.4562534E-04    6.1103675E-05    2.2392663E-05    3.8422170E-05    2.7634718E-05    1.6458527E-09    1.0000031E-16    6.3673589E-06    7.5562548E-08    5.9805841E-09    1.0452082E-04    6.7070070E-04    3.2846265E-04    8.2805968E-05
    7.9500000E+00   -1.4680883E-04    6.1487643E-05    2.2574284E-05    3.8464979E-05    2.7811965E-05    1.6000448E-09    1.0000031E-16    6.4559825E-06    7.6183934E-08    6.0298241E-09    1.0565439E-04    6.7070070E-04    3.2846265E-04    8.2805968E-05
    8.0500000E+00   -1.4799467E-04    6.1872352E-05    2.2756129E-05    3.8507870E-05    2.7989619E-05    1.5558891E-09    1.0000031E-16    6.5448095E-06    7.6808760E-08    6.0793378E-09    1.0678989E-04    6.7070070E-04    3.2846265E-04    8.2805968E-05
    8.1500000E+00   -1.4918287E-04    6.2257802E-05    2.2938196E-05    3.8550845E-05    2.8167680E-05    1.5133138E-09    1.0000031E-16    6.6338402E-06    7.7437036E-08    6.1291258E-09    1.0792732E-04    6.7070070E-04    3.2846265E-04    8.2805968E-05
    8.2500000E+00   -1.5037343E-04    6.2643994E-05    2.3120486E-05    3.8593902E-05    2.8346149E-05    1.4722505E-09    1.0000031E-16    6.7230746E-06    7.8068770E-08    6.1791888E-09    1.0906670E-04    6.7070070E-04    3.2846265E-04    8.2805968E-05
    8.3500000E+00   -1.5156635E-04    6.3030929E-05    2.3302999E-05    3.8637042E-05    2.8525026E-05    1.4326346E-09    1.0000031E-16    6.8125132E-06    7.8703971E-08    6.2295277E-09    1.1020801E-04    6.7070070E-04    3.2846265E-04    8.2805968E-05
    8.4500000E+00   -1.5276164E-04    6.3418608E-05    2.3485732E-05    3.8680265E-05    2.8704312E-05    1.3944045E-09    1.0000031E-16    6.9021560E-06    7.9342648E-08    6.2801429E-09    1.1135125E-04    6.7070070E-04    3.2846265E-04    8.2805968E-05
    8.5500000E+00   -1.5395930E-04    6.3807031E-05    2.3668687E-05    3.8723571E-05    2.8884007E-05    1.3575016E-09    1.0000031E-16    6.9920034E-06    7.9984812E-08    6.3310354E-09    1.1249644E-04    6.7070070E-04    3.2846265E-04    8.2805968E-05
    8.6500000E+00   -1.5515932E-04    6.4196199E-05    2.3851862E-05    3.8766959E-05    2.9064111E-05    1.3218706E-09    1.0000031E-16    7.0820556E-06    8.0630471E-08    6.3822059E-09    1.1364356E-04    6.7070070E-04    3.2846265E-04    8.2805968E-05
    8.7500000E+00   -1.5636172E-04    6.4586113E-05    2.4035257E-05    3.8810432E-05    2.9244626E-05    1.2874584E-09    1.0000031E-16    7.1723128E-06    8.1279635E-08    6.4336550E-09    1.1479262E-04    6.7070070E-04    3.2846265E-04    8.2805968E-05
    8.8500000E+00   -1.5756648E-04    6.4976774E-05    2.4218871E-05    3.8853987E-05    2.9425550E-05    1.2542147E-09    1.0000031E-16    7.2627752E-06    8.1932315E-08    6.4853837E-09    1.1594362E-04    6.7070070E-04    3.2846265E-04    8.2805968E-05
    8.9500000E+00   -1.5877362E-04    6.5368181E-05    2.4402704E-05    3.8897625E-05    2.9606886E-05    1.2220918E-09    1.0000031E-16    7.3534431E-06    8.2588520E-08    6.5373927E-09    1.1709655E-04    6.7070070E-04    3.2846265E-04    8.2805968E-05
    9.0500000E+00   -1.5998313E-04    6.5760337E-05    2.4586755E-05    3.8941347E-05    2.9788633E-05    1.1910441E-09    1.0000031E-16    7.4443167E-06    8.3248261E-08    6.5896828E-09    1.1825143E-04    6.7070070E-04    3.2846265E-04    8.2805968E-05
    9.1500000E+00   -1.6119502E-04    6.6153241E-05    2.4771023E-05    3.8985153E-05    2.9970792E-05    1.1610281E-09    1.0000031E-16    7.5353962E-06    8.3911547E-08    6.6422548E-09    1.1940824E-04    6.7070070E-04    3.2846265E-04    8.2805968E-05
    9.2500000E+00   -1.6240928E-04    6.6546894E-05    2.4955508E-05    3.9029042E-05    3.0153364E-05    1.1320025E-09    1.0000031E-16    7.6266819E-06    8.4578390E-08    6.6951096E-09    1.2056699E-04    6.7070070E-04    3.2846265E-04    8.2805968E-05
    9.3500000E+00   -1.6362592E-04    6.6941298E-05    2.5140209E-05    3.9073014E-05    3.0336348E-05    1.1039279E-09    1.0000031E-16    7.7181740E-06    8.5248801E-08    6.7482481E-09    1.2172768E-04    6.7070070E-04    3.2846265E-04    8.2805968E-05
    9.4500000E+00   -1.6484494E-04    6.7336452E-05    2.5325126E-05    3.9117071E-05    3.0519746E-05    1.0767667E-09    1.0000031E-16    7.8098728E-06    8.5922790E-08    6.8016710E-09    1.2289031E-04    6.7070070E-04    3.2846265E-04    8.2805968E-05
    9.5500000E+00   -1.6606635E-04    6.7732358E-05    2.5510257E-05    3.9161211E-05    3.0703557E-05    1.0504832E-09    1.0000031E-16    7.9017784E-06    8.6600368E-08    6.8553792E-09    1.2405488E-04    6.7070070E-04    3.2846265E-04    8.2805968E-05
    9.6500000E+00   -1.6729013E-04    6.8129016E-05    2.5695601E-05    3.9205435E-05    3.0887782E-05    1.0250430E-09    1.0000031E-16    7.9938912E-06    8.7281546E-08    6.9093738E-09    1.2522139E-04    6.7070070E-04    3.2846265E-04    8.2805968E-05
    9.7500000E+00   -1.6851630E-04    6.8526426E-05    2.5881159E-05    3.9249743E-05    3.1072422E-05    1.0004136E-09    1.0000031E-16    8.0862112E-06    8.7966337E-08    6.9636555E-09    1.2638983E-04    6.7070070E-04    3.2846265E-04    8.2805968E-05
    9.8500000E+00   -1.6974486E-04    6.8924591E-05    2.6066929E-05    3.9294135E-05    3.1257478E-05    9.7656390E-10    1.0000031E-16    8.1787389E-06    8.8654752E-08    7.0182253E-09    1.2756021E-04    6.7070070E-04    3.2846265E-04    8.2805968E-05
    9.9500000E+00   -1.7097580E-04    6.9323509E-05    2.6252910E-05    3.9338611E-05    3.1442949E-05    9.5346403E-10    1.0000031E-16    8.2714743E-06    8.9346802E-08    7.0730841E-09    1.2873253E-04    6.7070070E-04    3.2846265E-04    8.2805968E-05
    1.0050000E+01   -1.7220913E-04    6.9723183E-05    2.6439101E-05    3.9383171E-05    3.1628836E-05    9.3108562E-10    1.0000031E-16    8.3644178E-06    9.0042499E-08    7.1282330E-09    1.2990679E-04    6.7070070E-04    3.2846265E-04    8.2805968E-05
    1.0150000E+01   -1.7344485E-04    7.0123613E-05    2.6625502E-05    3.9427815E-05    3.1815139E-05    9.0940151E-10    1.0000031E-16    8.4575696E-06    9.0741857E-08    7.1836728E-09    1.3108298E-04    6.7070070E-04    3.2846265E-04    8.2805968E-05
    1.0250000E+01   -1.7468296E-04    7.0524799E-05    2.6812111E-05    3.9472544E-05    3.2001860E-05    8.8838575E-10    1.0000031E-16    8.5509299E-06    9.1444887E-08    7.2394046E-09    1.3226111E-04    6.7070070E-04    3.2846265E-04    8.2805968E-05
    1.0350000E+01   -1.7592346E-04    7.0926742E-05    2.6998928E-05    3.9517357E-05    3.2188998E-05    8.6801351E-10    1.0000031E-16    8.6444989E-06    9.2151602E-08    7.2954294E-09    1.3344118E-04    6.7070070E-04    3.2846265E-04    8.2805968E-05
    1.0450000E+01   -1.7716636E-04    7.1329443E-05    2.7185951E-05    3.9562255E-05    3.2376554E-05    8.4826105E-10    1.0000031E-16    8.7382769E-06    9.2862014E-08    7.3517482E-09    1.3462318E-04    6.7070070E-04    3.2846265E-04    8.2805968E-05
    1.0550000E+01   -1.7841165E-04    7.1732903E-05    2.7373180E-05    3.9607237E-05    3.2564528E-05    8.2910565E-10    1.0000031E-16    8.8322641E-06    9.3576138E-08    7.4083621E-09    1.3580711E-04    6.7070070E-04    3.2846265E-04    8.2805968E-05
    1.0650000E+01   -1.7965933E-04    7.2137122E-05    2.7560613E-05    3.9652304E-05    3.2752921E-05    8.1052558E-10    1.0000031E-16    8.9264607E-06    9.4293985E-08    7.4652720E-09    1.3699298E-04    6.7070070E-04    3.2846265E-04    8.2805968E-05
    1.0750000E+01   -1.8090941E-04    7.2542101E-05    2.7748250E-05    3.9697456E-05    3.2941734E-05    7.9250003E-10    1.0000031E-16    9.0208670E-06    9.5015570E-08    7.5224792E-09    1.3818078E-04    6.7070070E-04    3.2846265E-04    8.2805968E-05
    1.0850000E+01   -1.8216189E-04    7.2947841E-05    2.7936088E-05    3.9742692E-05    3.3130966E-05    7.7500907E-10    1.0000031E-16    9.1154832E-06    9.5740907E-08    7.5799846E-09    1.3937052E-04    6.7070070E-04    3.2846265E-04    8.2805968E-05
    1.0950000E+01   -1.8341677E-04    7.3354342E-05    2.8124128E-05    3.9788014E-05    3.3320619E-05    7.5803361E-10    1.0000031E-16    9.2103096E-06    9.6470009E-08    7.6377895E-09    1.4056218E-04    6.7070070E-04    3.2846265E-04    8.2805968E-05
    1.1050000E+01   -1.8467405E-04    7.3761606E-05    2.8312368E-05    3.9833420E-05    3.3510693E-05    7.4155536E-10    1.0000031E-16    9.3053463E-06    9.7202890E-08    7.6958949E-09    1.4175577E-04    6.7070070E-04    3.2846265E-04    8.2805968E-05
    1.1150000E+01   -1.8593373E-04    7.4169632E-05    2.8500806E-05    3.9878912E-05    3.3701187E-05    7.2555680E-10    1.0000031E-16    9.4005936E-06    9.7939566E-08    7.7543019E-09    1.4295130E-04    6.7070070E-04    3.2846265E-04    8.2805968E-05
    1.1250000E+01   -1.8719581E-04    7.4578422E-05    2.8689441E-05    3.9924488E-05    3.3892104E-05    7.1002113E-10    1.0000031E-16    9.4960518E-06    9.8680050E-08    7.8130119E-09    1.4414875E-04    6.7070070E-04    3.2846265E-04    8.2805968E-05
    1.1350000E+01   -1.8846029E-04    7.4987976E-05    2.8878272E-05    3.9970150E-05    3.4083442E-05    6.9493223E-10    1.0000031E-16    9.5917210E-06    9.9424357E-08    7.8720259E-09    1.4534813E-04    6.7070070E-04    3.2846265E-04    8.2805968E-05
    1.1450000E+01   -1.8972717E-04    7.5398296E-05    2.9067298E-05    4.0015897E-05    3.4275203E-05    6.8027466E-10    1.0000031E-16    9.6876016E-06    1.0017250E-07    7.9313452E-09    1.4654943E-04    6.7070070E-04    3.2846265E-04    8.2805968E-05
    1.1550000E+01   -1.9099647E-04    7.5809381E-05    2.9256518E-05    4.0061730E-05    3.4467387E-05    6.6603359E-10    1.0000031E-16    9.7836937E-06    1.0092450E-07    7.9909710E-09    1.4775266E-04    6.7070070E-04    3.2846265E-04    8.2805968E-05
    1.1650000E+01   -1.9226816E-04    7.6221233E-05    2.9445929E-05    4.0107647E-05    3.4659995E-05    6.5219480E-10    1.0000031E-16    9.8799975E-06    1.0168037E-07    8.0509045E-09    1.4895782E-04    6.7070070E-04    3.2846265E-04    8.2805968E-05
    1.1750000E+01   -1.9354226E-04    7.6633851E-05    2.9635530E-05    4.0153651E-05    3.4853027E-05    6.3874462E-10    1.0000031E-16    9.9765134E-06    1.0244013E-07    8.1111472E-09    1.5016489E-04    6.7070070E-04    3.2846265E-04    8.2805968E-05
    1.1850000E+01   -1.9481877E-04    7.7047238E-05    2.9825321E-05    4.0199740E-05    3.5046483E-05    6.2566997E-10    1.0000031E-16    1.0073242E-05    1.0320379E-07    8.1717001E-09    1.5137388E-04    6.7070070E-04    3.2846265E-04    8.2805968E-05
    1.1950000E+01   -1.9609769E-04    7.7461394E-05    3.0015298E-05    4.0245915E-05    3.5240364E-05    6.1295823E-10    1.0000031E-16    1.0170182E-05    1.0397136E-07    8.2325648E-09    1.5258479E-04    6.7070070E-04    3.2846265E-04    8.2805968E-05
    1.2050000E+01   -1.9737901E-04    7.7876318E-05    3.0205462E-05    4.0292175E-05    3.5434671E-05    6.0059734E-10    1.0000031E-16    1.0267335E-05    1.0474288E-07    8.2937424E-09    1.5379762E-04    6.7070070E-04    3.2846265E-04    8.2805968E-05
    1.2150000E+01   -1.9866275E-04    7.8292013E-05    3.0395809E-05    4.0338522E-05    3.5629403E-05    5.8857566E-10    1.0000031E-16    1.0364702E-05    1.0551834E-07    8.3552345E-09    1.5501236E-04    6.7070070E-04    3.2846265E-04    8.2805968E-05
    1.2250000E+01   -1.9994889E-04    7.8708478E-05    3.0586339E-05    4.0384954E-05    3.5824562E-05    5.7688204E-10    1.0000031E-16    1.0462281E-05    1.0629777E-07    8.4170423E-09    1.5622901E-04    6.7070070E-04    3.2846265E-04    8.2805968E-05
    1.2350000E+01   -2.0123744E-04    7.9125715E-05    3.0777050E-05    4.0431472E-05    3.6020148E-05    5.6550574E-10    1.0000031E-16    1.0560074E-05    1.0708120E-07    8.4791674E-09    1.5744758E-04    6.7070070E-04    3.2846265E-04    8.2805968E-05
    1.2450000E+01   -2.0252840E-04    7.9543724E-05    3.0967939E-05    4.0478077E-05    3.6216160E-05    5.5443645E-10    1.0000031E-16    1.0658080E-05    1.0786862E-07    8.5416111E-09    1.5866805E-04    6.7070070E-04    3.2846265E-04    8.2805968E-05
    1.2550000E+01   -2.0382178E-04    7.9962506E-05    3.1159006E-05    4.0524767E-05    3.6412601E-05    5.4366426E-10    1.0000031E-16    1.0756301E-05    1.0866007E-07    8.6043749E-09    1.5989043E-04    6.7070070E-04    3.2846265E-04    8.2805968E-05
    1.2650000E+01   -2.0511756E-04    8.0382062E-05    3.1350247E-05    4.0571544E-05    3.6609470E-05    5.3317961E-10    1.0000031E-16    1.0854735E-05    1.0945557E-07    8.6674603E-09    1.6111471E-04    6.7070070E-04    3.2846265E-04    8.2805968E-05
    1.2750000E+01   -2.0641576E-04    8.0802392E-05    3.1541663E-05    4.0618407E-05    3.6806767E-05    5.2297333E-10    1.0000031E-16    1.0953384E-05    1.1025512E-07    8.7308688E-09    1.6234089E-04    6.7070070E-04    3.2846265E-04    8.2805968E-05
    1.2850000E+01   -2.0771637E-04    8.1223497E-05    3.1733249E-05    4.0665357E-05    3.7004494E-05    5.1303659E-10    1.0000031E-16    1.1052247E-05    1.1105876E-07    8.7946021E-09    1.6356898E-04    6.7070070E-04    3.2846265E-04    8.2805968E-05
    1.2950000E+01   -2.0901939E-04    8.1645378E-05    3.1925005E-05    4.0712393E-05    3.7202650E-05    5.0336089E-10    1.0000031E-16    1.1151325E-05    1.1186649E-07    8.8586616E-09    1.6479896E-04    6.7070070E-04    3.2846265E-04    8.2805968E-05
    1.3050000E+01   -2.1032482E-04    8.2068035E-05    3.2116928E-05    4.0759516E-05    3.7401237E-05    4.9393805E-10    1.0000031E-16    1.1250618E-05    1.1267835E-07    8.9230489E-09    1.6603083E-04    6.7070070E-04    3.2846265E-04    8.2805968E-05
    1.3150000E+01   -2.1163266E-04    8.2491469E-05    3.2309017E-05    4.0806725E-05    3.7600254E-05    4.8476019E-10    1.0000031E-16    1.1350127E-05    1.1349435E-07    8.9877658E-09    1.6726459E-04    6.7070070E-04    3.2846265E-04    8.2805968E-05
    1.3250000E+01   -2.1294292E-04    8.2915681E-05    3.2501268E-05    4.0854021E-05    3.7799701E-05    4.7581972E-10    1.0000031E-16    1.1449851E-05    1.1431451E-07    9.0528138E-09    1.6850024E-04    6.7070070E-04    3.2846265E-04    8.2805968E-05
    1.3350000E+01   -2.1425559E-04    8.3340672E-05    3.2693680E-05    4.0901404E-05    3.7999581E-05    4.6710935E-10    1.0000031E-16    1.1549790E-05    1.1513885E-07    9.1181946E-09    1.6973778E-04    6.7070070E-04    3.2846265E-04    8.2805968E-05
    1.3450000E+01   -2.1557068E-04    8.3766443E-05    3.2886251E-05    4.0948874E-05    3.8199892E-05    4.5862203E-10    1.0000031E-16    1.1649946E-05    1.1596739E-07    9.1839101E-09    1.7097720E-04    6.7070070E-04    3.2846265E-04    8.2805968E-05
    1.3550000E+01   -2.1688817E-04    8.4192993E-05    3.3078977E-05    4.0996430E-05    3.8400636E-05    4.5035098E-10    1.0000031E-16    1.1750318E-05    1.1680016E-07    9.2499618E-09    1.7221850E-04    6.7070070E-04    3.2846265E-04    8.2805968E-05
    1.3650000E+01   -2.1820808E-04    8.4620324E-05    3.3271858E-05    4.1044074E-05    3.8601812E-05    4.4228968E-10    1.0000031E-16    1.1850906E-05    1.1763718E-07    9.3163517E-09    1.7346167E-04    6.7070070E-04    3.2846265E-04    8.2805968E-05
    1.3750000E+01   -2.1953040E-04    8.5048436E-05    3.3464890E-05    4.1091805E-05    3.8803422E-05    4.3443181E-10    1.0000031E-16    1.1951711E-05    1.1847847E-07    9.3830815E-09    1.7470671E-04    6.7070070E-04    3.2846265E-04    8.2805968E-05
    1.3850000E+01   -2.2085513E-04    8.5477331E-05    3.3658070E-05    4.1139623E-05    3.9005466E-05    4.2677132E-10    1.0000031E-16    1.2052733E-05    1.1932406E-07    9.4501531E-09    1.7595362E-04    6.7070070E-04    3.2846265E-04    8.2805968E-05
    1.3950000E+01   -2.2218228E-04    8.5907008E-05    3.3851397E-05    4.1187528E-05    3.9207944E-05    4.1930236E-10    1.0000031E-16    1.2153972E-05    1.2017396E-07    9.5175684E-09    1.7720240E-04    6.7070070E-04    3.2846265E-04    8.2805968E-05
    1.4050000E+01   -2.2351183E-04    8.6337470E-05    3.4044867E-05    4.1235521E-05    3.9410857E-05    4.1201928E-10    1.0000031E-16    1.2255428E-05    1.2102820E-07    9.5853293E-09    1.7845304E-04    6.7070070E-04    3.2846265E-04    8.2805968E-05
    1.4150000E+01   -2.2484380E-04    8.6768715E-05    3.4238478E-05    4.1283601E-05    3.9614205E-05    4.0491665E-10    1.0000031E-16    1.2357102E-05    1.2188681E-07    9.6534377E-09    1.7970553E-04    6.7070070E-04    3.2846265E-04    8.2805968E-05
    1.4250000E+01   -2.2617817E-04    8.7200746E-05    3.4432226E-05    4.1331769E-05    3.9817988E-05    3.9798921E-10    1.0000031E-16    1.2458994E-05    1.2274981E-07    9.7218957E-09    1.8095987E-04    6.7070070E-04    3.2846265E-04    8.2805968E-05
    1.4350000E+01   -2.2751496E-04    8.7633562E-05    3.4626110E-05    4.1380024E-05    4.0022208E-05    3.9123191E-10    1.0000031E-16    1.2561104E-05    1.2361723E-07    9.7907053E-09    1.8221607E-04    6.7070070E-04    3.2846265E-04    8.2805968E-05
    1.4450000E+01   -2.2885415E-04    8.8067165E-05    3.4820126E-05    4.1428367E-05    4.0226865E-05    3.8463987E-10    1.0000031E-16    1.2663432E-05    1.2448908E-07    9.8598685E-09    1.8347410E-04    6.7070070E-04    3.2846265E-04    8.2805968E-05
    1.4550000E+01   -2.3019576E-04    8.8501554E-05    3.5014271E-05    4.1476798E-05    4.0431958E-05    3.7820839E-10    1.0000031E-16    1.2765979E-05    1.2536541E-07    9.9293875E-09    1.8473398E-04    6.7070070E-04    3.2846265E-04    8.2805968E-05
    1.4650000E+01   -2.3153977E-04    8.8936732E-05    3.5208543E-05    4.1525317E-05    4.0637489E-05    3.7193291E-10    1.0000031E-16    1.2868745E-05    1.2624623E-07    9.9992644E-09    1.8599569E-04    6.7070070E-04    3.2846265E-04    8.2805968E-05
    1.4750000E+01   -2.3288619E-04    8.9372699E-05    3.5402937E-05    4.1573923E-05    4.0843458E-05    3.6580907E-10    1.0000031E-16    1.2971729E-05    1.2713157E-07    1.0069501E-08    1.8725923E-04    6.7070070E-04    3.2846265E-04    8.2805968E-05
    1.4850000E+01   -2.3423501E-04    8.9809454E-05    3.5597451E-05    4.1622618E-05    4.1049866E-05    3.5983263E-10    1.0000031E-16    1.3074933E-05    1.2802146E-07    1.0140101E-08    1.8852459E-04    6.7070070E-04    3.2846265E-04    8.2805968E-05
    1.4950000E+01   -2.3558624E-04    9.0247000E-05    3.5792081E-05    4.1671400E-05    4.1256712E-05    3.5399952E-10    1.0000031E-16    1.3178356E-05    1.2891593E-07    1.0211065E-08    1.8979177E-04    6.7070070E-04    3.2846265E-04    8.2805968E-05
    1.5050000E+01   -2.3693987E-04    9.0685337E-05    3.5986824E-05    4.1720271E-05    4.1463998E-05    3.4830580E-10    1.0000031E-16    1.3281999E-05    1.2981500E-07    1.0282396E-08    1.9106077E-04    6.7070070E-04    3.2846265E-04    8.2805968E-05
    1.5150000E+01   -2.3829591E-04    9.1124464E-05    3.6181677E-05    4.1769230E-05    4.1671724E-05    3.4274769E-10    1.0000031E-16    1.3385862E-05    1.3071871E-07    1.0354096E-08    1.9233157E-04    6.7070070E-04    3.2846265E-04    8.2805968E-05
    1.5250000E+01   -2.3965434E-04    9.1564385E-05    3.6376636E-05    4.1818277E-05    4.1879890E-05    3.3732151E-10    1.0000031E-16    1.3489945E-05    1.3162709E-07    1.0426168E-08    1.9360418E-04    6.7070070E-04    3.2846265E-04    8.2805968E-05
    1.5350000E+01   -2.4101518E-04    9.2005098E-05    3.6571697E-05    4.1867413E-05    4.2088497E-05    3.3202376E-10    1.0000031E-16    1.3594248E-05    1.3254017E-07    1.0498614E-08    1.9487858E-04    6.7070070E-04    3.2846265E-04    8.2805968E-05
    1.5450000E+01   -2.4237841E-04    9.2446604E-05    3.6766856E-05    4.1916637E-05    4.2297545E-05    3.2685102E-10    1.0000031E-16    1.3698772E-05    1.3345797E-07    1.0571436E-08    1.9615477E-04    6.7070070E-04    3.2846265E-04    8.2805968E-05
    1.5550000E+01   -2.4374404E-04    9.2888905E-05    3.6962110E-05    4.1965950E-05    4.2507035E-05    3.2180001E-10    1.0000031E-16    1.3803517E-05    1.3438054E-07    1.0644638E-08    1.9743275E-04    6.7070070E-04    3.2846265E-04    8.2805968E-05
    1.5650000E+01   -2.4511207E-04    9.3332001E-05    3.7157455E-05    4.2015351E-05    4.2716967E-05    3.1686757E-10    1.0000031E-16    1.3908483E-05    1.3530789E-07    1.0718222E-08    1.9871251E-04    6.7070070E-04    3.2846265E-04    8.2805968E-05
    1.5750000E+01   -2.4648249E-04    9.3775893E-05    3.7352886E-05    4.2064841E-05    4.2927342E-05    3.1205067E-10    1.0000031E-16    1.4013671E-05    1.3624007E-07    1.0792190E-08    1.9999404E-04    6.7070070E-04    3.2846265E-04    8.2805968E-05
    1.5850000E+01   -2.4785530E-04    9.4220581E-05    3.7548400E-05    4.2114420E-05    4.3138160E-05    3.0734637E-10    1.0000031E-16    1.4119080E-05    1.3717711E-07    1.0866546E-08    2.0127733E-04    6.7070070E-04    3.2846265E-04    8.2805968E-05
    1.5950000E+01   -2.4923050E-04    9.4666066E-05    3.7743993E-05    4.2164088E-05    4.3349421E-05    3.0275185E-10    1.0000031E-16    1.4224711E-05    1.3811905E-07    1.0941291E-08    2.0256238E-04    6.7070070E-04    3.2846265E-04    8.2805968E-05
    1.6050000E+01   -2.5060809E-04    9.5112349E-05    3.7939659E-05    4.2213845E-05    4.3561127E-05    2.9826441E-10    1.0000031E-16    1.4330563E-05    1.3906591E-07    1.1016430E-08    2.0384917E-04    6.7070070E-04    3.2846265E-04    8.2805968E-05
    1.6150000E+01   -2.5198806E-04    9.5559431E-05    3.8135395E-05    4.2263691E-05    4.3773277E-05    2.9388143E-10    1.0000031E-16    1.4436638E-05    1.4001774E-07    1.1091964E-08    2.0513772E-04    6.7070070E-04    3.2846265E-04    8.2805968E-05
    1.6250000E+01   -2.5337042E-04    9.6007312E-05    3.8331196E-05    4.2313626E-05    4.3985872E-05    2.8960043E-10    1.0000031E-16    1.4542936E-05    1.4097457E-07    1.1167896E-08    2.0642799E-04    6.7070070E-04    3.2846265E-04    8.2805968E-05
    1.6350000E+01   -2.5475516E-04    9.6455993E-05    3.8527057E-05    4.2363650E-05    4.4198913E-05    2.8541902E-10    1.0000031E-16    1.4649456E-05    1.4193644E-07    1.1244231E-08    2.0772000E-04    6.7070070E-04    3.2846265E-04    8.2805968E-05
    1.6450000E+01   -2.5614227E-04    9.6905475E-05    3.8722973E-05    4.2413763E-05    4.4412399E-05    2.8133489E-10    1.0000031E-16    1.4756200E-05    1.4290339E-07    1.1320970E-08    2.0901372E-04    6.7070070E-04    3.2846265E-04    8.2805968E-05
    1.6550000E+01   -2.5753176E-04    9.7355759E-05    3.8918940E-05    4.2463966E-05    4.4626332E-05    2.7734588E-10    1.0000031E-16    1.4863166E-05    1.4387545E-07    1.1398117E-08    2.1030915E-04    6.7070070E-04    3.2846265E-04    8.2805968E-05
    1.6650000E+01   -2.5892363E-04    9.7806844E-05    3.9114952E-05    4.2514258E-05    4.4840712E-05    2.7344989E-10    1.0000031E-16    1.4970356E-05    1.4485268E-07    1.1475675E-08    2.1160628E-04    6.7070070E-04    3.2846265E-04    8.2805968E-05
    1.6750000E+01   -2.6031786E-04    9.8258732E-05    3.9311004E-05    4.2564640E-05    4.5055539E-05    2.6964497E-10    1.0000031E-16    1.5077770E-05    1.4583510E-07    1.1553648E-08    2.1290511E-04    6.7070070E-04    3.2846265E-04    8.2805968E-05
    1.6850000E+01   -2.6171446E-04    9.8711424E-05    3.9507090E-05    4.2615111E-05    4.5270814E-05    2.6592924E-10    1.0000031E-16    1.5185407E-05    1.4682276E-07    1.1632039E-08    2.1420562E-04    6.7070070E-04    3.2846265E-04    8.2805968E-05
    1.6950000E+01   -2.6311343E-04    9.9164921E-05    3.9703206E-05    4.2665672E-05    4.5486537E-05    2.6230095E-10    1.0000031E-16    1.5293269E-05    1.4781570E-07    1.1710851E-08    2.1550780E-04    6.7070070E-04    3.2846265E-04    8.2805968E-05
    1.7050000E+01   -2.6451475E-04    9.9619222E-05    3.9899346E-05    4.2716323E-05    4.5702709E-05    2.5875846E-10    1.0000031E-16    1.5401355E-05    1.4881397E-07    1.1790087E-08    2.1681165E-04    6.7070070E-04    3.2846265E-04    8.2805968E-05
    1.7150000E+01   -2.6591843E-04    1.0007433E-04    4.0095503E-05    4.2767063E-05    4.5919331E-05    2.5530026E-10    1.0000031E-16    1.5509665E-05    1.4981761E-07    1.1869753E-08    2.1811715E-04    6.7070070E-04    3.2846265E-04    8.2805968E-05
    1.7250000E+01   -2.6732447E-04    1.0053024E-04    4.0291672E-05    4.2817894E-05    4.6136401E-05    2.5192496E-10    1.0000031E-16    1.5618201E-05    1.5082668E-07    1.1949850E-08    2.1942429E-04    6.7070070E-04    3.2846265E-04    8.2805968E-05
    1.7350000E+01   -2.6873285E-04    1.0098696E-04    4.0487846E-05    4.2868814E-05    4.6353922E-05    2.4863130E-10    1.0000031E-16    1.5726961E-05    1.5184121E-07    1.2030384E-08    2.2073306E-04    6.7070070E-04    3.2846265E-04    8.2805968E-05
    1.7450000E+01   -2.7014358E-04    1.0144449E-04    4.0684019E-05    4.2919824E-05    4.6571894E-05    2.4541819E-10    1.0000031E-16    1.5835947E-05    1.5286125E-07    1.2111357E-08    2.2204346E-04    6.7070070E-04    3.2846265E-04    8.2805968E-05
    1.7550000E+01   -2.7155665E-04    1.0190283E-04    4.0880184E-05    4.2970925E-05    4.6790317E-05    2.4228468E-10    1.0000031E-16    1.5945158E-05    1.5388686E-07    1.2192775E-08    2.2335546E-04    6.7070070E-04    3.2846265E-04    8.2805968E-05
    1.7650000E+01   -2.7297206E-04    1.0236197E-04    4.1076334E-05    4.3022116E-05    4.7009191E-05    2.3923003E-10    1.0000031E-16    1.6054596E-05    1.5491809E-07    1.2274641E-08    2.2466906E-04    6.7070070E-04    3.2846265E-04    8.2805968E-05
    1.7750000E+01   -2.7438979E-04    1.0282193E-04    4.1272463E-05    4.3073397E-05    4.7228517E-05    2.3625369E-10    1.0000031E-16    1.6164259E-05    1.5595499E-07    1.2356959E-08    2.2598424E-04    6.7070070E-04    3.2846265E-04    8.2805968E-05
    1.7850000E+01   -2.7580986E-04    1.0328270E-04    4.1468562E-05    4.3124769E-05    4.7448296E-05    2.3335534E-10    1.0000031E-16    1.6274148E-05    1.5699762E-07    1.2439735E-08    2.2730099E-04    6.7070070E-04    3.2846265E-04    8.2805968E-05
    1.7950000E+01   -2.7723224E-04    1.0374428E-04    4.1664625E-05    4.3176231E-05    4.7668528E-05    2.3053494E-10    1.0000031E-16    1.6384264E-05    1.5804604E-07    1.2522973E-08    2.2861930E-04    6.7070070E-04    3.2846265E-04    8.2805968E-05
    1.8050000E+01   -2.7865694E-04    1.0420667E-04    4.1860642E-05    4.3227783E-05    4.7889213E-05    2.2779281E-10    1.0000031E-16    1.6494606E-05    1.5910030E-07    1.2606677E-08    2.2993914E-04    6.7070070E-04    3.2846265E-04    8.2805968E-05
    1.8150000E+01   -2.8008394E-04    1.0466987E-04    4.2056606E-05    4.3279427E-05    4.8110352E-05    2.2512960E-10    1.0000031E-16    1.6605176E-05    1.6016047E-07    1.2690853E-08    2.3126052E-04    6.7070070E-04    3.2846265E-04    8.2805968E-05
    1.8250000E+01   -2.8151325E-04    1.0513389E-04    4.2252507E-05    4.3331161E-05    4.8331945E-05    2.2254650E-10    1.0000031E-16    1.6715972E-05    1.6122662E-07    1.2775505E-08    2.3258340E-04    6.7070070E-04    3.2846265E-04    8.2805968E-05
    1.8350000E+01   -2.8294486E-04    1.0559872E-04    4.2448337E-05    4.3382985E-05    4.8553993E-05    2.2004525E-10    1.0000031E-16    1.6826997E-05    1.6229881E-07    1.2860641E-08    2.3390777E-04    6.7070070E-04    3.2846265E-04    8.2805968E-05
    1.8450000E+01   -2.8437875E-04    1.0606437E-04    4.2644084E-05    4.3434901E-05    4.8776496E-05    2.1762836E-10    1.0000031E-16    1.6938248E-05    1.6337711E-07    1.2946264E-08    2.3523362E-04    6.7070070E-04    3.2846265E-04    8.2805968E-05
    1.8550000E+01   -2.8581492E-04    1.0653083E-04    4.2839739E-05    4.3486907E-05    4.8999456E-05    2.1529928E-10    1.0000031E-16    1.7049728E-05    1.6446161E-07    1.3032382E-08    2.3656092E-04    6.7070070E-04    3.2846265E-04    8.2805968E-05
    1.8650000E+01   -2.8725336E-04    1.0699811E-04    4.3035290E-05    4.3539005E-05    4.9222871E-05    2.1306273E-10    1.0000031E-16    1.7161435E-05    1.6555238E-07    1.3119002E-08    2.3788965E-04    6.7070070E-04    3.2846265E-04    8.2805968E-05
    1.8750000E+01   -2.8869406E-04    1.0746620E-04    4.3230724E-05    4.3591194E-05    4.9446743E-05    2.1092508E-10    1.0000031E-16    1.7273371E-05    1.6664952E-07    1.3206130E-08    2.3921979E-04    6.7070070E-04    3.2846265E-04    8.2805968E-05
    1.8850000E+01   -2.9013701E-04    1.0793512E-04    4.3426028E-05    4.3643473E-05    4.9671072E-05    2.0889500E-10    1.0000031E-16    1.7385536E-05    1.6775312E-07    1.3293774E-08    2.4055131E-04    6.7070070E-04    3.2846265E-04    8.2805968E-05
    1.8950000E+01   -2.9158220E-04    1.0840485E-04    4.3621186E-05    4.3695844E-05    4.9895859E-05    2.0698433E-10    1.0000031E-16    1.7497929E-05    1.6886329E-07    1.3381944E-08    2.4188418E-04    6.7070070E-04    3.2846265E-04    8.2805968E-05
    1.9050000E+01   -2.9302960E-04    1.0887540E-04    4.3816180E-05    4.3748307E-05    5.0121103E-05    2.0520951E-10    1.0000031E-16    1.7610552E-05    1.6998016E-07    1.3470649E-08    2.4321837E-04    6.7070070E-04    3.2846265E-04    8.2805968E-05
    1.9150000E+01   -2.9447921E-04    1.0934677E-04    4.4010991E-05    4.3800861E-05    5.0346807E-05    2.0359379E-10    1.0000031E-16    1.7723403E-05    1.7110387E-07    1.3559900E-08    2.4455385E-04    6.7070070E-04    3.2846265E-04    8.2805968E-05
    1.9250000E+01   -2.9593100E-04    1.0981896E-04    4.4205592E-05    4.3853506E-05    5.0572969E-05    2.0217101E-10    1.0000031E-16    1.7836485E-05    1.7223458E-07    1.3649713E-08    2.4589055E-04    6.7070070E-04    3.2846265E-04    8.2805968E-05
    1.9350000E+01   -2.9738494E-04    1.1029198E-04    4.4399955E-05    4.3906243E-05    5.0799591E-05    2.0099210E-10    1.0000031E-16    1.7949795E-05    1.7337252E-07    1.3740102E-08    2.4722842E-04    6.7070070E-04    3.2846265E-04    8.2805968E-05
    1.9450000E+01   -2.9884099E-04    1.1076581E-04    4.4594040E-05    4.3959072E-05    5.1026673E-05    2.0013745E-10    1.0000031E-16    1.8063336E-05    1.7451793E-07    1.3831091E-08    2.4856739E-04    6.7070070E-04    3.2846265E-04    8.2805968E-05
    1.9550000E+01   -3.0029911E-04    1.1124047E-04    4.4787791E-05    4.4011992E-05    5.1254215E-05    1.9974198E-10    1.0000031E-16    1.8177107E-05    1.7567120E-07    1.3922709E-08    2.4990735E-04    6.7070070E-04    3.2846265E-04    8.2805968E-05
    1.9650000E+01   -3.0175922E-04    1.1171595E-04    4.4981128E-05    4.4065004E-05    5.1482218E-05    2.0005221E-10    1.0000031E-16    1.8291109E-05    1.7683288E-07    1.4015000E-08    2.5124814E-04    6.7070070E-04    3.2846265E-04    8.2805968E-05
    1.9750000E+01   -3.0322122E-04    1.1219227E-04    4.5173919E-05    4.4118115E-05    5.1710689E-05    2.0157746E-10    1.0000033E-16    1.8405343E-05    1.7800389E-07    1.4108042E-08    2.5258950E-04    6.7070080E-04    3.2846270E-04    8.2805981E-05
    1.9850000E+01   -3.0472949E-04    1.1268596E-04    4.5372543E-05    4.4177827E-05    5.1947243E-05    2.0556616E-10    1.0001511E-16    1.8522520E-05    1.7921229E-07    1.4204060E-08    2.5396810E-04    6.7079991E-04    3.2851124E-04    8.2818217E-05
    1.9950000E+01   -3.4451005E-04    1.2732590E-04    5.1264505E-05    4.9768120E-05    5.8706206E-05    1.9261975E-10    1.1253685E-16    2.0969134E-05    2.0298547E-07    1.6088586E-08    2.8725447E-04    7.5478306E-04    3.6964035E-04    9.3186934E-05
