# Time          2.2500E+00
# Units: Mol/kgw
    Distance           H+               Na+              K+               Ca++             Mg++             Al+++            Fe+++            Fe++             Li7+             Li6+             SiO2(aq)         CO2(aq)          O2(aq)           Cl-          
    5.0000000E-02   -3.1186914E-05    1.7064822E-05    4.5699915E-06    1.8042635E-05    7.6812896E-06    9.7013838E-08    5.1060713E-17    3.6633617E-08    1.9556682E-08    1.5709104E-09    1.1378954E-05    3.4246348E-04    1.6771484E-04    4.2281185E-05
    1.5000000E-01   -4.8978867E-05    2.6826812E-05    7.2229816E-06    2.8205560E-05    1.2074966E-05    6.6420736E-08    7.9768970E-17    9.4713459E-08    3.0172613E-08    2.4199636E-09    1.8194487E-05    5.3500936E-04    2.6201045E-04    6.6053260E-05
    2.5000000E-01   -5.8148701E-05    3.1728897E-05    8.5963364E-06    3.3140413E-05    1.4280869E-05    5.4934451E-08    9.3651847E-17    1.6339399E-07    3.5539414E-08    2.8469938E-09    2.2038320E-05    6.2812162E-04    3.0761037E-04    7.7549075E-05
    3.5000000E-01   -6.1947307E-05    3.3622565E-05    9.1746147E-06    3.4850771E-05    1.5132543E-05    4.9212406E-08    9.8394817E-17    2.3588053E-07    3.7616242E-08    3.0097892E-09    2.4007098E-05    6.5993265E-04    3.2318921E-04    8.1476525E-05
    4.5000000E-01   -6.3696364E-05    3.4369971E-05    9.4495630E-06    3.5333837E-05    1.5468274E-05    4.5241261E-08    9.9659424E-17    3.0953319E-07    3.8437606E-08    3.0719928E-09    2.5257633E-05    6.6841436E-04    3.2734295E-04    8.2523692E-05
    5.5000000E-01   -6.4865471E-05    3.4792585E-05    9.6385316E-06    3.5468934E-05    1.5657859E-05    4.1914284E-08    9.9937754E-17    3.8359006E-07    3.8905571E-08    3.1061154E-09    2.6305171E-05    6.7028111E-04    3.2825716E-04    8.2754164E-05
    6.5000000E-01   -6.5903942E-05    3.5141296E-05    9.8079602E-06    3.5524382E-05    1.5814237E-05    3.8946971E-08    9.9990175E-17    4.5787402E-07    3.9296034E-08    3.1343070E-09    2.7307714E-05    6.7063270E-04    3.2842935E-04    8.2797573E-05
    7.5000000E-01   -6.6919476E-05    3.5476239E-05    9.9737822E-06    3.5564464E-05    1.5964481E-05    3.6257648E-08    9.9998839E-17    5.3235049E-07    3.9675064E-08    3.1618477E-09    2.8303204E-05    6.7069081E-04    3.2845780E-04    8.2804747E-05
    8.5000000E-01   -6.7933535E-05    3.5809430E-05    1.0139182E-05    3.5602017E-05    1.6113999E-05    3.3808557E-08    1.0000012E-16    6.0701383E-07    4.0055740E-08    3.1897603E-09    2.9299213E-05    6.7069939E-04    3.2846201E-04    8.2805806E-05
    9.5000000E-01   -6.8949762E-05    3.6142943E-05    1.0304709E-05    3.5639254E-05    1.6263723E-05    3.1572466E-08    1.0000029E-16    6.8186346E-07    4.0440204E-08    3.2181914E-09    3.0297029E-05    6.7070054E-04    3.2846257E-04    8.2805948E-05
    1.0500000E+00   -6.9968660E-05    3.6477094E-05    1.0470448E-05    3.5676516E-05    1.6413799E-05    2.9526484E-08    1.0000031E-16    7.5689954E-07    4.0828678E-08    3.2471364E-09    3.1296832E-05    6.7070068E-04    3.2846264E-04    8.2805966E-05
    1.1500000E+00   -7.0990251E-05    3.6811929E-05    1.0636410E-05    3.5713848E-05    1.6564245E-05    2.7650735E-08    1.0000031E-16    8.3212237E-07    4.1221102E-08    3.2765701E-09    3.2298634E-05    6.7070070E-04    3.2846265E-04    8.2805968E-05
    1.2500000E+00   -7.2014496E-05    3.7147453E-05    1.0802597E-05    3.5751256E-05    1.6715064E-05    2.5927831E-08    1.0000031E-16    9.0753224E-07    4.1617386E-08    3.3064675E-09    3.3302423E-05    6.7070070E-04    3.2846265E-04    8.2805968E-05
    1.3500000E+00   -7.3041352E-05    3.7483669E-05    1.0969011E-05    3.5788741E-05    1.6866259E-05    2.4342498E-08    1.0000031E-16    9.8312942E-07    4.2017449E-08    3.3368059E-09    3.4308185E-05    6.7070070E-04    3.2846265E-04    8.2805968E-05
    1.4500000E+00   -7.4070784E-05    3.7820577E-05    1.1135650E-05    3.5826304E-05    1.7017828E-05    2.2881278E-08    1.0000031E-16    1.0589142E-06    4.2421218E-08    3.3675655E-09    3.5315910E-05    6.7070070E-04    3.2846265E-04    8.2805968E-05
    1.5500000E+00   -7.5102757E-05    3.8158178E-05    1.1302515E-05    3.5863943E-05    1.7169774E-05    2.1532278E-08    1.0000031E-16    1.1348868E-06    4.2828632E-08    3.3987282E-09    3.6325588E-05    6.7070070E-04    3.2846265E-04    8.2805968E-05
    1.6500000E+00   -7.6137243E-05    3.8496473E-05    1.1469607E-05    3.5901660E-05    1.7322095E-05    2.0284960E-08    1.0000031E-16    1.2110476E-06    4.3239634E-08    3.4302785E-09    3.7337211E-05    6.7070070E-04    3.2846265E-04    8.2805968E-05
    1.7500000E+00   -7.7174216E-05    3.8835463E-05    1.1636925E-05    3.5939455E-05    1.7474794E-05    1.9129957E-08    1.0000031E-16    1.2873968E-06    4.3654177E-08    3.4622021E-09    3.8350773E-05    6.7070070E-04    3.2846265E-04    8.2805968E-05
    1.8500000E+00   -7.8213655E-05    3.9175148E-05    1.1804470E-05    3.5977327E-05    1.7627869E-05    1.8058929E-08    1.0000031E-16    1.3639346E-06    4.4072218E-08    3.4944866E-09    3.9366269E-05    6.7070070E-04    3.2846265E-04    8.2805968E-05
    1.9500000E+00   -7.9255539E-05    3.9515530E-05    1.1972242E-05    3.6015277E-05    1.7781323E-05    1.7064427E-08    1.0000031E-16    1.4406613E-06    4.4493721E-08    3.5271209E-09    4.0383694E-05    6.7070070E-04    3.2846265E-04    8.2805968E-05
    2.0500000E+00   -8.0299851E-05    3.9856609E-05    1.2140241E-05    3.6053304E-05    1.7935154E-05    1.6139785E-08    1.0000031E-16    1.5175771E-06    4.4918651E-08    3.5600950E-09    4.1403042E-05    6.7070070E-04    3.2846265E-04    8.2805968E-05
    2.1500000E+00   -8.1346576E-05    4.0198386E-05    1.2308468E-05    3.6091409E-05    1.8089365E-05    1.5279026E-08    1.0000031E-16    1.5946824E-06    4.5346981E-08    3.5934000E-09    4.2424310E-05    6.7070070E-04    3.2846265E-04    8.2805968E-05
    2.2500000E+00   -8.2395700E-05    4.0540862E-05    1.2476922E-05    3.6129592E-05    1.8243954E-05    1.4476775E-08    1.0000031E-16    1.6719772E-06    4.5778685E-08    3.6270280E-09    4.3447494E-05    6.7070070E-04    3.2846265E-04    8.2805968E-05
    2.3500000E+00   -8.3447210E-05    4.0884036E-05    1.2645604E-05    3.6167853E-05    1.8398924E-05    1.3728193E-08    1.0000031E-16    1.7494620E-06    4.6213740E-08    3.6609721E-09    4.4472591E-05    6.7070070E-04    3.2846265E-04    8.2805968E-05
    2.4500000E+00   -8.4501098E-05    4.1227912E-05    1.2814514E-05    3.6206192E-05    1.8554274E-05    1.3028914E-08    1.0000031E-16    1.8271369E-06    4.6652128E-08    3.6952257E-09    4.5499599E-05    6.7070070E-04    3.2846265E-04    8.2805968E-05
    2.5500000E+00   -8.5557352E-05    4.1572488E-05    1.2983652E-05    3.6244610E-05    1.8710004E-05    1.2374992E-08    1.0000031E-16    1.9050021E-06    4.7093830E-08    3.7297834E-09    4.6528516E-05    6.7070070E-04    3.2846265E-04    8.2805968E-05
    2.6500000E+00   -8.6615965E-05    4.1917765E-05    1.3153018E-05    3.6283105E-05    1.8866116E-05    1.1762852E-08    1.0000031E-16    1.9830580E-06    4.7538831E-08    3.7646400E-09    4.7559339E-05    6.7070070E-04    3.2846265E-04    8.2805968E-05
    2.7500000E+00   -8.7676930E-05    4.2263745E-05    1.3322612E-05    3.6321679E-05    1.9022609E-05    1.1189253E-08    1.0000031E-16    2.0613047E-06    4.7987119E-08    3.7997910E-09    4.8592067E-05    6.7070070E-04    3.2846265E-04    8.2805968E-05
    2.8500000E+00   -8.8740240E-05    4.2610428E-05    1.3492435E-05    3.6360331E-05    1.9179485E-05    1.0651250E-08    1.0000031E-16    2.1397424E-06    4.8438682E-08    3.8352324E-09    4.9626699E-05    6.7070070E-04    3.2846265E-04    8.2805968E-05
    2.9500000E+00   -8.9805889E-05    4.2957815E-05    1.3662487E-05    3.6399062E-05    1.9336743E-05    1.0146162E-08    1.0000031E-16    2.2183715E-06    4.8893509E-08    3.8709606E-09    5.0663234E-05    6.7070070E-04    3.2846265E-04    8.2805968E-05
    3.0500000E+00   -9.0873874E-05    4.3305907E-05    1.3832767E-05    3.6437871E-05    1.9494384E-05    9.6715466E-09    1.0000031E-16    2.2971921E-06    4.9351593E-08    3.9069724E-09    5.1701671E-05    6.7070070E-04    3.2846265E-04    8.2805968E-05
    3.1500000E+00   -9.1944188E-05    4.3654703E-05    1.4003276E-05    3.6476759E-05    1.9652409E-05    9.2251759E-09    1.0000031E-16    2.3762045E-06    4.9812926E-08    3.9432649E-09    5.2742010E-05    6.7070070E-04    3.2846265E-04    8.2805968E-05
    3.2500000E+00   -9.3016829E-05    4.4004206E-05    1.4174014E-05    3.6515725E-05    1.9810818E-05    8.8050124E-09    1.0000031E-16    2.4554090E-06    5.0277501E-08    3.9798355E-09    5.3784251E-05    6.7070070E-04    3.2846265E-04    8.2805968E-05
    3.3500000E+00   -9.4091794E-05    4.4354416E-05    1.4344981E-05    3.6554771E-05    1.9969611E-05    8.4091919E-09    1.0000031E-16    2.5348057E-06    5.0745314E-08    4.0166820E-09    5.4828392E-05    6.7070070E-04    3.2846265E-04    8.2805968E-05
    3.4500000E+00   -9.5169079E-05    4.4705332E-05    1.4516177E-05    3.6593895E-05    2.0128790E-05    8.0360063E-09    1.0000031E-16    2.6143948E-06    5.1216360E-08    4.0538023E-09    5.5874434E-05    6.7070070E-04    3.2846265E-04    8.2805968E-05
    3.5500000E+00   -9.6248682E-05    4.5056957E-05    1.4687603E-05    3.6633098E-05    2.0288353E-05    7.6838883E-09    1.0000031E-16    2.6941767E-06    5.1690636E-08    4.0911946E-09    5.6922378E-05    6.7070070E-04    3.2846265E-04    8.2805968E-05
    3.6500000E+00   -9.7330602E-05    4.5409291E-05    1.4859258E-05    3.6672380E-05    2.0448303E-05    7.3513982E-09    1.0000031E-16    2.7741516E-06    5.2168139E-08    4.1288573E-09    5.7972223E-05    6.7070070E-04    3.2846265E-04    8.2805968E-05
    3.7500000E+00   -9.8414837E-05    4.5762335E-05    1.5031142E-05    3.6711742E-05    2.0608639E-05    7.0372119E-09    1.0000031E-16    2.8543196E-06    5.2648867E-08    4.1667890E-09    5.9023969E-05    6.7070070E-04    3.2846265E-04    8.2805968E-05
    3.8500000E+00   -9.9501385E-05    4.6116089E-05    1.5203256E-05    3.6751182E-05    2.0769362E-05    6.7401102E-09    1.0000031E-16    2.9346811E-06    5.3132819E-08    4.2049885E-09    6.0077618E-05    6.7070070E-04    3.2846265E-04    8.2805968E-05
    3.9500000E+00   -1.0059025E-04    4.6470553E-05    1.5375599E-05    3.6790702E-05    2.0930472E-05    6.4589693E-09    1.0000031E-16    3.0152362E-06    5.3619994E-08    4.2434546E-09    6.1133168E-05    6.7070070E-04    3.2846265E-04    8.2805968E-05
    4.0500000E+00   -1.0168142E-04    4.6825730E-05    1.5548172E-05    3.6830301E-05    2.1091971E-05    6.1927523E-09    1.0000031E-16    3.0959853E-06    5.4110391E-08    4.2821865E-09    6.2190622E-05    6.7070070E-04    3.2846265E-04    8.2805968E-05
    4.1500000E+00   -1.0277490E-04    4.7181619E-05    1.5720975E-05    3.6869980E-05    2.1253857E-05    5.9405012E-09    1.0000031E-16    3.1769284E-06    5.4604012E-08    4.3211833E-09    6.3249979E-05    6.7070070E-04    3.2846265E-04    8.2805968E-05
    4.2500000E+00   -1.0387070E-04    4.7538221E-05    1.5894007E-05    3.6909738E-05    2.1416132E-05    5.7013302E-09    1.0000031E-16    3.2580659E-06    5.5100856E-08    4.3604443E-09    6.4311240E-05    6.7070070E-04    3.2846265E-04    8.2805968E-05
    4.3500000E+00   -1.0496880E-04    4.7895537E-05    1.6067270E-05    3.6949575E-05    2.1578796E-05    5.4744196E-09    1.0000031E-16    3.3393980E-06    5.5600926E-08    4.3999688E-09    6.5374406E-05    6.7070070E-04    3.2846265E-04    8.2805968E-05
    4.4500000E+00   -1.0606922E-04    4.8253567E-05    1.6240762E-05    3.6989493E-05    2.1741850E-05    5.2590097E-09    1.0000031E-16    3.4209249E-06    5.6104222E-08    4.4397564E-09    6.6439477E-05    6.7070070E-04    3.2846265E-04    8.2805968E-05
    4.5500000E+00   -1.0717194E-04    4.8612313E-05    1.6414484E-05    3.7029490E-05    2.1905294E-05    5.0543961E-09    1.0000031E-16    3.5026469E-06    5.6610747E-08    4.4798067E-09    6.7506455E-05    6.7070070E-04    3.2846265E-04    8.2805968E-05
    4.6500000E+00   -1.0827698E-04    4.8971775E-05    1.6588435E-05    3.7069567E-05    2.2069128E-05    4.8599252E-09    1.0000031E-16    3.5845642E-06    5.7120502E-08    4.5201192E-09    6.8575340E-05    6.7070070E-04    3.2846265E-04    8.2805968E-05
    4.7500000E+00   -1.0938433E-04    4.9331953E-05    1.6762617E-05    3.7109724E-05    2.2233354E-05    4.6749894E-09    1.0000031E-16    3.6666770E-06    5.7633492E-08    4.5606938E-09    6.9646133E-05    6.7070070E-04    3.2846265E-04    8.2805968E-05
    4.8500000E+00   -1.1049399E-04    4.9692849E-05    1.6937028E-05    3.7149960E-05    2.2397971E-05    4.4990241E-09    1.0000031E-16    3.7489855E-06    5.8149717E-08    4.6015302E-09    7.0718834E-05    6.7070070E-04    3.2846265E-04    8.2805968E-05
    4.9500000E+00   -1.1160597E-04    5.0054464E-05    1.7111669E-05    3.7190277E-05    2.2562980E-05    4.3315038E-09    1.0000031E-16    3.8314901E-06    5.8669183E-08    4.6426283E-09    7.1793446E-05    6.7070070E-04    3.2846265E-04    8.2805968E-05
    5.0500000E+00   -1.1272025E-04    5.0416797E-05    1.7286541E-05    3.7230674E-05    2.2728382E-05    4.1719389E-09    1.0000031E-16    3.9141908E-06    5.9191892E-08    4.6839880E-09    7.2869967E-05    6.7070070E-04    3.2846265E-04    8.2805968E-05
    5.1500000E+00   -1.1383686E-04    5.0779849E-05    1.7461641E-05    3.7271152E-05    2.2894176E-05    4.0198733E-09    1.0000031E-16    3.9970881E-06    5.9717847E-08    4.7256093E-09    7.3948401E-05    6.7070070E-04    3.2846265E-04    8.2805968E-05
    5.2500000E+00   -1.1495578E-04    5.1143622E-05    1.7636972E-05    3.7311709E-05    2.3060364E-05    3.8748814E-09    1.0000031E-16    4.0801820E-06    6.0247054E-08    4.7674922E-09    7.5028747E-05    6.7070070E-04    3.2846265E-04    8.2805968E-05
    5.3500000E+00   -1.1607701E-04    5.1508116E-05    1.7812532E-05    3.7352347E-05    2.3226946E-05    3.7365659E-09    1.0000031E-16    4.1634728E-06    6.0779516E-08    4.8096367E-09    7.6111006E-05    6.7070070E-04    3.2846265E-04    8.2805968E-05
    5.4500000E+00   -1.1720056E-04    5.1873332E-05    1.7988322E-05    3.7393065E-05    2.3393922E-05    3.6045557E-09    1.0000031E-16    4.2469608E-06    6.1315238E-08    4.8520429E-09    7.7195179E-05    6.7070070E-04    3.2846265E-04    8.2805968E-05
    5.5500000E+00   -1.1832643E-04    5.2239270E-05    1.8164341E-05    3.7433864E-05    2.3561292E-05    3.4785037E-09    1.0000031E-16    4.3306462E-06    6.1854224E-08    4.8947110E-09    7.8281268E-05    6.7070070E-04    3.2846265E-04    8.2805968E-05
    5.6500000E+00   -1.1945463E-04    5.2605931E-05    1.8340590E-05    3.7474744E-05    2.3729059E-05    3.3580855E-09    1.0000031E-16    4.4145293E-06    6.2396479E-08    4.9376412E-09    7.9369273E-05    6.7070070E-04    3.2846265E-04    8.2805968E-05
    5.7500000E+00   -1.2058514E-04    5.2973316E-05    1.8517069E-05    3.7515704E-05    2.3897220E-05    3.2429970E-09    1.0000031E-16    4.4986101E-06    6.2942008E-08    4.9808336E-09    8.0459195E-05    6.7070070E-04    3.2846265E-04    8.2805968E-05
    5.8500000E+00   -1.2171797E-04    5.3341426E-05    1.8693776E-05    3.7556745E-05    2.4065778E-05    3.1329535E-09    1.0000031E-16    4.5828891E-06    6.3490817E-08    5.0242886E-09    8.1551035E-05    6.7070070E-04    3.2846265E-04    8.2805968E-05
    5.9500000E+00   -1.2285313E-04    5.3710261E-05    1.8870713E-05    3.7597867E-05    2.4234733E-05    3.0276882E-09    1.0000031E-16    4.6673664E-06    6.4042911E-08    5.0680063E-09    8.2644794E-05    6.7070070E-04    3.2846265E-04    8.2805968E-05
    6.0500000E+00   -1.2399062E-04    5.4079822E-05    1.9047879E-05    3.7639070E-05    2.4404085E-05    2.9269506E-09    1.0000031E-16    4.7520423E-06    6.4598295E-08    5.1119872E-09    8.3740474E-05    6.7070070E-04    3.2846265E-04    8.2805968E-05
    6.1500000E+00   -1.2513043E-04    5.4450110E-05    1.9225273E-05    3.7680354E-05    2.4573834E-05    2.8305058E-09    1.0000031E-16    4.8369169E-06    6.5156976E-08    5.1562314E-09    8.4838074E-05    6.7070070E-04    3.2846265E-04    8.2805968E-05
    6.2500000E+00   -1.2627257E-04    5.4821125E-05    1.9402897E-05    3.7721719E-05    2.4743981E-05    2.7381329E-09    1.0000031E-16    4.9219906E-06    6.5718959E-08    5.2007394E-09    8.5937596E-05    6.7070070E-04    3.2846265E-04    8.2805968E-05
    6.3500000E+00   -1.2741704E-04    5.5192868E-05    1.9580749E-05    3.7763165E-05    2.4914527E-05    2.6496246E-09    1.0000031E-16    5.0072635E-06    6.6284250E-08    5.2455115E-09    8.7039041E-05    6.7070070E-04    3.2846265E-04    8.2805968E-05
    6.4500000E+00   -1.2856384E-04    5.5565341E-05    1.9758829E-05    3.7804693E-05    2.5085472E-05    2.5647857E-09    1.0000031E-16    5.0927359E-06    6.6852856E-08    5.2905481E-09    8.8142409E-05    6.7070070E-04    3.2846265E-04    8.2805968E-05
    6.5500000E+00   -1.2971298E-04    5.5938543E-05    1.9937138E-05    3.7846302E-05    2.5256816E-05    2.4834327E-09    1.0000031E-16    5.1784081E-06    6.7424783E-08    5.3358496E-09    8.9247702E-05    6.7070070E-04    3.2846265E-04    8.2805968E-05
    6.6500000E+00   -1.3086444E-04    5.6312475E-05    2.0115675E-05    3.7887992E-05    2.5428560E-05    2.4053927E-09    1.0000031E-16    5.2642802E-06    6.8000037E-08    5.3814165E-09    9.0354920E-05    6.7070070E-04    3.2846265E-04    8.2805968E-05
    6.7500000E+00   -1.3201825E-04    5.6687138E-05    2.0294439E-05    3.7929764E-05    2.5600705E-05    2.3305030E-09    1.0000031E-16    5.3503525E-06    6.8578626E-08    5.4272493E-09    9.1464064E-05    6.7070070E-04    3.2846265E-04    8.2805968E-05
    6.8500000E+00   -1.3317439E-04    5.7062533E-05    2.0473431E-05    3.7971617E-05    2.5773250E-05    2.2586102E-09    1.0000031E-16    5.4366252E-06    6.9160556E-08    5.4733483E-09    9.2575136E-05    6.7070070E-04    3.2846265E-04    8.2805968E-05
    6.9500000E+00   -1.3433287E-04    5.7438660E-05    2.0652651E-05    3.8013552E-05    2.5946197E-05    2.1895695E-09    1.0000031E-16    5.5230986E-06    6.9745834E-08    5.5197141E-09    9.3688135E-05    6.7070070E-04    3.2846265E-04    8.2805968E-05
    7.0500000E+00   -1.3549369E-04    5.7815521E-05    2.0832098E-05    3.8055568E-05    2.6119546E-05    2.1232444E-09    1.0000031E-16    5.6097729E-06    7.0334467E-08    5.5663472E-09    9.4803063E-05    6.7070070E-04    3.2846265E-04    8.2805968E-05
    7.1500000E+00   -1.3665686E-04    5.8193115E-05    2.1011771E-05    3.8097667E-05    2.6293296E-05    2.0595060E-09    1.0000031E-16    5.6966482E-06    7.0926463E-08    5.6132481E-09    9.5919921E-05    6.7070070E-04    3.2846265E-04    8.2805968E-05
    7.2500000E+00   -1.3782237E-04    5.8571444E-05    2.1191671E-05    3.8139847E-05    2.6467450E-05    1.9982328E-09    1.0000031E-16    5.7837250E-06    7.1521829E-08    5.6604174E-09    9.7038708E-05    6.7070070E-04    3.2846265E-04    8.2805968E-05
    7.3500000E+00   -1.3899022E-04    5.8950508E-05    2.1371798E-05    3.8182110E-05    2.6642007E-05    1.9393095E-09    1.0000031E-16    5.8710033E-06    7.2120572E-08    5.7078556E-09    9.8159427E-05    6.7070070E-04    3.2846265E-04    8.2805968E-05
    7.4500000E+00   -1.4016043E-04    5.9330308E-05    2.1552150E-05    3.8224454E-05    2.6816967E-05    1.8826276E-09    1.0000031E-16    5.9584835E-06    7.2722701E-08    5.7555633E-09    9.9282077E-05    6.7070070E-04    3.2846265E-04    8.2805968E-05
    7.5500000E+00   -1.4133298E-04    5.9710845E-05    2.1732728E-05    3.8266881E-05    2.6992331E-05    1.8280840E-09    1.0000031E-16    6.0461657E-06    7.3328223E-08    5.8035411E-09    1.0040666E-04    6.7070070E-04    3.2846265E-04    8.2805968E-05
    7.6500000E+00   -1.4250788E-04    6.0092120E-05    2.1913531E-05    3.8309390E-05    2.7168100E-05    1.7755817E-09    1.0000031E-16    6.1340502E-06    7.3937147E-08    5.8517896E-09    1.0153317E-04    6.7070070E-04    3.2846265E-04    8.2805968E-05
    7.7500000E+00   -1.4368513E-04    6.0474132E-05    2.2094559E-05    3.8351981E-05    2.7344275E-05    1.7250282E-09    1.0000031E-16    6.2221373E-06    7.4549480E-08    5.9003093E-09    1.0266162E-04    6.7070070E-04    3.2846265E-04    8.2805968E-05
    7.8500000E+00   -1.4486474E-04    6.0856884E-05    2.2275812E-05    3.8394654E-05    2.7520854E-05    1.6763365E-09    1.0000031E-16    6.3104271E-06    7.5165230E-08    5.9491010E-09    1.0379201E-04    6.7070070E-04    3.2846265E-04    8.2805968E-05
    7.9500000E+00   -1.4604671E-04    6.1240375E-05    2.2457289E-05    3.8437410E-05    2.7697840E-05    1.6294238E-09    1.0000031E-16    6.3989199E-06    7.5784407E-08    5.9981652E-09    1.0492432E-04    6.7070070E-04    3.2846265E-04    8.2805968E-05
    8.0500000E+00   -1.4723103E-04    6.1624606E-05    2.2638989E-05    3.8480249E-05    2.7875232E-05    1.5842117E-09    1.0000031E-16    6.4876159E-06    7.6407018E-08    6.0475027E-09    1.0605858E-04    6.7070070E-04    3.2846265E-04    8.2805968E-05
    8.1500000E+00   -1.4841771E-04    6.2009578E-05    2.2820913E-05    3.8523170E-05    2.8053031E-05    1.5406258E-09    1.0000031E-16    6.5765153E-06    7.7033073E-08    6.0971141E-09    1.0719476E-04    6.7070070E-04    3.2846265E-04    8.2805968E-05
    8.2500000E+00   -1.4960675E-04    6.2395293E-05    2.3003059E-05    3.8566174E-05    2.8231237E-05    1.4985955E-09    1.0000031E-16    6.6656185E-06    7.7662580E-08    6.1470001E-09    1.0833289E-04    6.7070070E-04    3.2846265E-04    8.2805968E-05
    8.3500000E+00   -1.5079815E-04    6.2781749E-05    2.3185428E-05    3.8609260E-05    2.8409851E-05    1.4580539E-09    1.0000031E-16    6.7549256E-06    7.8295549E-08    6.1971613E-09    1.0947295E-04    6.7070070E-04    3.2846265E-04    8.2805968E-05
    8.4500000E+00   -1.5199192E-04    6.3168949E-05    2.3368019E-05    3.8652430E-05    2.8588874E-05    1.4189375E-09    1.0000031E-16    6.8444368E-06    7.8931988E-08    6.2475986E-09    1.1061495E-04    6.7070070E-04    3.2846265E-04    8.2805968E-05
    8.5500000E+00   -1.5318805E-04    6.3556892E-05    2.3550831E-05    3.8695682E-05    2.8768305E-05    1.3811856E-09    1.0000031E-16    6.9341524E-06    7.9571907E-08    6.2983126E-09    1.1175888E-04    6.7070070E-04    3.2846265E-04    8.2805968E-05
    8.6500000E+00   -1.5438655E-04    6.3945580E-05    2.3733864E-05    3.8739018E-05    2.8948145E-05    1.3447410E-09    1.0000031E-16    7.0240727E-06    8.0215316E-08    6.3493041E-09    1.1290476E-04    6.7070070E-04    3.2846265E-04    8.2805968E-05
    8.7500000E+00   -1.5558741E-04    6.4335014E-05    2.3917117E-05    3.8782436E-05    2.9128396E-05    1.3095491E-09    1.0000031E-16    7.1141978E-06    8.0862223E-08    6.4005738E-09    1.1405257E-04    6.7070070E-04    3.2846265E-04    8.2805968E-05
    8.8500000E+00   -1.5679065E-04    6.4725193E-05    2.4100590E-05    3.8825938E-05    2.9309056E-05    1.2755578E-09    1.0000031E-16    7.2045280E-06    8.1512640E-08    6.4521226E-09    1.1520232E-04    6.7070070E-04    3.2846265E-04    8.2805968E-05
    8.9500000E+00   -1.5799626E-04    6.5116120E-05    2.4284281E-05    3.8869523E-05    2.9490127E-05    1.2427179E-09    1.0000031E-16    7.2950635E-06    8.2166575E-08    6.5039511E-09    1.1635400E-04    6.7070070E-04    3.2846265E-04    8.2805968E-05
    9.0500000E+00   -1.5920424E-04    6.5507793E-05    2.4468192E-05    3.8913191E-05    2.9671609E-05    1.2109822E-09    1.0000031E-16    7.3858046E-06    8.2824040E-08    6.5560602E-09    1.1750763E-04    6.7070070E-04    3.2846265E-04    8.2805968E-05
    9.1500000E+00   -1.6041459E-04    6.5900215E-05    2.4652320E-05    3.8956943E-05    2.9853503E-05    1.1803060E-09    1.0000031E-16    7.4767514E-06    8.3485044E-08    6.6084507E-09    1.1866319E-04    6.7070070E-04    3.2846265E-04    8.2805968E-05
    9.2500000E+00   -1.6162733E-04    6.6293386E-05    2.4836665E-05    3.9000778E-05    3.0035809E-05    1.1506467E-09    1.0000031E-16    7.5679043E-06    8.4149597E-08    6.6611235E-09    1.1982069E-04    6.7070070E-04    3.2846265E-04    8.2805968E-05
    9.3500000E+00   -1.6284244E-04    6.6687306E-05    2.5021227E-05    3.9044696E-05    3.0218527E-05    1.1219635E-09    1.0000031E-16    7.6592635E-06    8.4817711E-08    6.7140793E-09    1.2098014E-04    6.7070070E-04    3.2846265E-04    8.2805968E-05
    9.4500000E+00   -1.6405992E-04    6.7081976E-05    2.5206004E-05    3.9088699E-05    3.0401658E-05    1.0942178E-09    1.0000031E-16    7.7508291E-06    8.5489396E-08    6.7673191E-09    1.2214152E-04    6.7070070E-04    3.2846265E-04    8.2805968E-05
    9.5500000E+00   -1.6527979E-04    6.7477398E-05    2.5390997E-05    3.9132785E-05    3.0585203E-05    1.0673726E-09    1.0000031E-16    7.8426015E-06    8.6164664E-08    6.8208436E-09    1.2330483E-04    6.7070070E-04    3.2846265E-04    8.2805968E-05
    9.6500000E+00   -1.6650204E-04    6.7873571E-05    2.5576204E-05    3.9176955E-05    3.0769162E-05    1.0413926E-09    1.0000031E-16    7.9345808E-06    8.6843524E-08    6.8746539E-09    1.2447009E-04    6.7070070E-04    3.2846265E-04    8.2805968E-05
    9.7500000E+00   -1.6772668E-04    6.8270497E-05    2.5761624E-05    3.9221209E-05    3.0953535E-05    1.0162443E-09    1.0000031E-16    8.0267673E-06    8.7525990E-08    6.9287507E-09    1.2563729E-04    6.7070070E-04    3.2846265E-04    8.2805968E-05
    9.8500000E+00   -1.6895370E-04    6.8668176E-05    2.5947257E-05    3.9265546E-05    3.1138322E-05    9.9189552E-10    1.0000031E-16    8.1191612E-06    8.8212072E-08    6.9831351E-09    1.2680642E-04    6.7070070E-04    3.2846265E-04    8.2805968E-05
    9.9500000E+00   -1.7018310E-04    6.9066609E-05    2.6133101E-05    3.9309968E-05    3.1323526E-05    9.6831565E-10    1.0000031E-16    8.2117628E-06    8.8901781E-08    7.0378078E-09    1.2797749E-04    6.7070070E-04    3.2846265E-04    8.2805968E-05
    1.0050000E+01   -1.7141489E-04    6.9465796E-05    2.6319157E-05    3.9354474E-05    3.1509145E-05    9.4547541E-10    1.0000031E-16    8.3045723E-06    8.9595131E-08    7.0927700E-09    1.2915050E-04    6.7070070E-04    3.2846265E-04    8.2805968E-05
    1.0150000E+01   -1.7264907E-04    6.9865739E-05    2.6505422E-05    3.9399064E-05    3.1695180E-05    9.2334684E-10    1.0000031E-16    8.3975899E-06    9.0292133E-08    7.1480225E-09    1.3032544E-04    6.7070070E-04    3.2846265E-04    8.2805968E-05
    1.0250000E+01   -1.7388564E-04    7.0266437E-05    2.6691897E-05    3.9443739E-05    3.1881632E-05    9.0190322E-10    1.0000031E-16    8.4908158E-06    9.0992799E-08    7.2035664E-09    1.3150232E-04    6.7070070E-04    3.2846265E-04    8.2805968E-05
    1.0350000E+01   -1.7512460E-04    7.0667893E-05    2.6878580E-05    3.9488498E-05    3.2068501E-05    8.8111900E-10    1.0000031E-16    8.5842504E-06    9.1697141E-08    7.2594026E-09    1.3268114E-04    6.7070070E-04    3.2846265E-04    8.2805968E-05
    1.0450000E+01   -1.7636596E-04    7.1070105E-05    2.7065470E-05    3.9533341E-05    3.2255787E-05    8.6096975E-10    1.0000031E-16    8.6778937E-06    9.2405174E-08    7.3155322E-09    1.3386190E-04    6.7070070E-04    3.2846265E-04    8.2805968E-05
    1.0550000E+01   -1.7760970E-04    7.1473076E-05    2.7252566E-05    3.9578269E-05    3.2443492E-05    8.4143210E-10    1.0000031E-16    8.7717461E-06    9.3116909E-08    7.3719561E-09    1.3504458E-04    6.7070070E-04    3.2846265E-04    8.2805968E-05
    1.0650000E+01   -1.7885584E-04    7.1876806E-05    2.7439867E-05    3.9623281E-05    3.2631616E-05    8.2248369E-10    1.0000031E-16    8.8658078E-06    9.3832359E-08    7.4286755E-09    1.3622921E-04    6.7070070E-04    3.2846265E-04    8.2805968E-05
    1.0750000E+01   -1.8010438E-04    7.2281296E-05    2.7627373E-05    3.9668378E-05    3.2820158E-05    8.0410311E-10    1.0000031E-16    8.9600791E-06    9.4551538E-08    7.4856913E-09    1.3741576E-04    6.7070070E-04    3.2846265E-04    8.2805968E-05
    1.0850000E+01   -1.8135532E-04    7.2686545E-05    2.7815081E-05    3.9713560E-05    3.3009120E-05    7.8626987E-10    1.0000031E-16    9.0545601E-06    9.5274460E-08    7.5430048E-09    1.3860425E-04    6.7070070E-04    3.2846265E-04    8.2805968E-05
    1.0950000E+01   -1.8260865E-04    7.3092556E-05    2.8002991E-05    3.9758827E-05    3.3198502E-05    7.6896436E-10    1.0000031E-16    9.1492510E-06    9.6001139E-08    7.6006169E-09    1.3979467E-04    6.7070070E-04    3.2846265E-04    8.2805968E-05
    1.1050000E+01   -1.8386438E-04    7.3499329E-05    2.8191101E-05    3.9804179E-05    3.3388304E-05    7.5216776E-10    1.0000031E-16    9.2441522E-06    9.6731588E-08    7.6585288E-09    1.4098702E-04    6.7070070E-04    3.2846265E-04    8.2805968E-05
    1.1150000E+01   -1.8512251E-04    7.3906863E-05    2.8379411E-05    3.9849615E-05    3.3578528E-05    7.3586208E-10    1.0000031E-16    9.3392639E-06    9.7465821E-08    7.7167417E-09    1.4218130E-04    6.7070070E-04    3.2846265E-04    8.2805968E-05
    1.1250000E+01   -1.8638304E-04    7.4315161E-05    2.8567919E-05    3.9895137E-05    3.3769172E-05    7.2003004E-10    1.0000031E-16    9.4345862E-06    9.8203854E-08    7.7752568E-09    1.4337751E-04    6.7070070E-04    3.2846265E-04    8.2805968E-05
    1.1350000E+01   -1.8764598E-04    7.4724223E-05    2.8756624E-05    3.9940744E-05    3.3960239E-05    7.0465509E-10    1.0000031E-16    9.5301195E-06    9.8945700E-08    7.8340751E-09    1.4457565E-04    6.7070070E-04    3.2846265E-04    8.2805968E-05
    1.1450000E+01   -1.8891132E-04    7.5134050E-05    2.8945524E-05    3.9986436E-05    3.4151728E-05    6.8972136E-10    1.0000031E-16    9.6258639E-06    9.9691376E-08    7.8931979E-09    1.4577571E-04    6.7070070E-04    3.2846265E-04    8.2805968E-05
    1.1550000E+01   -1.9017906E-04    7.5544642E-05    2.9134619E-05    4.0032213E-05    3.4343639E-05    6.7521363E-10    1.0000031E-16    9.7218197E-06    1.0044090E-07    7.9526264E-09    1.4697770E-04    6.7070070E-04    3.2846265E-04    8.2805968E-05
    1.1650000E+01   -1.9144920E-04    7.5955999E-05    2.9323906E-05    4.0078076E-05    3.4535974E-05    6.6111729E-10    1.0000031E-16    9.8179872E-06    1.0119428E-07    8.0123619E-09    1.4818161E-04    6.7070070E-04    3.2846265E-04    8.2805968E-05
    1.1750000E+01   -1.9272175E-04    7.6368124E-05    2.9513384E-05    4.0124025E-05    3.4728733E-05    6.4741832E-10    1.0000031E-16    9.9143664E-06    1.0195153E-07    8.0724056E-09    1.4938745E-04    6.7070070E-04    3.2846265E-04    8.2805968E-05
    1.1850000E+01   -1.9399671E-04    7.6781016E-05    2.9703053E-05    4.0170059E-05    3.4921916E-05    6.3410327E-10    1.0000031E-16    1.0010958E-05    1.0271268E-07    8.1327589E-09    1.5059520E-04    6.7070070E-04    3.2846265E-04    8.2805968E-05
    1.1950000E+01   -1.9527408E-04    7.7194676E-05    2.9892909E-05    4.0216178E-05    3.5115523E-05    6.2115921E-10    1.0000031E-16    1.0107762E-05    1.0347773E-07    8.1934230E-09    1.5180488E-04    6.7070070E-04    3.2846265E-04    8.2805968E-05
    1.2050000E+01   -1.9655385E-04    7.7609105E-05    3.0082953E-05    4.0262383E-05    3.5309556E-05    6.0857374E-10    1.0000031E-16    1.0204778E-05    1.0424671E-07    8.2543992E-09    1.5301647E-04    6.7070070E-04    3.2846265E-04    8.2805968E-05
    1.2150000E+01   -1.9783603E-04    7.8024304E-05    3.0273181E-05    4.0308674E-05    3.5504014E-05    5.9633494E-10    1.0000031E-16    1.0302007E-05    1.0501963E-07    8.3156889E-09    1.5422997E-04    6.7070070E-04    3.2846265E-04    8.2805968E-05
    1.2250000E+01   -1.9912062E-04    7.8440273E-05    3.0463593E-05    4.0355051E-05    3.5698898E-05    5.8443135E-10    1.0000031E-16    1.0399449E-05    1.0579651E-07    8.3772936E-09    1.5544539E-04    6.7070070E-04    3.2846265E-04    8.2805968E-05
    1.2350000E+01   -2.0040762E-04    7.8857012E-05    3.0654187E-05    4.0401514E-05    3.5894208E-05    5.7285197E-10    1.0000031E-16    1.0497104E-05    1.0657737E-07    8.4392145E-09    1.5666273E-04    6.7070070E-04    3.2846265E-04    8.2805968E-05
    1.2450000E+01   -2.0169703E-04    7.9274524E-05    3.0844961E-05    4.0448063E-05    3.6089946E-05    5.6158622E-10    1.0000031E-16    1.0594973E-05    1.0736222E-07    8.5014531E-09    1.5788197E-04    6.7070070E-04    3.2846265E-04    8.2805968E-05
    1.2550000E+01   -2.0298885E-04    7.9692808E-05    3.1035913E-05    4.0494698E-05    3.6286111E-05    5.5062393E-10    1.0000031E-16    1.0693056E-05    1.0815108E-07    8.5640110E-09    1.5910312E-04    6.7070070E-04    3.2846265E-04    8.2805968E-05
    1.2650000E+01   -2.0428308E-04    8.0111865E-05    3.1227041E-05    4.0541420E-05    3.6482704E-05    5.3995531E-10    1.0000031E-16    1.0791352E-05    1.0894397E-07    8.6268894E-09    1.6032617E-04    6.7070070E-04    3.2846265E-04    8.2805968E-05
    1.2750000E+01   -2.0557972E-04    8.0531696E-05    3.1418344E-05    4.0588227E-05    3.6679725E-05    5.2957095E-10    1.0000031E-16    1.0889863E-05    1.0974091E-07    8.6900901E-09    1.6155113E-04    6.7070070E-04    3.2846265E-04    8.2805968E-05
    1.2850000E+01   -2.0687878E-04    8.0952302E-05    3.1609820E-05    4.0635121E-05    3.6877176E-05    5.1946181E-10    1.0000031E-16    1.0988588E-05    1.1054192E-07    8.7536144E-09    1.6277799E-04    6.7070070E-04    3.2846265E-04    8.2805968E-05
    1.2950000E+01   -2.0818024E-04    8.1373683E-05    3.1801466E-05    4.0682101E-05    3.7075055E-05    5.0961917E-10    1.0000031E-16    1.1087528E-05    1.1134702E-07    8.8174640E-09    1.6400675E-04    6.7070070E-04    3.2846265E-04    8.2805968E-05
    1.3050000E+01   -2.0948412E-04    8.1795840E-05    3.1993281E-05    4.0729168E-05    3.7273364E-05    5.0003464E-10    1.0000031E-16    1.1186682E-05    1.1215623E-07    8.8816404E-09    1.6523740E-04    6.7070070E-04    3.2846265E-04    8.2805968E-05
    1.3150000E+01   -2.1079041E-04    8.2218774E-05    3.2185263E-05    4.0776322E-05    3.7472104E-05    4.9070016E-10    1.0000031E-16    1.1286052E-05    1.1296956E-07    8.9461452E-09    1.6646994E-04    6.7070070E-04    3.2846265E-04    8.2805968E-05
    1.3250000E+01   -2.1209911E-04    8.2642485E-05    3.2377409E-05    4.0823562E-05    3.7671274E-05    4.8160795E-10    1.0000031E-16    1.1385637E-05    1.1378704E-07    9.0109802E-09    1.6770438E-04    6.7070070E-04    3.2846265E-04    8.2805968E-05
    1.3350000E+01   -2.1341023E-04    8.3066974E-05    3.2569717E-05    4.0870889E-05    3.7870875E-05    4.7275054E-10    1.0000031E-16    1.1485438E-05    1.1460869E-07    9.0761469E-09    1.6894070E-04    6.7070070E-04    3.2846265E-04    8.2805968E-05
    1.3450000E+01   -2.1472376E-04    8.3492242E-05    3.2762185E-05    4.0918303E-05    3.8070908E-05    4.6412071E-10    1.0000031E-16    1.1585454E-05    1.1543453E-07    9.1416471E-09    1.7017890E-04    6.7070070E-04    3.2846265E-04    8.2805968E-05
    1.3550000E+01   -2.1603970E-04    8.3918290E-05    3.2954810E-05    4.0965803E-05    3.8271374E-05    4.5571153E-10    1.0000031E-16    1.1685687E-05    1.1626458E-07    9.2074825E-09    1.7141899E-04    6.7070070E-04    3.2846265E-04    8.2805968E-05
    1.3650000E+01   -2.1735805E-04    8.4345118E-05    3.3147591E-05    4.1013391E-05    3.8472271E-05    4.4751629E-10    1.0000031E-16    1.1786136E-05    1.1709887E-07    9.2736548E-09    1.7266095E-04    6.7070070E-04    3.2846265E-04    8.2805968E-05
    1.3750000E+01   -2.1867882E-04    8.4772727E-05    3.3340525E-05    4.1061066E-05    3.8673602E-05    4.3952856E-10    1.0000031E-16    1.1886801E-05    1.1793741E-07    9.3401659E-09    1.7390479E-04    6.7070070E-04    3.2846265E-04    8.2805968E-05
    1.3850000E+01   -2.2000199E-04    8.5201117E-05    3.3533609E-05    4.1108828E-05    3.8875366E-05    4.3174212E-10    1.0000031E-16    1.1987683E-05    1.1878023E-07    9.4070177E-09    1.7515050E-04    6.7070070E-04    3.2846265E-04    8.2805968E-05
    1.3950000E+01   -2.2132758E-04    8.5630291E-05    3.3726841E-05    4.1156677E-05    3.9077565E-05    4.2415099E-10    1.0000031E-16    1.2088782E-05    1.1962736E-07    9.4742119E-09    1.7639807E-04    6.7070070E-04    3.2846265E-04    8.2805968E-05
    1.4050000E+01   -2.2265559E-04    8.6060247E-05    3.3920218E-05    4.1204613E-05    3.9280197E-05    4.1674939E-10    1.0000031E-16    1.2190099E-05    1.2047881E-07    9.5417505E-09    1.7764751E-04    6.7070070E-04    3.2846265E-04    8.2805968E-05
    1.4150000E+01   -2.2398600E-04    8.6490987E-05    3.4113737E-05    4.1252637E-05    3.9483265E-05    4.0953175E-10    1.0000031E-16    1.2291632E-05    1.2133461E-07    9.6096353E-09    1.7889880E-04    6.7070070E-04    3.2846265E-04    8.2805968E-05
    1.4250000E+01   -2.2531882E-04    8.6922512E-05    3.4307396E-05    4.1300748E-05    3.9686768E-05    4.0249270E-10    1.0000031E-16    1.2393384E-05    1.2219478E-07    9.6778685E-09    1.8015195E-04    6.7070070E-04    3.2846265E-04    8.2805968E-05
    1.4350000E+01   -2.2665405E-04    8.7354822E-05    3.4501193E-05    4.1348947E-05    3.9890707E-05    3.9562708E-10    1.0000031E-16    1.2495353E-05    1.2305936E-07    9.7464519E-09    1.8140695E-04    6.7070070E-04    3.2846265E-04    8.2805968E-05
    1.4450000E+01   -2.2799170E-04    8.7787918E-05    3.4695123E-05    4.1397234E-05    4.0095082E-05    3.8892988E-10    1.0000031E-16    1.2597541E-05    1.2392836E-07    9.8153877E-09    1.8266380E-04    6.7070070E-04    3.2846265E-04    8.2805968E-05
    1.4550000E+01   -2.2933175E-04    8.8221800E-05    3.4889184E-05    4.1445608E-05    4.0299894E-05    3.8239630E-10    1.0000031E-16    1.2699947E-05    1.2480181E-07    9.8846778E-09    1.8392249E-04    6.7070070E-04    3.2846265E-04    8.2805968E-05
    1.4650000E+01   -2.3067421E-04    8.8656471E-05    3.5083374E-05    4.1494070E-05    4.0505143E-05    3.7602168E-10    1.0000031E-16    1.2802571E-05    1.2567974E-07    9.9543245E-09    1.8518302E-04    6.7070070E-04    3.2846265E-04    8.2805968E-05
    1.4750000E+01   -2.3201907E-04    8.9091929E-05    3.5277688E-05    4.1542620E-05    4.0710830E-05    3.6980155E-10    1.0000031E-16    1.2905415E-05    1.2656217E-07    1.0024330E-08    1.8644537E-04    6.7070070E-04    3.2846265E-04    8.2805968E-05
    1.4850000E+01   -2.3336635E-04    8.9528176E-05    3.5472124E-05    4.1591258E-05    4.0916955E-05    3.6373158E-10    1.0000031E-16    1.3008477E-05    1.2744913E-07    1.0094696E-08    1.8770956E-04    6.7070070E-04    3.2846265E-04    8.2805968E-05
    1.4950000E+01   -2.3471602E-04    8.9965213E-05    3.5666679E-05    4.1639983E-05    4.1123518E-05    3.5780762E-10    1.0000031E-16    1.3111759E-05    1.2834066E-07    1.0165426E-08    1.8897557E-04    6.7070070E-04    3.2846265E-04    8.2805968E-05
    1.5050000E+01   -2.3606811E-04    9.0403040E-05    3.5861348E-05    4.1688797E-05    4.1330521E-05    3.5202563E-10    1.0000031E-16    1.3215261E-05    1.2923677E-07    1.0236521E-08    1.9024340E-04    6.7070070E-04    3.2846265E-04    8.2805968E-05
    1.5150000E+01   -2.3742259E-04    9.0841658E-05    3.6056130E-05    4.1737699E-05    4.1537964E-05    3.4638173E-10    1.0000031E-16    1.3318982E-05    1.3013750E-07    1.0307983E-08    1.9151303E-04    6.7070070E-04    3.2846265E-04    8.2805968E-05
    1.5250000E+01   -2.3877948E-04    9.1281068E-05    3.6251019E-05    4.1786690E-05    4.1745846E-05    3.4087220E-10    1.0000031E-16    1.3422923E-05    1.3104288E-07    1.0379816E-08    1.9278448E-04    6.7070070E-04    3.2846265E-04    8.2805968E-05
    1.5350000E+01   -2.4013877E-04    9.1721270E-05    3.6446014E-05    4.1835769E-05    4.1954169E-05    3.3549341E-10    1.0000031E-16    1.3527084E-05    1.3195294E-07    1.0452022E-08    1.9405772E-04    6.7070070E-04    3.2846265E-04    8.2805968E-05
    1.5450000E+01   -2.4150046E-04    9.2162265E-05    3.6641109E-05    4.1884936E-05    4.2162933E-05    3.3024190E-10    1.0000031E-16    1.3631466E-05    1.3286770E-07    1.0524602E-08    1.9533276E-04    6.7070070E-04    3.2846265E-04    8.2805968E-05
    1.5550000E+01   -2.4286454E-04    9.2604054E-05    3.6836301E-05    4.1934192E-05    4.2372138E-05    3.2511431E-10    1.0000031E-16    1.3736069E-05    1.3378720E-07    1.0597560E-08    1.9660959E-04    6.7070070E-04    3.2846265E-04    8.2805968E-05
    1.5650000E+01   -2.4423103E-04    9.3046638E-05    3.7031586E-05    4.1983536E-05    4.2581785E-05    3.2010741E-10    1.0000031E-16    1.3840893E-05    1.3471148E-07    1.0670898E-08    1.9788819E-04    6.7070070E-04    3.2846265E-04    8.2805968E-05
    1.5750000E+01   -2.4559990E-04    9.3490017E-05    3.7226961E-05    4.2032969E-05    4.2791875E-05    3.1521810E-10    1.0000031E-16    1.3945937E-05    1.3564055E-07    1.0744619E-08    1.9916858E-04    6.7070070E-04    3.2846265E-04    8.2805968E-05
    1.5850000E+01   -2.4697117E-04    9.3934192E-05    3.7422421E-05    4.2082490E-05    4.3002407E-05    3.1044337E-10    1.0000031E-16    1.4051204E-05    1.3657447E-07    1.0818726E-08    2.0045073E-04    6.7070070E-04    3.2846265E-04    8.2805968E-05
    1.5950000E+01   -2.4834483E-04    9.4379164E-05    3.7617962E-05    4.2132101E-05    4.3213383E-05    3.0578035E-10    1.0000031E-16    1.4156691E-05    1.3751326E-07    1.0893221E-08    2.0173465E-04    6.7070070E-04    3.2846265E-04    8.2805968E-05
    1.6050000E+01   -2.4972088E-04    9.4824933E-05    3.7813580E-05    4.2181800E-05    4.3424802E-05    3.0122627E-10    1.0000031E-16    1.4262401E-05    1.3845695E-07    1.0968107E-08    2.0302032E-04    6.7070070E-04    3.2846265E-04    8.2805968E-05
    1.6150000E+01   -2.5109932E-04    9.5271500E-05    3.8009270E-05    4.2231589E-05    4.3636666E-05    2.9677847E-10    1.0000031E-16    1.4368333E-05    1.3940559E-07    1.1043386E-08    2.0430773E-04    6.7070070E-04    3.2846265E-04    8.2805968E-05
    1.6250000E+01   -2.5248014E-04    9.5718866E-05    3.8205028E-05    4.2281466E-05    4.3848975E-05    2.9243439E-10    1.0000031E-16    1.4474487E-05    1.4035921E-07    1.1119063E-08    2.0559689E-04    6.7070070E-04    3.2846265E-04    8.2805968E-05
    1.6350000E+01   -2.5386334E-04    9.6167032E-05    3.8400849E-05    4.2331433E-05    4.4061728E-05    2.8819160E-10    1.0000031E-16    1.4580864E-05    1.4131784E-07    1.1195139E-08    2.0688778E-04    6.7070070E-04    3.2846265E-04    8.2805968E-05
    1.6450000E+01   -2.5524892E-04    9.6615998E-05    3.8596729E-05    4.2381489E-05    4.4274928E-05    2.8404775E-10    1.0000031E-16    1.4687464E-05    1.4228152E-07    1.1271618E-08    2.0818039E-04    6.7070070E-04    3.2846265E-04    8.2805968E-05
    1.6550000E+01   -2.5663688E-04    9.7065765E-05    3.8792662E-05    4.2431634E-05    4.4488573E-05    2.8000061E-10    1.0000031E-16    1.4794286E-05    1.4325030E-07    1.1348503E-08    2.0947472E-04    6.7070070E-04    3.2846265E-04    8.2805968E-05
    1.6650000E+01   -2.5802722E-04    9.7516333E-05    3.8988643E-05    4.2481869E-05    4.4702665E-05    2.7604805E-10    1.0000031E-16    1.4901332E-05    1.4422420E-07    1.1425797E-08    2.1077075E-04    6.7070070E-04    3.2846265E-04    8.2805968E-05
    1.6750000E+01   -2.5941992E-04    9.7967704E-05    3.9184669E-05    4.2532193E-05    4.4917204E-05    2.7218806E-10    1.0000031E-16    1.5008602E-05    1.4520328E-07    1.1503503E-08    2.1206849E-04    6.7070070E-04    3.2846265E-04    8.2805968E-05
    1.6850000E+01   -2.6081500E-04    9.8419879E-05    3.9380732E-05    4.2582606E-05    4.5132190E-05    2.6841874E-10    1.0000031E-16    1.5116095E-05    1.4618757E-07    1.1581625E-08    2.1336791E-04    6.7070070E-04    3.2846265E-04    8.2805968E-05
    1.6950000E+01   -2.6221244E-04    9.8872857E-05    3.9576828E-05    4.2633109E-05    4.5347625E-05    2.6473828E-10    1.0000031E-16    1.5223812E-05    1.4717712E-07    1.1660166E-08    2.1466901E-04    6.7070070E-04    3.2846265E-04    8.2805968E-05
    1.7050000E+01   -2.6361224E-04    9.9326639E-05    3.9772951E-05    4.2683702E-05    4.5563508E-05    2.6114500E-10    1.0000031E-16    1.5331754E-05    1.4817197E-07    1.1739130E-08    2.1597178E-04    6.7070070E-04    3.2846265E-04    8.2805968E-05
    1.7150000E+01   -2.6501441E-04    9.9781227E-05    3.9969095E-05    4.2734385E-05    4.5779840E-05    2.5763737E-10    1.0000031E-16    1.5439920E-05    1.4917216E-07    1.1818520E-08    2.1727622E-04    6.7070070E-04    3.2846265E-04    8.2805968E-05
    1.7250000E+01   -2.6641892E-04    1.0023662E-04    4.0165255E-05    4.2785157E-05    4.5996621E-05    2.5421394E-10    1.0000031E-16    1.5548310E-05    1.5017774E-07    1.1898339E-08    2.1858230E-04    6.7070070E-04    3.2846265E-04    8.2805968E-05
    1.7350000E+01   -2.6782579E-04    1.0069282E-04    4.0361425E-05    4.2836020E-05    4.6213852E-05    2.5087345E-10    1.0000031E-16    1.5656926E-05    1.5118876E-07    1.1978593E-08    2.1989002E-04    6.7070070E-04    3.2846265E-04    8.2805968E-05
    1.7450000E+01   -2.6923501E-04    1.0114983E-04    4.0557597E-05    4.2886972E-05    4.6431533E-05    2.4761475E-10    1.0000031E-16    1.5765767E-05    1.5220526E-07    1.2059284E-08    2.2119936E-04    6.7070070E-04    3.2846265E-04    8.2805968E-05
    1.7550000E+01   -2.7064657E-04    1.0160765E-04    4.0753766E-05    4.2938015E-05    4.6649665E-05    2.4443687E-10    1.0000031E-16    1.5874833E-05    1.5322729E-07    1.2140416E-08    2.2251033E-04    6.7070070E-04    3.2846265E-04    8.2805968E-05
    1.7650000E+01   -2.7206047E-04    1.0206627E-04    4.0949924E-05    4.2989147E-05    4.6868249E-05    2.4133905E-10    1.0000031E-16    1.5984124E-05    1.5425491E-07    1.2221994E-08    2.2382289E-04    6.7070070E-04    3.2846265E-04    8.2805968E-05
    1.7750000E+01   -2.7347670E-04    1.0252570E-04    4.1146065E-05    4.3040370E-05    4.7087284E-05    2.3832070E-10    1.0000031E-16    1.6093642E-05    1.5528817E-07    1.2304022E-08    2.2513705E-04    6.7070070E-04    3.2846265E-04    8.2805968E-05
    1.7850000E+01   -2.7489526E-04    1.0298595E-04    4.1342182E-05    4.3091684E-05    4.7306771E-05    2.3538149E-10    1.0000031E-16    1.6203385E-05    1.5632712E-07    1.2386504E-08    2.2645279E-04    6.7070070E-04    3.2846265E-04    8.2805968E-05
    1.7950000E+01   -2.7631615E-04    1.0344701E-04    4.1538266E-05    4.3143088E-05    4.7526711E-05    2.3252136E-10    1.0000031E-16    1.6313355E-05    1.5737182E-07    1.2469445E-08    2.2777009E-04    6.7070070E-04    3.2846265E-04    8.2805968E-05
    1.8050000E+01   -2.7773935E-04    1.0390887E-04    4.1734311E-05    4.3194582E-05    4.7747104E-05    2.2974060E-10    1.0000031E-16    1.6423552E-05    1.5842233E-07    1.2552849E-08    2.2908894E-04    6.7070070E-04    3.2846265E-04    8.2805968E-05
    1.8150000E+01   -2.7916487E-04    1.0437155E-04    4.1930307E-05    4.3246167E-05    4.7967950E-05    2.2703988E-10    1.0000031E-16    1.6533975E-05    1.5947871E-07    1.2636722E-08    2.3040933E-04    6.7070070E-04    3.2846265E-04    8.2805968E-05
    1.8250000E+01   -2.8059270E-04    1.0483505E-04    4.2126247E-05    4.3297842E-05    4.8189251E-05    2.2442034E-10    1.0000031E-16    1.6644625E-05    1.6054102E-07    1.2721069E-08    2.3173123E-04    6.7070070E-04    3.2846265E-04    8.2805968E-05
    1.8350000E+01   -2.8202282E-04    1.0529935E-04    4.2322121E-05    4.3349608E-05    4.8411006E-05    2.2188374E-10    1.0000031E-16    1.6755503E-05    1.6160933E-07    1.2805894E-08    2.3305464E-04    6.7070070E-04    3.2846265E-04    8.2805968E-05
    1.8450000E+01   -2.8345524E-04    1.0576447E-04    4.2517919E-05    4.3401465E-05    4.8633216E-05    2.1943259E-10    1.0000031E-16    1.6866608E-05    1.6268370E-07    1.2891205E-08    2.3437953E-04    6.7070070E-04    3.2846265E-04    8.2805968E-05
    1.8550000E+01   -2.8488994E-04    1.0623041E-04    4.2713631E-05    4.3453413E-05    4.8855881E-05    2.1707035E-10    1.0000031E-16    1.6977941E-05    1.6376423E-07    1.2977005E-08    2.3570589E-04    6.7070070E-04    3.2846265E-04    8.2805968E-05
    1.8650000E+01   -2.8632691E-04    1.0669716E-04    4.2909246E-05    4.3505452E-05    4.9079003E-05    2.1480175E-10    1.0000031E-16    1.7089501E-05    1.6485097E-07    1.3063303E-08    2.3703370E-04    6.7070070E-04    3.2846265E-04    8.2805968E-05
    1.8750000E+01   -2.8776615E-04    1.0716473E-04    4.3104753E-05    4.3557582E-05    4.9302581E-05    2.1263320E-10    1.0000031E-16    1.7201290E-05    1.6594403E-07    1.3150105E-08    2.3836292E-04    6.7070070E-04    3.2846265E-04    8.2805968E-05
    1.8850000E+01   -2.8920765E-04    1.0763312E-04    4.3300137E-05    4.3609803E-05    4.9526615E-05    2.1057343E-10    1.0000031E-16    1.7313308E-05    1.6704349E-07    1.3237419E-08    2.3969355E-04    6.7070070E-04    3.2846265E-04    8.2805968E-05
    1.8950000E+01   -2.9065139E-04    1.0810232E-04    4.3495386E-05    4.3662116E-05    4.9751107E-05    2.0863434E-10    1.0000031E-16    1.7425554E-05    1.6814945E-07    1.3325252E-08    2.4102554E-04    6.7070070E-04    3.2846265E-04    8.2805968E-05
    1.9050000E+01   -2.9209736E-04    1.0857235E-04    4.3690481E-05    4.3714519E-05    4.9976057E-05    2.0683248E-10    1.0000031E-16    1.7538028E-05    1.6926204E-07    1.3413614E-08    2.4235888E-04    6.7070070E-04    3.2846265E-04    8.2805968E-05
    1.9150000E+01   -2.9354555E-04    1.0904319E-04    4.3885405E-05    4.3767014E-05    5.0201465E-05    2.0519127E-10    1.0000031E-16    1.7650732E-05    1.7038137E-07    1.3502517E-08    2.4369351E-04    6.7070070E-04    3.2846265E-04    8.2805968E-05
    1.9250000E+01   -2.9499593E-04    1.0951485E-04    4.4080135E-05    4.3819601E-05    5.0427331E-05    2.0374478E-10    1.0000031E-16    1.7763666E-05    1.7150762E-07    1.3591971E-08    2.4502941E-04    6.7070070E-04    3.2846265E-04    8.2805968E-05
    1.9350000E+01   -2.9644847E-04    1.0998734E-04    4.4274644E-05    4.3872278E-05    5.0653657E-05    2.0254430E-10    1.0000031E-16    1.7876829E-05    1.7264095E-07    1.3681993E-08    2.4636651E-04    6.7070070E-04    3.2846265E-04    8.2805968E-05
    1.9450000E+01   -2.9790316E-04    1.1046064E-04    4.4468898E-05    4.3925048E-05    5.0880442E-05    2.0167082E-10    1.0000031E-16    1.7990221E-05    1.7378161E-07    1.3772601E-08    2.4770476E-04    6.7070070E-04    3.2846265E-04    8.2805968E-05
    1.9550000E+01   -2.9935993E-04    1.1093477E-04    4.4662851E-05    4.3977909E-05    5.1107688E-05    2.0126024E-10    1.0000031E-16    1.8103844E-05    1.7492991E-07    1.3863821E-08    2.4904406E-04    6.7070070E-04    3.2846265E-04    8.2805968E-05
    1.9650000E+01   -3.0081874E-04    1.1140972E-04    4.4856435E-05    4.4030862E-05    5.1335394E-05    2.0156090E-10    1.0000031E-16    1.8217697E-05    1.7608631E-07    1.3955690E-08    2.5038427E-04    6.7070070E-04    3.2846265E-04    8.2805968E-05
    1.9750000E+01   -3.0227998E-04    1.1188568E-04    4.5049616E-05    4.4083980E-05    5.1563646E-05    2.0308556E-10    1.0000048E-16    1.8331811E-05    1.7725182E-07    1.4048289E-08    2.5172560E-04    6.7070181E-04    3.2846319E-04    8.2806104E-05
    1.9850000E+01   -3.0408475E-04    1.1248882E-04    4.5292977E-05    4.4186625E-05    5.1850616E-05    2.0688899E-10    1.0011247E-16    1.8466952E-05    1.7862891E-07    1.4157670E-08    2.5335217E-04    6.7145294E-04    3.2883104E-04    8.2898841E-05
    1.9950000E+01   -5.1824889E-04    1.9159308E-04    7.7134874E-05    7.5000552E-05    8.8330349E-05    1.2765286E-10    1.6969426E-16    3.1522992E-05    3.0512002E-07    2.4183626E-08    4.3201119E-04    1.1381370E-03    5.5738051E-04    1.4051653E-04
