# Time          7.0000E+00
# Units: M^2 mineral/m^3 porous medium
    Distance        Quartz           K-Feldspar_Li    Oligoclase_Li    Biotite_Li       Kaolinite_Li7    Kaolinite_Li6
    5.0000000E-02    4.9999986E+01    2.7576262E+02    6.8455931E+02    2.0412204E+02    2.3021499E+05    1.8738280E+04
    1.5000000E-01    4.9999988E+01    2.7588111E+02    6.8597687E+02    2.0463285E+02    2.2956922E+05    1.8685044E+04
    2.5000000E-01    4.9999989E+01    2.7599979E+02    6.8739741E+02    2.0514484E+02    2.2892785E+05    1.8632249E+04
    3.5000000E-01    4.9999991E+01    2.7611865E+02    6.8882076E+02    2.0565795E+02    2.2828423E+05    1.8579337E+04
    4.5000000E-01    4.9999992E+01    2.7623769E+02    6.9024678E+02    2.0617211E+02    2.2763832E+05    1.8526300E+04
    5.5000000E-01    4.9999993E+01    2.7635689E+02    6.9167532E+02    2.0668729E+02    2.2699014E+05    1.8473131E+04
    6.5000000E-01    4.9999994E+01    2.7647624E+02    6.9310626E+02    2.0720344E+02    2.2633967E+05    1.8419824E+04
    7.5000000E-01    4.9999996E+01    2.7659574E+02    6.9453949E+02    2.0772052E+02    2.2568692E+05    1.8366373E+04
    8.5000000E-01    4.9999996E+01    2.7671538E+02    6.9597491E+02    2.0823850E+02    2.2503188E+05    1.8312775E+04
    9.5000000E-01    4.9999997E+01    2.7683515E+02    6.9741243E+02    2.0875734E+02    2.2437455E+05    1.8259025E+04
    1.0500000E+00    4.9999998E+01    2.7695505E+02    6.9885197E+02    2.0927702E+02    2.2371494E+05    1.8205120E+04
    1.1500000E+00    4.9999999E+01    2.7707508E+02    7.0029346E+02    2.0979751E+02    2.2305303E+05    1.8151055E+04
    1.2500000E+00    4.9999999E+01    2.7719522E+02    7.0173684E+02    2.1031879E+02    2.2238883E+05    1.8096829E+04
    1.3500000E+00    5.0000000E+01    2.7731548E+02    7.0318206E+02    2.1084084E+02    2.2172232E+05    1.8042437E+04
    1.4500000E+00    5.0000000E+01    2.7743584E+02    7.0462906E+02    2.1136364E+02    2.2105351E+05    1.7987878E+04
    1.5500000E+00    5.0000000E+01    2.7755632E+02    7.0607780E+02    2.1188718E+02    2.2038239E+05    1.7933149E+04
    1.6500000E+00    5.0000000E+01    2.7767690E+02    7.0752825E+02    2.1241145E+02    2.1970895E+05    1.7878247E+04
    1.7500000E+00    5.0000000E+01    2.7779757E+02    7.0898037E+02    2.1293643E+02    2.1903317E+05    1.7823170E+04
    1.8500000E+00    5.0000000E+01    2.7791835E+02    7.1043415E+02    2.1346211E+02    2.1835506E+05    1.7767916E+04
    1.9500000E+00    5.0000000E+01    2.7803923E+02    7.1188954E+02    2.1398849E+02    2.1767460E+05    1.7712483E+04
    2.0500000E+00    5.0000000E+01    2.7816020E+02    7.1334654E+02    2.1451556E+02    2.1699178E+05    1.7656868E+04
    2.1500000E+00    5.0000000E+01    2.7828126E+02    7.1480512E+02    2.1504331E+02    2.1630658E+05    1.7601070E+04
    2.2500000E+00    5.0000000E+01    2.7840241E+02    7.1626528E+02    2.1557174E+02    2.1561900E+05    1.7545086E+04
    2.3500000E+00    5.0000000E+01    2.7852365E+02    7.1772699E+02    2.1610084E+02    2.1492902E+05    1.7488915E+04
    2.4500000E+00    5.0000000E+01    2.7864498E+02    7.1919025E+02    2.1663061E+02    2.1423663E+05    1.7432555E+04
    2.5500000E+00    5.0000000E+01    2.7876640E+02    7.2065504E+02    2.1716105E+02    2.1354182E+05    1.7376004E+04
    2.6500000E+00    5.0000000E+01    2.7888790E+02    7.2212136E+02    2.1769214E+02    2.1284456E+05    1.7319260E+04
    2.7500000E+00    5.0000000E+01    2.7900949E+02    7.2358921E+02    2.1822390E+02    2.1214485E+05    1.7262322E+04
    2.8500000E+00    5.0000000E+01    2.7913116E+02    7.2505857E+02    2.1875632E+02    2.1144266E+05    1.7205187E+04
    2.9500000E+00    5.0000000E+01    2.7925292E+02    7.2652945E+02    2.1928939E+02    2.1073799E+05    1.7147854E+04
    3.0500000E+00    5.0000000E+01    2.7937475E+02    7.2800183E+02    2.1982312E+02    2.1003081E+05    1.7090321E+04
    3.1500000E+00    5.0000000E+01    2.7949667E+02    7.2947572E+02    2.2035750E+02    2.0932112E+05    1.7032587E+04
    3.2500000E+00    5.0000000E+01    2.7961866E+02    7.3095111E+02    2.2089253E+02    2.0860889E+05    1.6974649E+04
    3.3500000E+00    5.0000000E+01    2.7974074E+02    7.3242800E+02    2.2142822E+02    2.0789411E+05    1.6916506E+04
    3.4500000E+00    5.0000000E+01    2.7986289E+02    7.3390640E+02    2.2196456E+02    2.0717675E+05    1.6858157E+04
    3.5500000E+00    5.0000000E+01    2.7998512E+02    7.3538629E+02    2.2250155E+02    2.0645681E+05    1.6799600E+04
    3.6500000E+00    5.0000000E+01    2.8010743E+02    7.3686767E+02    2.2303920E+02    2.0573427E+05    1.6740833E+04
    3.7500000E+00    5.0000000E+01    2.8022981E+02    7.3835055E+02    2.2357749E+02    2.0500910E+05    1.6681854E+04
    3.8500000E+00    5.0000000E+01    2.8035227E+02    7.3983493E+02    2.2411643E+02    2.0428129E+05    1.6622662E+04
    3.9500000E+00    5.0000000E+01    2.8047480E+02    7.4132080E+02    2.2465603E+02    2.0355083E+05    1.6563256E+04
    4.0500000E+00    5.0000000E+01    2.8059740E+02    7.4280816E+02    2.2519627E+02    2.0281769E+05    1.6503632E+04
    4.1500000E+00    5.0000000E+01    2.8072008E+02    7.4429702E+02    2.2573716E+02    2.0208185E+05    1.6443791E+04
    4.2500000E+00    5.0000000E+01    2.8084282E+02    7.4578737E+02    2.2627871E+02    2.0134330E+05    1.6383730E+04
    4.3500000E+00    5.0000000E+01    2.8096564E+02    7.4727921E+02    2.2682090E+02    2.0060202E+05    1.6323448E+04
    4.4500000E+00    5.0000000E+01    2.8108853E+02    7.4877254E+02    2.2736374E+02    1.9985798E+05    1.6262942E+04
    4.5500000E+00    5.0000000E+01    2.8121149E+02    7.5026737E+02    2.2790723E+02    1.9911118E+05    1.6202212E+04
    4.6500000E+00    5.0000000E+01    2.8133452E+02    7.5176369E+02    2.2845138E+02    1.9836158E+05    1.6141256E+04
    4.7500000E+00    5.0000000E+01    2.8145762E+02    7.5326150E+02    2.2899617E+02    1.9760918E+05    1.6080071E+04
    4.8500000E+00    5.0000000E+01    2.8158078E+02    7.5476080E+02    2.2954161E+02    1.9685394E+05    1.6018656E+04
    4.9500000E+00    5.0000000E+01    2.8170401E+02    7.5626159E+02    2.3008770E+02    1.9609585E+05    1.5957010E+04
    5.0500000E+00    5.0000000E+01    2.8182730E+02    7.5776388E+02    2.3063444E+02    1.9533489E+05    1.5895130E+04
    5.1500000E+00    5.0000000E+01    2.8195066E+02    7.5926766E+02    2.3118183E+02    1.9457104E+05    1.5833016E+04
    5.2500000E+00    5.0000000E+01    2.8207408E+02    7.6077292E+02    2.3172986E+02    1.9380427E+05    1.5770664E+04
    5.3500000E+00    5.0000000E+01    2.8219757E+02    7.6227969E+02    2.3227855E+02    1.9303457E+05    1.5708074E+04
    5.4500000E+00    5.0000000E+01    2.8232112E+02    7.6378794E+02    2.3282789E+02    1.9226191E+05    1.5645244E+04
    5.5500000E+00    5.0000000E+01    2.8244472E+02    7.6529768E+02    2.3337788E+02    1.9148628E+05    1.5582171E+04
    5.6500000E+00    5.0000000E+01    2.8256839E+02    7.6680892E+02    2.3392851E+02    1.9070764E+05    1.5518854E+04
    5.7500000E+00    5.0000000E+01    2.8269212E+02    7.6832165E+02    2.3447980E+02    1.8992598E+05    1.5455291E+04
    5.8500000E+00    5.0000000E+01    2.8281591E+02    7.6983587E+02    2.3503173E+02    1.8914127E+05    1.5391480E+04
    5.9500000E+00    5.0000000E+01    2.8293976E+02    7.7135158E+02    2.3558432E+02    1.8835350E+05    1.5327419E+04
    6.0500000E+00    5.0000000E+01    2.8306366E+02    7.7286878E+02    2.3613755E+02    1.8756263E+05    1.5263107E+04
    6.1500000E+00    5.0000000E+01    2.8318762E+02    7.7438748E+02    2.3669143E+02    1.8676864E+05    1.5198541E+04
    6.2500000E+00    5.0000000E+01    2.8331163E+02    7.7590766E+02    2.3724597E+02    1.8597151E+05    1.5133719E+04
    6.3500000E+00    5.0000000E+01    2.8343570E+02    7.7742934E+02    2.3780115E+02    1.8517122E+05    1.5068639E+04
    6.4500000E+00    5.0000000E+01    2.8355982E+02    7.7895251E+02    2.3835698E+02    1.8436773E+05    1.5003299E+04
    6.5500000E+00    5.0000000E+01    2.8368399E+02    7.8047717E+02    2.3891346E+02    1.8356103E+05    1.4937698E+04
    6.6500000E+00    5.0000000E+01    2.8380822E+02    7.8200332E+02    2.3947059E+02    1.8275108E+05    1.4871832E+04
    6.7500000E+00    5.0000000E+01    2.8393249E+02    7.8353097E+02    2.4002837E+02    1.8193787E+05    1.4805700E+04
    6.8500000E+00    5.0000000E+01    2.8405681E+02    7.8506011E+02    2.4058680E+02    1.8112136E+05    1.4739300E+04
    6.9500000E+00    5.0000000E+01    2.8418118E+02    7.8659073E+02    2.4114588E+02    1.8030153E+05    1.4672629E+04
    7.0500000E+00    5.0000000E+01    2.8430560E+02    7.8812285E+02    2.4170561E+02    1.7947835E+05    1.4605685E+04
    7.1500000E+00    5.0000000E+01    2.8443007E+02    7.8965647E+02    2.4226598E+02    1.7865179E+05    1.4538466E+04
    7.2500000E+00    5.0000000E+01    2.8455458E+02    7.9119157E+02    2.4282701E+02    1.7782182E+05    1.4470970E+04
    7.3500000E+00    5.0000000E+01    2.8467913E+02    7.9272816E+02    2.4338869E+02    1.7698842E+05    1.4403194E+04
    7.4500000E+00    5.0000000E+01    2.8480372E+02    7.9426625E+02    2.4395101E+02    1.7615155E+05    1.4335135E+04
    7.5500000E+00    5.0000000E+01    2.8492836E+02    7.9580583E+02    2.4451399E+02    1.7531119E+05    1.4266792E+04
    7.6500000E+00    5.0000000E+01    2.8505304E+02    7.9734690E+02    2.4507761E+02    1.7446730E+05    1.4198161E+04
    7.7500000E+00    5.0000000E+01    2.8517776E+02    7.9888946E+02    2.4564188E+02    1.7361985E+05    1.4129241E+04
    7.8500000E+00    5.0000000E+01    2.8530251E+02    8.0043351E+02    2.4620681E+02    1.7276882E+05    1.4060028E+04
    7.9500000E+00    5.0000000E+01    2.8542730E+02    8.0197906E+02    2.4677238E+02    1.7191417E+05    1.3990521E+04
    8.0500000E+00    5.0000000E+01    2.8555213E+02    8.0352610E+02    2.4733860E+02    1.7105587E+05    1.3920716E+04
    8.1500000E+00    5.0000000E+01    2.8567699E+02    8.0507462E+02    2.4790547E+02    1.7019388E+05    1.3850611E+04
    8.2500000E+00    5.0000000E+01    2.8580188E+02    8.0662464E+02    2.4847299E+02    1.6932817E+05    1.3780202E+04
    8.3500000E+00    5.0000000E+01    2.8592681E+02    8.0817616E+02    2.4904116E+02    1.6845870E+05    1.3709488E+04
    8.4500000E+00    5.0000000E+01    2.8605176E+02    8.0972916E+02    2.4960998E+02    1.6758545E+05    1.3638465E+04
    8.5500000E+00    5.0000000E+01    2.8617674E+02    8.1128366E+02    2.5017945E+02    1.6670837E+05    1.3567130E+04
    8.6500000E+00    5.0000000E+01    2.8630175E+02    8.1283964E+02    2.5074957E+02    1.6582743E+05    1.3495481E+04
    8.7500000E+00    5.0000000E+01    2.8642679E+02    8.1439712E+02    2.5132034E+02    1.6494259E+05    1.3423514E+04
    8.8500000E+00    5.0000000E+01    2.8655185E+02    8.1595609E+02    2.5189175E+02    1.6405382E+05    1.3351226E+04
    8.9500000E+00    5.0000000E+01    2.8667694E+02    8.1751655E+02    2.5246382E+02    1.6316107E+05    1.3278614E+04
    9.0500000E+00    5.0000000E+01    2.8680204E+02    8.1907851E+02    2.5303653E+02    1.6226430E+05    1.3205676E+04
    9.1500000E+00    5.0000000E+01    2.8692717E+02    8.2064195E+02    2.5360990E+02    1.6136348E+05    1.3132406E+04
    9.2500000E+00    5.0000000E+01    2.8705231E+02    8.2220689E+02    2.5418391E+02    1.6045856E+05    1.3058803E+04
    9.3500000E+00    5.0000000E+01    2.8717747E+02    8.2377332E+02    2.5475858E+02    1.5954951E+05    1.2984863E+04
    9.4500000E+00    5.0000000E+01    2.8730264E+02    8.2534124E+02    2.5533389E+02    1.5863628E+05    1.2910583E+04
    9.5500000E+00    5.0000000E+01    2.8742783E+02    8.2691065E+02    2.5590985E+02    1.5771882E+05    1.2835958E+04
    9.6500000E+00    5.0000000E+01    2.8755303E+02    8.2848155E+02    2.5648647E+02    1.5679709E+05    1.2760985E+04
    9.7500000E+00    5.0000000E+01    2.8767824E+02    8.3005395E+02    2.5706373E+02    1.5587105E+05    1.2685661E+04
    9.8500000E+00    5.0000000E+01    2.8780346E+02    8.3162784E+02    2.5764164E+02    1.5494066E+05    1.2609981E+04
    9.9500000E+00    5.0000000E+01    2.8792868E+02    8.3320322E+02    2.5822020E+02    1.5400585E+05    1.2533943E+04
    1.0050000E+01    5.0000000E+01    2.8805391E+02    8.3478009E+02    2.5879941E+02    1.5306658E+05    1.2457541E+04
    1.0150000E+01    5.0000000E+01    2.8817914E+02    8.3635845E+02    2.5937927E+02    1.5212281E+05    1.2380772E+04
    1.0250000E+01    5.0000000E+01    2.8830437E+02    8.3793830E+02    2.5995978E+02    1.5117449E+05    1.2303632E+04
    1.0350000E+01    5.0000000E+01    2.8842960E+02    8.3951965E+02    2.6054094E+02    1.5022156E+05    1.2226117E+04
    1.0450000E+01    5.0000000E+01    2.8855482E+02    8.4110249E+02    2.6112274E+02    1.4926396E+05    1.2148221E+04
    1.0550000E+01    5.0000000E+01    2.8868004E+02    8.4268681E+02    2.6170520E+02    1.4830165E+05    1.2069942E+04
    1.0650000E+01    5.0000000E+01    2.8880525E+02    8.4427264E+02    2.6228831E+02    1.4733457E+05    1.1991273E+04
    1.0750000E+01    5.0000000E+01    2.8893045E+02    8.4585995E+02    2.6287206E+02    1.4636266E+05    1.1912212E+04
    1.0850000E+01    5.0000000E+01    2.8905564E+02    8.4744875E+02    2.6345647E+02    1.4538587E+05    1.1832752E+04
    1.0950000E+01    5.0000000E+01    2.8918082E+02    8.4903905E+02    2.6404152E+02    1.4440413E+05    1.1752889E+04
    1.1050000E+01    5.0000000E+01    2.8930597E+02    8.5063084E+02    2.6462723E+02    1.4341739E+05    1.1672619E+04
    1.1150000E+01    5.0000000E+01    2.8943111E+02    8.5222411E+02    2.6521358E+02    1.4242558E+05    1.1591935E+04
    1.1250000E+01    5.0000000E+01    2.8955623E+02    8.5381889E+02    2.6580058E+02    1.4142863E+05    1.1510833E+04
    1.1350000E+01    5.0000000E+01    2.8968133E+02    8.5541515E+02    2.6638824E+02    1.4042649E+05    1.1429308E+04
    1.1450000E+01    5.0000000E+01    2.8980639E+02    8.5701290E+02    2.6697654E+02    1.3941908E+05    1.1347354E+04
    1.1550000E+01    5.0000000E+01    2.8993143E+02    8.5861215E+02    2.6756549E+02    1.3840633E+05    1.1264964E+04
    1.1650000E+01    5.0000000E+01    2.9005644E+02    8.6021289E+02    2.6815509E+02    1.3738818E+05    1.1182135E+04
    1.1750000E+01    5.0000000E+01    2.9018141E+02    8.6181511E+02    2.6874534E+02    1.3636455E+05    1.1098859E+04
    1.1850000E+01    5.0000000E+01    2.9030635E+02    8.6341884E+02    2.6933624E+02    1.3533537E+05    1.1015130E+04
    1.1950000E+01    5.0000000E+01    2.9043125E+02    8.6502405E+02    2.6992779E+02    1.3430055E+05    1.0930943E+04
    1.2050000E+01    5.0000000E+01    2.9055610E+02    8.6663075E+02    2.7051999E+02    1.3326003E+05    1.0846290E+04
    1.2150000E+01    5.0000000E+01    2.9068091E+02    8.6823895E+02    2.7111283E+02    1.3221371E+05    1.0761165E+04
    1.2250000E+01    5.0000000E+01    2.9080567E+02    8.6984864E+02    2.7170633E+02    1.3116152E+05    1.0675562E+04
    1.2350000E+01    5.0000000E+01    2.9093038E+02    8.7145981E+02    2.7230048E+02    1.3010337E+05    1.0589473E+04
    1.2450000E+01    5.0000000E+01    2.9105504E+02    8.7307249E+02    2.7289527E+02    1.2903917E+05    1.0502891E+04
    1.2550000E+01    5.0000000E+01    2.9117964E+02    8.7468665E+02    2.7349072E+02    1.2796882E+05    1.0415809E+04
    1.2650000E+01    5.0000000E+01    2.9130417E+02    8.7630230E+02    2.7408681E+02    1.2689225E+05    1.0328219E+04
    1.2750000E+01    5.0000000E+01    2.9142865E+02    8.7791945E+02    2.7468356E+02    1.2580934E+05    1.0240113E+04
    1.2850000E+01    5.0000000E+01    2.9155306E+02    8.7953809E+02    2.7528095E+02    1.2472000E+05    1.0151483E+04
    1.2950000E+01    5.0000000E+01    2.9167739E+02    8.8115822E+02    2.7587899E+02    1.2362412E+05    1.0062320E+04
    1.3050000E+01    5.0000000E+01    2.9180166E+02    8.8277984E+02    2.7647769E+02    1.2252161E+05    9.9726167E+03
    1.3150000E+01    5.0000000E+01    2.9192585E+02    8.8440295E+02    2.7707703E+02    1.2141234E+05    9.8823631E+03
    1.3250000E+01    5.0000000E+01    2.9204995E+02    8.8602755E+02    2.7767702E+02    1.2029621E+05    9.7915502E+03
    1.3350000E+01    5.0000000E+01    2.9217398E+02    8.8765365E+02    2.7827766E+02    1.1917310E+05    9.7001686E+03
    1.3450000E+01    5.0000000E+01    2.9229791E+02    8.8928124E+02    2.7887895E+02    1.1804289E+05    9.6082082E+03
    1.3550000E+01    5.0000000E+01    2.9242175E+02    8.9091032E+02    2.7948089E+02    1.1690545E+05    9.5156590E+03
    1.3650000E+01    5.0000000E+01    2.9254550E+02    8.9254089E+02    2.8008348E+02    1.1576065E+05    9.4225103E+03
    1.3750000E+01    5.0000000E+01    2.9266915E+02    8.9417295E+02    2.8068672E+02    1.1460836E+05    9.3287513E+03
    1.3850000E+01    5.0000000E+01    2.9279269E+02    8.9580650E+02    2.8129061E+02    1.1344844E+05    9.2343704E+03
    1.3950000E+01    5.0000000E+01    2.9291613E+02    8.9744155E+02    2.8189514E+02    1.1228074E+05    9.1393561E+03
    1.4050000E+01    5.0000000E+01    2.9303946E+02    8.9907809E+02    2.8250033E+02    1.1110512E+05    9.0436960E+03
    1.4150000E+01    5.0000000E+01    2.9316267E+02    9.0071612E+02    2.8310617E+02    1.0992142E+05    8.9473776E+03
    1.4250000E+01    5.0000000E+01    2.9328576E+02    9.0235564E+02    2.8371265E+02    1.0872947E+05    8.8503876E+03
    1.4350000E+01    5.0000000E+01    2.9340873E+02    9.0399665E+02    2.8431979E+02    1.0752912E+05    8.7527123E+03
    1.4450000E+01    5.0000000E+01    2.9353156E+02    9.0563916E+02    2.8492757E+02    1.0632018E+05    8.6543376E+03
    1.4550000E+01    5.0000000E+01    2.9365427E+02    9.0728315E+02    2.8553601E+02    1.0510247E+05    8.5552485E+03
    1.4650000E+01    5.0000000E+01    2.9377684E+02    9.0892864E+02    2.8614509E+02    1.0387580E+05    8.4554298E+03
    1.4750000E+01    5.0000000E+01    2.9389926E+02    9.1057562E+02    2.8675482E+02    1.0263998E+05    8.3548651E+03
    1.4850000E+01    5.0000000E+01    2.9402154E+02    9.1222409E+02    2.8736520E+02    1.0139480E+05    8.2535379E+03
    1.4950000E+01    5.0000000E+01    2.9414366E+02    9.1387405E+02    2.8797624E+02    1.0014004E+05    8.1514305E+03
    1.5050000E+01    5.0000000E+01    2.9426563E+02    9.1552551E+02    2.8858792E+02    9.8875485E+04    8.0485245E+03
    1.5150000E+01    5.0000000E+01    2.9438743E+02    9.1717845E+02    2.8920025E+02    9.7600891E+04    7.9448009E+03
    1.5250000E+01    5.0000000E+01    2.9450907E+02    9.1883289E+02    2.8981323E+02    9.6316014E+04    7.8402396E+03
    1.5350000E+01    5.0000000E+01    2.9463053E+02    9.2048882E+02    2.9042686E+02    9.5020595E+04    7.7348194E+03
    1.5450000E+01    5.0000000E+01    2.9475182E+02    9.2214624E+02    2.9104114E+02    9.3714365E+04    7.6285184E+03
    1.5550000E+01    5.0000000E+01    2.9487292E+02    9.2380515E+02    2.9165606E+02    9.2397037E+04    7.5213133E+03
    1.5650000E+01    5.0000000E+01    2.9499383E+02    9.2546555E+02    2.9227164E+02    9.1068314E+04    7.4131798E+03
    1.5750000E+01    5.0000000E+01    2.9511455E+02    9.2712745E+02    2.9288787E+02    8.9727879E+04    7.3040922E+03
    1.5850000E+01    5.0000000E+01    2.9523507E+02    9.2879084E+02    2.9350474E+02    8.8375401E+04    7.1940235E+03
    1.5950000E+01    5.0000000E+01    2.9535538E+02    9.3045572E+02    2.9412227E+02    8.7010531E+04    7.0829452E+03
    1.6050000E+01    5.0000000E+01    2.9547547E+02    9.3212209E+02    2.9474045E+02    8.5632897E+04    6.9708270E+03
    1.6150000E+01    5.0000000E+01    2.9559535E+02    9.3378995E+02    2.9535927E+02    8.4242109E+04    6.8576373E+03
    1.6250000E+01    5.0000000E+01    2.9571500E+02    9.3545930E+02    2.9597875E+02    8.2837752E+04    6.7433422E+03
    1.6350000E+01    5.0000000E+01    2.9583442E+02    9.3713015E+02    2.9659887E+02    8.1419387E+04    6.6279058E+03
    1.6450000E+01    5.0000000E+01    2.9595360E+02    9.3880249E+02    2.9721964E+02    7.9986546E+04    6.5112901E+03
    1.6550000E+01    5.0000000E+01    2.9607254E+02    9.4047631E+02    2.9784106E+02    7.8538731E+04    6.3934547E+03
    1.6650000E+01    5.0000000E+01    2.9619122E+02    9.4215163E+02    2.9846314E+02    7.7075412E+04    6.2743563E+03
    1.6750000E+01    5.0000000E+01    2.9630964E+02    9.4382845E+02    2.9908586E+02    7.5596024E+04    6.1539487E+03
    1.6850000E+01    5.0000000E+01    2.9642779E+02    9.4550675E+02    2.9970923E+02    7.4099959E+04    6.0321826E+03
    1.6950000E+01    5.0000000E+01    2.9654568E+02    9.4718654E+02    3.0033325E+02    7.2586566E+04    5.9090050E+03
    1.7050000E+01    5.0000000E+01    2.9666327E+02    9.4886783E+02    3.0095792E+02    7.1055148E+04    5.7843590E+03
    1.7150000E+01    5.0000000E+01    2.9678058E+02    9.5055061E+02    3.0158324E+02    6.9504951E+04    5.6581832E+03
    1.7250000E+01    5.0000000E+01    2.9689759E+02    9.5223488E+02    3.0220921E+02    6.7935162E+04    5.5304115E+03
    1.7350000E+01    5.0000000E+01    2.9701430E+02    9.5392064E+02    3.0283582E+02    6.6344899E+04    5.4009720E+03
    1.7450000E+01    5.0000000E+01    2.9713068E+02    9.5560789E+02    3.0346309E+02    6.4733207E+04    5.2697869E+03
    1.7550000E+01    5.0000000E+01    2.9724675E+02    9.5729664E+02    3.0409101E+02    6.3099043E+04    5.1367712E+03
    1.7650000E+01    5.0000000E+01    2.9736248E+02    9.5898687E+02    3.0471958E+02    6.1441268E+04    5.0018323E+03
    1.7750000E+01    5.0000000E+01    2.9747787E+02    9.6067860E+02    3.0534879E+02    5.9758632E+04    4.8648683E+03
    1.7850000E+01    5.0000000E+01    2.9759290E+02    9.6237182E+02    3.0597866E+02    5.8049761E+04    4.7257673E+03
    1.7950000E+01    5.0000000E+01    2.9770758E+02    9.6406653E+02    3.0660917E+02    5.6313134E+04    4.5844053E+03
    1.8050000E+01    5.0000000E+01    2.9782188E+02    9.6576273E+02    3.0724034E+02    5.4547060E+04    4.4406449E+03
    1.8150000E+01    5.0000000E+01    2.9793579E+02    9.6746043E+02    3.0787215E+02    5.2749654E+04    4.2943323E+03
    1.8250000E+01    5.0000000E+01    2.9804932E+02    9.6915961E+02    3.0850461E+02    5.0918799E+04    4.1452953E+03
    1.8350000E+01    5.0000000E+01    2.9816243E+02    9.7086029E+02    3.0913772E+02    4.9052105E+04    3.9933390E+03
    1.8450000E+01    5.0000000E+01    2.9827512E+02    9.7256246E+02    3.0977149E+02    4.7146855E+04    3.8382423E+03
    1.8550000E+01    5.0000000E+01    2.9838738E+02    9.7426612E+02    3.1040590E+02    4.5199934E+04    3.6797515E+03
    1.8650000E+01    5.0000000E+01    2.9849920E+02    9.7597127E+02    3.1104096E+02    4.3207746E+04    3.5175737E+03
    1.8750000E+01    5.0000000E+01    2.9861055E+02    9.7767792E+02    3.1167667E+02    4.1166097E+04    3.3513675E+03
    1.8850000E+01    5.0000000E+01    2.9872141E+02    9.7938605E+02    3.1231303E+02    3.9070040E+04    3.1807298E+03
    1.8950000E+01    5.0000000E+01    2.9883178E+02    9.8109568E+02    3.1295004E+02    3.6913669E+04    3.0051796E+03
    1.9050000E+01    5.0000000E+01    2.9894163E+02    9.8280679E+02    3.1358770E+02    3.4689823E+04    2.8241339E+03
    1.9150000E+01    5.0000000E+01    2.9905094E+02    9.8451940E+02    3.1422600E+02    3.2389675E+04    2.6368736E+03
    1.9250000E+01    5.0000000E+01    2.9915967E+02    9.8623350E+02    3.1486496E+02    3.0002103E+04    2.4424931E+03
    1.9350000E+01    5.0000000E+01    2.9926780E+02    9.8794910E+02    3.1550457E+02    2.7512742E+04    2.2398223E+03
    1.9450000E+01    5.0000000E+01    2.9937529E+02    9.8966618E+02    3.1614482E+02    2.4902419E+04    2.0272997E+03
    1.9550000E+01    5.0000000E+01    2.9948207E+02    9.9138476E+02    3.1678573E+02    2.2144466E+04    1.8027533E+03
    1.9650000E+01    5.0000000E+01    2.9958809E+02    9.9310482E+02    3.1742728E+02    1.9199657E+04    1.5629880E+03
    1.9750000E+01    5.0000000E+01    2.9969321E+02    9.9482638E+02    3.1806949E+02    1.6005507E+04    1.3029137E+03
    1.9850000E+01    5.0000000E+01    2.9979727E+02    9.9654943E+02    3.1871234E+02    1.2449394E+04    1.0133554E+03
    1.9950000E+01    5.0000000E+01    2.9989988E+02    9.9827397E+02    3.1935585E+02    8.2772961E+03    6.7361253E+02
