# Time          5.0000E-02
# Units: Mol/m**3 Porous Medium/s
    Distance           Quartz           K-Feldspar_Li    Oligoclase_Li    Biotite_Li       Kaolinite_Li7    Kaolinite_Li6
    5.0000000E-02   -2.1628467E-14   -4.0115321E-11   -1.6226741E-10   -3.2554253E-11    1.1831345E-10    9.7619156E-12
    1.5000000E-01   -2.0248707E-14   -4.0132371E-11   -1.6260342E-10   -3.2635719E-11    1.1722876E-10    9.6585054E-12
    2.5000000E-01   -1.8865752E-14   -4.0149432E-11   -1.6294015E-10   -3.2717373E-11    1.1736045E-10    9.6569659E-12
    3.5000000E-01   -1.7479684E-14   -4.0166501E-11   -1.6327754E-10   -3.2799205E-11    1.1750428E-10    9.6577629E-12
    4.5000000E-01   -1.6090569E-14   -4.0183577E-11   -1.6361556E-10   -3.2881206E-11    1.1765766E-10    9.6605273E-12
    5.5000000E-01   -1.4698462E-14   -4.0200655E-11   -1.6395418E-10   -3.2963370E-11    1.1781918E-10    9.6650088E-12
    6.5000000E-01   -1.3303409E-14   -4.0217736E-11   -1.6429337E-10   -3.3045688E-11    1.1798768E-10    9.6709936E-12
    7.5000000E-01   -1.1905451E-14   -4.0234814E-11   -1.6463310E-10   -3.3128154E-11    1.1816221E-10    9.6782983E-12
    8.5000000E-01   -1.0504622E-14   -4.0251890E-11   -1.6497335E-10   -3.3210763E-11    1.1834196E-10    9.6867649E-12
    9.5000000E-01   -9.1009511E-15   -4.0268960E-11   -1.6531410E-10   -3.3293510E-11    1.1852627E-10    9.6962570E-12
    1.0500000E+00   -7.6944636E-15   -4.0286023E-11   -1.6565533E-10   -3.3376391E-11    1.1871456E-10    9.7066560E-12
    1.1500000E+00   -6.2851812E-15   -4.0303075E-11   -1.6599702E-10   -3.3459401E-11    1.1890635E-10    9.7178591E-12
    1.2500000E+00   -4.8731228E-15   -4.0320116E-11   -1.6633916E-10   -3.3542536E-11    1.1910124E-10    9.7297764E-12
    1.3500000E+00   -3.4583048E-15   -4.0337143E-11   -1.6668173E-10   -3.3625795E-11    1.1929888E-10    9.7423296E-12
    1.4500000E+00   -2.0407413E-15   -4.0354155E-11   -1.6702472E-10   -3.3709174E-11    1.1949895E-10    9.7554498E-12
    1.5500000E+00   -6.2044449E-16   -4.0371148E-11   -1.6736813E-10   -3.3792670E-11    1.1970121E-10    9.7690766E-12
    1.6500000E+00    0.0000000E+00   -4.0388122E-11   -1.6771195E-10   -3.3876282E-11    1.1990544E-10    9.7831570E-12
    1.7500000E+00    0.0000000E+00   -4.0405073E-11   -1.6805616E-10   -3.3960009E-11    1.2011142E-10    9.7976443E-12
    1.8500000E+00    0.0000000E+00   -4.0422001E-11   -1.6840076E-10   -3.4043847E-11    1.2031901E-10    9.8124969E-12
    1.9500000E+00    0.0000000E+00   -4.0438903E-11   -1.6874574E-10   -3.4127796E-11    1.2052804E-10    9.8276785E-12
    2.0500000E+00    0.0000000E+00   -4.0455777E-11   -1.6909111E-10   -3.4211855E-11    1.2073839E-10    9.8431566E-12
    2.1500000E+00    0.0000000E+00   -4.0472621E-11   -1.6943685E-10   -3.4296023E-11    1.2094995E-10    9.8589025E-12
    2.2500000E+00    0.0000000E+00   -4.0489432E-11   -1.6978296E-10   -3.4380299E-11    1.2116261E-10    9.8748908E-12
    2.3500000E+00    0.0000000E+00   -4.0506210E-11   -1.7012945E-10   -3.4464683E-11    1.2137628E-10    9.8910987E-12
    2.4500000E+00    0.0000000E+00   -4.0522950E-11   -1.7047630E-10   -3.4549173E-11    1.2159090E-10    9.9075059E-12
    2.5500000E+00    0.0000000E+00   -4.0539652E-11   -1.7082351E-10   -3.4633768E-11    1.2180637E-10    9.9240946E-12
    2.6500000E+00    0.0000000E+00   -4.0556313E-11   -1.7117108E-10   -3.4718470E-11    1.2202266E-10    9.9408485E-12
    2.7500000E+00    0.0000000E+00   -4.0572930E-11   -1.7151902E-10   -3.4803277E-11    1.2223969E-10    9.9577532E-12
    2.8500000E+00    0.0000000E+00   -4.0589502E-11   -1.7186732E-10   -3.4888189E-11    1.2245742E-10    9.9747959E-12
    2.9500000E+00    0.0000000E+00   -4.0606025E-11   -1.7221597E-10   -3.4973206E-11    1.2267581E-10    9.9919650E-12
    3.0500000E+00    0.0000000E+00   -4.0622497E-11   -1.7256499E-10   -3.5058327E-11    1.2289481E-10    1.0009250E-11
    3.1500000E+00    0.0000000E+00   -4.0638916E-11   -1.7291435E-10   -3.5143552E-11    1.2311439E-10    1.0026642E-11
    3.2500000E+00    0.0000000E+00   -4.0655280E-11   -1.7326408E-10   -3.5228882E-11    1.2333451E-10    1.0044132E-11
    3.3500000E+00    0.0000000E+00   -4.0671584E-11   -1.7361416E-10   -3.5314316E-11    1.2355515E-10    1.0061713E-11
    3.4500000E+00    0.0000000E+00   -4.0687827E-11   -1.7396460E-10   -3.5399854E-11    1.2377628E-10    1.0079377E-11
    3.5500000E+00    0.0000000E+00   -4.0704006E-11   -1.7431539E-10   -3.5485495E-11    1.2399787E-10    1.0097120E-11
    3.6500000E+00    0.0000000E+00   -4.0720118E-11   -1.7466654E-10   -3.5571241E-11    1.2421991E-10    1.0114934E-11
    3.7500000E+00    0.0000000E+00   -4.0736159E-11   -1.7501804E-10   -3.5657090E-11    1.2444236E-10    1.0132816E-11
    3.8500000E+00    0.0000000E+00   -4.0752128E-11   -1.7536989E-10   -3.5743043E-11    1.2466522E-10    1.0150760E-11
    3.9500000E+00    0.0000000E+00   -4.0768020E-11   -1.7572210E-10   -3.5829100E-11    1.2488846E-10    1.0168762E-11
    4.0500000E+00    0.0000000E+00   -4.0783833E-11   -1.7607466E-10   -3.5915260E-11    1.2511207E-10    1.0186820E-11
    4.1500000E+00    0.0000000E+00   -4.0799563E-11   -1.7642758E-10   -3.6001524E-11    1.2533604E-10    1.0204928E-11
    4.2500000E+00    0.0000000E+00   -4.0815207E-11   -1.7678085E-10   -3.6087892E-11    1.2556034E-10    1.0223084E-11
    4.3500000E+00    0.0000000E+00   -4.0830762E-11   -1.7713448E-10   -3.6174363E-11    1.2578498E-10    1.0241286E-11
    4.4500000E+00    0.0000000E+00   -4.0846223E-11   -1.7748845E-10   -3.6260938E-11    1.2600993E-10    1.0259530E-11
    4.5500000E+00    0.0000000E+00   -4.0861588E-11   -1.7784279E-10   -3.6347616E-11    1.2623519E-10    1.0277815E-11
    4.6500000E+00    0.0000000E+00   -4.0876852E-11   -1.7819747E-10   -3.6434398E-11    1.2646074E-10    1.0296137E-11
    4.7500000E+00    0.0000000E+00   -4.0892013E-11   -1.7855251E-10   -3.6521284E-11    1.2668658E-10    1.0314496E-11
    4.8500000E+00    0.0000000E+00   -4.0907065E-11   -1.7890790E-10   -3.6608273E-11    1.2691269E-10    1.0332889E-11
    4.9500000E+00    0.0000000E+00   -4.0922005E-11   -1.7926365E-10   -3.6695366E-11    1.2713908E-10    1.0351314E-11
    5.0500000E+00    0.0000000E+00   -4.0936829E-11   -1.7961975E-10   -3.6782562E-11    1.2736572E-10    1.0369770E-11
    5.1500000E+00    0.0000000E+00   -4.0951533E-11   -1.7997620E-10   -3.6869862E-11    1.2759262E-10    1.0388256E-11
    5.2500000E+00    0.0000000E+00   -4.0966113E-11   -1.8033301E-10   -3.6957266E-11    1.2781976E-10    1.0406770E-11
    5.3500000E+00    0.0000000E+00   -4.0980563E-11   -1.8069017E-10   -3.7044773E-11    1.2804714E-10    1.0425310E-11
    5.4500000E+00    0.0000000E+00   -4.0994880E-11   -1.8104769E-10   -3.7132384E-11    1.2827475E-10    1.0443877E-11
    5.5500000E+00    0.0000000E+00   -4.1009059E-11   -1.8140555E-10   -3.7220098E-11    1.2850259E-10    1.0462468E-11
    5.6500000E+00    0.0000000E+00   -4.1023095E-11   -1.8176378E-10   -3.7307916E-11    1.2873065E-10    1.0481083E-11
    5.7500000E+00    0.0000000E+00   -4.1036984E-11   -1.8212235E-10   -3.7395837E-11    1.2895892E-10    1.0499720E-11
    5.8500000E+00    0.0000000E+00   -4.1050720E-11   -1.8248128E-10   -3.7483862E-11    1.2918740E-10    1.0518379E-11
    5.9500000E+00    0.0000000E+00   -4.1064299E-11   -1.8284056E-10   -3.7571990E-11    1.2941608E-10    1.0537060E-11
    6.0500000E+00    0.0000000E+00   -4.1077715E-11   -1.8320020E-10   -3.7660222E-11    1.2964496E-10    1.0555760E-11
    6.1500000E+00    0.0000000E+00   -4.1090963E-11   -1.8356019E-10   -3.7748558E-11    1.2987403E-10    1.0574480E-11
    6.2500000E+00    0.0000000E+00   -4.1104038E-11   -1.8392053E-10   -3.7836997E-11    1.3010329E-10    1.0593219E-11
    6.3500000E+00    0.0000000E+00   -4.1116934E-11   -1.8428123E-10   -3.7925540E-11    1.3033273E-10    1.0611976E-11
    6.4500000E+00    0.0000000E+00   -4.1129645E-11   -1.8464228E-10   -3.8014186E-11    1.3056234E-10    1.0630750E-11
    6.5500000E+00    0.0000000E+00   -4.1142166E-11   -1.8500368E-10   -3.8102936E-11    1.3079214E-10    1.0649541E-11
    6.6500000E+00    0.0000000E+00   -4.1154491E-11   -1.8536544E-10   -3.8191790E-11    1.3102210E-10    1.0668349E-11
    6.7500000E+00    0.0000000E+00   -4.1166613E-11   -1.8572755E-10   -3.8280747E-11    1.3125222E-10    1.0687172E-11
    6.8500000E+00    0.0000000E+00   -4.1178527E-11   -1.8609001E-10   -3.8369807E-11    1.3148250E-10    1.0706010E-11
    6.9500000E+00    0.0000000E+00   -4.1190226E-11   -1.8645283E-10   -3.8458972E-11    1.3171294E-10    1.0724863E-11
    7.0500000E+00    0.0000000E+00   -4.1201704E-11   -1.8681600E-10   -3.8548239E-11    1.3194352E-10    1.0743730E-11
    7.1500000E+00    0.0000000E+00   -4.1212953E-11   -1.8717953E-10   -3.8637611E-11    1.3217425E-10    1.0762611E-11
    7.2500000E+00    0.0000000E+00   -4.1223968E-11   -1.8754341E-10   -3.8727086E-11    1.3240513E-10    1.0781505E-11
    7.3500000E+00    0.0000000E+00   -4.1234741E-11   -1.8790764E-10   -3.8816664E-11    1.3263614E-10    1.0800412E-11
    7.4500000E+00    0.0000000E+00   -4.1245266E-11   -1.8827222E-10   -3.8906346E-11    1.3286728E-10    1.0819330E-11
    7.5500000E+00    0.0000000E+00   -4.1255534E-11   -1.8863716E-10   -3.8996132E-11    1.3309855E-10    1.0838261E-11
    7.6500000E+00    0.0000000E+00   -4.1265539E-11   -1.8900246E-10   -3.9086021E-11    1.3332994E-10    1.0857203E-11
    7.7500000E+00    0.0000000E+00   -4.1275273E-11   -1.8936810E-10   -3.9176014E-11    1.3356146E-10    1.0876156E-11
    7.8500000E+00    0.0000000E+00   -4.1284728E-11   -1.8973410E-10   -3.9266110E-11    1.3379308E-10    1.0895119E-11
    7.9500000E+00    0.0000000E+00   -4.1293896E-11   -1.9010045E-10   -3.9356310E-11    1.3402482E-10    1.0914093E-11
    8.0500000E+00    0.0000000E+00   -4.1302769E-11   -1.9046716E-10   -3.9446613E-11    1.3425666E-10    1.0933075E-11
    8.1500000E+00    0.0000000E+00   -4.1311340E-11   -1.9083422E-10   -3.9537020E-11    1.3448861E-10    1.0952068E-11
    8.2500000E+00    0.0000000E+00   -4.1319599E-11   -1.9120164E-10   -3.9627531E-11    1.3472064E-10    1.0971068E-11
    8.3500000E+00    0.0000000E+00   -4.1327538E-11   -1.9156940E-10   -3.9718145E-11    1.3495278E-10    1.0990078E-11
    8.4500000E+00    0.0000000E+00   -4.1335148E-11   -1.9193752E-10   -3.9808863E-11    1.3518499E-10    1.1009095E-11
    8.5500000E+00    0.0000000E+00   -4.1342420E-11   -1.9230600E-10   -3.9899684E-11    1.3541729E-10    1.1028119E-11
    8.6500000E+00    0.0000000E+00   -4.1349344E-11   -1.9267483E-10   -3.9990609E-11    1.3564967E-10    1.1047151E-11
    8.7500000E+00    0.0000000E+00   -4.1355912E-11   -1.9304401E-10   -4.0081637E-11    1.3588212E-10    1.1066189E-11
    8.8500000E+00    0.0000000E+00   -4.1362114E-11   -1.9341354E-10   -4.0172769E-11    1.3611464E-10    1.1085234E-11
    8.9500000E+00    0.0000000E+00   -4.1367939E-11   -1.9378343E-10   -4.0264005E-11    1.3634722E-10    1.1104284E-11
    9.0500000E+00    0.0000000E+00   -4.1373379E-11   -1.9415367E-10   -4.0355344E-11    1.3657985E-10    1.1123339E-11
    9.1500000E+00    0.0000000E+00   -4.1378422E-11   -1.9452427E-10   -4.0446787E-11    1.3681254E-10    1.1142400E-11
    9.2500000E+00    0.0000000E+00   -4.1383058E-11   -1.9489522E-10   -4.0538333E-11    1.3704528E-10    1.1161464E-11
    9.3500000E+00    0.0000000E+00   -4.1387277E-11   -1.9526652E-10   -4.0629983E-11    1.3727805E-10    1.1180533E-11
    9.4500000E+00    0.0000000E+00   -4.1391066E-11   -1.9563818E-10   -4.0721737E-11    1.3751087E-10    1.1199606E-11
    9.5500000E+00    0.0000000E+00   -4.1394417E-11   -1.9601019E-10   -4.0813594E-11    1.3774371E-10    1.1218681E-11
    9.6500000E+00    0.0000000E+00   -4.1397316E-11   -1.9638255E-10   -4.0905554E-11    1.3797658E-10    1.1237759E-11
    9.7500000E+00    0.0000000E+00   -4.1399752E-11   -1.9675527E-10   -4.0997618E-11    1.3820947E-10    1.1256839E-11
    9.8500000E+00    0.0000000E+00   -4.1401713E-11   -1.9712834E-10   -4.1089786E-11    1.3844237E-10    1.1275920E-11
    9.9500000E+00    0.0000000E+00   -4.1403188E-11   -1.9750176E-10   -4.1182057E-11    1.3867527E-10    1.1295003E-11
    1.0050000E+01    0.0000000E+00   -4.1404163E-11   -1.9787554E-10   -4.1274432E-11    1.3890818E-10    1.1314087E-11
    1.0150000E+01    0.0000000E+00   -4.1404626E-11   -1.9824967E-10   -4.1366911E-11    1.3914109E-10    1.1333170E-11
    1.0250000E+01    0.0000000E+00   -4.1404565E-11   -1.9862416E-10   -4.1459493E-11    1.3937398E-10    1.1352253E-11
    1.0350000E+01    0.0000000E+00   -4.1403965E-11   -1.9899899E-10   -4.1552178E-11    1.3960686E-10    1.1371336E-11
    1.0450000E+01    0.0000000E+00   -4.1402813E-11   -1.9937419E-10   -4.1644967E-11    1.3983971E-10    1.1390416E-11
    1.0550000E+01    0.0000000E+00   -4.1401096E-11   -1.9974973E-10   -4.1737860E-11    1.4007253E-10    1.1409495E-11
    1.0650000E+01    0.0000000E+00   -4.1398799E-11   -2.0012563E-10   -4.1830856E-11    1.4030532E-10    1.1428572E-11
    1.0750000E+01    0.0000000E+00   -4.1395908E-11   -2.0050188E-10   -4.1923956E-11    1.4053806E-10    1.1447645E-11
    1.0850000E+01    0.0000000E+00   -4.1392408E-11   -2.0087849E-10   -4.2017160E-11    1.4077075E-10    1.1466714E-11
    1.0950000E+01    0.0000000E+00   -4.1388284E-11   -2.0125544E-10   -4.2110467E-11    1.4100338E-10    1.1485780E-11
    1.1050000E+01    0.0000000E+00   -4.1383522E-11   -2.0163276E-10   -4.2203877E-11    1.4123595E-10    1.1504840E-11
    1.1150000E+01    0.0000000E+00   -4.1378105E-11   -2.0201042E-10   -4.2297391E-11    1.4146844E-10    1.1523895E-11
    1.1250000E+01    0.0000000E+00   -4.1372016E-11   -2.0238844E-10   -4.2391009E-11    1.4170085E-10    1.1542944E-11
    1.1350000E+01    0.0000000E+00   -4.1365241E-11   -2.0276681E-10   -4.2484730E-11    1.4193318E-10    1.1561987E-11
    1.1450000E+01    0.0000000E+00   -4.1357763E-11   -2.0314554E-10   -4.2578555E-11    1.4216541E-10    1.1581022E-11
    1.1550000E+01    0.0000000E+00   -4.1349563E-11   -2.0352462E-10   -4.2672484E-11    1.4239753E-10    1.1600049E-11
    1.1650000E+01    0.0000000E+00   -4.1340625E-11   -2.0390405E-10   -4.2766516E-11    1.4262955E-10    1.1619067E-11
    1.1750000E+01    0.0000000E+00   -4.1330932E-11   -2.0428384E-10   -4.2860651E-11    1.4286144E-10    1.1638076E-11
    1.1850000E+01    0.0000000E+00   -4.1320464E-11   -2.0466398E-10   -4.2954891E-11    1.4309320E-10    1.1657076E-11
    1.1950000E+01    0.0000000E+00   -4.1309205E-11   -2.0504447E-10   -4.3049233E-11    1.4332483E-10    1.1676064E-11
    1.2050000E+01    0.0000000E+00   -4.1297133E-11   -2.0542532E-10   -4.3143680E-11    1.4355631E-10    1.1695041E-11
    1.2150000E+01    0.0000000E+00   -4.1284231E-11   -2.0580652E-10   -4.3238229E-11    1.4378763E-10    1.1714006E-11
    1.2250000E+01    0.0000000E+00   -4.1270479E-11   -2.0618808E-10   -4.3332883E-11    1.4401879E-10    1.1732958E-11
    1.2350000E+01    0.0000000E+00   -4.1255856E-11   -2.0656998E-10   -4.3427640E-11    1.4424977E-10    1.1751897E-11
    1.2450000E+01    0.0000000E+00   -4.1240342E-11   -2.0695224E-10   -4.3522501E-11    1.4448057E-10    1.1770821E-11
    1.2550000E+01    0.0000000E+00   -4.1223917E-11   -2.0733486E-10   -4.3617465E-11    1.4471118E-10    1.1789730E-11
    1.2650000E+01    0.0000000E+00   -4.1206557E-11   -2.0771783E-10   -4.3712532E-11    1.4494158E-10    1.1808623E-11
    1.2750000E+01    0.0000000E+00   -4.1188243E-11   -2.0810115E-10   -4.3807704E-11    1.4517177E-10    1.1827499E-11
    1.2850000E+01    0.0000000E+00   -4.1168951E-11   -2.0848482E-10   -4.3902979E-11    1.4540173E-10    1.1846357E-11
    1.2950000E+01    0.0000000E+00   -4.1148658E-11   -2.0886885E-10   -4.3998357E-11    1.4563146E-10    1.1865197E-11
    1.3050000E+01    0.0000000E+00   -4.1127342E-11   -2.0925323E-10   -4.4093839E-11    1.4586095E-10    1.1884017E-11
    1.3150000E+01    0.0000000E+00   -4.1104977E-11   -2.0963797E-10   -4.4189425E-11    1.4609017E-10    1.1902817E-11
    1.3250000E+01    0.0000000E+00   -4.1081541E-11   -2.1002305E-10   -4.4285114E-11    1.4631913E-10    1.1921596E-11
    1.3350000E+01    0.0000000E+00   -4.1057008E-11   -2.1040850E-10   -4.4380907E-11    1.4654781E-10    1.1940352E-11
    1.3450000E+01    0.0000000E+00   -4.1031353E-11   -2.1079429E-10   -4.4476803E-11    1.4677619E-10    1.1959086E-11
    1.3550000E+01    0.0000000E+00   -4.1004550E-11   -2.1118044E-10   -4.4572803E-11    1.4700427E-10    1.1977795E-11
    1.3650000E+01    0.0000000E+00   -4.0976572E-11   -2.1156694E-10   -4.4668906E-11    1.4723204E-10    1.1996480E-11
    1.3750000E+01    0.0000000E+00   -4.0947392E-11   -2.1195380E-10   -4.4765113E-11    1.4745948E-10    1.2015138E-11
    1.3850000E+01    0.0000000E+00   -4.0916982E-11   -2.1234101E-10   -4.4861424E-11    1.4768657E-10    1.2033769E-11
    1.3950000E+01    0.0000000E+00   -4.0885314E-11   -2.1272857E-10   -4.4957838E-11    1.4791331E-10    1.2052372E-11
    1.4050000E+01    0.0000000E+00   -4.0852360E-11   -2.1311648E-10   -4.5054356E-11    1.4813968E-10    1.2070945E-11
    1.4150000E+01    0.0000000E+00   -4.0818089E-11   -2.1350475E-10   -4.5150977E-11    1.4836567E-10    1.2089489E-11
    1.4250000E+01    0.0000000E+00   -4.0782471E-11   -2.1389337E-10   -4.5247702E-11    1.4859126E-10    1.2108000E-11
    1.4350000E+01    0.0000000E+00   -4.0745475E-11   -2.1428235E-10   -4.5344531E-11    1.4881645E-10    1.2126479E-11
    1.4450000E+01    0.0000000E+00   -4.0707070E-11   -2.1467168E-10   -4.5441463E-11    1.4904120E-10    1.2144924E-11
    1.4550000E+01    0.0000000E+00   -4.0667223E-11   -2.1506136E-10   -4.5538498E-11    1.4926552E-10    1.2163334E-11
    1.4650000E+01    0.0000000E+00   -4.0625900E-11   -2.1545140E-10   -4.5635638E-11    1.4948938E-10    1.2181707E-11
    1.4750000E+01    0.0000000E+00   -4.0583068E-11   -2.1584178E-10   -4.5732880E-11    1.4971276E-10    1.2200043E-11
    1.4850000E+01    0.0000000E+00   -4.0538691E-11   -2.1623253E-10   -4.5830227E-11    1.4993566E-10    1.2218340E-11
    1.4950000E+01    0.0000000E+00   -4.0492735E-11   -2.1662362E-10   -4.5927677E-11    1.5015806E-10    1.2236597E-11
    1.5050000E+01    0.0000000E+00   -4.0445162E-11   -2.1701507E-10   -4.6025230E-11    1.5037993E-10    1.2254812E-11
    1.5150000E+01    0.0000000E+00   -4.0395935E-11   -2.1740687E-10   -4.6122887E-11    1.5060126E-10    1.2272984E-11
    1.5250000E+01    0.0000000E+00   -4.0345015E-11   -2.1779903E-10   -4.6220648E-11    1.5082204E-10    1.2291111E-11
    1.5350000E+01    0.0000000E+00   -4.0292363E-11   -2.1819154E-10   -4.6318512E-11    1.5104224E-10    1.2309192E-11
    1.5450000E+01    0.0000000E+00   -4.0237938E-11   -2.1858440E-10   -4.6416480E-11    1.5126184E-10    1.2327226E-11
    1.5550000E+01    0.0000000E+00   -4.0181698E-11   -2.1897761E-10   -4.6514551E-11    1.5148084E-10    1.2345211E-11
    1.5650000E+01    0.0000000E+00   -4.0123601E-11   -2.1937118E-10   -4.6612726E-11    1.5169919E-10    1.2363145E-11
    1.5750000E+01    0.0000000E+00   -4.0063602E-11   -2.1976510E-10   -4.6711005E-11    1.5191690E-10    1.2381027E-11
    1.5850000E+01    0.0000000E+00   -4.0001656E-11   -2.2015938E-10   -4.6809387E-11    1.5213393E-10    1.2398855E-11
    1.5950000E+01    0.0000000E+00   -3.9937715E-11   -2.2055401E-10   -4.6907872E-11    1.5235026E-10    1.2416626E-11
    1.6050000E+01    0.0000000E+00   -3.9871732E-11   -2.2094899E-10   -4.7006462E-11    1.5256587E-10    1.2434341E-11
    1.6150000E+01    0.0000000E+00   -3.9803656E-11   -2.2134432E-10   -4.7105154E-11    1.5278074E-10    1.2451996E-11
    1.6250000E+01    0.0000000E+00   -3.9733436E-11   -2.2174001E-10   -4.7203951E-11    1.5299484E-10    1.2469589E-11
    1.6350000E+01    0.0000000E+00   -3.9661019E-11   -2.2213605E-10   -4.7302851E-11    1.5320815E-10    1.2487119E-11
    1.6450000E+01    0.0000000E+00   -3.9586348E-11   -2.2253245E-10   -4.7401854E-11    1.5342064E-10    1.2504583E-11
    1.6550000E+01    0.0000000E+00   -3.9509366E-11   -2.2292920E-10   -4.7500961E-11    1.5363229E-10    1.2521980E-11
    1.6650000E+01    0.0000000E+00   -3.9430013E-11   -2.2332630E-10   -4.7600172E-11    1.5384307E-10    1.2539307E-11
    1.6750000E+01    0.0000000E+00   -3.9348226E-11   -2.2372375E-10   -4.7699486E-11    1.5405294E-10    1.2556561E-11
    1.6850000E+01    0.0000000E+00   -3.9263940E-11   -2.2412156E-10   -4.7798904E-11    1.5426189E-10    1.2573741E-11
    1.6950000E+01    0.0000000E+00   -3.9177087E-11   -2.2451972E-10   -4.7898426E-11    1.5446986E-10    1.2590843E-11
    1.7050000E+01    0.0000000E+00   -3.9087593E-11   -2.2491823E-10   -4.7998051E-11    1.5467685E-10    1.2607866E-11
    1.7150000E+01    0.0000000E+00   -3.8995384E-11   -2.2531710E-10   -4.8097779E-11    1.5488280E-10    1.2624806E-11
    1.7250000E+01    0.0000000E+00   -3.8900378E-11   -2.2571632E-10   -4.8197611E-11    1.5508768E-10    1.2641659E-11
    1.7350000E+01    0.0000000E+00   -3.8802489E-11   -2.2611589E-10   -4.8297547E-11    1.5529145E-10    1.2658424E-11
    1.7450000E+01    0.0000000E+00   -3.8701628E-11   -2.2651581E-10   -4.8397586E-11    1.5549407E-10    1.2675096E-11
    1.7550000E+01    0.0000000E+00   -3.8597694E-11   -2.2691609E-10   -4.8497729E-11    1.5569549E-10    1.2691672E-11
    1.7650000E+01    0.0000000E+00   -3.8490583E-11   -2.2731672E-10   -4.8597976E-11    1.5589567E-10    1.2708147E-11
    1.7750000E+01    0.0000000E+00   -3.8380179E-11   -2.2771771E-10   -4.8698326E-11    1.5609454E-10    1.2724519E-11
    1.7850000E+01    0.0000000E+00   -3.8266357E-11   -2.2811905E-10   -4.8798779E-11    1.5629206E-10    1.2740780E-11
    1.7950000E+01    0.0000000E+00   -3.8148977E-11   -2.2852074E-10   -4.8899336E-11    1.5648815E-10    1.2756928E-11
    1.8050000E+01    0.0000000E+00   -3.8027885E-11   -2.2892278E-10   -4.8999997E-11    1.5668275E-10    1.2772955E-11
    1.8150000E+01    0.0000000E+00   -3.7902908E-11   -2.2932518E-10   -4.9100761E-11    1.5687578E-10    1.2788855E-11
    1.8250000E+01    0.0000000E+00   -3.7773848E-11   -2.2972793E-10   -4.9201629E-11    1.5706713E-10    1.2804622E-11
    1.8350000E+01    0.0000000E+00   -3.7640477E-11   -2.3013103E-10   -4.9302601E-11    1.5725672E-10    1.2820245E-11
    1.8450000E+01    0.0000000E+00   -3.7502533E-11   -2.3053448E-10   -4.9403676E-11    1.5744441E-10    1.2835716E-11
    1.8550000E+01    0.0000000E+00   -3.7359702E-11   -2.3093829E-10   -4.9504855E-11    1.5763006E-10    1.2851022E-11
    1.8650000E+01    0.0000000E+00   -3.7211607E-11   -2.3134245E-10   -4.9606137E-11    1.5781350E-10    1.2866149E-11
    1.8750000E+01    0.0000000E+00   -3.7057788E-11   -2.3174696E-10   -4.9707522E-11    1.5799450E-10    1.2881081E-11
    1.8850000E+01    0.0000000E+00   -3.6897667E-11   -2.3215183E-10   -4.9809012E-11    1.5817281E-10    1.2895794E-11
    1.8950000E+01    0.0000000E+00   -3.6730508E-11   -2.3255704E-10   -4.9910605E-11    1.5834808E-10    1.2910262E-11
    1.9050000E+01    0.0000000E+00   -3.6555339E-11   -2.3296261E-10   -5.0012301E-11    1.5851986E-10    1.2924448E-11
    1.9150000E+01    0.0000000E+00   -3.6370845E-11   -2.3336853E-10   -5.0114101E-11    1.5868754E-10    1.2938302E-11
    1.9250000E+01    0.0000000E+00   -3.6175181E-11   -2.3377481E-10   -5.0216005E-11    1.5885026E-10    1.2951754E-11
    1.9350000E+01    0.0000000E+00   -3.5965642E-11   -2.3418143E-10   -5.0318012E-11    1.5900676E-10    1.2964702E-11
    1.9450000E+01    0.0000000E+00   -3.5738050E-11   -2.3458840E-10   -5.0420123E-11    1.5915510E-10    1.2976988E-11
    1.9550000E+01    0.0000000E+00   -3.5485512E-11   -2.3499573E-10   -5.0522337E-11    1.5929207E-10    1.2988351E-11
    1.9650000E+01    0.0000000E+00   -3.5195591E-11   -2.3540340E-10   -5.0624655E-11    1.5941189E-10    1.2998320E-11
    1.9750000E+01    0.0000000E+00   -3.4842855E-11   -2.3581141E-10   -5.0727077E-11    1.5950272E-10    1.3005931E-11
    1.9850000E+01    0.0000000E+00   -3.4364078E-11   -2.3621975E-10   -5.0829602E-11    1.5953509E-10    1.3008786E-11
    1.9950000E+01    0.0000000E+00   -3.3536448E-11   -2.3662838E-10   -5.0932231E-11    1.5940492E-10    1.2998401E-11
