# Time          5.0000E-02
# Units: Dimensionless (Log10(Q/Keq)
    Distance           Quartz           K-Feldspar_Li    Oligoclase_Li    Biotite_Li       Kaolinite_Li7    Kaolinite_Li6
    5.0000000E-02   -2.2917970E-01   -4.4411228E+00   -8.6110724E+00   -3.1816032E+01    5.9483463E-03   -9.9895230E-03
    1.5000000E-01   -2.1033815E-01   -4.3886845E+00   -8.5657322E+00   -3.1406372E+01    5.9075760E-03   -1.0039390E-02
    2.5000000E-01   -1.9223919E-01   -4.3378847E+00   -8.5217833E+00   -3.1126645E+01    5.9325055E-03   -1.0022562E-02
    3.5000000E-01   -1.7482608E-01   -4.2886381E+00   -8.4791589E+00   -3.0900771E+01    5.9582949E-03   -1.0003991E-02
    4.5000000E-01   -1.5804822E-01   -4.2408391E+00   -8.4377672E+00   -3.0705081E+01    5.9848102E-03   -9.9839097E-03
    5.5000000E-01   -1.4186035E-01   -4.1943930E+00   -8.3975260E+00   -3.0529031E+01    6.0119824E-03   -9.9624754E-03
    6.5000000E-01   -1.2622180E-01   -4.1492143E+00   -8.3583612E+00   -3.0366974E+01    6.0397548E-03   -9.9398222E-03
    7.5000000E-01   -1.1109598E-01   -4.1052255E+00   -8.3202059E+00   -3.0215518E+01    6.0680809E-03   -9.9160652E-03
    8.5000000E-01   -9.6449761E-02   -4.0623565E+00   -8.2829993E+00   -3.0072453E+01    6.0969226E-03   -9.8913035E-03
    9.5000000E-01   -8.2253125E-02   -4.0205432E+00   -8.2466863E+00   -2.9936256E+01    6.1262481E-03   -9.8656226E-03
    1.0500000E+00   -6.8478758E-02   -3.9797273E+00   -8.2112166E+00   -2.9805825E+01    6.1560314E-03   -9.8390963E-03
    1.1500000E+00   -5.5101747E-02   -3.9398552E+00   -8.1765440E+00   -2.9680336E+01    6.1862508E-03   -9.8117885E-03
    1.2500000E+00   -4.2099305E-02   -3.9008776E+00   -8.1426264E+00   -2.9559153E+01    6.2168887E-03   -9.7837547E-03
    1.3500000E+00   -2.9450541E-02   -3.8627493E+00   -8.1094248E+00   -2.9441773E+01    6.2479302E-03   -9.7550426E-03
    1.4500000E+00   -1.7136253E-02   -3.8254284E+00   -8.0769035E+00   -2.9327791E+01    6.2793634E-03   -9.7256940E-03
    1.5500000E+00   -5.1387527E-03   -3.7888764E+00   -8.0450294E+00   -2.9216873E+01    6.3111785E-03   -9.6957448E-03
    1.6500000E+00    6.5583061E-03   -3.7530572E+00   -8.0137717E+00   -2.9108742E+01    6.3433677E-03   -9.6652261E-03
    1.7500000E+00    1.7970039E-02   -3.7179376E+00   -7.9831021E+00   -2.9003164E+01    6.3759245E-03   -9.6341650E-03
    1.8500000E+00    2.9110441E-02   -3.6834865E+00   -7.9529941E+00   -2.8899939E+01    6.4088442E-03   -9.6025848E-03
    1.9500000E+00    3.9992503E-02   -3.6496751E+00   -7.9234232E+00   -2.8798892E+01    6.4421231E-03   -9.5705055E-03
    2.0500000E+00    5.0628311E-02   -3.6164763E+00   -7.8943663E+00   -2.8699873E+01    6.4757586E-03   -9.5379442E-03
    2.1500000E+00    6.1029124E-02   -3.5838649E+00   -7.8658020E+00   -2.8602751E+01    6.5097491E-03   -9.5049158E-03
    2.2500000E+00    7.1205448E-02   -3.5518171E+00   -7.8377102E+00   -2.8507406E+01    6.5440935E-03   -9.4714327E-03
    2.3500000E+00    8.1167103E-02   -3.5203108E+00   -7.8100721E+00   -2.8413736E+01    6.5787918E-03   -9.4375055E-03
    2.4500000E+00    9.0923281E-02   -3.4893251E+00   -7.7828701E+00   -2.8321646E+01    6.6138443E-03   -9.4031428E-03
    2.5500000E+00    1.0048259E-01   -3.4588404E+00   -7.7560873E+00   -2.8231051E+01    6.6492521E-03   -9.3683521E-03
    2.6500000E+00    1.0985313E-01   -3.4288380E+00   -7.7297083E+00   -2.8141876E+01    6.6850167E-03   -9.3331390E-03
    2.7500000E+00    1.1904248E-01   -3.3993006E+00   -7.7037183E+00   -2.8054051E+01    6.7211400E-03   -9.2975083E-03
    2.8500000E+00    1.2805781E-01   -3.3702115E+00   -7.6781033E+00   -2.7967512E+01    6.7576244E-03   -9.2614635E-03
    2.9500000E+00    1.3690584E-01   -3.3415552E+00   -7.6528502E+00   -2.7882201E+01    6.7944727E-03   -9.2250070E-03
    3.0500000E+00    1.4559292E-01   -3.3133169E+00   -7.6279464E+00   -2.7798064E+01    6.8316879E-03   -9.1881407E-03
    3.1500000E+00    1.5412506E-01   -3.2854826E+00   -7.6033803E+00   -2.7715051E+01    6.8692735E-03   -9.1508652E-03
    3.2500000E+00    1.6250792E-01   -3.2580389E+00   -7.5791406E+00   -2.7633118E+01    6.9072331E-03   -9.1131806E-03
    3.3500000E+00    1.7074687E-01   -3.2309733E+00   -7.5552166E+00   -2.7552220E+01    6.9455708E-03   -9.0750864E-03
    3.4500000E+00    1.7884699E-01   -3.2042736E+00   -7.5315983E+00   -2.7472319E+01    6.9842908E-03   -9.0365814E-03
    3.5500000E+00    1.8681309E-01   -3.1779284E+00   -7.5082762E+00   -2.7393377E+01    7.0233976E-03   -8.9976638E-03
    3.6500000E+00    1.9464974E-01   -3.1519269E+00   -7.4852409E+00   -2.7315359E+01    7.0628960E-03   -8.9583314E-03
    3.7500000E+00    2.0236129E-01   -3.1262587E+00   -7.4624839E+00   -2.7238233E+01    7.1027910E-03   -8.9185813E-03
    3.8500000E+00    2.0995185E-01   -3.1009138E+00   -7.4399969E+00   -2.7161968E+01    7.1430877E-03   -8.8784105E-03
    3.9500000E+00    2.1742536E-01   -3.0758827E+00   -7.4177718E+00   -2.7086536E+01    7.1837916E-03   -8.8378152E-03
    4.0500000E+00    2.2478556E-01   -3.0511565E+00   -7.3958012E+00   -2.7011909E+01    7.2249083E-03   -8.7967914E-03
    4.1500000E+00    2.3203599E-01   -3.0267265E+00   -7.3740778E+00   -2.6938062E+01    7.2664438E-03   -8.7553348E-03
    4.2500000E+00    2.3918006E-01   -3.0025844E+00   -7.3525947E+00   -2.6864969E+01    7.3084039E-03   -8.7134406E-03
    4.3500000E+00    2.4622101E-01   -2.9787222E+00   -7.3313452E+00   -2.6792609E+01    7.3507951E-03   -8.6711038E-03
    4.4500000E+00    2.5316193E-01   -2.9551324E+00   -7.3103230E+00   -2.6720959E+01    7.3936237E-03   -8.6283190E-03
    4.5500000E+00    2.6000578E-01   -2.9318076E+00   -7.2895219E+00   -2.6649999E+01    7.4368964E-03   -8.5850804E-03
    4.6500000E+00    2.6675538E-01   -2.9087410E+00   -7.2689363E+00   -2.6579708E+01    7.4806202E-03   -8.5413821E-03
    4.7500000E+00    2.7341345E-01   -2.8859256E+00   -7.2485604E+00   -2.6510068E+01    7.5248021E-03   -8.4972177E-03
    4.8500000E+00    2.7998258E-01   -2.8633552E+00   -7.2283889E+00   -2.6441061E+01    7.5694494E-03   -8.4525808E-03
    4.9500000E+00    2.8646523E-01   -2.8410235E+00   -7.2084165E+00   -2.6372670E+01    7.6145696E-03   -8.4074644E-03
    5.0500000E+00    2.9286380E-01   -2.8189245E+00   -7.1886384E+00   -2.6304877E+01    7.6601705E-03   -8.3618614E-03
    5.1500000E+00    2.9918057E-01   -2.7970525E+00   -7.1690497E+00   -2.6237668E+01    7.7062599E-03   -8.3157644E-03
    5.2500000E+00    3.0541773E-01   -2.7754019E+00   -7.1496458E+00   -2.6171028E+01    7.7528461E-03   -8.2691657E-03
    5.3500000E+00    3.1157738E-01   -2.7539674E+00   -7.1304222E+00   -2.6104941E+01    7.7999375E-03   -8.2220574E-03
    5.4500000E+00    3.1766154E-01   -2.7327439E+00   -7.1113748E+00   -2.6039395E+01    7.8475426E-03   -8.1744312E-03
    5.5500000E+00    3.2367215E-01   -2.7117264E+00   -7.0924992E+00   -2.5974375E+01    7.8956703E-03   -8.1262787E-03
    5.6500000E+00    3.2961109E-01   -2.6909101E+00   -7.0737917E+00   -2.5909870E+01    7.9443298E-03   -8.0775911E-03
    5.7500000E+00    3.3548015E-01   -2.6702905E+00   -7.0552482E+00   -2.5845866E+01    7.9935303E-03   -8.0283593E-03
    5.8500000E+00    3.4128107E-01   -2.6498630E+00   -7.0368652E+00   -2.5782352E+01    8.0432815E-03   -7.9785740E-03
    5.9500000E+00    3.4701550E-01   -2.6296233E+00   -7.0186389E+00   -2.5719316E+01    8.0935932E-03   -7.9282255E-03
    6.0500000E+00    3.5268506E-01   -2.6095673E+00   -7.0005660E+00   -2.5656748E+01    8.1444757E-03   -7.8773041E-03
    6.1500000E+00    3.5829129E-01   -2.5896910E+00   -6.9826431E+00   -2.5594637E+01    8.1959392E-03   -7.8257994E-03
    6.2500000E+00    3.6383569E-01   -2.5699904E+00   -6.9648669E+00   -2.5532972E+01    8.2479945E-03   -7.7737010E-03
    6.3500000E+00    3.6931971E-01   -2.5504618E+00   -6.9472342E+00   -2.5471744E+01    8.3006525E-03   -7.7209980E-03
    6.4500000E+00    3.7474472E-01   -2.5311016E+00   -6.9297422E+00   -2.5410943E+01    8.3539246E-03   -7.6676794E-03
    6.5500000E+00    3.8011208E-01   -2.5119061E+00   -6.9123877E+00   -2.5350560E+01    8.4078224E-03   -7.6137336E-03
    6.6500000E+00    3.8542308E-01   -2.4928720E+00   -6.8951680E+00   -2.5290586E+01    8.4623577E-03   -7.5591489E-03
    6.7500000E+00    3.9067897E-01   -2.4739959E+00   -6.8780802E+00   -2.5231012E+01    8.5175428E-03   -7.5039132E-03
    6.8500000E+00    3.9588098E-01   -2.4552746E+00   -6.8611218E+00   -2.5171830E+01    8.5733904E-03   -7.4480139E-03
    6.9500000E+00    4.0103027E-01   -2.4367051E+00   -6.8442900E+00   -2.5113032E+01    8.6299133E-03   -7.3914382E-03
    7.0500000E+00    4.0612797E-01   -2.4182842E+00   -6.8275824E+00   -2.5054610E+01    8.6871248E-03   -7.3341729E-03
    7.1500000E+00    4.1117519E-01   -2.4000090E+00   -6.8109964E+00   -2.4996555E+01    8.7450388E-03   -7.2762044E-03
    7.2500000E+00    4.1617298E-01   -2.3818766E+00   -6.7945298E+00   -2.4938862E+01    8.8036691E-03   -7.2175187E-03
    7.3500000E+00    4.2112239E-01   -2.3638843E+00   -6.7781802E+00   -2.4881522E+01    8.8630303E-03   -7.1581013E-03
    7.4500000E+00    4.2602439E-01   -2.3460295E+00   -6.7619453E+00   -2.4824529E+01    8.9231374E-03   -7.0979375E-03
    7.5500000E+00    4.3087997E-01   -2.3283093E+00   -6.7458229E+00   -2.4767876E+01    8.9840056E-03   -7.0370120E-03
    7.6500000E+00    4.3569006E-01   -2.3107214E+00   -6.7298110E+00   -2.4711556E+01    9.0456507E-03   -6.9753090E-03
    7.7500000E+00    4.4045556E-01   -2.2932632E+00   -6.7139075E+00   -2.4655563E+01    9.1080890E-03   -6.9128123E-03
    7.8500000E+00    4.4517737E-01   -2.2759323E+00   -6.6981102E+00   -2.4599890E+01    9.1713372E-03   -6.8495052E-03
    7.9500000E+00    4.4985632E-01   -2.2587264E+00   -6.6824174E+00   -2.4544532E+01    9.2354125E-03   -6.7853706E-03
    8.0500000E+00    4.5449326E-01   -2.2416431E+00   -6.6668270E+00   -2.4489482E+01    9.3003327E-03   -6.7203907E-03
    8.1500000E+00    4.5908900E-01   -2.2246804E+00   -6.6513372E+00   -2.4434735E+01    9.3661161E-03   -6.6545472E-03
    8.2500000E+00    4.6364430E-01   -2.2078359E+00   -6.6359462E+00   -2.4380285E+01    9.4327816E-03   -6.5878214E-03
    8.3500000E+00    4.6815994E-01   -2.1911075E+00   -6.6206522E+00   -2.4326126E+01    9.5003485E-03   -6.5201939E-03
    8.4500000E+00    4.7263665E-01   -2.1744934E+00   -6.6054536E+00   -2.4272255E+01    9.5688369E-03   -6.4516446E-03
    8.5500000E+00    4.7707516E-01   -2.1579913E+00   -6.5903485E+00   -2.4218664E+01    9.6382676E-03   -6.3821528E-03
    8.6500000E+00    4.8147615E-01   -2.1415994E+00   -6.5753354E+00   -2.4165349E+01    9.7086617E-03   -6.3116973E-03
    8.7500000E+00    4.8584031E-01   -2.1253157E+00   -6.5604127E+00   -2.4112305E+01    9.7800413E-03   -6.2402561E-03
    8.8500000E+00    4.9016830E-01   -2.1091385E+00   -6.5455789E+00   -2.4059528E+01    9.8524292E-03   -6.1678064E-03
    8.9500000E+00    4.9446076E-01   -2.0930658E+00   -6.5308323E+00   -2.4007012E+01    9.9258488E-03   -6.0943249E-03
    9.0500000E+00    4.9871831E-01   -2.0770959E+00   -6.5161715E+00   -2.3954753E+01    1.0000324E-02   -6.0197874E-03
    9.1500000E+00    5.0294157E-01   -2.0612272E+00   -6.5015952E+00   -2.3902746E+01    1.0075881E-02   -5.9441688E-03
    9.2500000E+00    5.0713113E-01   -2.0454578E+00   -6.4871017E+00   -2.3850987E+01    1.0152544E-02   -5.8674432E-03
    9.3500000E+00    5.1128757E-01   -2.0297862E+00   -6.4726898E+00   -2.3799472E+01    1.0230340E-02   -5.7895841E-03
    9.4500000E+00    5.1541143E-01   -2.0142107E+00   -6.4583581E+00   -2.3748197E+01    1.0309298E-02   -5.7105636E-03
    9.5500000E+00    5.1950329E-01   -1.9987298E+00   -6.4441053E+00   -2.3697156E+01    1.0389446E-02   -5.6303533E-03
    9.6500000E+00    5.2356366E-01   -1.9833419E+00   -6.4299300E+00   -2.3646347E+01    1.0470813E-02   -5.5489237E-03
    9.7500000E+00    5.2759306E-01   -1.9680456E+00   -6.4158311E+00   -2.3595766E+01    1.0553429E-02   -5.4662440E-03
    9.8500000E+00    5.3159201E-01   -1.9528393E+00   -6.4018072E+00   -2.3545407E+01    1.0637328E-02   -5.3822826E-03
    9.9500000E+00    5.3556100E-01   -1.9377217E+00   -6.3878572E+00   -2.3495269E+01    1.0722541E-02   -5.2970067E-03
    1.0050000E+01    5.3950051E-01   -1.9226912E+00   -6.3739799E+00   -2.3445346E+01    1.0809102E-02   -5.2103823E-03
    1.0150000E+01    5.4341102E-01   -1.9077466E+00   -6.3601740E+00   -2.3395636E+01    1.0897047E-02   -5.1223742E-03
    1.0250000E+01    5.4729297E-01   -1.8928865E+00   -6.3464385E+00   -2.3346135E+01    1.0986412E-02   -5.0329458E-03
    1.0350000E+01    5.5114681E-01   -1.8781096E+00   -6.3327723E+00   -2.3296839E+01    1.1077235E-02   -4.9420592E-03
    1.0450000E+01    5.5497299E-01   -1.8634146E+00   -6.3191742E+00   -2.3247745E+01    1.1169556E-02   -4.8496752E-03
    1.0550000E+01    5.5877193E-01   -1.8488002E+00   -6.3056432E+00   -2.3198849E+01    1.1263414E-02   -4.7557529E-03
    1.0650000E+01    5.6254405E-01   -1.8342652E+00   -6.2921782E+00   -2.3150149E+01    1.1358854E-02   -4.6602500E-03
    1.0750000E+01    5.6628975E-01   -1.8198083E+00   -6.2787782E+00   -2.3101641E+01    1.1455918E-02   -4.5631225E-03
    1.0850000E+01    5.7000943E-01   -1.8054285E+00   -6.2654422E+00   -2.3053321E+01    1.1554652E-02   -4.4643246E-03
    1.0950000E+01    5.7370347E-01   -1.7911245E+00   -6.2521692E+00   -2.3005188E+01    1.1655104E-02   -4.3638089E-03
    1.1050000E+01    5.7737227E-01   -1.7768952E+00   -6.2389582E+00   -2.2957237E+01    1.1757323E-02   -4.2615258E-03
    1.1150000E+01    5.8101617E-01   -1.7627394E+00   -6.2258082E+00   -2.2909465E+01    1.1861361E-02   -4.1574240E-03
    1.1250000E+01    5.8463556E-01   -1.7486561E+00   -6.2127183E+00   -2.2861871E+01    1.1967271E-02   -4.0514500E-03
    1.1350000E+01    5.8823078E-01   -1.7346442E+00   -6.1996877E+00   -2.2814450E+01    1.2075109E-02   -3.9435478E-03
    1.1450000E+01    5.9180218E-01   -1.7207027E+00   -6.1867153E+00   -2.2767201E+01    1.2184933E-02   -3.8336596E-03
    1.1550000E+01    5.9535009E-01   -1.7068304E+00   -6.1738003E+00   -2.2720119E+01    1.2296804E-02   -3.7217247E-03
    1.1650000E+01    5.9887485E-01   -1.6930264E+00   -6.1609419E+00   -2.2673203E+01    1.2410784E-02   -3.6076800E-03
    1.1750000E+01    6.0237677E-01   -1.6792897E+00   -6.1481390E+00   -2.2626450E+01    1.2526940E-02   -3.4914596E-03
    1.1850000E+01    6.0585618E-01   -1.6656193E+00   -6.1353910E+00   -2.2579857E+01    1.2645341E-02   -3.3729948E-03
    1.1950000E+01    6.0931339E-01   -1.6520142E+00   -6.1226970E+00   -2.2533422E+01    1.2766057E-02   -3.2522137E-03
    1.2050000E+01    6.1274869E-01   -1.6384735E+00   -6.1100561E+00   -2.2487141E+01    1.2889165E-02   -3.1290412E-03
    1.2150000E+01    6.1616238E-01   -1.6249963E+00   -6.0974675E+00   -2.2441013E+01    1.3014743E-02   -3.0033990E-03
    1.2250000E+01    6.1955476E-01   -1.6115816E+00   -6.0849305E+00   -2.2395035E+01    1.3142872E-02   -2.8752048E-03
    1.2350000E+01    6.2292610E-01   -1.5982285E+00   -6.0724442E+00   -2.2349204E+01    1.3273639E-02   -2.7443728E-03
    1.2450000E+01    6.2627668E-01   -1.5849361E+00   -6.0600079E+00   -2.2303518E+01    1.3407134E-02   -2.6108130E-03
    1.2550000E+01    6.2960678E-01   -1.5717036E+00   -6.0476208E+00   -2.2257975E+01    1.3543451E-02   -2.4744311E-03
    1.2650000E+01    6.3291666E-01   -1.5585301E+00   -6.0352821E+00   -2.2212573E+01    1.3682689E-02   -2.3351280E-03
    1.2750000E+01    6.3620658E-01   -1.5454147E+00   -6.0229912E+00   -2.2167308E+01    1.3824952E-02   -2.1928002E-03
    1.2850000E+01    6.3947680E-01   -1.5323567E+00   -6.0107472E+00   -2.2122179E+01    1.3970348E-02   -2.0473386E-03
    1.2950000E+01    6.4272757E-01   -1.5193551E+00   -5.9985494E+00   -2.2077183E+01    1.4118992E-02   -1.8986287E-03
    1.3050000E+01    6.4595912E-01   -1.5064093E+00   -5.9863972E+00   -2.2032318E+01    1.4271005E-02   -1.7465502E-03
    1.3150000E+01    6.4917171E-01   -1.4935182E+00   -5.9742898E+00   -2.1987583E+01    1.4426513E-02   -1.5909764E-03
    1.3250000E+01    6.5236556E-01   -1.4806813E+00   -5.9622265E+00   -2.1942974E+01    1.4585650E-02   -1.4317741E-03
    1.3350000E+01    6.5554091E-01   -1.4678976E+00   -5.9502066E+00   -2.1898491E+01    1.4748555E-02   -1.2688026E-03
    1.3450000E+01    6.5869797E-01   -1.4551665E+00   -5.9382294E+00   -2.1854129E+01    1.4915378E-02   -1.1019139E-03
    1.3550000E+01    6.6183698E-01   -1.4424871E+00   -5.9262942E+00   -2.1809889E+01    1.5086273E-02   -9.3095171E-04
    1.3650000E+01    6.6495815E-01   -1.4298586E+00   -5.9144004E+00   -2.1765766E+01    1.5261408E-02   -7.5575082E-04
    1.3750000E+01    6.6806169E-01   -1.4172805E+00   -5.9025472E+00   -2.1721760E+01    1.5440955E-02   -5.7613673E-04
    1.3850000E+01    6.7114781E-01   -1.4047518E+00   -5.8907340E+00   -2.1677869E+01    1.5625100E-02   -3.9192480E-04
    1.3950000E+01    6.7421671E-01   -1.3922718E+00   -5.8789601E+00   -2.1634090E+01    1.5814039E-02   -2.0291949E-04
    1.4050000E+01    6.7726859E-01   -1.3798399E+00   -5.8672248E+00   -2.1590421E+01    1.6007978E-02   -8.9135894E-06
    1.4150000E+01    6.8030366E-01   -1.3674552E+00   -5.8555276E+00   -2.1546860E+01    1.6207137E-02    1.9031276E-04
    1.4250000E+01    6.8332209E-01   -1.3551171E+00   -5.8438676E+00   -2.1503407E+01    1.6411749E-02    3.9499302E-04
    1.4350000E+01    6.8632408E-01   -1.3428249E+00   -5.8322443E+00   -2.1460057E+01    1.6622064E-02    6.0537534E-04
    1.4450000E+01    6.8930982E-01   -1.3305777E+00   -5.8206570E+00   -2.1416811E+01    1.6838345E-02    8.2172381E-04
    1.4550000E+01    6.9227948E-01   -1.3183750E+00   -5.8091049E+00   -2.1373665E+01    1.7060872E-02    1.0443197E-03
    1.4650000E+01    6.9523325E-01   -1.3062159E+00   -5.7975875E+00   -2.1330618E+01    1.7289948E-02    1.2734631E-03
    1.4750000E+01    6.9817129E-01   -1.2940998E+00   -5.7861041E+00   -2.1287668E+01    1.7525890E-02    1.5094742E-03
    1.4850000E+01    7.0109378E-01   -1.2820259E+00   -5.7746539E+00   -2.1244813E+01    1.7769043E-02    1.7526955E-03
    1.4950000E+01    7.0400089E-01   -1.2699936E+00   -5.7632364E+00   -2.1202051E+01    1.8019772E-02    2.0034934E-03
    1.5050000E+01    7.0689279E-01   -1.2580020E+00   -5.7518507E+00   -2.1159381E+01    1.8278470E-02    2.2622607E-03
    1.5150000E+01    7.0976962E-01   -1.2460505E+00   -5.7404962E+00   -2.1116800E+01    1.8545558E-02    2.5294189E-03
    1.5250000E+01    7.1263155E-01   -1.2341383E+00   -5.7291723E+00   -2.1074307E+01    1.8821491E-02    2.8054209E-03
    1.5350000E+01    7.1547874E-01   -1.2222646E+00   -5.7178780E+00   -2.1031900E+01    1.9106754E-02    3.0907542E-03
    1.5450000E+01    7.1831134E-01   -1.2104288E+00   -5.7066128E+00   -2.0989577E+01    1.9401874E-02    3.3859442E-03
    1.5550000E+01    7.2112950E-01   -1.1986300E+00   -5.6953759E+00   -2.0947336E+01    1.9707417E-02    3.6915580E-03
    1.5650000E+01    7.2393336E-01   -1.1868674E+00   -5.6841664E+00   -2.0905175E+01    2.0023997E-02    4.0082091E-03
    1.5750000E+01    7.2672307E-01   -1.1751402E+00   -5.6729837E+00   -2.0863093E+01    2.0352279E-02    4.3365617E-03
    1.5850000E+01    7.2949877E-01   -1.1634477E+00   -5.6618268E+00   -2.0821087E+01    2.0692982E-02    4.6773368E-03
    1.5950000E+01    7.3226060E-01   -1.1517890E+00   -5.6506949E+00   -2.0779157E+01    2.1046892E-02    5.0313182E-03
    1.6050000E+01    7.3500870E-01   -1.1401631E+00   -5.6395871E+00   -2.0737299E+01    2.1414861E-02    5.3993595E-03
    1.6150000E+01    7.3774319E-01   -1.1285692E+00   -5.6285026E+00   -2.0695512E+01    2.1797822E-02    5.7823928E-03
    1.6250000E+01    7.4046421E-01   -1.1170063E+00   -5.6174403E+00   -2.0653794E+01    2.2196794E-02    6.1814375E-03
    1.6350000E+01    7.4317188E-01   -1.1054735E+00   -5.6063992E+00   -2.0612142E+01    2.2612895E-02    6.5976114E-03
    1.6450000E+01    7.4586634E-01   -1.0939697E+00   -5.5953782E+00   -2.0570556E+01    2.3047353E-02    7.0321430E-03
    1.6550000E+01    7.4854771E-01   -1.0824938E+00   -5.5843763E+00   -2.0529033E+01    2.3501522E-02    7.4863857E-03
    1.6650000E+01    7.5121610E-01   -1.0710447E+00   -5.5733923E+00   -2.0487570E+01    2.3976897E-02    7.9618351E-03
    1.6750000E+01    7.5387163E-01   -1.0596211E+00   -5.5624247E+00   -2.0446166E+01    2.4475135E-02    8.4601476E-03
    1.6850000E+01    7.5651443E-01   -1.0482218E+00   -5.5514723E+00   -2.0404818E+01    2.4998077E-02    8.9831642E-03
    1.6950000E+01    7.5914460E-01   -1.0368452E+00   -5.5405335E+00   -2.0363524E+01    2.5547774E-02    9.5329365E-03
    1.7050000E+01    7.6176226E-01   -1.0254900E+00   -5.5296068E+00   -2.0322282E+01    2.6126521E-02    1.0111759E-02
    1.7150000E+01    7.6436752E-01   -1.0141543E+00   -5.5186903E+00   -2.0281088E+01    2.6736894E-02    1.0722209E-02
    1.7250000E+01    7.6696048E-01   -1.0028365E+00   -5.5077821E+00   -2.0239940E+01    2.7381794E-02    1.1367186E-02
    1.7350000E+01    7.6954124E-01   -9.9153453E-01   -5.4968800E+00   -2.0198836E+01    2.8064504E-02    1.2049973E-02
    1.7450000E+01    7.7210992E-01   -9.8024612E-01   -5.4859817E+00   -2.0157771E+01    2.8788754E-02    1.2774300E-02
    1.7550000E+01    7.7466661E-01   -9.6896882E-01   -5.4750844E+00   -2.0116744E+01    2.9558799E-02    1.3544424E-02
    1.7650000E+01    7.7721140E-01   -9.5769987E-01   -5.4641851E+00   -2.0075749E+01    3.0379524E-02    1.4365227E-02
    1.7750000E+01    7.7974440E-01   -9.4643611E-01   -5.4532805E+00   -2.0034783E+01    3.1256560E-02    1.5242342E-02
    1.7850000E+01    7.8226570E-01   -9.3517395E-01   -5.4423665E+00   -1.9993842E+01    3.2196440E-02    1.6182303E-02
    1.7950000E+01    7.8477539E-01   -9.2390926E-01   -5.4314386E+00   -1.9952920E+01    3.3206794E-02    1.7192736E-02
    1.8050000E+01    7.8727355E-01   -9.1263725E-01   -5.4204917E+00   -1.9912012E+01    3.4296588E-02    1.8282612E-02
    1.8150000E+01    7.8976028E-01   -9.0135230E-01   -5.4095195E+00   -1.9871112E+01    3.5476446E-02    1.9462551E-02
    1.8250000E+01    7.9223565E-01   -8.9004777E-01   -5.3985147E+00   -1.9830212E+01    3.6759055E-02    2.0745242E-02
    1.8350000E+01    7.9469974E-01   -8.7871573E-01   -5.3874686E+00   -1.9789303E+01    3.8159710E-02    2.2145980E-02
    1.8450000E+01    7.9715264E-01   -8.6734659E-01   -5.3763707E+00   -1.9748375E+01    3.9697037E-02    2.3683390E-02
    1.8550000E+01    7.9959442E-01   -8.5592863E-01   -5.3652080E+00   -1.9707416E+01    4.1393975E-02    2.5380412E-02
    1.8650000E+01    8.0202514E-01   -8.4444726E-01   -5.3539645E+00   -1.9666411E+01    4.3279145E-02    2.7265667E-02
    1.8750000E+01    8.0444488E-01   -8.3288414E-01   -5.3426200E+00   -1.9625340E+01    4.5388768E-02    2.9375376E-02
    1.8850000E+01    8.0685368E-01   -8.2121573E-01   -5.3311485E+00   -1.9584179E+01    4.7769456E-02    3.1756150E-02
    1.8950000E+01    8.0925161E-01   -8.0941125E-01   -5.3195161E+00   -1.9542899E+01    5.0482334E-02    3.4469115E-02
    1.9050000E+01    8.1163870E-01   -7.9742953E-01   -5.3076774E+00   -1.9501456E+01    5.3609361E-02    3.7596230E-02
    1.9150000E+01    8.1401500E-01   -7.8521398E-01   -5.2955700E+00   -1.9459795E+01    5.7263343E-02    4.1250302E-02
    1.9250000E+01    8.1638052E-01   -7.7268434E-01   -5.2831054E+00   -1.9417837E+01    6.1604489E-02    4.5591537E-02
    1.9350000E+01    8.1873526E-01   -7.5972226E-01   -5.2701533E+00   -1.9375463E+01    6.6869226E-02    5.0856366E-02
    1.9450000E+01    8.2107919E-01   -7.4614460E-01   -5.2565118E+00   -1.9332494E+01    7.3423626E-02    5.7410860E-02
    1.9550000E+01    8.2341221E-01   -7.3164972E-01   -5.2418485E+00   -1.9288632E+01    8.1870730E-02    6.5858058E-02
    1.9650000E+01    8.2573415E-01   -7.1569760E-01   -5.2255686E+00   -1.9243346E+01    9.3290269E-02    7.7277694E-02
    1.9750000E+01    8.2804460E-01   -6.9719946E-01   -5.2064728E+00   -1.9195565E+01    1.0985926E-01    9.3846783E-02
    1.9850000E+01    8.3034179E-01   -6.7351625E-01   -5.1816543E+00   -1.9142705E+01    1.3686099E-01    1.2084862E-01
    1.9950000E+01    8.3257901E-01   -6.3580207E-01   -5.1413508E+00   -1.9076643E+01    1.9236267E-01    1.7635041E-01
