# Time          2.5000E+00
# Units: Mol/kgw
    Distance           H+               Na+              K+               Ca++             Mg++             Al+++            Fe+++            Fe++             Li7+             Li6+             SiO2(aq)         CO2(aq)          O2(aq)           Cl-          
    5.0000000E-02   -2.1890407E-05    1.1885520E-05    3.1829095E-06    1.2566786E-05    5.3499609E-06    1.2385153E-07    3.5564118E-17    2.5461954E-08    1.4000131E-08    1.1255157E-09    7.9812163E-06    2.3852804E-04    1.1681448E-04    2.9449120E-05
    1.5000000E-01   -3.8521952E-05    2.1063032E-05    5.6675454E-06    2.2160158E-05    9.4806817E-06    8.0630531E-08    6.2676691E-17    7.0942013E-08    2.3880787E-08    1.9163041E-09    1.4277750E-05    4.2037169E-04    2.0586887E-04    5.1899878E-05
    2.5000000E-01   -5.1416107E-05    2.8073874E-05    7.5926124E-06    2.9377948E-05    1.2635923E-05    6.1602618E-08    8.3038084E-17    1.3164369E-07    3.1529379E-08    2.5273097E-09    1.9376020E-05    5.5693527E-04    2.7274823E-04    6.8760274E-05
    3.5000000E-01   -5.8681574E-05    3.1912211E-05    8.6835929E-06    3.3177647E-05    1.4363009E-05    5.2641792E-08    9.3704984E-17    2.0050515E-07    3.5735971E-08    2.8615910E-09    2.2544917E-05    6.2847801E-04    3.0778490E-04    7.7593075E-05
    4.5000000E-01   -6.2229818E-05    3.3666389E-05    9.2245754E-06    3.4740040E-05    1.5151926E-05    4.7417287E-08    9.8029048E-17    2.7282174E-07    3.7662318E-08    3.0127632E-09    2.4423057E-05    6.5747945E-04    3.2198780E-04    8.1173647E-05
    5.5000000E-01   -6.4081181E-05    3.4470604E-05    9.5144799E-06    3.5283981E-05    1.5513262E-05    4.3610905E-08    9.9466205E-17    3.4642208E-07    3.8548375E-08    3.0805861E-09    2.5709182E-05    6.6711844E-04    3.2670831E-04    8.2363696E-05
    6.5000000E-01   -6.5327334E-05    3.4935731E-05    9.7147075E-06    3.5464303E-05    1.5722016E-05    4.0418891E-08    9.9872615E-17    4.2052147E-07    3.9065054E-08    3.1189987E-09    2.6784157E-05    6.6984423E-04    3.2804321E-04    8.2700226E-05
    7.5000000E-01   -6.6395621E-05    3.5300583E-05    9.8884303E-06    3.5536698E-05    1.5885692E-05    3.7582190E-08    9.9972953E-17    4.9488447E-07    3.9475042E-08    3.1490972E-09    2.7797685E-05    6.7051719E-04    3.2837278E-04    8.2783312E-05
    8.5000000E-01   -6.7420527E-05    3.5640283E-05    1.0055534E-05    3.5581538E-05    1.6038108E-05    3.5013424E-08    9.9994995E-17    5.6945046E-07    3.9860954E-08    3.1774969E-09    2.8796992E-05    6.7066503E-04    3.2844518E-04    8.2801563E-05
    9.5000000E-01   -6.8437832E-05    3.5974837E-05    1.0221316E-05    3.5620220E-05    1.6188271E-05    3.2672800E-08    9.9999366E-17    6.4420587E-07    4.0244701E-08    3.2059345E-09    2.9794664E-05    6.7069434E-04    3.2845953E-04    8.2805183E-05
    1.0500000E+00   -6.9455808E-05    3.6308897E-05    1.0387010E-05    3.5657715E-05    1.6338273E-05    3.0533743E-08    1.0000016E-16    7.1914816E-07    4.0631280E-08    3.2347892E-09    3.0793619E-05    6.7069965E-04    3.2846214E-04    8.2805839E-05
    1.1500000E+00   -7.0476125E-05    3.6643428E-05    1.0552871E-05    3.5695054E-05    1.6488551E-05    2.8574639E-08    1.0000029E-16    7.9427713E-07    4.1021639E-08    3.2641172E-09    3.1794445E-05    6.7070054E-04    3.2846257E-04    8.2805948E-05
    1.2500000E+00   -7.1499054E-05    3.6978612E-05    1.0718948E-05    3.5732431E-05    1.6639185E-05    2.6776852E-08    1.0000031E-16    8.6959298E-07    4.1415873E-08    3.2939085E-09    3.2797242E-05    6.7070068E-04    3.2846264E-04    8.2805965E-05
    1.3500000E+00   -7.2524605E-05    3.7314481E-05    1.0885248E-05    3.5769878E-05    1.6790192E-05    2.5124079E-08    1.0000031E-16    9.4509599E-07    4.1813928E-08    3.3241428E-09    3.3802015E-05    6.7070070E-04    3.2846265E-04    8.2805968E-05
    1.4500000E+00   -7.3552747E-05    3.7651041E-05    1.1051774E-05    3.5807402E-05    1.6941573E-05    2.3601981E-08    1.0000031E-16    1.0207864E-06    4.2215731E-08    3.3548000E-09    3.4808756E-05    6.7070070E-04    3.2846265E-04    8.2805968E-05
    1.5500000E+00   -7.4583446E-05    3.7988294E-05    1.1218527E-05    3.5845003E-05    1.7093329E-05    2.2197907E-08    1.0000031E-16    1.0966646E-06    4.2621215E-08    3.3858623E-09    3.5817454E-05    6.7070070E-04    3.2846265E-04    8.2805968E-05
    1.6500000E+00   -7.5616672E-05    3.8326240E-05    1.1385505E-05    3.5882681E-05    1.7245461E-05    2.0900660E-08    1.0000031E-16    1.1727307E-06    4.3030321E-08    3.4173135E-09    3.6828101E-05    6.7070070E-04    3.2846265E-04    8.2805968E-05
    1.7500000E+00   -7.6652398E-05    3.8664880E-05    1.1552710E-05    3.5920436E-05    1.7397970E-05    1.9700305E-08    1.0000031E-16    1.2489851E-06    4.3442997E-08    3.4491395E-09    3.7840690E-05    6.7070070E-04    3.2846265E-04    8.2805968E-05
    1.8500000E+00   -7.7690600E-05    3.9004216E-05    1.1720141E-05    3.5958269E-05    1.7550856E-05    1.8588002E-08    1.0000031E-16    1.3254280E-06    4.3859196E-08    3.4813275E-09    3.8855216E-05    6.7070070E-04    3.2846265E-04    8.2805968E-05
    1.9500000E+00   -7.8731257E-05    3.9344247E-05    1.1887800E-05    3.5996180E-05    1.7704119E-05    1.7555870E-08    1.0000031E-16    1.4020596E-06    4.4278879E-08    3.5138661E-09    3.9871672E-05    6.7070070E-04    3.2846265E-04    8.2805968E-05
    2.0500000E+00   -7.9774350E-05    3.9684975E-05    1.2055685E-05    3.6034168E-05    1.7857761E-05    1.6596860E-08    1.0000031E-16    1.4788803E-06    4.4702010E-08    3.5467455E-09    4.0890054E-05    6.7070070E-04    3.2846265E-04    8.2805968E-05
    2.1500000E+00   -8.0819863E-05    4.0026401E-05    1.2223798E-05    3.6072234E-05    1.8011780E-05    1.5704661E-08    1.0000031E-16    1.5558902E-06    4.5128558E-08    3.5799565E-09    4.1910357E-05    6.7070070E-04    3.2846265E-04    8.2805968E-05
    2.2500000E+00   -8.1867781E-05    4.0368524E-05    1.2392138E-05    3.6110378E-05    1.8166179E-05    1.4873603E-08    1.0000031E-16    1.6330896E-06    4.5558495E-08    3.6134913E-09    4.2932579E-05    6.7070070E-04    3.2846265E-04    8.2805968E-05
    2.3500000E+00   -8.2918093E-05    4.0711347E-05    1.2560706E-05    3.6148600E-05    1.8320958E-05    1.4098586E-08    1.0000031E-16    1.7104788E-06    4.5991798E-08    3.6473425E-09    4.3956714E-05    6.7070070E-04    3.2846265E-04    8.2805968E-05
    2.4500000E+00   -8.3970786E-05    4.1054870E-05    1.2729502E-05    3.6186900E-05    1.8476116E-05    1.3375014E-08    1.0000031E-16    1.7880580E-06    4.6428445E-08    3.6815039E-09    4.4982762E-05    6.7070070E-04    3.2846265E-04    8.2805968E-05
    2.5500000E+00   -8.5025851E-05    4.1399093E-05    1.2898525E-05    3.6225278E-05    1.8631655E-05    1.2698736E-08    1.0000031E-16    1.8658274E-06    4.6868417E-08    3.7159698E-09    4.6010719E-05    6.7070070E-04    3.2846265E-04    8.2805968E-05
    2.6500000E+00   -8.6083278E-05    4.1744018E-05    1.3067777E-05    3.6263734E-05    1.8787575E-05    1.2065994E-08    1.0000031E-16    1.9437873E-06    4.7311698E-08    3.7507349E-09    4.7040584E-05    6.7070070E-04    3.2846265E-04    8.2805968E-05
    2.7500000E+00   -8.7143061E-05    4.2089644E-05    1.3237257E-05    3.6302268E-05    1.8943876E-05    1.1473385E-08    1.0000031E-16    2.0219379E-06    4.7758274E-08    3.7857949E-09    4.8072354E-05    6.7070070E-04    3.2846265E-04    8.2805968E-05
    2.8500000E+00   -8.8205192E-05    4.2435973E-05    1.3406965E-05    3.6340881E-05    1.9100559E-05    1.0917819E-08    1.0000031E-16    2.1002795E-06    4.8208132E-08    3.8211455E-09    4.9106029E-05    6.7070070E-04    3.2846265E-04    8.2805968E-05
    2.9500000E+00   -8.9269665E-05    4.2783006E-05    1.3576902E-05    3.6379572E-05    1.9257625E-05    1.0396485E-08    1.0000031E-16    2.1788123E-06    4.8661262E-08    3.8567832E-09    5.0141607E-05    6.7070070E-04    3.2846265E-04    8.2805968E-05
    3.0500000E+00   -9.0336475E-05    4.3130742E-05    1.3747068E-05    3.6418342E-05    1.9415073E-05    9.9068249E-09    1.0000031E-16    2.2575365E-06    4.9117653E-08    3.8927048E-09    5.1179088E-05    6.7070070E-04    3.2846265E-04    8.2805968E-05
    3.1500000E+00   -9.1405618E-05    4.3479184E-05    1.3917462E-05    3.6457190E-05    1.9572905E-05    9.4465057E-09    1.0000031E-16    2.3364523E-06    4.9577298E-08    3.9289072E-09    5.2218471E-05    6.7070070E-04    3.2846265E-04    8.2805968E-05
    3.2500000E+00   -9.2477088E-05    4.3828331E-05    1.4088085E-05    3.6496117E-05    1.9731120E-05    9.0133960E-09    1.0000031E-16    2.4155601E-06    5.0040189E-08    3.9653880E-09    5.3259755E-05    6.7070070E-04    3.2846265E-04    8.2805968E-05
    3.3500000E+00   -9.3550884E-05    4.4178185E-05    1.4258937E-05    3.6535123E-05    1.9889720E-05    8.6055470E-09    1.0000031E-16    2.4948600E-06    5.0506322E-08    4.0021448E-09    5.4302940E-05    6.7070070E-04    3.2846265E-04    8.2805968E-05
    3.4500000E+00   -9.4627002E-05    4.4528746E-05    1.4430019E-05    3.6574207E-05    2.0048705E-05    8.2211739E-09    1.0000031E-16    2.5743523E-06    5.0975690E-08    4.0391755E-09    5.5348027E-05    6.7070070E-04    3.2846265E-04    8.2805968E-05
    3.5500000E+00   -9.5705440E-05    4.4880014E-05    1.4601329E-05    3.6613370E-05    2.0208074E-05    7.8586403E-09    1.0000031E-16    2.6540371E-06    5.1448291E-08    4.0764785E-09    5.6395014E-05    6.7070070E-04    3.2846265E-04    8.2805968E-05
    3.6500000E+00   -9.6786194E-05    4.5231991E-05    1.4772869E-05    3.6652613E-05    2.0367830E-05    7.5164439E-09    1.0000031E-16    2.7339149E-06    5.1924121E-08    4.1140519E-09    5.7443903E-05    6.7070070E-04    3.2846265E-04    8.2805968E-05
    3.7500000E+00   -9.7869265E-05    4.5584677E-05    1.4944638E-05    3.6691934E-05    2.0527971E-05    7.1932039E-09    1.0000031E-16    2.8139856E-06    5.2403178E-08    4.1518945E-09    5.8494693E-05    6.7070070E-04    3.2846265E-04    8.2805968E-05
    3.8500000E+00   -9.8954649E-05    4.5938073E-05    1.5116637E-05    3.6731335E-05    2.0688499E-05    6.8876496E-09    1.0000031E-16    2.8942497E-06    5.2885459E-08    4.1900050E-09    5.9547384E-05    6.7070070E-04    3.2846265E-04    8.2805968E-05
    3.9500000E+00   -1.0004235E-04    4.6292180E-05    1.5288865E-05    3.6770815E-05    2.0849415E-05    6.5986103E-09    1.0000031E-16    2.9747074E-06    5.3370964E-08    4.2283822E-09    6.0601978E-05    6.7070070E-04    3.2846265E-04    8.2805968E-05
    4.0500000E+00   -1.0113236E-04    4.6646998E-05    1.5461323E-05    3.6810374E-05    2.1010718E-05    6.3250063E-09    1.0000031E-16    3.0553588E-06    5.3859693E-08    4.2670252E-09    6.1658475E-05    6.7070070E-04    3.2846265E-04    8.2805968E-05
    4.1500000E+00   -1.0222468E-04    4.7002528E-05    1.5634010E-05    3.6850013E-05    2.1172408E-05    6.0658408E-09    1.0000031E-16    3.1362042E-06    5.4351644E-08    4.3059332E-09    6.2716874E-05    6.7070070E-04    3.2846265E-04    8.2805968E-05
    4.2500000E+00   -1.0331931E-04    4.7358771E-05    1.5806927E-05    3.6889731E-05    2.1334488E-05    5.8201927E-09    1.0000031E-16    3.2172438E-06    5.4846820E-08    4.3451054E-09    6.3777177E-05    6.7070070E-04    3.2846265E-04    8.2805968E-05
    4.3500000E+00   -1.0441625E-04    4.7715728E-05    1.5980074E-05    3.6929528E-05    2.1496956E-05    5.5872095E-09    1.0000031E-16    3.2984780E-06    5.5345220E-08    4.3845413E-09    6.4839385E-05    6.7070070E-04    3.2846265E-04    8.2805968E-05
    4.4500000E+00   -1.0551550E-04    4.8073399E-05    1.6153451E-05    3.6969405E-05    2.1659814E-05    5.3661022E-09    1.0000031E-16    3.3799068E-06    5.5846846E-08    4.4242403E-09    6.5903498E-05    6.7070070E-04    3.2846265E-04    8.2805968E-05
    4.5500000E+00   -1.0661707E-04    4.8431784E-05    1.6327058E-05    3.7009362E-05    2.1823061E-05    5.1561391E-09    1.0000031E-16    3.4615306E-06    5.6351700E-08    4.4642019E-09    6.6969517E-05    6.7070070E-04    3.2846265E-04    8.2805968E-05
    4.6500000E+00   -1.0772094E-04    4.8790886E-05    1.6500894E-05    3.7049399E-05    2.1986699E-05    4.9566415E-09    1.0000031E-16    3.5433495E-06    5.6859784E-08    4.5044259E-09    6.8037442E-05    6.7070070E-04    3.2846265E-04    8.2805968E-05
    4.7500000E+00   -1.0882713E-04    4.9150703E-05    1.6674960E-05    3.7089516E-05    2.2150728E-05    4.7669793E-09    1.0000031E-16    3.6253639E-06    5.7371100E-08    4.5449120E-09    6.9107275E-05    6.7070070E-04    3.2846265E-04    8.2805968E-05
    4.8500000E+00   -1.0993562E-04    4.9511238E-05    1.6849256E-05    3.7129712E-05    2.2315148E-05    4.5865667E-09    1.0000031E-16    3.7075739E-06    5.7885652E-08    4.5856599E-09    7.0179016E-05    6.7070070E-04    3.2846265E-04    8.2805968E-05
    4.9500000E+00   -1.1104644E-04    4.9872491E-05    1.7023782E-05    3.7169989E-05    2.2479959E-05    4.4148587E-09    1.0000031E-16    3.7899797E-06    5.8403441E-08    4.6266696E-09    7.1252667E-05    6.7070070E-04    3.2846265E-04    8.2805968E-05
    5.0500000E+00   -1.1215956E-04    5.0234462E-05    1.7198538E-05    3.7210345E-05    2.2645163E-05    4.2513483E-09    1.0000031E-16    3.8725817E-06    5.8924472E-08    4.6679408E-09    7.2328227E-05    6.7070070E-04    3.2846265E-04    8.2805968E-05
    5.1500000E+00   -1.1327500E-04    5.0597152E-05    1.7373523E-05    3.7250782E-05    2.2810760E-05    4.0955627E-09    1.0000031E-16    3.9553800E-06    5.9448749E-08    4.7094736E-09    7.3405699E-05    6.7070070E-04    3.2846265E-04    8.2805968E-05
    5.2500000E+00   -1.1439275E-04    5.0960562E-05    1.7548738E-05    3.7291299E-05    2.2976750E-05    3.9470614E-09    1.0000031E-16    4.0383749E-06    5.9976274E-08    4.7512680E-09    7.4485082E-05    6.7070070E-04    3.2846265E-04    8.2805968E-05
    5.3500000E+00   -1.1551282E-04    5.1324693E-05    1.7724183E-05    3.7331897E-05    2.3143133E-05    3.8054330E-09    1.0000031E-16    4.1215666E-06    6.0507052E-08    4.7933241E-09    7.5566379E-05    6.7070070E-04    3.2846265E-04    8.2805968E-05
    5.4500000E+00   -1.1663520E-04    5.1689545E-05    1.7899858E-05    3.7372575E-05    2.3309911E-05    3.6702935E-09    1.0000031E-16    4.2049554E-06    6.1041088E-08    4.8356419E-09    7.6649589E-05    6.7070070E-04    3.2846265E-04    8.2805968E-05
    5.5500000E+00   -1.1775991E-04    5.2055120E-05    1.8075762E-05    3.7413333E-05    2.3477083E-05    3.5412841E-09    1.0000031E-16    4.2885414E-06    6.1578385E-08    4.8782216E-09    7.7734714E-05    6.7070070E-04    3.2846265E-04    8.2805968E-05
    5.6500000E+00   -1.1888693E-04    5.2421417E-05    1.8251895E-05    3.7454172E-05    2.3644650E-05    3.4180690E-09    1.0000031E-16    4.3723249E-06    6.2118950E-08    4.9210633E-09    7.8821754E-05    6.7070070E-04    3.2846265E-04    8.2805968E-05
    5.7500000E+00   -1.2001628E-04    5.2788438E-05    1.8428258E-05    3.7495092E-05    2.3812612E-05    3.3003341E-09    1.0000031E-16    4.4563062E-06    6.2662786E-08    4.9641672E-09    7.9910712E-05    6.7070070E-04    3.2846265E-04    8.2805968E-05
    5.8500000E+00   -1.2114794E-04    5.3156182E-05    1.8604851E-05    3.7536092E-05    2.3980971E-05    3.1877853E-09    1.0000031E-16    4.5404854E-06    6.3209899E-08    5.0075337E-09    8.1001587E-05    6.7070070E-04    3.2846265E-04    8.2805968E-05
    5.9500000E+00   -1.2228193E-04    5.3524652E-05    1.8781672E-05    3.7577174E-05    2.4149726E-05    3.0801469E-09    1.0000031E-16    4.6248629E-06    6.3760293E-08    5.0511629E-09    8.2094380E-05    6.7070070E-04    3.2846265E-04    8.2805968E-05
    6.0500000E+00   -1.2341825E-04    5.3893848E-05    1.8958723E-05    3.7618336E-05    2.4318878E-05    2.9771602E-09    1.0000031E-16    4.7094388E-06    6.4313976E-08    5.0950552E-09    8.3189093E-05    6.7070070E-04    3.2846265E-04    8.2805968E-05
    6.1500000E+00   -1.2455689E-04    5.4263770E-05    1.9136003E-05    3.7659579E-05    2.4488427E-05    2.8785826E-09    1.0000031E-16    4.7942133E-06    6.4870952E-08    5.1392108E-09    8.4285727E-05    6.7070070E-04    3.2846265E-04    8.2805968E-05
    6.2500000E+00   -1.2569786E-04    5.4634419E-05    1.9313511E-05    3.7700903E-05    2.4658374E-05    2.7841865E-09    1.0000031E-16    4.8791868E-06    6.5431227E-08    5.1836301E-09    8.5384282E-05    6.7070070E-04    3.2846265E-04    8.2805968E-05
    6.3500000E+00   -1.2684115E-04    5.5005795E-05    1.9491248E-05    3.7742308E-05    2.4828719E-05    2.6937577E-09    1.0000031E-16    4.9643594E-06    6.5994807E-08    5.2283136E-09    8.6484759E-05    6.7070070E-04    3.2846265E-04    8.2805968E-05
    6.4500000E+00   -1.2798678E-04    5.5377901E-05    1.9669214E-05    3.7783795E-05    2.4999463E-05    2.6070950E-09    1.0000031E-16    5.0497314E-06    6.6561699E-08    5.2732615E-09    8.7587159E-05    6.7070070E-04    3.2846265E-04    8.2805968E-05
    6.5500000E+00   -1.2913474E-04    5.5750735E-05    1.9847408E-05    3.7825363E-05    2.5170606E-05    2.5240092E-09    1.0000031E-16    5.1353030E-06    6.7131908E-08    5.3184742E-09    8.8691483E-05    6.7070070E-04    3.2846265E-04    8.2805968E-05
    6.6500000E+00   -1.3028503E-04    5.6124299E-05    2.0025830E-05    3.7867012E-05    2.5342149E-05    2.4443222E-09    1.0000031E-16    5.2210744E-06    6.7705441E-08    5.3639523E-09    8.9797732E-05    6.7070070E-04    3.2846265E-04    8.2805968E-05
    6.7500000E+00   -1.3143766E-04    5.6498595E-05    2.0204480E-05    3.7908743E-05    2.5514092E-05    2.3678662E-09    1.0000031E-16    5.3070459E-06    6.8282305E-08    5.4096962E-09    9.0905907E-05    6.7070070E-04    3.2846265E-04    8.2805968E-05
    6.8500000E+00   -1.3259263E-04    5.6873621E-05    2.0383358E-05    3.7950555E-05    2.5686435E-05    2.2944831E-09    1.0000031E-16    5.3932177E-06    6.8862507E-08    5.4557063E-09    9.2016009E-05    6.7070070E-04    3.2846265E-04    8.2805968E-05
    6.9500000E+00   -1.3374993E-04    5.7249380E-05    2.0562463E-05    3.7992449E-05    2.5859180E-05    2.2240239E-09    1.0000031E-16    5.4795901E-06    6.9446053E-08    5.5019831E-09    9.3128038E-05    6.7070070E-04    3.2846265E-04    8.2805968E-05
    7.0500000E+00   -1.3490958E-04    5.7625871E-05    2.0741796E-05    3.8034424E-05    2.6032326E-05    2.1563481E-09    1.0000031E-16    5.5661632E-06    7.0032951E-08    5.5485271E-09    9.4241995E-05    6.7070070E-04    3.2846265E-04    8.2805968E-05
    7.1500000E+00   -1.3607156E-04    5.8003096E-05    2.0921355E-05    3.8076482E-05    2.6205875E-05    2.0913230E-09    1.0000031E-16    5.6529374E-06    7.0623207E-08    5.5953389E-09    9.5357882E-05    6.7070070E-04    3.2846265E-04    8.2805968E-05
    7.2500000E+00   -1.3723589E-04    5.8381055E-05    2.1101141E-05    3.8118621E-05    2.6379825E-05    2.0288233E-09    1.0000031E-16    5.7399127E-06    7.1216830E-08    5.6424189E-09    9.6475698E-05    6.7070070E-04    3.2846265E-04    8.2805968E-05
    7.3500000E+00   -1.3840257E-04    5.8759749E-05    2.1281154E-05    3.8160842E-05    2.6554179E-05    1.9687308E-09    1.0000031E-16    5.8270896E-06    7.1813826E-08    5.6897678E-09    9.7595444E-05    6.7070070E-04    3.2846265E-04    8.2805968E-05
    7.4500000E+00   -1.3957159E-04    5.9139178E-05    2.1461393E-05    3.8203145E-05    2.6728936E-05    1.9109335E-09    1.0000031E-16    5.9144681E-06    7.2414203E-08    5.7373861E-09    9.8717122E-05    6.7070070E-04    3.2846265E-04    8.2805968E-05
    7.5500000E+00   -1.4074295E-04    5.9519344E-05    2.1641857E-05    3.8245530E-05    2.6904097E-05    1.8553258E-09    1.0000031E-16    6.0020486E-06    7.3017970E-08    5.7852744E-09    9.9840732E-05    6.7070070E-04    3.2846265E-04    8.2805968E-05
    7.6500000E+00   -1.4191667E-04    5.9900248E-05    2.1822547E-05    3.8287998E-05    2.7079663E-05    1.8018075E-09    1.0000031E-16    6.0898313E-06    7.3625134E-08    5.8334332E-09    1.0096627E-04    6.7070070E-04    3.2846265E-04    8.2805968E-05
    7.7500000E+00   -1.4309274E-04    6.0281888E-05    2.2003462E-05    3.8330547E-05    2.7255633E-05    1.7502839E-09    1.0000031E-16    6.1778164E-06    7.4235702E-08    5.8818633E-09    1.0209375E-04    6.7070070E-04    3.2846265E-04    8.2805968E-05
    7.8500000E+00   -1.4427117E-04    6.0664268E-05    2.2184602E-05    3.8373179E-05    2.7432008E-05    1.7006654E-09    1.0000031E-16    6.2660041E-06    7.4849685E-08    5.9305651E-09    1.0322316E-04    6.7070070E-04    3.2846265E-04    8.2805968E-05
    7.9500000E+00   -1.4545194E-04    6.1047387E-05    2.2365966E-05    3.8415894E-05    2.7608789E-05    1.6528669E-09    1.0000031E-16    6.3543947E-06    7.5467089E-08    5.9795395E-09    1.0435450E-04    6.7070070E-04    3.2846265E-04    8.2805968E-05
    8.0500000E+00   -1.4663508E-04    6.1431245E-05    2.2547553E-05    3.8458691E-05    2.7785977E-05    1.6068080E-09    1.0000031E-16    6.4429884E-06    7.6087923E-08    6.0287869E-09    1.0548778E-04    6.7070070E-04    3.2846265E-04    8.2805968E-05
    8.1500000E+00   -1.4782057E-04    6.1815844E-05    2.2729365E-05    3.8501570E-05    2.7963571E-05    1.5624123E-09    1.0000031E-16    6.5317854E-06    7.6712196E-08    6.0783081E-09    1.0662299E-04    6.7070070E-04    3.2846265E-04    8.2805968E-05
    8.2500000E+00   -1.4900842E-04    6.2201185E-05    2.2911399E-05    3.8544532E-05    2.8141572E-05    1.5196073E-09    1.0000031E-16    6.6207860E-06    7.7339917E-08    6.1281038E-09    1.0776014E-04    6.7070070E-04    3.2846265E-04    8.2805968E-05
    8.3500000E+00   -1.5019864E-04    6.2587268E-05    2.3093656E-05    3.8587577E-05    2.8319981E-05    1.4783242E-09    1.0000031E-16    6.7099904E-06    7.7971094E-08    6.1781747E-09    1.0889923E-04    6.7070070E-04    3.2846265E-04    8.2805968E-05
    8.4500000E+00   -1.5139121E-04    6.2974093E-05    2.3276135E-05    3.8630705E-05    2.8498798E-05    1.4384979E-09    1.0000031E-16    6.7993988E-06    7.8605737E-08    6.2285214E-09    1.1004025E-04    6.7070070E-04    3.2846265E-04    8.2805968E-05
    8.5500000E+00   -1.5258615E-04    6.3361662E-05    2.3458836E-05    3.8673916E-05    2.8678023E-05    1.4000662E-09    1.0000031E-16    6.8890116E-06    7.9243856E-08    6.2791447E-09    1.1118321E-04    6.7070070E-04    3.2846265E-04    8.2805968E-05
    8.6500000E+00   -1.5378346E-04    6.3749975E-05    2.3641758E-05    3.8717209E-05    2.8857658E-05    1.3629704E-09    1.0000031E-16    6.9788288E-06    7.9885458E-08    6.3300453E-09    1.1232811E-04    6.7070070E-04    3.2846265E-04    8.2805968E-05
    8.7500000E+00   -1.5498314E-04    6.4139034E-05    2.3824900E-05    3.8760586E-05    2.9037702E-05    1.3271543E-09    1.0000031E-16    7.0688508E-06    8.0530555E-08    6.3812241E-09    1.1347495E-04    6.7070070E-04    3.2846265E-04    8.2805968E-05
    8.8500000E+00   -1.5618518E-04    6.4528837E-05    2.4008262E-05    3.8804046E-05    2.9218155E-05    1.2925647E-09    1.0000031E-16    7.1590777E-06    8.1179156E-08    6.4326816E-09    1.1462372E-04    6.7070070E-04    3.2846265E-04    8.2805968E-05
    8.9500000E+00   -1.5738959E-04    6.4919388E-05    2.4191844E-05    3.8847589E-05    2.9399020E-05    1.2591511E-09    1.0000031E-16    7.2495098E-06    8.1831270E-08    6.4844188E-09    1.1577443E-04    6.7070070E-04    3.2846265E-04    8.2805968E-05
    9.0500000E+00   -1.5859638E-04    6.5310685E-05    2.4375644E-05    3.8891215E-05    2.9580295E-05    1.2268651E-09    1.0000031E-16    7.3401474E-06    8.2486908E-08    6.5364365E-09    1.1692708E-04    6.7070070E-04    3.2846265E-04    8.2805968E-05
    9.1500000E+00   -1.5980554E-04    6.5702730E-05    2.4559663E-05    3.8934925E-05    2.9761981E-05    1.1956608E-09    1.0000031E-16    7.4309907E-06    8.3146080E-08    6.5887353E-09    1.1808167E-04    6.7070070E-04    3.2846265E-04    8.2805968E-05
    9.2500000E+00   -1.6101708E-04    6.6095524E-05    2.4743898E-05    3.8978718E-05    2.9944080E-05    1.1654946E-09    1.0000031E-16    7.5220399E-06    8.3808796E-08    6.6413162E-09    1.1923819E-04    6.7070070E-04    3.2846265E-04    8.2805968E-05
    9.3500000E+00   -1.6223099E-04    6.6489066E-05    2.4928351E-05    3.9022594E-05    3.0126590E-05    1.1363248E-09    1.0000031E-16    7.6132952E-06    8.4475067E-08    6.6941800E-09    1.2039666E-04    6.7070070E-04    3.2846265E-04    8.2805968E-05
    9.4500000E+00   -1.6344728E-04    6.6883359E-05    2.5113020E-05    3.9066555E-05    3.0309514E-05    1.1081118E-09    1.0000031E-16    7.7047568E-06    8.5144904E-08    6.7473275E-09    1.2155706E-04    6.7070070E-04    3.2846265E-04    8.2805968E-05
    9.5500000E+00   -1.6466595E-04    6.7278403E-05    2.5297904E-05    3.9110599E-05    3.0492850E-05    1.0808176E-09    1.0000031E-16    7.7964251E-06    8.5818317E-08    6.8007597E-09    1.2271941E-04    6.7070070E-04    3.2846265E-04    8.2805968E-05
    9.6500000E+00   -1.6588700E-04    6.7674197E-05    2.5483003E-05    3.9154726E-05    3.0676600E-05    1.0544062E-09    1.0000031E-16    7.8883002E-06    8.6495318E-08    6.8544773E-09    1.2388369E-04    6.7070070E-04    3.2846265E-04    8.2805968E-05
    9.7500000E+00   -1.6711043E-04    6.8070744E-05    2.5668316E-05    3.9198938E-05    3.0860765E-05    1.0288433E-09    1.0000031E-16    7.9803824E-06    8.7175917E-08    6.9084812E-09    1.2504991E-04    6.7070070E-04    3.2846265E-04    8.2805968E-05
    9.8500000E+00   -1.6833625E-04    6.8468044E-05    2.5853842E-05    3.9243233E-05    3.1045344E-05    1.0040958E-09    1.0000031E-16    8.0726719E-06    8.7860127E-08    6.9627725E-09    1.2621806E-04    6.7070070E-04    3.2846265E-04    8.2805968E-05
    9.9500000E+00   -1.6956445E-04    6.8866097E-05    2.6039580E-05    3.9287613E-05    3.1230338E-05    9.8013247E-10    1.0000031E-16    8.1651689E-06    8.8547959E-08    7.0173520E-09    1.2738816E-04    6.7070070E-04    3.2846265E-04    8.2805968E-05
    1.0050000E+01   -1.7079504E-04    6.9264904E-05    2.6225529E-05    3.9332077E-05    3.1415747E-05    9.5692337E-10    1.0000031E-16    8.2578737E-06    8.9239424E-08    7.0722206E-09    1.2856019E-04    6.7070070E-04    3.2846265E-04    8.2805968E-05
    1.0150000E+01   -1.7202802E-04    6.9664467E-05    2.6411689E-05    3.9376624E-05    3.1601573E-05    9.3443986E-10    1.0000031E-16    8.3507866E-06    8.9934536E-08    7.1273794E-09    1.2973416E-04    6.7070070E-04    3.2846265E-04    8.2805968E-05
    1.0250000E+01   -1.7326339E-04    7.0064785E-05    2.6598058E-05    3.9421256E-05    3.1787815E-05    9.1265462E-10    1.0000031E-16    8.4439076E-06    9.0633305E-08    7.1828292E-09    1.3091007E-04    6.7070070E-04    3.2846265E-04    8.2805968E-05
    1.0350000E+01   -1.7450114E-04    7.0465859E-05    2.6784636E-05    3.9465973E-05    3.1974474E-05    8.9154150E-10    1.0000031E-16    8.5372371E-06    9.1335744E-08    7.2385711E-09    1.3208791E-04    6.7070070E-04    3.2846265E-04    8.2805968E-05
    1.0450000E+01   -1.7574129E-04    7.0867690E-05    2.6971422E-05    3.9510773E-05    3.2161551E-05    8.7107552E-10    1.0000031E-16    8.6307754E-06    9.2041867E-08    7.2946061E-09    1.3326769E-04    6.7070070E-04    3.2846265E-04    8.2805968E-05
    1.0550000E+01   -1.7698383E-04    7.1270280E-05    2.7158414E-05    3.9555659E-05    3.2349045E-05    8.5123279E-10    1.0000031E-16    8.7245225E-06    9.2751685E-08    7.3509352E-09    1.3444940E-04    6.7070070E-04    3.2846265E-04    8.2805968E-05
    1.0650000E+01   -1.7822877E-04    7.1673627E-05    2.7345612E-05    3.9600629E-05    3.2536958E-05    8.3199044E-10    1.0000031E-16    8.8184789E-06    9.3465212E-08    7.4075594E-09    1.3563305E-04    6.7070070E-04    3.2846265E-04    8.2805968E-05
    1.0750000E+01   -1.7947610E-04    7.2077734E-05    2.7533014E-05    3.9645683E-05    3.2725289E-05    8.1332659E-10    1.0000031E-16    8.9126446E-06    9.4182461E-08    7.4644799E-09    1.3681863E-04    6.7070070E-04    3.2846265E-04    8.2805968E-05
    1.0850000E+01   -1.8072583E-04    7.2482601E-05    2.7720620E-05    3.9690822E-05    3.2914040E-05    7.9522029E-10    1.0000031E-16    9.0070200E-06    9.4903445E-08    7.5216976E-09    1.3800615E-04    6.7070070E-04    3.2846265E-04    8.2805968E-05
    1.0950000E+01   -1.8197795E-04    7.2888229E-05    2.7908428E-05    3.9736046E-05    3.3103210E-05    7.7765150E-10    1.0000031E-16    9.1016052E-06    9.5628179E-08    7.5792137E-09    1.3919559E-04    6.7070070E-04    3.2846265E-04    8.2805968E-05
    1.1050000E+01   -1.8323248E-04    7.3294618E-05    2.8096438E-05    3.9781355E-05    3.3292801E-05    7.6060101E-10    1.0000031E-16    9.1964006E-06    9.6356676E-08    7.6370293E-09    1.4038697E-04    6.7070070E-04    3.2846265E-04    8.2805968E-05
    1.1150000E+01   -1.8448940E-04    7.3701769E-05    2.8284647E-05    3.9826749E-05    3.3482813E-05    7.4405040E-10    1.0000031E-16    9.2914063E-06    9.7088950E-08    7.6951456E-09    1.4158028E-04    6.7070070E-04    3.2846265E-04    8.2805968E-05
    1.1250000E+01   -1.8574872E-04    7.4109683E-05    2.8473055E-05    3.9872228E-05    3.3673245E-05    7.2798205E-10    1.0000031E-16    9.3866225E-06    9.7825016E-08    7.7535636E-09    1.4277552E-04    6.7070070E-04    3.2846265E-04    8.2805968E-05
    1.1350000E+01   -1.8701045E-04    7.4518360E-05    2.8661661E-05    3.9917792E-05    3.3864099E-05    7.1237905E-10    1.0000031E-16    9.4820496E-06    9.8564888E-08    7.8122846E-09    1.4397268E-04    6.7070070E-04    3.2846265E-04    8.2805968E-05
    1.1450000E+01   -1.8827458E-04    7.4927801E-05    2.8850463E-05    3.9963441E-05    3.4055375E-05    6.9722518E-10    1.0000031E-16    9.5776877E-06    9.9308582E-08    7.8713097E-09    1.4517178E-04    6.7070070E-04    3.2846265E-04    8.2805968E-05
    1.1550000E+01   -1.8954111E-04    7.5338008E-05    2.9039459E-05    4.0009176E-05    3.4247074E-05    6.8250491E-10    1.0000031E-16    9.6735371E-06    1.0005611E-07    7.9306402E-09    1.4637280E-04    6.7070070E-04    3.2846265E-04    8.2805968E-05
    1.1650000E+01   -1.9081004E-04    7.5748980E-05    2.9228649E-05    4.0054995E-05    3.4439196E-05    6.6820332E-10    1.0000031E-16    9.7695980E-06    1.0080749E-07    7.9902773E-09    1.4757574E-04    6.7070070E-04    3.2846265E-04    8.2805968E-05
    1.1750000E+01   -1.9208138E-04    7.6160718E-05    2.9418031E-05    4.0100901E-05    3.4631741E-05    6.5430610E-10    1.0000031E-16    9.8658706E-06    1.0156274E-07    8.0502222E-09    1.4878061E-04    6.7070070E-04    3.2846265E-04    8.2805968E-05
    1.1850000E+01   -1.9335513E-04    7.6573224E-05    2.9607604E-05    4.0146892E-05    3.4824710E-05    6.4079951E-10    1.0000031E-16    9.9623552E-06    1.0232187E-07    8.1104763E-09    1.4998739E-04    6.7070070E-04    3.2846265E-04    8.2805968E-05
    1.1950000E+01   -1.9463128E-04    7.6986497E-05    2.9797365E-05    4.0192968E-05    3.5018104E-05    6.2767037E-10    1.0000031E-16    1.0059052E-05    1.0308491E-07    8.1710408E-09    1.5119610E-04    6.7070070E-04    3.2846265E-04    8.2805968E-05
    1.2050000E+01   -1.9590984E-04    7.7400539E-05    2.9987314E-05    4.0239130E-05    3.5211922E-05    6.1490601E-10    1.0000031E-16    1.0155961E-05    1.0385185E-07    8.2319170E-09    1.5240673E-04    6.7070070E-04    3.2846265E-04    8.2805968E-05
    1.2150000E+01   -1.9719081E-04    7.7815350E-05    3.0177449E-05    4.0285378E-05    3.5406166E-05    6.0249427E-10    1.0000031E-16    1.0253083E-05    1.0462274E-07    8.2931063E-09    1.5361927E-04    6.7070070E-04    3.2846265E-04    8.2805968E-05
    1.2250000E+01   -1.9847419E-04    7.8230931E-05    3.0367769E-05    4.0331712E-05    3.5600836E-05    5.9042347E-10    1.0000031E-16    1.0350418E-05    1.0539757E-07    8.3546101E-09    1.5483372E-04    6.7070070E-04    3.2846265E-04    8.2805968E-05
    1.2350000E+01   -1.9975997E-04    7.8647283E-05    3.0558271E-05    4.0378131E-05    3.5795932E-05    5.7868238E-10    1.0000031E-16    1.0447966E-05    1.0617636E-07    8.4164297E-09    1.5605009E-04    6.7070070E-04    3.2846265E-04    8.2805968E-05
    1.2450000E+01   -2.0104817E-04    7.9064406E-05    3.0748954E-05    4.0424637E-05    3.5991454E-05    5.6726020E-10    1.0000031E-16    1.0545727E-05    1.0695915E-07    8.4785666E-09    1.5726837E-04    6.7070070E-04    3.2846265E-04    8.2805968E-05
    1.2550000E+01   -2.0233877E-04    7.9482301E-05    3.0939816E-05    4.0471229E-05    3.6187404E-05    5.5614657E-10    1.0000031E-16    1.0643702E-05    1.0774593E-07    8.5410221E-09    1.5848856E-04    6.7070070E-04    3.2846265E-04    8.2805968E-05
    1.2650000E+01   -2.0363179E-04    7.9900969E-05    3.1130855E-05    4.0517907E-05    3.6383782E-05    5.4533150E-10    1.0000031E-16    1.0741891E-05    1.0853674E-07    8.6037979E-09    1.5971066E-04    6.7070070E-04    3.2846265E-04    8.2805968E-05
    1.2750000E+01   -2.0492722E-04    8.0320410E-05    3.1322070E-05    4.0564671E-05    3.6580587E-05    5.3480541E-10    1.0000031E-16    1.0840294E-05    1.0933158E-07    8.6668953E-09    1.6093466E-04    6.7070070E-04    3.2846265E-04    8.2805968E-05
    1.2850000E+01   -2.0622506E-04    8.0740626E-05    3.1513459E-05    4.0611521E-05    3.6777822E-05    5.2455906E-10    1.0000031E-16    1.0938911E-05    1.1013049E-07    8.7303159E-09    1.6216056E-04    6.7070070E-04    3.2846265E-04    8.2805968E-05
    1.2950000E+01   -2.0752531E-04    8.1161617E-05    3.1705019E-05    4.0658458E-05    3.6975485E-05    5.1458357E-10    1.0000031E-16    1.1037743E-05    1.1093347E-07    8.7940612E-09    1.6338836E-04    6.7070070E-04    3.2846265E-04    8.2805968E-05
    1.3050000E+01   -2.0882797E-04    8.1583383E-05    3.1896748E-05    4.0705481E-05    3.7173578E-05    5.0487039E-10    1.0000031E-16    1.1136789E-05    1.1174055E-07    8.8581329E-09    1.6461806E-04    6.7070070E-04    3.2846265E-04    8.2805968E-05
    1.3150000E+01   -2.1013305E-04    8.2005925E-05    3.2088646E-05    4.0752591E-05    3.7372101E-05    4.9541130E-10    1.0000031E-16    1.1236050E-05    1.1255175E-07    8.9225324E-09    1.6584965E-04    6.7070070E-04    3.2846265E-04    8.2805968E-05
    1.3250000E+01   -2.1144054E-04    8.2429245E-05    3.2280709E-05    4.0799788E-05    3.7571054E-05    4.8619839E-10    1.0000031E-16    1.1335527E-05    1.1336708E-07    8.9872615E-09    1.6708313E-04    6.7070070E-04    3.2846265E-04    8.2805968E-05
    1.3350000E+01   -2.1275044E-04    8.2853342E-05    3.2472935E-05    4.0847071E-05    3.7770438E-05    4.7722402E-10    1.0000031E-16    1.1435219E-05    1.1418657E-07    9.0523217E-09    1.6831850E-04    6.7070070E-04    3.2846265E-04    8.2805968E-05
    1.3450000E+01   -2.1406275E-04    8.3278218E-05    3.2665322E-05    4.0894441E-05    3.7970254E-05    4.6848084E-10    1.0000031E-16    1.1535127E-05    1.1501025E-07    9.1177149E-09    1.6955576E-04    6.7070070E-04    3.2846265E-04    8.2805968E-05
    1.3550000E+01   -2.1537748E-04    8.3703873E-05    3.2857868E-05    4.0941898E-05    3.8170502E-05    4.5996180E-10    1.0000031E-16    1.1635251E-05    1.1583812E-07    9.1834426E-09    1.7079489E-04    6.7070070E-04    3.2846265E-04    8.2805968E-05
    1.3650000E+01   -2.1669461E-04    8.4130309E-05    3.3050570E-05    4.0989442E-05    3.8371182E-05    4.5166006E-10    1.0000031E-16    1.1735591E-05    1.1667022E-07    9.2495067E-09    1.7203591E-04    6.7070070E-04    3.2846265E-04    8.2805968E-05
    1.3750000E+01   -2.1801416E-04    8.4557524E-05    3.3243427E-05    4.1037072E-05    3.8572294E-05    4.4356907E-10    1.0000031E-16    1.1836147E-05    1.1750656E-07    9.3159089E-09    1.7327880E-04    6.7070070E-04    3.2846265E-04    8.2805968E-05
    1.3850000E+01   -2.1933613E-04    8.4985521E-05    3.3436435E-05    4.1084790E-05    3.8773840E-05    4.3568250E-10    1.0000031E-16    1.1936920E-05    1.1834716E-07    9.3826511E-09    1.7452357E-04    6.7070070E-04    3.2846265E-04    8.2805968E-05
    1.3950000E+01   -2.2066050E-04    8.5414301E-05    3.3629592E-05    4.1132596E-05    3.8975820E-05    4.2799425E-10    1.0000031E-16    1.2037910E-05    1.1919206E-07    9.4497351E-09    1.7577020E-04    6.7070070E-04    3.2846265E-04    8.2805968E-05
    1.4050000E+01   -2.2198729E-04    8.5843863E-05    3.3822895E-05    4.1180488E-05    3.9178234E-05    4.2049843E-10    1.0000031E-16    1.2139117E-05    1.2004128E-07    9.5171628E-09    1.7701870E-04    6.7070070E-04    3.2846265E-04    8.2805968E-05
    1.4150000E+01   -2.2331649E-04    8.6274208E-05    3.4016343E-05    4.1228468E-05    3.9381083E-05    4.1318938E-10    1.0000031E-16    1.2240541E-05    1.2089483E-07    9.5849360E-09    1.7826906E-04    6.7070070E-04    3.2846265E-04    8.2805968E-05
    1.4250000E+01   -2.2464809E-04    8.6705338E-05    3.4209931E-05    4.1276535E-05    3.9584367E-05    4.0606164E-10    1.0000031E-16    1.2342183E-05    1.2175274E-07    9.6530569E-09    1.7952127E-04    6.7070070E-04    3.2846265E-04    8.2805968E-05
    1.4350000E+01   -2.2598211E-04    8.7137252E-05    3.4403658E-05    4.1324690E-05    3.9788086E-05    3.9910993E-10    1.0000031E-16    1.2444043E-05    1.2261504E-07    9.7215272E-09    1.8077534E-04    6.7070070E-04    3.2846265E-04    8.2805968E-05
    1.4450000E+01   -2.2731854E-04    8.7569952E-05    3.4597520E-05    4.1372932E-05    3.9992241E-05    3.9232918E-10    1.0000031E-16    1.2546121E-05    1.2348175E-07    9.7903492E-09    1.8203126E-04    6.7070070E-04    3.2846265E-04    8.2805968E-05
    1.4550000E+01   -2.2865738E-04    8.8003439E-05    3.4791515E-05    4.1421262E-05    4.0196833E-05    3.8571447E-10    1.0000031E-16    1.2648417E-05    1.2435290E-07    9.8595248E-09    1.8328902E-04    6.7070070E-04    3.2846265E-04    8.2805968E-05
    1.4650000E+01   -2.2999863E-04    8.8437713E-05    3.4985640E-05    4.1469680E-05    4.0401862E-05    3.7926109E-10    1.0000031E-16    1.2750931E-05    1.2522851E-07    9.9290561E-09    1.8454862E-04    6.7070070E-04    3.2846265E-04    8.2805968E-05
    1.4750000E+01   -2.3134228E-04    8.8872774E-05    3.5179891E-05    4.1518186E-05    4.0607329E-05    3.7296448E-10    1.0000031E-16    1.2853664E-05    1.2610862E-07    9.9989453E-09    1.8581005E-04    6.7070070E-04    3.2846265E-04    8.2805968E-05
    1.4850000E+01   -2.3268834E-04    8.9308624E-05    3.5374265E-05    4.1566779E-05    4.0813233E-05    3.6682023E-10    1.0000031E-16    1.2956617E-05    1.2699324E-07    1.0069195E-08    1.8707332E-04    6.7070070E-04    3.2846265E-04    8.2805968E-05
    1.4950000E+01   -2.3403681E-04    8.9745263E-05    3.5568759E-05    4.1615461E-05    4.1019576E-05    3.6082410E-10    1.0000031E-16    1.3059788E-05    1.2788240E-07    1.0139806E-08    1.8833841E-04    6.7070070E-04    3.2846265E-04    8.2805968E-05
    1.5050000E+01   -2.3538768E-04    9.0182692E-05    3.5763370E-05    4.1664230E-05    4.1226358E-05    3.5497201E-10    1.0000031E-16    1.3163179E-05    1.2877615E-07    1.0210782E-08    1.8960532E-04    6.7070070E-04    3.2846265E-04    8.2805968E-05
    1.5150000E+01   -2.3674096E-04    9.0620912E-05    3.5958095E-05    4.1713088E-05    4.1433579E-05    3.4926000E-10    1.0000031E-16    1.3266789E-05    1.2967449E-07    1.0282126E-08    1.9087404E-04    6.7070070E-04    3.2846265E-04    8.2805968E-05
    1.5250000E+01   -2.3809663E-04    9.1059923E-05    3.6152930E-05    4.1762034E-05    4.1641240E-05    3.4368427E-10    1.0000031E-16    1.3370620E-05    1.3057747E-07    1.0353838E-08    1.9214458E-04    6.7070070E-04    3.2846265E-04    8.2805968E-05
    1.5350000E+01   -2.3945471E-04    9.1499726E-05    3.6347871E-05    4.1811068E-05    4.1849341E-05    3.3824115E-10    1.0000031E-16    1.3474670E-05    1.3148510E-07    1.0425922E-08    1.9341691E-04    6.7070070E-04    3.2846265E-04    8.2805968E-05
    1.5450000E+01   -2.4081519E-04    9.1940322E-05    3.6542915E-05    4.1860191E-05    4.2057883E-05    3.3292710E-10    1.0000031E-16    1.3578941E-05    1.3239743E-07    1.0498380E-08    1.9469105E-04    6.7070070E-04    3.2846265E-04    8.2805968E-05
    1.5550000E+01   -2.4217807E-04    9.2381712E-05    3.6738057E-05    4.1909402E-05    4.2266866E-05    3.2773872E-10    1.0000031E-16    1.3683433E-05    1.3331449E-07    1.0571215E-08    1.9596697E-04    6.7070070E-04    3.2846265E-04    8.2805968E-05
    1.5650000E+01   -2.4354335E-04    9.2823895E-05    3.6933295E-05    4.1958702E-05    4.2476290E-05    3.2267272E-10    1.0000031E-16    1.3788145E-05    1.3423630E-07    1.0644428E-08    1.9724468E-04    6.7070070E-04    3.2846265E-04    8.2805968E-05
    1.5750000E+01   -2.4491102E-04    9.3266874E-05    3.7128625E-05    4.2008090E-05    4.2686157E-05    3.1772593E-10    1.0000031E-16    1.3893079E-05    1.3516289E-07    1.0718024E-08    1.9852417E-04    6.7070070E-04    3.2846265E-04    8.2805968E-05
    1.5850000E+01   -2.4628108E-04    9.3710648E-05    3.7324041E-05    4.2057567E-05    4.2896467E-05    3.1289532E-10    1.0000031E-16    1.3998233E-05    1.3609431E-07    1.0792004E-08    1.9980543E-04    6.7070070E-04    3.2846265E-04    8.2805968E-05
    1.5950000E+01   -2.4765354E-04    9.4155219E-05    3.7519541E-05    4.2107133E-05    4.3107219E-05    3.0817794E-10    1.0000031E-16    1.4103610E-05    1.3703058E-07    1.0866371E-08    2.0108846E-04    6.7070070E-04    3.2846265E-04    8.2805968E-05
    1.6050000E+01   -2.4902838E-04    9.4600586E-05    3.7715119E-05    4.2156788E-05    4.3318415E-05    3.0357098E-10    1.0000031E-16    1.4209208E-05    1.3797174E-07    1.0941128E-08    2.0237324E-04    6.7070070E-04    3.2846265E-04    8.2805968E-05
    1.6150000E+01   -2.5040562E-04    9.5046752E-05    3.7910772E-05    4.2206531E-05    4.3530055E-05    2.9907175E-10    1.0000031E-16    1.4315028E-05    1.3891783E-07    1.1016278E-08    2.0365978E-04    6.7070070E-04    3.2846265E-04    8.2805968E-05
    1.6250000E+01   -2.5178524E-04    9.5493716E-05    3.8106495E-05    4.2256364E-05    4.3742140E-05    2.9467763E-10    1.0000031E-16    1.4421070E-05    1.3986887E-07    1.1091824E-08    2.0494806E-04    6.7070070E-04    3.2846265E-04    8.2805968E-05
    1.6350000E+01   -2.5316724E-04    9.5941479E-05    3.8302284E-05    4.2306286E-05    4.3954669E-05    2.9038615E-10    1.0000031E-16    1.4527335E-05    1.4082491E-07    1.1167768E-08    2.0623807E-04    6.7070070E-04    3.2846265E-04    8.2805968E-05
    1.6450000E+01   -2.5455162E-04    9.6390042E-05    3.8498133E-05    4.2356297E-05    4.4167644E-05    2.8619492E-10    1.0000031E-16    1.4633822E-05    1.4178599E-07    1.1244113E-08    2.0752982E-04    6.7070070E-04    3.2846265E-04    8.2805968E-05
    1.6550000E+01   -2.5593838E-04    9.6839405E-05    3.8694039E-05    4.2406397E-05    4.4381065E-05    2.8210168E-10    1.0000031E-16    1.4740533E-05    1.4275214E-07    1.1320863E-08    2.0882328E-04    6.7070070E-04    3.2846265E-04    8.2805968E-05
    1.6650000E+01   -2.5732752E-04    9.7289570E-05    3.8889995E-05    4.2456586E-05    4.4594932E-05    2.7810426E-10    1.0000031E-16    1.4847466E-05    1.4372340E-07    1.1398021E-08    2.1011845E-04    6.7070070E-04    3.2846265E-04    8.2805968E-05
    1.6750000E+01   -2.5871903E-04    9.7740537E-05    3.9085998E-05    4.2506865E-05    4.4809246E-05    2.7420060E-10    1.0000031E-16    1.4954623E-05    1.4469981E-07    1.1475590E-08    2.1141533E-04    6.7070070E-04    3.2846265E-04    8.2805968E-05
    1.6850000E+01   -2.6011292E-04    9.8192307E-05    3.9282041E-05    4.2557234E-05    4.5024007E-05    2.7038878E-10    1.0000031E-16    1.5062004E-05    1.4568141E-07    1.1553574E-08    2.1271390E-04    6.7070070E-04    3.2846265E-04    8.2805968E-05
    1.6950000E+01   -2.6150916E-04    9.8644880E-05    3.9478120E-05    4.2607692E-05    4.5239216E-05    2.6666695E-10    1.0000031E-16    1.5169608E-05    1.4666825E-07    1.1631975E-08    2.1401416E-04    6.7070070E-04    3.2846265E-04    8.2805968E-05
    1.7050000E+01   -2.6290778E-04    9.9098258E-05    3.9674228E-05    4.2658240E-05    4.5454873E-05    2.6303342E-10    1.0000031E-16    1.5277437E-05    1.4766036E-07    1.1710797E-08    2.1531609E-04    6.7070070E-04    3.2846265E-04    8.2805968E-05
    1.7150000E+01   -2.6430875E-04    9.9552440E-05    3.9870361E-05    4.2708877E-05    4.5670979E-05    2.5948659E-10    1.0000031E-16    1.5385490E-05    1.4865779E-07    1.1790044E-08    2.1661968E-04    6.7070070E-04    3.2846265E-04    8.2805968E-05
    1.7250000E+01   -2.6571208E-04    1.0000743E-04    4.0066513E-05    4.2759604E-05    4.5887534E-05    2.5602503E-10    1.0000031E-16    1.5493767E-05    1.4966060E-07    1.1869719E-08    2.1792493E-04    6.7070070E-04    3.2846265E-04    8.2805968E-05
    1.7350000E+01   -2.6711777E-04    1.0046322E-04    4.0262676E-05    4.2810421E-05    4.6104539E-05    2.5264741E-10    1.0000031E-16    1.5602269E-05    1.5066881E-07    1.1949826E-08    2.1923182E-04    6.7070070E-04    3.2846265E-04    8.2805968E-05
    1.7450000E+01   -2.6852580E-04    1.0091982E-04    4.0458846E-05    4.2861329E-05    4.6321993E-05    2.4935258E-10    1.0000031E-16    1.5710997E-05    1.5168248E-07    1.2030369E-08    2.2054035E-04    6.7070070E-04    3.2846265E-04    8.2805968E-05
    1.7550000E+01   -2.6993618E-04    1.0137723E-04    4.0655015E-05    4.2912326E-05    4.6539898E-05    2.4613954E-10    1.0000031E-16    1.5819949E-05    1.5270167E-07    1.2111352E-08    2.2185049E-04    6.7070070E-04    3.2846265E-04    8.2805968E-05
    1.7650000E+01   -2.7134890E-04    1.0183545E-04    4.0851178E-05    4.2963413E-05    4.6758254E-05    2.4300751E-10    1.0000031E-16    1.5929127E-05    1.5372641E-07    1.2192779E-08    2.2316225E-04    6.7070070E-04    3.2846265E-04    8.2805968E-05
    1.7750000E+01   -2.7276396E-04    1.0229448E-04    4.1047327E-05    4.3014591E-05    4.6977062E-05    2.3995588E-10    1.0000031E-16    1.6038531E-05    1.5475676E-07    1.2274654E-08    2.2447561E-04    6.7070070E-04    3.2846265E-04    8.2805968E-05
    1.7850000E+01   -2.7418134E-04    1.0275431E-04    4.1243455E-05    4.3065858E-05    4.7196322E-05    2.3698430E-10    1.0000031E-16    1.6148161E-05    1.5579278E-07    1.2356981E-08    2.2579055E-04    6.7070070E-04    3.2846265E-04    8.2805968E-05
    1.7950000E+01   -2.7560106E-04    1.0321496E-04    4.1439554E-05    4.3117217E-05    4.7416034E-05    2.3409270E-10    1.0000031E-16    1.6258017E-05    1.5683452E-07    1.2439765E-08    2.2710706E-04    6.7070070E-04    3.2846265E-04    8.2805968E-05
    1.8050000E+01   -2.7702309E-04    1.0367642E-04    4.1635618E-05    4.3168665E-05    4.7636198E-05    2.3128136E-10    1.0000031E-16    1.6368099E-05    1.5788204E-07    1.2523011E-08    2.2842513E-04    6.7070070E-04    3.2846265E-04    8.2805968E-05
    1.8150000E+01   -2.7844745E-04    1.0413869E-04    4.1831637E-05    4.3220205E-05    4.7856817E-05    2.2855092E-10    1.0000031E-16    1.6478408E-05    1.5893540E-07    1.2606723E-08    2.2974474E-04    6.7070070E-04    3.2846265E-04    8.2805968E-05
    1.8250000E+01   -2.7987411E-04    1.0460177E-04    4.2027604E-05    4.3271834E-05    4.8077889E-05    2.2590253E-10    1.0000031E-16    1.6588944E-05    1.5999466E-07    1.2690906E-08    2.3106587E-04    6.7070070E-04    3.2846265E-04    8.2805968E-05
    1.8350000E+01   -2.8130307E-04    1.0506567E-04    4.2223509E-05    4.3323555E-05    4.8299415E-05    2.2333795E-10    1.0000031E-16    1.6699707E-05    1.6105988E-07    1.2775566E-08    2.3238852E-04    6.7070070E-04    3.2846265E-04    8.2805968E-05
    1.8450000E+01   -2.8273433E-04    1.0553038E-04    4.2419344E-05    4.3375366E-05    4.8521396E-05    2.2085968E-10    1.0000031E-16    1.6810698E-05    1.6213114E-07    1.2860708E-08    2.3371266E-04    6.7070070E-04    3.2846265E-04    8.2805968E-05
    1.8550000E+01   -2.8416788E-04    1.0599591E-04    4.2615098E-05    4.3427268E-05    4.8743832E-05    2.1847119E-10    1.0000031E-16    1.6921916E-05    1.6320850E-07    1.2946338E-08    2.3503828E-04    6.7070070E-04    3.2846265E-04    8.2805968E-05
    1.8650000E+01   -2.8560371E-04    1.0646225E-04    4.2810760E-05    4.3479262E-05    4.8966724E-05    2.1617724E-10    1.0000031E-16    1.7033362E-05    1.6429205E-07    1.3032463E-08    2.3636535E-04    6.7070070E-04    3.2846265E-04    8.2805968E-05
    1.8750000E+01   -2.8704181E-04    1.0692941E-04    4.3006319E-05    4.3531346E-05    4.9190072E-05    2.1398425E-10    1.0000031E-16    1.7145036E-05    1.6538187E-07    1.3119088E-08    2.3769386E-04    6.7070070E-04    3.2846265E-04    8.2805968E-05
    1.8850000E+01   -2.8848217E-04    1.0739738E-04    4.3201763E-05    4.3583521E-05    4.9413876E-05    2.1190100E-10    1.0000031E-16    1.7256938E-05    1.6647804E-07    1.3206222E-08    2.3902378E-04    6.7070070E-04    3.2846265E-04    8.2805968E-05
    1.8950000E+01   -2.8992478E-04    1.0786618E-04    4.3397077E-05    4.3635787E-05    4.9638138E-05    2.0993944E-10    1.0000031E-16    1.7369069E-05    1.6758067E-07    1.3293871E-08    2.4035508E-04    6.7070070E-04    3.2846265E-04    8.2805968E-05
    1.9050000E+01   -2.9136962E-04    1.0833579E-04    4.3592247E-05    4.3688145E-05    4.9862857E-05    2.0811622E-10    1.0000031E-16    1.7481429E-05    1.6868987E-07    1.3382046E-08    2.4168773E-04    6.7070070E-04    3.2846265E-04    8.2805968E-05
    1.9150000E+01   -2.9281669E-04    1.0880622E-04    4.3787254E-05    4.3740594E-05    5.0088034E-05    2.0645489E-10    1.0000031E-16    1.7594017E-05    1.6980575E-07    1.3470756E-08    2.4302170E-04    6.7070070E-04    3.2846265E-04    8.2805968E-05
    1.9250000E+01   -2.9426596E-04    1.0927747E-04    4.3982077E-05    4.3793134E-05    5.0313670E-05    2.0498969E-10    1.0000031E-16    1.7706835E-05    1.7092846E-07    1.3560012E-08    2.4435696E-04    6.7070070E-04    3.2846265E-04    8.2805968E-05
    1.9350000E+01   -2.9571741E-04    1.0974954E-04    4.4176693E-05    4.3845766E-05    5.0539765E-05    2.0377223E-10    1.0000031E-16    1.7819882E-05    1.7205818E-07    1.3649829E-08    2.4569345E-04    6.7070070E-04    3.2846265E-04    8.2805968E-05
    1.9450000E+01   -2.9717101E-04    1.1022243E-04    4.4371068E-05    4.3898489E-05    5.0766319E-05    2.0288396E-10    1.0000031E-16    1.7933159E-05    1.7319512E-07    1.3740224E-08    2.4703110E-04    6.7070070E-04    3.2846265E-04    8.2805968E-05
    1.9550000E+01   -2.9862673E-04    1.1069615E-04    4.4565164E-05    4.3951304E-05    5.0993332E-05    2.0246157E-10    1.0000031E-16    1.8046666E-05    1.7433956E-07    1.3831219E-08    2.4836985E-04    6.7070070E-04    3.2846265E-04    8.2805968E-05
    1.9650000E+01   -3.0008450E-04    1.1117068E-04    4.4758920E-05    4.4004211E-05    5.1220807E-05    2.0275489E-10    1.0000031E-16    1.8160403E-05    1.7549190E-07    1.3922848E-08    2.4970958E-04    6.7070070E-04    3.2846265E-04    8.2805968E-05
    1.9750000E+01   -3.0154524E-04    1.1164641E-04    4.4952392E-05    4.4057354E-05    5.1448911E-05    2.0427937E-10    1.0000064E-16    1.8274431E-05    1.7665333E-07    1.4015206E-08    2.5105092E-04    6.7070289E-04    3.2846372E-04    8.2806238E-05
    1.9850000E+01   -3.0361319E-04    1.1234677E-04    4.5235350E-05    4.4198177E-05    5.1780661E-05    2.0791402E-10    1.0019912E-16    1.8425519E-05    1.7818101E-07    1.4136633E-08    2.5289738E-04    6.7203410E-04    3.2911566E-04    8.2970592E-05
    1.9950000E+01   -6.4406711E-04    2.3815433E-04    9.5876170E-05    9.3322376E-05    1.0979016E-04    1.0358433E-10    2.1123440E-16    3.9158166E-05    3.7896930E-07    3.0067739E-08    5.3680175E-04    1.4167462E-03    6.9382393E-04    1.7491414E-04
