# Time          1.5000E+00
# Units: Mol/kgw
    Distance           H+               Na+              K+               Ca++             Mg++             Al+++            Fe+++            Fe++             Li7+             Li6+             SiO2(aq)         CO2(aq)          O2(aq)           Cl-          
    5.0000000E-02   -5.9017694E-05    3.2498839E-05    8.7033768E-06    3.4360502E-05    1.4628513E-05    5.9582002E-08    9.7240153E-17    6.9887949E-08    3.6400936E-08    2.9223538E-09    2.1546275E-05    6.5218834E-04    3.1939658E-04    8.0520397E-05
    1.5000000E-01   -6.1549861E-05    3.3685402E-05    9.0949678E-06    3.5312911E-05    1.5161791E-05    5.3905630E-08    9.9834679E-17    1.4323503E-07    3.7692756E-08    3.0217804E-09    2.3073519E-05    6.6958979E-04    3.2791860E-04    8.2668813E-05
    2.5000000E-01   -6.2640162E-05    3.4066638E-05    9.2728986E-06    3.5405168E-05    1.5332609E-05    4.9741422E-08    9.9992075E-17    2.1691847E-07    3.8104848E-08    3.0509011E-09    2.4091147E-05    6.7064544E-04    3.2843559E-04    8.2799146E-05
    3.5000000E-01   -6.3645129E-05    3.4399104E-05    9.4379279E-06    3.5444726E-05    1.5481535E-05    4.6037980E-08    9.9999957E-17    2.9079422E-07    3.8467876E-08    3.0764393E-09    2.5079563E-05    6.7069831E-04    3.2846148E-04    8.2805673E-05
    4.5000000E-01   -6.4648861E-05    3.4729758E-05    9.6025184E-06    3.5481700E-05    1.5629708E-05    4.2693417E-08    1.0000030E-16    3.6485498E-07    3.8833191E-08    3.1024832E-09    2.6068563E-05    6.7070061E-04    3.2846260E-04    8.2805957E-05
    5.5000000E-01   -6.5655515E-05    3.5060987E-05    9.7673034E-06    3.5518633E-05    1.5778201E-05    3.9663028E-08    1.0000031E-16    4.3910075E-07    3.9203172E-08    3.1291892E-09    2.7059625E-05    6.7070070E-04    3.2846265E-04    8.2805968E-05
    6.5000000E-01   -6.6665173E-05    3.5392897E-05    9.9323111E-06    3.5555638E-05    1.5927064E-05    3.6910284E-08    1.0000031E-16    5.1353189E-07    3.9577724E-08    3.1565186E-09    2.8052782E-05    6.7070070E-04    3.2846265E-04    8.2805968E-05
    7.5000000E-01   -6.7677752E-05    3.5725492E-05    1.0097543E-05    3.5592720E-05    1.6076297E-05    3.4403792E-08    1.0000031E-16    5.8814873E-07    3.9956672E-08    3.1844300E-09    2.9048008E-05    6.7070070E-04    3.2846265E-04    8.2805968E-05
    8.5000000E-01   -6.8693174E-05    3.6058775E-05    1.0262999E-05    3.5629878E-05    1.6225903E-05    3.2116405E-08    1.0000031E-16    6.6295161E-07    4.0339861E-08    3.2128867E-09    3.0045280E-05    6.7070070E-04    3.2846265E-04    8.2805968E-05
    9.5000000E-01   -6.9711373E-05    3.6392747E-05    1.0428680E-05    3.5667113E-05    1.6375882E-05    3.0024550E-08    1.0000031E-16    7.3794083E-07    4.0727159E-08    3.2418564E-09    3.1044575E-05    6.7070070E-04    3.2846265E-04    8.2805968E-05
    1.0500000E+00   -7.0732288E-05    3.6727407E-05    1.0594586E-05    3.5704425E-05    1.6526233E-05    2.8107677E-08    1.0000031E-16    8.1311670E-07    4.1118450E-08    3.2713105E-09    3.2045876E-05    6.7070070E-04    3.2846265E-04    8.2805968E-05
    1.1500000E+00   -7.1755870E-05    3.7062758E-05    1.0760718E-05    3.5741814E-05    1.6676959E-05    2.6347813E-08    1.0000031E-16    8.8847952E-07    4.1513636E-08    3.3012239E-09    3.3049168E-05    6.7070070E-04    3.2846265E-04    8.2805968E-05
    1.2500000E+00   -7.2782074E-05    3.7398800E-05    1.0927075E-05    3.5779279E-05    1.6828059E-05    2.4729184E-08    1.0000031E-16    9.6402957E-07    4.1912629E-08    3.3315745E-09    3.4054436E-05    6.7070070E-04    3.2846265E-04    8.2805968E-05
    1.3500000E+00   -7.3810862E-05    3.7735534E-05    1.1093658E-05    3.5816822E-05    1.6979534E-05    2.3237899E-08    1.0000031E-16    1.0397671E-06    4.2315354E-08    3.3623426E-09    3.5061670E-05    6.7070070E-04    3.2846265E-04    8.2805968E-05
    1.4500000E+00   -7.4842199E-05    3.8072960E-05    1.1260467E-05    3.5854442E-05    1.7131385E-05    2.1861693E-08    1.0000031E-16    1.1156925E-06    4.2721746E-08    3.3935106E-09    3.6070858E-05    6.7070070E-04    3.2846265E-04    8.2805968E-05
    1.5500000E+00   -7.5876056E-05    3.8411081E-05    1.1427502E-05    3.5892140E-05    1.7283612E-05    2.0589705E-08    1.0000031E-16    1.1918059E-06    4.3131747E-08    3.4250632E-09    3.7081993E-05    6.7070070E-04    3.2846265E-04    8.2805968E-05
    1.6500000E+00   -7.6912406E-05    3.8749896E-05    1.1594764E-05    3.5929915E-05    1.7436215E-05    1.9412289E-08    1.0000031E-16    1.2681076E-06    4.3545306E-08    3.4569865E-09    3.8095069E-05    6.7070070E-04    3.2846265E-04    8.2805968E-05
    1.7500000E+00   -7.7951227E-05    3.9089406E-05    1.1762253E-05    3.5967767E-05    1.7589196E-05    1.8320858E-08    1.0000031E-16    1.3445979E-06    4.3962378E-08    3.4892683E-09    3.9110080E-05    6.7070070E-04    3.2846265E-04    8.2805968E-05
    1.8500000E+00   -7.8992498E-05    3.9429613E-05    1.1929968E-05    3.6005698E-05    1.7742554E-05    1.7307750E-08    1.0000031E-16    1.4212770E-06    4.4382926E-08    3.5218977E-09    4.0127021E-05    6.7070070E-04    3.2846265E-04    8.2805968E-05
    1.9500000E+00   -8.0036201E-05    3.9770516E-05    1.2097911E-05    3.6043705E-05    1.7896290E-05    1.6366113E-08    1.0000031E-16    1.4981452E-06    4.4806913E-08    3.5548650E-09    4.1145887E-05    6.7070070E-04    3.2846265E-04    8.2805968E-05
    2.0500000E+00   -8.1082320E-05    4.0112117E-05    1.2266081E-05    3.6081791E-05    1.8050405E-05    1.5489803E-08    1.0000031E-16    1.5752027E-06    4.5234311E-08    3.5881615E-09    4.2166673E-05    6.7070070E-04    3.2846265E-04    8.2805968E-05
    2.1500000E+00   -8.2130842E-05    4.0454417E-05    1.2434478E-05    3.6119954E-05    1.8204900E-05    1.4673301E-08    1.0000031E-16    1.6524498E-06    4.5665092E-08    3.6217794E-09    4.3189376E-05    6.7070070E-04    3.2846265E-04    8.2805968E-05
    2.2500000E+00   -8.3181753E-05    4.0797416E-05    1.2603103E-05    3.6158196E-05    1.8359774E-05    1.3911640E-08    1.0000031E-16    1.7298868E-06    4.6099234E-08    3.6557119E-09    4.4213993E-05    6.7070070E-04    3.2846265E-04    8.2805968E-05
    2.3500000E+00   -8.4235043E-05    4.1141115E-05    1.2771956E-05    3.6196515E-05    1.8515027E-05    1.3200340E-08    1.0000031E-16    1.8075137E-06    4.6536715E-08    3.6899528E-09    4.5240521E-05    6.7070070E-04    3.2846265E-04    8.2805968E-05
    2.4500000E+00   -8.5290703E-05    4.1485514E-05    1.2941037E-05    3.6234913E-05    1.8670662E-05    1.2535353E-08    1.0000031E-16    1.8853310E-06    4.6977517E-08    3.7244965E-09    4.6268958E-05    6.7070070E-04    3.2846265E-04    8.2805968E-05
    2.5500000E+00   -8.6348724E-05    4.1830615E-05    1.3110346E-05    3.6273389E-05    1.8826678E-05    1.1913016E-08    1.0000031E-16    1.9633388E-06    4.7421624E-08    3.7593381E-09    4.7299303E-05    6.7070070E-04    3.2846265E-04    8.2805968E-05
    2.6500000E+00   -8.7409097E-05    4.2176418E-05    1.3279884E-05    3.6311943E-05    1.8983075E-05    1.1330006E-08    1.0000031E-16    2.0415374E-06    4.7869024E-08    3.7944732E-09    4.8331552E-05    6.7070070E-04    3.2846265E-04    8.2805968E-05
    2.7500000E+00   -8.8471818E-05    4.2522924E-05    1.3449650E-05    3.6350575E-05    1.9139854E-05    1.0783307E-08    1.0000031E-16    2.1199271E-06    4.8319702E-08    3.8298979E-09    4.9365706E-05    6.7070070E-04    3.2846265E-04    8.2805968E-05
    2.8500000E+00   -8.9536879E-05    4.2870134E-05    1.3619644E-05    3.6389286E-05    1.9297016E-05    1.0270175E-08    1.0000031E-16    2.1985079E-06    4.8773650E-08    3.8656086E-09    5.0401763E-05    6.7070070E-04    3.2846265E-04    8.2805968E-05
    2.9500000E+00   -9.0604276E-05    4.3218048E-05    1.3789867E-05    3.6428076E-05    1.9454561E-05    9.7881092E-09    1.0000031E-16    2.2772803E-06    4.9230857E-08    3.9016023E-09    5.1439723E-05    6.7070070E-04    3.2846265E-04    8.2805968E-05
    3.0500000E+00   -9.1674005E-05    4.3566667E-05    1.3960319E-05    3.6466944E-05    1.9612489E-05    9.3348303E-09    1.0000031E-16    2.3562444E-06    4.9691316E-08    3.9378760E-09    5.2479584E-05    6.7070070E-04    3.2846265E-04    8.2805968E-05
    3.1500000E+00   -9.2746061E-05    4.3915992E-05    1.4131000E-05    3.6505890E-05    1.9770801E-05    8.9082544E-09    1.0000031E-16    2.4354004E-06    5.0155020E-08    3.9744274E-09    5.3521347E-05    6.7070070E-04    3.2846265E-04    8.2805968E-05
    3.2500000E+00   -9.3820441E-05    4.4266023E-05    1.4301910E-05    3.6544916E-05    1.9929497E-05    8.5064755E-09    1.0000031E-16    2.5147487E-06    5.0621965E-08    4.0112541E-09    5.4565010E-05    6.7070070E-04    3.2846265E-04    8.2805968E-05
    3.3500000E+00   -9.4897143E-05    4.4616762E-05    1.4473049E-05    3.6584020E-05    2.0088579E-05    8.1277476E-09    1.0000031E-16    2.5942893E-06    5.1092144E-08    4.0483542E-09    5.5610575E-05    6.7070070E-04    3.2846265E-04    8.2805968E-05
    3.4500000E+00   -9.5976163E-05    4.4968208E-05    1.4644417E-05    3.6623203E-05    2.0248045E-05    7.7704693E-09    1.0000031E-16    2.6740227E-06    5.1565555E-08    4.0857260E-09    5.6658041E-05    6.7070070E-04    3.2846265E-04    8.2805968E-05
    3.5500000E+00   -9.7057500E-05    4.5320364E-05    1.4816015E-05    3.6662466E-05    2.0407898E-05    7.4331699E-09    1.0000031E-16    2.7539489E-06    5.2042194E-08    4.1233679E-09    5.7707408E-05    6.7070070E-04    3.2846265E-04    8.2805968E-05
    3.6500000E+00   -9.8141153E-05    4.5673228E-05    1.4987842E-05    3.6701807E-05    2.0568136E-05    7.1144973E-09    1.0000031E-16    2.8340682E-06    5.2522059E-08    4.1612785E-09    5.8758677E-05    6.7070070E-04    3.2846265E-04    8.2805968E-05
    3.7500000E+00   -9.9227119E-05    4.6026803E-05    1.5159898E-05    3.6741228E-05    2.0728762E-05    6.8132070E-09    1.0000031E-16    2.9143810E-06    5.3005149E-08    4.1994566E-09    5.9811847E-05    6.7070070E-04    3.2846265E-04    8.2805968E-05
    3.8500000E+00   -1.0031540E-04    4.6381089E-05    1.5332185E-05    3.6780727E-05    2.0889775E-05    6.5281518E-09    1.0000031E-16    2.9948873E-06    5.3491463E-08    4.2379011E-09    6.0866920E-05    6.7070070E-04    3.2846265E-04    8.2805968E-05
    3.9500000E+00   -1.0140599E-04    4.6736086E-05    1.5504700E-05    3.6820307E-05    2.1051175E-05    6.2582737E-09    1.0000031E-16    3.0755875E-06    5.3981000E-08    4.2766112E-09    6.1923895E-05    6.7070070E-04    3.2846265E-04    8.2805968E-05
    4.0500000E+00   -1.0249889E-04    4.7091796E-05    1.5677446E-05    3.6859965E-05    2.1212963E-05    6.0025955E-09    1.0000031E-16    3.1564817E-06    5.4473760E-08    4.3155860E-09    6.2982774E-05    6.7070070E-04    3.2846265E-04    8.2805968E-05
    4.1500000E+00   -1.0359410E-04    4.7448218E-05    1.5850421E-05    3.6899703E-05    2.1375140E-05    5.7602140E-09    1.0000031E-16    3.2375702E-06    5.4969744E-08    4.3548249E-09    6.4043556E-05    6.7070070E-04    3.2846265E-04    8.2805968E-05
    4.2500000E+00   -1.0469163E-04    4.7805354E-05    1.6023625E-05    3.6939521E-05    2.1537707E-05    5.5302933E-09    1.0000031E-16    3.3188533E-06    5.5468953E-08    4.3943272E-09    6.5106243E-05    6.7070070E-04    3.2846265E-04    8.2805968E-05
    4.3500000E+00   -1.0579146E-04    4.8163205E-05    1.6197060E-05    3.6979418E-05    2.1700662E-05    5.3120590E-09    1.0000031E-16    3.4003311E-06    5.5971389E-08    4.4340925E-09    6.6170836E-05    6.7070070E-04    3.2846265E-04    8.2805968E-05
    4.4500000E+00   -1.0689361E-04    4.8521770E-05    1.6370725E-05    3.7019395E-05    2.1864008E-05    5.1047935E-09    1.0000031E-16    3.4820039E-06    5.6477053E-08    4.4741203E-09    6.7237334E-05    6.7070070E-04    3.2846265E-04    8.2805968E-05
    4.5500000E+00   -1.0799806E-04    4.8881052E-05    1.6544619E-05    3.7059452E-05    2.2027744E-05    4.9078306E-09    1.0000031E-16    3.5638720E-06    5.6985947E-08    4.5144104E-09    6.8305740E-05    6.7070070E-04    3.2846265E-04    8.2805968E-05
    4.6500000E+00   -1.0910483E-04    4.9241050E-05    1.6718743E-05    3.7099589E-05    2.2191871E-05    4.7205515E-09    1.0000031E-16    3.6459355E-06    5.7498075E-08    4.5549624E-09    6.9376053E-05    6.7070070E-04    3.2846265E-04    8.2805968E-05
    4.7500000E+00   -1.1021391E-04    4.9601765E-05    1.6893097E-05    3.7139805E-05    2.2356389E-05    4.5423812E-09    1.0000031E-16    3.7281947E-06    5.8013438E-08    4.5957762E-09    7.0448275E-05    6.7070070E-04    3.2846265E-04    8.2805968E-05
    4.8500000E+00   -1.1132530E-04    4.9963198E-05    1.7067681E-05    3.7180102E-05    2.2521300E-05    4.3727846E-09    1.0000031E-16    3.8106499E-06    5.8532040E-08    4.6368517E-09    7.1522406E-05    6.7070070E-04    3.2846265E-04    8.2805968E-05
    4.9500000E+00   -1.1243901E-04    5.0325350E-05    1.7242494E-05    3.7220479E-05    2.2686602E-05    4.2112633E-09    1.0000031E-16    3.8933012E-06    5.9053885E-08    4.6781888E-09    7.2598448E-05    6.7070070E-04    3.2846265E-04    8.2805968E-05
    5.0500000E+00   -1.1355503E-04    5.0688222E-05    1.7417538E-05    3.7260936E-05    2.2852298E-05    4.0573532E-09    1.0000031E-16    3.9761489E-06    5.9578976E-08    4.7197874E-09    7.3676401E-05    6.7070070E-04    3.2846265E-04    8.2805968E-05
    5.1500000E+00   -1.1467336E-04    5.1051813E-05    1.7592811E-05    3.7301473E-05    2.3018387E-05    3.9106210E-09    1.0000031E-16    4.0591933E-06    6.0107316E-08    4.7616476E-09    7.4756266E-05    6.7070070E-04    3.2846265E-04    8.2805968E-05
    5.2500000E+00   -1.1579401E-04    5.1416126E-05    1.7768314E-05    3.7342091E-05    2.3184869E-05    3.7706627E-09    1.0000031E-16    4.1424345E-06    6.0638911E-08    4.8037694E-09    7.5838044E-05    6.7070070E-04    3.2846265E-04    8.2805968E-05
    5.3500000E+00   -1.1691698E-04    5.1781159E-05    1.7944046E-05    3.7382789E-05    2.3351746E-05    3.6371007E-09    1.0000031E-16    4.2258728E-06    6.1173764E-08    4.8461530E-09    7.6921736E-05    6.7070070E-04    3.2846265E-04    8.2805968E-05
    5.4500000E+00   -1.1804227E-04    5.2146916E-05    1.8120008E-05    3.7423568E-05    2.3519017E-05    3.5095821E-09    1.0000031E-16    4.3095085E-06    6.1711881E-08    4.8887985E-09    7.8007343E-05    6.7070070E-04    3.2846265E-04    8.2805968E-05
    5.5500000E+00   -1.1916988E-04    5.2513395E-05    1.8296200E-05    3.7464427E-05    2.3686683E-05    3.3877769E-09    1.0000031E-16    4.3933417E-06    6.2253265E-08    4.9317061E-09    7.9094866E-05    6.7070070E-04    3.2846265E-04    8.2805968E-05
    5.6500000E+00   -1.2029981E-04    5.2880598E-05    1.8472621E-05    3.7505367E-05    2.3854746E-05    3.2713760E-09    1.0000031E-16    4.4773728E-06    6.2797922E-08    4.9748760E-09    8.0184307E-05    6.7070070E-04    3.2846265E-04    8.2805968E-05
    5.7500000E+00   -1.2143206E-04    5.3248525E-05    1.8649271E-05    3.7546388E-05    2.4023204E-05    3.1600900E-09    1.0000031E-16    4.5616018E-06    6.3345858E-08    5.0183084E-09    8.1275665E-05    6.7070070E-04    3.2846265E-04    8.2805968E-05
    5.8500000E+00   -1.2256663E-04    5.3617177E-05    1.8826150E-05    3.7587489E-05    2.4192058E-05    3.0536477E-09    1.0000031E-16    4.6460291E-06    6.3897077E-08    5.0620037E-09    8.2368941E-05    6.7070070E-04    3.2846265E-04    8.2805968E-05
    5.9500000E+00   -1.2370353E-04    5.3986555E-05    1.9003259E-05    3.7628672E-05    2.4361310E-05    2.9517947E-09    1.0000031E-16    4.7306550E-06    6.4451584E-08    5.1059620E-09    8.3464138E-05    6.7070070E-04    3.2846265E-04    8.2805968E-05
    6.0500000E+00   -1.2484276E-04    5.4356660E-05    1.9180596E-05    3.7669935E-05    2.4530959E-05    2.8542921E-09    1.0000031E-16    4.8154795E-06    6.5009387E-08    5.1501838E-09    8.4561255E-05    6.7070070E-04    3.2846265E-04    8.2805968E-05
    6.1500000E+00   -1.2598431E-04    5.4727492E-05    1.9358163E-05    3.7711280E-05    2.4701006E-05    2.7609158E-09    1.0000031E-16    4.9005030E-06    6.5570490E-08    5.1946694E-09    8.5660294E-05    6.7070070E-04    3.2846265E-04    8.2805968E-05
    6.2500000E+00   -1.2712820E-04    5.5099052E-05    1.9535958E-05    3.7752706E-05    2.4871452E-05    2.6714549E-09    1.0000031E-16    4.9857258E-06    6.6134900E-08    5.2394191E-09    8.6761255E-05    6.7070070E-04    3.2846265E-04    8.2805968E-05
    6.3500000E+00   -1.2827441E-04    5.5471341E-05    1.9713981E-05    3.7794213E-05    2.5042296E-05    2.5857115E-09    1.0000031E-16    5.0711479E-06    6.6702622E-08    5.2844335E-09    8.7864140E-05    6.7070070E-04    3.2846265E-04    8.2805968E-05
    6.4500000E+00   -1.2942296E-04    5.5844359E-05    1.9892233E-05    3.7835801E-05    2.5213539E-05    2.5034990E-09    1.0000031E-16    5.1567697E-06    6.7273664E-08    5.3297128E-09    8.8968949E-05    6.7070070E-04    3.2846265E-04    8.2805968E-05
    6.5500000E+00   -1.3057384E-04    5.6218107E-05    2.0070712E-05    3.7877471E-05    2.5385183E-05    2.4246421E-09    1.0000031E-16    5.2425915E-06    6.7848032E-08    5.3752575E-09    9.0075683E-05    6.7070070E-04    3.2846265E-04    8.2805968E-05
    6.6500000E+00   -1.3172706E-04    5.6592586E-05    2.0249420E-05    3.7919222E-05    2.5557227E-05    2.3489755E-09    1.0000031E-16    5.3286133E-06    6.8425732E-08    5.4210681E-09    9.1184344E-05    6.7070070E-04    3.2846265E-04    8.2805968E-05
    6.7500000E+00   -1.3288261E-04    5.6967797E-05    2.0428355E-05    3.7961055E-05    2.5729671E-05    2.2763434E-09    1.0000031E-16    5.4148355E-06    6.9006771E-08    5.4671450E-09    9.2294931E-05    6.7070070E-04    3.2846265E-04    8.2805968E-05
    6.8500000E+00   -1.3404050E-04    5.7343739E-05    2.0607518E-05    3.8002969E-05    2.5902517E-05    2.2065991E-09    1.0000031E-16    5.5012583E-06    6.9591157E-08    5.5134888E-09    9.3407445E-05    6.7070070E-04    3.2846265E-04    8.2805968E-05
    6.9500000E+00   -1.3520074E-04    5.7720415E-05    2.0786908E-05    3.8044965E-05    2.6075764E-05    2.1396041E-09    1.0000031E-16    5.5878820E-06    7.0178895E-08    5.5600999E-09    9.4521889E-05    6.7070070E-04    3.2846265E-04    8.2805968E-05
    7.0500000E+00   -1.3636331E-04    5.8097825E-05    2.0966525E-05    3.8087043E-05    2.6249413E-05    2.0752275E-09    1.0000031E-16    5.6747067E-06    7.0769995E-08    5.6069789E-09    9.5638261E-05    6.7070070E-04    3.2846265E-04    8.2805968E-05
    7.1500000E+00   -1.3752823E-04    5.8475969E-05    2.1146368E-05    3.8129203E-05    2.6423465E-05    2.0133458E-09    1.0000031E-16    5.7617327E-06    7.1364462E-08    5.6541263E-09    9.6756563E-05    6.7070070E-04    3.2846265E-04    8.2805968E-05
    7.2500000E+00   -1.3869549E-04    5.8854848E-05    2.1326438E-05    3.8171445E-05    2.6597921E-05    1.9538426E-09    1.0000031E-16    5.8489603E-06    7.1962305E-08    5.7015426E-09    9.7876796E-05    6.7070070E-04    3.2846265E-04    8.2805968E-05
    7.3500000E+00   -1.3986511E-04    5.9234463E-05    2.1506734E-05    3.8213768E-05    2.6772779E-05    1.8966074E-09    1.0000031E-16    5.9363896E-06    7.2563531E-08    5.7492285E-09    9.8998961E-05    6.7070070E-04    3.2846265E-04    8.2805968E-05
    7.4500000E+00   -1.4103707E-04    5.9614814E-05    2.1687256E-05    3.8256174E-05    2.6948042E-05    1.8415360E-09    1.0000031E-16    6.0240209E-06    7.3168148E-08    5.7971846E-09    1.0012306E-04    6.7070070E-04    3.2846265E-04    8.2805968E-05
    7.5500000E+00   -1.4221138E-04    5.9995903E-05    2.1868003E-05    3.8298662E-05    2.7123709E-05    1.7885296E-09    1.0000031E-16    6.1118544E-06    7.3776164E-08    5.8454113E-09    1.0124909E-04    6.7070070E-04    3.2846265E-04    8.2805968E-05
    7.6500000E+00   -1.4338804E-04    6.0377729E-05    2.2048974E-05    3.8341233E-05    2.7299781E-05    1.7374950E-09    1.0000031E-16    6.1998904E-06    7.4387587E-08    5.8939094E-09    1.0237705E-04    6.7070070E-04    3.2846265E-04    8.2805968E-05
    7.7500000E+00   -1.4456705E-04    6.0760295E-05    2.2230171E-05    3.8383886E-05    2.7476258E-05    1.6883435E-09    1.0000031E-16    6.2881291E-06    7.5002425E-08    5.9426795E-09    1.0350695E-04    6.7070070E-04    3.2846265E-04    8.2805968E-05
    7.8500000E+00   -1.4574842E-04    6.1143599E-05    2.2411592E-05    3.8426621E-05    2.7653142E-05    1.6409914E-09    1.0000031E-16    6.3765708E-06    7.5620688E-08    5.9917222E-09    1.0463878E-04    6.7070070E-04    3.2846265E-04    8.2805968E-05
    7.9500000E+00   -1.4693215E-04    6.1527644E-05    2.2593236E-05    3.8469438E-05    2.7830431E-05    1.5953592E-09    1.0000031E-16    6.4652156E-06    7.6242382E-08    6.0410381E-09    1.0577254E-04    6.7070070E-04    3.2846265E-04    8.2805968E-05
    8.0500000E+00   -1.4811824E-04    6.1912430E-05    2.2775104E-05    3.8512339E-05    2.8008128E-05    1.5513715E-09    1.0000031E-16    6.5540638E-06    7.6867518E-08    6.0906281E-09    1.0690825E-04    6.7070070E-04    3.2846265E-04    8.2805968E-05
    8.1500000E+00   -1.4930669E-04    6.2297957E-05    2.2957195E-05    3.8555322E-05    2.8186231E-05    1.5089569E-09    1.0000031E-16    6.6431156E-06    7.7496104E-08    6.1404926E-09    1.0804588E-04    6.7070070E-04    3.2846265E-04    8.2805968E-05
    8.2500000E+00   -1.5049749E-04    6.2684227E-05    2.3139508E-05    3.8598387E-05    2.8364743E-05    1.4680475E-09    1.0000031E-16    6.7323713E-06    7.8128148E-08    6.1906325E-09    1.0918546E-04    6.7070070E-04    3.2846265E-04    8.2805968E-05
    8.3500000E+00   -1.5169066E-04    6.3071239E-05    2.3322044E-05    3.8641536E-05    2.8543662E-05    1.4285789E-09    1.0000031E-16    6.8218311E-06    7.8763661E-08    6.2410484E-09    1.1032697E-04    6.7070070E-04    3.2846265E-04    8.2805968E-05
    8.4500000E+00   -1.5288620E-04    6.3458996E-05    2.3504801E-05    3.8684768E-05    2.8722990E-05    1.3904898E-09    1.0000031E-16    6.9114952E-06    7.9402650E-08    6.2917411E-09    1.1147042E-04    6.7070070E-04    3.2846265E-04    8.2805968E-05
    8.5500000E+00   -1.5408410E-04    6.3847496E-05    2.3687778E-05    3.8728082E-05    2.8902728E-05    1.3537221E-09    1.0000031E-16    7.0013639E-06    8.0045127E-08    6.3427113E-09    1.1261580E-04    6.7070070E-04    3.2846265E-04    8.2805968E-05
    8.6500000E+00   -1.5528437E-04    6.4236742E-05    2.3870977E-05    3.8771480E-05    2.9082875E-05    1.3182205E-09    1.0000031E-16    7.0914374E-06    8.0691100E-08    6.3939597E-09    1.1376313E-04    6.7070070E-04    3.2846265E-04    8.2805968E-05
    8.7500000E+00   -1.5648701E-04    6.4626733E-05    2.4054394E-05    3.8814960E-05    2.9263432E-05    1.2839324E-09    1.0000031E-16    7.1817159E-06    8.1340579E-08    6.4454872E-09    1.1491239E-04    6.7070070E-04    3.2846265E-04    8.2805968E-05
    8.8500000E+00   -1.5769203E-04    6.5017472E-05    2.4238032E-05    3.8858524E-05    2.9444399E-05    1.2508078E-09    1.0000031E-16    7.2721997E-06    8.1993574E-08    6.4972946E-09    1.1606359E-04    6.7070070E-04    3.2846265E-04    8.2805968E-05
    8.9500000E+00   -1.5889941E-04    6.5408957E-05    2.4421887E-05    3.8902172E-05    2.9625778E-05    1.2187990E-09    1.0000031E-16    7.3628890E-06    8.2650096E-08    6.5493825E-09    1.1721673E-04    6.7070070E-04    3.2846265E-04    8.2805968E-05
    9.0500000E+00   -1.6010917E-04    6.5801190E-05    2.4605961E-05    3.8945902E-05    2.9807568E-05    1.1878608E-09    1.0000031E-16    7.4537840E-06    8.3310154E-08    6.6017519E-09    1.1837180E-04    6.7070070E-04    3.2846265E-04    8.2805968E-05
    9.1500000E+00   -1.6132130E-04    6.6194172E-05    2.4790252E-05    3.8989716E-05    2.9989770E-05    1.1579500E-09    1.0000031E-16    7.5448850E-06    8.3973759E-08    6.6544035E-09    1.1952882E-04    6.7070070E-04    3.2846265E-04    8.2805968E-05
    9.2500000E+00   -1.6253581E-04    6.6587904E-05    2.4974760E-05    3.9033614E-05    3.0172384E-05    1.1290253E-09    1.0000031E-16    7.6361922E-06    8.4640921E-08    6.7073382E-09    1.2068777E-04    6.7070070E-04    3.2846265E-04    8.2805968E-05
    9.3500000E+00   -1.6375270E-04    6.6982385E-05    2.5159484E-05    3.9077595E-05    3.0355412E-05    1.1010477E-09    1.0000031E-16    7.7277058E-06    8.5311651E-08    6.7605568E-09    1.2184867E-04    6.7070070E-04    3.2846265E-04    8.2805968E-05
    9.4500000E+00   -1.6497197E-04    6.7377618E-05    2.5344423E-05    3.9121660E-05    3.0538852E-05    1.0739796E-09    1.0000031E-16    7.8194261E-06    8.5985961E-08    6.8140603E-09    1.2301150E-04    6.7070070E-04    3.2846265E-04    8.2805968E-05
    9.5500000E+00   -1.6619362E-04    6.7773602E-05    2.5529576E-05    3.9165809E-05    3.0722706E-05    1.0477856E-09    1.0000031E-16    7.9113532E-06    8.6663861E-08    6.8678494E-09    1.2417627E-04    6.7070070E-04    3.2846265E-04    8.2805968E-05
    9.6500000E+00   -1.6741766E-04    6.8170338E-05    2.5714943E-05    3.9210042E-05    3.0906975E-05    1.0224314E-09    1.0000031E-16    8.0034875E-06    8.7345362E-08    6.9219252E-09    1.2534297E-04    6.7070070E-04    3.2846265E-04    8.2805968E-05
    9.7500000E+00   -1.6864407E-04    6.8567827E-05    2.5900523E-05    3.9254358E-05    3.1091658E-05    9.9788474E-10    1.0000031E-16    8.0958292E-06    8.8030477E-08    6.9762884E-09    1.2651162E-04    6.7070070E-04    3.2846265E-04    8.2805968E-05
    9.8500000E+00   -1.6987288E-04    6.8966070E-05    2.6086315E-05    3.9298759E-05    3.1276757E-05    9.7411452E-10    1.0000031E-16    8.1883785E-06    8.8719216E-08    7.0309401E-09    1.2768220E-04    6.7070070E-04    3.2846265E-04    8.2805968E-05
    9.9500000E+00   -1.7110407E-04    6.9365067E-05    2.6272318E-05    3.9343244E-05    3.1462271E-05    9.5109116E-10    1.0000031E-16    8.2811356E-06    8.9411592E-08    7.0858812E-09    1.2885473E-04    6.7070070E-04    3.2846265E-04    8.2805968E-05
    1.0050000E+01   -1.7233765E-04    6.9764820E-05    2.6458531E-05    3.9387813E-05    3.1648201E-05    9.2878636E-10    1.0000031E-16    8.3741007E-06    9.0107617E-08    7.1411126E-09    1.3002918E-04    6.7070070E-04    3.2846265E-04    8.2805968E-05
    1.0150000E+01   -1.7357362E-04    7.0165328E-05    2.6644954E-05    3.9432466E-05    3.1834548E-05    9.0717311E-10    1.0000031E-16    8.4672742E-06    9.0807302E-08    7.1966354E-09    1.3120558E-04    6.7070070E-04    3.2846265E-04    8.2805968E-05
    1.0250000E+01   -1.7481198E-04    7.0566593E-05    2.6831585E-05    3.9477204E-05    3.2021312E-05    8.8622556E-10    1.0000031E-16    8.5606562E-06    9.1510661E-08    7.2524504E-09    1.3238391E-04    6.7070070E-04    3.2846265E-04    8.2805968E-05
    1.0350000E+01   -1.7605273E-04    7.0968615E-05    2.7018424E-05    3.9522026E-05    3.2208494E-05    8.6591901E-10    1.0000031E-16    8.6542469E-06    9.2217706E-08    7.3085588E-09    1.3356418E-04    6.7070070E-04    3.2846265E-04    8.2805968E-05
    1.0450000E+01   -1.7729587E-04    7.1371395E-05    2.7205468E-05    3.9566932E-05    3.2396093E-05    8.4622983E-10    1.0000031E-16    8.7480467E-06    9.2928450E-08    7.3649616E-09    1.3474638E-04    6.7070070E-04    3.2846265E-04    8.2805968E-05
    1.0550000E+01   -1.7854141E-04    7.1774934E-05    2.7392719E-05    3.9611923E-05    3.2584111E-05    8.2713539E-10    1.0000031E-16    8.8420557E-06    9.3642905E-08    7.4216597E-09    1.3593052E-04    6.7070070E-04    3.2846265E-04    8.2805968E-05
    1.0650000E+01   -1.7978935E-04    7.2179232E-05    2.7580173E-05    3.9656999E-05    3.2772548E-05    8.0861407E-10    1.0000031E-16    8.9362741E-06    9.4361086E-08    7.4786544E-09    1.3711659E-04    6.7070070E-04    3.2846265E-04    8.2805968E-05
    1.0750000E+01   -1.8103968E-04    7.2584290E-05    2.7767831E-05    3.9702160E-05    3.2961404E-05    7.9064515E-10    1.0000031E-16    9.0307022E-06    9.5083006E-08    7.5359465E-09    1.3830459E-04    6.7070070E-04    3.2846265E-04    8.2805968E-05
    1.0850000E+01   -1.8229241E-04    7.2990109E-05    2.7955691E-05    3.9747405E-05    3.3150681E-05    7.7320879E-10    1.0000031E-16    9.1253403E-06    9.5808679E-08    7.5935374E-09    1.3949452E-04    6.7070070E-04    3.2846265E-04    8.2805968E-05
    1.0950000E+01   -1.8354753E-04    7.3396690E-05    2.8143752E-05    3.9792735E-05    3.3340377E-05    7.5628599E-10    1.0000031E-16    9.2201885E-06    9.6538118E-08    7.6514280E-09    1.4068639E-04    6.7070070E-04    3.2846265E-04    8.2805968E-05
    1.1050000E+01   -1.8480506E-04    7.3804033E-05    2.8332012E-05    3.9838150E-05    3.3530494E-05    7.3985854E-10    1.0000031E-16    9.3152472E-06    9.7271338E-08    7.7096195E-09    1.4188019E-04    6.7070070E-04    3.2846265E-04    8.2805968E-05
    1.1150000E+01   -1.8606499E-04    7.4212138E-05    2.8520471E-05    3.9883651E-05    3.3721033E-05    7.2390898E-10    1.0000031E-16    9.4105164E-06    9.8008353E-08    7.7681130E-09    1.4307591E-04    6.7070070E-04    3.2846265E-04    8.2805968E-05
    1.1250000E+01   -1.8732732E-04    7.4621008E-05    2.8709127E-05    3.9929236E-05    3.3911993E-05    7.0842060E-10    1.0000031E-16    9.5059966E-06    9.8749178E-08    7.8269098E-09    1.4427357E-04    6.7070070E-04    3.2846265E-04    8.2805968E-05
    1.1350000E+01   -1.8859205E-04    7.5030642E-05    2.8897979E-05    3.9974907E-05    3.4103376E-05    6.9337736E-10    1.0000031E-16    9.6016878E-06    9.9493828E-08    7.8860111E-09    1.4547314E-04    6.7070070E-04    3.2846265E-04    8.2805968E-05
    1.1450000E+01   -1.8985919E-04    7.5441041E-05    2.9087025E-05    4.0020663E-05    3.4295181E-05    6.7876386E-10    1.0000031E-16    9.6975903E-06    1.0024232E-07    7.9454180E-09    1.4667465E-04    6.7070070E-04    3.2846265E-04    8.2805968E-05
    1.1550000E+01   -1.9112873E-04    7.5852206E-05    2.9276264E-05    4.0066504E-05    3.4487409E-05    6.6456535E-10    1.0000031E-16    9.7937044E-06    1.0099466E-07    8.0051318E-09    1.4787808E-04    6.7070070E-04    3.2846265E-04    8.2805968E-05
    1.1650000E+01   -1.9240068E-04    7.6264137E-05    2.9465695E-05    4.0112431E-05    3.4680061E-05    6.5076767E-10    1.0000031E-16    9.8900304E-06    1.0175088E-07    8.0651537E-09    1.4908343E-04    6.7070070E-04    3.2846265E-04    8.2805968E-05
    1.1750000E+01   -1.9367503E-04    7.6676836E-05    2.9655317E-05    4.0158443E-05    3.4873137E-05    6.3735722E-10    1.0000031E-16    9.9865683E-06    1.0251098E-07    8.1254851E-09    1.5029070E-04    6.7070070E-04    3.2846265E-04    8.2805968E-05
    1.1850000E+01   -1.9495179E-04    7.7090303E-05    2.9845127E-05    4.0204541E-05    3.5066637E-05    6.2432094E-10    1.0000031E-16    1.0083319E-05    1.0327499E-07    8.1861272E-09    1.5149990E-04    6.7070070E-04    3.2846265E-04    8.2805968E-05
    1.1950000E+01   -1.9623096E-04    7.7504538E-05    3.0035124E-05    4.0250725E-05    3.5260562E-05    6.1164630E-10    1.0000031E-16    1.0180281E-05    1.0404292E-07    8.2470814E-09    1.5271101E-04    6.7070070E-04    3.2846265E-04    8.2805968E-05
    1.2050000E+01   -1.9751253E-04    7.7919543E-05    3.0225307E-05    4.0296995E-05    3.5454913E-05    5.9932127E-10    1.0000031E-16    1.0277457E-05    1.0481478E-07    8.3083490E-09    1.5392403E-04    6.7070070E-04    3.2846265E-04    8.2805968E-05
    1.2150000E+01   -1.9879652E-04    7.8335318E-05    3.0415673E-05    4.0343350E-05    3.5649690E-05    5.8733426E-10    1.0000031E-16    1.0374845E-05    1.0559060E-07    8.3699314E-09    1.5513897E-04    6.7070070E-04    3.2846265E-04    8.2805968E-05
    1.2250000E+01   -2.0008291E-04    7.8751863E-05    3.0606222E-05    4.0389791E-05    3.5844893E-05    5.7567417E-10    1.0000031E-16    1.0472447E-05    1.0637039E-07    8.4318300E-09    1.5635583E-04    6.7070070E-04    3.2846265E-04    8.2805968E-05
    1.2350000E+01   -2.0137171E-04    7.9169181E-05    3.0796952E-05    4.0436318E-05    3.6040523E-05    5.6433031E-10    1.0000031E-16    1.0570262E-05    1.0715417E-07    8.4940462E-09    1.5757459E-04    6.7070070E-04    3.2846265E-04    8.2805968E-05
    1.2450000E+01   -2.0266293E-04    7.9587270E-05    3.0987860E-05    4.0482932E-05    3.6236581E-05    5.5329240E-10    1.0000031E-16    1.0668290E-05    1.0794195E-07    8.5565814E-09    1.5879526E-04    6.7070070E-04    3.2846265E-04    8.2805968E-05
    1.2550000E+01   -2.0395655E-04    8.0006133E-05    3.1178945E-05    4.0529631E-05    3.6433066E-05    5.4255057E-10    1.0000031E-16    1.0766533E-05    1.0873377E-07    8.6194372E-09    1.6001784E-04    6.7070070E-04    3.2846265E-04    8.2805968E-05
    1.2650000E+01   -2.0525259E-04    8.0425769E-05    3.1370205E-05    4.0576417E-05    3.6629979E-05    5.3209531E-10    1.0000031E-16    1.0864990E-05    1.0952962E-07    8.6826150E-09    1.6124232E-04    6.7070070E-04    3.2846265E-04    8.2805968E-05
    1.2750000E+01   -2.0655103E-04    8.0846179E-05    3.1561638E-05    4.0623289E-05    3.6827321E-05    5.2191749E-10    1.0000031E-16    1.0963661E-05    1.1032954E-07    8.7461164E-09    1.6246870E-04    6.7070070E-04    3.2846265E-04    8.2805968E-05
    1.2850000E+01   -2.0785189E-04    8.1267365E-05    3.1753242E-05    4.0670248E-05    3.7025093E-05    5.1200829E-10    1.0000031E-16    1.1062546E-05    1.1113354E-07    8.8099429E-09    1.6369698E-04    6.7070070E-04    3.2846265E-04    8.2805968E-05
    1.2950000E+01   -2.0915516E-04    8.1689327E-05    3.1945016E-05    4.0717293E-05    3.7223294E-05    5.0235927E-10    1.0000031E-16    1.1161647E-05    1.1194164E-07    8.8740960E-09    1.6492716E-04    6.7070070E-04    3.2846265E-04    8.2805968E-05
    1.3050000E+01   -2.1046085E-04    8.2112065E-05    3.2136957E-05    4.0764425E-05    3.7421925E-05    4.9296226E-10    1.0000031E-16    1.1260962E-05    1.1275387E-07    8.9385774E-09    1.6615923E-04    6.7070070E-04    3.2846265E-04    8.2805968E-05
    1.3150000E+01   -2.1176894E-04    8.2535580E-05    3.2329062E-05    4.0811643E-05    3.7620987E-05    4.8380943E-10    1.0000031E-16    1.1360493E-05    1.1357024E-07    9.0033888E-09    1.6739319E-04    6.7070070E-04    3.2846265E-04    8.2805968E-05
    1.3250000E+01   -2.1307945E-04    8.2959873E-05    3.2521330E-05    4.0858948E-05    3.7820479E-05    4.7489322E-10    1.0000031E-16    1.1460240E-05    1.1439077E-07    9.0685318E-09    1.6862904E-04    6.7070070E-04    3.2846265E-04    8.2805968E-05
    1.3350000E+01   -2.1439238E-04    8.3384945E-05    3.2713759E-05    4.0906340E-05    3.8020404E-05    4.6620635E-10    1.0000031E-16    1.1560202E-05    1.1521549E-07    9.1340080E-09    1.6986677E-04    6.7070070E-04    3.2846265E-04    8.2805968E-05
    1.3450000E+01   -2.1570771E-04    8.3810797E-05    3.2906346E-05    4.0953819E-05    3.8220760E-05    4.5774180E-10    1.0000031E-16    1.1660380E-05    1.1604441E-07    9.1998193E-09    1.7110638E-04    6.7070070E-04    3.2846265E-04    8.2805968E-05
    1.3550000E+01   -2.1702546E-04    8.4237428E-05    3.3099089E-05    4.1001385E-05    3.8421549E-05    4.4949284E-10    1.0000031E-16    1.1760774E-05    1.1687756E-07    9.2659674E-09    1.7234788E-04    6.7070070E-04    3.2846265E-04    8.2805968E-05
    1.3650000E+01   -2.1834562E-04    8.4664840E-05    3.3291986E-05    4.1049037E-05    3.8622770E-05    4.4145294E-10    1.0000031E-16    1.1861385E-05    1.1771496E-07    9.3324540E-09    1.7359124E-04    6.7070070E-04    3.2846265E-04    8.2805968E-05
    1.3750000E+01   -2.1966819E-04    8.5093034E-05    3.3485033E-05    4.1096777E-05    3.8824425E-05    4.3361584E-10    1.0000031E-16    1.1962213E-05    1.1855663E-07    9.3992810E-09    1.7483648E-04    6.7070070E-04    3.2846265E-04    8.2805968E-05
    1.3850000E+01   -2.2099317E-04    8.5522010E-05    3.3678229E-05    4.1144604E-05    3.9026514E-05    4.2597549E-10    1.0000031E-16    1.2063257E-05    1.1940260E-07    9.4664503E-09    1.7608359E-04    6.7070070E-04    3.2846265E-04    8.2805968E-05
    1.3950000E+01   -2.2232056E-04    8.5951769E-05    3.3871571E-05    4.1192519E-05    3.9229038E-05    4.1852606E-10    1.0000031E-16    1.2164519E-05    1.2025289E-07    9.5339637E-09    1.7733256E-04    6.7070070E-04    3.2846265E-04    8.2805968E-05
    1.4050000E+01   -2.2365037E-04    8.6382312E-05    3.4065056E-05    4.1240521E-05    3.9431996E-05    4.1126194E-10    1.0000031E-16    1.2265998E-05    1.2110752E-07    9.6018232E-09    1.7858339E-04    6.7070070E-04    3.2846265E-04    8.2805968E-05
    1.4150000E+01   -2.2498259E-04    8.6813639E-05    3.4258681E-05    4.1288610E-05    3.9635389E-05    4.0417769E-10    1.0000031E-16    1.2367694E-05    1.2196652E-07    9.6700307E-09    1.7983607E-04    6.7070070E-04    3.2846265E-04    8.2805968E-05
    1.4250000E+01   -2.2631722E-04    8.7245751E-05    3.4452444E-05    4.1336787E-05    3.9839218E-05    3.9726810E-10    1.0000031E-16    1.2469609E-05    1.2282992E-07    9.7385883E-09    1.8109061E-04    6.7070070E-04    3.2846265E-04    8.2805968E-05
    1.4350000E+01   -2.2765425E-04    8.7678650E-05    3.4646342E-05    4.1385051E-05    4.0043483E-05    3.9052813E-10    1.0000031E-16    1.2571742E-05    1.2369773E-07    9.8074979E-09    1.8234700E-04    6.7070070E-04    3.2846265E-04    8.2805968E-05
    1.4450000E+01   -2.2899370E-04    8.8112334E-05    3.4840372E-05    4.1433403E-05    4.0248185E-05    3.8395291E-10    1.0000031E-16    1.2674092E-05    1.2456998E-07    9.8767617E-09    1.8360523E-04    6.7070070E-04    3.2846265E-04    8.2805968E-05
    1.4550000E+01   -2.3033555E-04    8.8546806E-05    3.5034531E-05    4.1481843E-05    4.0453324E-05    3.7753776E-10    1.0000031E-16    1.2776662E-05    1.2544671E-07    9.9463817E-09    1.8486529E-04    6.7070070E-04    3.2846265E-04    8.2805968E-05
    1.4650000E+01   -2.3167981E-04    8.8982066E-05    3.5228815E-05    4.1530371E-05    4.0658901E-05    3.7127814E-10    1.0000031E-16    1.2879450E-05    1.2632793E-07    1.0016360E-08    1.8612719E-04    6.7070070E-04    3.2846265E-04    8.2805968E-05
    1.4750000E+01   -2.3302648E-04    8.9418114E-05    3.5423222E-05    4.1578987E-05    4.0864915E-05    3.6516970E-10    1.0000031E-16    1.2982458E-05    1.2721368E-07    1.0086699E-08    1.8739092E-04    6.7070070E-04    3.2846265E-04    8.2805968E-05
    1.4850000E+01   -2.3437556E-04    8.9854952E-05    3.5617748E-05    4.1627690E-05    4.1071368E-05    3.5920823E-10    1.0000031E-16    1.3085684E-05    1.2810398E-07    1.0157401E-08    1.8865647E-04    6.7070070E-04    3.2846265E-04    8.2805968E-05
    1.4950000E+01   -2.3572704E-04    9.0292580E-05    3.5812391E-05    4.1676482E-05    4.1278260E-05    3.5338965E-10    1.0000031E-16    1.3189130E-05    1.2899886E-07    1.0228468E-08    1.8992385E-04    6.7070070E-04    3.2846265E-04    8.2805968E-05
    1.5050000E+01   -2.3708092E-04    9.0730999E-05    3.6007146E-05    4.1725362E-05    4.1485592E-05    3.4771006E-10    1.0000031E-16    1.3292796E-05    1.2989835E-07    1.0299903E-08    1.9119303E-04    6.7070070E-04    3.2846265E-04    8.2805968E-05
    1.5150000E+01   -2.3843720E-04    9.1170209E-05    3.6202010E-05    4.1774330E-05    4.1693364E-05    3.4216567E-10    1.0000031E-16    1.3396682E-05    1.3080248E-07    1.0371707E-08    1.9246402E-04    6.7070070E-04    3.2846265E-04    8.2805968E-05
    1.5250000E+01   -2.3979589E-04    9.1610212E-05    3.6396979E-05    4.1823387E-05    4.1901576E-05    3.3675284E-10    1.0000031E-16    1.3500788E-05    1.3171128E-07    1.0443883E-08    1.9373682E-04    6.7070070E-04    3.2846265E-04    8.2805968E-05
    1.5350000E+01   -2.4115697E-04    9.2051008E-05    3.6592051E-05    4.1872532E-05    4.2110228E-05    3.3146805E-10    1.0000031E-16    1.3605114E-05    1.3262478E-07    1.0516435E-08    1.9501141E-04    6.7070070E-04    3.2846265E-04    8.2805968E-05
    1.5450000E+01   -2.4252046E-04    9.2492597E-05    3.6787220E-05    4.1921765E-05    4.2319322E-05    3.2630792E-10    1.0000031E-16    1.3709661E-05    1.3354301E-07    1.0589363E-08    1.9628779E-04    6.7070070E-04    3.2846265E-04    8.2805968E-05
    1.5550000E+01   -2.4388634E-04    9.2934980E-05    3.6982484E-05    4.1971087E-05    4.2528858E-05    3.2126917E-10    1.0000031E-16    1.3814429E-05    1.3446600E-07    1.0662671E-08    1.9756595E-04    6.7070070E-04    3.2846265E-04    8.2805968E-05
    1.5650000E+01   -2.4525461E-04    9.3378159E-05    3.7177838E-05    4.2020498E-05    4.2738836E-05    3.1634865E-10    1.0000031E-16    1.3919418E-05    1.3539379E-07    1.0736362E-08    1.9884589E-04    6.7070070E-04    3.2846265E-04    8.2805968E-05
    1.5750000E+01   -2.4662528E-04    9.3822134E-05    3.7373279E-05    4.2069997E-05    4.2949257E-05    3.1154334E-10    1.0000031E-16    1.4024629E-05    1.3632641E-07    1.0810438E-08    2.0012760E-04    6.7070070E-04    3.2846265E-04    8.2805968E-05
    1.5850000E+01   -2.4799834E-04    9.4266905E-05    3.7568802E-05    4.2119585E-05    4.3160121E-05    3.0685032E-10    1.0000031E-16    1.4130061E-05    1.3726389E-07    1.0884901E-08    2.0141108E-04    6.7070070E-04    3.2846265E-04    8.2805968E-05
    1.5950000E+01   -2.4937379E-04    9.4712473E-05    3.7764402E-05    4.2169262E-05    4.3371429E-05    3.0226677E-10    1.0000031E-16    1.4235715E-05    1.3820626E-07    1.0959755E-08    2.0269631E-04    6.7070070E-04    3.2846265E-04    8.2805968E-05
    1.6050000E+01   -2.5075163E-04    9.5158839E-05    3.7960076E-05    4.2219028E-05    4.3583181E-05    2.9778999E-10    1.0000031E-16    1.4341590E-05    1.3915357E-07    1.1035003E-08    2.0398329E-04    6.7070070E-04    3.2846265E-04    8.2805968E-05
    1.6150000E+01   -2.5213185E-04    9.5606004E-05    3.8155819E-05    4.2268883E-05    4.3795377E-05    2.9341740E-10    1.0000031E-16    1.4447689E-05    1.4010585E-07    1.1110646E-08    2.0527201E-04    6.7070070E-04    3.2846265E-04    8.2805968E-05
    1.6250000E+01   -2.5351446E-04    9.6053969E-05    3.8351626E-05    4.2318827E-05    4.4008019E-05    2.8914650E-10    1.0000031E-16    1.4554009E-05    1.4106314E-07    1.1186689E-08    2.0656247E-04    6.7070070E-04    3.2846265E-04    8.2805968E-05
    1.6350000E+01   -2.5489944E-04    9.6502733E-05    3.8547493E-05    4.2368861E-05    4.4221106E-05    2.8497492E-10    1.0000031E-16    1.4660553E-05    1.4202546E-07    1.1263135E-08    2.0785465E-04    6.7070070E-04    3.2846265E-04    8.2805968E-05
    1.6450000E+01   -2.5628680E-04    9.6952298E-05    3.8743415E-05    4.2418983E-05    4.4434639E-05    2.8090036E-10    1.0000031E-16    1.4767319E-05    1.4299287E-07    1.1339985E-08    2.0914855E-04    6.7070070E-04    3.2846265E-04    8.2805968E-05
    1.6550000E+01   -2.5767654E-04    9.7402665E-05    3.8939387E-05    4.2469195E-05    4.4648618E-05    2.7692066E-10    1.0000031E-16    1.4874309E-05    1.4396540E-07    1.1417245E-08    2.1044416E-04    6.7070070E-04    3.2846265E-04    8.2805968E-05
    1.6650000E+01   -2.5906866E-04    9.7853834E-05    3.9135404E-05    4.2519497E-05    4.4863045E-05    2.7303374E-10    1.0000031E-16    1.4981522E-05    1.4494309E-07    1.1494916E-08    2.1174147E-04    6.7070070E-04    3.2846265E-04    8.2805968E-05
    1.6750000E+01   -2.6046314E-04    9.8305806E-05    3.9331460E-05    4.2569888E-05    4.5077919E-05    2.6923764E-10    1.0000031E-16    1.5088959E-05    1.4592598E-07    1.1573002E-08    2.1304048E-04    6.7070070E-04    3.2846265E-04    8.2805968E-05
    1.6850000E+01   -2.6185998E-04    9.8758582E-05    3.9527550E-05    4.2620369E-05    4.5293240E-05    2.6553050E-10    1.0000031E-16    1.5196620E-05    1.4691411E-07    1.1651507E-08    2.1434116E-04    6.7070070E-04    3.2846265E-04    8.2805968E-05
    1.6950000E+01   -2.6325919E-04    9.9212162E-05    3.9723669E-05    4.2670939E-05    4.5509010E-05    2.6191057E-10    1.0000031E-16    1.5304505E-05    1.4790754E-07    1.1730433E-08    2.1564352E-04    6.7070070E-04    3.2846265E-04    8.2805968E-05
    1.7050000E+01   -2.6466077E-04    9.9666547E-05    3.9919811E-05    4.2721599E-05    4.5725229E-05    2.5837622E-10    1.0000031E-16    1.5412614E-05    1.4890629E-07    1.1809785E-08    2.1694754E-04    6.7070070E-04    3.2846265E-04    8.2805968E-05
    1.7150000E+01   -2.6606469E-04    1.0012174E-04    4.0115970E-05    4.2772349E-05    4.5941897E-05    2.5492594E-10    1.0000031E-16    1.5520948E-05    1.4991042E-07    1.1889567E-08    2.1825321E-04    6.7070070E-04    3.2846265E-04    8.2805968E-05
    1.7250000E+01   -2.6747097E-04    1.0057774E-04    4.0312140E-05    4.2823189E-05    4.6159015E-05    2.5155835E-10    1.0000031E-16    1.5629507E-05    1.5091998E-07    1.1969781E-08    2.1956052E-04    6.7070070E-04    3.2846265E-04    8.2805968E-05
    1.7350000E+01   -2.6887960E-04    1.0103454E-04    4.0508314E-05    4.2874118E-05    4.6376582E-05    2.4827221E-10    1.0000031E-16    1.5738291E-05    1.5193501E-07    1.2050432E-08    2.2086946E-04    6.7070070E-04    3.2846265E-04    8.2805968E-05
    1.7450000E+01   -2.7029057E-04    1.0149215E-04    4.0704487E-05    4.2925138E-05    4.6594601E-05    2.4506641E-10    1.0000031E-16    1.5847300E-05    1.5295556E-07    1.2131524E-08    2.2218003E-04    6.7070070E-04    3.2846265E-04    8.2805968E-05
    1.7550000E+01   -2.7170389E-04    1.0195057E-04    4.0900651E-05    4.2976248E-05    4.6813071E-05    2.4194002E-10    1.0000031E-16    1.5956535E-05    1.5398167E-07    1.2213061E-08    2.2349220E-04    6.7070070E-04    3.2846265E-04    8.2805968E-05
    1.7650000E+01   -2.7311953E-04    1.0240980E-04    4.1096800E-05    4.3027449E-05    4.7031992E-05    2.3889230E-10    1.0000031E-16    1.6065996E-05    1.5501342E-07    1.2295046E-08    2.2480596E-04    6.7070070E-04    3.2846265E-04    8.2805968E-05
    1.7750000E+01   -2.7453751E-04    1.0286984E-04    4.1292926E-05    4.3078739E-05    4.7251365E-05    2.3592269E-10    1.0000031E-16    1.6175683E-05    1.5605084E-07    1.2377486E-08    2.2612131E-04    6.7070070E-04    3.2846265E-04    8.2805968E-05
    1.7850000E+01   -2.7595782E-04    1.0333070E-04    4.1489023E-05    4.3130120E-05    4.7471191E-05    2.3303090E-10    1.0000031E-16    1.6285596E-05    1.5709399E-07    1.2460383E-08    2.2743822E-04    6.7070070E-04    3.2846265E-04    8.2805968E-05
    1.7950000E+01   -2.7738044E-04    1.0379236E-04    4.1685081E-05    4.3181592E-05    4.7691470E-05    2.3021689E-10    1.0000031E-16    1.6395735E-05    1.5814294E-07    1.2543742E-08    2.2875669E-04    6.7070070E-04    3.2846265E-04    8.2805968E-05
    1.8050000E+01   -2.7880538E-04    1.0425483E-04    4.1881094E-05    4.3233154E-05    4.7912202E-05    2.2748095E-10    1.0000031E-16    1.6506101E-05    1.5919774E-07    1.2627569E-08    2.3007670E-04    6.7070070E-04    3.2846265E-04    8.2805968E-05
    1.8150000E+01   -2.8023263E-04    1.0471812E-04    4.2077052E-05    4.3284806E-05    4.8133388E-05    2.2482378E-10    1.0000031E-16    1.6616694E-05    1.6025845E-07    1.2711869E-08    2.3139823E-04    6.7070070E-04    3.2846265E-04    8.2805968E-05
    1.8250000E+01   -2.8166218E-04    1.0518222E-04    4.2272946E-05    4.3336550E-05    4.8355029E-05    2.2224653E-10    1.0000031E-16    1.6727514E-05    1.6132514E-07    1.2796646E-08    2.3272127E-04    6.7070070E-04    3.2846265E-04    8.2805968E-05
    1.8350000E+01   -2.8309402E-04    1.0564714E-04    4.2468768E-05    4.3388384E-05    4.8577124E-05    2.1975097E-10    1.0000031E-16    1.6838562E-05    1.6239788E-07    1.2881907E-08    2.3404579E-04    6.7070070E-04    3.2846265E-04    8.2805968E-05
    1.8450000E+01   -2.8452815E-04    1.0611287E-04    4.2664507E-05    4.3440309E-05    4.8799675E-05    2.1733959E-10    1.0000031E-16    1.6949838E-05    1.6347675E-07    1.2967657E-08    2.3537179E-04    6.7070070E-04    3.2846265E-04    8.2805968E-05
    1.8550000E+01   -2.8596456E-04    1.0657942E-04    4.2860152E-05    4.3492325E-05    4.9022682E-05    2.1501585E-10    1.0000031E-16    1.7061341E-05    1.6456181E-07    1.3053902E-08    2.3669925E-04    6.7070070E-04    3.2846265E-04    8.2805968E-05
    1.8650000E+01   -2.8740324E-04    1.0704678E-04    4.3055692E-05    4.3544432E-05    4.9246145E-05    2.1278446E-10    1.0000031E-16    1.7173072E-05    1.6565316E-07    1.3140650E-08    2.3802813E-04    6.7070070E-04    3.2846265E-04    8.2805968E-05
    1.8750000E+01   -2.8884417E-04    1.0751496E-04    4.3251114E-05    4.3596630E-05    4.9470064E-05    2.1065179E-10    1.0000031E-16    1.7285032E-05    1.6675089E-07    1.3227908E-08    2.3935841E-04    6.7070070E-04    3.2846265E-04    8.2805968E-05
    1.8850000E+01   -2.9028736E-04    1.0798396E-04    4.3446404E-05    4.3648919E-05    4.9694441E-05    2.0862650E-10    1.0000031E-16    1.7397220E-05    1.6785509E-07    1.3315683E-08    2.4069008E-04    6.7070070E-04    3.2846265E-04    8.2805968E-05
    1.8950000E+01   -2.9173277E-04    1.0845378E-04    4.3641547E-05    4.3701300E-05    4.9919275E-05    2.0672043E-10    1.0000031E-16    1.7509638E-05    1.6896587E-07    1.3403984E-08    2.4202309E-04    6.7070070E-04    3.2846265E-04    8.2805968E-05
    1.9050000E+01   -2.9318041E-04    1.0892442E-04    4.3836524E-05    4.3753772E-05    5.0144568E-05    2.0494999E-10    1.0000031E-16    1.7622284E-05    1.7008336E-07    1.3492823E-08    2.4335742E-04    6.7070070E-04    3.2846265E-04    8.2805968E-05
    1.9150000E+01   -2.9463025E-04    1.0939587E-04    4.4031315E-05    4.3806335E-05    5.0370319E-05    2.0333842E-10    1.0000031E-16    1.7735159E-05    1.7120770E-07    1.3582209E-08    2.4469302E-04    6.7070070E-04    3.2846265E-04    8.2805968E-05
    1.9250000E+01   -2.9608226E-04    1.0986815E-04    4.4225895E-05    4.3858990E-05    5.0596529E-05    2.0191951E-10    1.0000031E-16    1.7848264E-05    1.7233907E-07    1.3672158E-08    2.4602985E-04    6.7070070E-04    3.2846265E-04    8.2805968E-05
    1.9350000E+01   -2.9753643E-04    1.1034125E-04    4.4420232E-05    4.3911737E-05    5.0823198E-05    2.0074414E-10    1.0000031E-16    1.7961599E-05    1.7347768E-07    1.3762686E-08    2.4736785E-04    6.7070070E-04    3.2846265E-04    8.2805968E-05
    1.9450000E+01   -2.9899270E-04    1.1081517E-04    4.4614288E-05    4.3964575E-05    5.1050328E-05    1.9989262E-10    1.0000031E-16    1.8075164E-05    1.7462380E-07    1.3853816E-08    2.4870693E-04    6.7070070E-04    3.2846265E-04    8.2805968E-05
    1.9550000E+01   -3.0045104E-04    1.1128991E-04    4.4808004E-05    4.4017505E-05    5.1277918E-05    1.9949971E-10    1.0000031E-16    1.8188959E-05    1.7577781E-07    1.3945579E-08    2.5004699E-04    6.7070070E-04    3.2846265E-04    8.2805968E-05
    1.9650000E+01   -3.0191135E-04    1.1176548E-04    4.5001298E-05    4.4070526E-05    5.1505969E-05    1.9981167E-10    1.0000031E-16    1.8302985E-05    1.7694028E-07    1.4038020E-08    2.5138786E-04    6.7070070E-04    3.2846265E-04    8.2805968E-05
    1.9750000E+01   -3.0337350E-04    1.1224187E-04    4.5194025E-05    4.4123640E-05    5.1734481E-05    2.0133728E-10    1.0000032E-16    1.8417240E-05    1.7811216E-07    1.4131217E-08    2.5272925E-04    6.7070071E-04    3.2846265E-04    8.2805970E-05
    1.9850000E+01   -3.0484444E-04    1.1272178E-04    4.5386985E-05    4.4177952E-05    5.1964694E-05    2.0534892E-10    1.0000287E-16    1.8532157E-05    1.7929951E-07    1.4225656E-08    2.5407658E-04    6.7071781E-04    3.2847103E-04    8.2808081E-05
    1.9950000E+01   -3.1486890E-04    1.1636453E-04    4.6851440E-05    4.5470473E-05    5.3653130E-05    2.1062784E-10    1.0280704E-16    1.9167465E-05    1.8553681E-07    1.4720784E-08    2.6255169E-04    6.8952535E-04    3.3768165E-04    8.5130094E-05
