# Time          7.0000E+00
# Units: Mol/kgw
    Distance           H+               Na+              K+               Ca++             Mg++             Al+++            Fe+++            Fe++             Li7+             Li6+             SiO2(aq)         CO2(aq)          O2(aq)           Cl-          
    5.0000000E-02   -4.5754825E-05    2.5152195E-05    6.7354029E-06    2.6595067E-05    1.1321617E-05    7.3152987E-08    7.5264673E-17    5.3607766E-08    2.8354334E-08    2.2766786E-09    1.6697596E-05    5.0479910E-04    2.4721556E-04    6.2323445E-05
    1.5000000E-01   -3.1319450E-05    1.6984326E-05    4.6042288E-06    1.7729201E-05    7.6444337E-06    8.8776563E-08    5.0097524E-17    8.9962976E-08    1.9423889E-08    1.5569233E-09    1.1883157E-05    3.3600339E-04    1.6455114E-04    4.1483610E-05
    2.5000000E-01   -2.4675927E-05    1.3192159E-05    3.6260352E-06    1.3566516E-05    5.9371166E-06    9.4966750E-08    3.8265997E-17    1.1775046E-07    1.5274212E-08    1.2221212E-09    9.7617588E-06    2.5664951E-04    1.2568911E-04    3.1686430E-05
    3.5000000E-01   -2.5757624E-05    1.3715461E-05    3.7948085E-06    1.4002041E-05    6.1724246E-06    8.7613967E-08    3.9459249E-17    1.4650749E-07    1.5812768E-08    1.2639395E-09    1.0391793E-05    2.6465263E-04    1.2960849E-04    3.2674510E-05
    4.5000000E-01   -3.1822535E-05    1.6996817E-05    4.7032871E-06    1.7348999E-05    7.6492110E-06    7.4827472E-08    4.8890311E-17    1.8228877E-07    1.9370925E-08    1.5479475E-09    1.2851190E-05    3.2790663E-04    1.6058591E-04    4.0483968E-05
    5.5000000E-01   -4.0002430E-05    2.1422953E-05    5.9256300E-06    2.1876306E-05    9.6412336E-06    6.2880745E-08    6.1651747E-17    2.2757609E-07    2.4205162E-08    1.9340492E-09    1.6142536E-05    4.1349740E-04    2.0250232E-04    5.1051166E-05
    6.5000000E-01   -4.8103193E-05    2.5771168E-05    7.1368883E-06    2.6280952E-05    1.1598103E-05    5.3744364E-08    7.4052619E-17    2.8214892E-07    2.8974990E-08    2.3146521E-09    1.9484836E-05    4.9666988E-04    2.4323443E-04    6.1319796E-05
    7.5000000E-01   -5.4872166E-05    2.9350828E-05    8.1518137E-06    2.9833882E-05    1.3208961E-05    4.7159003E-08    8.4030078E-17    3.4425950E-07    3.2913787E-08    2.6283089E-09    2.2418371E-05    5.6358855E-04    2.7600655E-04    6.9581701E-05
    8.5000000E-01   -5.9929149E-05    3.1958712E-05    8.9141290E-06    3.2327755E-05    1.4382360E-05    4.2361913E-08    9.0999860E-17    4.1171184E-07    3.5791150E-08    2.8566520E-09    2.4789352E-05    6.1033478E-04    2.9889961E-04    7.5353078E-05
    9.5000000E-01   -6.3463789E-05    3.3707487E-05    9.4517154E-06    3.3891026E-05    1.5169047E-05    3.8701682E-08    9.5328610E-17    4.8256443E-07    3.7727224E-08    3.0094457E-09    2.6648471E-05    6.3936765E-04    3.1311789E-04    7.8937531E-05
    1.0500000E+00   -6.5895278E-05    3.4835424E-05    9.8263717E-06    3.4783810E-05    1.5676300E-05    3.5740643E-08    9.7755185E-17    5.5541149E-07    3.8982739E-08    3.1077056E-09    2.8132500E-05    6.5564265E-04    3.2108826E-04    8.0946873E-05
    1.1500000E+00   -6.7637468E-05    3.5575868E-05    1.0099142E-05    3.5258723E-05    1.6009172E-05    3.3217532E-08    9.8996454E-17    6.2937308E-07    3.9814231E-08    3.1720724E-09    2.9380819E-05    6.6396783E-04    3.2516535E-04    8.1974715E-05
    1.2500000E+00   -6.8997746E-05    3.6101535E-05    1.0315378E-05    3.5502052E-05    1.6245418E-05    3.0988360E-08    9.9580841E-17    7.0395959E-07    4.0411944E-08    3.2178355E-09    3.0498357E-05    6.6788730E-04    3.2708484E-04    8.2458620E-05
    1.3500000E+00   -7.0167440E-05    3.6519723E-05    1.0503315E-05    3.5629280E-05    1.6433343E-05    2.8976983E-08    9.9835839E-17    7.7892468E-07    4.0894168E-08    3.2544899E-09    3.1550923E-05    6.6959757E-04    3.2792241E-04    8.2669773E-05
    1.4500000E+00   -7.1250895E-05    3.6888884E-05    1.0678358E-05    3.5703229E-05    1.6599260E-05    2.7142182E-08    9.9939575E-17    8.5415495E-07    4.1325360E-08    3.2872003E-09    3.2574589E-05    6.7029333E-04    3.2826314E-04    8.2755673E-05
    1.5500000E+00   -7.2299203E-05    3.7237621E-05    1.0848050E-05    3.5754609E-05    1.6756046E-05    2.5459173E-08    9.9979117E-17    9.2960225E-07    4.1737040E-08    3.3184840E-09    3.3587080E-05    6.7055853E-04    3.2839302E-04    8.2788416E-05
    1.6500000E+00   -7.3335169E-05    3.7578705E-05    1.1015763E-05    3.5797121E-05    1.6909451E-05    2.3910635E-08    9.9993302E-17    1.0052477E-06    4.2143250E-08    3.3494548E-09    3.4596328E-05    6.7065367E-04    3.2843962E-04    8.2800162E-05
    1.7500000E+00   -7.4368167E-05    3.7917393E-05    1.1182886E-05    3.5836401E-05    1.7061840E-05    2.2482844E-08    9.9998109E-17    1.0810844E-06    4.2549734E-08    3.3805613E-09    3.5605604E-05    6.7068591E-04    3.2845541E-04    8.2804142E-05
    1.8500000E+00   -7.5401772E-05    3.8255700E-05    1.1349950E-05    3.5874607E-05    1.7214122E-05    2.1164140E-08    9.9999653E-17    1.1571101E-06    4.2958660E-08    3.4119657E-09    3.6616156E-05    6.7069627E-04    3.2846048E-04    8.2805421E-05
    1.9500000E+00   -7.6437248E-05    3.8594348E-05    1.1517148E-05    3.5912513E-05    1.7366621E-05    1.9944306E-08    1.0000012E-16    1.2333244E-06    4.3370773E-08    3.4437174E-09    3.7628429E-05    6.7069943E-04    3.2846203E-04    8.2805811E-05
    2.0500000E+00   -7.7475006E-05    3.8933580E-05    1.1684543E-05    3.5950378E-05    1.7519447E-05    1.8814282E-08    1.0000026E-16    1.3097272E-06    4.3786295E-08    3.4758249E-09    3.8642571E-05    6.7070035E-04    3.2846248E-04    8.2805925E-05
    2.1500000E+00   -7.8515165E-05    3.9273475E-05    1.1852157E-05    3.5988285E-05    1.7672635E-05    1.7766000E-08    1.0000030E-16    1.3863187E-06    4.4205271E-08    3.5082835E-09    3.9658624E-05    6.7070061E-04    3.2846260E-04    8.2805957E-05
    2.2500000E+00   -7.9557747E-05    3.9614057E-05    1.2019994E-05    3.6026260E-05    1.7826198E-05    1.6792248E-08    1.0000031E-16    1.4630991E-06    4.4627691E-08    3.5410848E-09    4.0676598E-05    6.7070068E-04    3.2846264E-04    8.2805965E-05
    2.3500000E+00   -8.0602747E-05    3.9955334E-05    1.2188059E-05    3.6064311E-05    1.7980137E-05    1.5886567E-08    1.0000031E-16    1.5400688E-06    4.5053530E-08    3.5742200E-09    4.1696492E-05    6.7070070E-04    3.2846265E-04    8.2805967E-05
    2.4500000E+00   -8.1650155E-05    4.0297309E-05    1.2356350E-05    3.6102438E-05    1.8134456E-05    1.5043163E-08    1.0000031E-16    1.6172279E-06    4.5482762E-08    3.6076812E-09    4.2718304E-05    6.7070070E-04    3.2846265E-04    8.2805968E-05
    2.5500000E+00   -8.2699957E-05    4.0639982E-05    1.2524870E-05    3.6140643E-05    1.8289153E-05    1.4256822E-08    1.0000031E-16    1.6945766E-06    4.5915363E-08    3.6414610E-09    4.3742030E-05    6.7070070E-04    3.2846265E-04    8.2805968E-05
    2.6500000E+00   -8.3752143E-05    4.0983354E-05    1.2693616E-05    3.6178926E-05    1.8444231E-05    1.3522847E-08    1.0000031E-16    1.7721153E-06    4.6351312E-08    3.6755526E-09    4.4767669E-05    6.7070070E-04    3.2846265E-04    8.2805968E-05
    2.7500000E+00   -8.4806702E-05    4.1327427E-05    1.2862591E-05    3.6217288E-05    1.8599688E-05    1.2836998E-08    1.0000031E-16    1.8498442E-06    4.6790589E-08    3.7099504E-09    4.5795217E-05    6.7070070E-04    3.2846265E-04    8.2805968E-05
    2.8500000E+00   -8.5863626E-05    4.1672201E-05    1.3031794E-05    3.6255727E-05    1.8755527E-05    1.2195440E-08    1.0000031E-16    1.9277635E-06    4.7233177E-08    3.7446489E-09    4.6824673E-05    6.7070070E-04    3.2846265E-04    8.2805968E-05
    2.9500000E+00   -8.6922906E-05    4.2017677E-05    1.3201225E-05    3.6294244E-05    1.8911747E-05    1.1594699E-08    1.0000031E-16    2.0058734E-06    4.7679063E-08    3.7796435E-09    4.7856035E-05    6.7070070E-04    3.2846265E-04    8.2805968E-05
    3.0500000E+00   -8.7984536E-05    4.2363855E-05    1.3370884E-05    3.6332840E-05    1.9068348E-05    1.1031622E-08    1.0000031E-16    2.0841742E-06    4.8128233E-08    3.8149300E-09    4.8889302E-05    6.7070070E-04    3.2846265E-04    8.2805968E-05
    3.1500000E+00   -8.9048509E-05    4.2710737E-05    1.3540772E-05    3.6371515E-05    1.9225332E-05    1.0503343E-08    1.0000031E-16    2.1626662E-06    4.8580675E-08    3.8505045E-09    4.9924472E-05    6.7070070E-04    3.2846265E-04    8.2805968E-05
    3.2500000E+00   -9.0114820E-05    4.3058322E-05    1.3710889E-05    3.6410268E-05    1.9382699E-05    1.0007253E-08    1.0000031E-16    2.2413496E-06    4.9036381E-08    3.8863638E-09    5.0961545E-05    6.7070070E-04    3.2846265E-04    8.2805968E-05
    3.3500000E+00   -9.1183464E-05    4.3406613E-05    1.3881234E-05    3.6449099E-05    1.9540449E-05    9.5409743E-09    1.0000031E-16    2.3202245E-06    4.9495342E-08    3.9225049E-09    5.2000519E-05    6.7070070E-04    3.2846265E-04    8.2805968E-05
    3.4500000E+00   -9.2254438E-05    4.3755608E-05    1.4051808E-05    3.6488009E-05    1.9698583E-05    9.1023345E-09    1.0000031E-16    2.3992913E-06    4.9957551E-08    3.9589250E-09    5.3041396E-05    6.7070070E-04    3.2846265E-04    8.2805968E-05
    3.5500000E+00   -9.3327737E-05    4.4105310E-05    1.4222611E-05    3.6526998E-05    1.9857100E-05    8.6893486E-09    1.0000031E-16    2.4785502E-06    5.0423002E-08    3.9956218E-09    5.4084173E-05    6.7070070E-04    3.2846265E-04    8.2805968E-05
    3.6500000E+00   -9.4403358E-05    4.4455719E-05    1.4393643E-05    3.6566065E-05    2.0016003E-05    8.3001989E-09    1.0000031E-16    2.5580014E-06    5.0891689E-08    4.0325932E-09    5.5128851E-05    6.7070070E-04    3.2846265E-04    8.2805968E-05
    3.7500000E+00   -9.5481299E-05    4.4806835E-05    1.4564905E-05    3.6605212E-05    2.0175290E-05    7.9332193E-09    1.0000031E-16    2.6376451E-06    5.1363609E-08    4.0698372E-09    5.6175431E-05    6.7070070E-04    3.2846265E-04    8.2805968E-05
    3.8500000E+00   -9.6561558E-05    4.5158660E-05    1.4736395E-05    3.6644437E-05    2.0334963E-05    7.5868805E-09    1.0000031E-16    2.7174817E-06    5.1838759E-08    4.1073523E-09    5.7223911E-05    6.7070070E-04    3.2846265E-04    8.2805968E-05
    3.9500000E+00   -9.7644133E-05    4.5511194E-05    1.4908115E-05    3.6683742E-05    2.0495022E-05    7.2597774E-09    1.0000031E-16    2.7975112E-06    5.2317136E-08    4.1451369E-09    5.8274293E-05    6.7070070E-04    3.2846265E-04    8.2805968E-05
    4.0500000E+00   -9.8729022E-05    4.5864438E-05    1.5080064E-05    3.6723125E-05    2.0655468E-05    6.9506171E-09    1.0000031E-16    2.8777340E-06    5.2798737E-08    4.1831897E-09    5.9326576E-05    6.7070070E-04    3.2846265E-04    8.2805968E-05
    4.1500000E+00   -9.9816225E-05    4.6218392E-05    1.5252243E-05    3.6762588E-05    2.0816301E-05    6.6582088E-09    1.0000031E-16    2.9581503E-06    5.3283563E-08    4.2215096E-09    6.0380761E-05    6.7070070E-04    3.2846265E-04    8.2805968E-05
    4.2500000E+00   -1.0090574E-04    4.6573057E-05    1.5424652E-05    3.6802130E-05    2.0977521E-05    6.3814545E-09    1.0000031E-16    3.0387603E-06    5.3771611E-08    4.2600956E-09    6.1436849E-05    6.7070070E-04    3.2846265E-04    8.2805968E-05
    4.3500000E+00   -1.0199757E-04    4.6928434E-05    1.5597290E-05    3.6841752E-05    2.1139129E-05    6.1193408E-09    1.0000031E-16    3.1195643E-06    5.4262883E-08    4.2989468E-09    6.2494840E-05    6.7070070E-04    3.2846265E-04    8.2805968E-05
    4.4500000E+00   -1.0309170E-04    4.7284524E-05    1.5770158E-05    3.6881453E-05    2.1301125E-05    5.8709313E-09    1.0000031E-16    3.2005625E-06    5.4757378E-08    4.3380625E-09    6.3554734E-05    6.7070070E-04    3.2846265E-04    8.2805968E-05
    4.5500000E+00   -1.0418815E-04    4.7641327E-05    1.5943255E-05    3.6921233E-05    2.1463510E-05    5.6353596E-09    1.0000031E-16    3.2817550E-06    5.5255098E-08    4.3774421E-09    6.4616532E-05    6.7070070E-04    3.2846265E-04    8.2805968E-05
    4.6500000E+00   -1.0528691E-04    4.7998844E-05    1.6116582E-05    3.6961093E-05    2.1626285E-05    5.4118240E-09    1.0000031E-16    3.3631423E-06    5.5756043E-08    4.4170849E-09    6.5680236E-05    6.7070070E-04    3.2846265E-04    8.2805968E-05
    4.7500000E+00   -1.0638798E-04    4.8357076E-05    1.6290140E-05    3.7001033E-05    2.1789449E-05    5.1995812E-09    1.0000031E-16    3.4447244E-06    5.6260216E-08    4.4569905E-09    6.6745845E-05    6.7070070E-04    3.2846265E-04    8.2805968E-05
    4.8500000E+00   -1.0749136E-04    4.8716024E-05    1.6463926E-05    3.7041053E-05    2.1953003E-05    4.9979418E-09    1.0000031E-16    3.5265017E-06    5.6767618E-08    4.4971586E-09    6.7813360E-05    6.7070070E-04    3.2846265E-04    8.2805968E-05
    4.9500000E+00   -1.0859705E-04    4.9075687E-05    1.6637943E-05    3.7081152E-05    2.2116949E-05    4.8062658E-09    1.0000031E-16    3.6084743E-06    5.7278251E-08    4.5375889E-09    6.8882783E-05    6.7070070E-04    3.2846265E-04    8.2805968E-05
    5.0500000E+00   -1.0970505E-04    4.9436068E-05    1.6812190E-05    3.7121331E-05    2.2281285E-05    4.6239585E-09    1.0000031E-16    3.6906425E-06    5.7792120E-08    4.5782811E-09    6.9954114E-05    6.7070070E-04    3.2846265E-04    8.2805968E-05
    5.1500000E+00   -1.1081536E-04    4.9797166E-05    1.6986666E-05    3.7161591E-05    2.2446013E-05    4.4504669E-09    1.0000031E-16    3.7730065E-06    5.8309225E-08    4.6192350E-09    7.1027354E-05    6.7070070E-04    3.2846265E-04    8.2805968E-05
    5.2500000E+00   -1.1192799E-04    5.0158983E-05    1.7161372E-05    3.7201930E-05    2.2611133E-05    4.2852759E-09    1.0000031E-16    3.8555665E-06    5.8829572E-08    4.6604507E-09    7.2102504E-05    6.7070070E-04    3.2846265E-04    8.2805968E-05
    5.3500000E+00   -1.1304293E-04    5.0521519E-05    1.7336308E-05    3.7242350E-05    2.2776646E-05    4.1279061E-09    1.0000031E-16    3.9383229E-06    5.9353163E-08    4.7019279E-09    7.3179565E-05    6.7070070E-04    3.2846265E-04    8.2805968E-05
    5.4500000E+00   -1.1416019E-04    5.0884774E-05    1.7511474E-05    3.7282850E-05    2.2942552E-05    3.9779102E-09    1.0000031E-16    4.0212758E-06    5.9880001E-08    4.7436668E-09    7.4258537E-05    6.7070070E-04    3.2846265E-04    8.2805968E-05
    5.5500000E+00   -1.1527976E-04    5.1248750E-05    1.7686869E-05    3.7323430E-05    2.3108851E-05    3.8348711E-09    1.0000031E-16    4.1044254E-06    6.0410093E-08    4.7856673E-09    7.5339422E-05    6.7070070E-04    3.2846265E-04    8.2805968E-05
    5.6500000E+00   -1.1640165E-04    5.1613447E-05    1.7862494E-05    3.7364091E-05    2.3275544E-05    3.6983993E-09    1.0000031E-16    4.1877721E-06    6.0943440E-08    4.8279295E-09    7.6422220E-05    6.7070070E-04    3.2846265E-04    8.2805968E-05
    5.7500000E+00   -1.1752586E-04    5.1978866E-05    1.8038349E-05    3.7404832E-05    2.3442632E-05    3.5681307E-09    1.0000031E-16    4.2713159E-06    6.1480049E-08    4.8704536E-09    7.7506933E-05    6.7070070E-04    3.2846265E-04    8.2805968E-05
    5.8500000E+00   -1.1865239E-04    5.2345008E-05    1.8214433E-05    3.7445653E-05    2.3610114E-05    3.4437249E-09    1.0000031E-16    4.3550572E-06    6.2019923E-08    4.9132398E-09    7.8593562E-05    6.7070070E-04    3.2846265E-04    8.2805968E-05
    5.9500000E+00   -1.1978123E-04    5.2711873E-05    1.8390746E-05    3.7486556E-05    2.3777992E-05    3.3248635E-09    1.0000031E-16    4.4389962E-06    6.2563068E-08    4.9562882E-09    7.9682107E-05    6.7070070E-04    3.2846265E-04    8.2805968E-05
    6.0500000E+00   -1.2091240E-04    5.3079462E-05    1.8567289E-05    3.7527539E-05    2.3946266E-05    3.2112483E-09    1.0000031E-16    4.5231331E-06    6.3109488E-08    4.9995990E-09    8.0772569E-05    6.7070070E-04    3.2846265E-04    8.2805968E-05
    6.1500000E+00   -1.2204589E-04    5.3447776E-05    1.8744061E-05    3.7568602E-05    2.4114936E-05    3.1025996E-09    1.0000031E-16    4.6074682E-06    6.3659190E-08    5.0431725E-09    8.1864950E-05    6.7070070E-04    3.2846265E-04    8.2805968E-05
    6.2500000E+00   -1.2318171E-04    5.3816816E-05    1.8921062E-05    3.7609747E-05    2.4284003E-05    2.9986556E-09    1.0000031E-16    4.6920017E-06    6.4212178E-08    5.0870091E-09    8.2959250E-05    6.7070070E-04    3.2846265E-04    8.2805968E-05
    6.3500000E+00   -1.2431985E-04    5.4186582E-05    1.9098293E-05    3.7650973E-05    2.4453468E-05    2.8991704E-09    1.0000031E-16    4.7767338E-06    6.4768458E-08    5.1311089E-09    8.4055470E-05    6.7070070E-04    3.2846265E-04    8.2805968E-05
    6.4500000E+00   -1.2546032E-04    5.4557074E-05    1.9275752E-05    3.7692280E-05    2.4623329E-05    2.8039132E-09    1.0000031E-16    4.8616647E-06    6.5328036E-08    5.1754724E-09    8.5153611E-05    6.7070070E-04    3.2846265E-04    8.2805968E-05
    6.5500000E+00   -1.2660312E-04    5.4928294E-05    1.9453439E-05    3.7733668E-05    2.4793590E-05    2.7126671E-09    1.0000031E-16    4.9467948E-06    6.5890918E-08    5.2201000E-09    8.6253674E-05    6.7070070E-04    3.2846265E-04    8.2805968E-05
    6.6500000E+00   -1.2774825E-04    5.5300243E-05    1.9631356E-05    3.7775137E-05    2.4964248E-05    2.6252283E-09    1.0000031E-16    5.0321241E-06    6.6457110E-08    5.2649919E-09    8.7355661E-05    6.7070070E-04    3.2846265E-04    8.2805968E-05
    6.7500000E+00   -1.2889571E-04    5.5672921E-05    1.9809500E-05    3.7816687E-05    2.5135306E-05    2.5414051E-09    1.0000031E-16    5.1176530E-06    6.7026618E-08    5.3101486E-09    8.8459571E-05    6.7070070E-04    3.2846265E-04    8.2805968E-05
    6.8500000E+00   -1.3004550E-04    5.6046328E-05    1.9987873E-05    3.7858319E-05    2.5306763E-05    2.4610172E-09    1.0000031E-16    5.2033817E-06    6.7599449E-08    5.3555706E-09    8.9565405E-05    6.7070070E-04    3.2846265E-04    8.2805968E-05
    6.9500000E+00   -1.3119763E-04    5.6420466E-05    2.0166474E-05    3.7900032E-05    2.5478621E-05    2.3838947E-09    1.0000031E-16    5.2893104E-06    6.8175609E-08    5.4012582E-09    9.0673166E-05    6.7070070E-04    3.2846265E-04    8.2805968E-05
    7.0500000E+00   -1.3235209E-04    5.6795335E-05    2.0345302E-05    3.7941827E-05    2.5650879E-05    2.3098775E-09    1.0000031E-16    5.3754394E-06    6.8755106E-08    5.4472120E-09    9.1782852E-05    6.7070070E-04    3.2846265E-04    8.2805968E-05
    7.1500000E+00   -1.3350889E-04    5.7170936E-05    2.0524358E-05    3.7983703E-05    2.5823538E-05    2.2388148E-09    1.0000031E-16    5.4617689E-06    6.9337945E-08    5.4934324E-09    9.2894466E-05    6.7070070E-04    3.2846265E-04    8.2805968E-05
    7.2500000E+00   -1.3466804E-04    5.7547270E-05    2.0703642E-05    3.8025661E-05    2.5996598E-05    2.1705642E-09    1.0000031E-16    5.5482991E-06    6.9924135E-08    5.5399199E-09    9.4008008E-05    6.7070070E-04    3.2846265E-04    8.2805968E-05
    7.3500000E+00   -1.3582952E-04    5.7924337E-05    2.0883152E-05    3.8067701E-05    2.6170060E-05    2.1049916E-09    1.0000031E-16    5.6350302E-06    7.0513682E-08    5.5866751E-09    9.5123479E-05    6.7070070E-04    3.2846265E-04    8.2805968E-05
    7.4500000E+00   -1.3699334E-04    5.8302138E-05    2.1062889E-05    3.8109822E-05    2.6343925E-05    2.0419702E-09    1.0000031E-16    5.7219625E-06    7.1106594E-08    5.6336984E-09    9.6240879E-05    6.7070070E-04    3.2846265E-04    8.2805968E-05
    7.5500000E+00   -1.3815952E-04    5.8680674E-05    2.1242852E-05    3.8152026E-05    2.6518193E-05    1.9813802E-09    1.0000031E-16    5.8090963E-06    7.1702877E-08    5.6809905E-09    9.7360209E-05    6.7070070E-04    3.2846265E-04    8.2805968E-05
    7.6500000E+00   -1.3932803E-04    5.9059945E-05    2.1423042E-05    3.8194311E-05    2.6692863E-05    1.9231084E-09    1.0000031E-16    5.8964317E-06    7.2302541E-08    5.7285519E-09    9.8481471E-05    6.7070070E-04    3.2846265E-04    8.2805968E-05
    7.7500000E+00   -1.4049890E-04    5.9439953E-05    2.1603458E-05    3.8236679E-05    2.6867938E-05    1.8670479E-09    1.0000031E-16    5.9839690E-06    7.2905592E-08    5.7763831E-09    9.9604664E-05    6.7070070E-04    3.2846265E-04    8.2805968E-05
    7.8500000E+00   -1.4167211E-04    5.9820698E-05    2.1784098E-05    3.8279129E-05    2.7043417E-05    1.8130974E-09    1.0000031E-16    6.0717084E-06    7.3512038E-08    5.8244848E-09    1.0072979E-04    6.7070070E-04    3.2846265E-04    8.2805968E-05
    7.9500000E+00   -1.4284768E-04    6.0202180E-05    2.1964965E-05    3.8321661E-05    2.7219300E-05    1.7611611E-09    1.0000031E-16    6.1596502E-06    7.4121888E-08    5.8728575E-09    1.0185685E-04    6.7070070E-04    3.2846265E-04    8.2805968E-05
    8.0500000E+00   -1.4402559E-04    6.0584400E-05    2.2146055E-05    3.8364275E-05    2.7395589E-05    1.7111484E-09    1.0000031E-16    6.2477945E-06    7.4735149E-08    5.9215020E-09    1.0298584E-04    6.7070070E-04    3.2846265E-04    8.2805968E-05
    8.1500000E+00   -1.4520587E-04    6.0967360E-05    2.2327371E-05    3.8406972E-05    2.7572283E-05    1.6629731E-09    1.0000031E-16    6.3361417E-06    7.5351831E-08    5.9704187E-09    1.0411677E-04    6.7070070E-04    3.2846265E-04    8.2805968E-05
    8.2500000E+00   -1.4638850E-04    6.1351059E-05    2.2508910E-05    3.8449751E-05    2.7749384E-05    1.6165540E-09    1.0000031E-16    6.4246919E-06    7.5971941E-08    6.0196085E-09    1.0524963E-04    6.7070070E-04    3.2846265E-04    8.2805968E-05
    8.3500000E+00   -1.4757348E-04    6.1735499E-05    2.2690673E-05    3.8492612E-05    2.7926891E-05    1.5718138E-09    1.0000031E-16    6.5134455E-06    7.6595488E-08    6.0690719E-09    1.0638442E-04    6.7070070E-04    3.2846265E-04    8.2805968E-05
    8.4500000E+00   -1.4876083E-04    6.2120680E-05    2.2872659E-05    3.8535557E-05    2.8104805E-05    1.5286793E-09    1.0000031E-16    6.6024025E-06    7.7222481E-08    6.1188096E-09    1.0752116E-04    6.7070070E-04    3.2846265E-04    8.2805968E-05
    8.5500000E+00   -1.4995053E-04    6.2506603E-05    2.3054867E-05    3.8578584E-05    2.8283127E-05    1.4870809E-09    1.0000031E-16    6.6915633E-06    7.7852929E-08    6.1688224E-09    1.0865983E-04    6.7070070E-04    3.2846265E-04    8.2805968E-05
    8.6500000E+00   -1.5114260E-04    6.2893269E-05    2.3237298E-05    3.8621694E-05    2.8461856E-05    1.4469526E-09    1.0000031E-16    6.7809281E-06    7.8486840E-08    6.2191109E-09    1.0980043E-04    6.7070070E-04    3.2846265E-04    8.2805968E-05
    8.7500000E+00   -1.5233703E-04    6.3280678E-05    2.3419950E-05    3.8664887E-05    2.8640994E-05    1.4082319E-09    1.0000031E-16    6.8704971E-06    7.9124225E-08    6.2696758E-09    1.1094297E-04    6.7070070E-04    3.2846265E-04    8.2805968E-05
    8.8500000E+00   -1.5353383E-04    6.3668831E-05    2.3602824E-05    3.8708162E-05    2.8820541E-05    1.3708590E-09    1.0000031E-16    6.9602706E-06    7.9765093E-08    6.3205179E-09    1.1208745E-04    6.7070070E-04    3.2846265E-04    8.2805968E-05
    8.9500000E+00   -1.5473300E-04    6.4057729E-05    2.3785918E-05    3.8751521E-05    2.9000497E-05    1.3347775E-09    1.0000031E-16    7.0502487E-06    8.0409452E-08    6.3716380E-09    1.1323387E-04    6.7070070E-04    3.2846265E-04    8.2805968E-05
    9.0500000E+00   -1.5593453E-04    6.4447372E-05    2.3969232E-05    3.8794963E-05    2.9180864E-05    1.2999336E-09    1.0000031E-16    7.1404318E-06    8.1057314E-08    6.4230367E-09    1.1438222E-04    6.7070070E-04    3.2846265E-04    8.2805968E-05
    9.1500000E+00   -1.5713844E-04    6.4837762E-05    2.4152766E-05    3.8838488E-05    2.9361640E-05    1.2662760E-09    1.0000031E-16    7.2308200E-06    8.1708687E-08    6.4747149E-09    1.1553252E-04    6.7070070E-04    3.2846265E-04    8.2805968E-05
    9.2500000E+00   -1.5834471E-04    6.5228898E-05    2.4336518E-05    3.8882097E-05    2.9542827E-05    1.2337560E-09    1.0000031E-16    7.3214136E-06    8.2363581E-08    6.5266734E-09    1.1668475E-04    6.7070070E-04    3.2846265E-04    8.2805968E-05
    9.3500000E+00   -1.5955336E-04    6.5620782E-05    2.4520489E-05    3.8925788E-05    2.9724426E-05    1.2023272E-09    1.0000031E-16    7.4122128E-06    8.3022008E-08    6.5789129E-09    1.1783892E-04    6.7070070E-04    3.2846265E-04    8.2805968E-05
    9.4500000E+00   -1.6076439E-04    6.6013415E-05    2.4704677E-05    3.8969563E-05    2.9906436E-05    1.1719456E-09    1.0000031E-16    7.5032179E-06    8.3683977E-08    6.6314344E-09    1.1899502E-04    6.7070070E-04    3.2846265E-04    8.2805968E-05
    9.5500000E+00   -1.6197779E-04    6.6406796E-05    2.4889083E-05    3.9013422E-05    3.0088858E-05    1.1425690E-09    1.0000031E-16    7.5944291E-06    8.4349498E-08    6.6842385E-09    1.2015307E-04    6.7070070E-04    3.2846265E-04    8.2805968E-05
    9.6500000E+00   -1.6319357E-04    6.6800928E-05    2.5073704E-05    3.9057364E-05    3.0271693E-05    1.1141573E-09    1.0000031E-16    7.6858466E-06    8.5018583E-08    6.7373262E-09    1.2131306E-04    6.7070070E-04    3.2846265E-04    8.2805968E-05
    9.7500000E+00   -1.6441173E-04    6.7195810E-05    2.5258541E-05    3.9101390E-05    3.0454941E-05    1.0866724E-09    1.0000031E-16    7.7774706E-06    8.5691242E-08    6.7906983E-09    1.2247498E-04    6.7070070E-04    3.2846265E-04    8.2805968E-05
    9.8500000E+00   -1.6563227E-04    6.7591443E-05    2.5443593E-05    3.9145500E-05    3.0638603E-05    1.0600777E-09    1.0000031E-16    7.8693015E-06    8.6367487E-08    6.8443557E-09    1.2363884E-04    6.7070070E-04    3.2846265E-04    8.2805968E-05
    9.9500000E+00   -1.6685519E-04    6.7987828E-05    2.5628859E-05    3.9189693E-05    3.0822679E-05    1.0343385E-09    1.0000031E-16    7.9613393E-06    8.7047328E-08    6.8982993E-09    1.2480464E-04    6.7070070E-04    3.2846265E-04    8.2805968E-05
    1.0050000E+01   -1.6808050E-04    6.8384965E-05    2.5814338E-05    3.9233971E-05    3.1007169E-05    1.0094217E-09    1.0000031E-16    8.0535844E-06    8.7730777E-08    6.9525301E-09    1.2597238E-04    6.7070070E-04    3.2846265E-04    8.2805968E-05
    1.0150000E+01   -1.6930819E-04    6.8782856E-05    2.6000029E-05    3.9278332E-05    3.1192074E-05    9.8529557E-10    1.0000031E-16    8.1460370E-06    8.8417845E-08    7.0070488E-09    1.2714205E-04    6.7070070E-04    3.2846265E-04    8.2805968E-05
    1.0250000E+01   -1.7053826E-04    6.9181501E-05    2.6185932E-05    3.9322778E-05    3.1377395E-05    9.6192985E-10    1.0000031E-16    8.2386973E-06    8.9108545E-08    7.0618565E-09    1.2831367E-04    6.7070070E-04    3.2846265E-04    8.2805968E-05
    1.0350000E+01   -1.7177072E-04    6.9580901E-05    2.6372046E-05    3.9367307E-05    3.1563131E-05    9.3929567E-10    1.0000031E-16    8.3315656E-06    8.9802888E-08    7.1169542E-09    1.2948722E-04    6.7070070E-04    3.2846265E-04    8.2805968E-05
    1.0450000E+01   -1.7300558E-04    6.9981056E-05    2.6558369E-05    3.9411921E-05    3.1749284E-05    9.1736543E-10    1.0000031E-16    8.4246421E-06    9.0500887E-08    7.1723427E-09    1.3066271E-04    6.7070070E-04    3.2846265E-04    8.2805968E-05
    1.0550000E+01   -1.7424282E-04    7.0381968E-05    2.6744901E-05    3.9456620E-05    3.1935854E-05    8.9611275E-10    1.0000031E-16    8.5179269E-06    9.1202553E-08    7.2280231E-09    1.3184013E-04    6.7070070E-04    3.2846265E-04    8.2805968E-05
    1.0650000E+01   -1.7548245E-04    7.0783636E-05    2.6931641E-05    3.9501402E-05    3.2122841E-05    8.7551241E-10    1.0000031E-16    8.6114205E-06    9.1907900E-08    7.2839963E-09    1.3301949E-04    6.7070070E-04    3.2846265E-04    8.2805968E-05
    1.0750000E+01   -1.7672448E-04    7.1186062E-05    2.7118587E-05    3.9546269E-05    3.2310246E-05    8.5554030E-10    1.0000031E-16    8.7051229E-06    9.2616940E-08    7.3402635E-09    1.3420078E-04    6.7070070E-04    3.2846265E-04    8.2805968E-05
    1.0850000E+01   -1.7796890E-04    7.1589247E-05    2.7305740E-05    3.9591221E-05    3.2498069E-05    8.3617333E-10    1.0000031E-16    8.7990344E-06    9.3329686E-08    7.3968256E-09    1.3538401E-04    6.7070070E-04    3.2846265E-04    8.2805968E-05
    1.0950000E+01   -1.7921572E-04    7.1993190E-05    2.7493097E-05    3.9636257E-05    3.2686311E-05    8.1738943E-10    1.0000031E-16    8.8931553E-06    9.4046152E-08    7.4536837E-09    1.3656918E-04    6.7070070E-04    3.2846265E-04    8.2805968E-05
    1.1050000E+01   -1.8046493E-04    7.2397894E-05    2.7680658E-05    3.9681378E-05    3.2874972E-05    7.9916745E-10    1.0000031E-16    8.9874858E-06    9.4766350E-08    7.5108389E-09    1.3775627E-04    6.7070070E-04    3.2846265E-04    8.2805968E-05
    1.1150000E+01   -1.8171654E-04    7.2803357E-05    2.7868421E-05    3.9726584E-05    3.3064052E-05    7.8148717E-10    1.0000031E-16    9.0820261E-06    9.5490295E-08    7.5682923E-09    1.3894530E-04    6.7070070E-04    3.2846265E-04    8.2805968E-05
    1.1250000E+01   -1.8297054E-04    7.3209582E-05    2.8056386E-05    3.9771874E-05    3.3253553E-05    7.6432919E-10    1.0000031E-16    9.1767764E-06    9.6218000E-08    7.6260449E-09    1.4013626E-04    6.7070070E-04    3.2846265E-04    8.2805968E-05
    1.1350000E+01   -1.8422695E-04    7.3616569E-05    2.8244551E-05    3.9817250E-05    3.3443474E-05    7.4767496E-10    1.0000031E-16    9.2717371E-06    9.6949480E-08    7.6840979E-09    1.4132915E-04    6.7070070E-04    3.2846265E-04    8.2805968E-05
    1.1450000E+01   -1.8548576E-04    7.4024319E-05    2.8432915E-05    3.9862710E-05    3.3633816E-05    7.3150668E-10    1.0000031E-16    9.3669082E-06    9.7684748E-08    7.7424525E-09    1.4252397E-04    6.7070070E-04    3.2846265E-04    8.2805968E-05
    1.1550000E+01   -1.8674697E-04    7.4432832E-05    2.8621477E-05    3.9908256E-05    3.3824580E-05    7.1580729E-10    1.0000031E-16    9.4622901E-06    9.8423820E-08    7.8011098E-09    1.4372072E-04    6.7070070E-04    3.2846265E-04    8.2805968E-05
    1.1650000E+01   -1.8801058E-04    7.4842109E-05    2.8810235E-05    3.9953887E-05    3.4015766E-05    7.0056044E-10    1.0000031E-16    9.5578830E-06    9.9166710E-08    7.8600710E-09    1.4491940E-04    6.7070070E-04    3.2846265E-04    8.2805968E-05
    1.1750000E+01   -1.8927659E-04    7.5252150E-05    2.8999188E-05    3.9999603E-05    3.4207374E-05    6.8575045E-10    1.0000031E-16    9.6536871E-06    9.9913434E-08    7.9193373E-09    1.4612000E-04    6.7070070E-04    3.2846265E-04    8.2805968E-05
    1.1850000E+01   -1.9054501E-04    7.5662957E-05    2.9188335E-05    4.0045405E-05    3.4399405E-05    6.7136228E-10    1.0000031E-16    9.7497027E-06    1.0066401E-07    7.9789099E-09    1.4732252E-04    6.7070070E-04    3.2846265E-04    8.2805968E-05
    1.1950000E+01   -1.9181583E-04    7.6074531E-05    2.9377674E-05    4.0091292E-05    3.4591860E-05    6.5738149E-10    1.0000031E-16    9.8459300E-06    1.0141844E-07    8.0387902E-09    1.4852697E-04    6.7070070E-04    3.2846265E-04    8.2805968E-05
    1.2050000E+01   -1.9308906E-04    7.6486871E-05    2.9567204E-05    4.0137264E-05    3.4784738E-05    6.4379423E-10    1.0000031E-16    9.9423691E-06    1.0217676E-07    8.0989793E-09    1.4973334E-04    6.7070070E-04    3.2846265E-04    8.2805968E-05
    1.2150000E+01   -1.9436469E-04    7.6899979E-05    2.9756923E-05    4.0183322E-05    3.4978041E-05    6.3058721E-10    1.0000031E-16    1.0039020E-05    1.0293897E-07    8.1594786E-09    1.5094163E-04    6.7070070E-04    3.2846265E-04    8.2805968E-05
    1.2250000E+01   -1.9564273E-04    7.7313856E-05    2.9946830E-05    4.0229466E-05    3.5171768E-05    6.1774765E-10    1.0000031E-16    1.0135884E-05    1.0370510E-07    8.2202894E-09    1.5215184E-04    6.7070070E-04    3.2846265E-04    8.2805968E-05
    1.2350000E+01   -1.9692318E-04    7.7728501E-05    3.0136923E-05    4.0275695E-05    3.5365921E-05    6.0526328E-10    1.0000031E-16    1.0232960E-05    1.0447515E-07    8.2814130E-09    1.5336397E-04    6.7070070E-04    3.2846265E-04    8.2805968E-05
    1.2450000E+01   -1.9820604E-04    7.8143916E-05    3.0327201E-05    4.0322010E-05    3.5560499E-05    5.9312234E-10    1.0000031E-16    1.0330250E-05    1.0524915E-07    8.3428508E-09    1.5457801E-04    6.7070070E-04    3.2846265E-04    8.2805968E-05
    1.2550000E+01   -1.9949131E-04    7.8560102E-05    3.0517662E-05    4.0368411E-05    3.5755504E-05    5.8131349E-10    1.0000031E-16    1.0427752E-05    1.0602712E-07    8.4046041E-09    1.5579396E-04    6.7070070E-04    3.2846265E-04    8.2805968E-05
    1.2650000E+01   -2.0077898E-04    7.8977059E-05    3.0708304E-05    4.0414898E-05    3.5950935E-05    5.6982587E-10    1.0000031E-16    1.0525468E-05    1.0680907E-07    8.4666744E-09    1.5701183E-04    6.7070070E-04    3.2846265E-04    8.2805968E-05
    1.2750000E+01   -2.0206907E-04    7.9394787E-05    3.0899125E-05    4.0461472E-05    3.6146793E-05    5.5864900E-10    1.0000031E-16    1.0623397E-05    1.0759501E-07    8.5290632E-09    1.5823160E-04    6.7070070E-04    3.2846265E-04    8.2805968E-05
    1.2850000E+01   -2.0336157E-04    7.9813289E-05    3.1090125E-05    4.0508131E-05    3.6343079E-05    5.4777283E-10    1.0000031E-16    1.0721540E-05    1.0838497E-07    8.5917718E-09    1.5945328E-04    6.7070070E-04    3.2846265E-04    8.2805968E-05
    1.2950000E+01   -2.0465647E-04    8.0232564E-05    3.1281300E-05    4.0554876E-05    3.6539793E-05    5.3718771E-10    1.0000031E-16    1.0819897E-05    1.0917897E-07    8.6548018E-09    1.6067687E-04    6.7070070E-04    3.2846265E-04    8.2805968E-05
    1.3050000E+01   -2.0595379E-04    8.0652612E-05    3.1472649E-05    4.0601708E-05    3.6736935E-05    5.2688431E-10    1.0000031E-16    1.0918468E-05    1.0997703E-07    8.7181547E-09    1.6190235E-04    6.7070070E-04    3.2846265E-04    8.2805968E-05
    1.3150000E+01   -2.0725352E-04    8.1073436E-05    3.1664170E-05    4.0648627E-05    3.6934507E-05    5.1685369E-10    1.0000031E-16    1.1017253E-05    1.1077915E-07    8.7818320E-09    1.6312974E-04    6.7070070E-04    3.2846265E-04    8.2805968E-05
    1.3250000E+01   -2.0855567E-04    8.1495035E-05    3.1855861E-05    4.0695631E-05    3.7132508E-05    5.0708724E-10    1.0000031E-16    1.1116254E-05    1.1158538E-07    8.8458353E-09    1.6435902E-04    6.7070070E-04    3.2846265E-04    8.2805968E-05
    1.3350000E+01   -2.0986022E-04    8.1917410E-05    3.2047720E-05    4.0742722E-05    3.7330938E-05    4.9757667E-10    1.0000031E-16    1.1215469E-05    1.1239571E-07    8.9101662E-09    1.6559020E-04    6.7070070E-04    3.2846265E-04    8.2805968E-05
    1.3450000E+01   -2.1116719E-04    8.2340563E-05    3.2239745E-05    4.0789900E-05    3.7529799E-05    4.8831401E-10    1.0000031E-16    1.1314900E-05    1.1321018E-07    8.9748262E-09    1.6682327E-04    6.7070070E-04    3.2846265E-04    8.2805968E-05
    1.3550000E+01   -2.1247657E-04    8.2764493E-05    3.2431933E-05    4.0837165E-05    3.7729091E-05    4.7929156E-10    1.0000031E-16    1.1414546E-05    1.1402880E-07    9.0398172E-09    1.6805823E-04    6.7070070E-04    3.2846265E-04    8.2805968E-05
    1.3650000E+01   -2.1378836E-04    8.3189201E-05    3.2624283E-05    4.0884516E-05    3.7928815E-05    4.7050194E-10    1.0000031E-16    1.1514407E-05    1.1485160E-07    9.1051407E-09    1.6929508E-04    6.7070070E-04    3.2846265E-04    8.2805968E-05
    1.3750000E+01   -2.1510257E-04    8.3614688E-05    3.2816792E-05    4.0931954E-05    3.8128970E-05    4.6193801E-10    1.0000031E-16    1.1614485E-05    1.1567859E-07    9.1707985E-09    1.7053380E-04    6.7070070E-04    3.2846265E-04    8.2805968E-05
    1.3850000E+01   -2.1641918E-04    8.4040955E-05    3.3009459E-05    4.0979479E-05    3.8329557E-05    4.5359292E-10    1.0000031E-16    1.1714778E-05    1.1650981E-07    9.2367922E-09    1.7177441E-04    6.7070070E-04    3.2846265E-04    8.2805968E-05
    1.3950000E+01   -2.1773821E-04    8.4468003E-05    3.3202279E-05    4.1027092E-05    3.8530577E-05    4.4546004E-10    1.0000031E-16    1.1815288E-05    1.1734526E-07    9.3031238E-09    1.7301689E-04    6.7070070E-04    3.2846265E-04    8.2805968E-05
    1.4050000E+01   -2.1905965E-04    8.4895831E-05    3.3395252E-05    4.1074791E-05    3.8732030E-05    4.3753301E-10    1.0000031E-16    1.1916015E-05    1.1818498E-07    9.3697949E-09    1.7426125E-04    6.7070070E-04    3.2846265E-04    8.2805968E-05
    1.4150000E+01   -2.2038351E-04    8.5324442E-05    3.3588374E-05    4.1122577E-05    3.8933917E-05    4.2980569E-10    1.0000031E-16    1.2016958E-05    1.1902898E-07    9.4368075E-09    1.7550747E-04    6.7070070E-04    3.2846265E-04    8.2805968E-05
    1.4250000E+01   -2.2170977E-04    8.5753835E-05    3.3781643E-05    4.1170451E-05    3.9136237E-05    4.2227216E-10    1.0000031E-16    1.2118119E-05    1.1987729E-07    9.5041634E-09    1.7675556E-04    6.7070070E-04    3.2846265E-04    8.2805968E-05
    1.4350000E+01   -2.2303845E-04    8.6184012E-05    3.3975057E-05    4.1218412E-05    3.9338993E-05    4.1492672E-10    1.0000031E-16    1.2219496E-05    1.2072994E-07    9.5718646E-09    1.7800552E-04    6.7070070E-04    3.2846265E-04    8.2805968E-05
    1.4450000E+01   -2.2436954E-04    8.6614972E-05    3.4168612E-05    4.1266460E-05    3.9542183E-05    4.0776386E-10    1.0000031E-16    1.2321092E-05    1.2158694E-07    9.6399129E-09    1.7925733E-04    6.7070070E-04    3.2846265E-04    8.2805968E-05
    1.4550000E+01   -2.2570303E-04    8.7046718E-05    3.4362306E-05    4.1314596E-05    3.9745809E-05    4.0077828E-10    1.0000031E-16    1.2422905E-05    1.2244832E-07    9.7083104E-09    1.8051099E-04    6.7070070E-04    3.2846265E-04    8.2805968E-05
    1.4650000E+01   -2.2703894E-04    8.7479249E-05    3.4556136E-05    4.1362820E-05    3.9949871E-05    3.9396488E-10    1.0000031E-16    1.2524936E-05    1.2331411E-07    9.7770590E-09    1.8176650E-04    6.7070070E-04    3.2846265E-04    8.2805968E-05
    1.4750000E+01   -2.2837726E-04    8.7912566E-05    3.4750099E-05    4.1411131E-05    4.0154370E-05    3.8731872E-10    1.0000031E-16    1.2627185E-05    1.2418434E-07    9.8461609E-09    1.8302386E-04    6.7070070E-04    3.2846265E-04    8.2805968E-05
    1.4850000E+01   -2.2971798E-04    8.8346670E-05    3.4944192E-05    4.1459530E-05    4.0359305E-05    3.8083505E-10    1.0000031E-16    1.2729652E-05    1.2505902E-07    9.9156182E-09    1.8428306E-04    6.7070070E-04    3.2846265E-04    8.2805968E-05
    1.4950000E+01   -2.3106112E-04    8.8781562E-05    3.5138412E-05    4.1508016E-05    4.0564677E-05    3.7450928E-10    1.0000031E-16    1.2832339E-05    1.2593819E-07    9.9854329E-09    1.8554409E-04    6.7070070E-04    3.2846265E-04    8.2805968E-05
    1.5050000E+01   -2.3240666E-04    8.9217242E-05    3.5332756E-05    4.1556591E-05    4.0770488E-05    3.6833701E-10    1.0000031E-16    1.2935244E-05    1.2682187E-07    1.0055607E-08    1.8680695E-04    6.7070070E-04    3.2846265E-04    8.2805968E-05
    1.5150000E+01   -2.3375460E-04    8.9653711E-05    3.5527221E-05    4.1605254E-05    4.0976737E-05    3.6231396E-10    1.0000031E-16    1.3038368E-05    1.2771009E-07    1.0126143E-08    1.8807164E-04    6.7070070E-04    3.2846265E-04    8.2805968E-05
    1.5250000E+01   -2.3510495E-04    9.0090969E-05    3.5721803E-05    4.1654004E-05    4.1183424E-05    3.5643604E-10    1.0000031E-16    1.3141712E-05    1.2860288E-07    1.0197044E-08    1.8933815E-04    6.7070070E-04    3.2846265E-04    8.2805968E-05
    1.5350000E+01   -2.3645771E-04    9.0529019E-05    3.5916500E-05    4.1702843E-05    4.1390551E-05    3.5069927E-10    1.0000031E-16    1.3245275E-05    1.2950027E-07    1.0268311E-08    1.9060648E-04    6.7070070E-04    3.2846265E-04    8.2805968E-05
    1.5450000E+01   -2.3781287E-04    9.0967859E-05    3.6111307E-05    4.1751770E-05    4.1598117E-05    3.4509985E-10    1.0000031E-16    1.3349059E-05    1.3040228E-07    1.0339946E-08    1.9187661E-04    6.7070070E-04    3.2846265E-04    8.2805968E-05
    1.5550000E+01   -2.3917043E-04    9.1407492E-05    3.6306221E-05    4.1800785E-05    4.1806124E-05    3.3963410E-10    1.0000031E-16    1.3453062E-05    1.3130895E-07    1.0411953E-08    1.9314855E-04    6.7070070E-04    3.2846265E-04    8.2805968E-05
    1.5650000E+01   -2.4053039E-04    9.1847917E-05    3.6501238E-05    4.1849889E-05    4.2014571E-05    3.3429847E-10    1.0000031E-16    1.3557286E-05    1.3222031E-07    1.0484334E-08    1.9442229E-04    6.7070070E-04    3.2846265E-04    8.2805968E-05
    1.5750000E+01   -2.4189274E-04    9.2289135E-05    3.6696355E-05    4.1899081E-05    4.2223460E-05    3.2908955E-10    1.0000031E-16    1.3661730E-05    1.3313638E-07    1.0557090E-08    1.9569782E-04    6.7070070E-04    3.2846265E-04    8.2805968E-05
    1.5850000E+01   -2.4325750E-04    9.2731147E-05    3.6891568E-05    4.1948361E-05    4.2432790E-05    3.2400406E-10    1.0000031E-16    1.3766395E-05    1.3405721E-07    1.0630225E-08    1.9697514E-04    6.7070070E-04    3.2846265E-04    8.2805968E-05
    1.5950000E+01   -2.4462465E-04    9.3173955E-05    3.7086873E-05    4.1997731E-05    4.2642562E-05    3.1903885E-10    1.0000031E-16    1.3871281E-05    1.3498281E-07    1.0703742E-08    1.9825423E-04    6.7070070E-04    3.2846265E-04    8.2805968E-05
    1.6050000E+01   -2.4599419E-04    9.3617557E-05    3.7282266E-05    4.2047188E-05    4.2852776E-05    3.1419087E-10    1.0000031E-16    1.3976388E-05    1.3591323E-07    1.0777643E-08    1.9953510E-04    6.7070070E-04    3.2846265E-04    8.2805968E-05
    1.6150000E+01   -2.4736613E-04    9.4061956E-05    3.7477743E-05    4.2096735E-05    4.3063434E-05    3.0945720E-10    1.0000031E-16    1.4081717E-05    1.3684850E-07    1.0851930E-08    2.0081774E-04    6.7070070E-04    3.2846265E-04    8.2805968E-05
    1.6250000E+01   -2.4874046E-04    9.4507152E-05    3.7673299E-05    4.2146371E-05    4.3274535E-05    3.0483506E-10    1.0000031E-16    1.4187267E-05    1.3778865E-07    1.0926606E-08    2.0210213E-04    6.7070070E-04    3.2846265E-04    8.2805968E-05
    1.6350000E+01   -2.5011717E-04    9.4953145E-05    3.7868931E-05    4.2196095E-05    4.3486079E-05    3.0032175E-10    1.0000031E-16    1.4293040E-05    1.3873372E-07    1.1001675E-08    2.0338828E-04    6.7070070E-04    3.2846265E-04    8.2805968E-05
    1.6450000E+01   -2.5149627E-04    9.5399937E-05    3.8064633E-05    4.2245908E-05    4.3698069E-05    2.9591471E-10    1.0000031E-16    1.4399034E-05    1.3968374E-07    1.1077139E-08    2.0467617E-04    6.7070070E-04    3.2846265E-04    8.2805968E-05
    1.6550000E+01   -2.5287776E-04    9.5847528E-05    3.8260402E-05    4.2295811E-05    4.3910503E-05    2.9161150E-10    1.0000031E-16    1.4505251E-05    1.4063875E-07    1.1153001E-08    2.0596580E-04    6.7070070E-04    3.2846265E-04    8.2805968E-05
    1.6650000E+01   -2.5426162E-04    9.6295918E-05    3.8456232E-05    4.2345803E-05    4.4123382E-05    2.8740977E-10    1.0000031E-16    1.4611691E-05    1.4159879E-07    1.1229264E-08    2.0725716E-04    6.7070070E-04    3.2846265E-04    8.2805968E-05
    1.6750000E+01   -2.5564787E-04    9.6745109E-05    3.8652120E-05    4.2395884E-05    4.4336707E-05    2.8330731E-10    1.0000031E-16    1.4718353E-05    1.4256389E-07    1.1305931E-08    2.0855024E-04    6.7070070E-04    3.2846265E-04    8.2805968E-05
    1.6850000E+01   -2.5703649E-04    9.7195101E-05    3.8848059E-05    4.2446054E-05    4.4550478E-05    2.7930202E-10    1.0000031E-16    1.4825239E-05    1.4353410E-07    1.1383005E-08    2.0984503E-04    6.7070070E-04    3.2846265E-04    8.2805968E-05
    1.6950000E+01   -2.5842748E-04    9.7645896E-05    3.9044044E-05    4.2496314E-05    4.4764696E-05    2.7539192E-10    1.0000031E-16    1.4932348E-05    1.4450946E-07    1.1460490E-08    2.1114153E-04    6.7070070E-04    3.2846265E-04    8.2805968E-05
    1.7050000E+01   -2.5982085E-04    9.8097492E-05    3.9240072E-05    4.2546663E-05    4.4979361E-05    2.7157517E-10    1.0000031E-16    1.5039681E-05    1.4549000E-07    1.1538388E-08    2.1243972E-04    6.7070070E-04    3.2846265E-04    8.2805968E-05
    1.7150000E+01   -2.6121658E-04    9.8549892E-05    3.9436136E-05    4.2597101E-05    4.5194474E-05    2.6785004E-10    1.0000031E-16    1.5147237E-05    1.4647576E-07    1.1616704E-08    2.1373960E-04    6.7070070E-04    3.2846265E-04    8.2805968E-05
    1.7250000E+01   -2.6261468E-04    9.9003096E-05    3.9632230E-05    4.2647630E-05    4.5410035E-05    2.6421494E-10    1.0000031E-16    1.5255018E-05    1.4746680E-07    1.1695440E-08    2.1504115E-04    6.7070070E-04    3.2846265E-04    8.2805968E-05
    1.7350000E+01   -2.6401514E-04    9.9457105E-05    3.9828350E-05    4.2698248E-05    4.5626045E-05    2.6066846E-10    1.0000031E-16    1.5363022E-05    1.4846315E-07    1.1774600E-08    2.1634437E-04    6.7070070E-04    3.2846265E-04    8.2805968E-05
    1.7450000E+01   -2.6541795E-04    9.9911919E-05    4.0024489E-05    4.2748956E-05    4.5842503E-05    2.5720931E-10    1.0000031E-16    1.5471252E-05    1.4946486E-07    1.1854188E-08    2.1764925E-04    6.7070070E-04    3.2846265E-04    8.2805968E-05
    1.7550000E+01   -2.6682312E-04    1.0036754E-04    4.0220641E-05    4.2799754E-05    4.6059411E-05    2.5383640E-10    1.0000031E-16    1.5579706E-05    1.5047197E-07    1.1934208E-08    2.1895577E-04    6.7070070E-04    3.2846265E-04    8.2805968E-05
    1.7650000E+01   -2.6823064E-04    1.0082397E-04    4.0416800E-05    4.2850641E-05    4.6276769E-05    2.5054882E-10    1.0000031E-16    1.5688385E-05    1.5148454E-07    1.2014663E-08    2.2026392E-04    6.7070070E-04    3.2846265E-04    8.2805968E-05
    1.7750000E+01   -2.6964050E-04    1.0128120E-04    4.0612959E-05    4.2901619E-05    4.6494577E-05    2.4734589E-10    1.0000031E-16    1.5797289E-05    1.5250262E-07    1.2095557E-08    2.2157370E-04    6.7070070E-04    3.2846265E-04    8.2805968E-05
    1.7850000E+01   -2.7105271E-04    1.0173925E-04    4.0809112E-05    4.2952687E-05    4.6712837E-05    2.4422718E-10    1.0000031E-16    1.5906418E-05    1.5352624E-07    1.2176895E-08    2.2288509E-04    6.7070070E-04    3.2846265E-04    8.2805968E-05
    1.7950000E+01   -2.7246725E-04    1.0219810E-04    4.1005252E-05    4.3003845E-05    4.6931547E-05    2.4119255E-10    1.0000031E-16    1.6015774E-05    1.5455547E-07    1.2258680E-08    2.2419807E-04    6.7070070E-04    3.2846265E-04    8.2805968E-05
    1.8050000E+01   -2.7388413E-04    1.0265776E-04    4.1201372E-05    4.3055093E-05    4.7150710E-05    2.3824219E-10    1.0000031E-16    1.6125355E-05    1.5559036E-07    1.2340917E-08    2.2551265E-04    6.7070070E-04    3.2846265E-04    8.2805968E-05
    1.8150000E+01   -2.7530333E-04    1.0311823E-04    4.1397465E-05    4.3106432E-05    4.7370325E-05    2.3537673E-10    1.0000031E-16    1.6235162E-05    1.5663097E-07    1.2423611E-08    2.2682879E-04    6.7070070E-04    3.2846265E-04    8.2805968E-05
    1.8250000E+01   -2.7672485E-04    1.0357952E-04    4.1593521E-05    4.3157861E-05    4.7590392E-05    2.3259727E-10    1.0000031E-16    1.6345196E-05    1.5767735E-07    1.2506766E-08    2.2814649E-04    6.7070070E-04    3.2846265E-04    8.2805968E-05
    1.8350000E+01   -2.7814869E-04    1.0404161E-04    4.1789534E-05    4.3209381E-05    4.7810913E-05    2.2990555E-10    1.0000031E-16    1.6455457E-05    1.5872956E-07    1.2590386E-08    2.2946574E-04    6.7070070E-04    3.2846265E-04    8.2805968E-05
    1.8450000E+01   -2.7957484E-04    1.0450452E-04    4.1985494E-05    4.3260991E-05    4.8031888E-05    2.2730407E-10    1.0000031E-16    1.6565944E-05    1.5978767E-07    1.2674478E-08    2.3078651E-04    6.7070070E-04    3.2846265E-04    8.2805968E-05
    1.8550000E+01   -2.8100329E-04    1.0496824E-04    4.2181393E-05    4.3312692E-05    4.8253316E-05    2.2479637E-10    1.0000031E-16    1.6676658E-05    1.6085175E-07    1.2759047E-08    2.3210880E-04    6.7070070E-04    3.2846265E-04    8.2805968E-05
    1.8650000E+01   -2.8243403E-04    1.0543278E-04    4.2377221E-05    4.3364484E-05    4.8475200E-05    2.2238724E-10    1.0000031E-16    1.6787600E-05    1.6192186E-07    1.2844098E-08    2.3343257E-04    6.7070070E-04    3.2846265E-04    8.2805968E-05
    1.8750000E+01   -2.8386706E-04    1.0589813E-04    4.2572967E-05    4.3416367E-05    4.8697538E-05    2.2008325E-10    1.0000031E-16    1.6898769E-05    1.6299809E-07    1.2929637E-08    2.3475782E-04    6.7070070E-04    3.2846265E-04    8.2805968E-05
    1.8850000E+01   -2.8530237E-04    1.0636429E-04    4.2768620E-05    4.3468340E-05    4.8920332E-05    2.1789332E-10    1.0000031E-16    1.7010166E-05    1.6408051E-07    1.3015671E-08    2.3608452E-04    6.7070070E-04    3.2846265E-04    8.2805968E-05
    1.8950000E+01   -2.8673995E-04    1.0683127E-04    4.2964167E-05    4.3520405E-05    4.9143582E-05    2.1582971E-10    1.0000031E-16    1.7121791E-05    1.6516921E-07    1.3102208E-08    2.3741265E-04    6.7070070E-04    3.2846265E-04    8.2805968E-05
    1.9050000E+01   -2.8817978E-04    1.0729907E-04    4.3159596E-05    4.3572560E-05    4.9367289E-05    2.1390944E-10    1.0000031E-16    1.7233644E-05    1.6626429E-07    1.3189254E-08    2.3874218E-04    6.7070070E-04    3.2846265E-04    8.2805968E-05
    1.9150000E+01   -2.8962186E-04    1.0776769E-04    4.3354889E-05    4.3624807E-05    4.9591452E-05    2.1215664E-10    1.0000031E-16    1.7345726E-05    1.6736586E-07    1.3276820E-08    2.4007309E-04    6.7070070E-04    3.2846265E-04    8.2805968E-05
    1.9250000E+01   -2.9106617E-04    1.0823712E-04    4.3550030E-05    4.3677145E-05    4.9816073E-05    2.1060643E-10    1.0000031E-16    1.7458037E-05    1.6847404E-07    1.3364914E-08    2.4140533E-04    6.7070070E-04    3.2846265E-04    8.2805968E-05
    1.9350000E+01   -2.9251268E-04    1.0870738E-04    4.3744997E-05    4.3729574E-05    5.0041152E-05    2.0931173E-10    1.0000031E-16    1.7570576E-05    1.6958900E-07    1.3453550E-08    2.4273887E-04    6.7070070E-04    3.2846265E-04    8.2805968E-05
    1.9450000E+01   -2.9396138E-04    1.0917845E-04    4.3939761E-05    4.3782095E-05    5.0266689E-05    2.0835613E-10    1.0000031E-16    1.7683345E-05    1.7071090E-07    1.3542743E-08    2.4407365E-04    6.7070070E-04    3.2846265E-04    8.2805968E-05
    1.9550000E+01   -2.9541223E-04    1.0965035E-04    4.4134288E-05    4.3834707E-05    5.0492686E-05    2.0787994E-10    1.0000032E-16    1.7796343E-05    1.7184002E-07    1.3632513E-08    2.4540961E-04    6.7070071E-04    3.2846265E-04    8.2805970E-05
    1.9650000E+01   -2.9686592E-04    1.1012333E-04    4.4328631E-05    4.3887517E-05    5.0719266E-05    2.0813913E-10    1.0000056E-16    1.7909615E-05    1.7297713E-07    1.3722923E-08    2.4674724E-04    6.7070233E-04    3.2846344E-04    8.2806169E-05
    1.9750000E+01   -2.9839780E-04    1.1062533E-04    4.4533925E-05    4.3951497E-05    5.0959301E-05    2.0961003E-10    1.0002590E-16    1.8027744E-05    1.7416730E-07    1.3817550E-08    2.4814921E-04    6.7087230E-04    3.2854669E-04    8.2827155E-05
    1.9850000E+01   -3.0545248E-04    1.1317129E-04    4.5559769E-05    4.4818592E-05    5.2141531E-05    2.0978588E-10    1.0187105E-16    1.8481396E-05    1.7861984E-07    1.4171042E-08    2.5414934E-04    6.8324768E-04    3.3460729E-04    8.4355042E-05
    1.9950000E+01   -5.2094014E-04    1.9285864E-04    7.7580943E-05    7.6013846E-05    8.8879724E-05    1.2904662E-10    1.7245354E-16    3.1592113E-05    3.0591285E-07    2.4271491E-08    4.3370776E-04    1.1566435E-03    5.6644370E-04    1.4280138E-04
