# Time          5.0000E-02
# Units: Volume % (m^3 mineral/m^3 porous medium)
    Distance        Quartz           K-Feldspar_Li    Oligoclase_Li    Biotite_Li       Kaolinite_Li7    Kaolinite_Li6
    5.0000000E-02    2.9999987E+01    2.0269524E+01    1.6424416E+01    4.0754032E+00    8.6991396E+00    7.0903479E-01
    1.5000000E-01    2.9999989E+01    2.0282591E+01    1.6475464E+01    4.0907122E+00    8.6625588E+00    7.0601506E-01
    2.5000000E-01    2.9999990E+01    2.0295682E+01    1.6526672E+01    4.1060757E+00    8.6262787E+00    7.0302459E-01
    3.5000000E-01    2.9999992E+01    2.0308795E+01    1.6578035E+01    4.1214919E+00    8.5899216E+00    7.0003174E-01
    4.5000000E-01    2.9999993E+01    2.0321931E+01    1.6629547E+01    4.1369593E+00    8.5534875E+00    6.9703608E-01
    5.5000000E-01    2.9999994E+01    2.0335087E+01    1.6681204E+01    4.1524767E+00    8.5169766E+00    6.9403726E-01
    6.5000000E-01    2.9999995E+01    2.0348263E+01    1.6733001E+01    4.1680426E+00    8.4803896E+00    6.9103499E-01
    7.5000000E-01    2.9999996E+01    2.0361459E+01    1.6784935E+01    4.1836561E+00    8.4437269E+00    6.8802902E-01
    8.5000000E-01    2.9999997E+01    2.0374672E+01    1.6837002E+01    4.1993161E+00    8.4069890E+00    6.8501913E-01
    9.5000000E-01    2.9999998E+01    2.0387904E+01    1.6889199E+01    4.2150218E+00    8.3701766E+00    6.8200513E-01
    1.0500000E+00    2.9999998E+01    2.0401152E+01    1.6941523E+01    4.2307724E+00    8.3332902E+00    6.7898687E-01
    1.1500000E+00    2.9999999E+01    2.0414416E+01    1.6993972E+01    4.2465673E+00    8.2963302E+00    6.7596420E-01
    1.2500000E+00    2.9999999E+01    2.0427697E+01    1.7046544E+01    4.2624057E+00    8.2592971E+00    6.7293698E-01
    1.3500000E+00    3.0000000E+01    2.0440993E+01    1.7099237E+01    4.2782872E+00    8.2221913E+00    6.6990512E-01
    1.4500000E+00    3.0000000E+01    2.0454304E+01    1.7152049E+01    4.2942114E+00    8.1850131E+00    6.6686849E-01
    1.5500000E+00    3.0000000E+01    2.0467630E+01    1.7204979E+01    4.3101778E+00    8.1477629E+00    6.6382702E-01
    1.6500000E+00    3.0000000E+01    2.0480971E+01    1.7258026E+01    4.3261861E+00    8.1104409E+00    6.6078062E-01
    1.7500000E+00    3.0000000E+01    2.0494325E+01    1.7311189E+01    4.3422360E+00    8.0730472E+00    6.5772920E-01
    1.8500000E+00    3.0000000E+01    2.0507693E+01    1.7364467E+01    4.3583273E+00    8.0355821E+00    6.5467271E-01
    1.9500000E+00    3.0000000E+01    2.0521075E+01    1.7417859E+01    4.3744598E+00    7.9980456E+00    6.5161106E-01
    2.0500000E+00    3.0000000E+01    2.0534470E+01    1.7471365E+01    4.3906333E+00    7.9604378E+00    6.4854421E-01
    2.1500000E+00    3.0000000E+01    2.0547879E+01    1.7524983E+01    4.4068476E+00    7.9227588E+00    6.4547210E-01
    2.2500000E+00    3.0000000E+01    2.0561300E+01    1.7578714E+01    4.4231027E+00    7.8850086E+00    6.4239467E-01
    2.3500000E+00    3.0000000E+01    2.0574734E+01    1.7632557E+01    4.4393985E+00    7.8471872E+00    6.3931188E-01
    2.4500000E+00    3.0000000E+01    2.0588181E+01    1.7686512E+01    4.4557348E+00    7.8092946E+00    6.3622368E-01
    2.5500000E+00    3.0000000E+01    2.0601641E+01    1.7740579E+01    4.4721117E+00    7.7713308E+00    6.3313002E-01
    2.6500000E+00    3.0000000E+01    2.0615113E+01    1.7794757E+01    4.4885291E+00    7.7332956E+00    6.3003088E-01
    2.7500000E+00    3.0000000E+01    2.0628597E+01    1.7849047E+01    4.5049870E+00    7.6951890E+00    6.2692620E-01
    2.8500000E+00    3.0000000E+01    2.0642094E+01    1.7903448E+01    4.5214854E+00    7.6570111E+00    6.2381596E-01
    2.9500000E+00    3.0000000E+01    2.0655602E+01    1.7957961E+01    4.5380243E+00    7.6187615E+00    6.2070013E-01
    3.0500000E+00    3.0000000E+01    2.0669123E+01    1.8012584E+01    4.5546037E+00    7.5804404E+00    6.1757867E-01
    3.1500000E+00    3.0000000E+01    2.0682655E+01    1.8067319E+01    4.5712235E+00    7.5420476E+00    6.1445155E-01
    3.2500000E+00    3.0000000E+01    2.0696200E+01    1.8122165E+01    4.5878839E+00    7.5035829E+00    6.1131875E-01
    3.3500000E+00    3.0000000E+01    2.0709756E+01    1.8177122E+01    4.6045849E+00    7.4650464E+00    6.0818024E-01
    3.4500000E+00    3.0000000E+01    2.0723323E+01    1.8232190E+01    4.6213264E+00    7.4264379E+00    6.0503600E-01
    3.5500000E+00    3.0000000E+01    2.0736902E+01    1.8287370E+01    4.6381086E+00    7.3877574E+00    6.0188601E-01
    3.6500000E+00    3.0000000E+01    2.0750493E+01    1.8342662E+01    4.6549314E+00    7.3490046E+00    5.9873025E-01
    3.7500000E+00    3.0000000E+01    2.0764095E+01    1.8398065E+01    4.6717949E+00    7.3101797E+00    5.9556869E-01
    3.8500000E+00    3.0000000E+01    2.0777708E+01    1.8453579E+01    4.6886991E+00    7.2712823E+00    5.9240132E-01
    3.9500000E+00    3.0000000E+01    2.0791333E+01    1.8509205E+01    4.7056441E+00    7.2323126E+00    5.8922813E-01
    4.0500000E+00    3.0000000E+01    2.0804968E+01    1.8564943E+01    4.7226299E+00    7.1932703E+00    5.8604909E-01
    4.1500000E+00    3.0000000E+01    2.0818615E+01    1.8620793E+01    4.7396566E+00    7.1541554E+00    5.8286419E-01
    4.2500000E+00    3.0000000E+01    2.0832273E+01    1.8676755E+01    4.7567241E+00    7.1149678E+00    5.7967343E-01
    4.3500000E+00    3.0000000E+01    2.0845941E+01    1.8732829E+01    4.7738327E+00    7.0757075E+00    5.7647677E-01
    4.4500000E+00    3.0000000E+01    2.0859621E+01    1.8789015E+01    4.7909822E+00    7.0363743E+00    5.7327422E-01
    4.5500000E+00    3.0000000E+01    2.0873311E+01    1.8845313E+01    4.8081728E+00    6.9969682E+00    5.7006576E-01
    4.6500000E+00    3.0000000E+01    2.0887011E+01    1.8901724E+01    4.8254045E+00    6.9574891E+00    5.6685138E-01
    4.7500000E+00    3.0000000E+01    2.0900723E+01    1.8958247E+01    4.8426773E+00    6.9179370E+00    5.6363106E-01
    4.8500000E+00    3.0000000E+01    2.0914444E+01    1.9014883E+01    4.8599914E+00    6.8783117E+00    5.6040481E-01
    4.9500000E+00    3.0000000E+01    2.0928176E+01    1.9071632E+01    4.8773466E+00    6.8386133E+00    5.5717261E-01
    5.0500000E+00    3.0000000E+01    2.0941919E+01    1.9128494E+01    4.8947432E+00    6.7988416E+00    5.5393445E-01
    5.1500000E+00    3.0000000E+01    2.0955672E+01    1.9185468E+01    4.9121811E+00    6.7589965E+00    5.5069032E-01
    5.2500000E+00    3.0000000E+01    2.0969434E+01    1.9242556E+01    4.9296604E+00    6.7190782E+00    5.4744022E-01
    5.3500000E+00    3.0000000E+01    2.0983207E+01    1.9299756E+01    4.9471811E+00    6.6790863E+00    5.4418414E-01
    5.4500000E+00    3.0000000E+01    2.0996990E+01    1.9357071E+01    4.9647433E+00    6.6390210E+00    5.4092207E-01
    5.5500000E+00    3.0000000E+01    2.1010782E+01    1.9414498E+01    4.9823471E+00    6.5988822E+00    5.3765400E-01
    5.6500000E+00    3.0000000E+01    2.1024585E+01    1.9472039E+01    4.9999924E+00    6.5586698E+00    5.3437993E-01
    5.7500000E+00    3.0000000E+01    2.1038397E+01    1.9529694E+01    5.0176794E+00    6.5183837E+00    5.3109985E-01
    5.8500000E+00    3.0000000E+01    2.1052218E+01    1.9587462E+01    5.0354080E+00    6.4780240E+00    5.2781376E-01
    5.9500000E+00    3.0000000E+01    2.1066050E+01    1.9645344E+01    5.0531784E+00    6.4375905E+00    5.2452166E-01
    6.0500000E+00    3.0000000E+01    2.1079890E+01    1.9703340E+01    5.0709905E+00    6.3970833E+00    5.2122352E-01
    6.1500000E+00    3.0000000E+01    2.1093740E+01    1.9761450E+01    5.0888445E+00    6.3565022E+00    5.1791936E-01
    6.2500000E+00    3.0000000E+01    2.1107599E+01    1.9819675E+01    5.1067404E+00    6.3158473E+00    5.1460917E-01
    6.3500000E+00    3.0000000E+01    2.1121467E+01    1.9878014E+01    5.1246782E+00    6.2751185E+00    5.1129293E-01
    6.4500000E+00    3.0000000E+01    2.1135344E+01    1.9936467E+01    5.1426579E+00    6.2343157E+00    5.0797066E-01
    6.5500000E+00    3.0000000E+01    2.1149230E+01    1.9995034E+01    5.1606797E+00    6.1934390E+00    5.0464234E-01
    6.6500000E+00    3.0000000E+01    2.1163124E+01    2.0053717E+01    5.1787436E+00    6.1524882E+00    5.0130796E-01
    6.7500000E+00    3.0000000E+01    2.1177028E+01    2.0112514E+01    5.1968496E+00    6.1114634E+00    4.9796754E-01
    6.8500000E+00    3.0000000E+01    2.1190939E+01    2.0171426E+01    5.2149977E+00    6.0703645E+00    4.9462105E-01
    6.9500000E+00    3.0000000E+01    2.1204860E+01    2.0230452E+01    5.2331881E+00    6.0291915E+00    4.9126850E-01
    7.0500000E+00    3.0000000E+01    2.1218788E+01    2.0289594E+01    5.2514208E+00    5.9879444E+00    4.8790989E-01
    7.1500000E+00    3.0000000E+01    2.1232725E+01    2.0348852E+01    5.2696958E+00    5.9466231E+00    4.8454522E-01
    7.2500000E+00    3.0000000E+01    2.1246670E+01    2.0408224E+01    5.2880131E+00    5.9052275E+00    4.8117447E-01
    7.3500000E+00    3.0000000E+01    2.1260623E+01    2.0467712E+01    5.3063729E+00    5.8637578E+00    4.7779765E-01
    7.4500000E+00    3.0000000E+01    2.1274583E+01    2.0527315E+01    5.3247751E+00    5.8222138E+00    4.7441475E-01
    7.5500000E+00    3.0000000E+01    2.1288552E+01    2.0587034E+01    5.3432198E+00    5.7805955E+00    4.7102577E-01
    7.6500000E+00    3.0000000E+01    2.1302528E+01    2.0646869E+01    5.3617072E+00    5.7389029E+00    4.6763072E-01
    7.7500000E+00    3.0000000E+01    2.1316511E+01    2.0706820E+01    5.3802371E+00    5.6971360E+00    4.6422958E-01
    7.8500000E+00    3.0000000E+01    2.1330502E+01    2.0766886E+01    5.3988097E+00    5.6552948E+00    4.6082236E-01
    7.9500000E+00    3.0000000E+01    2.1344499E+01    2.0827069E+01    5.4174250E+00    5.6133792E+00    4.5740905E-01
    8.0500000E+00    3.0000000E+01    2.1358504E+01    2.0887368E+01    5.4360831E+00    5.5713892E+00    4.5398965E-01
    8.1500000E+00    3.0000000E+01    2.1372516E+01    2.0947784E+01    5.4547839E+00    5.5293248E+00    4.5056416E-01
    8.2500000E+00    3.0000000E+01    2.1386535E+01    2.1008315E+01    5.4735277E+00    5.4871860E+00    4.4713258E-01
    8.3500000E+00    3.0000000E+01    2.1400560E+01    2.1068963E+01    5.4923143E+00    5.4449728E+00    4.4369491E-01
    8.4500000E+00    3.0000000E+01    2.1414591E+01    2.1129728E+01    5.5111439E+00    5.4026852E+00    4.4025114E-01
    8.5500000E+00    3.0000000E+01    2.1428629E+01    2.1190610E+01    5.5300165E+00    5.3603231E+00    4.3680128E-01
    8.6500000E+00    3.0000000E+01    2.1442673E+01    2.1251609E+01    5.5489322E+00    5.3178866E+00    4.3334532E-01
    8.7500000E+00    3.0000000E+01    2.1456723E+01    2.1312724E+01    5.5678910E+00    5.2753756E+00    4.2988327E-01
    8.8500000E+00    3.0000000E+01    2.1470779E+01    2.1373957E+01    5.5868929E+00    5.2327902E+00    4.2641512E-01
    8.9500000E+00    3.0000000E+01    2.1484840E+01    2.1435307E+01    5.6059380E+00    5.1901303E+00    4.2294087E-01
    9.0500000E+00    3.0000000E+01    2.1498907E+01    2.1496774E+01    5.6250264E+00    5.1473959E+00    4.1946052E-01
    9.1500000E+00    3.0000000E+01    2.1512979E+01    2.1558359E+01    5.6441581E+00    5.1045871E+00    4.1597407E-01
    9.2500000E+00    3.0000000E+01    2.1527056E+01    2.1620061E+01    5.6633332E+00    5.0617038E+00    4.1248153E-01
    9.3500000E+00    3.0000000E+01    2.1541138E+01    2.1681881E+01    5.6825516E+00    5.0187460E+00    4.0898288E-01
    9.4500000E+00    3.0000000E+01    2.1555225E+01    2.1743818E+01    5.7018135E+00    4.9757138E+00    4.0547814E-01
    9.5500000E+00    3.0000000E+01    2.1569317E+01    2.1805874E+01    5.7211189E+00    4.9326072E+00    4.0196730E-01
    9.6500000E+00    3.0000000E+01    2.1583413E+01    2.1868047E+01    5.7404678E+00    4.8894261E+00    3.9845036E-01
    9.7500000E+00    3.0000000E+01    2.1597513E+01    2.1930339E+01    5.7598604E+00    4.8461705E+00    3.9492733E-01
    9.8500000E+00    3.0000000E+01    2.1611617E+01    2.1992749E+01    5.7792965E+00    4.8028406E+00    3.9139820E-01
    9.9500000E+00    3.0000000E+01    2.1625725E+01    2.2055277E+01    5.7987764E+00    4.7594362E+00    3.8786297E-01
    1.0050000E+01    3.0000000E+01    2.1639836E+01    2.2117923E+01    5.8183000E+00    4.7159575E+00    3.8432165E-01
    1.0150000E+01    3.0000000E+01    2.1653950E+01    2.2180689E+01    5.8378674E+00    4.6724044E+00    3.8077424E-01
    1.0250000E+01    3.0000000E+01    2.1668068E+01    2.2243573E+01    5.8574787E+00    4.6287770E+00    3.7722073E-01
    1.0350000E+01    3.0000000E+01    2.1682189E+01    2.2306575E+01    5.8771338E+00    4.5850752E+00    3.7366114E-01
    1.0450000E+01    3.0000000E+01    2.1696312E+01    2.2369697E+01    5.8968329E+00    4.5412991E+00    3.7009546E-01
    1.0550000E+01    3.0000000E+01    2.1710438E+01    2.2432937E+01    5.9165760E+00    4.4974487E+00    3.6652369E-01
    1.0650000E+01    3.0000000E+01    2.1724566E+01    2.2496297E+01    5.9363631E+00    4.4535241E+00    3.6294585E-01
    1.0750000E+01    3.0000000E+01    2.1738696E+01    2.2559776E+01    5.9561943E+00    4.4095253E+00    3.5936191E-01
    1.0850000E+01    3.0000000E+01    2.1752827E+01    2.2623374E+01    5.9760696E+00    4.3654523E+00    3.5577191E-01
    1.0950000E+01    3.0000000E+01    2.1766960E+01    2.2687092E+01    5.9959892E+00    4.3213052E+00    3.5217582E-01
    1.1050000E+01    3.0000000E+01    2.1781094E+01    2.2750929E+01    6.0159529E+00    4.2770839E+00    3.4857366E-01
    1.1150000E+01    3.0000000E+01    2.1795229E+01    2.2814886E+01    6.0359610E+00    4.2327886E+00    3.4496543E-01
    1.1250000E+01    3.0000000E+01    2.1809365E+01    2.2878963E+01    6.0560133E+00    4.1884193E+00    3.4135114E-01
    1.1350000E+01    3.0000000E+01    2.1823501E+01    2.2943160E+01    6.0761101E+00    4.1439759E+00    3.3773078E-01
    1.1450000E+01    3.0000000E+01    2.1837637E+01    2.3007476E+01    6.0962513E+00    4.0994587E+00    3.3410437E-01
    1.1550000E+01    3.0000000E+01    2.1851773E+01    2.3071913E+01    6.1164370E+00    4.0548675E+00    3.3047190E-01
    1.1650000E+01    3.0000000E+01    2.1865908E+01    2.3136470E+01    6.1366672E+00    4.0102026E+00    3.2683337E-01
    1.1750000E+01    3.0000000E+01    2.1880043E+01    2.3201148E+01    6.1569419E+00    3.9654638E+00    3.2318881E-01
    1.1850000E+01    3.0000000E+01    2.1894176E+01    2.3265945E+01    6.1772614E+00    3.9206514E+00    3.1953819E-01
    1.1950000E+01    3.0000000E+01    2.1908308E+01    2.3330864E+01    6.1976254E+00    3.8757652E+00    3.1588154E-01
    1.2050000E+01    3.0000000E+01    2.1922439E+01    2.3395903E+01    6.2180342E+00    3.8308055E+00    3.1221886E-01
    1.2150000E+01    3.0000000E+01    2.1936567E+01    2.3461063E+01    6.2384878E+00    3.7857723E+00    3.0855016E-01
    1.2250000E+01    3.0000000E+01    2.1950693E+01    2.3526344E+01    6.2589862E+00    3.7406656E+00    3.0487543E-01
    1.2350000E+01    3.0000000E+01    2.1964816E+01    2.3591746E+01    6.2795295E+00    3.6954856E+00    3.0119468E-01
    1.2450000E+01    3.0000000E+01    2.1978936E+01    2.3657269E+01    6.3001177E+00    3.6502322E+00    2.9750792E-01
    1.2550000E+01    3.0000000E+01    2.1993052E+01    2.3722913E+01    6.3207509E+00    3.6049056E+00    2.9381517E-01
    1.2650000E+01    3.0000000E+01    2.2007165E+01    2.3788679E+01    6.3414291E+00    3.5595058E+00    2.9011641E-01
    1.2750000E+01    3.0000000E+01    2.2021273E+01    2.3854566E+01    6.3621524E+00    3.5140330E+00    2.8641166E-01
    1.2850000E+01    3.0000000E+01    2.2035377E+01    2.3920575E+01    6.3829208E+00    3.4684872E+00    2.8270093E-01
    1.2950000E+01    3.0000000E+01    2.2049476E+01    2.3986705E+01    6.4037343E+00    3.4228685E+00    2.7898422E-01
    1.3050000E+01    3.0000000E+01    2.2063570E+01    2.4052957E+01    6.4245931E+00    3.3771771E+00    2.7526155E-01
    1.3150000E+01    3.0000000E+01    2.2077658E+01    2.4119331E+01    6.4454971E+00    3.3314129E+00    2.7153291E-01
    1.3250000E+01    3.0000000E+01    2.2091740E+01    2.4185828E+01    6.4664465E+00    3.2855761E+00    2.6779832E-01
    1.3350000E+01    3.0000000E+01    2.2105815E+01    2.4252446E+01    6.4874412E+00    3.2396669E+00    2.6405778E-01
    1.3450000E+01    3.0000000E+01    2.2119883E+01    2.4319187E+01    6.5084813E+00    3.1936853E+00    2.6031131E-01
    1.3550000E+01    3.0000000E+01    2.2133944E+01    2.4386050E+01    6.5295669E+00    3.1476314E+00    2.5655891E-01
    1.3650000E+01    3.0000000E+01    2.2147997E+01    2.4453035E+01    6.5506980E+00    3.1015054E+00    2.5280060E-01
    1.3750000E+01    3.0000000E+01    2.2162041E+01    2.4520143E+01    6.5718747E+00    3.0553073E+00    2.4903637E-01
    1.3850000E+01    3.0000000E+01    2.2176077E+01    2.4587374E+01    6.5930970E+00    3.0090373E+00    2.4526625E-01
    1.3950000E+01    3.0000000E+01    2.2190104E+01    2.4654727E+01    6.6143649E+00    2.9626956E+00    2.4149023E-01
    1.4050000E+01    3.0000000E+01    2.2204121E+01    2.4722204E+01    6.6356785E+00    2.9162821E+00    2.3770834E-01
    1.4150000E+01    3.0000000E+01    2.2218127E+01    2.4789804E+01    6.6570379E+00    2.8697972E+00    2.3392058E-01
    1.4250000E+01    3.0000000E+01    2.2232123E+01    2.4857526E+01    6.6784431E+00    2.8232409E+00    2.3012697E-01
    1.4350000E+01    3.0000000E+01    2.2246108E+01    2.4925372E+01    6.6998942E+00    2.7766133E+00    2.2632751E-01
    1.4450000E+01    3.0000000E+01    2.2260081E+01    2.4993342E+01    6.7213912E+00    2.7299147E+00    2.2252221E-01
    1.4550000E+01    3.0000000E+01    2.2274042E+01    2.5061435E+01    6.7429341E+00    2.6831451E+00    2.1871109E-01
    1.4650000E+01    3.0000000E+01    2.2287990E+01    2.5129651E+01    6.7645230E+00    2.6363048E+00    2.1489417E-01
    1.4750000E+01    3.0000000E+01    2.2301925E+01    2.5197991E+01    6.7861580E+00    2.5893938E+00    2.1107145E-01
    1.4850000E+01    3.0000000E+01    2.2315846E+01    2.5266455E+01    6.8078391E+00    2.5424123E+00    2.0724294E-01
    1.4950000E+01    3.0000000E+01    2.2329752E+01    2.5335043E+01    6.8295663E+00    2.4953606E+00    2.0340867E-01
    1.5050000E+01    3.0000000E+01    2.2343644E+01    2.5403755E+01    6.8513397E+00    2.4482387E+00    1.9956864E-01
    1.5150000E+01    3.0000000E+01    2.2357520E+01    2.5472591E+01    6.8731594E+00    2.4010469E+00    1.9572287E-01
    1.5250000E+01    3.0000000E+01    2.2371379E+01    2.5541552E+01    6.8950254E+00    2.3537854E+00    1.9187137E-01
    1.5350000E+01    3.0000000E+01    2.2385222E+01    2.5610637E+01    6.9169377E+00    2.3064543E+00    1.8801416E-01
    1.5450000E+01    3.0000000E+01    2.2399047E+01    2.5679846E+01    6.9388964E+00    2.2590538E+00    1.8415126E-01
    1.5550000E+01    3.0000000E+01    2.2412854E+01    2.5749180E+01    6.9609015E+00    2.2115842E+00    1.8028268E-01
    1.5650000E+01    3.0000000E+01    2.2426643E+01    2.5818639E+01    6.9829532E+00    2.1640456E+00    1.7640843E-01
    1.5750000E+01    3.0000000E+01    2.2440412E+01    2.5888222E+01    7.0050514E+00    2.1164382E+00    1.7252854E-01
    1.5850000E+01    3.0000000E+01    2.2454160E+01    2.5957931E+01    7.0271962E+00    2.0687624E+00    1.6864301E-01
    1.5950000E+01    3.0000000E+01    2.2467888E+01    2.6027764E+01    7.0493876E+00    2.0210182E+00    1.6475188E-01
    1.6050000E+01    3.0000000E+01    2.2481595E+01    2.6097723E+01    7.0716257E+00    1.9732059E+00    1.6085516E-01
    1.6150000E+01    3.0000000E+01    2.2495279E+01    2.6167807E+01    7.0939106E+00    1.9253258E+00    1.5695286E-01
    1.6250000E+01    3.0000000E+01    2.2508940E+01    2.6238016E+01    7.1162422E+00    1.8773781E+00    1.5304500E-01
    1.6350000E+01    3.0000000E+01    2.2522578E+01    2.6308351E+01    7.1386207E+00    1.8293631E+00    1.4913162E-01
    1.6450000E+01    3.0000000E+01    2.2536191E+01    2.6378812E+01    7.1610461E+00    1.7812809E+00    1.4521272E-01
    1.6550000E+01    3.0000000E+01    2.2549778E+01    2.6449398E+01    7.1835184E+00    1.7331320E+00    1.4128833E-01
    1.6650000E+01    3.0000000E+01    2.2563340E+01    2.6520110E+01    7.2060377E+00    1.6849165E+00    1.3735846E-01
    1.6750000E+01    3.0000000E+01    2.2576874E+01    2.6590948E+01    7.2286040E+00    1.6366347E+00    1.3342316E-01
    1.6850000E+01    3.0000000E+01    2.2590381E+01    2.6661912E+01    7.2512174E+00    1.5882870E+00    1.2948242E-01
    1.6950000E+01    3.0000000E+01    2.2603859E+01    2.6733003E+01    7.2738779E+00    1.5398736E+00    1.2553629E-01
    1.7050000E+01    3.0000000E+01    2.2617307E+01    2.6804219E+01    7.2965856E+00    1.4913948E+00    1.2158478E-01
    1.7150000E+01    3.0000000E+01    2.2630725E+01    2.6875562E+01    7.3193406E+00    1.4428510E+00    1.1762793E-01
    1.7250000E+01    3.0000000E+01    2.2644112E+01    2.6947032E+01    7.3421428E+00    1.3942424E+00    1.1366575E-01
    1.7350000E+01    3.0000000E+01    2.2657466E+01    2.7018628E+01    7.3649924E+00    1.3455695E+00    1.0969827E-01
    1.7450000E+01    3.0000000E+01    2.2670786E+01    2.7090351E+01    7.3878893E+00    1.2968326E+00    1.0572553E-01
    1.7550000E+01    3.0000000E+01    2.2684072E+01    2.7162201E+01    7.4108337E+00    1.2480320E+00    1.0174755E-01
    1.7650000E+01    3.0000000E+01    2.2697323E+01    2.7234177E+01    7.4338255E+00    1.1991681E+00    9.7764364E-02
    1.7750000E+01    3.0000000E+01    2.2710536E+01    2.7306281E+01    7.4568649E+00    1.1502414E+00    9.3776002E-02
    1.7850000E+01    3.0000000E+01    2.2723712E+01    2.7378512E+01    7.4799518E+00    1.1012522E+00    8.9782499E-02
    1.7950000E+01    3.0000000E+01    2.2736849E+01    2.7450871E+01    7.5030864E+00    1.0522009E+00    8.5783888E-02
    1.8050000E+01    3.0000000E+01    2.2749946E+01    2.7523356E+01    7.5262686E+00    1.0030881E+00    8.1780207E-02
    1.8150000E+01    3.0000000E+01    2.2763002E+01    2.7595970E+01    7.5494985E+00    9.5391418E-01    7.7771492E-02
    1.8250000E+01    3.0000000E+01    2.2776014E+01    2.7668710E+01    7.5727763E+00    9.0467963E-01    7.3757784E-02
    1.8350000E+01    3.0000000E+01    2.2788982E+01    2.7741579E+01    7.5961018E+00    8.5538499E-01    6.9739125E-02
    1.8450000E+01    3.0000000E+01    2.2801905E+01    2.7814576E+01    7.6194752E+00    8.0603082E-01    6.5715560E-02
    1.8550000E+01    3.0000000E+01    2.2814780E+01    2.7887700E+01    7.6428966E+00    7.5661772E-01    6.1687138E-02
    1.8650000E+01    3.0000000E+01    2.2827607E+01    2.7960953E+01    7.6663658E+00    7.0714633E-01    5.7653911E-02
    1.8750000E+01    3.0000000E+01    2.2840382E+01    2.8034333E+01    7.6898832E+00    6.5761735E-01    5.3615933E-02
    1.8850000E+01    3.0000000E+01    2.2853105E+01    2.8107842E+01    7.7134485E+00    6.0803154E-01    4.9573268E-02
    1.8950000E+01    3.0000000E+01    2.2865773E+01    2.8181480E+01    7.7370620E+00    5.5838975E-01    4.5525984E-02
    1.9050000E+01    3.0000000E+01    2.2878383E+01    2.8255246E+01    7.7607237E+00    5.0869293E-01    4.1474157E-02
    1.9150000E+01    3.0000000E+01    2.2890933E+01    2.8329141E+01    7.7844335E+00    4.5894219E-01    3.7417877E-02
    1.9250000E+01    3.0000000E+01    2.2903420E+01    2.8403164E+01    7.8081917E+00    4.0913880E-01    3.3357248E-02
    1.9350000E+01    3.0000000E+01    2.2915840E+01    2.8477316E+01    7.8319981E+00    3.5928433E-01    2.9292396E-02
    1.9450000E+01    3.0000000E+01    2.2928188E+01    2.8551598E+01    7.8558529E+00    3.0938073E-01    2.5223479E-02
    1.9550000E+01    3.0000000E+01    2.2940458E+01    2.8626008E+01    7.8797561E+00    2.5943057E-01    2.1150705E-02
    1.9650000E+01    3.0000000E+01    2.2952641E+01    2.8700548E+01    7.9037078E+00    2.0943740E-01    1.7074364E-02
    1.9750000E+01    3.0000000E+01    2.2964725E+01    2.8775216E+01    7.9277080E+00    1.5940661E-01    1.2994894E-02
    1.9850000E+01    3.0000000E+01    2.2976688E+01    2.8850015E+01    7.9517567E+00    1.0934732E-01    8.9130334E-03
    1.9950000E+01    3.0000000E+01    2.2988486E+01    2.8924943E+01    7.9758540E+00    5.9277847E-02    4.8302763E-03
