# Time          3.5000E+00
# Units: Bars
    Distance        CO2(g)           O2(g)           
    5.0000000E-02    8.1122926E-03    1.4641955E-01
    1.5000000E-01    1.3555961E-02    2.4428198E-01
    2.5000000E-01    1.5678779E-02    2.8275380E-01
    3.5000000E-01    1.4488600E-02    2.6187346E-01
    4.5000000E-01    1.2455076E-02    2.2582596E-01
    5.5000000E-01    1.0999755E-02    2.0008326E-01
    6.5000000E-01    1.0268322E-02    1.8728141E-01
    7.5000000E-01    9.9717101E-03    1.8225975E-01
    8.5000000E-01    9.8637014E-03    1.8061476E-01
    9.5000000E-01    9.8215291E-03    1.8014944E-01
    1.0500000E+00    9.7987971E-03    1.8003323E-01
    1.1500000E+00    9.7810456E-03    1.8000721E-01
    1.2500000E+00    9.7643981E-03    1.8000195E-01
    1.3500000E+00    9.7479374E-03    1.8000101E-01
    1.4500000E+00    9.7314692E-03    1.8000089E-01
    1.5500000E+00    9.7149563E-03    1.8000091E-01
    1.6500000E+00    9.6983926E-03    1.8000096E-01
    1.7500000E+00    9.6817777E-03    1.8000101E-01
    1.8500000E+00    9.6651119E-03    1.8000107E-01
    1.9500000E+00    9.6483957E-03    1.8000112E-01
    2.0500000E+00    9.6316297E-03    1.8000117E-01
    2.1500000E+00    9.6148144E-03    1.8000123E-01
    2.2500000E+00    9.5979500E-03    1.8000128E-01
    2.3500000E+00    9.5810372E-03    1.8000133E-01
    2.4500000E+00    9.5640761E-03    1.8000139E-01
    2.5500000E+00    9.5470673E-03    1.8000144E-01
    2.6500000E+00    9.5300111E-03    1.8000150E-01
    2.7500000E+00    9.5129077E-03    1.8000155E-01
    2.8500000E+00    9.4957576E-03    1.8000161E-01
    2.9500000E+00    9.4785609E-03    1.8000166E-01
    3.0500000E+00    9.4613179E-03    1.8000172E-01
    3.1500000E+00    9.4440290E-03    1.8000177E-01
    3.2500000E+00    9.4266943E-03    1.8000183E-01
    3.3500000E+00    9.4093141E-03    1.8000188E-01
    3.4500000E+00    9.3918886E-03    1.8000194E-01
    3.5500000E+00    9.3744181E-03    1.8000199E-01
    3.6500000E+00    9.3569026E-03    1.8000205E-01
    3.7500000E+00    9.3393425E-03    1.8000210E-01
    3.8500000E+00    9.3217378E-03    1.8000216E-01
    3.9500000E+00    9.3040888E-03    1.8000222E-01
    4.0500000E+00    9.2863956E-03    1.8000227E-01
    4.1500000E+00    9.2686583E-03    1.8000233E-01
    4.2500000E+00    9.2508772E-03    1.8000239E-01
    4.3500000E+00    9.2330524E-03    1.8000244E-01
    4.4500000E+00    9.2151839E-03    1.8000250E-01
    4.5500000E+00    9.1972719E-03    1.8000256E-01
    4.6500000E+00    9.1793166E-03    1.8000261E-01
    4.7500000E+00    9.1613181E-03    1.8000267E-01
    4.8500000E+00    9.1432764E-03    1.8000273E-01
    4.9500000E+00    9.1251917E-03    1.8000279E-01
    5.0500000E+00    9.1070640E-03    1.8000284E-01
    5.1500000E+00    9.0888935E-03    1.8000290E-01
    5.2500000E+00    9.0706803E-03    1.8000296E-01
    5.3500000E+00    9.0524244E-03    1.8000302E-01
    5.4500000E+00    9.0341260E-03    1.8000307E-01
    5.5500000E+00    9.0157850E-03    1.8000313E-01
    5.6500000E+00    8.9974017E-03    1.8000319E-01
    5.7500000E+00    8.9789760E-03    1.8000325E-01
    5.8500000E+00    8.9605080E-03    1.8000331E-01
    5.9500000E+00    8.9419978E-03    1.8000337E-01
    6.0500000E+00    8.9234454E-03    1.8000343E-01
    6.1500000E+00    8.9048510E-03    1.8000349E-01
    6.2500000E+00    8.8862145E-03    1.8000355E-01
    6.3500000E+00    8.8675361E-03    1.8000361E-01
    6.4500000E+00    8.8488157E-03    1.8000366E-01
    6.5500000E+00    8.8300535E-03    1.8000372E-01
    6.6500000E+00    8.8112494E-03    1.8000378E-01
    6.7500000E+00    8.7924036E-03    1.8000384E-01
    6.8500000E+00    8.7735160E-03    1.8000390E-01
    6.9500000E+00    8.7545867E-03    1.8000396E-01
    7.0500000E+00    8.7356158E-03    1.8000403E-01
    7.1500000E+00    8.7166032E-03    1.8000409E-01
    7.2500000E+00    8.6975491E-03    1.8000415E-01
    7.3500000E+00    8.6784534E-03    1.8000421E-01
    7.4500000E+00    8.6593162E-03    1.8000427E-01
    7.5500000E+00    8.6401375E-03    1.8000433E-01
    7.6500000E+00    8.6209173E-03    1.8000439E-01
    7.7500000E+00    8.6016557E-03    1.8000445E-01
    7.8500000E+00    8.5823527E-03    1.8000451E-01
    7.9500000E+00    8.5630084E-03    1.8000457E-01
    8.0500000E+00    8.5436226E-03    1.8000464E-01
    8.1500000E+00    8.5241956E-03    1.8000470E-01
    8.2500000E+00    8.5047272E-03    1.8000476E-01
    8.3500000E+00    8.4852176E-03    1.8000482E-01
    8.4500000E+00    8.4656667E-03    1.8000488E-01
    8.5500000E+00    8.4460745E-03    1.8000495E-01
    8.6500000E+00    8.4264411E-03    1.8000501E-01
    8.7500000E+00    8.4067665E-03    1.8000507E-01
    8.8500000E+00    8.3870508E-03    1.8000513E-01
    8.9500000E+00    8.3672938E-03    1.8000520E-01
    9.0500000E+00    8.3474957E-03    1.8000526E-01
    9.1500000E+00    8.3276564E-03    1.8000532E-01
    9.2500000E+00    8.3077760E-03    1.8000539E-01
    9.3500000E+00    8.2878545E-03    1.8000545E-01
    9.4500000E+00    8.2678919E-03    1.8000551E-01
    9.5500000E+00    8.2478882E-03    1.8000558E-01
    9.6500000E+00    8.2278434E-03    1.8000564E-01
    9.7500000E+00    8.2077575E-03    1.8000571E-01
    9.8500000E+00    8.1876306E-03    1.8000577E-01
    9.9500000E+00    8.1674627E-03    1.8000583E-01
    1.0050000E+01    8.1472537E-03    1.8000590E-01
    1.0150000E+01    8.1270037E-03    1.8000596E-01
    1.0250000E+01    8.1067127E-03    1.8000603E-01
    1.0350000E+01    8.0863806E-03    1.8000609E-01
    1.0450000E+01    8.0660076E-03    1.8000616E-01
    1.0550000E+01    8.0455937E-03    1.8000622E-01
    1.0650000E+01    8.0251387E-03    1.8000629E-01
    1.0750000E+01    8.0046428E-03    1.8000635E-01
    1.0850000E+01    7.9841059E-03    1.8000642E-01
    1.0950000E+01    7.9635281E-03    1.8000648E-01
    1.1050000E+01    7.9429093E-03    1.8000655E-01
    1.1150000E+01    7.9222497E-03    1.8000662E-01
    1.1250000E+01    7.9015491E-03    1.8000668E-01
    1.1350000E+01    7.8808076E-03    1.8000675E-01
    1.1450000E+01    7.8600252E-03    1.8000681E-01
    1.1550000E+01    7.8392020E-03    1.8000688E-01
    1.1650000E+01    7.8183378E-03    1.8000695E-01
    1.1750000E+01    7.7974329E-03    1.8000701E-01
    1.1850000E+01    7.7764870E-03    1.8000708E-01
    1.1950000E+01    7.7555003E-03    1.8000715E-01
    1.2050000E+01    7.7344728E-03    1.8000721E-01
    1.2150000E+01    7.7134045E-03    1.8000728E-01
    1.2250000E+01    7.6922954E-03    1.8000735E-01
    1.2350000E+01    7.6711455E-03    1.8000742E-01
    1.2450000E+01    7.6499548E-03    1.8000748E-01
    1.2550000E+01    7.6287233E-03    1.8000755E-01
    1.2650000E+01    7.6074511E-03    1.8000762E-01
    1.2750000E+01    7.5861382E-03    1.8000769E-01
    1.2850000E+01    7.5647845E-03    1.8000776E-01
    1.2950000E+01    7.5433902E-03    1.8000782E-01
    1.3050000E+01    7.5219551E-03    1.8000789E-01
    1.3150000E+01    7.5004794E-03    1.8000796E-01
    1.3250000E+01    7.4789630E-03    1.8000803E-01
    1.3350000E+01    7.4574060E-03    1.8000810E-01
    1.3450000E+01    7.4358083E-03    1.8000817E-01
    1.3550000E+01    7.4141700E-03    1.8000824E-01
    1.3650000E+01    7.3924912E-03    1.8000830E-01
    1.3750000E+01    7.3707718E-03    1.8000837E-01
    1.3850000E+01    7.3490119E-03    1.8000844E-01
    1.3950000E+01    7.3272114E-03    1.8000851E-01
    1.4050000E+01    7.3053705E-03    1.8000858E-01
    1.4150000E+01    7.2834891E-03    1.8000865E-01
    1.4250000E+01    7.2615672E-03    1.8000872E-01
    1.4350000E+01    7.2396049E-03    1.8000879E-01
    1.4450000E+01    7.2176023E-03    1.8000886E-01
    1.4550000E+01    7.1955592E-03    1.8000893E-01
    1.4650000E+01    7.1734758E-03    1.8000900E-01
    1.4750000E+01    7.1513522E-03    1.8000907E-01
    1.4850000E+01    7.1291882E-03    1.8000915E-01
    1.4950000E+01    7.1069840E-03    1.8000922E-01
    1.5050000E+01    7.0847396E-03    1.8000929E-01
    1.5150000E+01    7.0624550E-03    1.8000936E-01
    1.5250000E+01    7.0401303E-03    1.8000943E-01
    1.5350000E+01    7.0177655E-03    1.8000950E-01
    1.5450000E+01    6.9953606E-03    1.8000957E-01
    1.5550000E+01    6.9729157E-03    1.8000964E-01
    1.5650000E+01    6.9504309E-03    1.8000972E-01
    1.5750000E+01    6.9279061E-03    1.8000979E-01
    1.5850000E+01    6.9053414E-03    1.8000986E-01
    1.5950000E+01    6.8827368E-03    1.8000993E-01
    1.6050000E+01    6.8600925E-03    1.8001000E-01
    1.6150000E+01    6.8374084E-03    1.8001008E-01
    1.6250000E+01    6.8146846E-03    1.8001015E-01
    1.6350000E+01    6.7919212E-03    1.8001022E-01
    1.6450000E+01    6.7691182E-03    1.8001030E-01
    1.6550000E+01    6.7462757E-03    1.8001037E-01
    1.6650000E+01    6.7233937E-03    1.8001044E-01
    1.6750000E+01    6.7004723E-03    1.8001051E-01
    1.6850000E+01    6.6775116E-03    1.8001059E-01
    1.6950000E+01    6.6545116E-03    1.8001066E-01
    1.7050000E+01    6.6314725E-03    1.8001074E-01
    1.7150000E+01    6.6083942E-03    1.8001081E-01
    1.7250000E+01    6.5852768E-03    1.8001088E-01
    1.7350000E+01    6.5621205E-03    1.8001096E-01
    1.7450000E+01    6.5389253E-03    1.8001103E-01
    1.7550000E+01    6.5156913E-03    1.8001111E-01
    1.7650000E+01    6.4924186E-03    1.8001118E-01
    1.7750000E+01    6.4691073E-03    1.8001125E-01
    1.7850000E+01    6.4457575E-03    1.8001133E-01
    1.7950000E+01    6.4223693E-03    1.8001140E-01
    1.8050000E+01    6.3989428E-03    1.8001148E-01
    1.8150000E+01    6.3754781E-03    1.8001155E-01
    1.8250000E+01    6.3519754E-03    1.8001163E-01
    1.8350000E+01    6.3284348E-03    1.8001171E-01
    1.8450000E+01    6.3048565E-03    1.8001178E-01
    1.8550000E+01    6.2812406E-03    1.8001186E-01
    1.8650000E+01    6.2575872E-03    1.8001193E-01
    1.8750000E+01    6.2338967E-03    1.8001201E-01
    1.8850000E+01    6.2101692E-03    1.8001208E-01
    1.8950000E+01    6.1864049E-03    1.8001216E-01
    1.9050000E+01    6.1626043E-03    1.8001224E-01
    1.9150000E+01    6.1387676E-03    1.8001231E-01
    1.9250000E+01    6.1148952E-03    1.8001239E-01
    1.9350000E+01    6.0909878E-03    1.8001247E-01
    1.9450000E+01    6.0670461E-03    1.8001254E-01
    1.9550000E+01    6.0430706E-03    1.8001260E-01
    1.9650000E+01    6.0190320E-03    1.8001171E-01
    1.9750000E+01    5.9936150E-03    1.7997015E-01
    1.9850000E+01    5.9403322E-03    1.7909019E-01
    1.9950000E+01    8.6765891E-03    2.6279747E-01
