# Time          3.5000E+00
# Units: Mol/m**3 Porous Medium/s
    Distance           Quartz           K-Feldspar_Li    Oligoclase_Li    Biotite_Li       Kaolinite_Li7    Kaolinite_Li6
    5.0000000E-02   -2.7383162E-14   -4.0117069E-11   -1.6226741E-10   -3.2554254E-11    9.9847817E-11    8.2471113E-12
    1.5000000E-01   -9.3573339E-15   -4.0131251E-11   -1.6260343E-10   -3.2635720E-11    1.2056816E-10    9.9456861E-12
    2.5000000E-01   -7.7019140E-16   -4.0145844E-11   -1.6294015E-10   -3.2717374E-11    1.1741442E-10    9.6737058E-12
    3.5000000E-01   -2.1211088E-15   -4.0163649E-11   -1.6327754E-10   -3.2799206E-11    1.1708890E-10    9.6311066E-12
    4.5000000E-01   -6.2685512E-15   -4.0182318E-11   -1.6361556E-10   -3.2881207E-11    1.1730376E-10    9.6299186E-12
    5.5000000E-01   -8.9356966E-15   -4.0200406E-11   -1.6395418E-10   -3.2963370E-11    1.1757926E-10    9.6346985E-12
    6.5000000E-01   -9.5797634E-15   -4.0217934E-11   -1.6429337E-10   -3.3045688E-11    1.1786481E-10    9.6444628E-12
    7.5000000E-01   -8.9837265E-15   -4.0235160E-11   -1.6463310E-10   -3.3128155E-11    1.1810828E-10    9.6547699E-12
    8.5000000E-01   -7.8433188E-15   -4.0252251E-11   -1.6497335E-10   -3.3210764E-11    1.1831730E-10    9.6647035E-12
    9.5000000E-01   -6.5099737E-15   -4.0269287E-11   -1.6531410E-10   -3.3293511E-11    1.1851400E-10    9.6749488E-12
    1.0500000E+00   -5.1173937E-15   -4.0286299E-11   -1.6565533E-10   -3.3376391E-11    1.1870905E-10    9.6858514E-12
    1.1500000E+00   -3.7074305E-15   -4.0303293E-11   -1.6599702E-10   -3.3459401E-11    1.1890571E-10    9.6974626E-12
    1.2500000E+00   -2.2913476E-15   -4.0320272E-11   -1.6633916E-10   -3.3542537E-11    1.1910463E-10    9.7097375E-12
    1.3500000E+00   -8.7182578E-16   -4.0337235E-11   -1.6668173E-10   -3.3625795E-11    1.1930577E-10    9.7226129E-12
    1.4500000E+00    0.0000000E+00   -4.0354178E-11   -1.6702472E-10   -3.3709174E-11    1.1950893E-10    9.7360274E-12
    1.5500000E+00    0.0000000E+00   -4.0371100E-11   -1.6736813E-10   -3.3792670E-11    1.1971392E-10    9.7499255E-12
    1.6500000E+00    0.0000000E+00   -4.0387999E-11   -1.6771195E-10   -3.3876283E-11    1.1992056E-10    9.7642578E-12
    1.7500000E+00    0.0000000E+00   -4.0404874E-11   -1.6805616E-10   -3.3960009E-11    1.2012869E-10    9.7789804E-12
    1.8500000E+00    0.0000000E+00   -4.0421720E-11   -1.6840076E-10   -3.4043847E-11    1.2033817E-10    9.7940542E-12
    1.9500000E+00    0.0000000E+00   -4.0438538E-11   -1.6874574E-10   -3.4127796E-11    1.2054890E-10    9.8094446E-12
    2.0500000E+00    0.0000000E+00   -4.0455324E-11   -1.6909111E-10   -3.4211856E-11    1.2076076E-10    9.8251206E-12
    2.1500000E+00    0.0000000E+00   -4.0472076E-11   -1.6943685E-10   -3.4296024E-11    1.2097366E-10    9.8410545E-12
    2.2500000E+00    0.0000000E+00   -4.0488791E-11   -1.6978296E-10   -3.4380299E-11    1.2118752E-10    9.8572217E-12
    2.3500000E+00    0.0000000E+00   -4.0505469E-11   -1.7012945E-10   -3.4464683E-11    1.2140227E-10    9.8736002E-12
    2.4500000E+00    0.0000000E+00   -4.0522106E-11   -1.7047630E-10   -3.4549173E-11    1.2161784E-10    9.8901703E-12
    2.5500000E+00    0.0000000E+00   -4.0538699E-11   -1.7082351E-10   -3.4633769E-11    1.2183417E-10    9.9069144E-12
    2.6500000E+00    0.0000000E+00   -4.0555248E-11   -1.7117108E-10   -3.4718470E-11    1.2205122E-10    9.9238168E-12
    2.7500000E+00    0.0000000E+00   -4.0571748E-11   -1.7151902E-10   -3.4803277E-11    1.2226894E-10    9.9408633E-12
    2.8500000E+00    0.0000000E+00   -4.0588198E-11   -1.7186732E-10   -3.4888189E-11    1.2248729E-10    9.9580412E-12
    2.9500000E+00    0.0000000E+00   -4.0604595E-11   -1.7221597E-10   -3.4973206E-11    1.2270623E-10    9.9753393E-12
    3.0500000E+00    0.0000000E+00   -4.0620936E-11   -1.7256499E-10   -3.5058327E-11    1.2292573E-10    9.9927472E-12
    3.1500000E+00    0.0000000E+00   -4.0637219E-11   -1.7291435E-10   -3.5143552E-11    1.2314575E-10    1.0010256E-11
    3.2500000E+00    0.0000000E+00   -4.0653441E-11   -1.7326408E-10   -3.5228882E-11    1.2336627E-10    1.0027857E-11
    3.3500000E+00    0.0000000E+00   -4.0669599E-11   -1.7361416E-10   -3.5314316E-11    1.2358726E-10    1.0045544E-11
    3.4500000E+00    0.0000000E+00   -4.0685690E-11   -1.7396460E-10   -3.5399854E-11    1.2380871E-10    1.0063308E-11
    3.5500000E+00    0.0000000E+00   -4.0701711E-11   -1.7431539E-10   -3.5485495E-11    1.2403058E-10    1.0081146E-11
    3.6500000E+00    0.0000000E+00   -4.0717659E-11   -1.7466654E-10   -3.5571241E-11    1.2425287E-10    1.0099050E-11
    3.7500000E+00    0.0000000E+00   -4.0733531E-11   -1.7501804E-10   -3.5657090E-11    1.2447555E-10    1.0117016E-11
    3.8500000E+00    0.0000000E+00   -4.0749324E-11   -1.7536989E-10   -3.5743043E-11    1.2469860E-10    1.0135040E-11
    3.9500000E+00    0.0000000E+00   -4.0765034E-11   -1.7572210E-10   -3.5829100E-11    1.2492202E-10    1.0153118E-11
    4.0500000E+00    0.0000000E+00   -4.0780659E-11   -1.7607466E-10   -3.5915260E-11    1.2514579E-10    1.0171246E-11
    4.1500000E+00    0.0000000E+00   -4.0796194E-11   -1.7642758E-10   -3.6001524E-11    1.2536989E-10    1.0189420E-11
    4.2500000E+00    0.0000000E+00   -4.0811636E-11   -1.7678085E-10   -3.6087892E-11    1.2559431E-10    1.0207639E-11
    4.3500000E+00    0.0000000E+00   -4.0826982E-11   -1.7713448E-10   -3.6174363E-11    1.2581904E-10    1.0225898E-11
    4.4500000E+00    0.0000000E+00   -4.0842228E-11   -1.7748845E-10   -3.6260938E-11    1.2604408E-10    1.0244197E-11
    4.5500000E+00    0.0000000E+00   -4.0857369E-11   -1.7784279E-10   -3.6347616E-11    1.2626941E-10    1.0262531E-11
    4.6500000E+00    0.0000000E+00   -4.0872403E-11   -1.7819747E-10   -3.6434398E-11    1.2649501E-10    1.0280900E-11
    4.7500000E+00    0.0000000E+00   -4.0887325E-11   -1.7855251E-10   -3.6521284E-11    1.2672089E-10    1.0299302E-11
    4.8500000E+00    0.0000000E+00   -4.0902131E-11   -1.7890790E-10   -3.6608273E-11    1.2694704E-10    1.0317734E-11
    4.9500000E+00    0.0000000E+00   -4.0916816E-11   -1.7926365E-10   -3.6695366E-11    1.2717344E-10    1.0336195E-11
    5.0500000E+00    0.0000000E+00   -4.0931378E-11   -1.7961975E-10   -3.6782562E-11    1.2740010E-10    1.0354685E-11
    5.1500000E+00    0.0000000E+00   -4.0945810E-11   -1.7997620E-10   -3.6869862E-11    1.2762699E-10    1.0373200E-11
    5.2500000E+00    0.0000000E+00   -4.0960109E-11   -1.8033301E-10   -3.6957266E-11    1.2785412E-10    1.0391741E-11
    5.3500000E+00    0.0000000E+00   -4.0974271E-11   -1.8069017E-10   -3.7044773E-11    1.2808148E-10    1.0410307E-11
    5.4500000E+00    0.0000000E+00   -4.0988289E-11   -1.8104769E-10   -3.7132384E-11    1.2830907E-10    1.0428895E-11
    5.5500000E+00    0.0000000E+00   -4.1002160E-11   -1.8140555E-10   -3.7220098E-11    1.2853687E-10    1.0447505E-11
    5.6500000E+00    0.0000000E+00   -4.1015879E-11   -1.8176378E-10   -3.7307916E-11    1.2876488E-10    1.0466137E-11
    5.7500000E+00    0.0000000E+00   -4.1029440E-11   -1.8212235E-10   -3.7395837E-11    1.2899310E-10    1.0484788E-11
    5.8500000E+00    0.0000000E+00   -4.1042839E-11   -1.8248128E-10   -3.7483862E-11    1.2922152E-10    1.0503460E-11
    5.9500000E+00    0.0000000E+00   -4.1056070E-11   -1.8284056E-10   -3.7571990E-11    1.2945013E-10    1.0522150E-11
    6.0500000E+00    0.0000000E+00   -4.1069127E-11   -1.8320020E-10   -3.7660222E-11    1.2967893E-10    1.0540858E-11
    6.1500000E+00    0.0000000E+00   -4.1082006E-11   -1.8356019E-10   -3.7748558E-11    1.2990792E-10    1.0559584E-11
    6.2500000E+00    0.0000000E+00   -4.1094700E-11   -1.8392053E-10   -3.7836997E-11    1.3013708E-10    1.0578327E-11
    6.3500000E+00    0.0000000E+00   -4.1107204E-11   -1.8428123E-10   -3.7925540E-11    1.3036643E-10    1.0597086E-11
    6.4500000E+00    0.0000000E+00   -4.1119511E-11   -1.8464228E-10   -3.8014186E-11    1.3059594E-10    1.0615860E-11
    6.5500000E+00    0.0000000E+00   -4.1131616E-11   -1.8500368E-10   -3.8102936E-11    1.3082561E-10    1.0634650E-11
    6.6500000E+00    0.0000000E+00   -4.1143513E-11   -1.8536544E-10   -3.8191790E-11    1.3105545E-10    1.0653454E-11
    6.7500000E+00    0.0000000E+00   -4.1155194E-11   -1.8572755E-10   -3.8280747E-11    1.3128545E-10    1.0672273E-11
    6.8500000E+00    0.0000000E+00   -4.1166654E-11   -1.8609001E-10   -3.8369807E-11    1.3151559E-10    1.0691105E-11
    6.9500000E+00    0.0000000E+00   -4.1177887E-11   -1.8645283E-10   -3.8458972E-11    1.3174588E-10    1.0709950E-11
    7.0500000E+00    0.0000000E+00   -4.1188884E-11   -1.8681600E-10   -3.8548239E-11    1.3197632E-10    1.0728808E-11
    7.1500000E+00    0.0000000E+00   -4.1199640E-11   -1.8717953E-10   -3.8637611E-11    1.3220689E-10    1.0747678E-11
    7.2500000E+00    0.0000000E+00   -4.1210147E-11   -1.8754340E-10   -3.8727086E-11    1.3243760E-10    1.0766560E-11
    7.3500000E+00    0.0000000E+00   -4.1220397E-11   -1.8790764E-10   -3.8816664E-11    1.3266844E-10    1.0785453E-11
    7.4500000E+00    0.0000000E+00   -4.1230384E-11   -1.8827222E-10   -3.8906346E-11    1.3289940E-10    1.0804357E-11
    7.5500000E+00    0.0000000E+00   -4.1240100E-11   -1.8863716E-10   -3.8996132E-11    1.3313048E-10    1.0823272E-11
    7.6500000E+00    0.0000000E+00   -4.1249537E-11   -1.8900245E-10   -3.9086021E-11    1.3336167E-10    1.0842197E-11
    7.7500000E+00    0.0000000E+00   -4.1258688E-11   -1.8936810E-10   -3.9176014E-11    1.3359298E-10    1.0861131E-11
    7.8500000E+00    0.0000000E+00   -4.1267543E-11   -1.8973410E-10   -3.9266110E-11    1.3382439E-10    1.0880075E-11
    7.9500000E+00    0.0000000E+00   -4.1276095E-11   -1.9010045E-10   -3.9356310E-11    1.3405591E-10    1.0899027E-11
    8.0500000E+00    0.0000000E+00   -4.1284336E-11   -1.9046716E-10   -3.9446613E-11    1.3428752E-10    1.0917989E-11
    8.1500000E+00    0.0000000E+00   -4.1292256E-11   -1.9083422E-10   -3.9537020E-11    1.3451923E-10    1.0936958E-11
    8.2500000E+00    0.0000000E+00   -4.1299847E-11   -1.9120163E-10   -3.9627531E-11    1.3475102E-10    1.0955935E-11
    8.3500000E+00    0.0000000E+00   -4.1307100E-11   -1.9156940E-10   -3.9718145E-11    1.3498289E-10    1.0974919E-11
    8.4500000E+00    0.0000000E+00   -4.1314005E-11   -1.9193752E-10   -3.9808863E-11    1.3521484E-10    1.0993909E-11
    8.5500000E+00    0.0000000E+00   -4.1320554E-11   -1.9230600E-10   -3.9899684E-11    1.3544687E-10    1.1012907E-11
    8.6500000E+00    0.0000000E+00   -4.1326736E-11   -1.9267482E-10   -3.9990609E-11    1.3567896E-10    1.1031910E-11
    8.7500000E+00    0.0000000E+00   -4.1332542E-11   -1.9304401E-10   -4.0081637E-11    1.3591112E-10    1.1050919E-11
    8.8500000E+00    0.0000000E+00   -4.1337961E-11   -1.9341354E-10   -4.0172769E-11    1.3614333E-10    1.1069933E-11
    8.9500000E+00    0.0000000E+00   -4.1342984E-11   -1.9378343E-10   -4.0264005E-11    1.3637560E-10    1.1088952E-11
    9.0500000E+00    0.0000000E+00   -4.1347600E-11   -1.9415367E-10   -4.0355344E-11    1.3660791E-10    1.1107975E-11
    9.1500000E+00    0.0000000E+00   -4.1351798E-11   -1.9452427E-10   -4.0446787E-11    1.3684026E-10    1.1127001E-11
    9.2500000E+00    0.0000000E+00   -4.1355567E-11   -1.9489522E-10   -4.0538333E-11    1.3707265E-10    1.1146032E-11
    9.3500000E+00    0.0000000E+00   -4.1358896E-11   -1.9526652E-10   -4.0629983E-11    1.3730508E-10    1.1165065E-11
    9.4500000E+00    0.0000000E+00   -4.1361774E-11   -1.9563817E-10   -4.0721737E-11    1.3753752E-10    1.1184100E-11
    9.5500000E+00    0.0000000E+00   -4.1364189E-11   -1.9601018E-10   -4.0813594E-11    1.3776999E-10    1.1203138E-11
    9.6500000E+00    0.0000000E+00   -4.1366128E-11   -1.9638255E-10   -4.0905554E-11    1.3800247E-10    1.1222177E-11
    9.7500000E+00    0.0000000E+00   -4.1367581E-11   -1.9675526E-10   -4.0997618E-11    1.3823495E-10    1.1241218E-11
    9.8500000E+00    0.0000000E+00   -4.1368534E-11   -1.9712833E-10   -4.1089786E-11    1.3846744E-10    1.1260258E-11
    9.9500000E+00    0.0000000E+00   -4.1368974E-11   -1.9750176E-10   -4.1182057E-11    1.3869993E-10    1.1279299E-11
    1.0050000E+01    0.0000000E+00   -4.1368889E-11   -1.9787554E-10   -4.1274432E-11    1.3893240E-10    1.1298340E-11
    1.0150000E+01    0.0000000E+00   -4.1368266E-11   -1.9824967E-10   -4.1366911E-11    1.3916486E-10    1.1317379E-11
    1.0250000E+01    0.0000000E+00   -4.1367091E-11   -1.9862415E-10   -4.1459493E-11    1.3939729E-10    1.1336417E-11
    1.0350000E+01    0.0000000E+00   -4.1365350E-11   -1.9899899E-10   -4.1552178E-11    1.3962969E-10    1.1355454E-11
    1.0450000E+01    0.0000000E+00   -4.1363029E-11   -1.9937418E-10   -4.1644967E-11    1.3986205E-10    1.1374487E-11
    1.0550000E+01    0.0000000E+00   -4.1360114E-11   -1.9974972E-10   -4.1737860E-11    1.4009437E-10    1.1393518E-11
    1.0650000E+01    0.0000000E+00   -4.1356589E-11   -2.0012562E-10   -4.1830856E-11    1.4032664E-10    1.1412544E-11
    1.0750000E+01    0.0000000E+00   -4.1352441E-11   -2.0050187E-10   -4.1923956E-11    1.4055885E-10    1.1431567E-11
    1.0850000E+01    0.0000000E+00   -4.1347653E-11   -2.0087848E-10   -4.2017160E-11    1.4079100E-10    1.1450585E-11
    1.0950000E+01    0.0000000E+00   -4.1342211E-11   -2.0125544E-10   -4.2110467E-11    1.4102307E-10    1.1469597E-11
    1.1050000E+01    0.0000000E+00   -4.1336097E-11   -2.0163275E-10   -4.2203877E-11    1.4125506E-10    1.1488603E-11
    1.1150000E+01    0.0000000E+00   -4.1329296E-11   -2.0201042E-10   -4.2297391E-11    1.4148697E-10    1.1507603E-11
    1.1250000E+01    0.0000000E+00   -4.1321791E-11   -2.0238843E-10   -4.2391009E-11    1.4171878E-10    1.1526595E-11
    1.1350000E+01    0.0000000E+00   -4.1313565E-11   -2.0276681E-10   -4.2484730E-11    1.4195048E-10    1.1545580E-11
    1.1450000E+01    0.0000000E+00   -4.1304601E-11   -2.0314553E-10   -4.2578555E-11    1.4218207E-10    1.1564556E-11
    1.1550000E+01    0.0000000E+00   -4.1294881E-11   -2.0352461E-10   -4.2672484E-11    1.4241354E-10    1.1583523E-11
    1.1650000E+01    0.0000000E+00   -4.1284387E-11   -2.0390405E-10   -4.2766516E-11    1.4264488E-10    1.1602479E-11
    1.1750000E+01    0.0000000E+00   -4.1273100E-11   -2.0428383E-10   -4.2860651E-11    1.4287609E-10    1.1621426E-11
    1.1850000E+01    0.0000000E+00   -4.1261001E-11   -2.0466397E-10   -4.2954891E-11    1.4310715E-10    1.1640360E-11
    1.1950000E+01    0.0000000E+00   -4.1248072E-11   -2.0504447E-10   -4.3049233E-11    1.4333805E-10    1.1659283E-11
    1.2050000E+01    0.0000000E+00   -4.1234292E-11   -2.0542531E-10   -4.3143680E-11    1.4356878E-10    1.1678193E-11
    1.2150000E+01    0.0000000E+00   -4.1219642E-11   -2.0580651E-10   -4.3238229E-11    1.4379935E-10    1.1697090E-11
    1.2250000E+01    0.0000000E+00   -4.1204101E-11   -2.0618807E-10   -4.3332883E-11    1.4402972E-10    1.1715972E-11
    1.2350000E+01    0.0000000E+00   -4.1187648E-11   -2.0656997E-10   -4.3427640E-11    1.4425991E-10    1.1734839E-11
    1.2450000E+01    0.0000000E+00   -4.1170261E-11   -2.0695223E-10   -4.3522501E-11    1.4448989E-10    1.1753690E-11
    1.2550000E+01    0.0000000E+00   -4.1151919E-11   -2.0733485E-10   -4.3617465E-11    1.4471965E-10    1.1772525E-11
    1.2650000E+01    0.0000000E+00   -4.1132600E-11   -2.0771782E-10   -4.3712532E-11    1.4494920E-10    1.1791342E-11
    1.2750000E+01    0.0000000E+00   -4.1112281E-11   -2.0810114E-10   -4.3807704E-11    1.4517850E-10    1.1810140E-11
    1.2850000E+01    0.0000000E+00   -4.1090937E-11   -2.0848481E-10   -4.3902979E-11    1.4540756E-10    1.1828919E-11
    1.2950000E+01    0.0000000E+00   -4.1068547E-11   -2.0886884E-10   -4.3998357E-11    1.4563637E-10    1.1847678E-11
    1.3050000E+01    0.0000000E+00   -4.1045085E-11   -2.0925322E-10   -4.4093839E-11    1.4586490E-10    1.1866417E-11
    1.3150000E+01    0.0000000E+00   -4.1020527E-11   -2.0963795E-10   -4.4189425E-11    1.4609316E-10    1.1885133E-11
    1.3250000E+01    0.0000000E+00   -4.0994847E-11   -2.1002304E-10   -4.4285114E-11    1.4632112E-10    1.1903826E-11
    1.3350000E+01    0.0000000E+00   -4.0968019E-11   -2.1040848E-10   -4.4380907E-11    1.4654878E-10    1.1922495E-11
    1.3450000E+01    0.0000000E+00   -4.0940018E-11   -2.1079428E-10   -4.4476803E-11    1.4677613E-10    1.1941139E-11
    1.3550000E+01    0.0000000E+00   -4.0910815E-11   -2.1118043E-10   -4.4572803E-11    1.4700314E-10    1.1959758E-11
    1.3650000E+01    0.0000000E+00   -4.0880384E-11   -2.1156693E-10   -4.4668906E-11    1.4722982E-10    1.1978349E-11
    1.3750000E+01    0.0000000E+00   -4.0848696E-11   -2.1195378E-10   -4.4765113E-11    1.4745613E-10    1.1996913E-11
    1.3850000E+01    0.0000000E+00   -4.0815723E-11   -2.1234099E-10   -4.4861424E-11    1.4768208E-10    1.2015447E-11
    1.3950000E+01    0.0000000E+00   -4.0781434E-11   -2.1272855E-10   -4.4957838E-11    1.4790765E-10    1.2033951E-11
    1.4050000E+01    0.0000000E+00   -4.0745801E-11   -2.1311647E-10   -4.5054356E-11    1.4813283E-10    1.2052424E-11
    1.4150000E+01    0.0000000E+00   -4.0708791E-11   -2.1350474E-10   -4.5150977E-11    1.4835759E-10    1.2070865E-11
    1.4250000E+01    0.0000000E+00   -4.0670374E-11   -2.1389336E-10   -4.5247702E-11    1.4858193E-10    1.2089272E-11
    1.4350000E+01    0.0000000E+00   -4.0630517E-11   -2.1428233E-10   -4.5344531E-11    1.4880582E-10    1.2107644E-11
    1.4450000E+01    0.0000000E+00   -4.0589187E-11   -2.1467166E-10   -4.5441463E-11    1.4902927E-10    1.2125980E-11
    1.4550000E+01    0.0000000E+00   -4.0546350E-11   -2.1506134E-10   -4.5538498E-11    1.4925224E-10    1.2144279E-11
    1.4650000E+01    0.0000000E+00   -4.0501973E-11   -2.1545138E-10   -4.5635638E-11    1.4947472E-10    1.2162539E-11
    1.4750000E+01    0.0000000E+00   -4.0456019E-11   -2.1584177E-10   -4.5732880E-11    1.4969670E-10    1.2180760E-11
    1.4850000E+01    0.0000000E+00   -4.0408453E-11   -2.1623251E-10   -4.5830227E-11    1.4991816E-10    1.2198939E-11
    1.4950000E+01    0.0000000E+00   -4.0359236E-11   -2.1662360E-10   -4.5927677E-11    1.5013909E-10    1.2217075E-11
    1.5050000E+01    0.0000000E+00   -4.0308332E-11   -2.1701505E-10   -4.6025230E-11    1.5035945E-10    1.2235167E-11
    1.5150000E+01    0.0000000E+00   -4.0255701E-11   -2.1740685E-10   -4.6122887E-11    1.5057925E-10    1.2253214E-11
    1.5250000E+01    0.0000000E+00   -4.0201302E-11   -2.1779901E-10   -4.6220648E-11    1.5079845E-10    1.2271214E-11
    1.5350000E+01    0.0000000E+00   -4.0145096E-11   -2.1819152E-10   -4.6318512E-11    1.5101704E-10    1.2289165E-11
    1.5450000E+01    0.0000000E+00   -4.0087039E-11   -2.1858438E-10   -4.6416480E-11    1.5123500E-10    1.2307067E-11
    1.5550000E+01    0.0000000E+00   -4.0027089E-11   -2.1897759E-10   -4.6514551E-11    1.5145231E-10    1.2324916E-11
    1.5650000E+01    0.0000000E+00   -3.9965200E-11   -2.1937116E-10   -4.6612726E-11    1.5166895E-10    1.2342712E-11
    1.5750000E+01    0.0000000E+00   -3.9901327E-11   -2.1976508E-10   -4.6711005E-11    1.5188489E-10    1.2360453E-11
    1.5850000E+01    0.0000000E+00   -3.9835422E-11   -2.2015935E-10   -4.6809387E-11    1.5210012E-10    1.2378137E-11
    1.5950000E+01    0.0000000E+00   -3.9767437E-11   -2.2055398E-10   -4.6907872E-11    1.5231461E-10    1.2395762E-11
    1.6050000E+01    0.0000000E+00   -3.9697322E-11   -2.2094896E-10   -4.7006462E-11    1.5252834E-10    1.2413327E-11
    1.6150000E+01    0.0000000E+00   -3.9625024E-11   -2.2134430E-10   -4.7105154E-11    1.5274129E-10    1.2430829E-11
    1.6250000E+01    0.0000000E+00   -3.9550490E-11   -2.2173998E-10   -4.7203951E-11    1.5295342E-10    1.2448267E-11
    1.6350000E+01    0.0000000E+00   -3.9473664E-11   -2.2213602E-10   -4.7302851E-11    1.5316472E-10    1.2465638E-11
    1.6450000E+01    0.0000000E+00   -3.9394488E-11   -2.2253242E-10   -4.7401854E-11    1.5337516E-10    1.2482941E-11
    1.6550000E+01    0.0000000E+00   -3.9312903E-11   -2.2292917E-10   -4.7500961E-11    1.5358470E-10    1.2500172E-11
    1.6650000E+01    0.0000000E+00   -3.9228847E-11   -2.2332627E-10   -4.7600172E-11    1.5379333E-10    1.2517330E-11
    1.6750000E+01    0.0000000E+00   -3.9142253E-11   -2.2372372E-10   -4.7699486E-11    1.5400100E-10    1.2534413E-11
    1.6850000E+01    0.0000000E+00   -3.9053054E-11   -2.2412152E-10   -4.7798904E-11    1.5420770E-10    1.2551417E-11
    1.6950000E+01    0.0000000E+00   -3.8961178E-11   -2.2451968E-10   -4.7898426E-11    1.5441338E-10    1.2568340E-11
    1.7050000E+01    0.0000000E+00   -3.8866552E-11   -2.2491820E-10   -4.7998051E-11    1.5461801E-10    1.2585179E-11
    1.7150000E+01    0.0000000E+00   -3.8769094E-11   -2.2531706E-10   -4.8097779E-11    1.5482155E-10    1.2601932E-11
    1.7250000E+01    0.0000000E+00   -3.8668722E-11   -2.2571628E-10   -4.8197611E-11    1.5502397E-10    1.2618595E-11
    1.7350000E+01    0.0000000E+00   -3.8565347E-11   -2.2611585E-10   -4.8297547E-11    1.5522523E-10    1.2635164E-11
    1.7450000E+01    0.0000000E+00   -3.8458873E-11   -2.2651578E-10   -4.8397586E-11    1.5542527E-10    1.2651637E-11
    1.7550000E+01    0.0000000E+00   -3.8349199E-11   -2.2691605E-10   -4.8497729E-11    1.5562405E-10    1.2668010E-11
    1.7650000E+01    0.0000000E+00   -3.8236213E-11   -2.2731668E-10   -4.8597976E-11    1.5582153E-10    1.2684278E-11
    1.7750000E+01    0.0000000E+00   -3.8119797E-11   -2.2771767E-10   -4.8698326E-11    1.5601764E-10    1.2700436E-11
    1.7850000E+01    0.0000000E+00   -3.7999818E-11   -2.2811900E-10   -4.8798779E-11    1.5621232E-10    1.2716481E-11
    1.7950000E+01    0.0000000E+00   -3.7876133E-11   -2.2852069E-10   -4.8899336E-11    1.5640551E-10    1.2732406E-11
    1.8050000E+01    0.0000000E+00   -3.7748580E-11   -2.2892274E-10   -4.8999997E-11    1.5659713E-10    1.2748205E-11
    1.8150000E+01    0.0000000E+00   -3.7616978E-11   -2.2932513E-10   -4.9100761E-11    1.5678710E-10    1.2763873E-11
    1.8250000E+01    0.0000000E+00   -3.7481121E-11   -2.2972788E-10   -4.9201629E-11    1.5697532E-10    1.2779400E-11
    1.8350000E+01    0.0000000E+00   -3.7340773E-11   -2.3013098E-10   -4.9302601E-11    1.5716169E-10    1.2794778E-11
    1.8450000E+01    0.0000000E+00   -3.7195656E-11   -2.3053443E-10   -4.9403676E-11    1.5734606E-10    1.2809997E-11
    1.8550000E+01    0.0000000E+00   -3.7045446E-11   -2.3093824E-10   -4.9504855E-11    1.5752830E-10    1.2825045E-11
    1.8650000E+01    0.0000000E+00   -3.6889747E-11   -2.3134240E-10   -4.9606137E-11    1.5770822E-10    1.2839906E-11
    1.8750000E+01    0.0000000E+00   -3.6728079E-11   -2.3174691E-10   -4.9707522E-11    1.5788559E-10    1.2854563E-11
    1.8850000E+01    0.0000000E+00   -3.6559839E-11   -2.3215177E-10   -4.9809012E-11    1.5806014E-10    1.2868992E-11
    1.8950000E+01    0.0000000E+00   -3.6384253E-11   -2.3255699E-10   -4.9910605E-11    1.5823150E-10    1.2883166E-11
    1.9050000E+01    0.0000000E+00   -3.6200308E-11   -2.3296256E-10   -5.0012301E-11    1.5839920E-10    1.2897044E-11
    1.9150000E+01    0.0000000E+00   -3.6006627E-11   -2.3336848E-10   -5.0114101E-11    1.5856261E-10    1.2910577E-11
    1.9250000E+01    0.0000000E+00   -3.5801276E-11   -2.3377475E-10   -5.0216005E-11    1.5872081E-10    1.2923690E-11
    1.9350000E+01    0.0000000E+00   -3.5581425E-11   -2.3418137E-10   -5.0318012E-11    1.5887250E-10    1.2936278E-11
    1.9450000E+01    0.0000000E+00   -3.5342697E-11   -2.3458834E-10   -5.0420123E-11    1.5901563E-10    1.2948173E-11
    1.9550000E+01    0.0000000E+00   -3.5077874E-11   -2.3499566E-10   -5.0522337E-11    1.5914684E-10    1.2959104E-11
    1.9650000E+01    0.0000000E+00   -3.4774065E-11   -2.3540333E-10   -5.0624655E-11    1.5926010E-10    1.2968582E-11
    1.9750000E+01    0.0000000E+00   -3.4410668E-11   -2.3581134E-10   -5.0727077E-11    1.5934577E-10    1.2975823E-11
    1.9850000E+01    0.0000000E+00   -3.4048206E-11   -2.3621970E-10   -5.0829602E-11    1.5943177E-10    1.2983089E-11
    1.9950000E+01    0.0000000E+00   -1.1332704E-11   -2.3662504E-10   -5.0932231E-11    1.4920534E-10    1.2150563E-11
