# Time          3.0000E+00
# Units: Mol/m**3 Porous Medium/s
    Distance           Quartz           K-Feldspar_Li    Oligoclase_Li    Biotite_Li       Kaolinite_Li7    Kaolinite_Li6
    5.0000000E-02   -2.0458251E-14   -4.0116249E-11   -1.6226741E-10   -3.2554254E-11    7.8920579E-11    6.5174693E-12
    1.5000000E-01   -5.9067854E-16   -4.0128488E-11   -1.6260343E-10   -3.2635720E-11    1.2423844E-10    1.0247429E-11
    2.5000000E-01    0.0000000E+00   -4.0144904E-11   -1.6294015E-10   -3.2717374E-11    1.1702178E-10    9.6377039E-12
    3.5000000E-01   -4.0324393E-15   -4.0164303E-11   -1.6327754E-10   -3.2799206E-11    1.1573738E-10    9.5126889E-12
    4.5000000E-01   -8.6370389E-15   -4.0182987E-11   -1.6361556E-10   -3.2881207E-11    1.1614332E-10    9.5258152E-12
    5.5000000E-01   -1.0229279E-14   -4.0200737E-11   -1.6395418E-10   -3.2963370E-11    1.1705052E-10    9.5842125E-12
    6.5000000E-01   -9.9347631E-15   -4.0218024E-11   -1.6429337E-10   -3.3045688E-11    1.1772447E-10    9.6284489E-12
    7.5000000E-01   -8.8617338E-15   -4.0235127E-11   -1.6463310E-10   -3.3128155E-11    1.1810173E-10    9.6514511E-12
    8.5000000E-01   -7.5387179E-15   -4.0252165E-11   -1.6497335E-10   -3.3210764E-11    1.1834433E-10    9.6649729E-12
    9.5000000E-01   -6.1476935E-15   -4.0269179E-11   -1.6531410E-10   -3.3293511E-11    1.1854664E-10    9.6760658E-12
    1.0500000E+00   -4.7390984E-15   -4.0286178E-11   -1.6565533E-10   -3.3376391E-11    1.1874106E-10    9.6871331E-12
    1.1500000E+00   -3.3247862E-15   -4.0303163E-11   -1.6599702E-10   -3.3459401E-11    1.1893604E-10    9.6987614E-12
    1.2500000E+00   -1.9071984E-15   -4.0320133E-11   -1.6633916E-10   -3.3542537E-11    1.1913324E-10    9.7110242E-12
    1.3500000E+00   -4.8679050E-16   -4.0337086E-11   -1.6668173E-10   -3.3625795E-11    1.1933277E-10    9.7238809E-12
    1.4500000E+00    0.0000000E+00   -4.0354020E-11   -1.6702472E-10   -3.3709174E-11    1.1953444E-10    9.7372740E-12
    1.5500000E+00    0.0000000E+00   -4.0370932E-11   -1.6736813E-10   -3.3792670E-11    1.1973804E-10    9.7511491E-12
    1.6500000E+00    0.0000000E+00   -4.0387821E-11   -1.6771195E-10   -3.3876283E-11    1.1994339E-10    9.7654568E-12
    1.7500000E+00    0.0000000E+00   -4.0404684E-11   -1.6805616E-10   -3.3960009E-11    1.2015031E-10    9.7801537E-12
    1.8500000E+00    0.0000000E+00   -4.0421519E-11   -1.6840076E-10   -3.4043847E-11    1.2035867E-10    9.7952008E-12
    1.9500000E+00    0.0000000E+00   -4.0438324E-11   -1.6874574E-10   -3.4127796E-11    1.2056835E-10    9.8105636E-12
    2.0500000E+00    0.0000000E+00   -4.0455098E-11   -1.6909111E-10   -3.4211856E-11    1.2077922E-10    9.8262114E-12
    2.1500000E+00    0.0000000E+00   -4.0471836E-11   -1.6943685E-10   -3.4296024E-11    1.2099119E-10    9.8421166E-12
    2.2500000E+00    0.0000000E+00   -4.0488539E-11   -1.6978296E-10   -3.4380299E-11    1.2120419E-10    9.8582549E-12
    2.3500000E+00    0.0000000E+00   -4.0505202E-11   -1.7012945E-10   -3.4464683E-11    1.2141811E-10    9.8746043E-12
    2.4500000E+00    0.0000000E+00   -4.0521824E-11   -1.7047630E-10   -3.4549173E-11    1.2163291E-10    9.8911452E-12
    2.5500000E+00    0.0000000E+00   -4.0538403E-11   -1.7082351E-10   -3.4633769E-11    1.2184852E-10    9.9078603E-12
    2.6500000E+00    0.0000000E+00   -4.0554935E-11   -1.7117108E-10   -3.4718470E-11    1.2206489E-10    9.9247338E-12
    2.7500000E+00    0.0000000E+00   -4.0571419E-11   -1.7151902E-10   -3.4803277E-11    1.2228196E-10    9.9417517E-12
    2.8500000E+00    0.0000000E+00   -4.0587852E-11   -1.7186732E-10   -3.4888189E-11    1.2249970E-10    9.9589014E-12
    2.9500000E+00    0.0000000E+00   -4.0604231E-11   -1.7221597E-10   -3.4973206E-11    1.2271805E-10    9.9761716E-12
    3.0500000E+00    0.0000000E+00   -4.0620553E-11   -1.7256499E-10   -3.5058327E-11    1.2293700E-10    9.9935522E-12
    3.1500000E+00    0.0000000E+00   -4.0636817E-11   -1.7291435E-10   -3.5143552E-11    1.2315650E-10    1.0011034E-11
    3.2500000E+00    0.0000000E+00   -4.0653019E-11   -1.7326408E-10   -3.5228882E-11    1.2337653E-10    1.0028609E-11
    3.3500000E+00    0.0000000E+00   -4.0669156E-11   -1.7361416E-10   -3.5314316E-11    1.2359705E-10    1.0046270E-11
    3.4500000E+00    0.0000000E+00   -4.0685225E-11   -1.7396460E-10   -3.5399854E-11    1.2381805E-10    1.0064010E-11
    3.5500000E+00    0.0000000E+00   -4.0701224E-11   -1.7431539E-10   -3.5485495E-11    1.2403950E-10    1.0081822E-11
    3.6500000E+00    0.0000000E+00   -4.0717149E-11   -1.7466654E-10   -3.5571241E-11    1.2426138E-10    1.0099703E-11
    3.7500000E+00    0.0000000E+00   -4.0732997E-11   -1.7501804E-10   -3.5657090E-11    1.2448368E-10    1.0117646E-11
    3.8500000E+00    0.0000000E+00   -4.0748766E-11   -1.7536989E-10   -3.5743043E-11    1.2470637E-10    1.0135647E-11
    3.9500000E+00    0.0000000E+00   -4.0764450E-11   -1.7572210E-10   -3.5829100E-11    1.2492943E-10    1.0153703E-11
    4.0500000E+00    0.0000000E+00   -4.0780048E-11   -1.7607466E-10   -3.5915260E-11    1.2515286E-10    1.0171810E-11
    4.1500000E+00    0.0000000E+00   -4.0795556E-11   -1.7642758E-10   -3.6001524E-11    1.2537665E-10    1.0189964E-11
    4.2500000E+00    0.0000000E+00   -4.0810970E-11   -1.7678085E-10   -3.6087892E-11    1.2560077E-10    1.0208162E-11
    4.3500000E+00    0.0000000E+00   -4.0826287E-11   -1.7713447E-10   -3.6174363E-11    1.2582521E-10    1.0226402E-11
    4.4500000E+00    0.0000000E+00   -4.0841502E-11   -1.7748845E-10   -3.6260938E-11    1.2604997E-10    1.0244682E-11
    4.5500000E+00    0.0000000E+00   -4.0856613E-11   -1.7784279E-10   -3.6347616E-11    1.2627503E-10    1.0262998E-11
    4.6500000E+00    0.0000000E+00   -4.0871614E-11   -1.7819747E-10   -3.6434398E-11    1.2650038E-10    1.0281349E-11
    4.7500000E+00    0.0000000E+00   -4.0886503E-11   -1.7855251E-10   -3.6521284E-11    1.2672602E-10    1.0299734E-11
    4.8500000E+00    0.0000000E+00   -4.0901275E-11   -1.7890790E-10   -3.6608273E-11    1.2695193E-10    1.0318149E-11
    4.9500000E+00    0.0000000E+00   -4.0915925E-11   -1.7926365E-10   -3.6695366E-11    1.2717811E-10    1.0336595E-11
    5.0500000E+00    0.0000000E+00   -4.0930450E-11   -1.7961975E-10   -3.6782562E-11    1.2740455E-10    1.0355069E-11
    5.1500000E+00    0.0000000E+00   -4.0944844E-11   -1.7997620E-10   -3.6869862E-11    1.2763124E-10    1.0373569E-11
    5.2500000E+00    0.0000000E+00   -4.0959105E-11   -1.8033301E-10   -3.6957266E-11    1.2785817E-10    1.0392096E-11
    5.3500000E+00    0.0000000E+00   -4.0973226E-11   -1.8069017E-10   -3.7044773E-11    1.2808534E-10    1.0410646E-11
    5.4500000E+00    0.0000000E+00   -4.0987203E-11   -1.8104769E-10   -3.7132384E-11    1.2831273E-10    1.0429221E-11
    5.5500000E+00    0.0000000E+00   -4.1001031E-11   -1.8140555E-10   -3.7220098E-11    1.2854036E-10    1.0447818E-11
    5.6500000E+00    0.0000000E+00   -4.1014706E-11   -1.8176377E-10   -3.7307916E-11    1.2876820E-10    1.0466436E-11
    5.7500000E+00    0.0000000E+00   -4.1028222E-11   -1.8212235E-10   -3.7395837E-11    1.2899625E-10    1.0485076E-11
    5.8500000E+00    0.0000000E+00   -4.1041574E-11   -1.8248128E-10   -3.7483862E-11    1.2922451E-10    1.0503735E-11
    5.9500000E+00    0.0000000E+00   -4.1054757E-11   -1.8284056E-10   -3.7571990E-11    1.2945296E-10    1.0522413E-11
    6.0500000E+00    0.0000000E+00   -4.1067765E-11   -1.8320020E-10   -3.7660222E-11    1.2968162E-10    1.0541110E-11
    6.1500000E+00    0.0000000E+00   -4.1080593E-11   -1.8356019E-10   -3.7748558E-11    1.2991046E-10    1.0559825E-11
    6.2500000E+00    0.0000000E+00   -4.1093234E-11   -1.8392053E-10   -3.7836997E-11    1.3013948E-10    1.0578556E-11
    6.3500000E+00    0.0000000E+00   -4.1105684E-11   -1.8428123E-10   -3.7925540E-11    1.3036869E-10    1.0597305E-11
    6.4500000E+00    0.0000000E+00   -4.1117936E-11   -1.8464228E-10   -3.8014186E-11    1.3059807E-10    1.0616069E-11
    6.5500000E+00    0.0000000E+00   -4.1129984E-11   -1.8500368E-10   -3.8102936E-11    1.3082762E-10    1.0634848E-11
    6.6500000E+00    0.0000000E+00   -4.1141822E-11   -1.8536544E-10   -3.8191790E-11    1.3105733E-10    1.0653643E-11
    6.7500000E+00    0.0000000E+00   -4.1153443E-11   -1.8572755E-10   -3.8280747E-11    1.3128720E-10    1.0672452E-11
    6.8500000E+00    0.0000000E+00   -4.1164842E-11   -1.8609001E-10   -3.8369807E-11    1.3151723E-10    1.0691274E-11
    6.9500000E+00    0.0000000E+00   -4.1176010E-11   -1.8645283E-10   -3.8458972E-11    1.3174740E-10    1.0710110E-11
    7.0500000E+00    0.0000000E+00   -4.1186942E-11   -1.8681600E-10   -3.8548239E-11    1.3197772E-10    1.0728959E-11
    7.1500000E+00    0.0000000E+00   -4.1197630E-11   -1.8717953E-10   -3.8637611E-11    1.3220819E-10    1.0747820E-11
    7.2500000E+00    0.0000000E+00   -4.1208067E-11   -1.8754340E-10   -3.8727086E-11    1.3243878E-10    1.0766693E-11
    7.3500000E+00    0.0000000E+00   -4.1218247E-11   -1.8790764E-10   -3.8816664E-11    1.3266951E-10    1.0785578E-11
    7.4500000E+00    0.0000000E+00   -4.1228161E-11   -1.8827222E-10   -3.8906346E-11    1.3290037E-10    1.0804474E-11
    7.5500000E+00    0.0000000E+00   -4.1237802E-11   -1.8863716E-10   -3.8996132E-11    1.3313135E-10    1.0823380E-11
    7.6500000E+00    0.0000000E+00   -4.1247161E-11   -1.8900245E-10   -3.9086021E-11    1.3336244E-10    1.0842297E-11
    7.7500000E+00    0.0000000E+00   -4.1256232E-11   -1.8936810E-10   -3.9176014E-11    1.3359365E-10    1.0861223E-11
    7.8500000E+00    0.0000000E+00   -4.1265006E-11   -1.8973410E-10   -3.9266110E-11    1.3382496E-10    1.0880159E-11
    7.9500000E+00    0.0000000E+00   -4.1273475E-11   -1.9010045E-10   -3.9356310E-11    1.3405638E-10    1.0899104E-11
    8.0500000E+00    0.0000000E+00   -4.1281630E-11   -1.9046716E-10   -3.9446613E-11    1.3428790E-10    1.0918057E-11
    8.1500000E+00    0.0000000E+00   -4.1289462E-11   -1.9083422E-10   -3.9537020E-11    1.3451950E-10    1.0937019E-11
    8.2500000E+00    0.0000000E+00   -4.1296962E-11   -1.9120163E-10   -3.9627531E-11    1.3475120E-10    1.0955988E-11
    8.3500000E+00    0.0000000E+00   -4.1304123E-11   -1.9156940E-10   -3.9718145E-11    1.3498298E-10    1.0974965E-11
    8.4500000E+00    0.0000000E+00   -4.1310933E-11   -1.9193752E-10   -3.9808863E-11    1.3521484E-10    1.0993948E-11
    8.5500000E+00    0.0000000E+00   -4.1317384E-11   -1.9230600E-10   -3.9899684E-11    1.3544678E-10    1.1012938E-11
    8.6500000E+00    0.0000000E+00   -4.1323466E-11   -1.9267482E-10   -3.9990609E-11    1.3567878E-10    1.1031934E-11
    8.7500000E+00    0.0000000E+00   -4.1329169E-11   -1.9304400E-10   -4.0081637E-11    1.3591084E-10    1.1050935E-11
    8.8500000E+00    0.0000000E+00   -4.1334483E-11   -1.9341354E-10   -4.0172769E-11    1.3614296E-10    1.1069942E-11
    8.9500000E+00    0.0000000E+00   -4.1339398E-11   -1.9378343E-10   -4.0264005E-11    1.3637514E-10    1.1088954E-11
    9.0500000E+00    0.0000000E+00   -4.1343903E-11   -1.9415367E-10   -4.0355344E-11    1.3660736E-10    1.1107969E-11
    9.1500000E+00    0.0000000E+00   -4.1347987E-11   -1.9452427E-10   -4.0446787E-11    1.3683963E-10    1.1126989E-11
    9.2500000E+00    0.0000000E+00   -4.1351639E-11   -1.9489522E-10   -4.0538333E-11    1.3707193E-10    1.1146012E-11
    9.3500000E+00    0.0000000E+00   -4.1354849E-11   -1.9526652E-10   -4.0629983E-11    1.3730426E-10    1.1165038E-11
    9.4500000E+00    0.0000000E+00   -4.1357604E-11   -1.9563817E-10   -4.0721737E-11    1.3753662E-10    1.1184066E-11
    9.5500000E+00    0.0000000E+00   -4.1359893E-11   -1.9601018E-10   -4.0813594E-11    1.3776899E-10    1.1203096E-11
    9.6500000E+00    0.0000000E+00   -4.1361704E-11   -1.9638255E-10   -4.0905554E-11    1.3800138E-10    1.1222128E-11
    9.7500000E+00    0.0000000E+00   -4.1363025E-11   -1.9675526E-10   -4.0997618E-11    1.3823377E-10    1.1241161E-11
    9.8500000E+00    0.0000000E+00   -4.1363843E-11   -1.9712833E-10   -4.1089786E-11    1.3846617E-10    1.1260195E-11
    9.9500000E+00    0.0000000E+00   -4.1364145E-11   -1.9750176E-10   -4.1182057E-11    1.3869856E-10    1.1279228E-11
    1.0050000E+01    0.0000000E+00   -4.1363919E-11   -1.9787553E-10   -4.1274432E-11    1.3893094E-10    1.1298261E-11
    1.0150000E+01    0.0000000E+00   -4.1363150E-11   -1.9824967E-10   -4.1366911E-11    1.3916331E-10    1.1317293E-11
    1.0250000E+01    0.0000000E+00   -4.1361826E-11   -1.9862415E-10   -4.1459493E-11    1.3939564E-10    1.1336323E-11
    1.0350000E+01    0.0000000E+00   -4.1359933E-11   -1.9899899E-10   -4.1552178E-11    1.3962795E-10    1.1355352E-11
    1.0450000E+01    0.0000000E+00   -4.1357456E-11   -1.9937418E-10   -4.1644967E-11    1.3986022E-10    1.1374378E-11
    1.0550000E+01    0.0000000E+00   -4.1354381E-11   -1.9974972E-10   -4.1737860E-11    1.4009244E-10    1.1393400E-11
    1.0650000E+01    0.0000000E+00   -4.1350693E-11   -2.0012562E-10   -4.1830856E-11    1.4032461E-10    1.1412419E-11
    1.0750000E+01    0.0000000E+00   -4.1346377E-11   -2.0050187E-10   -4.1923956E-11    1.4055672E-10    1.1431434E-11
    1.0850000E+01    0.0000000E+00   -4.1341418E-11   -2.0087848E-10   -4.2017160E-11    1.4078877E-10    1.1450443E-11
    1.0950000E+01    0.0000000E+00   -4.1335799E-11   -2.0125544E-10   -4.2110467E-11    1.4102074E-10    1.1469447E-11
    1.1050000E+01    0.0000000E+00   -4.1329506E-11   -2.0163275E-10   -4.2203877E-11    1.4125263E-10    1.1488445E-11
    1.1150000E+01    0.0000000E+00   -4.1322521E-11   -2.0201041E-10   -4.2297391E-11    1.4148443E-10    1.1507437E-11
    1.1250000E+01    0.0000000E+00   -4.1314828E-11   -2.0238843E-10   -4.2391009E-11    1.4171613E-10    1.1526420E-11
    1.1350000E+01    0.0000000E+00   -4.1306409E-11   -2.0276681E-10   -4.2484730E-11    1.4194773E-10    1.1545396E-11
    1.1450000E+01    0.0000000E+00   -4.1297247E-11   -2.0314553E-10   -4.2578555E-11    1.4217921E-10    1.1564363E-11
    1.1550000E+01    0.0000000E+00   -4.1287325E-11   -2.0352461E-10   -4.2672484E-11    1.4241057E-10    1.1583321E-11
    1.1650000E+01    0.0000000E+00   -4.1276624E-11   -2.0390404E-10   -4.2766516E-11    1.4264180E-10    1.1602269E-11
    1.1750000E+01    0.0000000E+00   -4.1265126E-11   -2.0428383E-10   -4.2860651E-11    1.4287289E-10    1.1621206E-11
    1.1850000E+01    0.0000000E+00   -4.1252811E-11   -2.0466397E-10   -4.2954891E-11    1.4310383E-10    1.1640132E-11
    1.1950000E+01    0.0000000E+00   -4.1239661E-11   -2.0504446E-10   -4.3049233E-11    1.4333462E-10    1.1659045E-11
    1.2050000E+01    0.0000000E+00   -4.1225655E-11   -2.0542531E-10   -4.3143680E-11    1.4356523E-10    1.1677945E-11
    1.2150000E+01    0.0000000E+00   -4.1210773E-11   -2.0580651E-10   -4.3238229E-11    1.4379567E-10    1.1696832E-11
    1.2250000E+01    0.0000000E+00   -4.1194995E-11   -2.0618807E-10   -4.3332883E-11    1.4402593E-10    1.1715704E-11
    1.2350000E+01    0.0000000E+00   -4.1178299E-11   -2.0656997E-10   -4.3427640E-11    1.4425599E-10    1.1734561E-11
    1.2450000E+01    0.0000000E+00   -4.1160665E-11   -2.0695223E-10   -4.3522501E-11    1.4448584E-10    1.1753402E-11
    1.2550000E+01    0.0000000E+00   -4.1142070E-11   -2.0733485E-10   -4.3617465E-11    1.4471548E-10    1.1772226E-11
    1.2650000E+01    0.0000000E+00   -4.1122491E-11   -2.0771781E-10   -4.3712532E-11    1.4494489E-10    1.1791033E-11
    1.2750000E+01    0.0000000E+00   -4.1101907E-11   -2.0810113E-10   -4.3807704E-11    1.4517406E-10    1.1809820E-11
    1.2850000E+01    0.0000000E+00   -4.1080293E-11   -2.0848481E-10   -4.3902979E-11    1.4540298E-10    1.1828589E-11
    1.2950000E+01    0.0000000E+00   -4.1057625E-11   -2.0886884E-10   -4.3998357E-11    1.4563165E-10    1.1847336E-11
    1.3050000E+01    0.0000000E+00   -4.1033880E-11   -2.0925322E-10   -4.4093839E-11    1.4586004E-10    1.1866063E-11
    1.3150000E+01    0.0000000E+00   -4.1009032E-11   -2.0963795E-10   -4.4189425E-11    1.4608815E-10    1.1884768E-11
    1.3250000E+01    0.0000000E+00   -4.0983056E-11   -2.1002304E-10   -4.4285114E-11    1.4631597E-10    1.1903449E-11
    1.3350000E+01    0.0000000E+00   -4.0955925E-11   -2.1040848E-10   -4.4380907E-11    1.4654348E-10    1.1922106E-11
    1.3450000E+01    0.0000000E+00   -4.0927614E-11   -2.1079428E-10   -4.4476803E-11    1.4677067E-10    1.1940738E-11
    1.3550000E+01    0.0000000E+00   -4.0898096E-11   -2.1118042E-10   -4.4572803E-11    1.4699753E-10    1.1959344E-11
    1.3650000E+01    0.0000000E+00   -4.0867341E-11   -2.1156693E-10   -4.4668906E-11    1.4722404E-10    1.1977922E-11
    1.3750000E+01    0.0000000E+00   -4.0835323E-11   -2.1195378E-10   -4.4765113E-11    1.4745020E-10    1.1996473E-11
    1.3850000E+01    0.0000000E+00   -4.0802011E-11   -2.1234099E-10   -4.4861424E-11    1.4767598E-10    1.2014994E-11
    1.3950000E+01    0.0000000E+00   -4.0767377E-11   -2.1272855E-10   -4.4957838E-11    1.4790138E-10    1.2033485E-11
    1.4050000E+01    0.0000000E+00   -4.0731391E-11   -2.1311647E-10   -4.5054356E-11    1.4812639E-10    1.2051944E-11
    1.4150000E+01    0.0000000E+00   -4.0694020E-11   -2.1350473E-10   -4.5150977E-11    1.4835097E-10    1.2070371E-11
    1.4250000E+01    0.0000000E+00   -4.0655234E-11   -2.1389335E-10   -4.5247702E-11    1.4857513E-10    1.2088763E-11
    1.4350000E+01    0.0000000E+00   -4.0615001E-11   -2.1428233E-10   -4.5344531E-11    1.4879885E-10    1.2107121E-11
    1.4450000E+01    0.0000000E+00   -4.0573286E-11   -2.1467166E-10   -4.5441463E-11    1.4902210E-10    1.2125442E-11
    1.4550000E+01    0.0000000E+00   -4.0530056E-11   -2.1506134E-10   -4.5538498E-11    1.4924488E-10    1.2143725E-11
    1.4650000E+01    0.0000000E+00   -4.0485277E-11   -2.1545137E-10   -4.5635638E-11    1.4946718E-10    1.2161970E-11
    1.4750000E+01    0.0000000E+00   -4.0438912E-11   -2.1584176E-10   -4.5732880E-11    1.4968896E-10    1.2180175E-11
    1.4850000E+01    0.0000000E+00   -4.0390926E-11   -2.1623250E-10   -4.5830227E-11    1.4991022E-10    1.2198337E-11
    1.4950000E+01    0.0000000E+00   -4.0341281E-11   -2.1662360E-10   -4.5927677E-11    1.5013094E-10    1.2216457E-11
    1.5050000E+01    0.0000000E+00   -4.0289938E-11   -2.1701505E-10   -4.6025230E-11    1.5035109E-10    1.2234533E-11
    1.5150000E+01    0.0000000E+00   -4.0236859E-11   -2.1740685E-10   -4.6122887E-11    1.5057067E-10    1.2252563E-11
    1.5250000E+01    0.0000000E+00   -4.0182003E-11   -2.1779900E-10   -4.6220648E-11    1.5078966E-10    1.2270545E-11
    1.5350000E+01    0.0000000E+00   -4.0125330E-11   -2.1819151E-10   -4.6318512E-11    1.5100802E-10    1.2288478E-11
    1.5450000E+01    0.0000000E+00   -4.0066795E-11   -2.1858437E-10   -4.6416480E-11    1.5122576E-10    1.2306361E-11
    1.5550000E+01    0.0000000E+00   -4.0006357E-11   -2.1897759E-10   -4.6514551E-11    1.5144283E-10    1.2324192E-11
    1.5650000E+01    0.0000000E+00   -3.9943970E-11   -2.1937116E-10   -4.6612726E-11    1.5165923E-10    1.2341969E-11
    1.5750000E+01    0.0000000E+00   -3.9879587E-11   -2.1976508E-10   -4.6711005E-11    1.5187494E-10    1.2359690E-11
    1.5850000E+01    0.0000000E+00   -3.9813163E-11   -2.2015935E-10   -4.6809387E-11    1.5208992E-10    1.2377355E-11
    1.5950000E+01    0.0000000E+00   -3.9744646E-11   -2.2055398E-10   -4.6907872E-11    1.5230416E-10    1.2394960E-11
    1.6050000E+01    0.0000000E+00   -3.9673987E-11   -2.2094896E-10   -4.7006462E-11    1.5251763E-10    1.2412504E-11
    1.6150000E+01    0.0000000E+00   -3.9601135E-11   -2.2134429E-10   -4.7105154E-11    1.5273031E-10    1.2429985E-11
    1.6250000E+01    0.0000000E+00   -3.9526033E-11   -2.2173998E-10   -4.7203951E-11    1.5294218E-10    1.2447401E-11
    1.6350000E+01    0.0000000E+00   -3.9448628E-11   -2.2213602E-10   -4.7302851E-11    1.5315320E-10    1.2464750E-11
    1.6450000E+01    0.0000000E+00   -3.9368861E-11   -2.2253241E-10   -4.7401854E-11    1.5336336E-10    1.2482030E-11
    1.6550000E+01    0.0000000E+00   -3.9286671E-11   -2.2292916E-10   -4.7500961E-11    1.5357262E-10    1.2499239E-11
    1.6650000E+01    0.0000000E+00   -3.9201995E-11   -2.2332626E-10   -4.7600172E-11    1.5378095E-10    1.2516373E-11
    1.6750000E+01    0.0000000E+00   -3.9114770E-11   -2.2372371E-10   -4.7699486E-11    1.5398833E-10    1.2533432E-11
    1.6850000E+01    0.0000000E+00   -3.9024925E-11   -2.2412152E-10   -4.7798904E-11    1.5419472E-10    1.2550411E-11
    1.6950000E+01    0.0000000E+00   -3.8932389E-11   -2.2451968E-10   -4.7898426E-11    1.5440009E-10    1.2567309E-11
    1.7050000E+01    0.0000000E+00   -3.8837088E-11   -2.2491819E-10   -4.7998051E-11    1.5460440E-10    1.2584123E-11
    1.7150000E+01    0.0000000E+00   -3.8738941E-11   -2.2531706E-10   -4.8097779E-11    1.5480762E-10    1.2600850E-11
    1.7250000E+01    0.0000000E+00   -3.8637863E-11   -2.2571628E-10   -4.8197611E-11    1.5500971E-10    1.2617486E-11
    1.7350000E+01    0.0000000E+00   -3.8533767E-11   -2.2611585E-10   -4.8297547E-11    1.5521062E-10    1.2634028E-11
    1.7450000E+01    0.0000000E+00   -3.8426555E-11   -2.2651577E-10   -4.8397586E-11    1.5541032E-10    1.2650473E-11
    1.7550000E+01    0.0000000E+00   -3.8316125E-11   -2.2691605E-10   -4.8497729E-11    1.5560874E-10    1.2666817E-11
    1.7650000E+01    0.0000000E+00   -3.8202367E-11   -2.2731668E-10   -4.8597976E-11    1.5580585E-10    1.2683056E-11
    1.7750000E+01    0.0000000E+00   -3.8085160E-11   -2.2771766E-10   -4.8698326E-11    1.5600159E-10    1.2699185E-11
    1.7850000E+01    0.0000000E+00   -3.7964372E-11   -2.2811900E-10   -4.8798779E-11    1.5619589E-10    1.2715198E-11
    1.7950000E+01    0.0000000E+00   -3.7839857E-11   -2.2852069E-10   -4.8899336E-11    1.5638869E-10    1.2731092E-11
    1.8050000E+01    0.0000000E+00   -3.7711454E-11   -2.2892273E-10   -4.8999997E-11    1.5657991E-10    1.2746859E-11
    1.8150000E+01    0.0000000E+00   -3.7578981E-11   -2.2932513E-10   -4.9100761E-11    1.5676946E-10    1.2762493E-11
    1.8250000E+01    0.0000000E+00   -3.7442230E-11   -2.2972787E-10   -4.9201629E-11    1.5695726E-10    1.2777987E-11
    1.8350000E+01    0.0000000E+00   -3.7300963E-11   -2.3013097E-10   -4.9302601E-11    1.5714319E-10    1.2793330E-11
    1.8450000E+01    0.0000000E+00   -3.7154904E-11   -2.3053443E-10   -4.9403676E-11    1.5732712E-10    1.2808513E-11
    1.8550000E+01    0.0000000E+00   -3.7003722E-11   -2.3093823E-10   -4.9504855E-11    1.5750889E-10    1.2823524E-11
    1.8650000E+01    0.0000000E+00   -3.6847024E-11   -2.3134239E-10   -4.9606137E-11    1.5768833E-10    1.2838346E-11
    1.8750000E+01    0.0000000E+00   -3.6684324E-11   -2.3174690E-10   -4.9707522E-11    1.5786521E-10    1.2852963E-11
    1.8850000E+01    0.0000000E+00   -3.6515015E-11   -2.3215177E-10   -4.9809012E-11    1.5803924E-10    1.2867352E-11
    1.8950000E+01    0.0000000E+00   -3.6338322E-11   -2.3255698E-10   -4.9910605E-11    1.5821007E-10    1.2881482E-11
    1.9050000E+01    0.0000000E+00   -3.6153224E-11   -2.3296255E-10   -5.0012301E-11    1.5837721E-10    1.2895316E-11
    1.9150000E+01    0.0000000E+00   -3.5958336E-11   -2.3336847E-10   -5.0114101E-11    1.5854002E-10    1.2908801E-11
    1.9250000E+01    0.0000000E+00   -3.5751715E-11   -2.3377474E-10   -5.0216005E-11    1.5869759E-10    1.2921864E-11
    1.9350000E+01    0.0000000E+00   -3.5530512E-11   -2.3418136E-10   -5.0318012E-11    1.5884859E-10    1.2934397E-11
    1.9450000E+01    0.0000000E+00   -3.5290329E-11   -2.3458833E-10   -5.0420123E-11    1.5899096E-10    1.2946232E-11
    1.9550000E+01    0.0000000E+00   -3.5023904E-11   -2.3499565E-10   -5.0522337E-11    1.5912130E-10    1.2957094E-11
    1.9650000E+01    0.0000000E+00   -3.4718321E-11   -2.3540332E-10   -5.0624655E-11    1.5923355E-10    1.2966492E-11
    1.9750000E+01    0.0000000E+00   -3.4355494E-11   -2.3581133E-10   -5.0727077E-11    1.5931914E-10    1.2973730E-11
    1.9850000E+01    0.0000000E+00   -3.4129020E-11   -2.3621971E-10   -5.0829602E-11    1.5946706E-10    1.2986034E-11
    1.9950000E+01    0.0000000E+00   -2.1998328E-11   -2.3662661E-10   -5.0932231E-11    1.5423202E-10    1.2559805E-11
