# Time          1.0000E-01
# Units: Mol/kgw
    Distance           H+               Na+              K+               Ca++             Mg++             Al+++            Fe+++            Fe++             Li7+             Li6+             SiO2(aq)         CO2(aq)          O2(aq)           Cl-          
    5.0000000E-02   -2.0215318E-04    1.1160829E-04    2.9894051E-05    1.1798203E-04    5.0237536E-05    2.1182239E-08    3.3388238E-16    2.4460863E-07    1.2275583E-07    9.8489449E-09    7.3858813E-05    2.2393444E-03    1.0966755E-03    2.7647367E-04
    1.5000000E-01   -7.0102862E-05    3.7861512E-05    1.0402729E-05    3.8953211E-05    1.7039451E-05    4.2249365E-08    1.0987817E-16    3.3382804E-07    4.1011358E-08    3.2750326E-09    2.7742342E-05    7.3695131E-04    3.6090760E-04    9.0985393E-05
    2.5000000E-01   -6.5426288E-05    3.5028143E-05    9.7276310E-06    3.5613372E-05    1.5763366E-05    4.1062594E-08    1.0031161E-16    4.0849112E-07    3.7611689E-08    2.9984685E-09    2.6719559E-05    6.7278859E-04    3.2948515E-04    8.3063743E-05
    3.5000000E-01   -6.6254448E-05    3.5259585E-05    9.8659582E-06    3.5543442E-05    1.5866977E-05    3.8237941E-08    1.0000875E-16    4.8285984E-07    3.7593969E-08    2.9939132E-09    2.7647988E-05    6.7075728E-04    3.2849036E-04    8.2812954E-05
    4.5000000E-01   -6.7260616E-05    3.5589181E-05    1.0030379E-05    3.5577589E-05    1.6014834E-05    3.5621066E-08    1.0000053E-16    5.5740130E-07    3.7687773E-08    2.9986233E-09    2.8640534E-05    6.7070212E-04    3.2846334E-04    8.2806144E-05
    5.5000000E-01   -6.8274426E-05    3.5922116E-05    1.0195729E-05    3.5614643E-05    1.6164258E-05    3.3233941E-08    1.0000032E-16    6.3212839E-07    3.7788349E-08    3.0041550E-09    2.9636824E-05    6.7070073E-04    3.2846266E-04    8.2805972E-05
    6.5000000E-01   -6.9291161E-05    3.6255806E-05    1.0361321E-05    3.5651845E-05    1.6314083E-05    3.1052605E-08    1.0000031E-16    7.0704170E-07    3.7892694E-08    3.0102379E-09    3.0635190E-05    6.7070070E-04    3.2846265E-04    8.2805968E-05
    7.5000000E-01   -7.0310642E-05    3.6590187E-05    1.0527139E-05    3.5689126E-05    1.6464283E-05    2.9055255E-08    1.0000031E-16    7.8214157E-07    3.8000608E-08    3.0168297E-09    3.1635571E-05    6.7070070E-04    3.2846265E-04    8.2805968E-05
    8.5000000E-01   -7.1332812E-05    3.6925257E-05    1.0693181E-05    3.5726483E-05    1.6614857E-05    2.7222823E-08    1.0000031E-16    8.5742829E-07    3.8111978E-08    3.0238980E-09    3.2637949E-05    6.7070070E-04    3.2846265E-04    8.2805968E-05
    9.5000000E-01   -7.2357623E-05    3.7261019E-05    1.0859450E-05    3.5763918E-05    1.6765804E-05    2.5538598E-08    1.0000031E-16    9.3290215E-07    3.8226707E-08    3.0314140E-09    3.3642311E-05    6.7070070E-04    3.2846265E-04    8.2805968E-05
    1.0500000E+00   -7.3385034E-05    3.7597472E-05    1.1025944E-05    3.5801430E-05    1.6917127E-05    2.3987881E-08    1.0000031E-16    1.0085634E-06    3.8344712E-08    3.0393521E-09    3.4648642E-05    6.7070070E-04    3.2846265E-04    8.2805968E-05
    1.1500000E+00   -7.4415011E-05    3.7934617E-05    1.1192664E-05    3.5839018E-05    1.7068825E-05    2.2557711E-08    1.0000031E-16    1.0844124E-06    3.8465919E-08    3.0476896E-09    3.5656934E-05    6.7070070E-04    3.2846265E-04    8.2805968E-05
    1.2500000E+00   -7.5447519E-05    3.8272456E-05    1.1359610E-05    3.5876685E-05    1.7220899E-05    2.1236620E-08    1.0000031E-16    1.1604493E-06    3.8590265E-08    3.0564063E-09    3.6667175E-05    6.7070070E-04    3.2846265E-04    8.2805968E-05
    1.3500000E+00   -7.6482533E-05    3.8610990E-05    1.1526782E-05    3.5914428E-05    1.7373349E-05    2.0014437E-08    1.0000031E-16    1.2366745E-06    3.8717693E-08    3.0654840E-09    3.7679359E-05    6.7070070E-04    3.2846265E-04    8.2805968E-05
    1.4500000E+00   -7.7520028E-05    3.8950218E-05    1.1694182E-05    3.5952249E-05    1.7526176E-05    1.8882113E-08    1.0000031E-16    1.3130881E-06    3.8848155E-08    3.0749068E-09    3.8693481E-05    6.7070070E-04    3.2846265E-04    8.2805968E-05
    1.5500000E+00   -7.8559981E-05    3.9290142E-05    1.1861808E-05    3.5990148E-05    1.7679381E-05    1.7831584E-08    1.0000031E-16    1.3896905E-06    3.8981605E-08    3.0846603E-09    3.9709534E-05    6.7070070E-04    3.2846265E-04    8.2805968E-05
    1.6500000E+00   -7.9602375E-05    3.9630763E-05    1.2029661E-05    3.6028124E-05    1.7832964E-05    1.6855642E-08    1.0000031E-16    1.4664818E-06    3.9118007E-08    3.0947316E-09    4.0727516E-05    6.7070070E-04    3.2846265E-04    8.2805968E-05
    1.7500000E+00   -8.0647192E-05    3.9972081E-05    1.2197741E-05    3.6066178E-05    1.7986925E-05    1.5947833E-08    1.0000031E-16    1.5434624E-06    3.9257327E-08    3.1051094E-09    4.1747421E-05    6.7070070E-04    3.2846265E-04    8.2805968E-05
    1.8500000E+00   -8.1694417E-05    4.0314098E-05    1.2366049E-05    3.6104310E-05    1.8141265E-05    1.5102362E-08    1.0000031E-16    1.6206325E-06    3.9399534E-08    3.1157835E-09    4.2769244E-05    6.7070070E-04    3.2846265E-04    8.2805968E-05
    1.9500000E+00   -8.2744037E-05    4.0656813E-05    1.2534585E-05    3.6142520E-05    1.8295985E-05    1.4314019E-08    1.0000031E-16    1.6979923E-06    3.9544602E-08    3.1267447E-09    4.3792983E-05    6.7070070E-04    3.2846265E-04    8.2805968E-05
    2.0500000E+00   -8.3796041E-05    4.1000228E-05    1.2703348E-05    3.6180808E-05    1.8451084E-05    1.3578106E-08    1.0000031E-16    1.7755421E-06    3.9692509E-08    3.1379849E-09    4.4818634E-05    6.7070070E-04    3.2846265E-04    8.2805968E-05
    2.1500000E+00   -8.4850418E-05    4.1344344E-05    1.2872339E-05    3.6219174E-05    1.8606564E-05    1.2890384E-08    1.0000031E-16    1.8532820E-06    3.9843232E-08    3.1494969E-09    4.5846195E-05    6.7070070E-04    3.2846265E-04    8.2805968E-05
    2.2500000E+00   -8.5907160E-05    4.1689161E-05    1.3041558E-05    3.6257618E-05    1.8762425E-05    1.2247017E-08    1.0000031E-16    1.9312125E-06    3.9996756E-08    3.1612741E-09    4.6875663E-05    6.7070070E-04    3.2846265E-04    8.2805968E-05
    2.3500000E+00   -8.6966259E-05    4.2034679E-05    1.3211006E-05    3.6296140E-05    1.8918667E-05    1.1644530E-08    1.0000031E-16    2.0093336E-06    4.0153062E-08    3.1733108E-09    4.7907038E-05    6.7070070E-04    3.2846265E-04    8.2805968E-05
    2.4500000E+00   -8.8027706E-05    4.2380900E-05    1.3380682E-05    3.6334741E-05    1.9075291E-05    1.1079769E-08    1.0000031E-16    2.0876456E-06    4.0312137E-08    3.1856018E-09    4.8940318E-05    6.7070070E-04    3.2846265E-04    8.2805968E-05
    2.5500000E+00   -8.9091497E-05    4.2727825E-05    1.3550586E-05    3.6373420E-05    1.9232298E-05    1.0549866E-08    1.0000031E-16    2.1661488E-06    4.0473969E-08    3.1981425E-09    4.9975501E-05    6.7070070E-04    3.2846265E-04    8.2805968E-05
    2.6500000E+00   -9.0157626E-05    4.3075454E-05    1.3720719E-05    3.6412178E-05    1.9389687E-05    1.0052212E-08    1.0000031E-16    2.2448434E-06    4.0638547E-08    3.2109287E-09    5.1012587E-05    6.7070070E-04    3.2846265E-04    8.2805968E-05
    2.7500000E+00   -9.1226088E-05    4.3423787E-05    1.3891080E-05    3.6451014E-05    1.9547459E-05    9.5844261E-09    1.0000031E-16    2.3237296E-06    4.0805862E-08    3.2239568E-09    5.2051575E-05    6.7070070E-04    3.2846265E-04    8.2805968E-05
    2.8500000E+00   -9.2296879E-05    4.3772826E-05    1.4061671E-05    3.6489929E-05    1.9705615E-05    9.1443352E-09    1.0000031E-16    2.4028077E-06    4.0975904E-08    3.2372235E-09    5.3092464E-05    6.7070070E-04    3.2846265E-04    8.2805968E-05
    2.9500000E+00   -9.3369995E-05    4.4122571E-05    1.4232490E-05    3.6528922E-05    1.9864156E-05    8.7299522E-09    1.0000031E-16    2.4820779E-06    4.1148668E-08    3.2507260E-09    5.4135255E-05    6.7070070E-04    3.2846265E-04    8.2805968E-05
    3.0500000E+00   -9.4445433E-05    4.4473024E-05    1.4403539E-05    3.6567995E-05    2.0023081E-05    8.3394575E-09    1.0000031E-16    2.5615405E-06    4.1324146E-08    3.2644616E-09    5.5179946E-05    6.7070070E-04    3.2846265E-04    8.2805968E-05
    3.1500000E+00   -9.5523192E-05    4.4824183E-05    1.4574817E-05    3.6607146E-05    2.0182391E-05    7.9711832E-09    1.0000031E-16    2.6411956E-06    4.1502335E-08    3.2784280E-09    5.6226538E-05    6.7070070E-04    3.2846265E-04    8.2805968E-05
    3.2500000E+00   -9.6603267E-05    4.5176052E-05    1.4746324E-05    3.6646376E-05    2.0342087E-05    7.6235984E-09    1.0000031E-16    2.7210435E-06    4.1683229E-08    3.2926233E-09    5.7275032E-05    6.7070070E-04    3.2846265E-04    8.2805968E-05
    3.3500000E+00   -9.7685658E-05    4.5528629E-05    1.4918060E-05    3.6685686E-05    2.0502169E-05    7.2952960E-09    1.0000031E-16    2.8010844E-06    4.1866825E-08    3.3070456E-09    5.8325427E-05    6.7070070E-04    3.2846265E-04    8.2805968E-05
    3.4500000E+00   -9.8770364E-05    4.5881916E-05    1.5090026E-05    3.6725074E-05    2.0662637E-05    6.9849814E-09    1.0000031E-16    2.8813186E-06    4.2053121E-08    3.3216934E-09    5.9377723E-05    6.7070070E-04    3.2846265E-04    8.2805968E-05
    3.5500000E+00   -9.9857382E-05    4.6235914E-05    1.5262221E-05    3.6764542E-05    2.0823493E-05    6.6914621E-09    1.0000031E-16    2.9617464E-06    4.2242114E-08    3.3365652E-09    6.0431921E-05    6.7070070E-04    3.2846265E-04    8.2805968E-05
    3.6500000E+00   -1.0094671E-04    4.6590623E-05    1.5434646E-05    3.6804089E-05    2.0984736E-05    6.4136384E-09    1.0000031E-16    3.0423678E-06    4.2433803E-08    3.3516599E-09    6.1488022E-05    6.7070070E-04    3.2846265E-04    8.2805968E-05
    3.7500000E+00   -1.0203835E-04    4.6946044E-05    1.5607301E-05    3.6843715E-05    2.1146367E-05    6.1504954E-09    1.0000031E-16    3.1231833E-06    4.2628186E-08    3.3669765E-09    6.2546025E-05    6.7070070E-04    3.2846265E-04    8.2805968E-05
    3.8500000E+00   -1.0313230E-04    4.7302178E-05    1.5780185E-05    3.6883421E-05    2.1308386E-05    5.9010949E-09    1.0000031E-16    3.2041929E-06    4.2825264E-08    3.3825139E-09    6.3605932E-05    6.7070070E-04    3.2846265E-04    8.2805968E-05
    3.9500000E+00   -1.0422857E-04    4.7659025E-05    1.5953299E-05    3.6923206E-05    2.1470794E-05    5.6645691E-09    1.0000031E-16    3.2853970E-06    4.3025037E-08    3.3982715E-09    6.4667743E-05    6.7070070E-04    3.2846265E-04    8.2805968E-05
    4.0500000E+00   -1.0532714E-04    4.8016586E-05    1.6126642E-05    3.6963071E-05    2.1633591E-05    5.4401148E-09    1.0000031E-16    3.3667957E-06    4.3227505E-08    3.4142485E-09    6.5731459E-05    6.7070070E-04    3.2846265E-04    8.2805968E-05
    4.1500000E+00   -1.0642802E-04    4.8374862E-05    1.6300216E-05    3.7003016E-05    2.1796779E-05    5.2269873E-09    1.0000031E-16    3.4483894E-06    4.3432668E-08    3.4304444E-09    6.6797081E-05    6.7070070E-04    3.2846265E-04    8.2805968E-05
    4.2500000E+00   -1.0753122E-04    4.8733853E-05    1.6474019E-05    3.7043041E-05    2.1960356E-05    5.0244959E-09    1.0000031E-16    3.5301782E-06    4.3640529E-08    3.4468588E-09    6.7864609E-05    6.7070070E-04    3.2846265E-04    8.2805968E-05
    4.3500000E+00   -1.0863672E-04    4.9093561E-05    1.6648052E-05    3.7083145E-05    2.2124325E-05    4.8319992E-09    1.0000031E-16    3.6121624E-06    4.3851088E-08    3.4634912E-09    6.8934044E-05    6.7070070E-04    3.2846265E-04    8.2805968E-05
    4.4500000E+00   -1.0974454E-04    4.9453986E-05    1.6822315E-05    3.7123329E-05    2.2288684E-05    4.6489012E-09    1.0000031E-16    3.6943422E-06    4.4064349E-08    3.4803413E-09    7.0005387E-05    6.7070070E-04    3.2846265E-04    8.2805968E-05
    4.5500000E+00   -1.1085466E-04    4.9815129E-05    1.6996808E-05    3.7163593E-05    2.2453436E-05    4.4746475E-09    1.0000031E-16    3.7767178E-06    4.4280312E-08    3.4974090E-09    7.1078639E-05    6.7070070E-04    3.2846265E-04    8.2805968E-05
    4.6500000E+00   -1.1196710E-04    5.0176989E-05    1.7171530E-05    3.7203938E-05    2.2618579E-05    4.3087223E-09    1.0000031E-16    3.8592895E-06    4.4498981E-08    3.5146941E-09    7.2153801E-05    6.7070070E-04    3.2846265E-04    8.2805968E-05
    4.7500000E+00   -1.1308186E-04    5.0539569E-05    1.7346482E-05    3.7244362E-05    2.2784115E-05    4.1506447E-09    1.0000031E-16    3.9420575E-06    4.4720360E-08    3.5321965E-09    7.3230874E-05    6.7070070E-04    3.2846265E-04    8.2805968E-05
    4.8500000E+00   -1.1419893E-04    5.0902869E-05    1.7521664E-05    3.7284867E-05    2.2950044E-05    3.9999665E-09    1.0000031E-16    4.0250220E-06    4.4944449E-08    3.5499161E-09    7.4309858E-05    6.7070070E-04    3.2846265E-04    8.2805968E-05
    4.9500000E+00   -1.1531831E-04    5.1266890E-05    1.7697075E-05    3.7325452E-05    2.3116367E-05    3.8562694E-09    1.0000031E-16    4.1081834E-06    4.5171255E-08    3.5678529E-09    7.5390754E-05    6.7070070E-04    3.2846265E-04    8.2805968E-05
    5.0500000E+00   -1.1644001E-04    5.1631631E-05    1.7872716E-05    3.7366118E-05    2.3283083E-05    3.7191630E-09    1.0000031E-16    4.1915417E-06    4.5400779E-08    3.5860071E-09    7.6473565E-05    6.7070070E-04    3.2846265E-04    8.2805968E-05
    5.1500000E+00   -1.1756403E-04    5.1997095E-05    1.8048587E-05    3.7406864E-05    2.3450195E-05    3.5882824E-09    1.0000031E-16    4.2750973E-06    4.5633026E-08    3.6043786E-09    7.7558289E-05    6.7070070E-04    3.2846265E-04    8.2805968E-05
    5.2500000E+00   -1.1869036E-04    5.2363281E-05    1.8224687E-05    3.7447691E-05    2.3617701E-05    3.4632861E-09    1.0000031E-16    4.3588503E-06    4.5868001E-08    3.6229677E-09    7.8644929E-05    6.7070070E-04    3.2846265E-04    8.2805968E-05
    5.3500000E+00   -1.1981902E-04    5.2730191E-05    1.8401017E-05    3.7488598E-05    2.3785602E-05    3.3438549E-09    1.0000031E-16    4.4428010E-06    4.6105706E-08    3.6417745E-09    7.9733485E-05    6.7070070E-04    3.2846265E-04    8.2805968E-05
    5.4500000E+00   -1.2095000E-04    5.3097825E-05    1.8577576E-05    3.7529586E-05    2.3953899E-05    3.2296897E-09    1.0000031E-16    4.5269497E-06    4.6346148E-08    3.6607993E-09    8.0823958E-05    6.7070070E-04    3.2846265E-04    8.2805968E-05
    5.5500000E+00   -1.2208330E-04    5.3466184E-05    1.8754364E-05    3.7570655E-05    2.4122593E-05    3.1205102E-09    1.0000031E-16    4.6112966E-06    4.6589331E-08    3.6800422E-09    8.1916349E-05    6.7070070E-04    3.2846265E-04    8.2805968E-05
    5.6500000E+00   -1.2321892E-04    5.3835268E-05    1.8931381E-05    3.7611804E-05    2.4291684E-05    3.0160537E-09    1.0000031E-16    4.6958418E-06    4.6835259E-08    3.6995035E-09    8.3010660E-05    6.7070070E-04    3.2846265E-04    8.2805968E-05
    5.7500000E+00   -1.2435687E-04    5.4205079E-05    1.9108627E-05    3.7653035E-05    2.4461171E-05    2.9160735E-09    1.0000031E-16    4.7805857E-06    4.7083938E-08    3.7191835E-09    8.4106890E-05    6.7070070E-04    3.2846265E-04    8.2805968E-05
    5.8500000E+00   -1.2549715E-04    5.4575616E-05    1.9286101E-05    3.7694347E-05    2.4631057E-05    2.8203382E-09    1.0000031E-16    4.8655285E-06    4.7335374E-08    3.7390827E-09    8.5205042E-05    6.7070070E-04    3.2846265E-04    8.2805968E-05
    5.9500000E+00   -1.2663975E-04    5.4946881E-05    1.9463805E-05    3.7735740E-05    2.4801341E-05    2.7286302E-09    1.0000031E-16    4.9506704E-06    4.7589571E-08    3.7592012E-09    8.6305115E-05    6.7070070E-04    3.2846265E-04    8.2805968E-05
    6.0500000E+00   -1.2778469E-04    5.5318875E-05    1.9641737E-05    3.7777214E-05    2.4972023E-05    2.6407451E-09    1.0000031E-16    5.0360116E-06    4.7846536E-08    3.7795395E-09    8.7407111E-05    6.7070070E-04    3.2846265E-04    8.2805968E-05
    6.1500000E+00   -1.2893196E-04    5.5691598E-05    1.9819897E-05    3.7818769E-05    2.5143105E-05    2.5564907E-09    1.0000031E-16    5.1215524E-06    4.8106274E-08    3.8000980E-09    8.8511031E-05    6.7070070E-04    3.2846265E-04    8.2805968E-05
    6.2500000E+00   -1.3008155E-04    5.6065050E-05    1.9998285E-05    3.7860406E-05    2.5314586E-05    2.4756859E-09    1.0000031E-16    5.2072930E-06    4.8368791E-08    3.8208771E-09    8.9616875E-05    6.7070070E-04    3.2846265E-04    8.2805968E-05
    6.3500000E+00   -1.3123349E-04    5.6439233E-05    2.0176901E-05    3.7902124E-05    2.5486467E-05    2.3981603E-09    1.0000031E-16    5.2932336E-06    4.8634094E-08    3.8418772E-09    9.0724644E-05    6.7070070E-04    3.2846265E-04    8.2805968E-05
    6.4500000E+00   -1.3238776E-04    5.6814148E-05    2.0355745E-05    3.7943924E-05    2.5658749E-05    2.3237533E-09    1.0000031E-16    5.3793746E-06    4.8902188E-08    3.8630988E-09    9.1834340E-05    6.7070070E-04    3.2846265E-04    8.2805968E-05
    6.5500000E+00   -1.3354436E-04    5.7189794E-05    2.0534816E-05    3.7985805E-05    2.5831432E-05    2.2523136E-09    1.0000031E-16    5.4657160E-06    4.9173081E-08    3.8845424E-09    9.2945962E-05    6.7070070E-04    3.2846265E-04    8.2805968E-05
    6.6500000E+00   -1.3470331E-04    5.7566173E-05    2.0714115E-05    3.8027768E-05    2.6004516E-05    2.1836984E-09    1.0000031E-16    5.5522581E-06    4.9446780E-08    3.9062084E-09    9.4059513E-05    6.7070070E-04    3.2846265E-04    8.2805968E-05
    6.7500000E+00   -1.3586460E-04    5.7943285E-05    2.0893640E-05    3.8069813E-05    2.6178003E-05    2.1177730E-09    1.0000031E-16    5.6390013E-06    4.9723290E-08    3.9280974E-09    9.5174992E-05    6.7070070E-04    3.2846265E-04    8.2805968E-05
    6.8500000E+00   -1.3702823E-04    5.8321132E-05    2.1073392E-05    3.8111940E-05    2.6351891E-05    2.0544101E-09    1.0000031E-16    5.7259456E-06    5.0002618E-08    3.9502098E-09    9.6292400E-05    6.7070070E-04    3.2846265E-04    8.2805968E-05
    6.9500000E+00   -1.3819420E-04    5.8699713E-05    2.1253371E-05    3.8154148E-05    2.6526183E-05    1.9934896E-09    1.0000031E-16    5.8130914E-06    5.0284773E-08    3.9725463E-09    9.7411738E-05    6.7070070E-04    3.2846265E-04    8.2805968E-05
    7.0500000E+00   -1.3936252E-04    5.9079030E-05    2.1433575E-05    3.8196439E-05    2.6700878E-05    1.9348979E-09    1.0000031E-16    5.9004388E-06    5.0569761E-08    3.9951074E-09    9.8533007E-05    6.7070070E-04    3.2846265E-04    8.2805968E-05
    7.1500000E+00   -1.4053318E-04    5.9459084E-05    2.1614005E-05    3.8238812E-05    2.6875976E-05    1.8785275E-09    1.0000031E-16    5.9879881E-06    5.0857590E-08    4.0178936E-09    9.9656208E-05    6.7070070E-04    3.2846265E-04    8.2805968E-05
    7.2500000E+00   -1.4170620E-04    5.9839874E-05    2.1794661E-05    3.8281267E-05    2.7051479E-05    1.8242770E-09    1.0000031E-16    6.0757396E-06    5.1148268E-08    4.0409055E-09    1.0078134E-04    6.7070070E-04    3.2846265E-04    8.2805968E-05
    7.3500000E+00   -1.4288157E-04    6.0221402E-05    2.1975541E-05    3.8323804E-05    2.7227387E-05    1.7720500E-09    1.0000031E-16    6.1636935E-06    5.1441801E-08    4.0641438E-09    1.0190841E-04    6.7070070E-04    3.2846265E-04    8.2805968E-05
    7.4500000E+00   -1.4405928E-04    6.0603668E-05    2.2156647E-05    3.8366423E-05    2.7403700E-05    1.7217557E-09    1.0000031E-16    6.2518500E-06    5.1738199E-08    4.0876090E-09    1.0303740E-04    6.7070070E-04    3.2846265E-04    8.2805968E-05
    7.5500000E+00   -1.4523936E-04    6.0986673E-05    2.2337976E-05    3.8409125E-05    2.7580419E-05    1.6733076E-09    1.0000031E-16    6.3402093E-06    5.2037469E-08    4.1113018E-09    1.0416834E-04    6.7070070E-04    3.2846265E-04    8.2805968E-05
    7.6500000E+00   -1.4642178E-04    6.1370419E-05    2.2519530E-05    3.8451909E-05    2.7757543E-05    1.6266240E-09    1.0000031E-16    6.4287716E-06    5.2339619E-08    4.1352228E-09    1.0530120E-04    6.7070070E-04    3.2846265E-04    8.2805968E-05
    7.7500000E+00   -1.4760657E-04    6.1754904E-05    2.2701306E-05    3.8494776E-05    2.7935075E-05    1.5816274E-09    1.0000031E-16    6.5175373E-06    5.2644658E-08    4.1593727E-09    1.0643600E-04    6.7070070E-04    3.2846265E-04    8.2805968E-05
    7.8500000E+00   -1.4879371E-04    6.2140132E-05    2.2883306E-05    3.8537726E-05    2.8113013E-05    1.5382443E-09    1.0000031E-16    6.6065065E-06    5.2952594E-08    4.1837522E-09    1.0757274E-04    6.7070070E-04    3.2846265E-04    8.2805968E-05
    7.9500000E+00   -1.4998321E-04    6.2526101E-05    2.3065528E-05    3.8580758E-05    2.8291359E-05    1.4964049E-09    1.0000031E-16    6.6956795E-06    5.3263437E-08    4.2083619E-09    1.0871141E-04    6.7070070E-04    3.2846265E-04    8.2805968E-05
    8.0500000E+00   -1.5117508E-04    6.2912812E-05    2.3247973E-05    3.8623873E-05    2.8470113E-05    1.4560428E-09    1.0000031E-16    6.7850565E-06    5.3577194E-08    4.2332026E-09    1.0985202E-04    6.7070070E-04    3.2846265E-04    8.2805968E-05
    8.1500000E+00   -1.5236931E-04    6.3300267E-05    2.3430638E-05    3.8667071E-05    2.8649275E-05    1.4170952E-09    1.0000031E-16    6.8746377E-06    5.3893876E-08    4.2582749E-09    1.1099457E-04    6.7070070E-04    3.2846265E-04    8.2805968E-05
    8.2500000E+00   -1.5356590E-04    6.3688467E-05    2.3613525E-05    3.8710352E-05    2.8828847E-05    1.3795024E-09    1.0000031E-16    6.9644235E-06    5.4213491E-08    4.2835796E-09    1.1213905E-04    6.7070070E-04    3.2846265E-04    8.2805968E-05
    8.3500000E+00   -1.5476486E-04    6.4077411E-05    2.3796633E-05    3.8753716E-05    2.9008828E-05    1.3432073E-09    1.0000031E-16    7.0544139E-06    5.4536048E-08    4.3091175E-09    1.1328547E-04    6.7070070E-04    3.2846265E-04    8.2805968E-05
    8.4500000E+00   -1.5596619E-04    6.4467100E-05    2.3979960E-05    3.8797163E-05    2.9189218E-05    1.3081561E-09    1.0000031E-16    7.1446092E-06    5.4861557E-08    4.3348892E-09    1.1443383E-04    6.7070070E-04    3.2846265E-04    8.2805968E-05
    8.5500000E+00   -1.5716989E-04    6.4857536E-05    2.4163506E-05    3.8840693E-05    2.9370019E-05    1.2742973E-09    1.0000031E-16    7.2350097E-06    5.5190029E-08    4.3608956E-09    1.1558412E-04    6.7070070E-04    3.2846265E-04    8.2805968E-05
    8.6500000E+00   -1.5837596E-04    6.5248719E-05    2.4347271E-05    3.8884306E-05    2.9551231E-05    1.2415819E-09    1.0000031E-16    7.3256156E-06    5.5521472E-08    4.3871375E-09    1.1673636E-04    6.7070070E-04    3.2846265E-04    8.2805968E-05
    8.7500000E+00   -1.5958441E-04    6.5640650E-05    2.4531255E-05    3.8928003E-05    2.9732854E-05    1.2099634E-09    1.0000031E-16    7.4164272E-06    5.5855897E-08    4.4136156E-09    1.1789053E-04    6.7070070E-04    3.2846265E-04    8.2805968E-05
    8.8500000E+00   -1.6079522E-04    6.6033329E-05    2.4715455E-05    3.8971784E-05    2.9914889E-05    1.1793975E-09    1.0000031E-16    7.5074446E-06    5.6193315E-08    4.4403307E-09    1.1904664E-04    6.7070070E-04    3.2846265E-04    8.2805968E-05
    8.9500000E+00   -1.6200842E-04    6.6426757E-05    2.4899873E-05    3.9015647E-05    3.0097336E-05    1.1498418E-09    1.0000031E-16    7.5986682E-06    5.6533734E-08    4.4672838E-09    1.2020468E-04    6.7070070E-04    3.2846265E-04    8.2805968E-05
    9.0500000E+00   -1.6322399E-04    6.6820935E-05    2.5084506E-05    3.9059595E-05    3.0280196E-05    1.1212562E-09    1.0000031E-16    7.6900981E-06    5.6877167E-08    4.4944756E-09    1.2136467E-04    6.7070070E-04    3.2846265E-04    8.2805968E-05
    9.1500000E+00   -1.6444194E-04    6.7215863E-05    2.5269355E-05    3.9103626E-05    3.0463469E-05    1.0936022E-09    1.0000031E-16    7.7817345E-06    5.7223625E-08    4.5219071E-09    1.2252659E-04    6.7070070E-04    3.2846265E-04    8.2805968E-05
    9.2500000E+00   -1.6566226E-04    6.7611543E-05    2.5454418E-05    3.9147741E-05    3.0647155E-05    1.0668431E-09    1.0000031E-16    7.8735777E-06    5.7573117E-08    4.5495790E-09    1.2369045E-04    6.7070070E-04    3.2846265E-04    8.2805968E-05
    9.3500000E+00   -1.6688498E-04    6.8007975E-05    2.5639695E-05    3.9191940E-05    3.0831256E-05    1.0409442E-09    1.0000031E-16    7.9656280E-06    5.7925655E-08    4.5774923E-09    1.2485625E-04    6.7070070E-04    3.2846265E-04    8.2805968E-05
    9.4500000E+00   -1.6811007E-04    6.8405159E-05    2.5825185E-05    3.9236222E-05    3.1015771E-05    1.0158720E-09    1.0000031E-16    8.0578856E-06    5.8281251E-08    4.6056479E-09    1.2602398E-04    6.7070070E-04    3.2846265E-04    8.2805968E-05
    9.5500000E+00   -1.6933755E-04    6.8803097E-05    2.6010887E-05    3.9280589E-05    3.1200701E-05    9.9159480E-10    1.0000031E-16    8.1503507E-06    5.8639917E-08    4.6340467E-09    1.2719366E-04    6.7070070E-04    3.2846265E-04    8.2805968E-05
    9.6500000E+00   -1.7056741E-04    6.9201789E-05    2.6196800E-05    3.9325040E-05    3.1386047E-05    9.6808210E-10    1.0000031E-16    8.2430235E-06    5.9001663E-08    4.6626897E-09    1.2836527E-04    6.7070070E-04    3.2846265E-04    8.2805968E-05
    9.7500000E+00   -1.7179966E-04    6.9601236E-05    2.6382924E-05    3.9369575E-05    3.1571808E-05    9.4530493E-10    1.0000031E-16    8.3359042E-06    5.9366502E-08    4.6915778E-09    1.2953881E-04    6.7070070E-04    3.2846265E-04    8.2805968E-05
    9.8500000E+00   -1.7303430E-04    7.0001438E-05    2.6569257E-05    3.9414194E-05    3.1757986E-05    9.2323556E-10    1.0000031E-16    8.4289932E-06    5.9734447E-08    4.7207120E-09    1.3071430E-04    6.7070070E-04    3.2846265E-04    8.2805968E-05
    9.9500000E+00   -1.7427133E-04    7.0402397E-05    2.6755799E-05    3.9458897E-05    3.1944581E-05    9.0184746E-10    1.0000031E-16    8.5222906E-06    6.0105510E-08    4.7500932E-09    1.3189171E-04    6.7070070E-04    3.2846265E-04    8.2805968E-05
    1.0050000E+01   -1.7551074E-04    7.0804112E-05    2.6942548E-05    3.9503685E-05    3.2131593E-05    8.8111530E-10    1.0000031E-16    8.6157967E-06    6.0479703E-08    4.7797226E-09    1.3307107E-04    6.7070070E-04    3.2846265E-04    8.2805968E-05
    1.0150000E+01   -1.7675256E-04    7.1206585E-05    2.7129504E-05    3.9548557E-05    3.2319023E-05    8.6101484E-10    1.0000031E-16    8.7095117E-06    6.0857039E-08    4.8096011E-09    1.3425236E-04    6.7070070E-04    3.2846265E-04    8.2805968E-05
    1.0250000E+01   -1.7799676E-04    7.1609817E-05    2.7316665E-05    3.9593514E-05    3.2506872E-05    8.4152289E-10    1.0000031E-16    8.8034358E-06    6.1237531E-08    4.8397298E-09    1.3543558E-04    6.7070070E-04    3.2846265E-04    8.2805968E-05
    1.0350000E+01   -1.7924336E-04    7.2013808E-05    2.7504031E-05    3.9638556E-05    3.2695139E-05    8.2261725E-10    1.0000031E-16    8.8975693E-06    6.1621194E-08    4.8701098E-09    1.3662073E-04    6.7070070E-04    3.2846265E-04    8.2805968E-05
    1.0450000E+01   -1.8049235E-04    7.2418558E-05    2.7691600E-05    3.9683682E-05    3.2883825E-05    8.0427669E-10    1.0000031E-16    8.9919124E-06    6.2008040E-08    4.9007421E-09    1.3780782E-04    6.7070070E-04    3.2846265E-04    8.2805968E-05
    1.0550000E+01   -1.8174374E-04    7.2824070E-05    2.7879371E-05    3.9728893E-05    3.3072931E-05    7.8648085E-10    1.0000031E-16    9.0864653E-06    6.2398083E-08    4.9316278E-09    1.3899684E-04    6.7070070E-04    3.2846265E-04    8.2805968E-05
    1.0650000E+01   -1.8299753E-04    7.3230342E-05    2.8067343E-05    3.9774189E-05    3.3262457E-05    7.6921026E-10    1.0000031E-16    9.1812283E-06    6.2791337E-08    4.9627681E-09    1.4018779E-04    6.7070070E-04    3.2846265E-04    8.2805968E-05
    1.0750000E+01   -1.8425371E-04    7.3637376E-05    2.8255515E-05    3.9819570E-05    3.3452403E-05    7.5244626E-10    1.0000031E-16    9.2762016E-06    6.3187817E-08    4.9941641E-09    1.4138067E-04    6.7070070E-04    3.2846265E-04    8.2805968E-05
    1.0850000E+01   -1.8551230E-04    7.4045173E-05    2.8443886E-05    3.9865036E-05    3.3642771E-05    7.3617095E-10    1.0000031E-16    9.3713855E-06    6.3587537E-08    5.0258169E-09    1.4257548E-04    6.7070070E-04    3.2846265E-04    8.2805968E-05
    1.0950000E+01   -1.8677328E-04    7.4453734E-05    2.8632454E-05    3.9910587E-05    3.3833560E-05    7.2036719E-10    1.0000031E-16    9.4667801E-06    6.3990512E-08    5.0577279E-09    1.4377221E-04    6.7070070E-04    3.2846265E-04    8.2805968E-05
    1.1050000E+01   -1.8803667E-04    7.4863058E-05    2.8821218E-05    3.9956223E-05    3.4024771E-05    7.0501854E-10    1.0000031E-16    9.5623857E-06    6.4396757E-08    5.0898981E-09    1.4497087E-04    6.7070070E-04    3.2846265E-04    8.2805968E-05
    1.1150000E+01   -1.8930246E-04    7.5273148E-05    2.9010177E-05    4.0001944E-05    3.4216405E-05    6.9010923E-10    1.0000031E-16    9.6582026E-06    6.4806288E-08    5.1223288E-09    1.4617146E-04    6.7070070E-04    3.2846265E-04    8.2805968E-05
    1.1250000E+01   -1.9057065E-04    7.5684003E-05    2.9199329E-05    4.0047751E-05    3.4408462E-05    6.7562415E-10    1.0000031E-16    9.7542309E-06    6.5219120E-08    5.1550213E-09    1.4737397E-04    6.7070070E-04    3.2846265E-04    8.2805968E-05
    1.1350000E+01   -1.9184125E-04    7.6095624E-05    2.9388673E-05    4.0093643E-05    3.4600942E-05    6.6154877E-10    1.0000031E-16    9.8504709E-06    6.5635269E-08    5.1879768E-09    1.4857840E-04    6.7070070E-04    3.2846265E-04    8.2805968E-05
    1.1450000E+01   -1.9311425E-04    7.6508012E-05    2.9578207E-05    4.0139621E-05    3.4793846E-05    6.4786916E-10    1.0000031E-16    9.9469229E-06    6.6054751E-08    5.2211966E-09    1.4978476E-04    6.7070070E-04    3.2846265E-04    8.2805968E-05
    1.1550000E+01   -1.9438966E-04    7.6921168E-05    2.9767931E-05    4.0185684E-05    3.4987174E-05    6.3457196E-10    1.0000031E-16    1.0043587E-05    6.6477583E-08    5.2546821E-09    1.5099303E-04    6.7070070E-04    3.2846265E-04    8.2805968E-05
    1.1650000E+01   -1.9566747E-04    7.7335092E-05    2.9957841E-05    4.0231833E-05    3.5180927E-05    6.2164432E-10    1.0000031E-16    1.0140464E-05    6.6903782E-08    5.2884345E-09    1.5220322E-04    6.7070070E-04    3.2846265E-04    8.2805968E-05
    1.1750000E+01   -1.9694769E-04    7.7749786E-05    3.0147938E-05    4.0278068E-05    3.5375105E-05    6.0907390E-10    1.0000031E-16    1.0237553E-05    6.7333365E-08    5.3224554E-09    1.5341533E-04    6.7070070E-04    3.2846265E-04    8.2805968E-05
    1.1850000E+01   -1.9823032E-04    7.8165249E-05    3.0338218E-05    4.0324389E-05    3.5569710E-05    5.9684887E-10    1.0000031E-16    1.0334855E-05    6.7766349E-08    5.3567459E-09    1.5462935E-04    6.7070070E-04    3.2846265E-04    8.2805968E-05
    1.1950000E+01   -1.9951535E-04    7.8581483E-05    3.0528681E-05    4.0370795E-05    3.5764740E-05    5.8495782E-10    1.0000031E-16    1.0432370E-05    6.8202753E-08    5.3913077E-09    1.5584528E-04    6.7070070E-04    3.2846265E-04    8.2805968E-05
    1.2050000E+01   -2.0080280E-04    7.8998488E-05    3.0719325E-05    4.0417288E-05    3.5960197E-05    5.7338982E-10    1.0000031E-16    1.0530098E-05    6.8642593E-08    5.4261421E-09    1.5706312E-04    6.7070070E-04    3.2846265E-04    8.2805968E-05
    1.2150000E+01   -2.0209265E-04    7.9416265E-05    3.0910148E-05    4.0463866E-05    3.6156081E-05    5.6213434E-10    1.0000031E-16    1.0628040E-05    6.9085889E-08    5.4612506E-09    1.5828287E-04    6.7070070E-04    3.2846265E-04    8.2805968E-05
    1.2250000E+01   -2.0338492E-04    7.9834815E-05    3.1101148E-05    4.0510531E-05    3.6352393E-05    5.5118126E-10    1.0000031E-16    1.0726196E-05    6.9532659E-08    5.4966347E-09    1.5950452E-04    6.7070070E-04    3.2846265E-04    8.2805968E-05
    1.2350000E+01   -2.0467959E-04    8.0254138E-05    3.1292323E-05    4.0557282E-05    3.6549132E-05    5.4052087E-10    1.0000031E-16    1.0824566E-05    6.9982923E-08    5.5322959E-09    1.6072808E-04    6.7070070E-04    3.2846265E-04    8.2805968E-05
    1.2450000E+01   -2.0597667E-04    8.0674235E-05    3.1483671E-05    4.0604119E-05    3.6746301E-05    5.3014378E-10    1.0000031E-16    1.0923150E-05    7.0436700E-08    5.5682359E-09    1.6195354E-04    6.7070070E-04    3.2846265E-04    8.2805968E-05
    1.2550000E+01   -2.0727617E-04    8.1095107E-05    3.1675192E-05    4.0651043E-05    3.6943898E-05    5.2004100E-10    1.0000031E-16    1.1021949E-05    7.0894009E-08    5.6044560E-09    1.6318090E-04    6.7070070E-04    3.2846265E-04    8.2805968E-05
    1.2650000E+01   -2.0857807E-04    8.1516755E-05    3.1866881E-05    4.0698053E-05    3.7141925E-05    5.1020386E-10    1.0000031E-16    1.1120962E-05    7.1354871E-08    5.6409581E-09    1.6441015E-04    6.7070070E-04    3.2846265E-04    8.2805968E-05
    1.2750000E+01   -2.0988239E-04    8.1939178E-05    3.2058738E-05    4.0745149E-05    3.7340382E-05    5.0062402E-10    1.0000031E-16    1.1220191E-05    7.1819307E-08    5.6777437E-09    1.6564130E-04    6.7070070E-04    3.2846265E-04    8.2805968E-05
    1.2850000E+01   -2.1118912E-04    8.2362379E-05    3.2250760E-05    4.0792333E-05    3.7539269E-05    4.9129343E-10    1.0000031E-16    1.1319634E-05    7.2287337E-08    5.7148145E-09    1.6687434E-04    6.7070070E-04    3.2846265E-04    8.2805968E-05
    1.2950000E+01   -2.1249826E-04    8.2786358E-05    3.2442945E-05    4.0839603E-05    3.7738587E-05    4.8220437E-10    1.0000031E-16    1.1419293E-05    7.2758983E-08    5.7521722E-09    1.6810926E-04    6.7070070E-04    3.2846265E-04    8.2805968E-05
    1.3050000E+01   -2.1380981E-04    8.3211115E-05    3.2635291E-05    4.0886959E-05    3.7938336E-05    4.7334939E-10    1.0000031E-16    1.1519168E-05    7.3234266E-08    5.7898186E-09    1.6934607E-04    6.7070070E-04    3.2846265E-04    8.2805968E-05
    1.3150000E+01   -2.1512377E-04    8.3636651E-05    3.2827796E-05    4.0934403E-05    3.8138517E-05    4.6472130E-10    1.0000031E-16    1.1619259E-05    7.3713209E-08    5.8277554E-09    1.7058476E-04    6.7070070E-04    3.2846265E-04    8.2805968E-05
    1.3250000E+01   -2.1644015E-04    8.4062966E-05    3.3020457E-05    4.0981934E-05    3.8339131E-05    4.5631319E-10    1.0000031E-16    1.1719565E-05    7.4195834E-08    5.8659844E-09    1.7182533E-04    6.7070070E-04    3.2846265E-04    8.2805968E-05
    1.3350000E+01   -2.1775893E-04    8.4490063E-05    3.3213271E-05    4.1029551E-05    3.8540177E-05    4.4811840E-10    1.0000031E-16    1.1820088E-05    7.4682164E-08    5.9045074E-09    1.7306777E-04    6.7070070E-04    3.2846265E-04    8.2805968E-05
    1.3450000E+01   -2.1908013E-04    8.4917940E-05    3.3406237E-05    4.1077256E-05    3.8741656E-05    4.4013051E-10    1.0000031E-16    1.1920828E-05    7.5172223E-08    5.9433264E-09    1.7431209E-04    6.7070070E-04    3.2846265E-04    8.2805968E-05
    1.3550000E+01   -2.2040373E-04    8.5346600E-05    3.3599352E-05    4.1125048E-05    3.8943569E-05    4.3234332E-10    1.0000031E-16    1.2021785E-05    7.5666034E-08    5.9824433E-09    1.7555827E-04    6.7070070E-04    3.2846265E-04    8.2805968E-05
    1.3650000E+01   -2.2172975E-04    8.5776042E-05    3.3792613E-05    4.1172927E-05    3.9145916E-05    4.2475086E-10    1.0000031E-16    1.2122958E-05    7.6163622E-08    6.0218599E-09    1.7680632E-04    6.7070070E-04    3.2846265E-04    8.2805968E-05
    1.3750000E+01   -2.2305818E-04    8.6206268E-05    3.3986018E-05    4.1220893E-05    3.9348698E-05    4.1734739E-10    1.0000031E-16    1.2224349E-05    7.6665011E-08    6.0615783E-09    1.7805622E-04    6.7070070E-04    3.2846265E-04    8.2805968E-05
    1.3850000E+01   -2.2438902E-04    8.6637278E-05    3.4179563E-05    4.1268947E-05    3.9551915E-05    4.1012735E-10    1.0000031E-16    1.2325958E-05    7.7170228E-08    6.1016006E-09    1.7930799E-04    6.7070070E-04    3.2846265E-04    8.2805968E-05
    1.3950000E+01   -2.2572226E-04    8.7069072E-05    3.4373247E-05    4.1317089E-05    3.9755568E-05    4.0308538E-10    1.0000031E-16    1.2427784E-05    7.7679297E-08    6.1419286E-09    1.8056160E-04    6.7070070E-04    3.2846265E-04    8.2805968E-05
    1.4050000E+01   -2.2705792E-04    8.7501653E-05    3.4567066E-05    4.1365318E-05    3.9959656E-05    3.9621633E-10    1.0000031E-16    1.2529828E-05    7.8192244E-08    6.1825647E-09    1.8181706E-04    6.7070070E-04    3.2846265E-04    8.2805968E-05
    1.4150000E+01   -2.2839598E-04    8.7935019E-05    3.4761017E-05    4.1413634E-05    4.0164181E-05    3.8951520E-10    1.0000031E-16    1.2632090E-05    7.8709097E-08    6.2235108E-09    1.8307437E-04    6.7070070E-04    3.2846265E-04    8.2805968E-05
    1.4250000E+01   -2.2973645E-04    8.8369172E-05    3.4955097E-05    4.1462039E-05    4.0369143E-05    3.8297721E-10    1.0000031E-16    1.2734571E-05    7.9229883E-08    6.2647692E-09    1.8433351E-04    6.7070070E-04    3.2846265E-04    8.2805968E-05
    1.4350000E+01   -2.3107933E-04    8.8804113E-05    3.5149304E-05    4.1510531E-05    4.0574542E-05    3.7659770E-10    1.0000031E-16    1.2837271E-05    7.9754630E-08    6.3063421E-09    1.8559449E-04    6.7070070E-04    3.2846265E-04    8.2805968E-05
    1.4450000E+01   -2.3242461E-04    8.9239843E-05    3.5343634E-05    4.1559111E-05    4.0780379E-05    3.7037220E-10    1.0000031E-16    1.2940189E-05    8.0283365E-08    6.3482317E-09    1.8685729E-04    6.7070070E-04    3.2846265E-04    8.2805968E-05
    1.4550000E+01   -2.3377230E-04    8.9676361E-05    3.5538083E-05    4.1607779E-05    4.0986654E-05    3.6429639E-10    1.0000031E-16    1.3043327E-05    8.0816119E-08    6.3904405E-09    1.8812192E-04    6.7070070E-04    3.2846265E-04    8.2805968E-05
    1.4650000E+01   -2.3512239E-04    9.0113670E-05    3.5732649E-05    4.1656535E-05    4.1193369E-05    3.5836611E-10    1.0000031E-16    1.3146684E-05    8.1352920E-08    6.4329707E-09    1.8938837E-04    6.7070070E-04    3.2846265E-04    8.2805968E-05
    1.4750000E+01   -2.3647488E-04    9.0551769E-05    3.5927329E-05    4.1705379E-05    4.1400522E-05    3.5257733E-10    1.0000031E-16    1.3250261E-05    8.1893798E-08    6.4758247E-09    1.9065663E-04    6.7070070E-04    3.2846265E-04    8.2805968E-05
    1.4850000E+01   -2.3782978E-04    9.0990659E-05    3.6122117E-05    4.1754312E-05    4.1608115E-05    3.4692617E-10    1.0000031E-16    1.3354058E-05    8.2438784E-08    6.5190050E-09    1.9192670E-04    6.7070070E-04    3.2846265E-04    8.2805968E-05
    1.4950000E+01   -2.3918707E-04    9.1430341E-05    3.6317012E-05    4.1803333E-05    4.1816149E-05    3.4140889E-10    1.0000031E-16    1.3458074E-05    8.2987909E-08    6.5625142E-09    1.9319858E-04    6.7070070E-04    3.2846265E-04    8.2805968E-05
    1.5050000E+01   -2.4054676E-04    9.1870816E-05    3.6512010E-05    4.1852442E-05    4.2024623E-05    3.3602186E-10    1.0000031E-16    1.3562311E-05    8.3541206E-08    6.6063547E-09    1.9447225E-04    6.7070070E-04    3.2846265E-04    8.2805968E-05
    1.5150000E+01   -2.4190886E-04    9.2312084E-05    3.6707106E-05    4.1901639E-05    4.2233538E-05    3.3076161E-10    1.0000031E-16    1.3666769E-05    8.4098706E-08    6.6505291E-09    1.9574770E-04    6.7070070E-04    3.2846265E-04    8.2805968E-05
    1.5250000E+01   -2.4327334E-04    9.2754146E-05    3.6902297E-05    4.1950925E-05    4.2442895E-05    3.2562476E-10    1.0000031E-16    1.3771447E-05    8.4660444E-08    6.6950402E-09    1.9702495E-04    6.7070070E-04    3.2846265E-04    8.2805968E-05
    1.5350000E+01   -2.4464022E-04    9.3197003E-05    3.7097579E-05    4.2000300E-05    4.2652694E-05    3.2060808E-10    1.0000031E-16    1.3876347E-05    8.5226452E-08    6.7398906E-09    1.9830397E-04    6.7070070E-04    3.2846265E-04    8.2805968E-05
    1.5450000E+01   -2.4600950E-04    9.3640656E-05    3.7292948E-05    4.2049764E-05    4.2862935E-05    3.1570842E-10    1.0000031E-16    1.3981468E-05    8.5796766E-08    6.7850831E-09    1.9958476E-04    6.7070070E-04    3.2846265E-04    8.2805968E-05
    1.5550000E+01   -2.4738116E-04    9.4085105E-05    3.7488400E-05    4.2099316E-05    4.3073620E-05    3.1092277E-10    1.0000031E-16    1.4086810E-05    8.6371420E-08    6.8306205E-09    2.0086732E-04    6.7070070E-04    3.2846265E-04    8.2805968E-05
    1.5650000E+01   -2.4875522E-04    9.4530350E-05    3.7683930E-05    4.2148957E-05    4.3284748E-05    3.0624822E-10    1.0000031E-16    1.4192374E-05    8.6950452E-08    6.8765058E-09    2.0215163E-04    6.7070070E-04    3.2846265E-04    8.2805968E-05
    1.5750000E+01   -2.5013165E-04    9.4976394E-05    3.7879535E-05    4.2198687E-05    4.3496320E-05    3.0168197E-10    1.0000031E-16    1.4298160E-05    8.7533897E-08    6.9227418E-09    2.0343770E-04    6.7070070E-04    3.2846265E-04    8.2805968E-05
    1.5850000E+01   -2.5151048E-04    9.5423236E-05    3.8075209E-05    4.2248506E-05    4.3708336E-05    2.9722132E-10    1.0000031E-16    1.4404168E-05    8.8121793E-08    6.9693316E-09    2.0472550E-04    6.7070070E-04    3.2846265E-04    8.2805968E-05
    1.5950000E+01   -2.5289169E-04    9.5870877E-05    3.8270948E-05    4.2298414E-05    4.3920797E-05    2.9286368E-10    1.0000031E-16    1.4510398E-05    8.8714179E-08    7.0162782E-09    2.0601504E-04    6.7070070E-04    3.2846265E-04    8.2805968E-05
    1.6050000E+01   -2.5427527E-04    9.6319317E-05    3.8466748E-05    4.2348412E-05    4.4133703E-05    2.8860654E-10    1.0000031E-16    1.4616852E-05    8.9311094E-08    7.0635849E-09    2.0730631E-04    6.7070070E-04    3.2846265E-04    8.2805968E-05
    1.6150000E+01   -2.5566124E-04    9.6768559E-05    3.8662604E-05    4.2398498E-05    4.4347056E-05    2.8444751E-10    1.0000031E-16    1.4723528E-05    8.9912579E-08    7.1112548E-09    2.0859930E-04    6.7070070E-04    3.2846265E-04    8.2805968E-05
    1.6250000E+01   -2.5704957E-04    9.7218601E-05    3.8858511E-05    4.2448674E-05    4.4560854E-05    2.8038430E-10    1.0000031E-16    1.4830427E-05    9.0518673E-08    7.1592911E-09    2.0989399E-04    6.7070070E-04    3.2846265E-04    8.2805968E-05
    1.6350000E+01   -2.5844028E-04    9.7669446E-05    3.9054463E-05    4.2498939E-05    4.4775099E-05    2.7641469E-10    1.0000031E-16    1.4937550E-05    9.1129420E-08    7.2076974E-09    2.1119039E-04    6.7070070E-04    3.2846265E-04    8.2805968E-05
    1.6450000E+01   -2.5983336E-04    9.8121093E-05    3.9250456E-05    4.2549294E-05    4.4989792E-05    2.7253659E-10    1.0000031E-16    1.5044896E-05    9.1744862E-08    7.2564770E-09    2.1248848E-04    6.7070070E-04    3.2846265E-04    8.2805968E-05
    1.6550000E+01   -2.6122881E-04    9.8573544E-05    3.9446484E-05    4.2599738E-05    4.5204932E-05    2.6874798E-10    1.0000031E-16    1.5152466E-05    9.2365043E-08    7.3056334E-09    2.1378826E-04    6.7070070E-04    3.2846265E-04    8.2805968E-05
    1.6650000E+01   -2.6262662E-04    9.9026798E-05    3.9642541E-05    4.2650272E-05    4.5420520E-05    2.6504696E-10    1.0000031E-16    1.5260260E-05    9.2990009E-08    7.3551702E-09    2.1508971E-04    6.7070070E-04    3.2846265E-04    8.2805968E-05
    1.6750000E+01   -2.6402679E-04    9.9480858E-05    3.9838623E-05    4.2700896E-05    4.5636557E-05    2.6143170E-10    1.0000031E-16    1.5368279E-05    9.3619806E-08    7.4050912E-09    2.1639282E-04    6.7070070E-04    3.2846265E-04    8.2805968E-05
    1.6850000E+01   -2.6542931E-04    9.9935723E-05    4.0034723E-05    4.2751610E-05    4.5853043E-05    2.5790051E-10    1.0000031E-16    1.5476522E-05    9.4254480E-08    7.4554002E-09    2.1769759E-04    6.7070070E-04    3.2846265E-04    8.2805968E-05
    1.6950000E+01   -2.6683419E-04    1.0039139E-04    4.0230835E-05    4.2802413E-05    4.6069979E-05    2.5445177E-10    1.0000031E-16    1.5584989E-05    9.4894081E-08    7.5061010E-09    2.1900400E-04    6.7070070E-04    3.2846265E-04    8.2805968E-05
    1.7050000E+01   -2.6824141E-04    1.0084787E-04    4.0426953E-05    4.2853306E-05    4.6287364E-05    2.5108399E-10    1.0000031E-16    1.5693682E-05    9.5538658E-08    7.5571977E-09    2.2031204E-04    6.7070070E-04    3.2846265E-04    8.2805968E-05
    1.7150000E+01   -2.6965098E-04    1.0130516E-04    4.0623071E-05    4.2904290E-05    4.6505200E-05    2.4779579E-10    1.0000031E-16    1.5802600E-05    9.6188264E-08    7.6086943E-09    2.2162170E-04    6.7070070E-04    3.2846265E-04    8.2805968E-05
    1.7250000E+01   -2.7106289E-04    1.0176325E-04    4.0819182E-05    4.2955364E-05    4.6723487E-05    2.4458589E-10    1.0000031E-16    1.5911743E-05    9.6842950E-08    7.6605952E-09    2.2293298E-04    6.7070070E-04    3.2846265E-04    8.2805968E-05
    1.7350000E+01   -2.7247714E-04    1.0222216E-04    4.1015279E-05    4.3006527E-05    4.6942225E-05    2.4145319E-10    1.0000031E-16    1.6021113E-05    9.7502771E-08    7.7129046E-09    2.2424585E-04    6.7070070E-04    3.2846265E-04    8.2805968E-05
    1.7450000E+01   -2.7389371E-04    1.0268187E-04    4.1211355E-05    4.3057781E-05    4.7161415E-05    2.3839668E-10    1.0000031E-16    1.6130708E-05    9.8167784E-08    7.7656271E-09    2.2556030E-04    6.7070070E-04    3.2846265E-04    8.2805968E-05
    1.7550000E+01   -2.7531262E-04    1.0314239E-04    4.1407403E-05    4.3109126E-05    4.7381058E-05    2.3541553E-10    1.0000031E-16    1.6240529E-05    9.8838046E-08    7.8187673E-09    2.2687633E-04    6.7070070E-04    3.2846265E-04    8.2805968E-05
    1.7650000E+01   -2.7673384E-04    1.0360373E-04    4.1603416E-05    4.3160561E-05    4.7601153E-05    2.3250910E-10    1.0000031E-16    1.6350577E-05    9.9513617E-08    7.8723300E-09    2.2819391E-04    6.7070070E-04    3.2846265E-04    8.2805968E-05
    1.7750000E+01   -2.7815738E-04    1.0406587E-04    4.1799385E-05    4.3212086E-05    4.7821702E-05    2.2967692E-10    1.0000031E-16    1.6460851E-05    1.0019456E-07    7.9263203E-09    2.2951304E-04    6.7070070E-04    3.2846265E-04    8.2805968E-05
    1.7850000E+01   -2.7958323E-04    1.0452883E-04    4.1995302E-05    4.3263702E-05    4.8042704E-05    2.2691878E-10    1.0000031E-16    1.6571352E-05    1.0088094E-07    7.9807434E-09    2.3083369E-04    6.7070070E-04    3.2846265E-04    8.2805968E-05
    1.7950000E+01   -2.8101138E-04    1.0499261E-04    4.2191158E-05    4.3315409E-05    4.8264161E-05    2.2423470E-10    1.0000031E-16    1.6682080E-05    1.0157282E-07    8.0356046E-09    2.3215586E-04    6.7070070E-04    3.2846265E-04    8.2805968E-05
    1.8050000E+01   -2.8244182E-04    1.0545719E-04    4.2386945E-05    4.3367206E-05    4.8486072E-05    2.2162505E-10    1.0000031E-16    1.6793036E-05    1.0227028E-07    8.0909097E-09    2.3347952E-04    6.7070070E-04    3.2846265E-04    8.2805968E-05
    1.8150000E+01   -2.8387456E-04    1.0592259E-04    4.2582653E-05    4.3419094E-05    4.8708438E-05    2.1909057E-10    1.0000031E-16    1.6904219E-05    1.0297339E-07    8.1466646E-09    2.3480466E-04    6.7070070E-04    3.2846265E-04    8.2805968E-05
    1.8250000E+01   -2.8530958E-04    1.0638881E-04    4.2778271E-05    4.3471074E-05    4.8931260E-05    2.1663246E-10    1.0000031E-16    1.7015630E-05    1.0368223E-07    8.2028757E-09    2.3613126E-04    6.7070070E-04    3.2846265E-04    8.2805968E-05
    1.8350000E+01   -2.8674687E-04    1.0685584E-04    4.2973789E-05    4.3523144E-05    4.9154538E-05    2.1425249E-10    1.0000031E-16    1.7127269E-05    1.0439688E-07    8.2595496E-09    2.3745930E-04    6.7070070E-04    3.2846265E-04    8.2805968E-05
    1.8450000E+01   -2.8818642E-04    1.0732369E-04    4.3169195E-05    4.3575305E-05    4.9378272E-05    2.1195318E-10    1.0000031E-16    1.7239136E-05    1.0511743E-07    8.3166936E-09    2.3878876E-04    6.7070070E-04    3.2846265E-04    8.2805968E-05
    1.8550000E+01   -2.8962823E-04    1.0779236E-04    4.3364476E-05    4.3627558E-05    4.9602464E-05    2.0973797E-10    1.0000031E-16    1.7351232E-05    1.0584398E-07    8.3743154E-09    2.4011960E-04    6.7070070E-04    3.2846265E-04    8.2805968E-05
    1.8650000E+01   -2.9107227E-04    1.0826185E-04    4.3559618E-05    4.3679901E-05    4.9827113E-05    2.0761151E-10    1.0000031E-16    1.7463556E-05    1.0657663E-07    8.4324236E-09    2.4145182E-04    6.7070070E-04    3.2846265E-04    8.2805968E-05
    1.8750000E+01   -2.9251855E-04    1.0873215E-04    4.3754606E-05    4.3732336E-05    5.0052220E-05    2.0558010E-10    1.0000031E-16    1.7576110E-05    1.0731550E-07    8.4910274E-09    2.4278537E-04    6.7070070E-04    3.2846265E-04    8.2805968E-05
    1.8850000E+01   -2.9396704E-04    1.0920328E-04    4.3949422E-05    4.3784863E-05    5.0277785E-05    2.0365226E-10    1.0000031E-16    1.7688893E-05    1.0806072E-07    8.5501375E-09    2.4412022E-04    6.7070070E-04    3.2846265E-04    8.2805968E-05
    1.8950000E+01   -2.9541772E-04    1.0967522E-04    4.4144047E-05    4.3837481E-05    5.0503809E-05    2.0183962E-10    1.0000031E-16    1.7801905E-05    1.0881244E-07    8.6097659E-09    2.4545634E-04    6.7070070E-04    3.2846265E-04    8.2805968E-05
    1.9050000E+01   -2.9687058E-04    1.1014799E-04    4.4338455E-05    4.3890190E-05    5.0730293E-05    2.0015829E-10    1.0000031E-16    1.7915146E-05    1.0957084E-07    8.6699269E-09    2.4679367E-04    6.7070070E-04    3.2846265E-04    8.2805968E-05
    1.9150000E+01   -2.9832558E-04    1.1062158E-04    4.4532619E-05    4.3942991E-05    5.0957236E-05    1.9863105E-10    1.0000031E-16    1.8028618E-05    1.1033613E-07    8.7306375E-09    2.4813217E-04    6.7070070E-04    3.2846265E-04    8.2805968E-05
    1.9250000E+01   -2.9978270E-04    1.1109599E-04    4.4726501E-05    4.3995884E-05    5.1184640E-05    1.9729101E-10    1.0000031E-16    1.8142320E-05    1.1110857E-07    8.7919191E-09    2.4947175E-04    6.7070070E-04    3.2846265E-04    8.2805968E-05
    1.9350000E+01   -3.0124189E-04    1.1157123E-04    4.4920055E-05    4.4048868E-05    5.1412504E-05    1.9618798E-10    1.0000031E-16    1.8256252E-05    1.1188852E-07    8.8537998E-09    2.5081234E-04    6.7070070E-04    3.2846265E-04    8.2805968E-05
    1.9450000E+01   -3.0270309E-04    1.1204728E-04    4.5113214E-05    4.4101945E-05    5.1640829E-05    1.9540058E-10    1.0000031E-16    1.8370415E-05    1.1267644E-07    8.9163184E-09    2.5215378E-04    6.7070070E-04    3.2846265E-04    8.2805968E-05
    1.9550000E+01   -3.0416616E-04    1.1252416E-04    4.5305873E-05    4.4155108E-05    5.1869611E-05    1.9506071E-10    1.0000030E-16    1.8484806E-05    1.1347305E-07    8.9795316E-09    2.5349587E-04    6.7070062E-04    3.2846261E-04    8.2805959E-05
    1.9650000E+01   -3.0562802E-04    1.1300076E-04    4.5497436E-05    4.4207938E-05    5.2098350E-05    1.9541118E-10    9.9999329E-17    1.8599248E-05    1.1427839E-07    9.0434464E-09    2.5483584E-04    6.7069409E-04    3.2845941E-04    8.2805152E-05
    1.9750000E+01   -3.0689258E-04    1.1340473E-04    4.5658532E-05    4.4232227E-05    5.2293675E-05    1.9707447E-10    9.9933686E-17    1.8701801E-05    1.1502071E-07    9.1023860E-09    2.5600981E-04    6.7025383E-04    3.2824380E-04    8.2750796E-05
    1.9850000E+01   -2.9867956E-04    1.1030704E-04    4.4410538E-05    4.2892636E-05    5.0874233E-05    2.0749833E-10    9.6788350E-17    1.8226407E-05    1.1220305E-07    8.8795797E-09    2.4927654E-04    6.4915811E-04    3.1791258E-04    8.0146279E-05
    1.9950000E+01   -3.1717198E-05    1.1655922E-05    4.7103810E-06    4.4297840E-06    5.3827241E-06    1.9569959E-09    9.9028622E-18    1.9536011E-06    1.1991998E-08    9.4892631E-10    2.6581754E-05    6.6418358E-05    3.2527101E-05    8.2001352E-06
