# Time          3.5000E+00
# Units: Bars
    Distance        CO2(g)           O2(g)           
    5.0000000E-02    2.1459748E-02    3.8576373E-01
    1.5000000E-01    1.0238971E-02    1.8516154E-01
    2.5000000E-01    9.9419210E-03    1.8012354E-01
    3.5000000E-01    9.9194183E-03    1.8000324E-01
    4.5000000E-01    9.9034059E-03    1.8000038E-01
    5.5000000E-01    9.8874879E-03    1.8000036E-01
    6.5000000E-01    9.8715107E-03    1.8000041E-01
    7.5000000E-01    9.8554722E-03    1.8000046E-01
    8.5000000E-01    9.8393737E-03    1.8000051E-01
    9.5000000E-01    9.8232165E-03    1.8000056E-01
    1.0500000E+00    9.8070017E-03    1.8000061E-01
    1.1500000E+00    9.7907304E-03    1.8000067E-01
    1.2500000E+00    9.7744034E-03    1.8000072E-01
    1.3500000E+00    9.7580218E-03    1.8000077E-01
    1.4500000E+00    9.7415862E-03    1.8000082E-01
    1.5500000E+00    9.7250974E-03    1.8000087E-01
    1.6500000E+00    9.7085562E-03    1.8000093E-01
    1.7500000E+00    9.6919632E-03    1.8000098E-01
    1.8500000E+00    9.6753189E-03    1.8000103E-01
    1.9500000E+00    9.6586240E-03    1.8000109E-01
    2.0500000E+00    9.6418789E-03    1.8000114E-01
    2.1500000E+00    9.6250841E-03    1.8000119E-01
    2.2500000E+00    9.6082400E-03    1.8000125E-01
    2.3500000E+00    9.5913472E-03    1.8000130E-01
    2.4500000E+00    9.5744060E-03    1.8000135E-01
    2.5500000E+00    9.5574168E-03    1.8000141E-01
    2.6500000E+00    9.5403800E-03    1.8000146E-01
    2.7500000E+00    9.5232957E-03    1.8000152E-01
    2.8500000E+00    9.5061645E-03    1.8000157E-01
    2.9500000E+00    9.4889866E-03    1.8000163E-01
    3.0500000E+00    9.4717622E-03    1.8000168E-01
    3.1500000E+00    9.4544917E-03    1.8000174E-01
    3.2500000E+00    9.4371753E-03    1.8000179E-01
    3.3500000E+00    9.4198132E-03    1.8000185E-01
    3.4500000E+00    9.4024056E-03    1.8000190E-01
    3.5500000E+00    9.3849529E-03    1.8000196E-01
    3.6500000E+00    9.3674551E-03    1.8000201E-01
    3.7500000E+00    9.3499124E-03    1.8000207E-01
    3.8500000E+00    9.3323252E-03    1.8000213E-01
    3.9500000E+00    9.3146934E-03    1.8000218E-01
    4.0500000E+00    9.2970174E-03    1.8000224E-01
    4.1500000E+00    9.2792972E-03    1.8000229E-01
    4.2500000E+00    9.2615330E-03    1.8000235E-01
    4.3500000E+00    9.2437250E-03    1.8000241E-01
    4.4500000E+00    9.2258733E-03    1.8000246E-01
    4.5500000E+00    9.2079780E-03    1.8000252E-01
    4.6500000E+00    9.1900392E-03    1.8000258E-01
    4.7500000E+00    9.1720571E-03    1.8000264E-01
    4.8500000E+00    9.1540318E-03    1.8000269E-01
    4.9500000E+00    9.1359634E-03    1.8000275E-01
    5.0500000E+00    9.1178519E-03    1.8000281E-01
    5.1500000E+00    9.0996976E-03    1.8000287E-01
    5.2500000E+00    9.0815004E-03    1.8000292E-01
    5.3500000E+00    9.0632605E-03    1.8000298E-01
    5.4500000E+00    9.0449779E-03    1.8000304E-01
    5.5500000E+00    9.0266528E-03    1.8000310E-01
    5.6500000E+00    9.0082853E-03    1.8000316E-01
    5.7500000E+00    8.9898752E-03    1.8000322E-01
    5.8500000E+00    8.9714229E-03    1.8000327E-01
    5.9500000E+00    8.9529283E-03    1.8000333E-01
    6.0500000E+00    8.9343915E-03    1.8000339E-01
    6.1500000E+00    8.9158125E-03    1.8000345E-01
    6.2500000E+00    8.8971915E-03    1.8000351E-01
    6.3500000E+00    8.8785284E-03    1.8000357E-01
    6.4500000E+00    8.8598233E-03    1.8000363E-01
    6.5500000E+00    8.8410763E-03    1.8000369E-01
    6.6500000E+00    8.8222875E-03    1.8000375E-01
    6.7500000E+00    8.8034568E-03    1.8000381E-01
    6.8500000E+00    8.7845843E-03    1.8000387E-01
    6.9500000E+00    8.7656700E-03    1.8000393E-01
    7.0500000E+00    8.7467141E-03    1.8000399E-01
    7.1500000E+00    8.7277165E-03    1.8000405E-01
    7.2500000E+00    8.7086773E-03    1.8000411E-01
    7.3500000E+00    8.6895965E-03    1.8000417E-01
    7.4500000E+00    8.6704741E-03    1.8000423E-01
    7.5500000E+00    8.6513102E-03    1.8000429E-01
    7.6500000E+00    8.6321047E-03    1.8000435E-01
    7.7500000E+00    8.6128579E-03    1.8000441E-01
    7.8500000E+00    8.5935695E-03    1.8000448E-01
    7.9500000E+00    8.5742398E-03    1.8000454E-01
    8.0500000E+00    8.5548687E-03    1.8000460E-01
    8.1500000E+00    8.5354562E-03    1.8000466E-01
    8.2500000E+00    8.5160023E-03    1.8000472E-01
    8.3500000E+00    8.4965071E-03    1.8000479E-01
    8.4500000E+00    8.4769707E-03    1.8000485E-01
    8.5500000E+00    8.4573929E-03    1.8000491E-01
    8.6500000E+00    8.4377739E-03    1.8000497E-01
    8.7500000E+00    8.4181136E-03    1.8000503E-01
    8.8500000E+00    8.3984121E-03    1.8000510E-01
    8.9500000E+00    8.3786694E-03    1.8000516E-01
    9.0500000E+00    8.3588856E-03    1.8000522E-01
    9.1500000E+00    8.3390605E-03    1.8000529E-01
    9.2500000E+00    8.3191942E-03    1.8000535E-01
    9.3500000E+00    8.2992868E-03    1.8000541E-01
    9.4500000E+00    8.2793383E-03    1.8000548E-01
    9.5500000E+00    8.2593487E-03    1.8000554E-01
    9.6500000E+00    8.2393179E-03    1.8000560E-01
    9.7500000E+00    8.2192460E-03    1.8000567E-01
    9.8500000E+00    8.1991331E-03    1.8000573E-01
    9.9500000E+00    8.1789790E-03    1.8000580E-01
    1.0050000E+01    8.1587839E-03    1.8000586E-01
    1.0150000E+01    8.1385477E-03    1.8000593E-01
    1.0250000E+01    8.1182705E-03    1.8000599E-01
    1.0350000E+01    8.0979523E-03    1.8000605E-01
    1.0450000E+01    8.0775930E-03    1.8000612E-01
    1.0550000E+01    8.0571927E-03    1.8000618E-01
    1.0650000E+01    8.0367515E-03    1.8000625E-01
    1.0750000E+01    8.0162692E-03    1.8000631E-01
    1.0850000E+01    7.9957459E-03    1.8000638E-01
    1.0950000E+01    7.9751816E-03    1.8000645E-01
    1.1050000E+01    7.9545764E-03    1.8000651E-01
    1.1150000E+01    7.9339302E-03    1.8000658E-01
    1.1250000E+01    7.9132431E-03    1.8000664E-01
    1.1350000E+01    7.8925151E-03    1.8000671E-01
    1.1450000E+01    7.8717461E-03    1.8000678E-01
    1.1550000E+01    7.8509361E-03    1.8000684E-01
    1.1650000E+01    7.8300853E-03    1.8000691E-01
    1.1750000E+01    7.8091936E-03    1.8000697E-01
    1.1850000E+01    7.7882610E-03    1.8000704E-01
    1.1950000E+01    7.7672875E-03    1.8000711E-01
    1.2050000E+01    7.7462731E-03    1.8000718E-01
    1.2150000E+01    7.7252179E-03    1.8000724E-01
    1.2250000E+01    7.7041218E-03    1.8000731E-01
    1.2350000E+01    7.6829849E-03    1.8000738E-01
    1.2450000E+01    7.6618072E-03    1.8000744E-01
    1.2550000E+01    7.6405887E-03    1.8000751E-01
    1.2650000E+01    7.6193294E-03    1.8000758E-01
    1.2750000E+01    7.5980293E-03    1.8000765E-01
    1.2850000E+01    7.5766884E-03    1.8000772E-01
    1.2950000E+01    7.5553068E-03    1.8000778E-01
    1.3050000E+01    7.5338844E-03    1.8000785E-01
    1.3150000E+01    7.5124214E-03    1.8000792E-01
    1.3250000E+01    7.4909176E-03    1.8000799E-01
    1.3350000E+01    7.4693731E-03    1.8000806E-01
    1.3450000E+01    7.4477879E-03    1.8000813E-01
    1.3550000E+01    7.4261621E-03    1.8000820E-01
    1.3650000E+01    7.4044957E-03    1.8000827E-01
    1.3750000E+01    7.3827887E-03    1.8000833E-01
    1.3850000E+01    7.3610410E-03    1.8000840E-01
    1.3950000E+01    7.3392528E-03    1.8000847E-01
    1.4050000E+01    7.3174240E-03    1.8000854E-01
    1.4150000E+01    7.2955548E-03    1.8000861E-01
    1.4250000E+01    7.2736450E-03    1.8000868E-01
    1.4350000E+01    7.2516947E-03    1.8000875E-01
    1.4450000E+01    7.2297040E-03    1.8000882E-01
    1.4550000E+01    7.2076728E-03    1.8000889E-01
    1.4650000E+01    7.1856013E-03    1.8000896E-01
    1.4750000E+01    7.1634893E-03    1.8000903E-01
    1.4850000E+01    7.1413371E-03    1.8000910E-01
    1.4950000E+01    7.1191445E-03    1.8000918E-01
    1.5050000E+01    7.0969117E-03    1.8000925E-01
    1.5150000E+01    7.0746386E-03    1.8000932E-01
    1.5250000E+01    7.0523253E-03    1.8000939E-01
    1.5350000E+01    7.0299718E-03    1.8000946E-01
    1.5450000E+01    7.0075782E-03    1.8000953E-01
    1.5550000E+01    6.9851445E-03    1.8000960E-01
    1.5650000E+01    6.9626708E-03    1.8000968E-01
    1.5750000E+01    6.9401570E-03    1.8000975E-01
    1.5850000E+01    6.9176033E-03    1.8000982E-01
    1.5950000E+01    6.8950096E-03    1.8000989E-01
    1.6050000E+01    6.8723761E-03    1.8000996E-01
    1.6150000E+01    6.8497027E-03    1.8001004E-01
    1.6250000E+01    6.8269896E-03    1.8001011E-01
    1.6350000E+01    6.8042367E-03    1.8001018E-01
    1.6450000E+01    6.7814441E-03    1.8001025E-01
    1.6550000E+01    6.7586120E-03    1.8001033E-01
    1.6650000E+01    6.7357403E-03    1.8001040E-01
    1.6750000E+01    6.7128291E-03    1.8001047E-01
    1.6850000E+01    6.6898784E-03    1.8001055E-01
    1.6950000E+01    6.6668884E-03    1.8001062E-01
    1.7050000E+01    6.6438591E-03    1.8001069E-01
    1.7150000E+01    6.6207905E-03    1.8001077E-01
    1.7250000E+01    6.5976828E-03    1.8001084E-01
    1.7350000E+01    6.5745361E-03    1.8001092E-01
    1.7450000E+01    6.5513503E-03    1.8001099E-01
    1.7550000E+01    6.5281256E-03    1.8001106E-01
    1.7650000E+01    6.5048621E-03    1.8001114E-01
    1.7750000E+01    6.4815599E-03    1.8001121E-01
    1.7850000E+01    6.4582191E-03    1.8001129E-01
    1.7950000E+01    6.4348397E-03    1.8001136E-01
    1.8050000E+01    6.4114219E-03    1.8001144E-01
    1.8150000E+01    6.3879658E-03    1.8001151E-01
    1.8250000E+01    6.3644716E-03    1.8001159E-01
    1.8350000E+01    6.3409393E-03    1.8001166E-01
    1.8450000E+01    6.3173691E-03    1.8001174E-01
    1.8550000E+01    6.2937612E-03    1.8001181E-01
    1.8650000E+01    6.2701158E-03    1.8001189E-01
    1.8750000E+01    6.2464330E-03    1.8001197E-01
    1.8850000E+01    6.2227130E-03    1.8001204E-01
    1.8950000E+01    6.1989562E-03    1.8001212E-01
    1.9050000E+01    6.1751628E-03    1.8001219E-01
    1.9150000E+01    6.1513333E-03    1.8001227E-01
    1.9250000E+01    6.1274680E-03    1.8001235E-01
    1.9350000E+01    6.1035675E-03    1.8001242E-01
    1.9450000E+01    6.0796327E-03    1.8001250E-01
    1.9550000E+01    6.0556648E-03    1.8001258E-01
    1.9650000E+01    6.0316619E-03    1.8001254E-01
    1.9750000E+01    6.0070738E-03    1.7999573E-01
    1.9850000E+01    5.9225601E-03    1.7817643E-01
    1.9950000E+01    1.8607290E-03    5.6560603E-02
