# Time          7.0000E+00
    Distance         pH
  5.0000E-02    5.4842E+00
  1.5000E-01    5.5264E+00
  2.5000E-01    5.5381E+00
  3.5000E-01    5.5450E+00
  4.5000E-01    5.5518E+00
  5.5000E-01    5.5584E+00
  6.5000E-01    5.5650E+00
  7.5000E-01    5.5716E+00
  8.5000E-01    5.5781E+00
  9.5000E-01    5.5846E+00
  1.0500E+00    5.5910E+00
  1.1500E+00    5.5973E+00
  1.2500E+00    5.6036E+00
  1.3500E+00    5.6099E+00
  1.4500E+00    5.6161E+00
  1.5500E+00    5.6222E+00
  1.6500E+00    5.6283E+00
  1.7500E+00    5.6344E+00
  1.8500E+00    5.6404E+00
  1.9500E+00    5.6464E+00
  2.0500E+00    5.6523E+00
  2.1500E+00    5.6582E+00
  2.2500E+00    5.6640E+00
  2.3500E+00    5.6698E+00
  2.4500E+00    5.6756E+00
  2.5500E+00    5.6813E+00
  2.6500E+00    5.6870E+00
  2.7500E+00    5.6926E+00
  2.8500E+00    5.6982E+00
  2.9500E+00    5.7038E+00
  3.0500E+00    5.7093E+00
  3.1500E+00    5.7148E+00
  3.2500E+00    5.7203E+00
  3.3500E+00    5.7257E+00
  3.4500E+00    5.7311E+00
  3.5500E+00    5.7365E+00
  3.6500E+00    5.7418E+00
  3.7500E+00    5.7471E+00
  3.8500E+00    5.7524E+00
  3.9500E+00    5.7576E+00
  4.0500E+00    5.7628E+00
  4.1500E+00    5.7680E+00
  4.2500E+00    5.7731E+00
  4.3500E+00    5.7783E+00
  4.4500E+00    5.7833E+00
  4.5500E+00    5.7884E+00
  4.6500E+00    5.7934E+00
  4.7500E+00    5.7984E+00
  4.8500E+00    5.8034E+00
  4.9500E+00    5.8084E+00
  5.0500E+00    5.8133E+00
  5.1500E+00    5.8182E+00
  5.2500E+00    5.8231E+00
  5.3500E+00    5.8280E+00
  5.4500E+00    5.8328E+00
  5.5500E+00    5.8376E+00
  5.6500E+00    5.8424E+00
  5.7500E+00    5.8472E+00
  5.8500E+00    5.8519E+00
  5.9500E+00    5.8566E+00
  6.0500E+00    5.8613E+00
  6.1500E+00    5.8660E+00
  6.2500E+00    5.8707E+00
  6.3500E+00    5.8753E+00
  6.4500E+00    5.8799E+00
  6.5500E+00    5.8845E+00
  6.6500E+00    5.8891E+00
  6.7500E+00    5.8937E+00
  6.8500E+00    5.8982E+00
  6.9500E+00    5.9027E+00
  7.0500E+00    5.9073E+00
  7.1500E+00    5.9117E+00
  7.2500E+00    5.9162E+00
  7.3500E+00    5.9207E+00
  7.4500E+00    5.9251E+00
  7.5500E+00    5.9295E+00
  7.6500E+00    5.9340E+00
  7.7500E+00    5.9383E+00
  7.8500E+00    5.9427E+00
  7.9500E+00    5.9471E+00
  8.0500E+00    5.9514E+00
  8.1500E+00    5.9558E+00
  8.2500E+00    5.9601E+00
  8.3500E+00    5.9644E+00
  8.4500E+00    5.9687E+00
  8.5500E+00    5.9730E+00
  8.6500E+00    5.9772E+00
  8.7500E+00    5.9815E+00
  8.8500E+00    5.9857E+00
  8.9500E+00    5.9899E+00
  9.0500E+00    5.9941E+00
  9.1500E+00    5.9983E+00
  9.2500E+00    6.0025E+00
  9.3500E+00    6.0067E+00
  9.4500E+00    6.0109E+00
  9.5500E+00    6.0150E+00
  9.6500E+00    6.0192E+00
  9.7500E+00    6.0233E+00
  9.8500E+00    6.0274E+00
  9.9500E+00    6.0315E+00
  1.0050E+01    6.0356E+00
  1.0150E+01    6.0397E+00
  1.0250E+01    6.0438E+00
  1.0350E+01    6.0479E+00
  1.0450E+01    6.0519E+00
  1.0550E+01    6.0560E+00
  1.0650E+01    6.0600E+00
  1.0750E+01    6.0641E+00
  1.0850E+01    6.0681E+00
  1.0950E+01    6.0721E+00
  1.1050E+01    6.0761E+00
  1.1150E+01    6.0801E+00
  1.1250E+01    6.0841E+00
  1.1350E+01    6.0881E+00
  1.1450E+01    6.0921E+00
  1.1550E+01    6.0960E+00
  1.1650E+01    6.1000E+00
  1.1750E+01    6.1039E+00
  1.1850E+01    6.1079E+00
  1.1950E+01    6.1118E+00
  1.2050E+01    6.1157E+00
  1.2150E+01    6.1197E+00
  1.2250E+01    6.1236E+00
  1.2350E+01    6.1275E+00
  1.2450E+01    6.1314E+00
  1.2550E+01    6.1353E+00
  1.2650E+01    6.1392E+00
  1.2750E+01    6.1431E+00
  1.2850E+01    6.1470E+00
  1.2950E+01    6.1508E+00
  1.3050E+01    6.1547E+00
  1.3150E+01    6.1586E+00
  1.3250E+01    6.1624E+00
  1.3350E+01    6.1663E+00
  1.3450E+01    6.1701E+00
  1.3550E+01    6.1740E+00
  1.3650E+01    6.1778E+00
  1.3750E+01    6.1817E+00
  1.3850E+01    6.1855E+00
  1.3950E+01    6.1893E+00
  1.4050E+01    6.1932E+00
  1.4150E+01    6.1970E+00
  1.4250E+01    6.2008E+00
  1.4350E+01    6.2046E+00
  1.4450E+01    6.2084E+00
  1.4550E+01    6.2122E+00
  1.4650E+01    6.2160E+00
  1.4750E+01    6.2198E+00
  1.4850E+01    6.2236E+00
  1.4950E+01    6.2274E+00
  1.5050E+01    6.2312E+00
  1.5150E+01    6.2350E+00
  1.5250E+01    6.2388E+00
  1.5350E+01    6.2426E+00
  1.5450E+01    6.2464E+00
  1.5550E+01    6.2502E+00
  1.5650E+01    6.2539E+00
  1.5750E+01    6.2577E+00
  1.5850E+01    6.2615E+00
  1.5950E+01    6.2653E+00
  1.6050E+01    6.2691E+00
  1.6150E+01    6.2728E+00
  1.6250E+01    6.2766E+00
  1.6350E+01    6.2804E+00
  1.6450E+01    6.2841E+00
  1.6550E+01    6.2879E+00
  1.6650E+01    6.2917E+00
  1.6750E+01    6.2954E+00
  1.6850E+01    6.2992E+00
  1.6950E+01    6.3030E+00
  1.7050E+01    6.3067E+00
  1.7150E+01    6.3105E+00
  1.7250E+01    6.3143E+00
  1.7350E+01    6.3180E+00
  1.7450E+01    6.3218E+00
  1.7550E+01    6.3256E+00
  1.7650E+01    6.3293E+00
  1.7750E+01    6.3331E+00
  1.7850E+01    6.3369E+00
  1.7950E+01    6.3406E+00
  1.8050E+01    6.3444E+00
  1.8150E+01    6.3482E+00
  1.8250E+01    6.3519E+00
  1.8350E+01    6.3557E+00
  1.8450E+01    6.3595E+00
  1.8550E+01    6.3633E+00
  1.8650E+01    6.3670E+00
  1.8750E+01    6.3708E+00
  1.8850E+01    6.3746E+00
  1.8950E+01    6.3784E+00
  1.9050E+01    6.3822E+00
  1.9150E+01    6.3860E+00
  1.9250E+01    6.3897E+00
  1.9350E+01    6.3935E+00
  1.9450E+01    6.3973E+00
  1.9550E+01    6.4011E+00
  1.9650E+01    6.4049E+00
  1.9750E+01    6.4087E+00
  1.9850E+01    6.4128E+00
  1.9950E+01    6.4570E+00
