 TITLE = "Isotope ratios" 
    Distance        Li7+            
    5.0000000E-02   -1.0268441E+01
    1.5000000E-01   -1.2781727E+01
    2.5000000E-01   -1.3899193E+01
    3.5000000E-01   -1.4809083E+01
    4.5000000E-01   -1.5615025E+01
    5.5000000E-01   -1.6331935E+01
    6.5000000E-01   -1.6970511E+01
    7.5000000E-01   -1.7540004E+01
    8.5000000E-01   -1.8048480E+01
    9.5000000E-01   -1.8502985E+01
    1.0500000E+00   -1.8909683E+01
    1.1500000E+00   -1.9273972E+01
    1.2500000E+00   -1.9600590E+01
    1.3500000E+00   -1.9893702E+01
    1.4500000E+00   -2.0156969E+01
    1.5500000E+00   -2.0393621E+01
    1.6500000E+00   -2.0606505E+01
    1.7500000E+00   -2.0798141E+01
    1.8500000E+00   -2.0970755E+01
    1.9500000E+00   -2.1126321E+01
    2.0500000E+00   -2.1266591E+01
    2.1500000E+00   -2.1393119E+01
    2.2500000E+00   -2.1507288E+01
    2.3500000E+00   -2.1610332E+01
    2.4500000E+00   -2.1703348E+01
    2.5500000E+00   -2.1787317E+01
    2.6500000E+00   -2.1863115E+01
    2.7500000E+00   -2.1931526E+01
    2.8500000E+00   -2.1993252E+01
    2.9500000E+00   -2.2048922E+01
    3.0500000E+00   -2.2099101E+01
    3.1500000E+00   -2.2144298E+01
    3.2500000E+00   -2.2184968E+01
    3.3500000E+00   -2.2221524E+01
    3.4500000E+00   -2.2254336E+01
    3.5500000E+00   -2.2283737E+01
    3.6500000E+00   -2.2310030E+01
    3.7500000E+00   -2.2333489E+01
    3.8500000E+00   -2.2354358E+01
    3.9500000E+00   -2.2372863E+01
    4.0500000E+00   -2.2389206E+01
    4.1500000E+00   -2.2403571E+01
    4.2500000E+00   -2.2416124E+01
    4.3500000E+00   -2.2427017E+01
    4.4500000E+00   -2.2436388E+01
    4.5500000E+00   -2.2444362E+01
    4.6500000E+00   -2.2451054E+01
    4.7500000E+00   -2.2456567E+01
    4.8500000E+00   -2.2460998E+01
    4.9500000E+00   -2.2464432E+01
    5.0500000E+00   -2.2466949E+01
    5.1500000E+00   -2.2468621E+01
    5.2500000E+00   -2.2469515E+01
    5.3500000E+00   -2.2469691E+01
    5.4500000E+00   -2.2469205E+01
    5.5500000E+00   -2.2468108E+01
    5.6500000E+00   -2.2466446E+01
    5.7500000E+00   -2.2464263E+01
    5.8500000E+00   -2.2461597E+01
    5.9500000E+00   -2.2458486E+01
    6.0500000E+00   -2.2454962E+01
    6.1500000E+00   -2.2451056E+01
    6.2500000E+00   -2.2446796E+01
    6.3500000E+00   -2.2442208E+01
    6.4500000E+00   -2.2437317E+01
    6.5500000E+00   -2.2432143E+01
    6.6500000E+00   -2.2426708E+01
    6.7500000E+00   -2.2421031E+01
    6.8500000E+00   -2.2415128E+01
    6.9500000E+00   -2.2409015E+01
    7.0500000E+00   -2.2402708E+01
    7.1500000E+00   -2.2396221E+01
    7.2500000E+00   -2.2389565E+01
    7.3500000E+00   -2.2382752E+01
    7.4500000E+00   -2.2375794E+01
    7.5500000E+00   -2.2368700E+01
    7.6500000E+00   -2.2361479E+01
    7.7500000E+00   -2.2354141E+01
    7.8500000E+00   -2.2346693E+01
    7.9500000E+00   -2.2339142E+01
    8.0500000E+00   -2.2331496E+01
    8.1500000E+00   -2.2323760E+01
    8.2500000E+00   -2.2315941E+01
    8.3500000E+00   -2.2308043E+01
    8.4500000E+00   -2.2300073E+01
    8.5500000E+00   -2.2292034E+01
    8.6500000E+00   -2.2283932E+01
    8.7500000E+00   -2.2275769E+01
    8.8500000E+00   -2.2267550E+01
    8.9500000E+00   -2.2259278E+01
    9.0500000E+00   -2.2250956E+01
    9.1500000E+00   -2.2242588E+01
    9.2500000E+00   -2.2234175E+01
    9.3500000E+00   -2.2225721E+01
    9.4500000E+00   -2.2217228E+01
    9.5500000E+00   -2.2208697E+01
    9.6500000E+00   -2.2200132E+01
    9.7500000E+00   -2.2191533E+01
    9.8500000E+00   -2.2182902E+01
    9.9500000E+00   -2.2174242E+01
    1.0050000E+01   -2.2165552E+01
    1.0150000E+01   -2.2156836E+01
    1.0250000E+01   -2.2148093E+01
    1.0350000E+01   -2.2139324E+01
    1.0450000E+01   -2.2130532E+01
    1.0550000E+01   -2.2121715E+01
    1.0650000E+01   -2.2112877E+01
    1.0750000E+01   -2.2104016E+01
    1.0850000E+01   -2.2095134E+01
    1.0950000E+01   -2.2086232E+01
    1.1050000E+01   -2.2077308E+01
    1.1150000E+01   -2.2068366E+01
    1.1250000E+01   -2.2059403E+01
    1.1350000E+01   -2.2050421E+01
    1.1450000E+01   -2.2041420E+01
    1.1550000E+01   -2.2032401E+01
    1.1650000E+01   -2.2023362E+01
    1.1750000E+01   -2.2014305E+01
    1.1850000E+01   -2.2005229E+01
    1.1950000E+01   -2.1996135E+01
    1.2050000E+01   -2.1987022E+01
    1.2150000E+01   -2.1977890E+01
    1.2250000E+01   -2.1968739E+01
    1.2350000E+01   -2.1959568E+01
    1.2450000E+01   -2.1950379E+01
    1.2550000E+01   -2.1941170E+01
    1.2650000E+01   -2.1931941E+01
    1.2750000E+01   -2.1922692E+01
    1.2850000E+01   -2.1913423E+01
    1.2950000E+01   -2.1904133E+01
    1.3050000E+01   -2.1894821E+01
    1.3150000E+01   -2.1885488E+01
    1.3250000E+01   -2.1876133E+01
    1.3350000E+01   -2.1866755E+01
    1.3450000E+01   -2.1857354E+01
    1.3550000E+01   -2.1847930E+01
    1.3650000E+01   -2.1838481E+01
    1.3750000E+01   -2.1829008E+01
    1.3850000E+01   -2.1819509E+01
    1.3950000E+01   -2.1809984E+01
    1.4050000E+01   -2.1800433E+01
    1.4150000E+01   -2.1790855E+01
    1.4250000E+01   -2.1781248E+01
    1.4350000E+01   -2.1771613E+01
    1.4450000E+01   -2.1761949E+01
    1.4550000E+01   -2.1752254E+01
    1.4650000E+01   -2.1742529E+01
    1.4750000E+01   -2.1732771E+01
    1.4850000E+01   -2.1722982E+01
    1.4950000E+01   -2.1713158E+01
    1.5050000E+01   -2.1703301E+01
    1.5150000E+01   -2.1693408E+01
    1.5250000E+01   -2.1683479E+01
    1.5350000E+01   -2.1673514E+01
    1.5450000E+01   -2.1663510E+01
    1.5550000E+01   -2.1653467E+01
    1.5650000E+01   -2.1643384E+01
    1.5750000E+01   -2.1633260E+01
    1.5850000E+01   -2.1623094E+01
    1.5950000E+01   -2.1612885E+01
    1.6050000E+01   -2.1602631E+01
    1.6150000E+01   -2.1592332E+01
    1.6250000E+01   -2.1581986E+01
    1.6350000E+01   -2.1571592E+01
    1.6450000E+01   -2.1561149E+01
    1.6550000E+01   -2.1550655E+01
    1.6650000E+01   -2.1540109E+01
    1.6750000E+01   -2.1529511E+01
    1.6850000E+01   -2.1518857E+01
    1.6950000E+01   -2.1508148E+01
    1.7050000E+01   -2.1497380E+01
    1.7150000E+01   -2.1486554E+01
    1.7250000E+01   -2.1475666E+01
    1.7350000E+01   -2.1464716E+01
    1.7450000E+01   -2.1453702E+01
    1.7550000E+01   -2.1442621E+01
    1.7650000E+01   -2.1431472E+01
    1.7750000E+01   -2.1420253E+01
    1.7850000E+01   -2.1408961E+01
    1.7950000E+01   -2.1397594E+01
    1.8050000E+01   -2.1386150E+01
    1.8150000E+01   -2.1374626E+01
    1.8250000E+01   -2.1363018E+01
    1.8350000E+01   -2.1351324E+01
    1.8450000E+01   -2.1339540E+01
    1.8550000E+01   -2.1327662E+01
    1.8650000E+01   -2.1315686E+01
    1.8750000E+01   -2.1303605E+01
    1.8850000E+01   -2.1291414E+01
    1.8950000E+01   -2.1279106E+01
    1.9050000E+01   -2.1266671E+01
    1.9150000E+01   -2.1254097E+01
    1.9250000E+01   -2.1241370E+01
    1.9350000E+01   -2.1228469E+01
    1.9450000E+01   -2.1215366E+01
    1.9550000E+01   -2.1202015E+01
    1.9650000E+01   -2.1188344E+01
    1.9750000E+01   -2.1174221E+01
    1.9850000E+01   -2.1159692E+01
    1.9950000E+01   -2.1155504E+01
