# Time          3.5000E+00
# Units: Mol/kgw
    Distance           H+               Na+              K+               Ca++             Mg++             Al+++            Fe+++            Fe++             Li7+             Li6+             SiO2(aq)         CO2(aq)          O2(aq)           Cl-          
    5.0000000E-02   -1.2977882E-04    7.1627406E-05    1.9183319E-05    7.5725991E-05    3.2241214E-05    3.0637335E-08    2.1430290E-16    1.5509131E-07    8.0189334E-08    6.4368138E-09    4.7398386E-05    1.4373265E-03    7.0390277E-04    1.7745503E-04
    1.5000000E-01   -6.4576040E-05    3.5093226E-05    9.5630766E-06    3.6428571E-05    1.5794472E-05    4.7780538E-08    1.0286762E-16    2.3362182E-07    4.0118760E-08    3.2121633E-09    2.4922005E-05    6.8993171E-04    3.3788066E-04    8.5180265E-05
    2.5000000E-01   -6.3915258E-05    3.4497315E-05    9.4816857E-06    3.5477446E-05    1.5525500E-05    4.4953304E-08    1.0006883E-16    3.0764569E-07    3.9738224E-08    3.1780936E-09    2.5320161E-05    6.7116023E-04    3.2868770E-04    8.2862703E-05
    3.5000000E-01   -6.4880144E-05    3.4805892E-05    9.6404233E-06    3.5490717E-05    1.5663749E-05    4.1717588E-08    1.0000197E-16    3.8175085E-07    4.0359639E-08    3.2248134E-09    2.6295611E-05    6.7071184E-04    3.2846810E-04    8.2807343E-05
    4.5000000E-01   -6.5886872E-05    3.5136737E-05    9.8051133E-06    3.5527091E-05    1.5812083E-05    3.8770563E-08    1.0000035E-16    4.5603882E-07    4.1010003E-08    3.2740982E-09    2.7286923E-05    6.7070096E-04    3.2846278E-04    8.2806000E-05
    5.5000000E-01   -6.6897527E-05    3.5468790E-05    9.9701664E-06    3.5564100E-05    1.5961025E-05    3.6091908E-08    1.0000031E-16    5.3051224E-07    4.1665891E-08    3.3240395E-09    2.8280657E-05    6.7070071E-04    3.2846265E-04    8.2805969E-05
    6.5000000E-01   -6.7911104E-05    3.5801542E-05    1.0135447E-05    3.5601199E-05    1.6110343E-05    3.3651706E-08    1.0000031E-16    6.0517147E-07    4.2326577E-08    3.3745558E-09    2.9276463E-05    6.7070070E-04    3.2846265E-04    8.2805968E-05
    7.5000000E-01   -6.8927506E-05    3.6134982E-05    1.0300952E-05    3.5638374E-05    1.6260034E-05    3.1423811E-08    1.0000031E-16    6.8001685E-07    4.2991909E-08    3.4256149E-09    3.0274308E-05    6.7070070E-04    3.2846265E-04    8.2805968E-05
    8.5000000E-01   -6.9946667E-05    3.6469111E-05    1.0466682E-05    3.5675627E-05    1.6410097E-05    2.9385496E-08    1.0000031E-16    7.5504867E-07    4.3661769E-08    3.4771890E-09    3.1274172E-05    6.7070070E-04    3.2846265E-04    8.2805968E-05
    9.5000000E-01   -7.0968532E-05    3.6803930E-05    1.0632638E-05    3.5712956E-05    1.6560534E-05    2.7516936E-08    1.0000031E-16    8.3026724E-07    4.4336054E-08    3.5292542E-09    3.2276038E-05    6.7070070E-04    3.2846265E-04    8.2805968E-05
    1.0500000E+00   -7.1993050E-05    3.7139438E-05    1.0798819E-05    3.5750363E-05    1.6711346E-05    2.5800777E-08    1.0000031E-16    9.0567286E-07    4.5014674E-08    3.5817892E-09    3.3279890E-05    6.7070070E-04    3.2846265E-04    8.2805968E-05
    1.1500000E+00   -7.3020181E-05    3.7475639E-05    1.0965225E-05    3.5787846E-05    1.6862532E-05    2.4221776E-08    1.0000031E-16    9.8126579E-07    4.5697552E-08    3.6347752E-09    3.4285716E-05    6.7070070E-04    3.2846265E-04    8.2805968E-05
    1.2500000E+00   -7.4049885E-05    3.7812531E-05    1.1131858E-05    3.5825407E-05    1.7014093E-05    2.2766504E-08    1.0000031E-16    1.0570463E-06    4.6384621E-08    3.6881958E-09    3.5293505E-05    6.7070070E-04    3.2846265E-04    8.2805968E-05
    1.3500000E+00   -7.5082130E-05    3.8150117E-05    1.1298716E-05    3.5863045E-05    1.7166029E-05    2.1423095E-08    1.0000031E-16    1.1330147E-06    4.7075821E-08    3.7420364E-09    3.6303246E-05    6.7070070E-04    3.2846265E-04    8.2805968E-05
    1.4500000E+00   -7.6116888E-05    3.8488397E-05    1.1465801E-05    3.5900760E-05    1.7318342E-05    2.0181035E-08    1.0000031E-16    1.2091712E-06    4.7771102E-08    3.7962840E-09    3.7314932E-05    6.7070070E-04    3.2846265E-04    8.2805968E-05
    1.5500000E+00   -7.7154133E-05    3.8827371E-05    1.1633113E-05    3.5938553E-05    1.7471032E-05    1.9030981E-08    1.0000031E-16    1.2855161E-06    4.8470417E-08    3.8509270E-09    3.8328556E-05    6.7070070E-04    3.2846265E-04    8.2805968E-05
    1.6500000E+00   -7.8193842E-05    3.9167041E-05    1.1800651E-05    3.5976423E-05    1.7624099E-05    1.7964612E-08    1.0000031E-16    1.3620497E-06    4.9173729E-08    3.9059554E-09    3.9344115E-05    6.7070070E-04    3.2846265E-04    8.2805968E-05
    1.7500000E+00   -7.9235997E-05    3.9507408E-05    1.1968417E-05    3.6014371E-05    1.7777544E-05    1.6974500E-08    1.0000031E-16    1.4387721E-06    4.9881001E-08    3.9613600E-09    4.0361602E-05    6.7070070E-04    3.2846265E-04    8.2805968E-05
    1.8500000E+00   -8.0280580E-05    3.9848471E-05    1.2136410E-05    3.6052397E-05    1.7931367E-05    1.6053998E-08    1.0000031E-16    1.5156837E-06    5.0592203E-08    4.0171327E-09    4.1381014E-05    6.7070070E-04    3.2846265E-04    8.2805968E-05
    1.9500000E+00   -8.1327575E-05    4.0190233E-05    1.2304630E-05    3.6090500E-05    1.8085569E-05    1.5197143E-08    1.0000031E-16    1.5927847E-06    5.1307310E-08    4.0732664E-09    4.2402345E-05    6.7070070E-04    3.2846265E-04    8.2805968E-05
    2.0500000E+00   -8.2376969E-05    4.0532693E-05    1.2473077E-05    3.6128681E-05    1.8240151E-05    1.4398578E-08    1.0000031E-16    1.6700753E-06    5.2026296E-08    4.1297546E-09    4.3425592E-05    6.7070070E-04    3.2846265E-04    8.2805968E-05
    2.1500000E+00   -8.3428750E-05    4.0875852E-05    1.2641753E-05    3.6166941E-05    1.8395112E-05    1.3653478E-08    1.0000031E-16    1.7475558E-06    5.2749143E-08    4.1865916E-09    4.4450752E-05    6.7070070E-04    3.2846265E-04    8.2805968E-05
    2.2500000E+00   -8.4482907E-05    4.1219712E-05    1.2810656E-05    3.6205278E-05    1.8550453E-05    1.2957490E-08    1.0000031E-16    1.8252264E-06    5.3475831E-08    4.2437722E-09    4.5477823E-05    6.7070070E-04    3.2846265E-04    8.2805968E-05
    2.3500000E+00   -8.5539432E-05    4.1564273E-05    1.2979788E-05    3.6243694E-05    1.8706175E-05    1.2306680E-08    1.0000031E-16    1.9030874E-06    5.4206346E-08    4.3012919E-09    4.6506803E-05    6.7070070E-04    3.2846265E-04    8.2805968E-05
    2.4500000E+00   -8.6598315E-05    4.1909535E-05    1.3149147E-05    3.6282188E-05    1.8862278E-05    1.1697485E-08    1.0000031E-16    1.9811390E-06    5.4940674E-08    4.3591466E-09    4.7537689E-05    6.7070070E-04    3.2846265E-04    8.2805968E-05
    2.5500000E+00   -8.7659550E-05    4.2255499E-05    1.3318735E-05    3.6320760E-05    1.9018763E-05    1.1126674E-08    1.0000031E-16    2.0593814E-06    5.5678802E-08    4.4173326E-09    4.8570480E-05    6.7070070E-04    3.2846265E-04    8.2805968E-05
    2.6500000E+00   -8.8723130E-05    4.2602167E-05    1.3488552E-05    3.6359410E-05    1.9175630E-05    1.0591311E-08    1.0000031E-16    2.1378149E-06    5.6420722E-08    4.4758467E-09    4.9605176E-05    6.7070070E-04    3.2846265E-04    8.2805968E-05
    2.7500000E+00   -8.9789050E-05    4.2949538E-05    1.3658597E-05    3.6398139E-05    1.9332879E-05    1.0088727E-08    1.0000031E-16    2.2164397E-06    5.7166424E-08    4.5346859E-09    5.0641774E-05    6.7070070E-04    3.2846265E-04    8.2805968E-05
    2.8500000E+00   -9.0857305E-05    4.3297614E-05    1.3828871E-05    3.6436946E-05    1.9490512E-05    9.6164856E-09    1.0000031E-16    2.2952560E-06    5.7915901E-08    4.5938477E-09    5.1680275E-05    6.7070070E-04    3.2846265E-04    8.2805968E-05
    2.9500000E+00   -9.1927890E-05    4.3646395E-05    1.3999373E-05    3.6475833E-05    1.9648528E-05    9.1723675E-09    1.0000031E-16    2.3742641E-06    5.8669146E-08    4.6533297E-09    5.2720677E-05    6.7070070E-04    3.2846265E-04    8.2805968E-05
    3.0500000E+00   -9.3000802E-05    4.3995883E-05    1.4170105E-05    3.6514797E-05    1.9806929E-05    8.7543426E-09    1.0000031E-16    2.4534643E-06    5.9426155E-08    4.7131298E-09    5.3762981E-05    6.7070070E-04    3.2846265E-04    8.2805968E-05
    3.1500000E+00   -9.4076038E-05    4.4346076E-05    1.4341066E-05    3.6553841E-05    1.9965713E-05    8.3605535E-09    1.0000031E-16    2.5328567E-06    6.0186924E-08    4.7732463E-09    5.4807186E-05    6.7070070E-04    3.2846265E-04    8.2805968E-05
    3.2500000E+00   -9.5153595E-05    4.4696978E-05    1.4512256E-05    3.6592964E-05    2.0124883E-05    7.9892983E-09    1.0000031E-16    2.6124415E-06    6.0951449E-08    4.8336775E-09    5.5853292E-05    6.7070070E-04    3.2846265E-04    8.2805968E-05
    3.3500000E+00   -9.6233470E-05    4.5048587E-05    1.4683675E-05    3.6632165E-05    2.0284438E-05    7.6390159E-09    1.0000031E-16    2.6922191E-06    6.1719728E-08    4.8944219E-09    5.6901300E-05    6.7070070E-04    3.2846265E-04    8.2805968E-05
    3.4500000E+00   -9.7315662E-05    4.5400905E-05    1.4855324E-05    3.6671445E-05    2.0444379E-05    7.3082719E-09    1.0000031E-16    2.7721896E-06    6.2491759E-08    4.9554783E-09    5.7951209E-05    6.7070070E-04    3.2846265E-04    8.2805968E-05
    3.5500000E+00   -9.8400169E-05    4.5753933E-05    1.5027202E-05    3.6710805E-05    2.0604707E-05    6.9957475E-09    1.0000031E-16    2.8523534E-06    6.3267542E-08    5.0168455E-09    5.9003019E-05    6.7070070E-04    3.2846265E-04    8.2805968E-05
    3.6500000E+00   -9.9486990E-05    4.6107671E-05    1.5199310E-05    3.6750244E-05    2.0765421E-05    6.7002282E-09    1.0000031E-16    2.9327105E-06    6.4047075E-08    5.0785225E-09    6.0056732E-05    6.7070070E-04    3.2846265E-04    8.2805968E-05
    3.7500000E+00   -1.0057612E-04    4.6462121E-05    1.5371647E-05    3.6789762E-05    2.0926523E-05    6.4205948E-09    1.0000031E-16    3.0132613E-06    6.4830359E-08    5.1405086E-09    6.1112347E-05    6.7070070E-04    3.2846265E-04    8.2805968E-05
    3.8500000E+00   -1.0166757E-04    4.6817281E-05    1.5544214E-05    3.6829359E-05    2.1088012E-05    6.1558146E-09    1.0000031E-16    3.0940060E-06    6.5617394E-08    5.2028029E-09    6.2169865E-05    6.7070070E-04    3.2846265E-04    8.2805968E-05
    3.9500000E+00   -1.0276133E-04    4.7173155E-05    1.5717011E-05    3.6869036E-05    2.1249890E-05    5.9049334E-09    1.0000031E-16    3.1749448E-06    6.6408182E-08    5.2654048E-09    6.3229287E-05    6.7070070E-04    3.2846265E-04    8.2805968E-05
    4.0500000E+00   -1.0385739E-04    4.7529741E-05    1.5890037E-05    3.6908792E-05    2.1412156E-05    5.6670693E-09    1.0000031E-16    3.2560780E-06    6.7202724E-08    5.3283137E-09    6.4290613E-05    6.7070070E-04    3.2846265E-04    8.2805968E-05
    4.1500000E+00   -1.0495577E-04    4.7887041E-05    1.6063293E-05    3.6948628E-05    2.1574811E-05    5.4414058E-09    1.0000031E-16    3.3374057E-06    6.8001022E-08    5.3915293E-09    6.5353844E-05    6.7070070E-04    3.2846265E-04    8.2805968E-05
    4.2500000E+00   -1.0605646E-04    4.8245056E-05    1.6236779E-05    3.6988544E-05    2.1737857E-05    5.2271866E-09    1.0000031E-16    3.4189283E-06    6.8803079E-08    5.4550512E-09    6.6418981E-05    6.7070070E-04    3.2846265E-04    8.2805968E-05
    4.3500000E+00   -1.0715947E-04    4.8603786E-05    1.6410495E-05    3.7028539E-05    2.1901292E-05    5.0237104E-09    1.0000031E-16    3.5006459E-06    6.9608897E-08    5.5188789E-09    6.7486024E-05    6.7070070E-04    3.2846265E-04    8.2805968E-05
    4.4500000E+00   -1.0826478E-04    4.8963232E-05    1.6584441E-05    3.7068614E-05    2.2065118E-05    4.8303262E-09    1.0000031E-16    3.5825588E-06    7.0418479E-08    5.5830124E-09    6.8554975E-05    6.7070070E-04    3.2846265E-04    8.2805968E-05
    4.5500000E+00   -1.0937241E-04    4.9323395E-05    1.6758617E-05    3.7108769E-05    2.2229335E-05    4.6464293E-09    1.0000031E-16    3.6646673E-06    7.1231829E-08    5.6474514E-09    6.9625834E-05    6.7070070E-04    3.2846265E-04    8.2805968E-05
    4.6500000E+00   -1.1048234E-04    4.9684275E-05    1.6933023E-05    3.7149004E-05    2.2393943E-05    4.4714574E-09    1.0000031E-16    3.7469714E-06    7.2048950E-08    5.7121959E-09    7.0698602E-05    6.7070070E-04    3.2846265E-04    8.2805968E-05
    4.7500000E+00   -1.1159459E-04    5.0045874E-05    1.7107658E-05    3.7189320E-05    2.2558943E-05    4.3048875E-09    1.0000031E-16    3.8294716E-06    7.2869846E-08    5.7772457E-09    7.1773279E-05    6.7070070E-04    3.2846265E-04    8.2805968E-05
    4.8500000E+00   -1.1270916E-04    5.0408191E-05    1.7282524E-05    3.7229715E-05    2.2724336E-05    4.1462322E-09    1.0000031E-16    3.9121680E-06    7.3694521E-08    5.8426008E-09    7.2849868E-05    6.7070070E-04    3.2846265E-04    8.2805968E-05
    4.9500000E+00   -1.1382604E-04    5.0771228E-05    1.7457619E-05    3.7270190E-05    2.2890122E-05    3.9950374E-09    1.0000031E-16    3.9950609E-06    7.4522979E-08    5.9082614E-09    7.3928368E-05    6.7070070E-04    3.2846265E-04    8.2805968E-05
    5.0500000E+00   -1.1494524E-04    5.1134985E-05    1.7632944E-05    3.7310746E-05    2.3056301E-05    3.8508795E-09    1.0000031E-16    4.0781504E-06    7.5355226E-08    5.9742274E-09    7.5008781E-05    6.7070070E-04    3.2846265E-04    8.2805968E-05
    5.1500000E+00   -1.1606675E-04    5.1499463E-05    1.7808499E-05    3.7351382E-05    2.3222874E-05    3.7133631E-09    1.0000031E-16    4.1614368E-06    7.6191265E-08    6.0404990E-09    7.6091107E-05    6.7070070E-04    3.2846265E-04    8.2805968E-05
    5.2500000E+00   -1.1719058E-04    5.1864663E-05    1.7984283E-05    3.7392099E-05    2.3389841E-05    3.5821187E-09    1.0000031E-16    4.2449204E-06    7.7031103E-08    6.1070764E-09    7.7175348E-05    6.7070070E-04    3.2846265E-04    8.2805968E-05
    5.3500000E+00   -1.1831673E-04    5.2230585E-05    1.8160297E-05    3.7432896E-05    2.3557203E-05    3.4568011E-09    1.0000031E-16    4.3286014E-06    7.7874744E-08    6.1739596E-09    7.8261505E-05    6.7070070E-04    3.2846265E-04    8.2805968E-05
    5.4500000E+00   -1.1944521E-04    5.2597231E-05    1.8336541E-05    3.7473774E-05    2.3724960E-05    3.3370871E-09    1.0000031E-16    4.4124801E-06    7.8722193E-08    6.2411491E-09    7.9349578E-05    6.7070070E-04    3.2846265E-04    8.2805968E-05
    5.5500000E+00   -1.2057600E-04    5.2964600E-05    1.8513014E-05    3.7514732E-05    2.3893113E-05    3.2226743E-09    1.0000031E-16    4.4965565E-06    7.9573456E-08    6.3086449E-09    8.0439569E-05    6.7070070E-04    3.2846265E-04    8.2805968E-05
    5.6500000E+00   -1.2170912E-04    5.3332694E-05    1.8689716E-05    3.7555772E-05    2.4061662E-05    3.1132793E-09    1.0000031E-16    4.5808311E-06    8.0428540E-08    6.3764474E-09    8.1531478E-05    6.7070070E-04    3.2846265E-04    8.2805968E-05
    5.7500000E+00   -1.2284456E-04    5.3701513E-05    1.8866648E-05    3.7596892E-05    2.4230608E-05    3.0086366E-09    1.0000031E-16    4.6653040E-06    8.1287449E-08    6.4445569E-09    8.2625306E-05    6.7070070E-04    3.2846265E-04    8.2805968E-05
    5.8500000E+00   -1.2398233E-04    5.4071058E-05    1.9043809E-05    3.7638093E-05    2.4399951E-05    2.9084970E-09    1.0000031E-16    4.7499754E-06    8.2150190E-08    6.5129737E-09    8.3721055E-05    6.7070070E-04    3.2846265E-04    8.2805968E-05
    5.9500000E+00   -1.2512242E-04    5.4441330E-05    1.9221199E-05    3.7679375E-05    2.4569691E-05    2.8126266E-09    1.0000031E-16    4.8348456E-06    8.3016770E-08    6.5816982E-09    8.4818724E-05    6.7070070E-04    3.2846265E-04    8.2805968E-05
    6.0500000E+00   -1.2626484E-04    5.4812329E-05    1.9398817E-05    3.7720738E-05    2.4739830E-05    2.7208057E-09    1.0000031E-16    4.9199148E-06    8.3887193E-08    6.6507307E-09    8.5918316E-05    6.7070070E-04    3.2846265E-04    8.2805968E-05
    6.1500000E+00   -1.2740960E-04    5.5184056E-05    1.9576665E-05    3.7762183E-05    2.4910367E-05    2.6328280E-09    1.0000031E-16    5.0051833E-06    8.4761468E-08    6.7200717E-09    8.7019831E-05    6.7070070E-04    3.2846265E-04    8.2805968E-05
    6.2500000E+00   -1.2855668E-04    5.5556513E-05    1.9754740E-05    3.7803708E-05    2.5081303E-05    2.5484994E-09    1.0000031E-16    5.0906513E-06    8.5639601E-08    6.7897215E-09    8.8123270E-05    6.7070070E-04    3.2846265E-04    8.2805968E-05
    6.3500000E+00   -1.2970610E-04    5.5929698E-05    1.9933045E-05    3.7845316E-05    2.5252638E-05    2.4676371E-09    1.0000031E-16    5.1763190E-06    8.6521599E-08    6.8596807E-09    8.9228634E-05    6.7070070E-04    3.2846265E-04    8.2805968E-05
    6.4500000E+00   -1.3085786E-04    5.6303615E-05    2.0111577E-05    3.7887004E-05    2.5424373E-05    2.3900694E-09    1.0000031E-16    5.2621867E-06    8.7407468E-08    6.9299496E-09    9.0335923E-05    6.7070070E-04    3.2846265E-04    8.2805968E-05
    6.5500000E+00   -1.3201195E-04    5.6678262E-05    2.0290337E-05    3.7928774E-05    2.5596509E-05    2.3156341E-09    1.0000031E-16    5.3482545E-06    8.8297215E-08    7.0005287E-09    9.1445139E-05    6.7070070E-04    3.2846265E-04    8.2805968E-05
    6.6500000E+00   -1.3316838E-04    5.7053640E-05    2.0469325E-05    3.7970625E-05    2.5769045E-05    2.2441788E-09    1.0000031E-16    5.4345227E-06    8.9190849E-08    7.0714186E-09    9.2556283E-05    6.7070070E-04    3.2846265E-04    8.2805968E-05
    6.7500000E+00   -1.3432715E-04    5.7429752E-05    2.0648541E-05    3.8012559E-05    2.5941983E-05    2.1755594E-09    1.0000031E-16    5.5209917E-06    9.0088376E-08    7.1426198E-09    9.3669355E-05    6.7070070E-04    3.2846265E-04    8.2805968E-05
    6.8500000E+00   -1.3548826E-04    5.7806596E-05    2.0827983E-05    3.8054574E-05    2.6115323E-05    2.1096401E-09    1.0000031E-16    5.6076615E-06    9.0989804E-08    7.2141327E-09    9.4784355E-05    6.7070070E-04    3.2846265E-04    8.2805968E-05
    6.9500000E+00   -1.3665171E-04    5.8184174E-05    2.1007653E-05    3.8096670E-05    2.6289065E-05    2.0462927E-09    1.0000031E-16    5.6945324E-06    9.1895140E-08    7.2859579E-09    9.5901286E-05    6.7070070E-04    3.2846265E-04    8.2805968E-05
    7.0500000E+00   -1.3781751E-04    5.8562487E-05    2.1187549E-05    3.8138849E-05    2.6463209E-05    1.9853963E-09    1.0000031E-16    5.7816046E-06    9.2804393E-08    7.3580959E-09    9.7020147E-05    6.7070070E-04    3.2846265E-04    8.2805968E-05
    7.1500000E+00   -1.3898566E-04    5.8941535E-05    2.1367672E-05    3.8181109E-05    2.6637757E-05    1.9268362E-09    1.0000031E-16    5.8688785E-06    9.3717569E-08    7.4305474E-09    9.8140939E-05    6.7070070E-04    3.2846265E-04    8.2805968E-05
    7.2500000E+00   -1.4015615E-04    5.9321319E-05    2.1548021E-05    3.8223452E-05    2.6812708E-05    1.8705045E-09    1.0000031E-16    5.9563542E-06    9.4634678E-08    7.5033130E-09    9.9263663E-05    6.7070070E-04    3.2846265E-04    8.2805968E-05
    7.3500000E+00   -1.4132899E-04    5.9701840E-05    2.1728595E-05    3.8265877E-05    2.6988064E-05    1.8162988E-09    1.0000031E-16    6.0440319E-06    9.5555728E-08    7.5763932E-09    1.0038832E-04    6.7070070E-04    3.2846265E-04    8.2805968E-05
    7.4500000E+00   -1.4250419E-04    6.0083099E-05    2.1909395E-05    3.8308384E-05    2.7163824E-05    1.7641224E-09    1.0000031E-16    6.1319119E-06    9.6480726E-08    7.6497886E-09    1.0151491E-04    6.7070070E-04    3.2846265E-04    8.2805968E-05
    7.5500000E+00   -1.4368174E-04    6.0465095E-05    2.2090420E-05    3.8350973E-05    2.7339989E-05    1.7138834E-09    1.0000031E-16    6.2199944E-06    9.7409681E-08    7.7234999E-09    1.0264344E-04    6.7070070E-04    3.2846265E-04    8.2805968E-05
    7.6500000E+00   -1.4486164E-04    6.0847830E-05    2.2271670E-05    3.8393645E-05    2.7516559E-05    1.6654953E-09    1.0000031E-16    6.3082797E-06    9.8342602E-08    7.7975277E-09    1.0377389E-04    6.7070070E-04    3.2846265E-04    8.2805968E-05
    7.7500000E+00   -1.4604389E-04    6.1231305E-05    2.2453144E-05    3.8436399E-05    2.7693536E-05    1.6188756E-09    1.0000031E-16    6.3967680E-06    9.9279497E-08    7.8718726E-09    1.0490629E-04    6.7070070E-04    3.2846265E-04    8.2805968E-05
    7.8500000E+00   -1.4722851E-04    6.1615520E-05    2.2634841E-05    3.8479236E-05    2.7870919E-05    1.5739464E-09    1.0000031E-16    6.4854595E-06    1.0022038E-07    7.9465355E-09    1.0604062E-04    6.7070070E-04    3.2846265E-04    8.2805968E-05
    7.9500000E+00   -1.4841549E-04    6.2000476E-05    2.2816762E-05    3.8522155E-05    2.8048709E-05    1.5306339E-09    1.0000031E-16    6.5743544E-06    1.0116525E-07    8.0215168E-09    1.0717688E-04    6.7070070E-04    3.2846265E-04    8.2805968E-05
    8.0500000E+00   -1.4960482E-04    6.2386174E-05    2.2998907E-05    3.8565157E-05    2.8226906E-05    1.4888677E-09    1.0000031E-16    6.6634530E-06    1.0211412E-07    8.0968174E-09    1.0831509E-04    6.7070070E-04    3.2846265E-04    8.2805968E-05
    8.1500000E+00   -1.5079652E-04    6.2772614E-05    2.3181273E-05    3.8608242E-05    2.8405511E-05    1.4485813E-09    1.0000031E-16    6.7527556E-06    1.0306700E-07    8.1724379E-09    1.0945522E-04    6.7070070E-04    3.2846265E-04    8.2805968E-05
    8.2500000E+00   -1.5199059E-04    6.3159798E-05    2.3363862E-05    3.8651410E-05    2.8584525E-05    1.4097115E-09    1.0000031E-16    6.8422623E-06    1.0402390E-07    8.2483790E-09    1.1059730E-04    6.7070070E-04    3.2846265E-04    8.2805968E-05
    8.3500000E+00   -1.5318702E-04    6.3547725E-05    2.3546672E-05    3.8694660E-05    2.8763947E-05    1.3721981E-09    1.0000031E-16    6.9319734E-06    1.0498484E-07    8.3246416E-09    1.1174132E-04    6.7070070E-04    3.2846265E-04    8.2805968E-05
    8.4500000E+00   -1.5438581E-04    6.3936397E-05    2.3729703E-05    3.8737994E-05    2.8943778E-05    1.3359841E-09    1.0000031E-16    7.0218891E-06    1.0594981E-07    8.4012262E-09    1.1288727E-04    6.7070070E-04    3.2846265E-04    8.2805968E-05
    8.5500000E+00   -1.5558698E-04    6.4325814E-05    2.3912955E-05    3.8781410E-05    2.9124019E-05    1.3010151E-09    1.0000031E-16    7.1120096E-06    1.0691883E-07    8.4781338E-09    1.1403516E-04    6.7070070E-04    3.2846265E-04    8.2805968E-05
    8.6500000E+00   -1.5679052E-04    6.4715977E-05    2.4096426E-05    3.8824910E-05    2.9304671E-05    1.2672396E-09    1.0000031E-16    7.2023353E-06    1.0789191E-07    8.5553651E-09    1.1518499E-04    6.7070070E-04    3.2846265E-04    8.2805968E-05
    8.7500000E+00   -1.5799643E-04    6.5106887E-05    2.4280117E-05    3.8868493E-05    2.9485732E-05    1.2346084E-09    1.0000031E-16    7.2928662E-06    1.0886906E-07    8.6329208E-09    1.1633676E-04    6.7070070E-04    3.2846265E-04    8.2805968E-05
    8.8500000E+00   -1.5920471E-04    6.5498544E-05    2.4464026E-05    3.8912160E-05    2.9667205E-05    1.2030747E-09    1.0000031E-16    7.3836027E-06    1.0985028E-07    8.7108018E-09    1.1749047E-04    6.7070070E-04    3.2846265E-04    8.2805968E-05
    8.9500000E+00   -1.6041537E-04    6.5890950E-05    2.4648154E-05    3.8955910E-05    2.9849090E-05    1.1725940E-09    1.0000031E-16    7.4745450E-06    1.1083560E-07    8.7890089E-09    1.1864611E-04    6.7070070E-04    3.2846265E-04    8.2805968E-05
    9.0500000E+00   -1.6162840E-04    6.6284104E-05    2.4832499E-05    3.8999743E-05    3.0031387E-05    1.1431240E-09    1.0000031E-16    7.5656933E-06    1.1182502E-07    8.8675429E-09    1.1980370E-04    6.7070070E-04    3.2846265E-04    8.2805968E-05
    9.1500000E+00   -1.6284382E-04    6.6678008E-05    2.5017060E-05    3.9043660E-05    3.0214096E-05    1.1146241E-09    1.0000031E-16    7.6570479E-06    1.1281855E-07    8.9464047E-09    1.2096322E-04    6.7070070E-04    3.2846265E-04    8.2805968E-05
    9.2500000E+00   -1.6406161E-04    6.7072662E-05    2.5201838E-05    3.9087660E-05    3.0397218E-05    1.0870559E-09    1.0000031E-16    7.7486089E-06    1.1381620E-07    9.0255950E-09    1.2212469E-04    6.7070070E-04    3.2846265E-04    8.2805968E-05
    9.3500000E+00   -1.6528178E-04    6.7468067E-05    2.5386830E-05    3.9131745E-05    3.0580753E-05    1.0603827E-09    1.0000031E-16    7.8403767E-06    1.1481798E-07    9.1051149E-09    1.2328809E-04    6.7070070E-04    3.2846265E-04    8.2805968E-05
    9.4500000E+00   -1.6650434E-04    6.7864224E-05    2.5572037E-05    3.9175913E-05    3.0764703E-05    1.0345693E-09    1.0000031E-16    7.9323514E-06    1.1582391E-07    9.1849651E-09    1.2445343E-04    6.7070070E-04    3.2846265E-04    8.2805968E-05
    9.5500000E+00   -1.6772928E-04    6.8261133E-05    2.5757458E-05    3.9220165E-05    3.0949067E-05    1.0095825E-09    1.0000031E-16    8.0245333E-06    1.1683399E-07    9.2651466E-09    1.2562072E-04    6.7070070E-04    3.2846265E-04    8.2805968E-05
    9.6500000E+00   -1.6895661E-04    6.8658796E-05    2.5943092E-05    3.9264501E-05    3.1133845E-05    9.8539019E-10    1.0000031E-16    8.1169227E-06    1.1784824E-07    9.3456603E-09    1.2678994E-04    6.7070070E-04    3.2846265E-04    8.2805968E-05
    9.7500000E+00   -1.7018632E-04    6.9057212E-05    2.6128938E-05    3.9308921E-05    3.1319039E-05    9.6196202E-10    1.0000031E-16    8.2095196E-06    1.1886667E-07    9.4265071E-09    1.2796109E-04    6.7070070E-04    3.2846265E-04    8.2805968E-05
    9.8500000E+00   -1.7141842E-04    6.9456383E-05    2.6314995E-05    3.9353425E-05    3.1504649E-05    9.3926886E-10    1.0000031E-16    8.3023245E-06    1.1988929E-07    9.5076880E-09    1.2913419E-04    6.7070070E-04    3.2846265E-04    8.2805968E-05
    9.9500000E+00   -1.7265291E-04    6.9856309E-05    2.6501262E-05    3.9398013E-05    3.1690675E-05    9.1728293E-10    1.0000031E-16    8.3953375E-06    1.2091611E-07    9.5892039E-09    1.3030922E-04    6.7070070E-04    3.2846265E-04    8.2805968E-05
    1.0050000E+01   -1.7388979E-04    7.0256991E-05    2.6687739E-05    3.9442686E-05    3.1877118E-05    8.9597765E-10    1.0000031E-16    8.4885588E-06    1.2194714E-07    9.6710557E-09    1.3148620E-04    6.7070070E-04    3.2846265E-04    8.2805968E-05
    1.0150000E+01   -1.7512907E-04    7.0658430E-05    2.6874424E-05    3.9487443E-05    3.2063977E-05    8.7532762E-10    1.0000031E-16    8.5819887E-06    1.2298241E-07    9.7532446E-09    1.3266510E-04    6.7070070E-04    3.2846265E-04    8.2805968E-05
    1.0250000E+01   -1.7637073E-04    7.1060626E-05    2.7061317E-05    3.9532284E-05    3.2251255E-05    8.5530856E-10    1.0000031E-16    8.6756274E-06    1.2402191E-07    9.8357714E-09    1.3384595E-04    6.7070070E-04    3.2846265E-04    8.2805968E-05
    1.0350000E+01   -1.7761479E-04    7.1463580E-05    2.7248416E-05    3.9577210E-05    3.2438950E-05    8.3589725E-10    1.0000031E-16    8.7694752E-06    1.2506567E-07    9.9186372E-09    1.3502873E-04    6.7070070E-04    3.2846265E-04    8.2805968E-05
    1.0450000E+01   -1.7886125E-04    7.1867294E-05    2.7435720E-05    3.9622221E-05    3.2627065E-05    8.1707144E-10    1.0000031E-16    8.8635323E-06    1.2611369E-07    1.0001843E-08    1.3621344E-04    6.7070070E-04    3.2846265E-04    8.2805968E-05
    1.0550000E+01   -1.8011010E-04    7.2271766E-05    2.7623229E-05    3.9667316E-05    3.2815598E-05    7.9880986E-10    1.0000031E-16    8.9577989E-06    1.2716599E-07    1.0085390E-08    1.3740009E-04    6.7070070E-04    3.2846265E-04    8.2805968E-05
    1.0650000E+01   -1.8136135E-04    7.2676999E-05    2.7810941E-05    3.9712496E-05    3.3004550E-05    7.8109215E-10    1.0000031E-16    9.0522752E-06    1.2822258E-07    1.0169279E-08    1.3858868E-04    6.7070070E-04    3.2846265E-04    8.2805968E-05
    1.0750000E+01   -1.8261500E-04    7.3082994E-05    2.7998855E-05    3.9757761E-05    3.3193923E-05    7.6389880E-10    1.0000031E-16    9.1469615E-06    1.2928348E-07    1.0253512E-08    1.3977919E-04    6.7070070E-04    3.2846265E-04    8.2805968E-05
    1.0850000E+01   -1.8387105E-04    7.3489749E-05    2.8186971E-05    3.9803111E-05    3.3383716E-05    7.4721112E-10    1.0000031E-16    9.2418581E-06    1.3034870E-07    1.0338088E-08    1.4097164E-04    6.7070070E-04    3.2846265E-04    8.2805968E-05
    1.0950000E+01   -1.8512950E-04    7.3897268E-05    2.8375285E-05    3.9848545E-05    3.3573930E-05    7.3101122E-10    1.0000031E-16    9.3369650E-06    1.3141826E-07    1.0423011E-08    1.4216602E-04    6.7070070E-04    3.2846265E-04    8.2805968E-05
    1.1050000E+01   -1.8639035E-04    7.4305549E-05    2.8563799E-05    3.9894065E-05    3.3764565E-05    7.1528192E-10    1.0000031E-16    9.4322827E-06    1.3249216E-07    1.0508280E-08    1.4336233E-04    6.7070070E-04    3.2846265E-04    8.2805968E-05
    1.1150000E+01   -1.8765361E-04    7.4714594E-05    2.8752509E-05    3.9939670E-05    3.3955623E-05    7.0000678E-10    1.0000031E-16    9.5278113E-06    1.3357042E-07    1.0593896E-08    1.4456056E-04    6.7070070E-04    3.2846265E-04    8.2805968E-05
    1.1250000E+01   -1.8891927E-04    7.5124404E-05    2.8941415E-05    3.9985361E-05    3.4147102E-05    6.8517001E-10    1.0000031E-16    9.6235511E-06    1.3465307E-07    1.0679862E-08    1.4576073E-04    6.7070070E-04    3.2846265E-04    8.2805968E-05
    1.1350000E+01   -1.9018733E-04    7.5534979E-05    2.9130516E-05    4.0031136E-05    3.4339004E-05    6.7075650E-10    1.0000031E-16    9.7195022E-06    1.3574010E-07    1.0766178E-08    1.4696281E-04    6.7070070E-04    3.2846265E-04    8.2805968E-05
    1.1450000E+01   -1.9145780E-04    7.5946320E-05    2.9319810E-05    4.0076997E-05    3.4531330E-05    6.5675172E-10    1.0000031E-16    9.8156649E-06    1.3683154E-07    1.0852845E-08    1.4816683E-04    6.7070070E-04    3.2846265E-04    8.2805968E-05
    1.1550000E+01   -1.9273068E-04    7.6358428E-05    2.9509296E-05    4.0122944E-05    3.4724079E-05    6.4314174E-10    1.0000031E-16    9.9120395E-06    1.3792741E-07    1.0939865E-08    1.4937277E-04    6.7070070E-04    3.2846265E-04    8.2805968E-05
    1.1650000E+01   -1.9400596E-04    7.6771303E-05    2.9698972E-05    4.0168976E-05    3.4917252E-05    6.2991318E-10    1.0000031E-16    1.0008626E-05    1.3902771E-07    1.1027239E-08    1.5058062E-04    6.7070070E-04    3.2846265E-04    8.2805968E-05
    1.1750000E+01   -1.9528365E-04    7.7184947E-05    2.9888837E-05    4.0215093E-05    3.5110850E-05    6.1705319E-10    1.0000031E-16    1.0105425E-05    1.4013247E-07    1.1114968E-08    1.5179040E-04    6.7070070E-04    3.2846265E-04    8.2805968E-05
    1.1850000E+01   -1.9656375E-04    7.7599359E-05    3.0078889E-05    4.0261297E-05    3.5304873E-05    6.0454946E-10    1.0000031E-16    1.0202437E-05    1.4124170E-07    1.1203053E-08    1.5300210E-04    6.7070070E-04    3.2846265E-04    8.2805968E-05
    1.1950000E+01   -1.9784626E-04    7.8014540E-05    3.0269127E-05    4.0307586E-05    3.5499322E-05    5.9239013E-10    1.0000031E-16    1.0299661E-05    1.4235542E-07    1.1291496E-08    1.5421572E-04    6.7070070E-04    3.2846265E-04    8.2805968E-05
    1.2050000E+01   -1.9913118E-04    7.8430493E-05    3.0459548E-05    4.0353961E-05    3.5694197E-05    5.8056381E-10    1.0000031E-16    1.0397098E-05    1.4347364E-07    1.1380299E-08    1.5543124E-04    6.7070070E-04    3.2846265E-04    8.2805968E-05
    1.2150000E+01   -2.0041851E-04    7.8847216E-05    3.0650152E-05    4.0400422E-05    3.5889498E-05    5.6905957E-10    1.0000031E-16    1.0494749E-05    1.4459639E-07    1.1469462E-08    1.5664869E-04    6.7070070E-04    3.2846265E-04    8.2805968E-05
    1.2250000E+01   -2.0170825E-04    7.9264710E-05    3.0840936E-05    4.0446969E-05    3.6085226E-05    5.5786689E-10    1.0000031E-16    1.0592613E-05    1.4572367E-07    1.1558986E-08    1.5786804E-04    6.7070070E-04    3.2846265E-04    8.2805968E-05
    1.2350000E+01   -2.0300040E-04    7.9682978E-05    3.1031899E-05    4.0493602E-05    3.6281382E-05    5.4697566E-10    1.0000031E-16    1.0690691E-05    1.4685551E-07    1.1648875E-08    1.5908930E-04    6.7070070E-04    3.2846265E-04    8.2805968E-05
    1.2450000E+01   -2.0429497E-04    8.0102018E-05    3.1223039E-05    4.0540322E-05    3.6477965E-05    5.3637616E-10    1.0000031E-16    1.0788983E-05    1.4799192E-07    1.1739127E-08    1.6031247E-04    6.7070070E-04    3.2846265E-04    8.2805968E-05
    1.2550000E+01   -2.0559195E-04    8.0521832E-05    3.1414355E-05    4.0587127E-05    3.6674977E-05    5.2605903E-10    1.0000031E-16    1.0887489E-05    1.4913292E-07    1.1829746E-08    1.6153754E-04    6.7070070E-04    3.2846265E-04    8.2805968E-05
    1.2650000E+01   -2.0689134E-04    8.0942421E-05    3.1605843E-05    4.0634019E-05    3.6872418E-05    5.1601528E-10    1.0000031E-16    1.0986209E-05    1.5027854E-07    1.1920733E-08    1.6276451E-04    6.7070070E-04    3.2846265E-04    8.2805968E-05
    1.2750000E+01   -2.0819314E-04    8.1363785E-05    3.1797502E-05    4.0680998E-05    3.7070288E-05    5.0623625E-10    1.0000031E-16    1.1085144E-05    1.5142878E-07    1.2012089E-08    1.6399339E-04    6.7070070E-04    3.2846265E-04    8.2805968E-05
    1.2850000E+01   -2.0949735E-04    8.1785925E-05    3.1989331E-05    4.0728063E-05    3.7268588E-05    4.9671360E-10    1.0000031E-16    1.1184294E-05    1.5258368E-07    1.2103816E-08    1.6522416E-04    6.7070070E-04    3.2846265E-04    8.2805968E-05
    1.2950000E+01   -2.1080398E-04    8.2208841E-05    3.2181327E-05    4.0775215E-05    3.7467318E-05    4.8743931E-10    1.0000031E-16    1.1283659E-05    1.5374324E-07    1.2195915E-08    1.6645682E-04    6.7070070E-04    3.2846265E-04    8.2805968E-05
    1.3050000E+01   -2.1211303E-04    8.2632536E-05    3.2373488E-05    4.0822453E-05    3.7666478E-05    4.7840566E-10    1.0000031E-16    1.1383239E-05    1.5490749E-07    1.2288388E-08    1.6769138E-04    6.7070070E-04    3.2846265E-04    8.2805968E-05
    1.3150000E+01   -2.1342448E-04    8.3057008E-05    3.2565812E-05    4.0869778E-05    3.7866070E-05    4.6960521E-10    1.0000031E-16    1.1483035E-05    1.5607645E-07    1.2381236E-08    1.6892782E-04    6.7070070E-04    3.2846265E-04    8.2805968E-05
    1.3250000E+01   -2.1473835E-04    8.3482259E-05    3.2758296E-05    4.0917190E-05    3.8066094E-05    4.6103078E-10    1.0000031E-16    1.1583047E-05    1.5725014E-07    1.2474462E-08    1.7016615E-04    6.7070070E-04    3.2846265E-04    8.2805968E-05
    1.3350000E+01   -2.1605464E-04    8.3908290E-05    3.2950938E-05    4.0964688E-05    3.8266549E-05    4.5267549E-10    1.0000031E-16    1.1683275E-05    1.5842857E-07    1.2568066E-08    1.7140636E-04    6.7070070E-04    3.2846265E-04    8.2805968E-05
    1.3450000E+01   -2.1737334E-04    8.4335101E-05    3.3143737E-05    4.1012274E-05    3.8467437E-05    4.4453267E-10    1.0000031E-16    1.1783719E-05    1.5961178E-07    1.2662051E-08    1.7264845E-04    6.7070070E-04    3.2846265E-04    8.2805968E-05
    1.3550000E+01   -2.1869445E-04    8.4762693E-05    3.3336688E-05    4.1059947E-05    3.8668758E-05    4.3659593E-10    1.0000031E-16    1.1884379E-05    1.6079978E-07    1.2756418E-08    1.7389241E-04    6.7070070E-04    3.2846265E-04    8.2805968E-05
    1.3650000E+01   -2.2001797E-04    8.5191066E-05    3.3529791E-05    4.1107707E-05    3.8870513E-05    4.2885907E-10    1.0000031E-16    1.1985257E-05    1.6199259E-07    1.2851169E-08    1.7513825E-04    6.7070070E-04    3.2846265E-04    8.2805968E-05
    1.3750000E+01   -2.2134391E-04    8.5620222E-05    3.3723043E-05    4.1155554E-05    3.9072702E-05    4.2131615E-10    1.0000031E-16    1.2086351E-05    1.6319024E-07    1.2946306E-08    1.7638596E-04    6.7070070E-04    3.2846265E-04    8.2805968E-05
    1.3850000E+01   -2.2267226E-04    8.6050162E-05    3.3916440E-05    4.1203489E-05    3.9275325E-05    4.1396142E-10    1.0000031E-16    1.2187662E-05    1.6439275E-07    1.3041831E-08    1.7763552E-04    6.7070070E-04    3.2846265E-04    8.2805968E-05
    1.3950000E+01   -2.2400303E-04    8.6480885E-05    3.4109981E-05    4.1251511E-05    3.9478383E-05    4.0678935E-10    1.0000031E-16    1.2289191E-05    1.6560014E-07    1.3137746E-08    1.7888695E-04    6.7070070E-04    3.2846265E-04    8.2805968E-05
    1.4050000E+01   -2.2533620E-04    8.6912392E-05    3.4303662E-05    4.1299620E-05    3.9681876E-05    3.9979459E-10    1.0000031E-16    1.2390938E-05    1.6681243E-07    1.3234051E-08    1.8014024E-04    6.7070070E-04    3.2846265E-04    8.2805968E-05
    1.4150000E+01   -2.2667179E-04    8.7344685E-05    3.4497481E-05    4.1347817E-05    3.9885805E-05    3.9297201E-10    1.0000031E-16    1.2492903E-05    1.6802966E-07    1.3330750E-08    1.8139538E-04    6.7070070E-04    3.2846265E-04    8.2805968E-05
    1.4250000E+01   -2.2800978E-04    8.7777764E-05    3.4691434E-05    4.1396102E-05    4.0090171E-05    3.8631663E-10    1.0000031E-16    1.2595085E-05    1.6925184E-07    1.3427845E-08    1.8265237E-04    6.7070070E-04    3.2846265E-04    8.2805968E-05
    1.4350000E+01   -2.2935019E-04    8.8211630E-05    3.4885520E-05    4.1444474E-05    4.0294973E-05    3.7982365E-10    1.0000031E-16    1.2697487E-05    1.7047900E-07    1.3525336E-08    1.8391120E-04    6.7070070E-04    3.2846265E-04    8.2805968E-05
    1.4450000E+01   -2.3069301E-04    8.8646283E-05    3.5079734E-05    4.1492934E-05    4.0500213E-05    3.7348846E-10    1.0000031E-16    1.2800106E-05    1.7171116E-07    1.3623227E-08    1.8517187E-04    6.7070070E-04    3.2846265E-04    8.2805968E-05
    1.4550000E+01   -2.3203824E-04    8.9081724E-05    3.5274074E-05    4.1541482E-05    4.0705890E-05    3.6730660E-10    1.0000031E-16    1.2902945E-05    1.7294835E-07    1.3721520E-08    1.8643437E-04    6.7070070E-04    3.2846265E-04    8.2805968E-05
    1.4650000E+01   -2.3338587E-04    8.9517954E-05    3.5468537E-05    4.1590118E-05    4.0912005E-05    3.6127377E-10    1.0000031E-16    1.3006003E-05    1.7419060E-07    1.3820216E-08    1.8769870E-04    6.7070070E-04    3.2846265E-04    8.2805968E-05
    1.4750000E+01   -2.3473591E-04    8.9954973E-05    3.5663119E-05    4.1638842E-05    4.1118559E-05    3.5538580E-10    1.0000031E-16    1.3109280E-05    1.7543793E-07    1.3919317E-08    1.8896486E-04    6.7070070E-04    3.2846265E-04    8.2805968E-05
    1.4850000E+01   -2.3608835E-04    9.0392783E-05    3.5857818E-05    4.1687654E-05    4.1325552E-05    3.4963870E-10    1.0000031E-16    1.3212776E-05    1.7669038E-07    1.4018827E-08    1.9023284E-04    6.7070070E-04    3.2846265E-04    8.2805968E-05
    1.4950000E+01   -2.3744321E-04    9.0831384E-05    3.6052628E-05    4.1736554E-05    4.1532985E-05    3.4402860E-10    1.0000031E-16    1.3316492E-05    1.7794795E-07    1.4118746E-08    1.9150263E-04    6.7070070E-04    3.2846265E-04    8.2805968E-05
    1.5050000E+01   -2.3880046E-04    9.1270776E-05    3.6247548E-05    4.1785542E-05    4.1740858E-05    3.3855176E-10    1.0000031E-16    1.3420429E-05    1.7921070E-07    1.4219078E-08    1.9277423E-04    6.7070070E-04    3.2846265E-04    8.2805968E-05
    1.5150000E+01   -2.4016012E-04    9.1710961E-05    3.6442574E-05    4.1834619E-05    4.1949171E-05    3.3320460E-10    1.0000031E-16    1.3524585E-05    1.8047864E-07    1.4319825E-08    1.9404763E-04    6.7070070E-04    3.2846265E-04    8.2805968E-05
    1.5250000E+01   -2.4152217E-04    9.2151939E-05    3.6637702E-05    4.1883785E-05    4.2157925E-05    3.2798364E-10    1.0000031E-16    1.3628962E-05    1.8175180E-07    1.4420989E-08    1.9532283E-04    6.7070070E-04    3.2846265E-04    8.2805968E-05
    1.5350000E+01   -2.4288663E-04    9.2593711E-05    3.6832927E-05    4.1933038E-05    4.2367120E-05    3.2288553E-10    1.0000031E-16    1.3733560E-05    1.8303022E-07    1.4522572E-08    1.9659981E-04    6.7070070E-04    3.2846265E-04    8.2805968E-05
    1.5450000E+01   -2.4425348E-04    9.3036277E-05    3.7028247E-05    4.1982381E-05    4.2576758E-05    3.1790705E-10    1.0000031E-16    1.3838379E-05    1.8431392E-07    1.4624577E-08    1.9787859E-04    6.7070070E-04    3.2846265E-04    8.2805968E-05
    1.5550000E+01   -2.4562273E-04    9.3479639E-05    3.7223657E-05    4.2031812E-05    4.2786838E-05    3.1304508E-10    1.0000031E-16    1.3943419E-05    1.8560294E-07    1.4727006E-08    1.9915914E-04    6.7070070E-04    3.2846265E-04    8.2805968E-05
    1.5650000E+01   -2.4699438E-04    9.3923797E-05    3.7419154E-05    4.2081332E-05    4.2997360E-05    3.0829662E-10    1.0000031E-16    1.4048680E-05    1.8689730E-07    1.4829863E-08    2.0044146E-04    6.7070070E-04    3.2846265E-04    8.2805968E-05
    1.5750000E+01   -2.4836842E-04    9.4368751E-05    3.7614733E-05    4.2130940E-05    4.3208326E-05    3.0365879E-10    1.0000031E-16    1.4154163E-05    1.8819704E-07    1.4933149E-08    2.0172554E-04    6.7070070E-04    3.2846265E-04    8.2805968E-05
    1.5850000E+01   -2.4974484E-04    9.4814503E-05    3.7810389E-05    4.2180638E-05    4.3419736E-05    2.9912881E-10    1.0000031E-16    1.4259868E-05    1.8950219E-07    1.5036867E-08    2.0301138E-04    6.7070070E-04    3.2846265E-04    8.2805968E-05
    1.5950000E+01   -2.5112366E-04    9.5261053E-05    3.8006119E-05    4.2230424E-05    4.3631590E-05    2.9470400E-10    1.0000031E-16    1.4365795E-05    1.9081279E-07    1.5141020E-08    2.0429898E-04    6.7070070E-04    3.2846265E-04    8.2805968E-05
    1.6050000E+01   -2.5250486E-04    9.5708402E-05    3.8201918E-05    4.2280300E-05    4.3843889E-05    2.9038178E-10    1.0000031E-16    1.4471944E-05    1.9212887E-07    1.5245611E-08    2.0558831E-04    6.7070070E-04    3.2846265E-04    8.2805968E-05
    1.6150000E+01   -2.5388845E-04    9.6156550E-05    3.8397782E-05    4.2330264E-05    4.4056632E-05    2.8615970E-10    1.0000031E-16    1.4578316E-05    1.9345047E-07    1.5350643E-08    2.0687938E-04    6.7070070E-04    3.2846265E-04    8.2805968E-05
    1.6250000E+01   -2.5527442E-04    9.6605498E-05    3.8593705E-05    4.2380318E-05    4.4269822E-05    2.8203537E-10    1.0000031E-16    1.4684911E-05    1.9477762E-07    1.5456117E-08    2.0817218E-04    6.7070070E-04    3.2846265E-04    8.2805968E-05
    1.6350000E+01   -2.5666276E-04    9.7055248E-05    3.8789683E-05    4.2430461E-05    4.4483457E-05    2.7800653E-10    1.0000031E-16    1.4791729E-05    1.9611035E-07    1.5562039E-08    2.0946669E-04    6.7070070E-04    3.2846265E-04    8.2805968E-05
    1.6450000E+01   -2.5805349E-04    9.7505799E-05    3.8985711E-05    4.2480694E-05    4.4697539E-05    2.7407100E-10    1.0000031E-16    1.4898770E-05    1.9744871E-07    1.5668409E-08    2.1076291E-04    6.7070070E-04    3.2846265E-04    8.2805968E-05
    1.6550000E+01   -2.5944658E-04    9.7957153E-05    3.9181784E-05    4.2531016E-05    4.4912069E-05    2.7022673E-10    1.0000031E-16    1.5006034E-05    1.9879273E-07    1.5775232E-08    2.1206084E-04    6.7070070E-04    3.2846265E-04    8.2805968E-05
    1.6650000E+01   -2.6084205E-04    9.8409309E-05    3.9377896E-05    4.2581428E-05    4.5127045E-05    2.6647172E-10    1.0000031E-16    1.5113523E-05    2.0014245E-07    1.5882511E-08    2.1336046E-04    6.7070070E-04    3.2846265E-04    8.2805968E-05
    1.6750000E+01   -2.6223989E-04    9.8862270E-05    3.9574042E-05    4.2631929E-05    4.5342470E-05    2.6280413E-10    1.0000031E-16    1.5221235E-05    2.0149791E-07    1.5990248E-08    2.1466175E-04    6.7070070E-04    3.2846265E-04    8.2805968E-05
    1.6850000E+01   -2.6364009E-04    9.9316035E-05    3.9770217E-05    4.2682520E-05    4.5558343E-05    2.5922217E-10    1.0000031E-16    1.5329171E-05    2.0285916E-07    1.6098448E-08    2.1596473E-04    6.7070070E-04    3.2846265E-04    8.2805968E-05
    1.6950000E+01   -2.6504265E-04    9.9770605E-05    3.9966415E-05    4.2733201E-05    4.5774665E-05    2.5572419E-10    1.0000031E-16    1.5437332E-05    2.0422623E-07    1.6207113E-08    2.1726936E-04    6.7070070E-04    3.2846265E-04    8.2805968E-05
    1.7050000E+01   -2.6644757E-04    1.0022598E-04    4.0162630E-05    4.2783971E-05    4.5991436E-05    2.5230865E-10    1.0000031E-16    1.5545718E-05    2.0559917E-07    1.6316247E-08    2.1857565E-04    6.7070070E-04    3.2846265E-04    8.2805968E-05
    1.7150000E+01   -2.6785484E-04    1.0068216E-04    4.0358855E-05    4.2834832E-05    4.6208657E-05    2.4897410E-10    1.0000031E-16    1.5654329E-05    2.0697802E-07    1.6425854E-08    2.1988358E-04    6.7070070E-04    3.2846265E-04    8.2805968E-05
    1.7250000E+01   -2.6926446E-04    1.0113916E-04    4.0555086E-05    4.2885782E-05    4.6426329E-05    2.4571925E-10    1.0000031E-16    1.5763164E-05    2.0836283E-07    1.6535936E-08    2.2119314E-04    6.7070070E-04    3.2846265E-04    8.2805968E-05
    1.7350000E+01   -2.7067643E-04    1.0159695E-04    4.0751314E-05    4.2936823E-05    4.6644451E-05    2.4254292E-10    1.0000031E-16    1.5872225E-05    2.0975364E-07    1.6646499E-08    2.2250432E-04    6.7070070E-04    3.2846265E-04    8.2805968E-05
    1.7450000E+01   -2.7209073E-04    1.0205556E-04    4.0947534E-05    4.2987953E-05    4.6863024E-05    2.3944407E-10    1.0000031E-16    1.5981512E-05    2.1115050E-07    1.6757546E-08    2.2381711E-04    6.7070070E-04    3.2846265E-04    8.2805968E-05
    1.7550000E+01   -2.7350738E-04    1.0251498E-04    4.1143739E-05    4.3039175E-05    4.7082049E-05    2.3642183E-10    1.0000031E-16    1.6091025E-05    2.1255346E-07    1.6869080E-08    2.2513149E-04    6.7070070E-04    3.2846265E-04    8.2805968E-05
    1.7650000E+01   -2.7492635E-04    1.0297520E-04    4.1339921E-05    4.3090486E-05    4.7301527E-05    2.3347552E-10    1.0000031E-16    1.6200763E-05    2.1396258E-07    1.6981106E-08    2.2644746E-04    6.7070070E-04    3.2846265E-04    8.2805968E-05
    1.7750000E+01   -2.7634766E-04    1.0343624E-04    4.1536072E-05    4.3141888E-05    4.7521456E-05    2.3060463E-10    1.0000031E-16    1.6310728E-05    2.1537789E-07    1.7093629E-08    2.2776499E-04    6.7070070E-04    3.2846265E-04    8.2805968E-05
    1.7850000E+01   -2.7777128E-04    1.0389809E-04    4.1732186E-05    4.3193380E-05    4.7741839E-05    2.2780891E-10    1.0000031E-16    1.6420920E-05    2.1679947E-07    1.7206652E-08    2.2908408E-04    6.7070070E-04    3.2846265E-04    8.2805968E-05
    1.7950000E+01   -2.7919722E-04    1.0436075E-04    4.1928254E-05    4.3244963E-05    4.7962676E-05    2.2508835E-10    1.0000031E-16    1.6531338E-05    2.1822736E-07    1.7320180E-08    2.3040470E-04    6.7070070E-04    3.2846265E-04    8.2805968E-05
    1.8050000E+01   -2.8062546E-04    1.0482423E-04    4.2124267E-05    4.3296636E-05    4.8183967E-05    2.2244329E-10    1.0000031E-16    1.6641983E-05    2.1966163E-07    1.7434219E-08    2.3172686E-04    6.7070070E-04    3.2846265E-04    8.2805968E-05
    1.8150000E+01   -2.8205601E-04    1.0528852E-04    4.2320217E-05    4.3348401E-05    4.8405712E-05    2.1987443E-10    1.0000031E-16    1.6752856E-05    2.2110234E-07    1.7548772E-08    2.3305051E-04    6.7070070E-04    3.2846265E-04    8.2805968E-05
    1.8250000E+01   -2.8348886E-04    1.0575362E-04    4.2516093E-05    4.3400256E-05    4.8627912E-05    2.1738295E-10    1.0000031E-16    1.6863956E-05    2.2254954E-07    1.7663845E-08    2.3437566E-04    6.7070070E-04    3.2846265E-04    8.2805968E-05
    1.8350000E+01   -2.8492399E-04    1.0621954E-04    4.2711887E-05    4.3452202E-05    4.8850567E-05    2.1497059E-10    1.0000031E-16    1.6975284E-05    2.2400332E-07    1.7779445E-08    2.3570228E-04    6.7070070E-04    3.2846265E-04    8.2805968E-05
    1.8450000E+01   -2.8636140E-04    1.0668628E-04    4.2907587E-05    4.3504239E-05    4.9073678E-05    2.1263984E-10    1.0000031E-16    1.7086839E-05    2.2546374E-07    1.7895576E-08    2.3703036E-04    6.7070070E-04    3.2846265E-04    8.2805968E-05
    1.8550000E+01   -2.8780109E-04    1.0715383E-04    4.3103181E-05    4.3556366E-05    4.9297246E-05    2.1039412E-10    1.0000031E-16    1.7198623E-05    2.2693089E-07    1.8012245E-08    2.3835986E-04    6.7070070E-04    3.2846265E-04    8.2805968E-05
    1.8650000E+01   -2.8924303E-04    1.0762220E-04    4.3298658E-05    4.3608586E-05    4.9521271E-05    2.0823807E-10    1.0000031E-16    1.7310635E-05    2.2840483E-07    1.8129459E-08    2.3969076E-04    6.7070070E-04    3.2846265E-04    8.2805968E-05
    1.8750000E+01   -2.9068722E-04    1.0809138E-04    4.3494002E-05    4.3660896E-05    4.9745753E-05    2.0617797E-10    1.0000031E-16    1.7422876E-05    2.2988568E-07    1.8247225E-08    2.4102305E-04    6.7070070E-04    3.2846265E-04    8.2805968E-05
    1.8850000E+01   -2.9213364E-04    1.0856139E-04    4.3689199E-05    4.3713298E-05    4.9970692E-05    2.0422232E-10    1.0000031E-16    1.7535346E-05    2.3137353E-07    1.8365552E-08    2.4235669E-04    6.7070070E-04    3.2846265E-04    8.2805968E-05
    1.8950000E+01   -2.9358229E-04    1.0903221E-04    4.3884231E-05    4.3765790E-05    5.0196090E-05    2.0238274E-10    1.0000031E-16    1.7648045E-05    2.3286849E-07    1.8484449E-08    2.4369164E-04    6.7070070E-04    3.2846265E-04    8.2805968E-05
    1.9050000E+01   -2.9503314E-04    1.0950386E-04    4.4079077E-05    4.3818375E-05    5.0421946E-05    2.0067537E-10    1.0000031E-16    1.7760973E-05    2.3437070E-07    1.8603927E-08    2.4502787E-04    6.7070070E-04    3.2846265E-04    8.2805968E-05
    1.9150000E+01   -2.9648616E-04    1.0997633E-04    4.4273713E-05    4.3871051E-05    5.0648262E-05    1.9912298E-10    1.0000031E-16    1.7874131E-05    2.3588032E-07    1.8723998E-08    2.4636533E-04    6.7070070E-04    3.2846265E-04    8.2805968E-05
    1.9250000E+01   -2.9794134E-04    1.1044961E-04    4.4468110E-05    4.3923818E-05    5.0875038E-05    1.9775872E-10    1.0000031E-16    1.7987519E-05    2.3739753E-07    1.8844678E-08    2.4770396E-04    6.7070070E-04    3.2846265E-04    8.2805968E-05
    1.9350000E+01   -2.9939864E-04    1.1092372E-04    4.4662228E-05    4.3976678E-05    5.1102273E-05    1.9663247E-10    1.0000031E-16    1.8101136E-05    2.3892258E-07    1.8965987E-08    2.4904368E-04    6.7070070E-04    3.2846265E-04    8.2805968E-05
    1.9450000E+01   -3.0085800E-04    1.1139866E-04    4.4856015E-05    4.4029629E-05    5.1329969E-05    1.9582296E-10    1.0000031E-16    1.8214984E-05    2.4045580E-07    1.9087952E-08    2.5038440E-04    6.7070070E-04    3.2846265E-04    8.2805968E-05
    1.9550000E+01   -3.0231936E-04    1.1187442E-04    4.5049396E-05    4.4082671E-05    5.1558126E-05    1.9546226E-10    1.0000031E-16    1.8329063E-05    2.4199766E-07    1.9210610E-08    2.5172596E-04    6.7070070E-04    3.2846265E-04    8.2805968E-05
    1.9650000E+01   -3.0378240E-04    1.1235092E-04    4.5242223E-05    4.4135778E-05    5.1786711E-05    1.9579184E-10    1.0000025E-16    1.8443360E-05    2.4354874E-07    1.9334011E-08    2.5306796E-04    6.7070027E-04    3.2846244E-04    8.2805915E-05
    1.9750000E+01   -3.0521849E-04    1.1281768E-04    4.5430056E-05    4.4184852E-05    5.2010882E-05    1.9732863E-10    9.9990868E-17    1.8556145E-05    2.4508747E-07    1.9456443E-08    2.5438628E-04    6.7063735E-04    3.2843162E-04    8.2798146E-05
    1.9850000E+01   -3.0358061E-04    1.1214928E-04    4.5159697E-05    4.3790892E-05    5.1711681E-05    2.0333299E-10    9.8980291E-17    1.8481832E-05    2.4416209E-07    1.9383268E-08    2.5313974E-04    6.6385942E-04    3.2511226E-04    8.1961331E-05
    1.9950000E+01   -9.7301494E-05    3.5900945E-05    1.4466983E-05    1.3935284E-05    1.6559443E-05    6.6093494E-10    3.1422912E-17    5.9387217E-06    7.8425472E-08    6.2259807E-09    8.1221225E-05    2.1075303E-04    1.0321220E-04    2.6019965E-05
