# Time          1.0000E-01
# Units: Mol/kgw
    Distance           H+               Na+              K+               Ca++             Mg++             Al+++            Fe+++            Fe++             Li7+             Li6+             SiO2(aq)         CO2(aq)          O2(aq)           Cl-          
    5.0000000E-02   -6.0961736E-05    3.3575504E-05    8.9917139E-06    3.5498834E-05    1.5113146E-05    5.7737569E-08    1.0046163E-16    7.2205181E-08    3.7858009E-08    3.0395061E-09    2.2256377E-05    6.7379473E-04    3.2997789E-04    8.3187963E-05
    1.5000000E-01   -6.1684911E-05    3.3753193E-05    9.1155680E-06    3.5374560E-05    1.5192278E-05    5.3378569E-08    1.0000580E-16    1.4572985E-07    3.8319737E-08    3.0723783E-09    2.3142836E-05    6.7073752E-04    3.2848068E-04    8.2810513E-05
    2.5000000E-01   -6.2679063E-05    3.4080593E-05    9.2792100E-06    3.5409345E-05    1.5338864E-05    4.9309811E-08    1.0000037E-16    2.1942779E-07    3.8951514E-08    3.1192711E-09    2.4126422E-05    6.7070107E-04    3.2846283E-04    8.2806013E-05
    3.5000000E-01   -6.3679787E-05    3.4410455E-05    9.4435474E-06    3.5446105E-05    1.5486620E-05    4.5641752E-08    1.0000031E-16    2.9330991E-07    3.9590918E-08    3.1670895E-09    2.5113355E-05    6.7070070E-04    3.2846265E-04    8.2805968E-05
    4.5000000E-01   -6.4683774E-05    3.4741018E-05    9.6081127E-06    3.5482959E-05    1.5634753E-05    4.2326962E-08    1.0000031E-16    3.6737672E-07    4.0235738E-08    3.2156208E-09    2.6102468E-05    6.7070070E-04    3.2846265E-04    8.2805968E-05
    5.5000000E-01   -6.5690872E-05    3.5072265E-05    9.7729015E-06    3.5519891E-05    1.5783257E-05    3.9323356E-08    1.0000031E-16    4.4162858E-07    4.0885728E-08    3.2648141E-09    2.7093710E-05    6.7070070E-04    3.2846265E-04    8.2805968E-05
    6.5000000E-01   -6.6700975E-05    3.5404197E-05    9.9379142E-06    3.5556898E-05    1.5932132E-05    3.6594840E-08    1.0000031E-16    5.1606585E-07    4.1540695E-08    3.3146269E-09    2.8087047E-05    6.7070070E-04    3.2846265E-04    8.2805968E-05
    7.5000000E-01   -6.7713993E-05    3.5736816E-05    1.0103151E-05    3.5593982E-05    1.6081378E-05    3.4110329E-08    1.0000031E-16    5.9068886E-07    4.2200474E-08    3.3650219E-09    2.9082453E-05    6.7070070E-04    3.2846265E-04    8.2805968E-05
    8.5000000E-01   -6.8729850E-05    3.6070122E-05    1.0268613E-05    3.5631143E-05    1.6230996E-05    3.1842934E-08    1.0000031E-16    6.6549794E-07    4.2864923E-08    3.4159668E-09    3.0079901E-05    6.7070070E-04    3.2846265E-04    8.2805968E-05
    9.5000000E-01   -6.9748478E-05    3.6404116E-05    1.0434299E-05    3.5668381E-05    1.6380987E-05    2.9769306E-08    1.0000031E-16    7.4049339E-07    4.3533919E-08    3.4674331E-09    3.1079373E-05    6.7070070E-04    3.2846265E-04    8.2805968E-05
    1.0500000E+00   -7.0769819E-05    3.6738800E-05    1.0600210E-05    3.5705695E-05    1.6531351E-05    2.7869090E-08    1.0000031E-16    8.1567552E-07    4.4207358E-08    3.5193959E-09    3.2080849E-05    6.7070070E-04    3.2846265E-04    8.2805968E-05
    1.1500000E+00   -7.1793823E-05    3.7074174E-05    1.0766347E-05    3.5743086E-05    1.6682089E-05    2.6124480E-08    1.0000031E-16    8.9104462E-07    4.4885148E-08    3.5718334E-09    3.3084314E-05    6.7070070E-04    3.2846265E-04    8.2805968E-05
    1.2500000E+00   -7.2820447E-05    3.7410239E-05    1.0932709E-05    3.5780555E-05    1.6833202E-05    2.4519847E-08    1.0000031E-16    9.6660098E-07    4.5567209E-08    3.6247263E-09    3.4089756E-05    6.7070070E-04    3.2846265E-04    8.2805968E-05
    1.3500000E+00   -7.3849651E-05    3.7746996E-05    1.1099298E-05    3.5818100E-05    1.6984690E-05    2.3041431E-08    1.0000031E-16    1.0423449E-06    4.6253472E-08    3.6780575E-09    3.5097162E-05    6.7070070E-04    3.2846265E-04    8.2805968E-05
    1.4500000E+00   -7.4881403E-05    3.8084446E-05    1.1266112E-05    3.5855723E-05    1.7136553E-05    2.1677078E-08    1.0000031E-16    1.1182766E-06    4.6943877E-08    3.7318120E-09    3.6106522E-05    6.7070070E-04    3.2846265E-04    8.2805968E-05
    1.5500000E+00   -7.5915672E-05    3.8422590E-05    1.1433153E-05    3.5893423E-05    1.7288793E-05    2.0416026E-08    1.0000031E-16    1.1943963E-06    4.7638371E-08    3.7859765E-09    3.7117828E-05    6.7070070E-04    3.2846265E-04    8.2805968E-05
    1.6500000E+00   -7.6952432E-05    3.8761429E-05    1.1600420E-05    3.5931201E-05    1.7441409E-05    1.9248715E-08    1.0000031E-16    1.2707044E-06    4.8336907E-08    3.8405391E-09    3.8131075E-05    6.7070070E-04    3.2846265E-04    8.2805968E-05
    1.7500000E+00   -7.7991662E-05    3.9100963E-05    1.1767914E-05    3.5969056E-05    1.7594402E-05    1.8166638E-08    1.0000031E-16    1.3472011E-06    4.9039446E-08    3.8954893E-09    3.9146256E-05    6.7070070E-04    3.2846265E-04    8.2805968E-05
    1.8500000E+00   -7.9033340E-05    3.9441193E-05    1.1935635E-05    3.6006989E-05    1.7747773E-05    1.7162201E-08    1.0000031E-16    1.4238866E-06    4.9745952E-08    3.9508179E-09    4.0163367E-05    6.7070070E-04    3.2846265E-04    8.2805968E-05
    1.9500000E+00   -8.0077450E-05    3.9782120E-05    1.2103583E-05    3.6044999E-05    1.7901523E-05    1.6228612E-08    1.0000031E-16    1.5007613E-06    5.0456394E-08    4.0065164E-09    4.1182403E-05    6.7070070E-04    3.2846265E-04    8.2805968E-05
    2.0500000E+00   -8.1123974E-05    4.0123745E-05    1.2271759E-05    3.6083087E-05    1.8055650E-05    1.5359783E-08    1.0000031E-16    1.5778252E-06    5.1170743E-08    4.0625775E-09    4.2203358E-05    6.7070070E-04    3.2846265E-04    8.2805968E-05
    2.1500000E+00   -8.2172900E-05    4.0466068E-05    1.2440162E-05    3.6121253E-05    1.8210158E-05    1.4550244E-08    1.0000031E-16    1.6550788E-06    5.1888977E-08    4.1189946E-09    4.3226231E-05    6.7070070E-04    3.2846265E-04    8.2805968E-05
    2.2500000E+00   -8.3224216E-05    4.0809091E-05    1.2608793E-05    3.6159497E-05    1.8365044E-05    1.3795072E-08    1.0000031E-16    1.7325221E-06    5.2611075E-08    4.1757618E-09    4.4251017E-05    6.7070070E-04    3.2846265E-04    8.2805968E-05
    2.3500000E+00   -8.4277909E-05    4.1152813E-05    1.2777652E-05    3.6197820E-05    1.8520311E-05    1.3089826E-08    1.0000031E-16    1.8101556E-06    5.3337017E-08    4.2328738E-09    4.5277714E-05    6.7070070E-04    3.2846265E-04    8.2805968E-05
    2.4500000E+00   -8.5333971E-05    4.1497237E-05    1.2946738E-05    3.6236220E-05    1.8675959E-05    1.2430494E-08    1.0000031E-16    1.8879793E-06    5.4066789E-08    4.2903259E-09    4.6306320E-05    6.7070070E-04    3.2846265E-04    8.2805968E-05
    2.5500000E+00   -8.6392394E-05    4.1842361E-05    1.3116053E-05    3.6274698E-05    1.8831987E-05    1.1813444E-08    1.0000031E-16    1.9659936E-06    5.4800375E-08    4.3481139E-09    4.7336833E-05    6.7070070E-04    3.2846265E-04    8.2805968E-05
    2.6500000E+00   -8.7453170E-05    4.2188188E-05    1.3285596E-05    3.6313255E-05    1.8988397E-05    1.1235384E-08    1.0000031E-16    2.0441987E-06    5.5537765E-08    4.4062342E-09    4.8369252E-05    6.7070070E-04    3.2846265E-04    8.2805968E-05
    2.7500000E+00   -8.8516292E-05    4.2534718E-05    1.3455368E-05    3.6351890E-05    1.9145190E-05    1.0693323E-08    1.0000031E-16    2.1225949E-06    5.6278947E-08    4.4646832E-09    4.9403574E-05    6.7070070E-04    3.2846265E-04    8.2805968E-05
    2.8500000E+00   -8.9581754E-05    4.2881952E-05    1.3625368E-05    3.6390604E-05    1.9302364E-05    1.0184541E-08    1.0000031E-16    2.2011822E-06    5.7023913E-08    4.5234580E-09    5.0439800E-05    6.7070070E-04    3.2846265E-04    8.2805968E-05
    2.9500000E+00   -9.0649553E-05    4.3229890E-05    1.3795597E-05    3.6429396E-05    1.9459922E-05    9.7065595E-09    1.0000031E-16    2.2799611E-06    5.7772655E-08    4.5825560E-09    5.1477929E-05    6.7070070E-04    3.2846265E-04    8.2805968E-05
    3.0500000E+00   -9.1719682E-05    4.3578533E-05    1.3966055E-05    3.6468267E-05    1.9617863E-05    9.2571185E-09    1.0000031E-16    2.3589317E-06    5.8525167E-08    4.6419747E-09    5.2517959E-05    6.7070070E-04    3.2846265E-04    8.2805968E-05
    3.1500000E+00   -9.2792139E-05    4.3927882E-05    1.4136742E-05    3.6507216E-05    1.9776189E-05    8.8341524E-09    1.0000031E-16    2.4380943E-06    5.9281444E-08    4.7017121E-09    5.3559890E-05    6.7070070E-04    3.2846265E-04    8.2805968E-05
    3.2500000E+00   -9.3866921E-05    4.4277937E-05    1.4307658E-05    3.6546244E-05    1.9934898E-05    8.4357716E-09    1.0000031E-16    2.5174491E-06    6.0041480E-08    4.7617662E-09    5.4603723E-05    6.7070070E-04    3.2846265E-04    8.2805968E-05
    3.3500000E+00   -9.4944024E-05    4.4628700E-05    1.4478803E-05    3.6585351E-05    2.0093993E-05    8.0602451E-09    1.0000031E-16    2.5969963E-06    6.0805274E-08    4.8221354E-09    5.5649457E-05    6.7070070E-04    3.2846265E-04    8.2805968E-05
    3.4500000E+00   -9.6023446E-05    4.4980171E-05    1.4650177E-05    3.6624537E-05    2.0253472E-05    7.7059854E-09    1.0000031E-16    2.6767362E-06    6.1572821E-08    4.8828181E-09    5.6697092E-05    6.7070070E-04    3.2846265E-04    8.2805968E-05
    3.5500000E+00   -9.7105184E-05    4.5332350E-05    1.4821781E-05    3.6663802E-05    2.0413338E-05    7.3715344E-09    1.0000031E-16    2.7566690E-06    6.2344121E-08    4.9438131E-09    5.7746629E-05    6.7070070E-04    3.2846265E-04    8.2805968E-05
    3.6500000E+00   -9.8189239E-05    4.5685239E-05    1.4993614E-05    3.6703146E-05    2.0573590E-05    7.0555516E-09    1.0000031E-16    2.8367950E-06    6.3119173E-08    5.0051192E-09    5.8798067E-05    6.7070070E-04    3.2846265E-04    8.2805968E-05
    3.7500000E+00   -9.9275607E-05    4.6038838E-05    1.5165677E-05    3.6742569E-05    2.0734229E-05    6.7568031E-09    1.0000031E-16    2.9171143E-06    6.3897975E-08    5.0667354E-09    5.9851407E-05    6.7070070E-04    3.2846265E-04    8.2805968E-05
    3.8500000E+00   -1.0036429E-04    4.6393148E-05    1.5337969E-05    3.6782072E-05    2.0895254E-05    6.4741518E-09    1.0000031E-16    2.9976272E-06    6.4680528E-08    5.1286608E-09    6.0906650E-05    6.7070070E-04    3.2846265E-04    8.2805968E-05
    3.9500000E+00   -1.0145528E-04    4.6748170E-05    1.5510491E-05    3.6821654E-05    2.1056668E-05    6.2065486E-09    1.0000031E-16    3.0783340E-06    6.5466832E-08    5.1908946E-09    6.1963795E-05    6.7070070E-04    3.2846265E-04    8.2805968E-05
    4.0500000E+00   -1.0254859E-04    4.7103903E-05    1.5683243E-05    3.6861315E-05    2.1218470E-05    5.9530248E-09    1.0000031E-16    3.1592348E-06    6.6256888E-08    5.2534362E-09    6.3022844E-05    6.7070070E-04    3.2846265E-04    8.2805968E-05
    4.1500000E+00   -1.0364420E-04    4.7460350E-05    1.5856224E-05    3.6901056E-05    2.1380660E-05    5.7126847E-09    1.0000031E-16    3.2403299E-06    6.7050698E-08    5.3162849E-09    6.4083797E-05    6.7070070E-04    3.2846265E-04    8.2805968E-05
    4.2500000E+00   -1.0474213E-04    4.7817511E-05    1.6029435E-05    3.6940876E-05    2.1543239E-05    5.4846996E-09    1.0000031E-16    3.3216196E-06    6.7848264E-08    5.3794404E-09    6.5146655E-05    6.7070070E-04    3.2846265E-04    8.2805968E-05
    4.3500000E+00   -1.0584237E-04    4.8175385E-05    1.6202876E-05    3.6980776E-05    2.1706208E-05    5.2683019E-09    1.0000031E-16    3.4031041E-06    6.8649588E-08    5.4429023E-09    6.6211418E-05    6.7070070E-04    3.2846265E-04    8.2805968E-05
    4.4500000E+00   -1.0694492E-04    4.8533975E-05    1.6376547E-05    3.7020756E-05    2.1869567E-05    5.0627799E-09    1.0000031E-16    3.4847836E-06    6.9454673E-08    5.5066701E-09    6.7278088E-05    6.7070070E-04    3.2846265E-04    8.2805968E-05
    4.5500000E+00   -1.0804978E-04    4.8893281E-05    1.6550448E-05    3.7060815E-05    2.2033317E-05    4.8674731E-09    1.0000031E-16    3.5666583E-06    7.0263521E-08    5.5707437E-09    6.8346665E-05    6.7070070E-04    3.2846265E-04    8.2805968E-05
    4.6500000E+00   -1.0915695E-04    4.9253304E-05    1.6724579E-05    3.7100955E-05    2.2197457E-05    4.6817682E-09    1.0000031E-16    3.6487285E-06    7.1076136E-08    5.6351229E-09    6.9417150E-05    6.7070070E-04    3.2846265E-04    8.2805968E-05
    4.7500000E+00   -1.1026644E-04    4.9614043E-05    1.6898939E-05    3.7141174E-05    2.2361989E-05    4.5050949E-09    1.0000031E-16    3.7309944E-06    7.1892521E-08    5.6998076E-09    7.0489544E-05    6.7070070E-04    3.2846265E-04    8.2805968E-05
    4.8500000E+00   -1.1137824E-04    4.9975501E-05    1.7073530E-05    3.7181474E-05    2.2526912E-05    4.3369227E-09    1.0000031E-16    3.8134562E-06    7.2712681E-08    5.7647977E-09    7.1563847E-05    6.7070070E-04    3.2846265E-04    8.2805968E-05
    4.9500000E+00   -1.1249235E-04    5.0337678E-05    1.7248350E-05    3.7221853E-05    2.2692228E-05    4.1767575E-09    1.0000031E-16    3.8961142E-06    7.3536619E-08    5.8300931E-09    7.2640061E-05    6.7070070E-04    3.2846265E-04    8.2805968E-05
    5.0500000E+00   -1.1360878E-04    5.0700574E-05    1.7423400E-05    3.7262313E-05    2.2857937E-05    4.0241390E-09    1.0000031E-16    3.9789686E-06    7.4364339E-08    5.8956940E-09    7.3718187E-05    6.7070070E-04    3.2846265E-04    8.2805968E-05
    5.1500000E+00   -1.1472752E-04    5.1064190E-05    1.7598680E-05    3.7302853E-05    2.3024039E-05    3.8786378E-09    1.0000031E-16    4.0620197E-06    7.5195847E-08    5.9616003E-09    7.4798225E-05    6.7070070E-04    3.2846265E-04    8.2805968E-05
    5.2500000E+00   -1.1584858E-04    5.1428526E-05    1.7774189E-05    3.7343473E-05    2.3190535E-05    3.7398531E-09    1.0000031E-16    4.1452676E-06    7.6031147E-08    6.0278121E-09    7.5880176E-05    6.7070070E-04    3.2846265E-04    8.2805968E-05
    5.3500000E+00   -1.1697196E-04    5.1793585E-05    1.7949929E-05    3.7384174E-05    2.3357425E-05    3.6074107E-09    1.0000031E-16    4.2287126E-06    7.6870244E-08    6.0943297E-09    7.6964042E-05    6.7070070E-04    3.2846265E-04    8.2805968E-05
    5.4500000E+00   -1.1809765E-04    5.2159366E-05    1.8125898E-05    3.7424956E-05    2.3524710E-05    3.4809606E-09    1.0000031E-16    4.3123550E-06    7.7713143E-08    6.1611532E-09    7.8049823E-05    6.7070070E-04    3.2846265E-04    8.2805968E-05
    5.5500000E+00   -1.1922567E-04    5.2525869E-05    1.8302096E-05    3.7465818E-05    2.3692390E-05    3.3601755E-09    1.0000031E-16    4.3961950E-06    7.8559849E-08    6.2282828E-09    7.9137521E-05    6.7070070E-04    3.2846265E-04    8.2805968E-05
    5.6500000E+00   -1.2035601E-04    5.2893097E-05    1.8478524E-05    3.7506760E-05    2.3860465E-05    3.2447492E-09    1.0000031E-16    4.4802327E-06    7.9410369E-08    6.2957188E-09    8.0227135E-05    6.7070070E-04    3.2846265E-04    8.2805968E-05
    5.7500000E+00   -1.2148867E-04    5.3261049E-05    1.8655182E-05    3.7547784E-05    2.4028937E-05    3.1343945E-09    1.0000031E-16    4.5644685E-06    8.0264707E-08    6.3634614E-09    8.1318668E-05    6.7070070E-04    3.2846265E-04    8.2805968E-05
    5.8500000E+00   -1.2262366E-04    5.3629726E-05    1.8832068E-05    3.7588888E-05    2.4197805E-05    3.0288427E-09    1.0000031E-16    4.6489026E-06    8.1122870E-08    6.4315110E-09    8.2412120E-05    6.7070070E-04    3.2846265E-04    8.2805968E-05
    5.9500000E+00   -1.2376097E-04    5.3999129E-05    1.9009184E-05    3.7630074E-05    2.4367070E-05    2.9278413E-09    1.0000031E-16    4.7335352E-06    8.1984864E-08    6.4998677E-09    8.3507493E-05    6.7070070E-04    3.2846265E-04    8.2805968E-05
    6.0500000E+00   -1.2490061E-04    5.4369258E-05    1.9186529E-05    3.7671340E-05    2.4536733E-05    2.8311537E-09    1.0000031E-16    4.8183665E-06    8.2850695E-08    6.5685322E-09    8.4604786E-05    6.7070070E-04    3.2846265E-04    8.2805968E-05
    6.1500000E+00   -1.2604258E-04    5.4740115E-05    1.9364102E-05    3.7712687E-05    2.4706794E-05    2.7385575E-09    1.0000031E-16    4.9033968E-06    8.3720369E-08    6.6375045E-09    8.5704001E-05    6.7070070E-04    3.2846265E-04    8.2805968E-05
    6.2500000E+00   -1.2718688E-04    5.5111700E-05    1.9541905E-05    3.7754116E-05    2.4877253E-05    2.6498437E-09    1.0000031E-16    4.9886263E-06    8.4593893E-08    6.7067853E-09    8.6805139E-05    6.7070070E-04    3.2846265E-04    8.2805968E-05
    6.3500000E+00   -1.2833351E-04    5.5484013E-05    1.9719936E-05    3.7795625E-05    2.5048111E-05    2.5648160E-09    1.0000031E-16    5.0740553E-06    8.5471274E-08    6.7763749E-09    8.7908200E-05    6.7070070E-04    3.2846265E-04    8.2805968E-05
    6.4500000E+00   -1.2948247E-04    5.5857056E-05    1.9898195E-05    3.7837217E-05    2.5219368E-05    2.4832895E-09    1.0000031E-16    5.1596839E-06    8.6352517E-08    6.8462736E-09    8.9013187E-05    6.7070070E-04    3.2846265E-04    8.2805968E-05
    6.5500000E+00   -1.3063377E-04    5.6230829E-05    2.0076682E-05    3.7878889E-05    2.5391025E-05    2.4050903E-09    1.0000031E-16    5.2455124E-06    8.7237631E-08    6.9164821E-09    9.0120099E-05    6.7070070E-04    3.2846265E-04    8.2805968E-05
    6.6500000E+00   -1.3178740E-04    5.6605333E-05    2.0255398E-05    3.7920643E-05    2.5563082E-05    2.3300544E-09    1.0000031E-16    5.3315411E-06    8.8126623E-08    6.9870007E-09    9.1228937E-05    6.7070070E-04    3.2846265E-04    8.2805968E-05
    6.7500000E+00   -1.3294337E-04    5.6980569E-05    2.0434341E-05    3.7962479E-05    2.5735540E-05    2.2580276E-09    1.0000031E-16    5.4177702E-06    8.9019499E-08    7.0578300E-09    9.2339702E-05    6.7070070E-04    3.2846265E-04    8.2805968E-05
    6.8500000E+00   -1.3410168E-04    5.7356536E-05    2.0613512E-05    3.8004396E-05    2.5908400E-05    2.1888642E-09    1.0000031E-16    5.5041998E-06    8.9916266E-08    7.1289704E-09    9.3452396E-05    6.7070070E-04    3.2846265E-04    8.2805968E-05
    6.9500000E+00   -1.3526233E-04    5.7733237E-05    2.0792910E-05    3.8046395E-05    2.6081661E-05    2.1224268E-09    1.0000031E-16    5.5908303E-06    9.0816934E-08    7.2004224E-09    9.4567018E-05    6.7070070E-04    3.2846265E-04    8.2805968E-05
    7.0500000E+00   -1.3642533E-04    5.8110672E-05    2.0972534E-05    3.8088475E-05    2.6255324E-05    2.0585859E-09    1.0000031E-16    5.6776619E-06    9.1721508E-08    7.2721867E-09    9.5683570E-05    6.7070070E-04    3.2846265E-04    8.2805968E-05
    7.1500000E+00   -1.3759067E-04    5.8488841E-05    2.1152386E-05    3.8130638E-05    2.6429389E-05    1.9972189E-09    1.0000031E-16    5.7646947E-06    9.2629997E-08    7.3442638E-09    9.6802053E-05    6.7070070E-04    3.2846265E-04    8.2805968E-05
    7.2500000E+00   -1.3875835E-04    5.8867745E-05    2.1332464E-05    3.8172882E-05    2.6603858E-05    1.9382103E-09    1.0000031E-16    5.8519292E-06    9.3542409E-08    7.4166541E-09    9.7922466E-05    6.7070070E-04    3.2846265E-04    8.2805968E-05
    7.3500000E+00   -1.3992839E-04    5.9247385E-05    2.1512768E-05    3.8215209E-05    2.6778731E-05    1.8814506E-09    1.0000031E-16    5.9393653E-06    9.4458751E-08    7.4893584E-09    9.9044812E-05    6.7070070E-04    3.2846265E-04    8.2805968E-05
    7.4500000E+00   -1.4110077E-04    5.9627761E-05    2.1693298E-05    3.8257618E-05    2.6954007E-05    1.8268366E-09    1.0000031E-16    6.0270035E-06    9.5379032E-08    7.5623772E-09    1.0016909E-04    6.7070070E-04    3.2846265E-04    8.2805968E-05
    7.5500000E+00   -1.4227550E-04    6.0008875E-05    2.1874054E-05    3.8300109E-05    2.7129688E-05    1.7742702E-09    1.0000031E-16    6.1148440E-06    9.6303261E-08    7.6357112E-09    1.0129530E-04    6.7070070E-04    3.2846265E-04    8.2805968E-05
    7.6500000E+00   -1.4345259E-04    6.0390727E-05    2.2055034E-05    3.8342682E-05    2.7305774E-05    1.7236589E-09    1.0000031E-16    6.2028869E-06    9.7231445E-08    7.7093609E-09    1.0242345E-04    6.7070070E-04    3.2846265E-04    8.2805968E-05
    7.7500000E+00   -1.4463203E-04    6.0773317E-05    2.2236240E-05    3.8385337E-05    2.7482265E-05    1.6749150E-09    1.0000031E-16    6.2911325E-06    9.8163593E-08    7.7833270E-09    1.0355352E-04    6.7070070E-04    3.2846265E-04    8.2805968E-05
    7.8500000E+00   -1.4581383E-04    6.1156647E-05    2.2417669E-05    3.8428075E-05    2.7659162E-05    1.6279553E-09    1.0000031E-16    6.3795810E-06    9.9099713E-08    7.8576101E-09    1.0468554E-04    6.7070070E-04    3.2846265E-04    8.2805968E-05
    7.9500000E+00   -1.4699798E-04    6.1540717E-05    2.2599323E-05    3.8470896E-05    2.7836466E-05    1.5827011E-09    1.0000031E-16    6.4682328E-06    1.0003982E-07    7.9322110E-09    1.0581949E-04    6.7070070E-04    3.2846265E-04    8.2805968E-05
    8.0500000E+00   -1.4818449E-04    6.1925528E-05    2.2781200E-05    3.8513799E-05    2.8014176E-05    1.5390776E-09    1.0000031E-16    6.5570879E-06    1.0098391E-07    8.0071302E-09    1.0695537E-04    6.7070070E-04    3.2846265E-04    8.2805968E-05
    8.1500000E+00   -1.4937337E-04    6.2311081E-05    2.2963300E-05    3.8556785E-05    2.8192293E-05    1.4970139E-09    1.0000031E-16    6.6461467E-06    1.0193200E-07    8.0823685E-09    1.0809320E-04    6.7070070E-04    3.2846265E-04    8.2805968E-05
    8.2500000E+00   -1.5056460E-04    6.2697376E-05    2.3145623E-05    3.8599853E-05    2.8370819E-05    1.4564428E-09    1.0000031E-16    6.7354093E-06    1.0288410E-07    8.1579267E-09    1.0923296E-04    6.7070070E-04    3.2846265E-04    8.2805968E-05
    8.3500000E+00   -1.5175821E-04    6.3084414E-05    2.3328168E-05    3.8643005E-05    2.8549752E-05    1.4173004E-09    1.0000031E-16    6.8248761E-06    1.0384022E-07    8.2338053E-09    1.1037465E-04    6.7070070E-04    3.2846265E-04    8.2805968E-05
    8.4500000E+00   -1.5295417E-04    6.3472195E-05    2.3510934E-05    3.8686239E-05    2.8729094E-05    1.3795259E-09    1.0000031E-16    6.9145471E-06    1.0480037E-07    8.3100052E-09    1.1151829E-04    6.7070070E-04    3.2846265E-04    8.2805968E-05
    8.5500000E+00   -1.5415250E-04    6.3860721E-05    2.3693922E-05    3.8729557E-05    2.8908846E-05    1.3430618E-09    1.0000031E-16    7.0044228E-06    1.0576455E-07    8.3865272E-09    1.1266386E-04    6.7070070E-04    3.2846265E-04    8.2805968E-05
    8.6500000E+00   -1.5535321E-04    6.4249992E-05    2.3877130E-05    3.8772957E-05    2.9089007E-05    1.3078531E-09    1.0000031E-16    7.0945033E-06    1.0673278E-07    8.4633718E-09    1.1381137E-04    6.7070070E-04    3.2846265E-04    8.2805968E-05
    8.7500000E+00   -1.5655628E-04    6.4640009E-05    2.4060558E-05    3.8816440E-05    2.9269578E-05    1.2738478E-09    1.0000031E-16    7.1847888E-06    1.0770507E-07    8.5405400E-09    1.1496082E-04    6.7070070E-04    3.2846265E-04    8.2805968E-05
    8.8500000E+00   -1.5776172E-04    6.5030773E-05    2.4244205E-05    3.8860007E-05    2.9450559E-05    1.2409962E-09    1.0000031E-16    7.2752796E-06    1.0868143E-07    8.6180325E-09    1.1611221E-04    6.7070070E-04    3.2846265E-04    8.2805968E-05
    8.9500000E+00   -1.5896954E-04    6.5422284E-05    2.4428071E-05    3.8903657E-05    2.9631952E-05    1.2092511E-09    1.0000031E-16    7.3659758E-06    1.0966186E-07    8.6958502E-09    1.1726553E-04    6.7070070E-04    3.2846265E-04    8.2805968E-05
    9.0500000E+00   -1.6017973E-04    6.5814542E-05    2.4612155E-05    3.8947391E-05    2.9813756E-05    1.1785676E-09    1.0000031E-16    7.4568779E-06    1.1064638E-07    8.7739937E-09    1.1842080E-04    6.7070070E-04    3.2846265E-04    8.2805968E-05
    9.1500000E+00   -1.6139230E-04    6.6207550E-05    2.4796457E-05    3.8991208E-05    2.9995972E-05    1.1489028E-09    1.0000031E-16    7.5479859E-06    1.1163500E-07    8.8524641E-09    1.1957800E-04    6.7070070E-04    3.2846265E-04    8.2805968E-05
    9.2500000E+00   -1.6260725E-04    6.6601307E-05    2.4980976E-05    3.9035108E-05    3.0178600E-05    1.1202160E-09    1.0000031E-16    7.6393001E-06    1.1262773E-07    8.9312620E-09    1.2073715E-04    6.7070070E-04    3.2846265E-04    8.2805968E-05
    9.3500000E+00   -1.6382458E-04    6.6995814E-05    2.5165710E-05    3.9079092E-05    3.0361641E-05    1.0924682E-09    1.0000031E-16    7.7308207E-06    1.1362458E-07    9.0103883E-09    1.2189823E-04    6.7070070E-04    3.2846265E-04    8.2805968E-05
    9.4500000E+00   -1.6504429E-04    6.7391072E-05    2.5350660E-05    3.9123160E-05    3.0545096E-05    1.0656225E-09    1.0000031E-16    7.8225480E-06    1.1462555E-07    9.0898440E-09    1.2306125E-04    6.7070070E-04    3.2846265E-04    8.2805968E-05
    9.5500000E+00   -1.6626638E-04    6.7787082E-05    2.5535825E-05    3.9167312E-05    3.0728964E-05    1.0396434E-09    1.0000031E-16    7.9144822E-06    1.1563067E-07    9.1696299E-09    1.2422622E-04    6.7070070E-04    3.2846265E-04    8.2805968E-05
    9.6500000E+00   -1.6749085E-04    6.8183844E-05    2.5721204E-05    3.9211548E-05    3.0913247E-05    1.0144972E-09    1.0000031E-16    8.0066236E-06    1.1663995E-07    9.2497469E-09    1.2539312E-04    6.7070070E-04    3.2846265E-04    8.2805968E-05
    9.7500000E+00   -1.6871771E-04    6.8581358E-05    2.5906795E-05    3.9255867E-05    3.1097945E-05    9.9015178E-10    1.0000031E-16    8.0989723E-06    1.1765339E-07    9.3301960E-09    1.2656196E-04    6.7070070E-04    3.2846265E-04    8.2805968E-05
    9.8500000E+00   -1.6994695E-04    6.8979627E-05    2.6092599E-05    3.9300271E-05    3.1283057E-05    9.6657629E-10    1.0000031E-16    8.1915287E-06    1.1867100E-07    9.4109779E-09    1.2773273E-04    6.7070070E-04    3.2846265E-04    8.2805968E-05
    9.9500000E+00   -1.7117859E-04    6.9378650E-05    2.6278614E-05    3.9344758E-05    3.1468586E-05    9.4374142E-10    1.0000031E-16    8.2842929E-06    1.1969280E-07    9.4920937E-09    1.2890545E-04    6.7070070E-04    3.2846265E-04    8.2805968E-05
    1.0050000E+01   -1.7241261E-04    6.9778428E-05    2.6464840E-05    3.9389330E-05    3.1654530E-05    9.2161913E-10    1.0000031E-16    8.3772651E-06    1.2071881E-07    9.5735444E-09    1.3008010E-04    6.7070070E-04    3.2846265E-04    8.2805968E-05
    1.0150000E+01   -1.7364902E-04    7.0178962E-05    2.6651275E-05    3.9433986E-05    3.1840891E-05    9.0018261E-10    1.0000031E-16    8.4704457E-06    1.2174902E-07    9.6553309E-09    1.3125669E-04    6.7070070E-04    3.2846265E-04    8.2805968E-05
    1.0250000E+01   -1.7488782E-04    7.0580253E-05    2.6837919E-05    3.9478727E-05    3.2027669E-05    8.7940624E-10    1.0000031E-16    8.5638347E-06    1.2278346E-07    9.7374541E-09    1.3243522E-04    6.7070070E-04    3.2846265E-04    8.2805968E-05
    1.0350000E+01   -1.7612902E-04    7.0982300E-05    2.7024770E-05    3.9523551E-05    3.2214865E-05    8.5926552E-10    1.0000031E-16    8.6574326E-06    1.2382214E-07    9.8199152E-09    1.3361569E-04    6.7070070E-04    3.2846265E-04    8.2805968E-05
    1.0450000E+01   -1.7737261E-04    7.1385106E-05    2.7211828E-05    3.9568461E-05    3.2402479E-05    8.3973702E-10    1.0000031E-16    8.7512395E-06    1.2486507E-07    9.9027151E-09    1.3479809E-04    6.7070070E-04    3.2846265E-04    8.2805968E-05
    1.0550000E+01   -1.7861860E-04    7.1788671E-05    2.7399092E-05    3.9613455E-05    3.2590511E-05    8.2079832E-10    1.0000031E-16    8.8452556E-06    1.2591226E-07    9.9858548E-09    1.3598242E-04    6.7070070E-04    3.2846265E-04    8.2805968E-05
    1.0650000E+01   -1.7986698E-04    7.2192995E-05    2.7586560E-05    3.9658534E-05    3.2778962E-05    8.0242796E-10    1.0000031E-16    8.9394812E-06    1.2696373E-07    1.0069335E-08    1.3716869E-04    6.7070070E-04    3.2846265E-04    8.2805968E-05
    1.0750000E+01   -1.8111776E-04    7.2598079E-05    2.7774231E-05    3.9703697E-05    3.2967833E-05    7.8460540E-10    1.0000031E-16    9.0339164E-06    1.2801949E-07    1.0153158E-08    1.3835689E-04    6.7070070E-04    3.2846265E-04    8.2805968E-05
    1.0850000E+01   -1.8237094E-04    7.3003924E-05    2.7962105E-05    3.9748945E-05    3.3157123E-05    7.6731097E-10    1.0000031E-16    9.1285617E-06    1.2907955E-07    1.0237324E-08    1.3954703E-04    6.7070070E-04    3.2846265E-04    8.2805968E-05
    1.0950000E+01   -1.8362652E-04    7.3410531E-05    2.8150180E-05    3.9794278E-05    3.3346834E-05    7.5052583E-10    1.0000031E-16    9.2234171E-06    1.3014393E-07    1.0321833E-08    1.4073910E-04    6.7070070E-04    3.2846265E-04    8.2805968E-05
    1.1050000E+01   -1.8488450E-04    7.3817899E-05    2.8338455E-05    3.9839696E-05    3.3536966E-05    7.3423192E-10    1.0000031E-16    9.3184829E-06    1.3121264E-07    1.0406689E-08    1.4193309E-04    6.7070070E-04    3.2846265E-04    8.2805968E-05
    1.1150000E+01   -1.8614488E-04    7.4226031E-05    2.8526929E-05    3.9885200E-05    3.3727519E-05    7.1841194E-10    1.0000031E-16    9.4137593E-06    1.3228570E-07    1.0491890E-08    1.4312902E-04    6.7070070E-04    3.2846265E-04    8.2805968E-05
    1.1250000E+01   -1.8740766E-04    7.4634927E-05    2.8715600E-05    3.9930788E-05    3.3918493E-05    7.0304930E-10    1.0000031E-16    9.5092466E-06    1.3336312E-07    1.0577439E-08    1.4432688E-04    6.7070070E-04    3.2846265E-04    8.2805968E-05
    1.1350000E+01   -1.8867285E-04    7.5044587E-05    2.8904467E-05    3.9976462E-05    3.4109890E-05    6.8812810E-10    1.0000031E-16    9.6049450E-06    1.3444491E-07    1.0663337E-08    1.4552666E-04    6.7070070E-04    3.2846265E-04    8.2805968E-05
    1.1450000E+01   -1.8994044E-04    7.5455012E-05    2.9093529E-05    4.0022220E-05    3.4301710E-05    6.7363309E-10    1.0000031E-16    9.7008548E-06    1.3553109E-07    1.0749585E-08    1.4672837E-04    6.7070070E-04    3.2846265E-04    8.2805968E-05
    1.1550000E+01   -1.9121044E-04    7.5866203E-05    2.9282785E-05    4.0068065E-05    3.4493952E-05    6.5954962E-10    1.0000031E-16    9.7969761E-06    1.3662167E-07    1.0836184E-08    1.4793201E-04    6.7070070E-04    3.2846265E-04    8.2805968E-05
    1.1650000E+01   -1.9248285E-04    7.6278161E-05    2.9472232E-05    4.0113994E-05    3.4686618E-05    6.4586365E-10    1.0000031E-16    9.8933092E-06    1.3771668E-07    1.0923135E-08    1.4913757E-04    6.7070070E-04    3.2846265E-04    8.2805968E-05
    1.1750000E+01   -1.9375766E-04    7.6690885E-05    2.9661870E-05    4.0160010E-05    3.4879709E-05    6.3256171E-10    1.0000031E-16    9.9898544E-06    1.3881612E-07    1.1010440E-08    1.5034505E-04    6.7070070E-04    3.2846265E-04    8.2805968E-05
    1.1850000E+01   -1.9503488E-04    7.7104378E-05    2.9851697E-05    4.0206111E-05    3.5073224E-05    6.1963084E-10    1.0000031E-16    1.0086612E-05    1.3992002E-07    1.1098100E-08    1.5155445E-04    6.7070070E-04    3.2846265E-04    8.2805968E-05
    1.1950000E+01   -1.9631450E-04    7.7518640E-05    3.0041711E-05    4.0252297E-05    3.5267164E-05    6.0705862E-10    1.0000031E-16    1.0183582E-05    1.4102838E-07    1.1186116E-08    1.5276577E-04    6.7070070E-04    3.2846265E-04    8.2805968E-05
    1.2050000E+01   -1.9759654E-04    7.7933671E-05    3.0231912E-05    4.0298570E-05    3.5461529E-05    5.9483311E-10    1.0000031E-16    1.0280764E-05    1.4214122E-07    1.1274490E-08    1.5397901E-04    6.7070070E-04    3.2846265E-04    8.2805968E-05
    1.2150000E+01   -1.9888099E-04    7.8349472E-05    3.0422296E-05    4.0344928E-05    3.5656320E-05    5.8294283E-10    1.0000031E-16    1.0378160E-05    1.4325857E-07    1.1363223E-08    1.5519416E-04    6.7070070E-04    3.2846265E-04    8.2805968E-05
    1.2250000E+01   -2.0016784E-04    7.8766044E-05    3.0612863E-05    4.0391372E-05    3.5851538E-05    5.7137677E-10    1.0000031E-16    1.0475769E-05    1.4438044E-07    1.1452315E-08    1.5641122E-04    6.7070070E-04    3.2846265E-04    8.2805968E-05
    1.2350000E+01   -2.0145711E-04    7.9183387E-05    3.0803611E-05    4.0437902E-05    3.6047182E-05    5.6012433E-10    1.0000031E-16    1.0573591E-05    1.4550684E-07    1.1541770E-08    1.5763020E-04    6.7070070E-04    3.2846265E-04    8.2805968E-05
    1.2450000E+01   -2.0274879E-04    7.9601503E-05    3.0994538E-05    4.0484519E-05    3.6243254E-05    5.4917531E-10    1.0000031E-16    1.0671627E-05    1.4663779E-07    1.1631587E-08    1.5885108E-04    6.7070070E-04    3.2846265E-04    8.2805968E-05
    1.2550000E+01   -2.0404288E-04    8.0020392E-05    3.1185643E-05    4.0531221E-05    3.6439754E-05    5.3851993E-10    1.0000031E-16    1.0769877E-05    1.4777331E-07    1.1721769E-08    1.6007388E-04    6.7070070E-04    3.2846265E-04    8.2805968E-05
    1.2650000E+01   -2.0533939E-04    8.0440055E-05    3.1376922E-05    4.0578010E-05    3.6636682E-05    5.2814876E-10    1.0000031E-16    1.0868341E-05    1.4891343E-07    1.1812317E-08    1.6129857E-04    6.7070070E-04    3.2846265E-04    8.2805968E-05
    1.2750000E+01   -2.0663830E-04    8.0860491E-05    3.1568376E-05    4.0624885E-05    3.6834039E-05    5.1805273E-10    1.0000031E-16    1.0967019E-05    1.5005815E-07    1.1903233E-08    1.6252517E-04    6.7070070E-04    3.2846265E-04    8.2805968E-05
    1.2850000E+01   -2.0793963E-04    8.1281704E-05    3.1760001E-05    4.0671847E-05    3.7031825E-05    5.0822312E-10    1.0000031E-16    1.1065912E-05    1.5120750E-07    1.1994517E-08    1.6375367E-04    6.7070070E-04    3.2846265E-04    8.2805968E-05
    1.2950000E+01   -2.0924337E-04    8.1703692E-05    3.1951795E-05    4.0718895E-05    3.7230040E-05    4.9865154E-10    1.0000031E-16    1.1165020E-05    1.5236149E-07    1.2086172E-08    1.6498407E-04    6.7070070E-04    3.2846265E-04    8.2805968E-05
    1.3050000E+01   -2.1054953E-04    8.2126456E-05    3.2143757E-05    4.0766029E-05    3.7428686E-05    4.8932991E-10    1.0000031E-16    1.1264343E-05    1.5352014E-07    1.2178199E-08    1.6621636E-04    6.7070070E-04    3.2846265E-04    8.2805968E-05
    1.3150000E+01   -2.1185810E-04    8.2549998E-05    3.2335884E-05    4.0813251E-05    3.7627763E-05    4.8025044E-10    1.0000031E-16    1.1363881E-05    1.5468348E-07    1.2270599E-08    1.6745054E-04    6.7070070E-04    3.2846265E-04    8.2805968E-05
    1.3250000E+01   -2.1316908E-04    8.2974318E-05    3.2528175E-05    4.0860559E-05    3.7827270E-05    4.7140564E-10    1.0000031E-16    1.1463635E-05    1.5585153E-07    1.2363374E-08    1.6868661E-04    6.7070070E-04    3.2846265E-04    8.2805968E-05
    1.3350000E+01   -2.1448248E-04    8.3399416E-05    3.2720626E-05    4.0907953E-05    3.8027209E-05    4.6278831E-10    1.0000031E-16    1.1563605E-05    1.5702430E-07    1.2456527E-08    1.6992457E-04    6.7070070E-04    3.2846265E-04    8.2805968E-05
    1.3450000E+01   -2.1579829E-04    8.3825294E-05    3.2913237E-05    4.0955435E-05    3.8227580E-05    4.5439148E-10    1.0000031E-16    1.1663790E-05    1.5820181E-07    1.2550058E-08    1.7116441E-04    6.7070070E-04    3.2846265E-04    8.2805968E-05
    1.3550000E+01   -2.1711651E-04    8.4251952E-05    3.3106003E-05    4.1003004E-05    3.8428384E-05    4.4620846E-10    1.0000031E-16    1.1764192E-05    1.5938410E-07    1.2643969E-08    1.7240613E-04    6.7070070E-04    3.2846265E-04    8.2805968E-05
    1.3650000E+01   -2.1843715E-04    8.4679391E-05    3.3298924E-05    4.1050660E-05    3.8629620E-05    4.3823279E-10    1.0000031E-16    1.1864810E-05    1.6057117E-07    1.2738262E-08    1.7364972E-04    6.7070070E-04    3.2846265E-04    8.2805968E-05
    1.3750000E+01   -2.1976020E-04    8.5107611E-05    3.3491996E-05    4.1098402E-05    3.8831290E-05    4.3045826E-10    1.0000031E-16    1.1965645E-05    1.6176305E-07    1.2832939E-08    1.7489519E-04    6.7070070E-04    3.2846265E-04    8.2805968E-05
    1.3850000E+01   -2.2108567E-04    8.5536614E-05    3.3685217E-05    4.1146233E-05    3.9033394E-05    4.2287887E-10    1.0000031E-16    1.2066697E-05    1.6295976E-07    1.2928001E-08    1.7614252E-04    6.7070070E-04    3.2846265E-04    8.2805968E-05
    1.3950000E+01   -2.2241354E-04    8.5966400E-05    3.3878584E-05    4.1194150E-05    3.9235932E-05    4.1548884E-10    1.0000031E-16    1.2167966E-05    1.6416132E-07    1.3023451E-08    1.7739173E-04    6.7070070E-04    3.2846265E-04    8.2805968E-05
    1.4050000E+01   -2.2374383E-04    8.6396969E-05    3.4072095E-05    4.1242155E-05    3.9438904E-05    4.0828259E-10    1.0000031E-16    1.2269452E-05    1.6536777E-07    1.3119290E-08    1.7864279E-04    6.7070070E-04    3.2846265E-04    8.2805968E-05
    1.4150000E+01   -2.2507653E-04    8.6828323E-05    3.4265747E-05    4.1290247E-05    3.9642313E-05    4.0125476E-10    1.0000031E-16    1.2371156E-05    1.6657911E-07    1.3215520E-08    1.7989571E-04    6.7070070E-04    3.2846265E-04    8.2805968E-05
    1.4250000E+01   -2.2641165E-04    8.7260462E-05    3.4459537E-05    4.1338427E-05    3.9846156E-05    3.9440016E-10    1.0000031E-16    1.2473078E-05    1.6779539E-07    1.3312143E-08    1.8115048E-04    6.7070070E-04    3.2846265E-04    8.2805968E-05
    1.4350000E+01   -2.2774917E-04    8.7693387E-05    3.4653463E-05    4.1386694E-05    4.0050436E-05    3.8771379E-10    1.0000031E-16    1.2575218E-05    1.6901661E-07    1.3409160E-08    1.8240710E-04    6.7070070E-04    3.2846265E-04    8.2805968E-05
    1.4450000E+01   -2.2908910E-04    8.8127099E-05    3.4847521E-05    4.1435049E-05    4.0255153E-05    3.8119084E-10    1.0000031E-16    1.2677577E-05    1.7024280E-07    1.3506575E-08    1.8366557E-04    6.7070070E-04    3.2846265E-04    8.2805968E-05
    1.4550000E+01   -2.3043145E-04    8.8561597E-05    3.5041708E-05    4.1483492E-05    4.0460307E-05    3.7482664E-10    1.0000031E-16    1.2780154E-05    1.7147399E-07    1.3604389E-08    1.8492587E-04    6.7070070E-04    3.2846265E-04    8.2805968E-05
    1.4650000E+01   -2.3177620E-04    8.8996884E-05    3.5236022E-05    4.1532023E-05    4.0665899E-05    3.6861672E-10    1.0000031E-16    1.2882949E-05    1.7271021E-07    1.3702604E-08    1.8618801E-04    6.7070070E-04    3.2846265E-04    8.2805968E-05
    1.4750000E+01   -2.3312336E-04    8.9432959E-05    3.5430459E-05    4.1580642E-05    4.0871928E-05    3.6255674E-10    1.0000031E-16    1.2985964E-05    1.7395148E-07    1.3801221E-08    1.8745199E-04    6.7070070E-04    3.2846265E-04    8.2805968E-05
    1.4850000E+01   -2.3447293E-04    8.9869824E-05    3.5625016E-05    4.1629348E-05    4.1078396E-05    3.5664254E-10    1.0000031E-16    1.3089198E-05    1.7519783E-07    1.3900245E-08    1.8871778E-04    6.7070070E-04    3.2846265E-04    8.2805968E-05
    1.4950000E+01   -2.3582490E-04    9.0307479E-05    3.5819690E-05    4.1678143E-05    4.1285303E-05    3.5087007E-10    1.0000031E-16    1.3192652E-05    1.7644929E-07    1.3999675E-08    1.8998540E-04    6.7070070E-04    3.2846265E-04    8.2805968E-05
    1.5050000E+01   -2.3717928E-04    9.0745925E-05    3.6014477E-05    4.1727026E-05    4.1492650E-05    3.4523546E-10    1.0000031E-16    1.3296325E-05    1.7770587E-07    1.4099515E-08    1.9125483E-04    6.7070070E-04    3.2846265E-04    8.2805968E-05
    1.5150000E+01   -2.3853606E-04    9.1185162E-05    3.6209374E-05    4.1775997E-05    4.1700436E-05    3.3973496E-10    1.0000031E-16    1.3400218E-05    1.7896762E-07    1.4199768E-08    1.9252607E-04    6.7070070E-04    3.2846265E-04    8.2805968E-05
    1.5250000E+01   -2.3989524E-04    9.1625192E-05    3.6404377E-05    4.1825057E-05    4.1908663E-05    3.3436496E-10    1.0000031E-16    1.3504332E-05    1.8023455E-07    1.4300434E-08    1.9379911E-04    6.7070070E-04    3.2846265E-04    8.2805968E-05
    1.5350000E+01   -2.4125683E-04    9.2066014E-05    3.6599482E-05    4.1874205E-05    4.2117331E-05    3.2912195E-10    1.0000031E-16    1.3608666E-05    1.8150671E-07    1.4401517E-08    1.9507396E-04    6.7070070E-04    3.2846265E-04    8.2805968E-05
    1.5450000E+01   -2.4262081E-04    9.2507631E-05    3.6794687E-05    4.1923441E-05    4.2326440E-05    3.2400260E-10    1.0000031E-16    1.3713220E-05    1.8278411E-07    1.4503019E-08    1.9635059E-04    6.7070070E-04    3.2846265E-04    8.2805968E-05
    1.5550000E+01   -2.4398719E-04    9.2950041E-05    3.6989986E-05    4.1972766E-05    4.2535991E-05    3.1900365E-10    1.0000031E-16    1.3817996E-05    1.8406679E-07    1.4604943E-08    1.9762901E-04    6.7070070E-04    3.2846265E-04    8.2805968E-05
    1.5650000E+01   -2.4535597E-04    9.3393247E-05    3.7185376E-05    4.2022180E-05    4.2745985E-05    3.1412198E-10    1.0000031E-16    1.3922992E-05    1.8535478E-07    1.4707291E-08    1.9890920E-04    6.7070070E-04    3.2846265E-04    8.2805968E-05
    1.5750000E+01   -2.4672715E-04    9.3837249E-05    3.7380854E-05    4.2071682E-05    4.2956420E-05    3.0935459E-10    1.0000031E-16    1.4028210E-05    1.8664811E-07    1.4810065E-08    2.0019117E-04    6.7070070E-04    3.2846265E-04    8.2805968E-05
    1.5850000E+01   -2.4810071E-04    9.4282047E-05    3.7576414E-05    4.2121273E-05    4.3167300E-05    3.0469858E-10    1.0000031E-16    1.4133650E-05    1.8794681E-07    1.4913268E-08    2.0147491E-04    6.7070070E-04    3.2846265E-04    8.2805968E-05
    1.5950000E+01   -2.4947667E-04    9.4727642E-05    3.7772053E-05    4.2170953E-05    4.3378622E-05    3.0015116E-10    1.0000031E-16    1.4239311E-05    1.8925092E-07    1.5016903E-08    2.0276040E-04    6.7070070E-04    3.2846265E-04    8.2805968E-05
    1.6050000E+01   -2.5085502E-04    9.5174036E-05    3.7967766E-05    4.2220722E-05    4.3590389E-05    2.9570966E-10    1.0000031E-16    1.4345195E-05    1.9056047E-07    1.5120972E-08    2.0404765E-04    6.7070070E-04    3.2846265E-04    8.2805968E-05
    1.6150000E+01   -2.5223575E-04    9.5621228E-05    3.8163549E-05    4.2270581E-05    4.3802601E-05    2.9137151E-10    1.0000031E-16    1.4451301E-05    1.9187549E-07    1.5225478E-08    2.0533664E-04    6.7070070E-04    3.2846265E-04    8.2805968E-05
    1.6250000E+01   -2.5361887E-04    9.6069220E-05    3.8359398E-05    4.2320528E-05    4.4015258E-05    2.8713424E-10    1.0000031E-16    1.4557629E-05    1.9319602E-07    1.5330425E-08    2.0662736E-04    6.7070070E-04    3.2846265E-04    8.2805968E-05
    1.6350000E+01   -2.5500436E-04    9.6518011E-05    3.8555307E-05    4.2370564E-05    4.4228360E-05    2.8299549E-10    1.0000031E-16    1.4664180E-05    1.9452210E-07    1.5435814E-08    2.0791981E-04    6.7070070E-04    3.2846265E-04    8.2805968E-05
    1.6450000E+01   -2.5639224E-04    9.6967604E-05    3.8751271E-05    4.2420690E-05    4.4441908E-05    2.7895299E-10    1.0000031E-16    1.4770954E-05    1.9585376E-07    1.5541649E-08    2.0921398E-04    6.7070070E-04    3.2846265E-04    8.2805968E-05
    1.6550000E+01   -2.5778250E-04    9.7417998E-05    3.8947287E-05    4.2470905E-05    4.4655903E-05    2.7500459E-10    1.0000031E-16    1.4877951E-05    1.9719103E-07    1.5647933E-08    2.1050987E-04    6.7070070E-04    3.2846265E-04    8.2805968E-05
    1.6650000E+01   -2.5917513E-04    9.7869194E-05    3.9143348E-05    4.2521209E-05    4.4870344E-05    2.7114824E-10    1.0000031E-16    1.4985172E-05    1.9853396E-07    1.5754669E-08    2.1180745E-04    6.7070070E-04    3.2846265E-04    8.2805968E-05
    1.6750000E+01   -2.6057013E-04    9.8321194E-05    3.9339449E-05    4.2571604E-05    4.5085233E-05    2.6738198E-10    1.0000031E-16    1.5092617E-05    1.9988259E-07    1.5861860E-08    2.1310673E-04    6.7070070E-04    3.2846265E-04    8.2805968E-05
    1.6850000E+01   -2.6196750E-04    9.8773997E-05    3.9535586E-05    4.2622087E-05    4.5300570E-05    2.6370397E-10    1.0000031E-16    1.5200285E-05    2.0123694E-07    1.5969509E-08    2.1440770E-04    6.7070070E-04    3.2846265E-04    8.2805968E-05
    1.6950000E+01   -2.6336723E-04    9.9227604E-05    3.9731752E-05    4.2672661E-05    4.5516355E-05    2.6011249E-10    1.0000031E-16    1.5308178E-05    2.0259708E-07    1.6077620E-08    2.1571033E-04    6.7070070E-04    3.2846265E-04    8.2805968E-05
    1.7050000E+01   -2.6476933E-04    9.9682017E-05    3.9927942E-05    4.2723324E-05    4.5732589E-05    2.5660591E-10    1.0000031E-16    1.5416295E-05    2.0396303E-07    1.6186196E-08    2.1701464E-04    6.7070070E-04    3.2846265E-04    8.2805968E-05
    1.7150000E+01   -2.6617378E-04    1.0013723E-04    4.0124150E-05    4.2774077E-05    4.5949273E-05    2.5318274E-10    1.0000031E-16    1.5524636E-05    2.0533484E-07    1.6295240E-08    2.1832059E-04    6.7070070E-04    3.2846265E-04    8.2805968E-05
    1.7250000E+01   -2.6758058E-04    1.0059326E-04    4.0320370E-05    4.2824919E-05    4.6166406E-05    2.4984160E-10    1.0000031E-16    1.5633203E-05    2.0671256E-07    1.6404756E-08    2.1962819E-04    6.7070070E-04    3.2846265E-04    8.2805968E-05
    1.7350000E+01   -2.6898974E-04    1.0105009E-04    4.0516596E-05    4.2875852E-05    4.6383989E-05    2.4658127E-10    1.0000031E-16    1.5741995E-05    2.0809622E-07    1.6514747E-08    2.2093743E-04    6.7070070E-04    3.2846265E-04    8.2805968E-05
    1.7450000E+01   -2.7040125E-04    1.0150773E-04    4.0712821E-05    4.2926875E-05    4.6602023E-05    2.4340066E-10    1.0000031E-16    1.5851011E-05    2.0948588E-07    1.6625218E-08    2.2224828E-04    6.7070070E-04    3.2846265E-04    8.2805968E-05
    1.7550000E+01   -2.7181509E-04    1.0196618E-04    4.0909039E-05    4.2977988E-05    4.6820508E-05    2.4029884E-10    1.0000031E-16    1.5960254E-05    2.1088158E-07    1.6736172E-08    2.2356075E-04    6.7070070E-04    3.2846265E-04    8.2805968E-05
    1.7650000E+01   -2.7323127E-04    1.0242544E-04    4.1105242E-05    4.3029192E-05    4.7039445E-05    2.3727507E-10    1.0000031E-16    1.6069722E-05    2.1228338E-07    1.6847613E-08    2.2487481E-04    6.7070070E-04    3.2846265E-04    8.2805968E-05
    1.7750000E+01   -2.7464979E-04    1.0288551E-04    4.1301424E-05    4.3080485E-05    4.7258833E-05    2.3432882E-10    1.0000031E-16    1.6179417E-05    2.1369131E-07    1.6959545E-08    2.2619046E-04    6.7070070E-04    3.2846265E-04    8.2805968E-05
    1.7850000E+01   -2.7607063E-04    1.0334639E-04    4.1497577E-05    4.3131869E-05    4.7478675E-05    2.3145978E-10    1.0000031E-16    1.6289337E-05    2.1510545E-07    1.7071973E-08    2.2750767E-04    6.7070070E-04    3.2846265E-04    8.2805968E-05
    1.7950000E+01   -2.7749379E-04    1.0380808E-04    4.1693693E-05    4.3183344E-05    4.7698969E-05    2.2866792E-10    1.0000031E-16    1.6399484E-05    2.1652583E-07    1.7184900E-08    2.2882645E-04    6.7070070E-04    3.2846265E-04    8.2805968E-05
    1.8050000E+01   -2.7891927E-04    1.0427058E-04    4.1889765E-05    4.3234909E-05    4.7919717E-05    2.2595354E-10    1.0000031E-16    1.6509858E-05    2.1795252E-07    1.7298332E-08    2.3014676E-04    6.7070070E-04    3.2846265E-04    8.2805968E-05
    1.8150000E+01   -2.8034706E-04    1.0473390E-04    4.2085783E-05    4.3286565E-05    4.8140918E-05    2.2331732E-10    1.0000031E-16    1.6620459E-05    2.1938557E-07    1.7412273E-08    2.3146860E-04    6.7070070E-04    3.2846265E-04    8.2805968E-05
    1.8250000E+01   -2.8177716E-04    1.0519803E-04    4.2281740E-05    4.3338311E-05    4.8362574E-05    2.2076043E-10    1.0000031E-16    1.6731287E-05    2.2082505E-07    1.7526729E-08    2.3279195E-04    6.7070070E-04    3.2846265E-04    8.2805968E-05
    1.8350000E+01   -2.8320955E-04    1.0566297E-04    4.2477624E-05    4.3390149E-05    4.8584685E-05    2.1828461E-10    1.0000031E-16    1.6842343E-05    2.2227103E-07    1.7641704E-08    2.3411680E-04    6.7070070E-04    3.2846265E-04    8.2805968E-05
    1.8450000E+01   -2.8464422E-04    1.0612873E-04    4.2673427E-05    4.3442077E-05    4.8807252E-05    2.1589234E-10    1.0000031E-16    1.6953626E-05    2.2372356E-07    1.7757204E-08    2.3544312E-04    6.7070070E-04    3.2846265E-04    8.2805968E-05
    1.8550000E+01   -2.8608118E-04    1.0659530E-04    4.2869138E-05    4.3494096E-05    4.9030274E-05    2.1358706E-10    1.0000031E-16    1.7065137E-05    2.2518273E-07    1.7873235E-08    2.3677089E-04    6.7070070E-04    3.2846265E-04    8.2805968E-05
    1.8650000E+01   -2.8752041E-04    1.0706269E-04    4.3064744E-05    4.3546206E-05    4.9253752E-05    2.1137346E-10    1.0000031E-16    1.7176876E-05    2.2664861E-07    1.7989803E-08    2.3810009E-04    6.7070070E-04    3.2846265E-04    8.2805968E-05
    1.8750000E+01   -2.8896190E-04    1.0753090E-04    4.3260234E-05    4.3598407E-05    4.9477687E-05    2.0925786E-10    1.0000031E-16    1.7288844E-05    2.2812128E-07    1.8106915E-08    2.3943070E-04    6.7070070E-04    3.2846265E-04    8.2805968E-05
    1.8850000E+01   -2.9040564E-04    1.0799993E-04    4.3455593E-05    4.3650700E-05    4.9702079E-05    2.0724887E-10    1.0000031E-16    1.7401040E-05    2.2960085E-07    1.8224578E-08    2.4076270E-04    6.7070070E-04    3.2846265E-04    8.2805968E-05
    1.8950000E+01   -2.9185161E-04    1.0846978E-04    4.3650806E-05    4.3703083E-05    4.9926929E-05    2.0535825E-10    1.0000031E-16    1.7513465E-05    2.3108740E-07    1.8342802E-08    2.4209604E-04    6.7070070E-04    3.2846265E-04    8.2805968E-05
    1.9050000E+01   -2.9329981E-04    1.0894044E-04    4.3845856E-05    4.3755558E-05    5.0152237E-05    2.0360230E-10    1.0000031E-16    1.7626119E-05    2.3258107E-07    1.8461595E-08    2.4343071E-04    6.7070070E-04    3.2846265E-04    8.2805968E-05
    1.9150000E+01   -2.9475021E-04    1.0941192E-04    4.4040720E-05    4.3808125E-05    5.0378004E-05    2.0200412E-10    1.0000031E-16    1.7739002E-05    2.3408197E-07    1.8580968E-08    2.4476665E-04    6.7070070E-04    3.2846265E-04    8.2805968E-05
    1.9250000E+01   -2.9620278E-04    1.0988423E-04    4.4235374E-05    4.3860783E-05    5.0604230E-05    2.0059726E-10    1.0000031E-16    1.7852115E-05    2.3559028E-07    1.8700935E-08    2.4610382E-04    6.7070070E-04    3.2846265E-04    8.2805968E-05
    1.9350000E+01   -2.9765751E-04    1.1035736E-04    4.4429788E-05    4.3913532E-05    5.0830915E-05    1.9943229E-10    1.0000031E-16    1.7965458E-05    2.3710619E-07    1.8821511E-08    2.4744216E-04    6.7070070E-04    3.2846265E-04    8.2805968E-05
    1.9450000E+01   -2.9911436E-04    1.1083131E-04    4.4623921E-05    4.3966374E-05    5.1058060E-05    1.9858897E-10    1.0000031E-16    1.8079030E-05    2.3862996E-07    1.8942717E-08    2.4878159E-04    6.7070070E-04    3.2846265E-04    8.2805968E-05
    1.9550000E+01   -3.0057326E-04    1.1130608E-04    4.4817715E-05    4.4019307E-05    5.1285666E-05    1.9820118E-10    1.0000031E-16    1.8192833E-05    2.4016194E-07    1.9064582E-08    2.5012200E-04    6.7070070E-04    3.2846265E-04    8.2805968E-05
    1.9650000E+01   -3.0203414E-04    1.1178167E-04    4.5011087E-05    4.4072332E-05    5.1513733E-05    1.9851354E-10    1.0000031E-16    1.8306866E-05    2.4170266E-07    1.9187150E-08    2.5146322E-04    6.7070070E-04    3.2846265E-04    8.2805968E-05
    1.9750000E+01   -3.0349685E-04    1.1225809E-04    4.5203891E-05    4.4125448E-05    5.1742259E-05    2.0003149E-10    1.0000031E-16    1.8421130E-05    2.4325300E-07    1.9310492E-08    2.5280495E-04    6.7070070E-04    3.2846265E-04    8.2805968E-05
    1.9850000E+01   -3.0496011E-04    1.1273498E-04    4.5395697E-05    4.4178575E-05    5.1971084E-05    2.0402450E-10    1.0000018E-16    1.8535552E-05    2.4481381E-07    1.9434679E-08    2.5414574E-04    6.7069979E-04    3.2846220E-04    8.2805856E-05
    1.9950000E+01   -3.0498525E-04    1.1268231E-04    4.5372397E-05    4.4027224E-05    5.1955636E-05    2.1611751E-10    9.9539944E-17    1.8562116E-05    2.4522556E-07    1.9467664E-08    2.5428292E-04    6.6761300E-04    3.2695051E-04    8.2424755E-05
