# Time          7.0000E+00
# Units: Mole component in mineral/m^3 porous medium
    Distance           H+               Na+              K+               Ca++             Mg++             Al+++            Fe+++            Fe++             Li7+             Li6+             SiO2(aq)         CO2(aq)          O2(aq)           Cl-          
    5.0000000E-02   -2.3014215E+04    1.4646312E+03    2.1326244E+03    1.6329382E+02    5.4219440E+02    5.8110897E+03    0.0000000E+00    2.7109720E+02    2.8223114E+01    2.2967159E+00    2.6247342E+04    0.0000000E+00    0.0000000E+00    0.0000000E+00
    1.5000000E-01   -2.3027645E+04    1.4691834E+03    2.1348429E+03    1.6380134E+02    5.4423111E+02    5.8109313E+03    0.0000000E+00    2.7211556E+02    2.8231533E+01    2.2973252E+00    2.6260755E+04    0.0000000E+00    0.0000000E+00    0.0000000E+00
    2.5000000E-01   -2.3041405E+04    1.4737498E+03    2.1370674E+03    1.6431046E+02    5.4627506E+02    5.8108678E+03    0.0000000E+00    2.7313753E+02    2.8240593E+01    2.2979929E+00    2.6274303E+04    0.0000000E+00    0.0000000E+00    0.0000000E+00
    3.5000000E-01   -2.3055229E+04    1.4783300E+03    2.1392974E+03    1.6482111E+02    5.4832603E+02    5.8108108E+03    0.0000000E+00    2.7416301E+02    2.8249743E+01    2.2986729E+00    2.6287897E+04    0.0000000E+00    0.0000000E+00    0.0000000E+00
    4.5000000E-01   -2.3069111E+04    1.4829236E+03    2.1415328E+03    1.6533325E+02    5.5038382E+02    5.8107595E+03    0.0000000E+00    2.7519191E+02    2.8258977E+01    2.2993640E+00    2.6301534E+04    0.0000000E+00    0.0000000E+00    0.0000000E+00
    5.5000000E-01   -2.3083049E+04    1.4875300E+03    2.1437735E+03    1.6584683E+02    5.5244824E+02    5.8107131E+03    0.0000000E+00    2.7622412E+02    2.8268289E+01    2.3000653E+00    2.6315212E+04    0.0000000E+00    0.0000000E+00    0.0000000E+00
    6.5000000E-01   -2.3097041E+04    1.4921489E+03    2.1460192E+03    1.6636180E+02    5.5451914E+02    5.8106711E+03    0.0000000E+00    2.7725957E+02    2.8277676E+01    2.3007762E+00    2.6328930E+04    0.0000000E+00    0.0000000E+00    0.0000000E+00
    7.5000000E-01   -2.3111083E+04    1.4967800E+03    2.1482699E+03    1.6687813E+02    5.5659636E+02    5.8106329E+03    0.0000000E+00    2.7829818E+02    2.8287135E+01    2.3014959E+00    2.6342686E+04    0.0000000E+00    0.0000000E+00    0.0000000E+00
    8.5000000E-01   -2.3125173E+04    1.5014230E+03    2.1505253E+03    1.6739579E+02    5.5867977E+02    5.8105981E+03    0.0000000E+00    2.7933988E+02    2.8296662E+01    2.3022239E+00    2.6356478E+04    0.0000000E+00    0.0000000E+00    0.0000000E+00
    9.5000000E-01   -2.3139309E+04    1.5060776E+03    2.1527854E+03    1.6791473E+02    5.6076926E+02    5.8105664E+03    0.0000000E+00    2.8038463E+02    2.8306255E+01    2.3029597E+00    2.6370306E+04    0.0000000E+00    0.0000000E+00    0.0000000E+00
    1.0500000E+00   -2.3153490E+04    1.5107435E+03    2.1550500E+03    1.6843494E+02    5.6286473E+02    5.8105375E+03    0.0000000E+00    2.8143236E+02    2.8315911E+01    2.3037028E+00    2.6384169E+04    0.0000000E+00    0.0000000E+00    0.0000000E+00
    1.1500000E+00   -2.3167713E+04    1.5154206E+03    2.1573191E+03    1.6895640E+02    5.6496607E+02    5.8105109E+03    0.0000000E+00    2.8248304E+02    2.8325628E+01    2.3044528E+00    2.6398066E+04    0.0000000E+00    0.0000000E+00    0.0000000E+00
    1.2500000E+00   -2.3181979E+04    1.5201087E+03    2.1595925E+03    1.6947907E+02    5.6707323E+02    5.8104865E+03    0.0000000E+00    2.8353661E+02    2.8335405E+01    2.3052095E+00    2.6411995E+04    0.0000000E+00    0.0000000E+00    0.0000000E+00
    1.3500000E+00   -2.3196285E+04    1.5248075E+03    2.1618702E+03    1.7000295E+02    5.6918611E+02    5.8104641E+03    0.0000000E+00    2.8459305E+02    2.8345241E+01    2.3059724E+00    2.6425956E+04    0.0000000E+00    0.0000000E+00    0.0000000E+00
    1.4500000E+00   -2.3210631E+04    1.5295170E+03    2.1641522E+03    1.7052802E+02    5.7130467E+02    5.8104435E+03    0.0000000E+00    2.8565233E+02    2.8355133E+01    2.3067413E+00    2.6439949E+04    0.0000000E+00    0.0000000E+00    0.0000000E+00
    1.5500000E+00   -2.3225016E+04    1.5342370E+03    2.1664383E+03    1.7105426E+02    5.7342884E+02    5.8104244E+03    0.0000000E+00    2.8671442E+02    2.8365082E+01    2.3075161E+00    2.6453973E+04    0.0000000E+00    0.0000000E+00    0.0000000E+00
    1.6500000E+00   -2.3239439E+04    1.5389674E+03    2.1687285E+03    1.7158166E+02    5.7555860E+02    5.8104068E+03    0.0000000E+00    2.8777930E+02    2.8375085E+01    2.3082964E+00    2.6468028E+04    0.0000000E+00    0.0000000E+00    0.0000000E+00
    1.7500000E+00   -2.3253899E+04    1.5437081E+03    2.1710228E+03    1.7211021E+02    5.7769389E+02    5.8103905E+03    0.0000000E+00    2.8884694E+02    2.8385142E+01    2.3090821E+00    2.6482112E+04    0.0000000E+00    0.0000000E+00    0.0000000E+00
    1.8500000E+00   -2.3268395E+04    1.5484591E+03    2.1733211E+03    1.7263991E+02    5.7983468E+02    5.8103754E+03    0.0000000E+00    2.8991734E+02    2.8395252E+01    2.3098730E+00    2.6496227E+04    0.0000000E+00    0.0000000E+00    0.0000000E+00
    1.9500000E+00   -2.3282928E+04    1.5532203E+03    2.1756234E+03    1.7317074E+02    5.8198096E+02    5.8103614E+03    0.0000000E+00    2.9099048E+02    2.8405416E+01    2.3106691E+00    2.6510371E+04    0.0000000E+00    0.0000000E+00    0.0000000E+00
    2.0500000E+00   -2.3297497E+04    1.5579916E+03    2.1779296E+03    1.7370270E+02    5.8413269E+02    5.8103483E+03    0.0000000E+00    2.9206634E+02    2.8415631E+01    2.3114701E+00    2.6524544E+04    0.0000000E+00    0.0000000E+00    0.0000000E+00
    2.1500000E+00   -2.3312101E+04    1.5627730E+03    2.1802398E+03    1.7423578E+02    5.8628985E+02    5.8103362E+03    0.0000000E+00    2.9314493E+02    2.8425898E+01    2.3122759E+00    2.6538746E+04    0.0000000E+00    0.0000000E+00    0.0000000E+00
    2.2500000E+00   -2.3326740E+04    1.5675644E+03    2.1825538E+03    1.7476998E+02    5.8845244E+02    5.8103249E+03    0.0000000E+00    2.9422622E+02    2.8436216E+01    2.3130866E+00    2.6552977E+04    0.0000000E+00    0.0000000E+00    0.0000000E+00
    2.3500000E+00   -2.3341413E+04    1.5723658E+03    2.1848718E+03    1.7530530E+02    5.9062043E+02    5.8103144E+03    0.0000000E+00    2.9531022E+02    2.8446585E+01    2.3139018E+00    2.6567237E+04    0.0000000E+00    0.0000000E+00    0.0000000E+00
    2.4500000E+00   -2.3356121E+04    1.5771772E+03    2.1871936E+03    1.7584172E+02    5.9279383E+02    5.8103046E+03    0.0000000E+00    2.9639692E+02    2.8457004E+01    2.3147217E+00    2.6581525E+04    0.0000000E+00    0.0000000E+00    0.0000000E+00
    2.5500000E+00   -2.3370863E+04    1.5819985E+03    2.1895193E+03    1.7637926E+02    5.9497263E+02    5.8102954E+03    0.0000000E+00    2.9748631E+02    2.8467474E+01    2.3155461E+00    2.6595841E+04    0.0000000E+00    0.0000000E+00    0.0000000E+00
    2.6500000E+00   -2.3385640E+04    1.5868298E+03    2.1918488E+03    1.7691791E+02    5.9715681E+02    5.8102868E+03    0.0000000E+00    2.9857840E+02    2.8477993E+01    2.3163750E+00    2.6610186E+04    0.0000000E+00    0.0000000E+00    0.0000000E+00
    2.7500000E+00   -2.3400450E+04    1.5916711E+03    2.1941821E+03    1.7745767E+02    5.9934638E+02    5.8102787E+03    0.0000000E+00    2.9967319E+02    2.8488563E+01    2.3172082E+00    2.6624558E+04    0.0000000E+00    0.0000000E+00    0.0000000E+00
    2.8500000E+00   -2.3415293E+04    1.5965222E+03    2.1965193E+03    1.7799853E+02    6.0154134E+02    5.8102712E+03    0.0000000E+00    3.0077067E+02    2.8499182E+01    2.3180458E+00    2.6638959E+04    0.0000000E+00    0.0000000E+00    0.0000000E+00
    2.9500000E+00   -2.3430171E+04    1.6013833E+03    2.1988602E+03    1.7854050E+02    6.0374168E+02    5.8102641E+03    0.0000000E+00    3.0187084E+02    2.8509851E+01    2.3188877E+00    2.6653388E+04    0.0000000E+00    0.0000000E+00    0.0000000E+00
    3.0500000E+00   -2.3445081E+04    1.6062543E+03    2.2012050E+03    1.7908357E+02    6.0594741E+02    5.8102574E+03    0.0000000E+00    3.0297370E+02    2.8520569E+01    2.3197339E+00    2.6667845E+04    0.0000000E+00    0.0000000E+00    0.0000000E+00
    3.1500000E+00   -2.3460025E+04    1.6111352E+03    2.2035535E+03    1.7962775E+02    6.0815852E+02    5.8102512E+03    0.0000000E+00    3.0407926E+02    2.8531337E+01    2.3205843E+00    2.6682329E+04    0.0000000E+00    0.0000000E+00    0.0000000E+00
    3.2500000E+00   -2.3475002E+04    1.6160260E+03    2.2059058E+03    1.8017304E+02    6.1037503E+02    5.8102453E+03    0.0000000E+00    3.0518752E+02    2.8542154E+01    2.3214389E+00    2.6696842E+04    0.0000000E+00    0.0000000E+00    0.0000000E+00
    3.3500000E+00   -2.3490013E+04    1.6209268E+03    2.2082618E+03    1.8071943E+02    6.1259694E+02    5.8102397E+03    0.0000000E+00    3.0629847E+02    2.8553020E+01    2.3222977E+00    2.6711382E+04    0.0000000E+00    0.0000000E+00    0.0000000E+00
    3.4500000E+00   -2.3505056E+04    1.6258375E+03    2.2106217E+03    1.8126693E+02    6.1482424E+02    5.8102345E+03    0.0000000E+00    3.0741212E+02    2.8563936E+01    2.3231607E+00    2.6725950E+04    0.0000000E+00    0.0000000E+00    0.0000000E+00
    3.5500000E+00   -2.3520133E+04    1.6307581E+03    2.2129853E+03    1.8181554E+02    6.1705695E+02    5.8102296E+03    0.0000000E+00    3.0852848E+02    2.8574901E+01    2.3240278E+00    2.6740546E+04    0.0000000E+00    0.0000000E+00    0.0000000E+00
    3.6500000E+00   -2.3535242E+04    1.6356886E+03    2.2153526E+03    1.8236525E+02    6.1929507E+02    5.8102249E+03    0.0000000E+00    3.0964753E+02    2.8585915E+01    2.3248990E+00    2.6755169E+04    0.0000000E+00    0.0000000E+00    0.0000000E+00
    3.7500000E+00   -2.3550385E+04    1.6406291E+03    2.2177237E+03    1.8291607E+02    6.2153860E+02    5.8102205E+03    0.0000000E+00    3.1076930E+02    2.8596979E+01    2.3257743E+00    2.6769820E+04    0.0000000E+00    0.0000000E+00    0.0000000E+00
    3.8500000E+00   -2.3565561E+04    1.6455796E+03    2.2200986E+03    1.8346801E+02    6.2378754E+02    5.8102163E+03    0.0000000E+00    3.1189377E+02    2.8608091E+01    2.3266537E+00    2.6784499E+04    0.0000000E+00    0.0000000E+00    0.0000000E+00
    3.9500000E+00   -2.3580769E+04    1.6505400E+03    2.2224772E+03    1.8402105E+02    6.2604192E+02    5.8102124E+03    0.0000000E+00    3.1302096E+02    2.8619253E+01    2.3275372E+00    2.6799206E+04    0.0000000E+00    0.0000000E+00    0.0000000E+00
    4.0500000E+00   -2.3596010E+04    1.6555104E+03    2.2248595E+03    1.8457520E+02    6.2830172E+02    5.8102087E+03    0.0000000E+00    3.1415086E+02    2.8630465E+01    2.3284248E+00    2.6813940E+04    0.0000000E+00    0.0000000E+00    0.0000000E+00
    4.1500000E+00   -2.3611285E+04    1.6604907E+03    2.2272456E+03    1.8513047E+02    6.3056696E+02    5.8102052E+03    0.0000000E+00    3.1528348E+02    2.8641725E+01    2.3293164E+00    2.6828702E+04    0.0000000E+00    0.0000000E+00    0.0000000E+00
    4.2500000E+00   -2.3626592E+04    1.6654811E+03    2.2296354E+03    1.8568685E+02    6.3283764E+02    5.8102018E+03    0.0000000E+00    3.1641882E+02    2.8653035E+01    2.3302121E+00    2.6843492E+04    0.0000000E+00    0.0000000E+00    0.0000000E+00
    4.3500000E+00   -2.3641932E+04    1.6704814E+03    2.2320289E+03    1.8624434E+02    6.3511378E+02    5.8101986E+03    0.0000000E+00    3.1755689E+02    2.8664395E+01    2.3311119E+00    2.6858309E+04    0.0000000E+00    0.0000000E+00    0.0000000E+00
    4.4500000E+00   -2.3657305E+04    1.6754917E+03    2.2344261E+03    1.8680295E+02    6.3739536E+02    5.8101956E+03    0.0000000E+00    3.1869768E+02    2.8675804E+01    2.3320157E+00    2.6873154E+04    0.0000000E+00    0.0000000E+00    0.0000000E+00
    4.5500000E+00   -2.3672710E+04    1.6805121E+03    2.2368270E+03    1.8736268E+02    6.3968241E+02    5.8101928E+03    0.0000000E+00    3.1984120E+02    2.8687263E+01    2.3329235E+00    2.6888027E+04    0.0000000E+00    0.0000000E+00    0.0000000E+00
    4.6500000E+00   -2.3688149E+04    1.6855425E+03    2.2392317E+03    1.8792353E+02    6.4197492E+02    5.8101901E+03    0.0000000E+00    3.2098746E+02    2.8698771E+01    2.3338354E+00    2.6902928E+04    0.0000000E+00    0.0000000E+00    0.0000000E+00
    4.7500000E+00   -2.3703620E+04    1.6905829E+03    2.2416400E+03    1.8848549E+02    6.4427291E+02    5.8101875E+03    0.0000000E+00    3.2213646E+02    2.8710329E+01    2.3347513E+00    2.6917856E+04    0.0000000E+00    0.0000000E+00    0.0000000E+00
    4.8500000E+00   -2.3719124E+04    1.6956333E+03    2.2440521E+03    1.8904857E+02    6.4657638E+02    5.8101850E+03    0.0000000E+00    3.2328819E+02    2.8721937E+01    2.3356713E+00    2.6932811E+04    0.0000000E+00    0.0000000E+00    0.0000000E+00
    4.9500000E+00   -2.3734662E+04    1.7006939E+03    2.2464678E+03    1.8961277E+02    6.4888534E+02    5.8101827E+03    0.0000000E+00    3.2444267E+02    2.8733595E+01    2.3365953E+00    2.6947795E+04    0.0000000E+00    0.0000000E+00    0.0000000E+00
    5.0500000E+00   -2.3750231E+04    1.7057644E+03    2.2488873E+03    1.9017810E+02    6.5119979E+02    5.8101805E+03    0.0000000E+00    3.2559989E+02    2.8745303E+01    2.3375234E+00    2.6962806E+04    0.0000000E+00    0.0000000E+00    0.0000000E+00
    5.1500000E+00   -2.3765834E+04    1.7108451E+03    2.2513104E+03    1.9074455E+02    6.5351974E+02    5.8101783E+03    0.0000000E+00    3.2675987E+02    2.8757060E+01    2.3384555E+00    2.6977845E+04    0.0000000E+00    0.0000000E+00    0.0000000E+00
    5.2500000E+00   -2.3781470E+04    1.7159358E+03    2.2537372E+03    1.9131212E+02    6.5584519E+02    5.8101763E+03    0.0000000E+00    3.2792260E+02    2.8768868E+01    2.3393917E+00    2.6992912E+04    0.0000000E+00    0.0000000E+00    0.0000000E+00
    5.3500000E+00   -2.3797139E+04    1.7210366E+03    2.2561677E+03    1.9188082E+02    6.5817616E+02    5.8101744E+03    0.0000000E+00    3.2908808E+02    2.8780727E+01    2.3403319E+00    2.7008006E+04    0.0000000E+00    0.0000000E+00    0.0000000E+00
    5.4500000E+00   -2.3812840E+04    1.7261475E+03    2.2586019E+03    1.9245064E+02    6.6051265E+02    5.8101726E+03    0.0000000E+00    3.3025632E+02    2.8792635E+01    2.3412762E+00    2.7023128E+04    0.0000000E+00    0.0000000E+00    0.0000000E+00
    5.5500000E+00   -2.3828575E+04    1.7312686E+03    2.2610397E+03    1.9302159E+02    6.6285466E+02    5.8101708E+03    0.0000000E+00    3.3142733E+02    2.8804594E+01    2.3422245E+00    2.7038278E+04    0.0000000E+00    0.0000000E+00    0.0000000E+00
    5.6500000E+00   -2.3844342E+04    1.7363997E+03    2.2634812E+03    1.9359367E+02    6.6520221E+02    5.8101691E+03    0.0000000E+00    3.3260110E+02    2.8816604E+01    2.3431769E+00    2.7053455E+04    0.0000000E+00    0.0000000E+00    0.0000000E+00
    5.7500000E+00   -2.3860142E+04    1.7415410E+03    2.2659264E+03    1.9416688E+02    6.6755529E+02    5.8101675E+03    0.0000000E+00    3.3377765E+02    2.8828664E+01    2.3441334E+00    2.7068660E+04    0.0000000E+00    0.0000000E+00    0.0000000E+00
    5.8500000E+00   -2.3875976E+04    1.7466925E+03    2.2683752E+03    1.9474122E+02    6.6991392E+02    5.8101660E+03    0.0000000E+00    3.3495696E+02    2.8840775E+01    2.3450939E+00    2.7083893E+04    0.0000000E+00    0.0000000E+00    0.0000000E+00
    5.9500000E+00   -2.3891842E+04    1.7518540E+03    2.2708276E+03    1.9531670E+02    6.7227811E+02    5.8101645E+03    0.0000000E+00    3.3613905E+02    2.8852937E+01    2.3460586E+00    2.7099154E+04    0.0000000E+00    0.0000000E+00    0.0000000E+00
    6.0500000E+00   -2.3907741E+04    1.7570258E+03    2.2732837E+03    1.9589330E+02    6.7464785E+02    5.8101631E+03    0.0000000E+00    3.3732392E+02    2.8865150E+01    2.3470273E+00    2.7114442E+04    0.0000000E+00    0.0000000E+00    0.0000000E+00
    6.1500000E+00   -2.3923673E+04    1.7622077E+03    2.2757434E+03    1.9647104E+02    6.7702315E+02    5.8101618E+03    0.0000000E+00    3.3851158E+02    2.8877414E+01    2.3480001E+00    2.7129759E+04    0.0000000E+00    0.0000000E+00    0.0000000E+00
    6.2500000E+00   -2.3939639E+04    1.7673998E+03    2.2782068E+03    1.9704992E+02    6.7940403E+02    5.8101605E+03    0.0000000E+00    3.3970201E+02    2.8889729E+01    2.3489771E+00    2.7145103E+04    0.0000000E+00    0.0000000E+00    0.0000000E+00
    6.3500000E+00   -2.3955637E+04    1.7726021E+03    2.2806737E+03    1.9762993E+02    6.8179048E+02    5.8101593E+03    0.0000000E+00    3.4089524E+02    2.8902095E+01    2.3499581E+00    2.7160474E+04    0.0000000E+00    0.0000000E+00    0.0000000E+00
    6.4500000E+00   -2.3971668E+04    1.7778146E+03    2.2831443E+03    1.9821108E+02    6.8418252E+02    5.8101581E+03    0.0000000E+00    3.4209126E+02    2.8914513E+01    2.3509433E+00    2.7175874E+04    0.0000000E+00    0.0000000E+00    0.0000000E+00
    6.5500000E+00   -2.3987733E+04    1.7830373E+03    2.2856185E+03    1.9879337E+02    6.8658015E+02    5.8101569E+03    0.0000000E+00    3.4329008E+02    2.8926982E+01    2.3519326E+00    2.7191301E+04    0.0000000E+00    0.0000000E+00    0.0000000E+00
    6.6500000E+00   -2.4003830E+04    1.7882703E+03    2.2880963E+03    1.9937679E+02    6.8898338E+02    5.8101559E+03    0.0000000E+00    3.4449169E+02    2.8939503E+01    2.3529260E+00    2.7206756E+04    0.0000000E+00    0.0000000E+00    0.0000000E+00
    6.7500000E+00   -2.4019961E+04    1.7935134E+03    2.2905777E+03    1.9996136E+02    6.9139221E+02    5.8101548E+03    0.0000000E+00    3.4569611E+02    2.8952076E+01    2.3539236E+00    2.7222239E+04    0.0000000E+00    0.0000000E+00    0.0000000E+00
    6.8500000E+00   -2.4036125E+04    1.7987668E+03    2.2930627E+03    2.0054707E+02    6.9380666E+02    5.8101538E+03    0.0000000E+00    3.4690333E+02    2.8964701E+01    2.3549253E+00    2.7237749E+04    0.0000000E+00    0.0000000E+00    0.0000000E+00
    6.9500000E+00   -2.4052322E+04    1.8040305E+03    2.2955513E+03    2.0113392E+02    6.9622672E+02    5.8101529E+03    0.0000000E+00    3.4811336E+02    2.8977378E+01    2.3559311E+00    2.7253288E+04    0.0000000E+00    0.0000000E+00    0.0000000E+00
    7.0500000E+00   -2.4068552E+04    1.8093044E+03    2.2980434E+03    2.0172192E+02    6.9865240E+02    5.8101519E+03    0.0000000E+00    3.4932620E+02    2.8990107E+01    2.3569412E+00    2.7268854E+04    0.0000000E+00    0.0000000E+00    0.0000000E+00
    7.1500000E+00   -2.4084815E+04    1.8145886E+03    2.3005391E+03    2.0231106E+02    7.0108372E+02    5.8101510E+03    0.0000000E+00    3.5054186E+02    2.9002888E+01    2.3579554E+00    2.7284448E+04    0.0000000E+00    0.0000000E+00    0.0000000E+00
    7.2500000E+00   -2.4101112E+04    1.8198831E+03    2.3030384E+03    2.0290135E+02    7.0352067E+02    5.8101502E+03    0.0000000E+00    3.5176033E+02    2.9015721E+01    2.3589738E+00    2.7300069E+04    0.0000000E+00    0.0000000E+00    0.0000000E+00
    7.3500000E+00   -2.4117441E+04    1.8251879E+03    2.3055412E+03    2.0349279E+02    7.0596326E+02    5.8101494E+03    0.0000000E+00    3.5298163E+02    2.9028608E+01    2.3599964E+00    2.7315719E+04    0.0000000E+00    0.0000000E+00    0.0000000E+00
    7.4500000E+00   -2.4133804E+04    1.8305030E+03    2.3080476E+03    2.0408538E+02    7.0841151E+02    5.8101486E+03    0.0000000E+00    3.5420575E+02    2.9041547E+01    2.3610232E+00    2.7331396E+04    0.0000000E+00    0.0000000E+00    0.0000000E+00
    7.5500000E+00   -2.4150200E+04    1.8358283E+03    2.3105575E+03    2.0467911E+02    7.1086541E+02    5.8101478E+03    0.0000000E+00    3.5543270E+02    2.9054538E+01    2.3620543E+00    2.7347101E+04    0.0000000E+00    0.0000000E+00    0.0000000E+00
    7.6500000E+00   -2.4166630E+04    1.8411641E+03    2.3130709E+03    2.0527400E+02    7.1332497E+02    5.8101471E+03    0.0000000E+00    3.5666249E+02    2.9067583E+01    2.3630895E+00    2.7362834E+04    0.0000000E+00    0.0000000E+00    0.0000000E+00
    7.7500000E+00   -2.4183093E+04    1.8465101E+03    2.3155879E+03    2.0587003E+02    7.1579021E+02    5.8101464E+03    0.0000000E+00    3.5789510E+02    2.9080681E+01    2.3641290E+00    2.7378595E+04    0.0000000E+00    0.0000000E+00    0.0000000E+00
    7.8500000E+00   -2.4199589E+04    1.8518665E+03    2.3181084E+03    2.0646722E+02    7.1826112E+02    5.8101457E+03    0.0000000E+00    3.5913056E+02    2.9093832E+01    2.3651728E+00    2.7394384E+04    0.0000000E+00    0.0000000E+00    0.0000000E+00
    7.9500000E+00   -2.4216118E+04    1.8572332E+03    2.3206323E+03    2.0706557E+02    7.2073771E+02    5.8101451E+03    0.0000000E+00    3.6036885E+02    2.9107037E+01    2.3662208E+00    2.7410200E+04    0.0000000E+00    0.0000000E+00    0.0000000E+00
    8.0500000E+00   -2.4232681E+04    1.8626103E+03    2.3231598E+03    2.0766507E+02    7.2321999E+02    5.8101444E+03    0.0000000E+00    3.6160999E+02    2.9120295E+01    2.3672731E+00    2.7426044E+04    0.0000000E+00    0.0000000E+00    0.0000000E+00
    8.1500000E+00   -2.4249277E+04    1.8679978E+03    2.3256907E+03    2.0826573E+02    7.2570797E+02    5.8101438E+03    0.0000000E+00    3.6285398E+02    2.9133607E+01    2.3683296E+00    2.7441916E+04    0.0000000E+00    0.0000000E+00    0.0000000E+00
    8.2500000E+00   -2.4265907E+04    1.8733956E+03    2.3282251E+03    2.0886754E+02    7.2820165E+02    5.8101432E+03    0.0000000E+00    3.6410082E+02    2.9146973E+01    2.3693905E+00    2.7457816E+04    0.0000000E+00    0.0000000E+00    0.0000000E+00
    8.3500000E+00   -2.4282570E+04    1.8788039E+03    2.3307630E+03    2.0947052E+02    7.3070103E+02    5.8101427E+03    0.0000000E+00    3.6535052E+02    2.9160392E+01    2.3704556E+00    2.7473744E+04    0.0000000E+00    0.0000000E+00    0.0000000E+00
    8.4500000E+00   -2.4299266E+04    1.8842225E+03    2.3333043E+03    2.1007465E+02    7.3320614E+02    5.8101421E+03    0.0000000E+00    3.6660307E+02    2.9173866E+01    2.3715251E+00    2.7489699E+04    0.0000000E+00    0.0000000E+00    0.0000000E+00
    8.5500000E+00   -2.4315996E+04    1.8896516E+03    2.3358490E+03    2.1067994E+02    7.3571696E+02    5.8101416E+03    0.0000000E+00    3.6785848E+02    2.9187394E+01    2.3725989E+00    2.7505682E+04    0.0000000E+00    0.0000000E+00    0.0000000E+00
    8.6500000E+00   -2.4332760E+04    1.8950911E+03    2.3383972E+03    2.1128640E+02    7.3823351E+02    5.8101411E+03    0.0000000E+00    3.6911676E+02    2.9200977E+01    2.3736771E+00    2.7521693E+04    0.0000000E+00    0.0000000E+00    0.0000000E+00
    8.7500000E+00   -2.4349557E+04    1.9005410E+03    2.3409488E+03    2.1189402E+02    7.4075580E+02    5.8101406E+03    0.0000000E+00    3.7037790E+02    2.9214614E+01    2.3747596E+00    2.7537732E+04    0.0000000E+00    0.0000000E+00    0.0000000E+00
    8.8500000E+00   -2.4366387E+04    1.9060014E+03    2.3435038E+03    2.1250280E+02    7.4328383E+02    5.8101402E+03    0.0000000E+00    3.7164192E+02    2.9228306E+01    2.3758465E+00    2.7553799E+04    0.0000000E+00    0.0000000E+00    0.0000000E+00
    8.9500000E+00   -2.4383251E+04    1.9114722E+03    2.3460622E+03    2.1311275E+02    7.4581761E+02    5.8101397E+03    0.0000000E+00    3.7290880E+02    2.9242053E+01    2.3769377E+00    2.7569893E+04    0.0000000E+00    0.0000000E+00    0.0000000E+00
    9.0500000E+00   -2.4400148E+04    1.9169535E+03    2.3486240E+03    2.1372387E+02    7.4835714E+02    5.8101393E+03    0.0000000E+00    3.7417857E+02    2.9255855E+01    2.3780334E+00    2.7586015E+04    0.0000000E+00    0.0000000E+00    0.0000000E+00
    9.1500000E+00   -2.4417079E+04    1.9224452E+03    2.3511891E+03    2.1433615E+02    7.5090243E+02    5.8101388E+03    0.0000000E+00    3.7545122E+02    2.9269713E+01    2.3791334E+00    2.7602165E+04    0.0000000E+00    0.0000000E+00    0.0000000E+00
    9.2500000E+00   -2.4434044E+04    1.9279474E+03    2.3537576E+03    2.1494960E+02    7.5345349E+02    5.8101384E+03    0.0000000E+00    3.7672675E+02    2.9283626E+01    2.3802379E+00    2.7618343E+04    0.0000000E+00    0.0000000E+00    0.0000000E+00
    9.3500000E+00   -2.4451042E+04    1.9334602E+03    2.3563295E+03    2.1556422E+02    7.5601032E+02    5.8101380E+03    0.0000000E+00    3.7800516E+02    2.9297594E+01    2.3813468E+00    2.7634548E+04    0.0000000E+00    0.0000000E+00    0.0000000E+00
    9.4500000E+00   -2.4468074E+04    1.9389834E+03    2.3589046E+03    2.1618001E+02    7.5857294E+02    5.8101376E+03    0.0000000E+00    3.7928647E+02    2.9311619E+01    2.3824602E+00    2.7650781E+04    0.0000000E+00    0.0000000E+00    0.0000000E+00
    9.5500000E+00   -2.4485139E+04    1.9445171E+03    2.3614831E+03    2.1679698E+02    7.6114134E+02    5.8101373E+03    0.0000000E+00    3.8057067E+02    2.9325699E+01    2.3835780E+00    2.7667042E+04    0.0000000E+00    0.0000000E+00    0.0000000E+00
    9.6500000E+00   -2.4502238E+04    1.9500614E+03    2.3640649E+03    2.1741512E+02    7.6371553E+02    5.8101369E+03    0.0000000E+00    3.8185777E+02    2.9339836E+01    2.3847003E+00    2.7683331E+04    0.0000000E+00    0.0000000E+00    0.0000000E+00
    9.7500000E+00   -2.4519371E+04    1.9556162E+03    2.3666500E+03    2.1803443E+02    7.6629553E+02    5.8101365E+03    0.0000000E+00    3.8314776E+02    2.9354029E+01    2.3858271E+00    2.7699647E+04    0.0000000E+00    0.0000000E+00    0.0000000E+00
    9.8500000E+00   -2.4536538E+04    1.9611815E+03    2.3692383E+03    2.1865491E+02    7.6888133E+02    5.8101362E+03    0.0000000E+00    3.8444067E+02    2.9368278E+01    2.3869583E+00    2.7715992E+04    0.0000000E+00    0.0000000E+00    0.0000000E+00
    9.9500000E+00   -2.4553738E+04    1.9667574E+03    2.3718299E+03    2.1927658E+02    7.7147295E+02    5.8101359E+03    0.0000000E+00    3.8573647E+02    2.9382585E+01    2.3880941E+00    2.7732363E+04    0.0000000E+00    0.0000000E+00    0.0000000E+00
    1.0050000E+01   -2.4570971E+04    1.9723439E+03    2.3744247E+03    2.1989942E+02    7.7407038E+02    5.8101356E+03    0.0000000E+00    3.8703519E+02    2.9396948E+01    2.3892345E+00    2.7748763E+04    0.0000000E+00    0.0000000E+00    0.0000000E+00
    1.0150000E+01   -2.4588239E+04    1.9779409E+03    2.3770228E+03    2.2052344E+02    7.7667364E+02    5.8101353E+03    0.0000000E+00    3.8833682E+02    2.9411368E+01    2.3903794E+00    2.7765190E+04    0.0000000E+00    0.0000000E+00    0.0000000E+00
    1.0250000E+01   -2.4605540E+04    1.9835485E+03    2.3796240E+03    2.2114864E+02    7.7928274E+02    5.8101350E+03    0.0000000E+00    3.8964137E+02    2.9425846E+01    2.3915288E+00    2.7781645E+04    0.0000000E+00    0.0000000E+00    0.0000000E+00
    1.0350000E+01   -2.4622875E+04    1.9891667E+03    2.3822285E+03    2.2177502E+02    7.8189767E+02    5.8101347E+03    0.0000000E+00    3.9094883E+02    2.9440381E+01    2.3926829E+00    2.7798128E+04    0.0000000E+00    0.0000000E+00    0.0000000E+00
    1.0450000E+01   -2.4640244E+04    1.9947955E+03    2.3848361E+03    2.2240258E+02    7.8451845E+02    5.8101344E+03    0.0000000E+00    3.9225922E+02    2.9454973E+01    2.3938415E+00    2.7814638E+04    0.0000000E+00    0.0000000E+00    0.0000000E+00
    1.0550000E+01   -2.4657647E+04    2.0004349E+03    2.3874469E+03    2.2303133E+02    7.8714508E+02    5.8101341E+03    0.0000000E+00    3.9357254E+02    2.9469624E+01    2.3950048E+00    2.7831176E+04    0.0000000E+00    0.0000000E+00    0.0000000E+00
    1.0650000E+01   -2.4675083E+04    2.0060849E+03    2.3900608E+03    2.2366126E+02    7.8977757E+02    5.8101339E+03    0.0000000E+00    3.9488878E+02    2.9484333E+01    2.3961727E+00    2.7847741E+04    0.0000000E+00    0.0000000E+00    0.0000000E+00
    1.0750000E+01   -2.4692553E+04    2.0117456E+03    2.3926778E+03    2.2429238E+02    7.9241593E+02    5.8101336E+03    0.0000000E+00    3.9620796E+02    2.9499100E+01    2.3973452E+00    2.7864334E+04    0.0000000E+00    0.0000000E+00    0.0000000E+00
    1.0850000E+01   -2.4710057E+04    2.0174169E+03    2.3952979E+03    2.2492468E+02    7.9506015E+02    5.8101333E+03    0.0000000E+00    3.9753008E+02    2.9513926E+01    2.3985224E+00    2.7880954E+04    0.0000000E+00    0.0000000E+00    0.0000000E+00
    1.0950000E+01   -2.4727595E+04    2.0230989E+03    2.3979210E+03    2.2555817E+02    7.9771026E+02    5.8101331E+03    0.0000000E+00    3.9885513E+02    2.9528810E+01    2.3997043E+00    2.7897602E+04    0.0000000E+00    0.0000000E+00    0.0000000E+00
    1.1050000E+01   -2.4745167E+04    2.0287915E+03    2.4005473E+03    2.2619285E+02    8.0036625E+02    5.8101329E+03    0.0000000E+00    4.0018313E+02    2.9543754E+01    2.4008908E+00    2.7914278E+04    0.0000000E+00    0.0000000E+00    0.0000000E+00
    1.1150000E+01   -2.4762772E+04    2.0344948E+03    2.4031765E+03    2.2682872E+02    8.0302813E+02    5.8101326E+03    0.0000000E+00    4.0151407E+02    2.9558757E+01    2.4020821E+00    2.7930981E+04    0.0000000E+00    0.0000000E+00    0.0000000E+00
    1.1250000E+01   -2.4780411E+04    2.0402088E+03    2.4058088E+03    2.2746578E+02    8.0569592E+02    5.8101324E+03    0.0000000E+00    4.0284796E+02    2.9573819E+01    2.4032782E+00    2.7947712E+04    0.0000000E+00    0.0000000E+00    0.0000000E+00
    1.1350000E+01   -2.4798084E+04    2.0459335E+03    2.4084441E+03    2.2810403E+02    8.0836960E+02    5.8101322E+03    0.0000000E+00    4.0418480E+02    2.9588941E+01    2.4044789E+00    2.7964470E+04    0.0000000E+00    0.0000000E+00    0.0000000E+00
    1.1450000E+01   -2.4815792E+04    2.0516689E+03    2.4110823E+03    2.2874348E+02    8.1104920E+02    5.8101320E+03    0.0000000E+00    4.0552460E+02    2.9604122E+01    2.4056845E+00    2.7981255E+04    0.0000000E+00    0.0000000E+00    0.0000000E+00
    1.1550000E+01   -2.4833532E+04    2.0574149E+03    2.4137235E+03    2.2938411E+02    8.1373471E+02    5.8101318E+03    0.0000000E+00    4.0686736E+02    2.9619364E+01    2.4068948E+00    2.7998068E+04    0.0000000E+00    0.0000000E+00    0.0000000E+00
    1.1650000E+01   -2.4851307E+04    2.0631718E+03    2.4163676E+03    2.3002595E+02    8.1642615E+02    5.8101316E+03    0.0000000E+00    4.0821308E+02    2.9634666E+01    2.4081100E+00    2.8014908E+04    0.0000000E+00    0.0000000E+00    0.0000000E+00
    1.1750000E+01   -2.4869116E+04    2.0689393E+03    2.4190146E+03    2.3066898E+02    8.1912352E+02    5.8101314E+03    0.0000000E+00    4.0956176E+02    2.9650029E+01    2.4093300E+00    2.8031776E+04    0.0000000E+00    0.0000000E+00    0.0000000E+00
    1.1850000E+01   -2.4886959E+04    2.0747176E+03    2.4216644E+03    2.3131321E+02    8.2182683E+02    5.8101312E+03    0.0000000E+00    4.1091341E+02    2.9665453E+01    2.4105548E+00    2.8048671E+04    0.0000000E+00    0.0000000E+00    0.0000000E+00
    1.1950000E+01   -2.4904835E+04    2.0805066E+03    2.4243171E+03    2.3195864E+02    8.2453608E+02    5.8101311E+03    0.0000000E+00    4.1226804E+02    2.9680937E+01    2.4117845E+00    2.8065593E+04    0.0000000E+00    0.0000000E+00    0.0000000E+00
    1.2050000E+01   -2.4922746E+04    2.0863064E+03    2.4269726E+03    2.3260527E+02    8.2725128E+02    5.8101309E+03    0.0000000E+00    4.1362564E+02    2.9696483E+01    2.4130191E+00    2.8082542E+04    0.0000000E+00    0.0000000E+00    0.0000000E+00
    1.2150000E+01   -2.4940690E+04    2.0921170E+03    2.4296309E+03    2.3325310E+02    8.2997244E+02    5.8101307E+03    0.0000000E+00    4.1498622E+02    2.9712091E+01    2.4142586E+00    2.8099519E+04    0.0000000E+00    0.0000000E+00    0.0000000E+00
    1.2250000E+01   -2.4958668E+04    2.0979384E+03    2.4322920E+03    2.3390213E+02    8.3269956E+02    5.8101305E+03    0.0000000E+00    4.1634978E+02    2.9727761E+01    2.4155031E+00    2.8116523E+04    0.0000000E+00    0.0000000E+00    0.0000000E+00
    1.2350000E+01   -2.4976680E+04    2.1037705E+03    2.4349558E+03    2.3455236E+02    8.3543265E+02    5.8101304E+03    0.0000000E+00    4.1771633E+02    2.9743493E+01    2.4167525E+00    2.8133554E+04    0.0000000E+00    0.0000000E+00    0.0000000E+00
    1.2450000E+01   -2.4994727E+04    2.1096135E+03    2.4376224E+03    2.3520380E+02    8.3817172E+02    5.8101302E+03    0.0000000E+00    4.1908586E+02    2.9759287E+01    2.4180068E+00    2.8150612E+04    0.0000000E+00    0.0000000E+00    0.0000000E+00
    1.2550000E+01   -2.5012807E+04    2.1154672E+03    2.4402916E+03    2.3585645E+02    8.4091677E+02    5.8101301E+03    0.0000000E+00    4.2045839E+02    2.9775144E+01    2.4192662E+00    2.8167697E+04    0.0000000E+00    0.0000000E+00    0.0000000E+00
    1.2650000E+01   -2.5030921E+04    2.1213318E+03    2.4429634E+03    2.3651030E+02    8.4366781E+02    5.8101299E+03    0.0000000E+00    4.2183391E+02    2.9791063E+01    2.4205306E+00    2.8184809E+04    0.0000000E+00    0.0000000E+00    0.0000000E+00
    1.2750000E+01   -2.5049069E+04    2.1272072E+03    2.4456379E+03    2.3716536E+02    8.4642485E+02    5.8101298E+03    0.0000000E+00    4.2321242E+02    2.9807047E+01    2.4218000E+00    2.8201948E+04    0.0000000E+00    0.0000000E+00    0.0000000E+00
    1.2850000E+01   -2.5067250E+04    2.1330935E+03    2.4483150E+03    2.3782162E+02    8.4918789E+02    5.8101296E+03    0.0000000E+00    4.2459394E+02    2.9823093E+01    2.4230745E+00    2.8219114E+04    0.0000000E+00    0.0000000E+00    0.0000000E+00
    1.2950000E+01   -2.5085466E+04    2.1389906E+03    2.4509946E+03    2.3847910E+02    8.5195694E+02    5.8101295E+03    0.0000000E+00    4.2597847E+02    2.9839204E+01    2.4243541E+00    2.8236307E+04    0.0000000E+00    0.0000000E+00    0.0000000E+00
    1.3050000E+01   -2.5103716E+04    2.1448986E+03    2.4536767E+03    2.3913779E+02    8.5473200E+02    5.8101294E+03    0.0000000E+00    4.2736600E+02    2.9855378E+01    2.4256388E+00    2.8253527E+04    0.0000000E+00    0.0000000E+00    0.0000000E+00
    1.3150000E+01   -2.5122000E+04    2.1508174E+03    2.4563613E+03    2.3979769E+02    8.5751309E+02    5.8101292E+03    0.0000000E+00    4.2875654E+02    2.9871617E+01    2.4269286E+00    2.8270774E+04    0.0000000E+00    0.0000000E+00    0.0000000E+00
    1.3250000E+01   -2.5140317E+04    2.1567472E+03    2.4590484E+03    2.4045881E+02    8.6030020E+02    5.8101291E+03    0.0000000E+00    4.3015010E+02    2.9887921E+01    2.4282236E+00    2.8288047E+04    0.0000000E+00    0.0000000E+00    0.0000000E+00
    1.3350000E+01   -2.5158669E+04    2.1626878E+03    2.4617379E+03    2.4112113E+02    8.6309335E+02    5.8101290E+03    0.0000000E+00    4.3154668E+02    2.9904289E+01    2.4295237E+00    2.8305348E+04    0.0000000E+00    0.0000000E+00    0.0000000E+00
    1.3450000E+01   -2.5177054E+04    2.1686393E+03    2.4644298E+03    2.4178468E+02    8.6589255E+02    5.8101289E+03    0.0000000E+00    4.3294627E+02    2.9920723E+01    2.4308291E+00    2.8322674E+04    0.0000000E+00    0.0000000E+00    0.0000000E+00
    1.3550000E+01   -2.5195474E+04    2.1746018E+03    2.4671241E+03    2.4244944E+02    8.6869779E+02    5.8101287E+03    0.0000000E+00    4.3434889E+02    2.9937223E+01    2.4321397E+00    2.8340028E+04    0.0000000E+00    0.0000000E+00    0.0000000E+00
    1.3650000E+01   -2.5213927E+04    2.1805751E+03    2.4698206E+03    2.4311542E+02    8.7150908E+02    5.8101286E+03    0.0000000E+00    4.3575454E+02    2.9953789E+01    2.4334556E+00    2.8357408E+04    0.0000000E+00    0.0000000E+00    0.0000000E+00
    1.3750000E+01   -2.5232414E+04    2.1865594E+03    2.4725195E+03    2.4378262E+02    8.7432644E+02    5.8101285E+03    0.0000000E+00    4.3716322E+02    2.9970421E+01    2.4347768E+00    2.8374814E+04    0.0000000E+00    0.0000000E+00    0.0000000E+00
    1.3850000E+01   -2.5250935E+04    2.1925547E+03    2.4752205E+03    2.4445103E+02    8.7714987E+02    5.8101284E+03    0.0000000E+00    4.3857493E+02    2.9987119E+01    2.4361032E+00    2.8392247E+04    0.0000000E+00    0.0000000E+00    0.0000000E+00
    1.3950000E+01   -2.5269490E+04    2.1985608E+03    2.4779238E+03    2.4512067E+02    8.7997937E+02    5.8101283E+03    0.0000000E+00    4.3998968E+02    3.0003885E+01    2.4374351E+00    2.8409707E+04    0.0000000E+00    0.0000000E+00    0.0000000E+00
    1.4050000E+01   -2.5288079E+04    2.2045780E+03    2.4806292E+03    2.4579153E+02    8.8281495E+02    5.8101282E+03    0.0000000E+00    4.4140747E+02    3.0020718E+01    2.4387722E+00    2.8427192E+04    0.0000000E+00    0.0000000E+00    0.0000000E+00
    1.4150000E+01   -2.5306702E+04    2.2106061E+03    2.4833368E+03    2.4646362E+02    8.8565661E+02    5.8101281E+03    0.0000000E+00    4.4282831E+02    3.0037618E+01    2.4401148E+00    2.8444704E+04    0.0000000E+00    0.0000000E+00    0.0000000E+00
    1.4250000E+01   -2.5325359E+04    2.2166452E+03    2.4860464E+03    2.4713693E+02    8.8850438E+02    5.8101280E+03    0.0000000E+00    4.4425219E+02    3.0054587E+01    2.4414628E+00    2.8462242E+04    0.0000000E+00    0.0000000E+00    0.0000000E+00
    1.4350000E+01   -2.5344049E+04    2.2226953E+03    2.4887580E+03    2.4781146E+02    8.9135824E+02    5.8101279E+03    0.0000000E+00    4.4567912E+02    3.0071623E+01    2.4428163E+00    2.8479807E+04    0.0000000E+00    0.0000000E+00    0.0000000E+00
    1.4450000E+01   -2.5362773E+04    2.2287564E+03    2.4914716E+03    2.4848722E+02    8.9421821E+02    5.8101278E+03    0.0000000E+00    4.4710910E+02    3.0088729E+01    2.4441752E+00    2.8497397E+04    0.0000000E+00    0.0000000E+00    0.0000000E+00
    1.4550000E+01   -2.5381532E+04    2.2348285E+03    2.4941872E+03    2.4916421E+02    8.9708429E+02    5.8101277E+03    0.0000000E+00    4.4854215E+02    3.0105904E+01    2.4455397E+00    2.8515013E+04    0.0000000E+00    0.0000000E+00    0.0000000E+00
    1.4650000E+01   -2.5400324E+04    2.2409117E+03    2.4969047E+03    2.4984243E+02    8.9995650E+02    5.8101276E+03    0.0000000E+00    4.4997825E+02    3.0123148E+01    2.4469097E+00    2.8532656E+04    0.0000000E+00    0.0000000E+00    0.0000000E+00
    1.4750000E+01   -2.5419149E+04    2.2470058E+03    2.4996240E+03    2.5052187E+02    9.0283483E+02    5.8101275E+03    0.0000000E+00    4.5141741E+02    3.0140462E+01    2.4482853E+00    2.8550324E+04    0.0000000E+00    0.0000000E+00    0.0000000E+00
    1.4850000E+01   -2.5438009E+04    2.2531111E+03    2.5023451E+03    2.5120255E+02    9.0571929E+02    5.8101275E+03    0.0000000E+00    4.5285965E+02    3.0157846E+01    2.4496665E+00    2.8568018E+04    0.0000000E+00    0.0000000E+00    0.0000000E+00
    1.4950000E+01   -2.5456902E+04    2.2592273E+03    2.5050680E+03    2.5188446E+02    9.0860990E+02    5.8101274E+03    0.0000000E+00    4.5430495E+02    3.0175301E+01    2.4510533E+00    2.8585737E+04    0.0000000E+00    0.0000000E+00    0.0000000E+00
    1.5050000E+01   -2.5475830E+04    2.2653546E+03    2.5077926E+03    2.5256761E+02    9.1150665E+02    5.8101273E+03    0.0000000E+00    4.5575332E+02    3.0192827E+01    2.4524458E+00    2.8603483E+04    0.0000000E+00    0.0000000E+00    0.0000000E+00
    1.5150000E+01   -2.5494790E+04    2.2714930E+03    2.5105188E+03    2.5325199E+02    9.1440955E+02    5.8101272E+03    0.0000000E+00    4.5720478E+02    3.0210425E+01    2.4538440E+00    2.8621253E+04    0.0000000E+00    0.0000000E+00    0.0000000E+00
    1.5250000E+01   -2.5513785E+04    2.2776425E+03    2.5132466E+03    2.5393760E+02    9.1731861E+02    5.8101271E+03    0.0000000E+00    4.5865931E+02    3.0228094E+01    2.4552479E+00    2.8639050E+04    0.0000000E+00    0.0000000E+00    0.0000000E+00
    1.5350000E+01   -2.5532813E+04    2.2838031E+03    2.5159760E+03    2.5462445E+02    9.2023384E+02    5.8101271E+03    0.0000000E+00    4.6011692E+02    3.0245836E+01    2.4566576E+00    2.8656871E+04    0.0000000E+00    0.0000000E+00    0.0000000E+00
    1.5450000E+01   -2.5551875E+04    2.2899748E+03    2.5187068E+03    2.5531254E+02    9.2315524E+02    5.8101270E+03    0.0000000E+00    4.6157762E+02    3.0263650E+01    2.4580731E+00    2.8674718E+04    0.0000000E+00    0.0000000E+00    0.0000000E+00
    1.5550000E+01   -2.5570971E+04    2.2961576E+03    2.5214391E+03    2.5600187E+02    9.2608282E+02    5.8101269E+03    0.0000000E+00    4.6304141E+02    3.0281537E+01    2.4594944E+00    2.8692590E+04    0.0000000E+00    0.0000000E+00    0.0000000E+00
    1.5650000E+01   -2.5590100E+04    2.3023515E+03    2.5241728E+03    2.5669244E+02    9.2901659E+02    5.8101269E+03    0.0000000E+00    4.6450829E+02    3.0299499E+01    2.4609217E+00    2.8710487E+04    0.0000000E+00    0.0000000E+00    0.0000000E+00
    1.5750000E+01   -2.5609263E+04    2.3085565E+03    2.5269078E+03    2.5738424E+02    9.3195655E+02    5.8101268E+03    0.0000000E+00    4.6597827E+02    3.0317534E+01    2.4623548E+00    2.8728409E+04    0.0000000E+00    0.0000000E+00    0.0000000E+00
    1.5850000E+01   -2.5628459E+04    2.3147727E+03    2.5296441E+03    2.5807730E+02    9.3490270E+02    5.8101267E+03    0.0000000E+00    4.6745135E+02    3.0335643E+01    2.4637939E+00    2.8746357E+04    0.0000000E+00    0.0000000E+00    0.0000000E+00
    1.5950000E+01   -2.5647689E+04    2.3210000E+03    2.5323816E+03    2.5877159E+02    9.3785507E+02    5.8101267E+03    0.0000000E+00    4.6892753E+02    3.0353828E+01    2.4652389E+00    2.8764328E+04    0.0000000E+00    0.0000000E+00    0.0000000E+00
    1.6050000E+01   -2.5666952E+04    2.3272385E+03    2.5351202E+03    2.5946713E+02    9.4081364E+02    5.8101266E+03    0.0000000E+00    4.7040682E+02    3.0372088E+01    2.4666900E+00    2.8782325E+04    0.0000000E+00    0.0000000E+00    0.0000000E+00
    1.6150000E+01   -2.5686249E+04    2.3334882E+03    2.5378599E+03    2.6016391E+02    9.4377843E+02    5.8101265E+03    0.0000000E+00    4.7188922E+02    3.0390424E+01    2.4681472E+00    2.8800346E+04    0.0000000E+00    0.0000000E+00    0.0000000E+00
    1.6250000E+01   -2.5705580E+04    2.3397491E+03    2.5406006E+03    2.6086195E+02    9.4674945E+02    5.8101265E+03    0.0000000E+00    4.7337472E+02    3.0408836E+01    2.4696104E+00    2.8818392E+04    0.0000000E+00    0.0000000E+00    0.0000000E+00
    1.6350000E+01   -2.5724944E+04    2.3460211E+03    2.5433423E+03    2.6156123E+02    9.4972669E+02    5.8101264E+03    0.0000000E+00    4.7486335E+02    3.0427325E+01    2.4710798E+00    2.8836462E+04    0.0000000E+00    0.0000000E+00    0.0000000E+00
    1.6450000E+01   -2.5744341E+04    2.3523043E+03    2.5460848E+03    2.6226175E+02    9.5271018E+02    5.8101263E+03    0.0000000E+00    4.7635509E+02    3.0445892E+01    2.4725554E+00    2.8854556E+04    0.0000000E+00    0.0000000E+00    0.0000000E+00
    1.6550000E+01   -2.5763771E+04    2.3585988E+03    2.5488282E+03    2.6296353E+02    9.5569991E+02    5.8101263E+03    0.0000000E+00    4.7784995E+02    3.0464536E+01    2.4740372E+00    2.8872675E+04    0.0000000E+00    0.0000000E+00    0.0000000E+00
    1.6650000E+01   -2.5783235E+04    2.3649045E+03    2.5515722E+03    2.6366656E+02    9.5869589E+02    5.8101262E+03    0.0000000E+00    4.7934795E+02    3.0483259E+01    2.4755253E+00    2.8890817E+04    0.0000000E+00    0.0000000E+00    0.0000000E+00
    1.6750000E+01   -2.5802732E+04    2.3712214E+03    2.5543170E+03    2.6437084E+02    9.6169813E+02    5.8101262E+03    0.0000000E+00    4.8084906E+02    3.0502061E+01    2.4770197E+00    2.8908983E+04    0.0000000E+00    0.0000000E+00    0.0000000E+00
    1.6850000E+01   -2.5822262E+04    2.3775496E+03    2.5570623E+03    2.6507638E+02    9.6470663E+02    5.8101261E+03    0.0000000E+00    4.8235332E+02    3.0520943E+01    2.4785204E+00    2.8927173E+04    0.0000000E+00    0.0000000E+00    0.0000000E+00
    1.6950000E+01   -2.5841826E+04    2.3838890E+03    2.5598082E+03    2.6578317E+02    9.6772140E+02    5.8101261E+03    0.0000000E+00    4.8386070E+02    3.0539905E+01    2.4800276E+00    2.8945387E+04    0.0000000E+00    0.0000000E+00    0.0000000E+00
    1.7050000E+01   -2.5861422E+04    2.3902396E+03    2.5625545E+03    2.6649121E+02    9.7074245E+02    5.8101260E+03    0.0000000E+00    4.8537123E+02    3.0558947E+01    2.4815412E+00    2.8963624E+04    0.0000000E+00    0.0000000E+00    0.0000000E+00
    1.7150000E+01   -2.5881052E+04    2.3966016E+03    2.5653012E+03    2.6720052E+02    9.7376979E+02    5.8101260E+03    0.0000000E+00    4.8688489E+02    3.0578071E+01    2.4830613E+00    2.8981885E+04    0.0000000E+00    0.0000000E+00    0.0000000E+00
    1.7250000E+01   -2.5900715E+04    2.4029748E+03    2.5680481E+03    2.6791108E+02    9.7680341E+02    5.8101259E+03    0.0000000E+00    4.8840170E+02    3.0597277E+01    2.4845879E+00    2.9000169E+04    0.0000000E+00    0.0000000E+00    0.0000000E+00
    1.7350000E+01   -2.5920411E+04    2.4093593E+03    2.5707952E+03    2.6862289E+02    9.7984333E+02    5.8101259E+03    0.0000000E+00    4.8992166E+02    3.0616565E+01    2.4861212E+00    2.9018476E+04    0.0000000E+00    0.0000000E+00    0.0000000E+00
    1.7450000E+01   -2.5940139E+04    2.4157552E+03    2.5735424E+03    2.6933597E+02    9.8288955E+02    5.8101258E+03    0.0000000E+00    4.9144478E+02    3.0635937E+01    2.4876611E+00    2.9036805E+04    0.0000000E+00    0.0000000E+00    0.0000000E+00
    1.7550000E+01   -2.5959901E+04    2.4221623E+03    2.5762896E+03    2.7005031E+02    9.8594208E+02    5.8101258E+03    0.0000000E+00    4.9297104E+02    3.0655392E+01    2.4892077E+00    2.9055158E+04    0.0000000E+00    0.0000000E+00    0.0000000E+00
    1.7650000E+01   -2.5979695E+04    2.4285807E+03    2.5790367E+03    2.7076592E+02    9.8900093E+02    5.8101257E+03    0.0000000E+00    4.9450047E+02    3.0674932E+01    2.4907610E+00    2.9073533E+04    0.0000000E+00    0.0000000E+00    0.0000000E+00
    1.7750000E+01   -2.5999522E+04    2.4350105E+03    2.5817836E+03    2.7148278E+02    9.9206610E+02    5.8101257E+03    0.0000000E+00    4.9603305E+02    3.0694557E+01    2.4923212E+00    2.9091930E+04    0.0000000E+00    0.0000000E+00    0.0000000E+00
    1.7850000E+01   -2.6019382E+04    2.4414517E+03    2.5845303E+03    2.7220091E+02    9.9513760E+02    5.8101257E+03    0.0000000E+00    4.9756880E+02    3.0714268E+01    2.4938882E+00    2.9110350E+04    0.0000000E+00    0.0000000E+00    0.0000000E+00
    1.7950000E+01   -2.6039274E+04    2.4479041E+03    2.5872766E+03    2.7292031E+02    9.9821544E+02    5.8101256E+03    0.0000000E+00    4.9910772E+02    3.0734066E+01    2.4954622E+00    2.9128791E+04    0.0000000E+00    0.0000000E+00    0.0000000E+00
    1.8050000E+01   -2.6059199E+04    2.4543680E+03    2.5900223E+03    2.7364097E+02    1.0012996E+03    5.8101256E+03    0.0000000E+00    5.0064981E+02    3.0753951E+01    2.4970432E+00    2.9147255E+04    0.0000000E+00    0.0000000E+00    0.0000000E+00
    1.8150000E+01   -2.6079156E+04    2.4608432E+03    2.5927674E+03    2.7436290E+02    1.0043901E+03    5.8101255E+03    0.0000000E+00    5.0219507E+02    3.0773924E+01    2.4986312E+00    2.9165740E+04    0.0000000E+00    0.0000000E+00    0.0000000E+00
    1.8250000E+01   -2.6099146E+04    2.4673298E+03    2.5955118E+03    2.7508610E+02    1.0074870E+03    5.8101255E+03    0.0000000E+00    5.0374352E+02    3.0793986E+01    2.5002263E+00    2.9184246E+04    0.0000000E+00    0.0000000E+00    0.0000000E+00
    1.8350000E+01   -2.6119168E+04    2.4738278E+03    2.5982554E+03    2.7581057E+02    1.0105903E+03    5.8101255E+03    0.0000000E+00    5.0529514E+02    3.0814139E+01    2.5018287E+00    2.9202774E+04    0.0000000E+00    0.0000000E+00    0.0000000E+00
    1.8450000E+01   -2.6139222E+04    2.4803372E+03    2.6009979E+03    2.7653631E+02    1.0136999E+03    5.8101254E+03    0.0000000E+00    5.0684995E+02    3.0834382E+01    2.5034383E+00    2.9221322E+04    0.0000000E+00    0.0000000E+00    0.0000000E+00
    1.8550000E+01   -2.6159308E+04    2.4868580E+03    2.6037394E+03    2.7726333E+02    1.0168159E+03    5.8101254E+03    0.0000000E+00    5.0840794E+02    3.0854717E+01    2.5050552E+00    2.9239891E+04    0.0000000E+00    0.0000000E+00    0.0000000E+00
    1.8650000E+01   -2.6179426E+04    2.4933902E+03    2.6064795E+03    2.7799162E+02    1.0199382E+03    5.8101254E+03    0.0000000E+00    5.0996912E+02    3.0875144E+01    2.5066796E+00    2.9258481E+04    0.0000000E+00    0.0000000E+00    0.0000000E+00
    1.8750000E+01   -2.6199575E+04    2.4999339E+03    2.6092182E+03    2.7872118E+02    1.0230670E+03    5.8101253E+03    0.0000000E+00    5.1153350E+02    3.0895666E+01    2.5083115E+00    2.9277090E+04    0.0000000E+00    0.0000000E+00    0.0000000E+00
    1.8850000E+01   -2.6219757E+04    2.5064889E+03    2.6119552E+03    2.7945201E+02    1.0262022E+03    5.8101253E+03    0.0000000E+00    5.1310108E+02    3.0916283E+01    2.5099510E+00    2.9295720E+04    0.0000000E+00    0.0000000E+00    0.0000000E+00
    1.8950000E+01   -2.6239970E+04    2.5130555E+03    2.6146905E+03    2.8018413E+02    1.0293437E+03    5.8101253E+03    0.0000000E+00    5.1467186E+02    3.0936996E+01    2.5115982E+00    2.9314369E+04    0.0000000E+00    0.0000000E+00    0.0000000E+00
    1.9050000E+01   -2.6260214E+04    2.5196335E+03    2.6174237E+03    2.8091752E+02    1.0324917E+03    5.8101253E+03    0.0000000E+00    5.1624584E+02    3.0957807E+01    2.5132533E+00    2.9333036E+04    0.0000000E+00    0.0000000E+00    0.0000000E+00
    1.9150000E+01   -2.6280489E+04    2.5262230E+03    2.6201546E+03    2.8165219E+02    1.0356461E+03    5.8101252E+03    0.0000000E+00    5.1782303E+02    3.0978717E+01    2.5149163E+00    2.9351722E+04    0.0000000E+00    0.0000000E+00    0.0000000E+00
    1.9250000E+01   -2.6300796E+04    2.5328240E+03    2.6228830E+03    2.8238814E+02    1.0388068E+03    5.8101252E+03    0.0000000E+00    5.1940342E+02    3.0999729E+01    2.5165875E+00    2.9370426E+04    0.0000000E+00    0.0000000E+00    0.0000000E+00
    1.9350000E+01   -2.6321132E+04    2.5394364E+03    2.6256084E+03    2.8312537E+02    1.0419741E+03    5.8101252E+03    0.0000000E+00    5.2098704E+02    3.1020844E+01    2.5182669E+00    2.9389148E+04    0.0000000E+00    0.0000000E+00    0.0000000E+00
    1.9450000E+01   -2.6341499E+04    2.5460604E+03    2.6283304E+03    2.8386389E+02    1.0451477E+03    5.8101252E+03    0.0000000E+00    5.2257386E+02    3.1042066E+01    2.5199549E+00    2.9407885E+04    0.0000000E+00    0.0000000E+00    0.0000000E+00
    1.9550000E+01   -2.6361896E+04    2.5526958E+03    2.6310486E+03    2.8460369E+02    1.0483278E+03    5.8101252E+03    0.0000000E+00    5.2416391E+02    3.1063397E+01    2.5216517E+00    2.9426638E+04    0.0000000E+00    0.0000000E+00    0.0000000E+00
    1.9650000E+01   -2.6382321E+04    2.5593428E+03    2.6337620E+03    2.8534477E+02    1.0515144E+03    5.8101252E+03    0.0000000E+00    5.2575719E+02    3.1084843E+01    2.5233577E+00    2.9445405E+04    0.0000000E+00    0.0000000E+00    0.0000000E+00
    1.9750000E+01   -2.6402774E+04    2.5660014E+03    2.6364696E+03    2.8608714E+02    1.0547074E+03    5.8101252E+03    0.0000000E+00    5.2735369E+02    3.1106412E+01    2.5250735E+00    2.9464183E+04    0.0000000E+00    0.0000000E+00    0.0000000E+00
    1.9850000E+01   -2.6423253E+04    2.5726714E+03    2.6391694E+03    2.8683079E+02    1.0579068E+03    5.8101252E+03    0.0000000E+00    5.2895341E+02    3.1128114E+01    2.5268001E+00    2.9482969E+04    0.0000000E+00    0.0000000E+00    0.0000000E+00
    1.9950000E+01   -2.6443754E+04    2.5793530E+03    2.6418573E+03    2.8757573E+02    1.0611128E+03    5.8101252E+03    0.0000000E+00    5.3055638E+02    3.1149976E+01    2.5285395E+00    2.9501754E+04    0.0000000E+00    0.0000000E+00    0.0000000E+00
