# Time          7.0000E+00
# Units: Mol/kgw
    Distance           H+               Na+              K+               Ca++             Mg++             Al+++            Fe+++            Fe++             Li7+             Li6+             SiO2(aq)         CO2(aq)          O2(aq)           Cl-          
    5.0000000E-02   -4.5718628E-05    2.5132134E-05    6.7300267E-06    2.6573871E-05    1.1312587E-05    7.3200571E-08    7.5204694E-17    5.3561143E-08    2.8332661E-08    2.2746919E-09    1.6684343E-05    5.0439683E-04    2.4701855E-04    6.2273780E-05
    1.5000000E-01   -3.1043466E-05    1.6831225E-05    4.5631607E-06    1.7567604E-05    7.5755201E-06    8.9297030E-08    4.9640296E-17    8.9569585E-08    1.9258140E-08    1.5432526E-09    1.1781779E-05    3.3293677E-04    1.6304932E-04    4.1104999E-05
    2.5000000E-01   -2.3572994E-05    1.2580547E-05    3.4617739E-06    1.2921787E-05    5.6618206E-06    9.7268830E-08    3.6442054E-17    1.1598579E-07    1.4612541E-08    1.1686287E-09    9.3549557E-06    2.4441635E-04    1.1969816E-04    3.0176101E-05
    3.5000000E-01   -2.2717290E-05    1.2033041E-05    3.3422681E-06    1.2231349E-05    5.4151481E-06    9.3070800E-08    3.4450898E-17    1.4099025E-07    1.3985898E-08    1.1170202E-09    9.2648755E-06    2.3106169E-04    1.1315798E-04    2.8527310E-05
    4.5000000E-01   -2.5373194E-05    1.3437414E-05    3.7440494E-06    1.3610315E-05    6.0471025E-06    8.3991975E-08    3.8318055E-17    1.6886509E-07    1.5488983E-08    1.2363357E-09    1.0446147E-05    2.5699866E-04    1.2586010E-04    3.1729537E-05
    5.5000000E-01   -2.8806737E-05    1.5261728E-05    4.2612422E-06    1.5421047E-05    6.8680706E-06    7.5274289E-08    4.3403029E-17    2.0051980E-07    1.7460975E-08    1.3931896E-09    1.1935642E-05    2.9110351E-04    1.4256229E-04    3.5940185E-05
    6.5000000E-01   -3.1550725E-05    1.6690358E-05    4.6763291E-06    1.6797448E-05    7.5109124E-06    6.8412922E-08    4.7253514E-17    2.3508045E-07    1.9008676E-08    1.5159401E-09    1.3204895E-05    3.1692865E-04    1.5520966E-04    3.9128607E-05
    7.5000000E-01   -3.3434410E-05    1.7632335E-05    4.9640316E-06    1.7647062E-05    7.9346938E-06    6.3039564E-08    4.9609107E-17    2.7148003E-07    2.0028756E-08    1.5963382E-09    1.4184148E-05    3.3272758E-04    1.6294687E-04    4.1079172E-05
    8.5000000E-01   -3.5090844E-05    1.8441889E-05    5.2181135E-06    1.8348901E-05    8.2988776E-06    5.8381702E-08    5.1543905E-17    3.0942998E-07    2.0908313E-08    1.6654351E-09    1.5095695E-05    3.4570424E-04    1.6930194E-04    4.2681295E-05
    9.5000000E-01   -3.7293014E-05    1.9547666E-05    5.5530784E-06    1.9357336E-05    8.7964117E-06    5.3937370E-08    5.4344169E-17    3.4957801E-07    2.2118847E-08    1.7610042E-09    1.6219514E-05    3.6448558E-04    1.7849973E-04    4.5000074E-05
    1.0500000E+00   -4.0478587E-05    2.1189591E-05    6.0338543E-06    2.0923267E-05    9.5352868E-06    4.9575347E-08    5.8719022E-17    3.9308995E-07    2.3925461E-08    1.9042551E-09    1.7720957E-05    3.9382766E-04    1.9286945E-04    4.8622702E-05
    1.1500000E+00   -4.4614317E-05    2.3345553E-05    6.6557188E-06    2.3018394E-05    1.0505538E-05    4.5379175E-08    6.4586731E-17    4.4107279E-07    2.6304505E-08    2.0932664E-09    1.9597679E-05    4.3318230E-04    2.1214262E-04    5.3481500E-05
    1.2500000E+00   -4.9325203E-05    2.5804788E-05    7.3633557E-06    2.5415242E-05    1.1612287E-05    4.1490116E-08    7.1301997E-17    4.9416114E-07    2.9023724E-08    2.3094211E-09    2.1721951E-05    4.7822149E-04    2.3419969E-04    5.9042124E-05
    1.3500000E+00   -5.4120661E-05    2.8294234E-05    8.0842701E-06    2.7822489E-05    1.2732616E-05    3.8011744E-08    7.8039506E-17    5.5238320E-07    3.1781523E-08    2.5285660E-09    2.3919817E-05    5.2340987E-04    2.5632982E-04    6.4621166E-05
    1.4500000E+00   -5.8582260E-05    3.0582683E-05    8.7565485E-06    2.9995631E-05    1.3762460E-05    3.4973515E-08    8.4107293E-17    6.1525640E-07    3.4322083E-08    2.7302309E-09    2.6038563E-05    5.6410643E-04    2.7626018E-04    6.9645640E-05
    1.5500000E+00   -6.2456649E-05    3.2531786E-05    9.3426208E-06    3.1790483E-05    1.4639553E-05    3.2342569E-08    8.9098014E-17    6.8199531E-07    3.6491938E-08    2.9021571E-09    2.7981489E-05    5.9757913E-04    2.9265278E-04    7.3778242E-05
    1.6500000E+00   -6.5661512E-05    3.4098635E-05    9.8301705E-06    3.3165033E-05    1.5344595E-05    3.0054851E-08    9.2893893E-17    7.5172431E-07    3.8243087E-08    3.0405396E-09    2.9711846E-05    6.2303803E-04    3.0512078E-04    7.6921446E-05
    1.7500000E+00   -6.8241065E-05    3.5310487E-05    1.0225584E-05    3.4151811E-05    1.5889869E-05    2.8041665E-08    9.5588229E-17    8.2363356E-07    3.9605192E-08    3.1477924E-09    3.1238377E-05    6.4110891E-04    3.1397064E-04    7.9152510E-05
    1.8500000E+00   -7.0307680E-05    3.6232014E-05    1.0545339E-05    3.4822615E-05    1.6304495E-05    2.6244218E-08    9.7385350E-17    8.9706178E-07    4.0649427E-08    3.2296473E-09    3.2595295E-05    6.5316218E-04    3.1987350E-04    8.0640629E-05
    1.9500000E+00   -7.1992891E-05    3.6937981E-05    1.0808776E-05    3.5259279E-05    1.6622139E-05    2.4618146E-08    9.8517777E-17    9.7151801E-07    4.1458260E-08    3.2927305E-09    3.3825078E-05    6.6075735E-04    3.2359308E-04    8.1578343E-05
    2.0500000E+00   -7.3416554E-05    3.7496153E-05    1.1033534E-05    3.5535512E-05    1.6873308E-05    2.3132345E-08    9.9194793E-17    1.0466652E-06    4.2106508E-08    3.3430457E-09    3.4967384E-05    6.6529809E-04    3.2581682E-04    8.2138951E-05
    2.1500000E+00   -7.4673107E-05    3.7959762E-05    1.1233524E-05    3.5709008E-05    1.7081970E-05    2.1765603E-08    9.9580145E-17    1.1222873E-06    4.2652972E-08    3.3853059E-09    3.6053880E-05    6.6788264E-04    3.2708256E-04    8.2458045E-05
    2.2500000E+00   -7.5829612E-05    3.8366535E-05    1.1418628E-05    3.5820562E-05    1.7265108E-05    2.0503154E-08    9.9789581E-17    1.1982536E-06    4.3139339E-08    3.4228478E-09    3.7107253E-05    6.6928732E-04    3.2777047E-04    8.2631469E-05
    2.3500000E+00   -7.6929916E-05    3.8741110E-05    1.1595307E-05    3.5896765E-05    1.7433815E-05    1.9334079E-08    9.9898540E-17    1.2744895E-06    4.3592824E-08    3.4578461E-09    3.8142429E-05    6.7001811E-04    3.2812836E-04    8.2721694E-05
    2.4500000E+00   -7.8000756E-05    3.9098496E-05    1.1767508E-05    3.5953800E-05    1.7594848E-05    1.8249652E-08    9.9952920E-17    1.3509548E-06    4.4030003E-08    3.4916215E-09    3.9168555E-05    6.7038283E-04    3.2830698E-04    8.2766723E-05
    2.5500000E+00   -7.9057469E-05    3.9447300E-05    1.1937492E-05    3.6000934E-05    1.7752082E-05    1.7242442E-08    9.9979006E-17    1.4276283E-06    4.4460368E-08    3.5249270E-09    4.0190892E-05    6.7055779E-04    3.2839266E-04    8.2788324E-05
    2.6500000E+00   -8.0108379E-05    3.9792195E-05    1.2106489E-05    3.6043195E-05    1.7907620E-05    1.6305871E-08    9.9991054E-17    1.5044999E-06    4.4889061E-08    3.5581673E-09    4.1212309E-05    6.7063859E-04    3.2843223E-04    8.2798300E-05
    2.7500000E+00   -8.1157781E-05    4.0135594E-05    1.2275135E-05    3.6083177E-05    1.8062549E-05    1.5434011E-08    9.9996420E-17    1.5815648E-06    4.5318723E-08    3.5915474E-09    4.2234286E-05    6.7067458E-04    3.2844986E-04    8.2802743E-05
    2.8500000E+00   -8.2207786E-05    4.0478686E-05    1.2443744E-05    3.6122159E-05    1.8217406E-05    1.4621488E-08    9.9998727E-17    1.6588210E-06    4.5750648E-08    3.6251647E-09    4.3257557E-05    6.7069006E-04    3.2845744E-04    8.2804654E-05
    2.9500000E+00   -8.3259388E-05    4.0822035E-05    1.2612463E-05    3.6160743E-05    1.8372442E-05    1.3863429E-08    9.9999687E-17    1.7362677E-06    4.6185434E-08    3.6590616E-09    4.4282466E-05    6.7069650E-04    3.2846059E-04    8.2805449E-05
    3.0500000E+00   -8.4313030E-05    4.1165895E-05    1.2781360E-05    3.6199202E-05    1.8527774E-05    1.3155414E-08    1.0000007E-16    1.8139047E-06    4.6623345E-08    3.6932540E-09    4.5309167E-05    6.7069909E-04    3.2846186E-04    8.2805769E-05
    3.1500000E+00   -8.5368901E-05    4.1510378E-05    1.2950465E-05    3.6237657E-05    1.8683451E-05    1.2493439E-08    1.0000022E-16    1.8917321E-06    4.7064485E-08    3.7277460E-09    4.6337729E-05    6.7070010E-04    3.2846235E-04    8.2805894E-05
    3.2500000E+00   -8.6427077E-05    4.1855532E-05    1.3119790E-05    3.6276156E-05    1.8839495E-05    1.1873870E-08    1.0000028E-16    1.9697501E-06    4.7508891E-08    3.7625363E-09    4.7368177E-05    6.7070048E-04    3.2846254E-04    8.2805941E-05
    3.3500000E+00   -8.7487584E-05    4.2201375E-05    1.3289340E-05    3.6314722E-05    1.8995916E-05    1.1293410E-08    1.0000030E-16    2.0479588E-06    4.7956572E-08    3.7976219E-09    4.8400523E-05    6.7070062E-04    3.2846261E-04    8.2805959E-05
    3.4500000E+00   -8.8550430E-05    4.2547918E-05    1.3459117E-05    3.6353361E-05    1.9152717E-05    1.0749063E-08    1.0000031E-16    2.1263586E-06    4.8407522E-08    3.8329992E-09    4.9434771E-05    6.7070067E-04    3.2846264E-04    8.2805965E-05
    3.5500000E+00   -8.9615612E-05    4.2895162E-05    1.3629123E-05    3.6392076E-05    1.9309899E-05    1.0238104E-08    1.0000031E-16    2.2049496E-06    4.8861736E-08    3.8686647E-09    5.0470920E-05    6.7070069E-04    3.2846264E-04    8.2805967E-05
    3.6500000E+00   -9.0683128E-05    4.3243110E-05    1.3799357E-05    3.6430870E-05    1.9467464E-05    9.7580483E-09    1.0000031E-16    2.2837321E-06    4.9319206E-08    3.9046151E-09    5.1508970E-05    6.7070070E-04    3.2846265E-04    8.2805968E-05
    3.7500000E+00   -9.1752975E-05    4.3591763E-05    1.3969819E-05    3.6469742E-05    1.9625412E-05    9.3066307E-09    1.0000031E-16    2.3627063E-06    4.9779925E-08    3.9408474E-09    5.2548923E-05    6.7070070E-04    3.2846265E-04    8.2805968E-05
    3.8500000E+00   -9.2825149E-05    4.3941122E-05    1.4140511E-05    3.6508692E-05    1.9783745E-05    8.8817800E-09    1.0000031E-16    2.4418724E-06    5.0243887E-08    3.9773590E-09    5.3590776E-05    6.7070070E-04    3.2846265E-04    8.2805968E-05
    3.9500000E+00   -9.3899647E-05    4.4291187E-05    1.4311431E-05    3.6547721E-05    1.9942462E-05    8.4816021E-09    1.0000031E-16    2.5212308E-06    5.0711086E-08    4.0141473E-09    5.4634530E-05    6.7070070E-04    3.2846265E-04    8.2805968E-05
    4.0500000E+00   -9.4976466E-05    4.4641959E-05    1.4482581E-05    3.6586829E-05    2.0101563E-05    8.1043612E-09    1.0000031E-16    2.6007815E-06    5.1181519E-08    4.0512104E-09    5.5680185E-05    6.7070070E-04    3.2846265E-04    8.2805968E-05
    4.1500000E+00   -9.6055603E-05    4.4993439E-05    1.4653960E-05    3.6626016E-05    2.0261050E-05    7.7484655E-09    1.0000031E-16    2.6805250E-06    5.1655181E-08    4.0885463E-09    5.6727741E-05    6.7070070E-04    3.2846265E-04    8.2805968E-05
    4.2500000E+00   -9.7137056E-05    4.5345628E-05    1.4825568E-05    3.6665282E-05    2.0420923E-05    7.4124529E-09    1.0000031E-16    2.7604613E-06    5.2132070E-08    4.1261533E-09    5.7777198E-05    6.7070070E-04    3.2846265E-04    8.2805968E-05
    4.3500000E+00   -9.8220825E-05    4.5698527E-05    1.4997405E-05    3.6704628E-05    2.0581182E-05    7.0949789E-09    1.0000031E-16    2.8405908E-06    5.2612183E-08    4.1640299E-09    5.8828556E-05    6.7070070E-04    3.2846265E-04    8.2805968E-05
    4.4500000E+00   -9.9306907E-05    4.6052135E-05    1.5169472E-05    3.6744052E-05    2.0741827E-05    6.7948059E-09    1.0000031E-16    2.9209136E-06    5.3095521E-08    4.2021749E-09    5.9881816E-05    6.7070070E-04    3.2846265E-04    8.2805968E-05
    4.5500000E+00   -1.0039530E-04    4.6406454E-05    1.5341769E-05    3.6783556E-05    2.0902860E-05    6.5107934E-09    1.0000031E-16    3.0014300E-06    5.3582081E-08    4.2405870E-09    6.0936978E-05    6.7070070E-04    3.2846265E-04    8.2805968E-05
    4.6500000E+00   -1.0148601E-04    4.6761485E-05    1.5514295E-05    3.6823138E-05    2.1064281E-05    6.2418891E-09    1.0000031E-16    3.0821403E-06    5.4071863E-08    4.2792653E-09    6.1994043E-05    6.7070070E-04    3.2846265E-04    8.2805968E-05
    4.7500000E+00   -1.0257902E-04    4.7117228E-05    1.5687051E-05    3.6862801E-05    2.1226089E-05    5.9871211E-09    1.0000031E-16    3.1630446E-06    5.4564868E-08    4.3182089E-09    6.3053011E-05    6.7070070E-04    3.2846265E-04    8.2805968E-05
    4.8500000E+00   -1.0367435E-04    4.7473685E-05    1.5860036E-05    3.6902543E-05    2.1388287E-05    5.7455910E-09    1.0000031E-16    3.2441433E-06    5.5061096E-08    4.3574170E-09    6.4113883E-05    6.7070070E-04    3.2846265E-04    8.2805968E-05
    4.9500000E+00   -1.0477199E-04    4.7830854E-05    1.6033251E-05    3.6942364E-05    2.1550873E-05    5.5164672E-09    1.0000031E-16    3.3254365E-06    5.5560549E-08    4.3968890E-09    6.5176659E-05    6.7070070E-04    3.2846265E-04    8.2805968E-05
    5.0500000E+00   -1.0587194E-04    4.8188739E-05    1.6206696E-05    3.6982265E-05    2.1713849E-05    5.2989797E-09    1.0000031E-16    3.4069244E-06    5.6063228E-08    4.4366244E-09    6.6241341E-05    6.7070070E-04    3.2846265E-04    8.2805968E-05
    5.1500000E+00   -1.0697420E-04    4.8547338E-05    1.6380371E-05    3.7022246E-05    2.1877215E-05    5.0924142E-09    1.0000031E-16    3.4886074E-06    5.6569134E-08    4.4766226E-09    6.7307928E-05    6.7070070E-04    3.2846265E-04    8.2805968E-05
    5.2500000E+00   -1.0807877E-04    4.8906653E-05    1.6554275E-05    3.7062306E-05    2.2040971E-05    4.8961080E-09    1.0000031E-16    3.5704856E-06    5.7078271E-08    4.5168834E-09    6.8376423E-05    6.7070070E-04    3.2846265E-04    8.2805968E-05
    5.3500000E+00   -1.0918565E-04    4.9266685E-05    1.6728410E-05    3.7102447E-05    2.2205119E-05    4.7094455E-09    1.0000031E-16    3.6525593E-06    5.7590641E-08    4.5574063E-09    6.9446825E-05    6.7070070E-04    3.2846265E-04    8.2805968E-05
    5.4500000E+00   -1.1029485E-04    4.9627434E-05    1.6902774E-05    3.7142667E-05    2.2369657E-05    4.5318546E-09    1.0000031E-16    3.7348286E-06    5.8106247E-08    4.5981913E-09    7.0519135E-05    6.7070070E-04    3.2846265E-04    8.2805968E-05
    5.5500000E+00   -1.1140635E-04    4.9988901E-05    1.7077368E-05    3.7182968E-05    2.2534588E-05    4.3628026E-09    1.0000031E-16    3.8172940E-06    5.8625091E-08    4.6392381E-09    7.1593355E-05    6.7070070E-04    3.2846265E-04    8.2805968E-05
    5.6500000E+00   -1.1252017E-04    5.0351087E-05    1.7252192E-05    3.7223348E-05    2.2699911E-05    4.2017937E-09    1.0000031E-16    3.8999554E-06    5.9147178E-08    4.6805466E-09    7.2669486E-05    6.7070070E-04    3.2846265E-04    8.2805968E-05
    5.7500000E+00   -1.1363631E-04    5.0713992E-05    1.7427245E-05    3.7263809E-05    2.2865627E-05    4.0483659E-09    1.0000031E-16    3.9828133E-06    5.9672511E-08    4.7221167E-09    7.3747527E-05    6.7070070E-04    3.2846265E-04    8.2805968E-05
    5.8500000E+00   -1.1475476E-04    5.1077618E-05    1.7602528E-05    3.7304350E-05    2.3031736E-05    3.9020881E-09    1.0000031E-16    4.0658679E-06    6.0201095E-08    4.7639485E-09    7.4827481E-05    6.7070070E-04    3.2846265E-04    8.2805968E-05
    5.9500000E+00   -1.1587552E-04    5.1441964E-05    1.7778041E-05    3.7344972E-05    2.3198239E-05    3.7625580E-09    1.0000031E-16    4.1491193E-06    6.0732932E-08    4.8060420E-09    7.5909347E-05    6.7070070E-04    3.2846265E-04    8.2805968E-05
    6.0500000E+00   -1.1699861E-04    5.1807032E-05    1.7953784E-05    3.7385674E-05    2.3365136E-05    3.6293998E-09    1.0000031E-16    4.2325678E-06    6.1268028E-08    4.8483973E-09    7.6993128E-05    6.7070070E-04    3.2846265E-04    8.2805968E-05
    6.1500000E+00   -1.1812401E-04    5.2172822E-05    1.8129756E-05    3.7426456E-05    2.3532427E-05    3.5022622E-09    1.0000031E-16    4.3162136E-06    6.1806388E-08    4.8910145E-09    7.8078823E-05    6.7070070E-04    3.2846265E-04    8.2805968E-05
    6.2500000E+00   -1.1925173E-04    5.2539335E-05    1.8305957E-05    3.7467319E-05    2.3700114E-05    3.3808168E-09    1.0000031E-16    4.4000570E-06    6.2348016E-08    4.9338939E-09    7.9166435E-05    6.7070070E-04    3.2846265E-04    8.2805968E-05
    6.3500000E+00   -1.2038177E-04    5.2906571E-05    1.8482388E-05    3.7508263E-05    2.3868196E-05    3.2647558E-09    1.0000031E-16    4.4840982E-06    6.2892917E-08    4.9770354E-09    8.0255963E-05    6.7070070E-04    3.2846265E-04    8.2805968E-05
    6.4500000E+00   -1.2151413E-04    5.3274533E-05    1.8659048E-05    3.7549287E-05    2.4036675E-05    3.1537911E-09    1.0000031E-16    4.5683375E-06    6.3441096E-08    5.0204395E-09    8.1347409E-05    6.7070070E-04    3.2846265E-04    8.2805968E-05
    6.5500000E+00   -1.2264882E-04    5.3643219E-05    1.8835937E-05    3.7590393E-05    2.4205550E-05    3.0476526E-09    1.0000031E-16    4.6527750E-06    6.3992559E-08    5.0641064E-09    8.2440774E-05    6.7070070E-04    3.2846265E-04    8.2805968E-05
    6.6500000E+00   -1.2378584E-04    5.4012631E-05    1.9013055E-05    3.7631579E-05    2.4374822E-05    2.9460870E-09    1.0000031E-16    4.7374111E-06    6.4547312E-08    5.1080363E-09    8.3536059E-05    6.7070070E-04    3.2846265E-04    8.2805968E-05
    6.7500000E+00   -1.2492518E-04    5.4382770E-05    1.9190402E-05    3.7672846E-05    2.4544492E-05    2.8488566E-09    1.0000031E-16    4.8222458E-06    6.5105360E-08    5.1522296E-09    8.4633264E-05    6.7070070E-04    3.2846265E-04    8.2805968E-05
    6.8500000E+00   -1.2606684E-04    5.4753636E-05    1.9367978E-05    3.7714195E-05    2.4714559E-05    2.7557381E-09    1.0000031E-16    4.9072796E-06    6.5666709E-08    5.1966866E-09    8.5732390E-05    6.7070070E-04    3.2846265E-04    8.2805968E-05
    6.9500000E+00   -1.2721084E-04    5.5125230E-05    1.9545783E-05    3.7755624E-05    2.4885025E-05    2.6665216E-09    1.0000031E-16    4.9925125E-06    6.6231365E-08    5.2414078E-09    8.6833439E-05    6.7070070E-04    3.2846265E-04    8.2805968E-05
    7.0500000E+00   -1.2835717E-04    5.5497553E-05    1.9723816E-05    3.7797135E-05    2.5055890E-05    2.5810097E-09    1.0000031E-16    5.0779449E-06    6.6799335E-08    5.2863933E-09    8.7936412E-05    6.7070070E-04    3.2846265E-04    8.2805968E-05
    7.1500000E+00   -1.2950583E-04    5.5870605E-05    1.9902077E-05    3.7838727E-05    2.5227154E-05    2.4990170E-09    1.0000031E-16    5.1635770E-06    6.7370624E-08    5.3316438E-09    8.9041308E-05    6.7070070E-04    3.2846265E-04    8.2805968E-05
    7.2500000E+00   -1.3065682E-04    5.6244387E-05    2.0080566E-05    3.7880401E-05    2.5398818E-05    2.4203687E-09    1.0000031E-16    5.2494090E-06    6.7945240E-08    5.3771596E-09    9.0148130E-05    6.7070070E-04    3.2846265E-04    8.2805968E-05
    7.3500000E+00   -1.3181015E-04    5.6618900E-05    2.0259283E-05    3.7922156E-05    2.5570882E-05    2.3449001E-09    1.0000031E-16    5.3354411E-06    6.8523189E-08    5.4229411E-09    9.1256878E-05    6.7070070E-04    3.2846265E-04    8.2805968E-05
    7.4500000E+00   -1.3296582E-04    5.6994145E-05    2.0438228E-05    3.7963992E-05    2.5743347E-05    2.2724562E-09    1.0000031E-16    5.4216735E-06    6.9104477E-08    5.4689888E-09    9.2367552E-05    6.7070070E-04    3.2846265E-04    8.2805968E-05
    7.5500000E+00   -1.3412383E-04    5.7370122E-05    2.0617400E-05    3.8005910E-05    2.5916213E-05    2.2028906E-09    1.0000031E-16    5.5081066E-06    6.9689113E-08    5.5153033E-09    9.3480154E-05    6.7070070E-04    3.2846265E-04    8.2805968E-05
    7.6500000E+00   -1.3528417E-04    5.7746832E-05    2.0796799E-05    3.8047910E-05    2.6089481E-05    2.1360655E-09    1.0000031E-16    5.5947405E-06    7.0277102E-08    5.5618850E-09    9.4594684E-05    6.7070070E-04    3.2846265E-04    8.2805968E-05
    7.7500000E+00   -1.3644686E-04    5.8124275E-05    2.0976425E-05    3.8089992E-05    2.6263151E-05    2.0718506E-09    1.0000031E-16    5.6815755E-06    7.0868453E-08    5.6087344E-09    9.5711143E-05    6.7070070E-04    3.2846265E-04    8.2805968E-05
    7.8500000E+00   -1.3761189E-04    5.8502453E-05    2.1156277E-05    3.8132156E-05    2.6437224E-05    2.0101229E-09    1.0000031E-16    5.7686118E-06    7.1463172E-08    5.6558521E-09    9.6829533E-05    6.7070070E-04    3.2846265E-04    8.2805968E-05
    7.9500000E+00   -1.3877927E-04    5.8881367E-05    2.1336356E-05    3.8174401E-05    2.6611699E-05    1.9507662E-09    1.0000031E-16    5.8558496E-06    7.2061268E-08    5.7032386E-09    9.7949852E-05    6.7070070E-04    3.2846265E-04    8.2805968E-05
    8.0500000E+00   -1.3994900E-04    5.9261016E-05    2.1516661E-05    3.8216729E-05    2.6786578E-05    1.8936705E-09    1.0000031E-16    5.9432892E-06    7.2662747E-08    5.7508946E-09    9.9072104E-05    6.7070070E-04    3.2846265E-04    8.2805968E-05
    8.1500000E+00   -1.4112107E-04    5.9641401E-05    2.1697191E-05    3.8259139E-05    2.6961862E-05    1.8387321E-09    1.0000031E-16    6.0309308E-06    7.3267618E-08    5.7988205E-09    1.0019629E-04    6.7070070E-04    3.2846265E-04    8.2805968E-05
    8.2500000E+00   -1.4229549E-04    6.0022524E-05    2.1877947E-05    3.8301630E-05    2.7137549E-05    1.7858525E-09    1.0000031E-16    6.1187747E-06    7.3875889E-08    5.8470170E-09    1.0132240E-04    6.7070070E-04    3.2846265E-04    8.2805968E-05
    8.3500000E+00   -1.4347227E-04    6.0404385E-05    2.2058927E-05    3.8344205E-05    2.7313642E-05    1.7349388E-09    1.0000031E-16    6.2068210E-06    7.4487569E-08    5.8954846E-09    1.0245045E-04    6.7070070E-04    3.2846265E-04    8.2805968E-05
    8.4500000E+00   -1.4465140E-04    6.0786985E-05    2.2240133E-05    3.8386861E-05    2.7490140E-05    1.6859027E-09    1.0000031E-16    6.2950700E-06    7.5102664E-08    5.9442241E-09    1.0358043E-04    6.7070070E-04    3.2846265E-04    8.2805968E-05
    8.5500000E+00   -1.4583288E-04    6.1170324E-05    2.2421562E-05    3.8429600E-05    2.7667044E-05    1.6386607E-09    1.0000031E-16    6.3835219E-06    7.5721184E-08    5.9932361E-09    1.0471235E-04    6.7070070E-04    3.2846265E-04    8.2805968E-05
    8.6500000E+00   -1.4701672E-04    6.1554403E-05    2.2603215E-05    3.8472422E-05    2.7844354E-05    1.5931336E-09    1.0000031E-16    6.4721771E-06    7.6343137E-08    6.0425212E-09    1.0584620E-04    6.7070070E-04    3.2846265E-04    8.2805968E-05
    8.7500000E+00   -1.4820292E-04    6.1939223E-05    2.2785091E-05    3.8515326E-05    2.8022071E-05    1.5492464E-09    1.0000031E-16    6.5610356E-06    7.6968532E-08    6.0920801E-09    1.0698199E-04    6.7070070E-04    3.2846265E-04    8.2805968E-05
    8.8500000E+00   -1.4939148E-04    6.2324785E-05    2.2967190E-05    3.8558313E-05    2.8200196E-05    1.5069278E-09    1.0000031E-16    6.6500978E-06    7.7597377E-08    6.1419134E-09    1.0811971E-04    6.7070070E-04    3.2846265E-04    8.2805968E-05
    8.9500000E+00   -1.5058240E-04    6.2711089E-05    2.3149512E-05    3.8601382E-05    2.8378728E-05    1.4661102E-09    1.0000031E-16    6.7393638E-06    7.8229683E-08    6.1920219E-09    1.0925937E-04    6.7070070E-04    3.2846265E-04    8.2805968E-05
    9.0500000E+00   -1.5177568E-04    6.3098136E-05    2.3332055E-05    3.8644535E-05    2.8557668E-05    1.4267293E-09    1.0000031E-16    6.8288339E-06    7.8865458E-08    6.2424064E-09    1.1040097E-04    6.7070070E-04    3.2846265E-04    8.2805968E-05
    9.1500000E+00   -1.5297133E-04    6.3485926E-05    2.3514820E-05    3.8687770E-05    2.8737017E-05    1.3887242E-09    1.0000031E-16    6.9185084E-06    7.9504711E-08    6.2930674E-09    1.1154450E-04    6.7070070E-04    3.2846265E-04    8.2805968E-05
    9.2500000E+00   -1.5416935E-04    6.3874461E-05    2.3697806E-05    3.8731088E-05    2.8916775E-05    1.3520369E-09    1.0000031E-16    7.0083875E-06    8.0147451E-08    6.3440058E-09    1.1268997E-04    6.7070070E-04    3.2846265E-04    8.2805968E-05
    9.3500000E+00   -1.5536973E-04    6.4263741E-05    2.3881012E-05    3.8774490E-05    2.9096943E-05    1.3166124E-09    1.0000031E-16    7.0984713E-06    8.0793689E-08    6.3952223E-09    1.1383738E-04    6.7070070E-04    3.2846265E-04    8.2805968E-05
    9.4500000E+00   -1.5657248E-04    6.4653767E-05    2.4064437E-05    3.8817974E-05    2.9277520E-05    1.2823980E-09    1.0000031E-16    7.1887602E-06    8.1443434E-08    6.4467176E-09    1.1498673E-04    6.7070070E-04    3.2846265E-04    8.2805968E-05
    9.5500000E+00   -1.5777761E-04    6.5044540E-05    2.4248082E-05    3.8861542E-05    2.9458509E-05    1.2493442E-09    1.0000031E-16    7.2792543E-06    8.2096697E-08    6.4984927E-09    1.1613801E-04    6.7070070E-04    3.2846265E-04    8.2805968E-05
    9.6500000E+00   -1.5898510E-04    6.5436060E-05    2.4431945E-05    3.8905193E-05    2.9639908E-05    1.2174032E-09    1.0000031E-16    7.3699540E-06    8.2753486E-08    6.5505482E-09    1.1729124E-04    6.7070070E-04    3.2846265E-04    8.2805968E-05
    9.7500000E+00   -1.6019497E-04    6.5828328E-05    2.4616026E-05    3.8948928E-05    2.9821719E-05    1.1865301E-09    1.0000031E-16    7.4608594E-06    8.3413814E-08    6.6028849E-09    1.1844640E-04    6.7070070E-04    3.2846265E-04    8.2805968E-05
    9.8500000E+00   -1.6140722E-04    6.6221344E-05    2.4800325E-05    3.8992746E-05    3.0003942E-05    1.1566816E-09    1.0000031E-16    7.5519708E-06    8.4077689E-08    6.6555038E-09    1.1960350E-04    6.7070070E-04    3.2846265E-04    8.2805968E-05
    9.9500000E+00   -1.6262184E-04    6.6615110E-05    2.4984840E-05    3.9036647E-05    3.0186577E-05    1.1278169E-09    1.0000031E-16    7.6432883E-06    8.4745122E-08    6.7084055E-09    1.2076253E-04    6.7070070E-04    3.2846265E-04    8.2805968E-05
    1.0050000E+01   -1.6383884E-04    6.7009626E-05    2.5169570E-05    3.9080632E-05    3.0369625E-05    1.0998969E-09    1.0000031E-16    7.7348123E-06    8.5416125E-08    6.7615911E-09    1.2192351E-04    6.7070070E-04    3.2846265E-04    8.2805968E-05
    1.0150000E+01   -1.6505823E-04    6.7404893E-05    2.5354516E-05    3.9124701E-05    3.0553086E-05    1.0728842E-09    1.0000031E-16    7.8265430E-06    8.6090709E-08    6.8150613E-09    1.2308642E-04    6.7070070E-04    3.2846265E-04    8.2805968E-05
    1.0250000E+01   -1.6627999E-04    6.7800912E-05    2.5539676E-05    3.9168854E-05    3.0736961E-05    1.0467433E-09    1.0000031E-16    7.9184806E-06    8.6768884E-08    6.8688171E-09    1.2425128E-04    6.7070070E-04    3.2846265E-04    8.2805968E-05
    1.0350000E+01   -1.6750414E-04    6.8197683E-05    2.5725050E-05    3.9213090E-05    3.0921251E-05    1.0214403E-09    1.0000031E-16    8.0106253E-06    8.7450661E-08    6.9228593E-09    1.2541807E-04    6.7070070E-04    3.2846265E-04    8.2805968E-05
    1.0450000E+01   -1.6873067E-04    6.8595206E-05    2.5910636E-05    3.9257411E-05    3.1105955E-05    9.9694286E-10    1.0000031E-16    8.1029774E-06    8.8136054E-08    6.9771888E-09    1.2658680E-04    6.7070070E-04    3.2846265E-04    8.2805968E-05
    1.0550000E+01   -1.6995958E-04    6.8993484E-05    2.6096435E-05    3.9301816E-05    3.1291074E-05    9.7322004E-10    1.0000031E-16    8.1955371E-06    8.8825072E-08    7.0318066E-09    1.2775746E-04    6.7070070E-04    3.2846265E-04    8.2805968E-05
    1.0650000E+01   -1.7119088E-04    6.9392516E-05    2.6282444E-05    3.9346304E-05    3.1476609E-05    9.5024233E-10    1.0000031E-16    8.2883046E-06    8.9517727E-08    7.0867137E-09    1.2893007E-04    6.7070070E-04    3.2846265E-04    8.2805968E-05
    1.0750000E+01   -1.7242457E-04    6.9792303E-05    2.6468663E-05    3.9390877E-05    3.1662560E-05    9.2798154E-10    1.0000031E-16    8.3812802E-06    9.0214033E-08    7.1419110E-09    1.3010461E-04    6.7070070E-04    3.2846265E-04    8.2805968E-05
    1.0850000E+01   -1.7366065E-04    7.0192846E-05    2.6655092E-05    3.9435534E-05    3.1848928E-05    9.0641072E-10    1.0000031E-16    8.4744641E-06    9.0914001E-08    7.1973994E-09    1.3128108E-04    6.7070070E-04    3.2846265E-04    8.2805968E-05
    1.0950000E+01   -1.7489912E-04    7.0594145E-05    2.6841729E-05    3.9480276E-05    3.2035713E-05    8.8550410E-10    1.0000031E-16    8.5678565E-06    9.1617644E-08    7.2531800E-09    1.3245950E-04    6.7070070E-04    3.2846265E-04    8.2805968E-05
    1.1050000E+01   -1.7613999E-04    7.0996202E-05    2.7028573E-05    3.9525101E-05    3.2222915E-05    8.6523706E-10    1.0000031E-16    8.6614577E-06    9.2324975E-08    7.3092538E-09    1.3363984E-04    6.7070070E-04    3.2846265E-04    8.2805968E-05
    1.1150000E+01   -1.7738324E-04    7.1399017E-05    2.7215623E-05    3.9570012E-05    3.2410536E-05    8.4558603E-10    1.0000031E-16    8.7552679E-06    9.3036005E-08    7.3656218E-09    1.3482213E-04    6.7070070E-04    3.2846265E-04    8.2805968E-05
    1.1250000E+01   -1.7862889E-04    7.1802590E-05    2.7402879E-05    3.9615007E-05    3.2598575E-05    8.2652847E-10    1.0000031E-16    8.8492873E-06    9.3750749E-08    7.4222850E-09    1.3600634E-04    6.7070070E-04    3.2846265E-04    8.2805968E-05
    1.1350000E+01   -1.7987694E-04    7.2206923E-05    2.7590339E-05    3.9660086E-05    3.2787032E-05    8.0804281E-10    1.0000031E-16    8.9435162E-06    9.4469220E-08    7.4792446E-09    1.3719249E-04    6.7070070E-04    3.2846265E-04    8.2805968E-05
    1.1450000E+01   -1.8112738E-04    7.2612016E-05    2.7778002E-05    3.9705251E-05    3.2975910E-05    7.9010838E-10    1.0000031E-16    9.0379549E-06    9.5191431E-08    7.5365015E-09    1.3838058E-04    6.7070070E-04    3.2846265E-04    8.2805968E-05
    1.1550000E+01   -1.8238022E-04    7.3017870E-05    2.7965866E-05    3.9750500E-05    3.3165207E-05    7.7270542E-10    1.0000031E-16    9.1326034E-06    9.5917397E-08    7.5940570E-09    1.3957059E-04    6.7070070E-04    3.2846265E-04    8.2805968E-05
    1.1650000E+01   -1.8363546E-04    7.3424485E-05    2.8153932E-05    3.9795834E-05    3.3354924E-05    7.5581496E-10    1.0000031E-16    9.2274621E-06    9.6647130E-08    7.6519121E-09    1.4076254E-04    6.7070070E-04    3.2846265E-04    8.2805968E-05
    1.1750000E+01   -1.8489309E-04    7.3831863E-05    2.8342196E-05    3.9841253E-05    3.3545062E-05    7.3941887E-10    1.0000031E-16    9.3225312E-06    9.7380646E-08    7.7100680E-09    1.4195641E-04    6.7070070E-04    3.2846265E-04    8.2805968E-05
    1.1850000E+01   -1.8615313E-04    7.4240004E-05    2.8530659E-05    3.9886757E-05    3.3735622E-05    7.2349975E-10    1.0000031E-16    9.4178110E-06    9.8117958E-08    7.7685258E-09    1.4315222E-04    6.7070070E-04    3.2846265E-04    8.2805968E-05
    1.1950000E+01   -1.8741557E-04    7.4648908E-05    2.8719320E-05    3.9932347E-05    3.3926603E-05    7.0804091E-10    1.0000031E-16    9.5133016E-06    9.8859082E-08    7.8272867E-09    1.4434995E-04    6.7070070E-04    3.2846265E-04    8.2805968E-05
    1.2050000E+01   -1.8868042E-04    7.5058577E-05    2.8908175E-05    3.9978021E-05    3.4118007E-05    6.9302636E-10    1.0000031E-16    9.6090033E-06    9.9604033E-08    7.8863519E-09    1.4554960E-04    6.7070070E-04    3.2846265E-04    8.2805968E-05
    1.2150000E+01   -1.8994766E-04    7.5469011E-05    2.9097225E-05    4.0023781E-05    3.4309833E-05    6.7844076E-10    1.0000031E-16    9.7049164E-06    1.0035283E-07    7.9457227E-09    1.4675119E-04    6.7070070E-04    3.2846265E-04    8.2805968E-05
    1.2250000E+01   -1.9121731E-04    7.5880211E-05    2.9286468E-05    4.0069626E-05    3.4502082E-05    6.6426941E-10    1.0000031E-16    9.8010410E-06    1.0110548E-07    8.0054002E-09    1.4795469E-04    6.7070070E-04    3.2846265E-04    8.2805968E-05
    1.2350000E+01   -1.9248937E-04    7.6292177E-05    2.9475903E-05    4.0115557E-05    3.4694755E-05    6.5049817E-10    1.0000031E-16    9.8973774E-06    1.0186200E-07    8.0653857E-09    1.4916012E-04    6.7070070E-04    3.2846265E-04    8.2805968E-05
    1.2450000E+01   -1.9376383E-04    7.6704911E-05    2.9665527E-05    4.0161573E-05    3.4887852E-05    6.3711349E-10    1.0000031E-16    9.9939259E-06    1.0262241E-07    8.1256805E-09    1.5036747E-04    6.7070070E-04    3.2846265E-04    8.2805968E-05
    1.2550000E+01   -1.9504070E-04    7.7118412E-05    2.9855340E-05    4.0207675E-05    3.5081373E-05    6.2410237E-10    1.0000031E-16    1.0090687E-05    1.0338673E-07    8.1862860E-09    1.5157674E-04    6.7070070E-04    3.2846265E-04    8.2805968E-05
    1.2650000E+01   -1.9631998E-04    7.7532683E-05    3.0045340E-05    4.0253863E-05    3.5275320E-05    6.1145230E-10    1.0000031E-16    1.0187660E-05    1.0415497E-07    8.2472034E-09    1.5278793E-04    6.7070070E-04    3.2846265E-04    8.2805968E-05
    1.2750000E+01   -1.9760166E-04    7.7947722E-05    3.0235525E-05    4.0300136E-05    3.5469692E-05    5.9915128E-10    1.0000031E-16    1.0284846E-05    1.0492714E-07    8.3084341E-09    1.5400103E-04    6.7070070E-04    3.2846265E-04    8.2805968E-05
    1.2850000E+01   -1.9888575E-04    7.8363532E-05    3.0425894E-05    4.0346496E-05    3.5664490E-05    5.8718777E-10    1.0000031E-16    1.0382245E-05    1.0570328E-07    8.3699795E-09    1.5521604E-04    6.7070070E-04    3.2846265E-04    8.2805968E-05
    1.2950000E+01   -2.0017225E-04    7.8780113E-05    3.0616444E-05    4.0392941E-05    3.5859714E-05    5.7555071E-10    1.0000031E-16    1.0479857E-05    1.0648338E-07    8.4318409E-09    1.5643297E-04    6.7070070E-04    3.2846265E-04    8.2805968E-05
    1.3050000E+01   -2.0146117E-04    7.9197465E-05    3.0807175E-05    4.0439472E-05    3.6055365E-05    5.6422943E-10    1.0000031E-16    1.0577683E-05    1.0726748E-07    8.4940199E-09    1.5765181E-04    6.7070070E-04    3.2846265E-04    8.2805968E-05
    1.3150000E+01   -2.0275249E-04    7.9615590E-05    3.0998085E-05    4.0486089E-05    3.6251443E-05    5.5321369E-10    1.0000031E-16    1.0675722E-05    1.0805559E-07    8.5565177E-09    1.5887255E-04    6.7070070E-04    3.2846265E-04    8.2805968E-05
    1.3250000E+01   -2.0404622E-04    8.0034487E-05    3.1189171E-05    4.0532793E-05    3.6447950E-05    5.4249366E-10    1.0000031E-16    1.0773975E-05    1.0884773E-07    8.6193361E-09    1.6009520E-04    6.7070070E-04    3.2846265E-04    8.2805968E-05
    1.3350000E+01   -2.0534236E-04    8.0454159E-05    3.1380432E-05    4.0579582E-05    3.6644884E-05    5.3205986E-10    1.0000031E-16    1.0872442E-05    1.0964391E-07    8.6824763E-09    1.6131975E-04    6.7070070E-04    3.2846265E-04    8.2805968E-05
    1.3450000E+01   -2.0664092E-04    8.0874604E-05    3.1571866E-05    4.0626458E-05    3.6842248E-05    5.2190318E-10    1.0000031E-16    1.0971124E-05    1.1044415E-07    8.7459400E-09    1.6254621E-04    6.7070070E-04    3.2846265E-04    8.2805968E-05
    1.3550000E+01   -2.0794188E-04    8.1295825E-05    3.1763471E-05    4.0673421E-05    3.7040040E-05    5.1201486E-10    1.0000031E-16    1.1070020E-05    1.1124849E-07    8.8097287E-09    1.6377456E-04    6.7070070E-04    3.2846265E-04    8.2805968E-05
    1.3650000E+01   -2.0924526E-04    8.1717822E-05    3.1955244E-05    4.0720470E-05    3.7238262E-05    5.0238647E-10    1.0000031E-16    1.1169131E-05    1.1205692E-07    8.8738440E-09    1.6500481E-04    6.7070070E-04    3.2846265E-04    8.2805968E-05
    1.3750000E+01   -2.1055105E-04    8.2140595E-05    3.2147185E-05    4.0767606E-05    3.7436915E-05    4.9300988E-10    1.0000031E-16    1.1268457E-05    1.1286948E-07    8.9382874E-09    1.6623695E-04    6.7070070E-04    3.2846265E-04    8.2805968E-05
    1.3850000E+01   -2.1185926E-04    8.2564145E-05    3.2339290E-05    4.0814828E-05    3.7635998E-05    4.8387729E-10    1.0000031E-16    1.1367999E-05    1.1368619E-07    9.0030608E-09    1.6747098E-04    6.7070070E-04    3.2846265E-04    8.2805968E-05
    1.3950000E+01   -2.1316987E-04    8.2988474E-05    3.2531557E-05    4.0862137E-05    3.7835512E-05    4.7498117E-10    1.0000031E-16    1.1467756E-05    1.1450706E-07    9.0681656E-09    1.6870689E-04    6.7070070E-04    3.2846265E-04    8.2805968E-05
    1.4050000E+01   -2.1448290E-04    8.3413581E-05    3.2723985E-05    4.0909533E-05    3.8035457E-05    4.6631428E-10    1.0000031E-16    1.1567729E-05    1.1533212E-07    9.1336037E-09    1.6994469E-04    6.7070070E-04    3.2846265E-04    8.2805968E-05
    1.4150000E+01   -2.1579834E-04    8.3839467E-05    3.2916570E-05    4.0957015E-05    3.8235835E-05    4.5786965E-10    1.0000031E-16    1.1667917E-05    1.1616139E-07    9.1993767E-09    1.7118438E-04    6.7070070E-04    3.2846265E-04    8.2805968E-05
    1.4250000E+01   -2.1711619E-04    8.4266134E-05    3.3109311E-05    4.1004585E-05    3.8436645E-05    4.4964054E-10    1.0000031E-16    1.1768322E-05    1.1699489E-07    9.2654864E-09    1.7242594E-04    6.7070070E-04    3.2846265E-04    8.2805968E-05
    1.4350000E+01   -2.1843645E-04    8.4693582E-05    3.3302205E-05    4.1052242E-05    3.8637887E-05    4.4162050E-10    1.0000031E-16    1.1868944E-05    1.1783264E-07    9.3319346E-09    1.7366937E-04    6.7070070E-04    3.2846265E-04    8.2805968E-05
    1.4450000E+01   -2.1975913E-04    8.5121811E-05    3.3495250E-05    4.1099986E-05    3.8839564E-05    4.3380328E-10    1.0000031E-16    1.1969782E-05    1.1867467E-07    9.3987231E-09    1.7491467E-04    6.7070070E-04    3.2846265E-04    8.2805968E-05
    1.4550000E+01   -2.2108422E-04    8.5550822E-05    3.3688443E-05    4.1147817E-05    3.9041674E-05    4.2618287E-10    1.0000031E-16    1.2070837E-05    1.1952099E-07    9.4658539E-09    1.7616184E-04    6.7070070E-04    3.2846265E-04    8.2805968E-05
    1.4650000E+01   -2.2241172E-04    8.5980617E-05    3.3881782E-05    4.1195735E-05    3.9244218E-05    4.1875348E-10    1.0000031E-16    1.2172109E-05    1.2037164E-07    9.5333287E-09    1.7741088E-04    6.7070070E-04    3.2846265E-04    8.2805968E-05
    1.4750000E+01   -2.2374163E-04    8.6411195E-05    3.4075263E-05    4.1243741E-05    3.9447198E-05    4.1150954E-10    1.0000031E-16    1.2273599E-05    1.2122664E-07    9.6011496E-09    1.7866177E-04    6.7070070E-04    3.2846265E-04    8.2805968E-05
    1.4850000E+01   -2.2507395E-04    8.6842557E-05    3.4268884E-05    4.1291834E-05    3.9650612E-05    4.0444566E-10    1.0000031E-16    1.2375306E-05    1.2208600E-07    9.6693184E-09    1.7991452E-04    6.7070070E-04    3.2846265E-04    8.2805968E-05
    1.4950000E+01   -2.2640868E-04    8.7274705E-05    3.4462642E-05    4.1340015E-05    3.9854463E-05    3.9755666E-10    1.0000031E-16    1.2477231E-05    1.2294976E-07    9.7378372E-09    1.8116912E-04    6.7070070E-04    3.2846265E-04    8.2805968E-05
    1.5050000E+01   -2.2774582E-04    8.7707638E-05    3.4656535E-05    4.1388283E-05    4.0058749E-05    3.9083755E-10    1.0000031E-16    1.2579375E-05    1.2381795E-07    9.8067081E-09    1.8242557E-04    6.7070070E-04    3.2846265E-04    8.2805968E-05
    1.5150000E+01   -2.2908536E-04    8.8141358E-05    3.4850560E-05    4.1436639E-05    4.0263472E-05    3.8428351E-10    1.0000031E-16    1.2681736E-05    1.2469058E-07    9.8759331E-09    1.8368385E-04    6.7070070E-04    3.2846265E-04    8.2805968E-05
    1.5250000E+01   -2.3042732E-04    8.8575865E-05    3.5044712E-05    4.1485083E-05    4.0468633E-05    3.7788991E-10    1.0000031E-16    1.2784316E-05    1.2556768E-07    9.9455143E-09    1.8494398E-04    6.7070070E-04    3.2846265E-04    8.2805968E-05
    1.5350000E+01   -2.3177168E-04    8.9011161E-05    3.5238990E-05    4.1533615E-05    4.0674231E-05    3.7165227E-10    1.0000031E-16    1.2887115E-05    1.2644929E-07    1.0015454E-08    1.8620594E-04    6.7070070E-04    3.2846265E-04    8.2805968E-05
    1.5450000E+01   -2.3311845E-04    8.9447244E-05    3.5433390E-05    4.1582234E-05    4.0880267E-05    3.6556630E-10    1.0000031E-16    1.2990133E-05    1.2733543E-07    1.0085754E-08    1.8746973E-04    6.7070070E-04    3.2846265E-04    8.2805968E-05
    1.5550000E+01   -2.3446763E-04    8.9884118E-05    3.5627909E-05    4.1630942E-05    4.1086741E-05    3.5962783E-10    1.0000031E-16    1.3093371E-05    1.2822612E-07    1.0156417E-08    1.8873533E-04    6.7070070E-04    3.2846265E-04    8.2805968E-05
    1.5650000E+01   -2.3581921E-04    9.0321781E-05    3.5822544E-05    4.1679738E-05    4.1293655E-05    3.5383288E-10    1.0000031E-16    1.3196827E-05    1.2912139E-07    1.0227446E-08    1.9000276E-04    6.7070070E-04    3.2846265E-04    8.2805968E-05
    1.5750000E+01   -2.3717319E-04    9.0760236E-05    3.6017290E-05    4.1728622E-05    4.1501008E-05    3.4817759E-10    1.0000031E-16    1.3300504E-05    1.3002128E-07    1.0298841E-08    1.9127200E-04    6.7070070E-04    3.2846265E-04    8.2805968E-05
    1.5850000E+01   -2.3852957E-04    9.1199481E-05    3.6212145E-05    4.1777594E-05    4.1708801E-05    3.4265828E-10    1.0000031E-16    1.3404400E-05    1.3092581E-07    1.0370607E-08    1.9254305E-04    6.7070070E-04    3.2846265E-04    8.2805968E-05
    1.5950000E+01   -2.3988836E-04    9.1639519E-05    3.6407105E-05    4.1826654E-05    4.1917034E-05    3.3727137E-10    1.0000031E-16    1.3508517E-05    1.3183502E-07    1.0442745E-08    1.9381589E-04    6.7070070E-04    3.2846265E-04    8.2805968E-05
    1.6050000E+01   -2.4124954E-04    9.2080351E-05    3.6602166E-05    4.1875803E-05    4.2125708E-05    3.3201346E-10    1.0000031E-16    1.3612854E-05    1.3274893E-07    1.0515257E-08    1.9509053E-04    6.7070070E-04    3.2846265E-04    8.2805968E-05
    1.6150000E+01   -2.4261312E-04    9.2521975E-05    3.6797325E-05    4.1925040E-05    4.2334824E-05    3.2688124E-10    1.0000031E-16    1.3717412E-05    1.3366757E-07    1.0588147E-08    1.9636696E-04    6.7070070E-04    3.2846265E-04    8.2805968E-05
    1.6250000E+01   -2.4397910E-04    9.2964394E-05    3.6992577E-05    4.1974366E-05    4.2544381E-05    3.2187157E-10    1.0000031E-16    1.3822191E-05    1.3459099E-07    1.0661417E-08    1.9764517E-04    6.7070070E-04    3.2846265E-04    8.2805968E-05
    1.6350000E+01   -2.4534747E-04    9.3407609E-05    3.7187919E-05    4.2023781E-05    4.2754381E-05    3.1698143E-10    1.0000031E-16    1.3927190E-05    1.3551920E-07    1.0735070E-08    1.9892516E-04    6.7070070E-04    3.2846265E-04    8.2805968E-05
    1.6450000E+01   -2.4671823E-04    9.3851619E-05    3.7383346E-05    4.2073284E-05    4.2964823E-05    3.1220792E-10    1.0000031E-16    1.4032412E-05    1.3645225E-07    1.0809107E-08    2.0020692E-04    6.7070070E-04    3.2846265E-04    8.2805968E-05
    1.6550000E+01   -2.4809139E-04    9.4296426E-05    3.7578855E-05    4.2122876E-05    4.3175709E-05    3.0754828E-10    1.0000031E-16    1.4137854E-05    1.3739017E-07    1.0883532E-08    2.0149044E-04    6.7070070E-04    3.2846265E-04    8.2805968E-05
    1.6650000E+01   -2.4946693E-04    9.4742030E-05    3.7774441E-05    4.2172557E-05    4.3387038E-05    3.0299987E-10    1.0000031E-16    1.4243519E-05    1.3833299E-07    1.0958349E-08    2.0277571E-04    6.7070070E-04    3.2846265E-04    8.2805968E-05
    1.6750000E+01   -2.5084486E-04    9.5188431E-05    3.7970099E-05    4.2222327E-05    4.3598811E-05    2.9856020E-10    1.0000031E-16    1.4349406E-05    1.3928075E-07    1.1033558E-08    2.0406273E-04    6.7070070E-04    3.2846265E-04    8.2805968E-05
    1.6850000E+01   -2.5222518E-04    9.5635632E-05    3.8165826E-05    4.2272186E-05    4.3811029E-05    2.9422687E-10    1.0000031E-16    1.4455515E-05    1.4023348E-07    1.1109165E-08    2.0535149E-04    6.7070070E-04    3.2846265E-04    8.2805968E-05
    1.6950000E+01   -2.5360787E-04    9.6083632E-05    3.8361616E-05    4.2322135E-05    4.4023692E-05    2.8999766E-10    1.0000031E-16    1.4561846E-05    1.4119123E-07    1.1185171E-08    2.0664199E-04    6.7070070E-04    3.2846265E-04    8.2805968E-05
    1.7050000E+01   -2.5499295E-04    9.6532432E-05    3.8557464E-05    4.2372172E-05    4.4236801E-05    2.8587046E-10    1.0000031E-16    1.4668400E-05    1.4215403E-07    1.1261579E-08    2.0793421E-04    6.7070070E-04    3.2846265E-04    8.2805968E-05
    1.7150000E+01   -2.5638040E-04    9.6982033E-05    3.8753367E-05    4.2422299E-05    4.4450355E-05    2.8184331E-10    1.0000031E-16    1.4775178E-05    1.4312191E-07    1.1338393E-08    2.0922814E-04    6.7070070E-04    3.2846265E-04    8.2805968E-05
    1.7250000E+01   -2.5777023E-04    9.7432436E-05    3.8949318E-05    4.2472515E-05    4.4664356E-05    2.7791442E-10    1.0000031E-16    1.4882178E-05    1.4409493E-07    1.1415616E-08    2.1052378E-04    6.7070070E-04    3.2846265E-04    8.2805968E-05
    1.7350000E+01   -2.5916243E-04    9.7883640E-05    3.9145312E-05    4.2522820E-05    4.4878804E-05    2.7408212E-10    1.0000031E-16    1.4989402E-05    1.4507311E-07    1.1493251E-08    2.1182112E-04    6.7070070E-04    3.2846265E-04    8.2805968E-05
    1.7450000E+01   -2.6055699E-04    9.8335648E-05    3.9341345E-05    4.2573215E-05    4.5093700E-05    2.7034494E-10    1.0000031E-16    1.5096850E-05    1.4605651E-07    1.1571302E-08    2.1312014E-04    6.7070070E-04    3.2846265E-04    8.2805968E-05
    1.7550000E+01   -2.6195392E-04    9.8788459E-05    3.9537410E-05    4.2623700E-05    4.5309043E-05    2.6670160E-10    1.0000031E-16    1.5204521E-05    1.4704516E-07    1.1649772E-08    2.1442085E-04    6.7070070E-04    3.2846265E-04    8.2805968E-05
    1.7650000E+01   -2.6335322E-04    9.9242075E-05    3.9733502E-05    4.2674274E-05    4.5524834E-05    2.6315103E-10    1.0000031E-16    1.5312417E-05    1.4803911E-07    1.1728664E-08    2.1572323E-04    6.7070070E-04    3.2846265E-04    8.2805968E-05
    1.7750000E+01   -2.6475487E-04    9.9696496E-05    3.9929616E-05    4.2724938E-05    4.5741075E-05    2.5969236E-10    1.0000031E-16    1.5420537E-05    1.4903841E-07    1.1807983E-08    2.1702726E-04    6.7070070E-04    3.2846265E-04    8.2805968E-05
    1.7850000E+01   -2.6615888E-04    1.0015172E-04    4.0125744E-05    4.2775692E-05    4.5957764E-05    2.5632504E-10    1.0000031E-16    1.5528882E-05    1.5004309E-07    1.1887732E-08    2.1833294E-04    6.7070070E-04    3.2846265E-04    8.2805968E-05
    1.7950000E+01   -2.6756523E-04    1.0060776E-04    4.0321881E-05    4.2826536E-05    4.6174904E-05    2.5304878E-10    1.0000031E-16    1.5637452E-05    1.5105322E-07    1.1967914E-08    2.1964026E-04    6.7070070E-04    3.2846265E-04    8.2805968E-05
    1.8050000E+01   -2.6897393E-04    1.0106460E-04    4.0518020E-05    4.2877469E-05    4.6392493E-05    2.4986368E-10    1.0000031E-16    1.5746247E-05    1.5206883E-07    1.2048534E-08    2.2094921E-04    6.7070070E-04    3.2846265E-04    8.2805968E-05
    1.8150000E+01   -2.7038498E-04    1.0152224E-04    4.0714155E-05    4.2928493E-05    4.6610534E-05    2.4677026E-10    1.0000031E-16    1.5855267E-05    1.5308998E-07    1.2129597E-08    2.2225977E-04    6.7070070E-04    3.2846265E-04    8.2805968E-05
    1.8250000E+01   -2.7179836E-04    1.0198070E-04    4.0910278E-05    4.2979607E-05    4.6829025E-05    2.4376958E-10    1.0000031E-16    1.5964512E-05    1.5411673E-07    1.2211105E-08    2.2357193E-04    6.7070070E-04    3.2846265E-04    8.2805968E-05
    1.8350000E+01   -2.7321407E-04    1.0243997E-04    4.1106382E-05    4.3030812E-05    4.7047968E-05    2.4086334E-10    1.0000031E-16    1.6073984E-05    1.5514912E-07    1.2293064E-08    2.2488567E-04    6.7070070E-04    3.2846265E-04    8.2805968E-05
    1.8450000E+01   -2.7463211E-04    1.0290005E-04    4.1302460E-05    4.3082106E-05    4.7267363E-05    2.3805405E-10    1.0000031E-16    1.6183681E-05    1.5618722E-07    1.2375479E-08    2.2620099E-04    6.7070070E-04    3.2846265E-04    8.2805968E-05
    1.8550000E+01   -2.7605248E-04    1.0336093E-04    4.1498502E-05    4.3133491E-05    4.7487210E-05    2.3534529E-10    1.0000031E-16    1.6293605E-05    1.5723109E-07    1.2458354E-08    2.2751787E-04    6.7070070E-04    3.2846265E-04    8.2805968E-05
    1.8650000E+01   -2.7747515E-04    1.0382263E-04    4.1694502E-05    4.3184967E-05    4.7707511E-05    2.3274197E-10    1.0000031E-16    1.6403755E-05    1.5828079E-07    1.2541694E-08    2.2883629E-04    6.7070070E-04    3.2846265E-04    8.2805968E-05
    1.8750000E+01   -2.7890014E-04    1.0428514E-04    4.1890448E-05    4.3236533E-05    4.7928265E-05    2.3025084E-10    1.0000031E-16    1.6514132E-05    1.5933638E-07    1.2625505E-08    2.3015624E-04    6.7070070E-04    3.2846265E-04    8.2805968E-05
    1.8850000E+01   -2.8032742E-04    1.0474847E-04    4.2086332E-05    4.3288189E-05    4.8149473E-05    2.2788113E-10    1.0000031E-16    1.6624736E-05    1.6039794E-07    1.2709792E-08    2.3147770E-04    6.7070070E-04    3.2846265E-04    8.2805968E-05
    1.8950000E+01   -2.8175699E-04    1.0521260E-04    4.2282142E-05    4.3339937E-05    4.8371135E-05    2.2564551E-10    1.0000031E-16    1.6735568E-05    1.6146555E-07    1.2794563E-08    2.3280064E-04    6.7070070E-04    3.2846265E-04    8.2805968E-05
    1.9050000E+01   -2.8318885E-04    1.0567756E-04    4.2477867E-05    4.3391775E-05    4.8593252E-05    2.2356167E-10    1.0000031E-16    1.6846626E-05    1.6253930E-07    1.2879823E-08    2.3412505E-04    6.7070070E-04    3.2846265E-04    8.2805968E-05
    1.9150000E+01   -2.8462298E-04    1.0614332E-04    4.2673493E-05    4.3443704E-05    4.8815825E-05    2.2165469E-10    1.0000031E-16    1.6957912E-05    1.6361927E-07    1.2965581E-08    2.3545089E-04    6.7070070E-04    3.2846265E-04    8.2805968E-05
    1.9250000E+01   -2.8605937E-04    1.0660991E-04    4.2869004E-05    4.3495724E-05    4.9038853E-05    2.1996110E-10    1.0000031E-16    1.7069427E-05    1.6470559E-07    1.3051846E-08    2.3677815E-04    6.7070070E-04    3.2846265E-04    8.2805968E-05
    1.9350000E+01   -2.8749800E-04    1.0707731E-04    4.3064383E-05    4.3547835E-05    4.9262338E-05    2.1853605E-10    1.0000031E-16    1.7181169E-05    1.6579837E-07    1.3138627E-08    2.3810678E-04    6.7070070E-04    3.2846265E-04    8.2805968E-05
    1.9450000E+01   -2.8893885E-04    1.0754552E-04    4.3259605E-05    4.3600037E-05    4.9486279E-05    2.1746662E-10    1.0000031E-16    1.7293140E-05    1.6689779E-07    1.3225939E-08    2.3943674E-04    6.7070070E-04    3.2846265E-04    8.2805968E-05
    1.9550000E+01   -2.9038190E-04    1.0801456E-04    4.3454640E-05    4.3652332E-05    4.9710679E-05    2.1689911E-10    1.0000032E-16    1.7405339E-05    1.6800406E-07    1.3313799E-08    2.4076798E-04    6.7070072E-04    3.2846266E-04    8.2805970E-05
    1.9650000E+01   -2.9182792E-04    1.0848472E-04    4.3649564E-05    4.3704837E-05    4.9935675E-05    2.1710038E-10    1.0000059E-16    1.7517817E-05    1.6911796E-07    1.3402269E-08    2.4210107E-04    6.7070256E-04    3.2846356E-04    8.2806197E-05
    1.9750000E+01   -2.9335842E-04    1.0898625E-04    4.3856454E-05    4.3769557E-05    5.0175206E-05    2.1856164E-10    1.0002844E-16    1.7635507E-05    1.7028786E-07    1.3495185E-08    2.4350371E-04    6.7088936E-04    3.2855504E-04    8.2829260E-05
    1.9850000E+01   -3.0076484E-04    1.1166657E-04    4.4937815E-05    4.4698881E-05    5.1418528E-05    2.1834758E-10    1.0202307E-16    1.8108570E-05    1.7491045E-07    1.3861774E-08    2.4979047E-04    6.8426728E-04    3.3510662E-04    8.4480923E-05
    1.9950000E+01   -5.2798427E-04    1.9585739E-04    7.8757142E-05    7.7994415E-05    9.0211018E-05    1.3046278E-10    1.7766157E-16    3.1869763E-05    3.0843406E-07    2.4445314E-08    4.3880249E-04    1.1915737E-03    5.8355007E-04    1.4711392E-04
