# Time          1.0000E-01
# Units: Mol/m**3 Porous Medium/s
    Distance           Quartz           K-Feldspar_Li    Oligoclase_Li    Biotite_Li       Kaolinite_Li7    Kaolinite_Li6
    5.0000000E-02    0.0000000E+00   -4.0066751E-11   -1.6226744E-10   -3.2554263E-11    1.3137392E-10    1.0861589E-11
    1.5000000E-01   -1.3780048E-14   -4.0131248E-11   -1.6260346E-10   -3.2635728E-11    1.1697636E-10    9.6282281E-12
    2.5000000E-01   -1.5216684E-14   -4.0148810E-11   -1.6294018E-10   -3.2717381E-11    1.1713353E-10    9.6258524E-12
    3.5000000E-01   -1.3912494E-14   -4.0165845E-11   -1.6327757E-10   -3.2799212E-11    1.1730922E-10    9.6307948E-12
    4.5000000E-01   -1.2518241E-14   -4.0182868E-11   -1.6361559E-10   -3.2881213E-11    1.1748485E-10    9.6368949E-12
    5.5000000E-01   -1.1118729E-14   -4.0199890E-11   -1.6395420E-10   -3.2963375E-11    1.1766536E-10    9.6442731E-12
    6.5000000E-01   -9.7163021E-15   -4.0216910E-11   -1.6429339E-10   -3.3045692E-11    1.1785027E-10    9.6527876E-12
    7.5000000E-01   -8.3110453E-15   -4.0233926E-11   -1.6463312E-10   -3.3128158E-11    1.1803905E-10    9.6623079E-12
    8.5000000E-01   -6.9029835E-15   -4.0250936E-11   -1.6497337E-10   -3.3210767E-11    1.1823121E-10    9.6727201E-12
    9.5000000E-01   -5.4921368E-15   -4.0267936E-11   -1.6531411E-10   -3.3293513E-11    1.1842636E-10    9.6839250E-12
    1.0500000E+00   -4.0785229E-15   -4.0284926E-11   -1.6565534E-10   -3.3376393E-11    1.1862417E-10    9.6958355E-12
    1.1500000E+00   -2.6621567E-15   -4.0301902E-11   -1.6599703E-10   -3.3459403E-11    1.1882435E-10    9.7083752E-12
    1.2500000E+00   -1.2430515E-15   -4.0318862E-11   -1.6633916E-10   -3.3542538E-11    1.1902664E-10    9.7214772E-12
    1.3500000E+00    0.0000000E+00   -4.0335805E-11   -1.6668173E-10   -3.3625797E-11    1.1923083E-10    9.7350823E-12
    1.4500000E+00    0.0000000E+00   -4.0352728E-11   -1.6702473E-10   -3.3709175E-11    1.1943672E-10    9.7491385E-12
    1.5500000E+00    0.0000000E+00   -4.0369630E-11   -1.6736814E-10   -3.3792671E-11    1.1964416E-10    9.7635996E-12
    1.6500000E+00    0.0000000E+00   -4.0386507E-11   -1.6771195E-10   -3.3876283E-11    1.1985300E-10    9.7784250E-12
    1.7500000E+00    0.0000000E+00   -4.0403358E-11   -1.6805616E-10   -3.3960009E-11    1.2006312E-10    9.7935786E-12
    1.8500000E+00    0.0000000E+00   -4.0420181E-11   -1.6840076E-10   -3.4043848E-11    1.2027441E-10    9.8090282E-12
    1.9500000E+00    0.0000000E+00   -4.0436973E-11   -1.6874574E-10   -3.4127797E-11    1.2048676E-10    9.8247455E-12
    2.0500000E+00    0.0000000E+00   -4.0453733E-11   -1.6909111E-10   -3.4211856E-11    1.2070010E-10    9.8407051E-12
    2.1500000E+00    0.0000000E+00   -4.0470457E-11   -1.6943685E-10   -3.4296024E-11    1.2091435E-10    9.8568845E-12
    2.2500000E+00    0.0000000E+00   -4.0487144E-11   -1.6978296E-10   -3.4380300E-11    1.2112944E-10    9.8732634E-12
    2.3500000E+00    0.0000000E+00   -4.0503792E-11   -1.7012945E-10   -3.4464683E-11    1.2134531E-10    9.8898240E-12
    2.4500000E+00    0.0000000E+00   -4.0520398E-11   -1.7047630E-10   -3.4549173E-11    1.2156191E-10    9.9065502E-12
    2.5500000E+00    0.0000000E+00   -4.0536960E-11   -1.7082351E-10   -3.4633769E-11    1.2177918E-10    9.9234275E-12
    2.6500000E+00    0.0000000E+00   -4.0553474E-11   -1.7117108E-10   -3.4718470E-11    1.2199710E-10    9.9404431E-12
    2.7500000E+00    0.0000000E+00   -4.0569940E-11   -1.7151902E-10   -3.4803277E-11    1.2221561E-10    9.9575854E-12
    2.8500000E+00    0.0000000E+00   -4.0586354E-11   -1.7186732E-10   -3.4888189E-11    1.2243468E-10    9.9748441E-12
    2.9500000E+00    0.0000000E+00   -4.0602713E-11   -1.7221597E-10   -3.4973206E-11    1.2265428E-10    9.9922096E-12
    3.0500000E+00    0.0000000E+00   -4.0619016E-11   -1.7256498E-10   -3.5058327E-11    1.2287439E-10    1.0009674E-11
    3.1500000E+00    0.0000000E+00   -4.0635259E-11   -1.7291435E-10   -3.5143552E-11    1.2309498E-10    1.0027229E-11
    3.2500000E+00    0.0000000E+00   -4.0651439E-11   -1.7326408E-10   -3.5228882E-11    1.2331602E-10    1.0044868E-11
    3.3500000E+00    0.0000000E+00   -4.0667553E-11   -1.7361416E-10   -3.5314316E-11    1.2353749E-10    1.0062585E-11
    3.4500000E+00    0.0000000E+00   -4.0683600E-11   -1.7396460E-10   -3.5399854E-11    1.2375937E-10    1.0080374E-11
    3.5500000E+00    0.0000000E+00   -4.0699575E-11   -1.7431539E-10   -3.5485495E-11    1.2398165E-10    1.0098231E-11
    3.6500000E+00    0.0000000E+00   -4.0715475E-11   -1.7466653E-10   -3.5571241E-11    1.2420430E-10    1.0116151E-11
    3.7500000E+00    0.0000000E+00   -4.0731298E-11   -1.7501804E-10   -3.5657090E-11    1.2442732E-10    1.0134128E-11
    3.8500000E+00    0.0000000E+00   -4.0747040E-11   -1.7536989E-10   -3.5743043E-11    1.2465069E-10    1.0152161E-11
    3.9500000E+00    0.0000000E+00   -4.0762698E-11   -1.7572210E-10   -3.5829100E-11    1.2487439E-10    1.0170245E-11
    4.0500000E+00    0.0000000E+00   -4.0778268E-11   -1.7607466E-10   -3.5915260E-11    1.2509841E-10    1.0188377E-11
    4.1500000E+00    0.0000000E+00   -4.0793747E-11   -1.7642758E-10   -3.6001524E-11    1.2532275E-10    1.0206554E-11
    4.2500000E+00    0.0000000E+00   -4.0809132E-11   -1.7678085E-10   -3.6087892E-11    1.2554739E-10    1.0224774E-11
    4.3500000E+00    0.0000000E+00   -4.0824418E-11   -1.7713447E-10   -3.6174363E-11    1.2577232E-10    1.0243034E-11
    4.4500000E+00    0.0000000E+00   -4.0839602E-11   -1.7748845E-10   -3.6260938E-11    1.2599753E-10    1.0261332E-11
    4.5500000E+00    0.0000000E+00   -4.0854680E-11   -1.7784278E-10   -3.6347616E-11    1.2622302E-10    1.0279666E-11
    4.6500000E+00    0.0000000E+00   -4.0869649E-11   -1.7819747E-10   -3.6434398E-11    1.2644877E-10    1.0298035E-11
    4.7500000E+00    0.0000000E+00   -4.0884503E-11   -1.7855251E-10   -3.6521284E-11    1.2667478E-10    1.0316435E-11
    4.8500000E+00    0.0000000E+00   -4.0899240E-11   -1.7890790E-10   -3.6608273E-11    1.2690104E-10    1.0334867E-11
    4.9500000E+00    0.0000000E+00   -4.0913855E-11   -1.7926365E-10   -3.6695366E-11    1.2712754E-10    1.0353328E-11
    5.0500000E+00    0.0000000E+00   -4.0928343E-11   -1.7961975E-10   -3.6782562E-11    1.2735428E-10    1.0371817E-11
    5.1500000E+00    0.0000000E+00   -4.0942700E-11   -1.7997620E-10   -3.6869862E-11    1.2758125E-10    1.0390334E-11
    5.2500000E+00    0.0000000E+00   -4.0956921E-11   -1.8033301E-10   -3.6957266E-11    1.2780845E-10    1.0408875E-11
    5.3500000E+00    0.0000000E+00   -4.0971003E-11   -1.8069017E-10   -3.7044773E-11    1.2803586E-10    1.0427442E-11
    5.4500000E+00    0.0000000E+00   -4.0984939E-11   -1.8104768E-10   -3.7132384E-11    1.2826349E-10    1.0446031E-11
    5.5500000E+00    0.0000000E+00   -4.0998726E-11   -1.8140555E-10   -3.7220098E-11    1.2849133E-10    1.0464644E-11
    5.6500000E+00    0.0000000E+00   -4.1012358E-11   -1.8176377E-10   -3.7307916E-11    1.2871936E-10    1.0483278E-11
    5.7500000E+00    0.0000000E+00   -4.1025830E-11   -1.8212235E-10   -3.7395837E-11    1.2894760E-10    1.0501933E-11
    5.8500000E+00    0.0000000E+00   -4.1039137E-11   -1.8248128E-10   -3.7483862E-11    1.2917602E-10    1.0520609E-11
    5.9500000E+00    0.0000000E+00   -4.1052274E-11   -1.8284056E-10   -3.7571990E-11    1.2940464E-10    1.0539303E-11
    6.0500000E+00    0.0000000E+00   -4.1065235E-11   -1.8320020E-10   -3.7660222E-11    1.2963343E-10    1.0558016E-11
    6.1500000E+00    0.0000000E+00   -4.1078014E-11   -1.8356019E-10   -3.7748558E-11    1.2986241E-10    1.0576748E-11
    6.2500000E+00    0.0000000E+00   -4.1090607E-11   -1.8392053E-10   -3.7836997E-11    1.3009155E-10    1.0595496E-11
    6.3500000E+00    0.0000000E+00   -4.1103006E-11   -1.8428122E-10   -3.7925540E-11    1.3032087E-10    1.0614262E-11
    6.4500000E+00    0.0000000E+00   -4.1115206E-11   -1.8464227E-10   -3.8014186E-11    1.3055035E-10    1.0633043E-11
    6.5500000E+00    0.0000000E+00   -4.1127201E-11   -1.8500368E-10   -3.8102936E-11    1.3077999E-10    1.0651840E-11
    6.6500000E+00    0.0000000E+00   -4.1138985E-11   -1.8536544E-10   -3.8191790E-11    1.3100978E-10    1.0670653E-11
    6.7500000E+00    0.0000000E+00   -4.1150551E-11   -1.8572755E-10   -3.8280747E-11    1.3123973E-10    1.0689479E-11
    6.8500000E+00    0.0000000E+00   -4.1161893E-11   -1.8609001E-10   -3.8369807E-11    1.3146982E-10    1.0708320E-11
    6.9500000E+00    0.0000000E+00   -4.1173003E-11   -1.8645283E-10   -3.8458972E-11    1.3170005E-10    1.0727174E-11
    7.0500000E+00    0.0000000E+00   -4.1183876E-11   -1.8681600E-10   -3.8548239E-11    1.3193042E-10    1.0746041E-11
    7.1500000E+00    0.0000000E+00   -4.1194504E-11   -1.8717952E-10   -3.8637611E-11    1.3216093E-10    1.0764921E-11
    7.2500000E+00    0.0000000E+00   -4.1204879E-11   -1.8754340E-10   -3.8727086E-11    1.3239156E-10    1.0783813E-11
    7.3500000E+00    0.0000000E+00   -4.1214996E-11   -1.8790763E-10   -3.8816664E-11    1.3262232E-10    1.0802717E-11
    7.4500000E+00    0.0000000E+00   -4.1224845E-11   -1.8827222E-10   -3.8906346E-11    1.3285320E-10    1.0821631E-11
    7.5500000E+00    0.0000000E+00   -4.1234420E-11   -1.8863716E-10   -3.8996132E-11    1.3308420E-10    1.0840557E-11
    7.6500000E+00    0.0000000E+00   -4.1243713E-11   -1.8900245E-10   -3.9086021E-11    1.3331530E-10    1.0859493E-11
    7.7500000E+00    0.0000000E+00   -4.1252715E-11   -1.8936810E-10   -3.9176014E-11    1.3354652E-10    1.0878439E-11
    7.8500000E+00    0.0000000E+00   -4.1261419E-11   -1.8973410E-10   -3.9266110E-11    1.3377783E-10    1.0897394E-11
    7.9500000E+00    0.0000000E+00   -4.1269816E-11   -1.9010045E-10   -3.9356310E-11    1.3400925E-10    1.0916358E-11
    8.0500000E+00    0.0000000E+00   -4.1277897E-11   -1.9046716E-10   -3.9446613E-11    1.3424075E-10    1.0935331E-11
    8.1500000E+00    0.0000000E+00   -4.1285655E-11   -1.9083422E-10   -3.9537020E-11    1.3447235E-10    1.0954312E-11
    8.2500000E+00    0.0000000E+00   -4.1293079E-11   -1.9120163E-10   -3.9627531E-11    1.3470403E-10    1.0973301E-11
    8.3500000E+00    0.0000000E+00   -4.1300162E-11   -1.9156940E-10   -3.9718145E-11    1.3493579E-10    1.0992297E-11
    8.4500000E+00    0.0000000E+00   -4.1306892E-11   -1.9193752E-10   -3.9808863E-11    1.3516763E-10    1.1011300E-11
    8.5500000E+00    0.0000000E+00   -4.1313262E-11   -1.9230599E-10   -3.9899684E-11    1.3539953E-10    1.1030309E-11
    8.6500000E+00    0.0000000E+00   -4.1319262E-11   -1.9267482E-10   -3.9990609E-11    1.3563150E-10    1.1049325E-11
    8.7500000E+00    0.0000000E+00   -4.1324880E-11   -1.9304400E-10   -4.0081637E-11    1.3586352E-10    1.1068346E-11
    8.8500000E+00    0.0000000E+00   -4.1330108E-11   -1.9341354E-10   -4.0172769E-11    1.3609561E-10    1.1087372E-11
    8.9500000E+00    0.0000000E+00   -4.1334935E-11   -1.9378343E-10   -4.0264005E-11    1.3632774E-10    1.1106403E-11
    9.0500000E+00    0.0000000E+00   -4.1339350E-11   -1.9415367E-10   -4.0355344E-11    1.3655991E-10    1.1125438E-11
    9.1500000E+00    0.0000000E+00   -4.1343343E-11   -1.9452427E-10   -4.0446787E-11    1.3679213E-10    1.1144477E-11
    9.2500000E+00    0.0000000E+00   -4.1346903E-11   -1.9489521E-10   -4.0538333E-11    1.3702438E-10    1.1163519E-11
    9.3500000E+00    0.0000000E+00   -4.1350017E-11   -1.9526652E-10   -4.0629983E-11    1.3725665E-10    1.1182564E-11
    9.4500000E+00    0.0000000E+00   -4.1352675E-11   -1.9563817E-10   -4.0721737E-11    1.3748895E-10    1.1201612E-11
    9.5500000E+00    0.0000000E+00   -4.1354865E-11   -1.9601018E-10   -4.0813594E-11    1.3772126E-10    1.1220661E-11
    9.6500000E+00    0.0000000E+00   -4.1356575E-11   -1.9638255E-10   -4.0905554E-11    1.3795358E-10    1.1239712E-11
    9.7500000E+00    0.0000000E+00   -4.1357793E-11   -1.9675526E-10   -4.0997618E-11    1.3818591E-10    1.1258764E-11
    9.8500000E+00    0.0000000E+00   -4.1358506E-11   -1.9712833E-10   -4.1089786E-11    1.3841824E-10    1.1277816E-11
    9.9500000E+00    0.0000000E+00   -4.1358701E-11   -1.9750176E-10   -4.1182057E-11    1.3865056E-10    1.1296868E-11
    1.0050000E+01    0.0000000E+00   -4.1358365E-11   -1.9787553E-10   -4.1274432E-11    1.3888286E-10    1.1315920E-11
    1.0150000E+01    0.0000000E+00   -4.1357485E-11   -1.9824966E-10   -4.1366911E-11    1.3911515E-10    1.1334971E-11
    1.0250000E+01    0.0000000E+00   -4.1356048E-11   -1.9862415E-10   -4.1459493E-11    1.3934740E-10    1.1354019E-11
    1.0350000E+01    0.0000000E+00   -4.1354038E-11   -1.9899899E-10   -4.1552178E-11    1.3957963E-10    1.1373066E-11
    1.0450000E+01    0.0000000E+00   -4.1351443E-11   -1.9937418E-10   -4.1644967E-11    1.3981181E-10    1.1392110E-11
    1.0550000E+01    0.0000000E+00   -4.1348248E-11   -1.9974972E-10   -4.1737860E-11    1.4004395E-10    1.1411151E-11
    1.0650000E+01    0.0000000E+00   -4.1344437E-11   -2.0012562E-10   -4.1830856E-11    1.4027603E-10    1.1430188E-11
    1.0750000E+01    0.0000000E+00   -4.1339996E-11   -2.0050187E-10   -4.1923956E-11    1.4050805E-10    1.1449220E-11
    1.0850000E+01    0.0000000E+00   -4.1334909E-11   -2.0087848E-10   -4.2017160E-11    1.4074000E-10    1.1468247E-11
    1.0950000E+01    0.0000000E+00   -4.1329161E-11   -2.0125544E-10   -4.2110467E-11    1.4097187E-10    1.1487269E-11
    1.1050000E+01    0.0000000E+00   -4.1322734E-11   -2.0163275E-10   -4.2203877E-11    1.4120366E-10    1.1506284E-11
    1.1150000E+01    0.0000000E+00   -4.1315614E-11   -2.0201041E-10   -4.2297391E-11    1.4143536E-10    1.1525292E-11
    1.1250000E+01    0.0000000E+00   -4.1307783E-11   -2.0238843E-10   -4.2391009E-11    1.4166696E-10    1.1544293E-11
    1.1350000E+01    0.0000000E+00   -4.1299224E-11   -2.0276680E-10   -4.2484730E-11    1.4189846E-10    1.1563286E-11
    1.1450000E+01    0.0000000E+00   -4.1289919E-11   -2.0314553E-10   -4.2578555E-11    1.4212983E-10    1.1582270E-11
    1.1550000E+01    0.0000000E+00   -4.1279850E-11   -2.0352461E-10   -4.2672484E-11    1.4236108E-10    1.1601244E-11
    1.1650000E+01    0.0000000E+00   -4.1269000E-11   -2.0390404E-10   -4.2766516E-11    1.4259220E-10    1.1620208E-11
    1.1750000E+01    0.0000000E+00   -4.1257350E-11   -2.0428383E-10   -4.2860651E-11    1.4282318E-10    1.1639161E-11
    1.1850000E+01    0.0000000E+00   -4.1244880E-11   -2.0466397E-10   -4.2954891E-11    1.4305401E-10    1.1658102E-11
    1.1950000E+01    0.0000000E+00   -4.1231571E-11   -2.0504446E-10   -4.3049233E-11    1.4328467E-10    1.1677031E-11
    1.2050000E+01    0.0000000E+00   -4.1217404E-11   -2.0542531E-10   -4.3143680E-11    1.4351517E-10    1.1695947E-11
    1.2150000E+01    0.0000000E+00   -4.1202358E-11   -2.0580651E-10   -4.3238229E-11    1.4374549E-10    1.1714849E-11
    1.2250000E+01    0.0000000E+00   -4.1186412E-11   -2.0618806E-10   -4.3332883E-11    1.4397563E-10    1.1733736E-11
    1.2350000E+01    0.0000000E+00   -4.1169546E-11   -2.0656997E-10   -4.3427640E-11    1.4420556E-10    1.1752608E-11
    1.2450000E+01    0.0000000E+00   -4.1151737E-11   -2.0695223E-10   -4.3522501E-11    1.4443529E-10    1.1771463E-11
    1.2550000E+01    0.0000000E+00   -4.1132964E-11   -2.0733484E-10   -4.3617465E-11    1.4466479E-10    1.1790302E-11
    1.2650000E+01    0.0000000E+00   -4.1113204E-11   -2.0771781E-10   -4.3712532E-11    1.4489407E-10    1.1809122E-11
    1.2750000E+01    0.0000000E+00   -4.1092434E-11   -2.0810113E-10   -4.3807704E-11    1.4512311E-10    1.1827923E-11
    1.2850000E+01    0.0000000E+00   -4.1070631E-11   -2.0848481E-10   -4.3902979E-11    1.4535190E-10    1.1846705E-11
    1.2950000E+01    0.0000000E+00   -4.1047771E-11   -2.0886883E-10   -4.3998357E-11    1.4558043E-10    1.1865466E-11
    1.3050000E+01    0.0000000E+00   -4.1023830E-11   -2.0925322E-10   -4.4093839E-11    1.4580868E-10    1.1884205E-11
    1.3150000E+01    0.0000000E+00   -4.0998781E-11   -2.0963795E-10   -4.4189425E-11    1.4603665E-10    1.1902922E-11
    1.3250000E+01    0.0000000E+00   -4.0972601E-11   -2.1002304E-10   -4.4285114E-11    1.4626433E-10    1.1921616E-11
    1.3350000E+01    0.0000000E+00   -4.0945262E-11   -2.1040848E-10   -4.4380907E-11    1.4649169E-10    1.1940285E-11
    1.3450000E+01    0.0000000E+00   -4.0916739E-11   -2.1079427E-10   -4.4476803E-11    1.4671873E-10    1.1958929E-11
    1.3550000E+01    0.0000000E+00   -4.0887003E-11   -2.1118042E-10   -4.4572803E-11    1.4694544E-10    1.1977546E-11
    1.3650000E+01    0.0000000E+00   -4.0856027E-11   -2.1156692E-10   -4.4668906E-11    1.4717181E-10    1.1996136E-11
    1.3750000E+01    0.0000000E+00   -4.0823783E-11   -2.1195378E-10   -4.4765113E-11    1.4739781E-10    1.2014697E-11
    1.3850000E+01    0.0000000E+00   -4.0790241E-11   -2.1234099E-10   -4.4861424E-11    1.4762344E-10    1.2033229E-11
    1.3950000E+01    0.0000000E+00   -4.0755372E-11   -2.1272855E-10   -4.4957838E-11    1.4784868E-10    1.2051729E-11
    1.4050000E+01    0.0000000E+00   -4.0719145E-11   -2.1311646E-10   -4.5054356E-11    1.4807352E-10    1.2070198E-11
    1.4150000E+01    0.0000000E+00   -4.0681529E-11   -2.1350473E-10   -4.5150977E-11    1.4829794E-10    1.2088634E-11
    1.4250000E+01    0.0000000E+00   -4.0642493E-11   -2.1389335E-10   -4.5247702E-11    1.4852194E-10    1.2107036E-11
    1.4350000E+01    0.0000000E+00   -4.0602004E-11   -2.1428233E-10   -4.5344531E-11    1.4874548E-10    1.2125402E-11
    1.4450000E+01    0.0000000E+00   -4.0560029E-11   -2.1467166E-10   -4.5441463E-11    1.4896857E-10    1.2143731E-11
    1.4550000E+01    0.0000000E+00   -4.0516533E-11   -2.1506134E-10   -4.5538498E-11    1.4919118E-10    1.2162023E-11
    1.4650000E+01    0.0000000E+00   -4.0471482E-11   -2.1545137E-10   -4.5635638E-11    1.4941329E-10    1.2180275E-11
    1.4750000E+01    0.0000000E+00   -4.0424841E-11   -2.1584176E-10   -4.5732880E-11    1.4963490E-10    1.2198486E-11
    1.4850000E+01    0.0000000E+00   -4.0376571E-11   -2.1623250E-10   -4.5830227E-11    1.4985598E-10    1.2216655E-11
    1.4950000E+01    0.0000000E+00   -4.0326637E-11   -2.1662360E-10   -4.5927677E-11    1.5007651E-10    1.2234781E-11
    1.5050000E+01    0.0000000E+00   -4.0274999E-11   -2.1701505E-10   -4.6025230E-11    1.5029648E-10    1.2252863E-11
    1.5150000E+01    0.0000000E+00   -4.0221618E-11   -2.1740685E-10   -4.6122887E-11    1.5051588E-10    1.2270897E-11
    1.5250000E+01    0.0000000E+00   -4.0166455E-11   -2.1779900E-10   -4.6220648E-11    1.5073467E-10    1.2288884E-11
    1.5350000E+01    0.0000000E+00   -4.0109466E-11   -2.1819151E-10   -4.6318512E-11    1.5095284E-10    1.2306822E-11
    1.5450000E+01    0.0000000E+00   -4.0050610E-11   -2.1858437E-10   -4.6416480E-11    1.5117038E-10    1.2324709E-11
    1.5550000E+01    0.0000000E+00   -3.9989843E-11   -2.1897759E-10   -4.6514551E-11    1.5138725E-10    1.2342543E-11
    1.5650000E+01    0.0000000E+00   -3.9927121E-11   -2.1937115E-10   -4.6612726E-11    1.5160345E-10    1.2360322E-11
    1.5750000E+01    0.0000000E+00   -3.9862395E-11   -2.1976507E-10   -4.6711005E-11    1.5181895E-10    1.2378046E-11
    1.5850000E+01    0.0000000E+00   -3.9795620E-11   -2.2015935E-10   -4.6809387E-11    1.5203372E-10    1.2395712E-11
    1.5950000E+01    0.0000000E+00   -3.9726745E-11   -2.2055398E-10   -4.6907872E-11    1.5224774E-10    1.2413318E-11
    1.6050000E+01    0.0000000E+00   -3.9655720E-11   -2.2094896E-10   -4.7006462E-11    1.5246100E-10    1.2430863E-11
    1.6150000E+01    0.0000000E+00   -3.9582493E-11   -2.2134429E-10   -4.7105154E-11    1.5267346E-10    1.2448344E-11
    1.6250000E+01    0.0000000E+00   -3.9507009E-11   -2.2173998E-10   -4.7203951E-11    1.5288511E-10    1.2465759E-11
    1.6350000E+01    0.0000000E+00   -3.9429212E-11   -2.2213602E-10   -4.7302851E-11    1.5309591E-10    1.2483107E-11
    1.6450000E+01    0.0000000E+00   -3.9349044E-11   -2.2253241E-10   -4.7401854E-11    1.5330583E-10    1.2500385E-11
    1.6550000E+01    0.0000000E+00   -3.9266445E-11   -2.2292916E-10   -4.7500961E-11    1.5351486E-10    1.2517591E-11
    1.6650000E+01    0.0000000E+00   -3.9181351E-11   -2.2332626E-10   -4.7600172E-11    1.5372296E-10    1.2534722E-11
    1.6750000E+01    0.0000000E+00   -3.9093696E-11   -2.2372371E-10   -4.7699486E-11    1.5393009E-10    1.2551777E-11
    1.6850000E+01    0.0000000E+00   -3.9003413E-11   -2.2412152E-10   -4.7798904E-11    1.5413624E-10    1.2568751E-11
    1.6950000E+01    0.0000000E+00   -3.8910428E-11   -2.2451968E-10   -4.7898426E-11    1.5434136E-10    1.2585644E-11
    1.7050000E+01    0.0000000E+00   -3.8814667E-11   -2.2491819E-10   -4.7998051E-11    1.5454541E-10    1.2602452E-11
    1.7150000E+01    0.0000000E+00   -3.8716049E-11   -2.2531705E-10   -4.8097779E-11    1.5474837E-10    1.2619172E-11
    1.7250000E+01    0.0000000E+00   -3.8614490E-11   -2.2571627E-10   -4.8197611E-11    1.5495020E-10    1.2635800E-11
    1.7350000E+01    0.0000000E+00   -3.8509900E-11   -2.2611584E-10   -4.8297547E-11    1.5515084E-10    1.2652334E-11
    1.7450000E+01    0.0000000E+00   -3.8402183E-11   -2.2651577E-10   -4.8397586E-11    1.5535027E-10    1.2668770E-11
    1.7550000E+01    0.0000000E+00   -3.8291235E-11   -2.2691604E-10   -4.8497729E-11    1.5554842E-10    1.2685103E-11
    1.7650000E+01    0.0000000E+00   -3.8176946E-11   -2.2731667E-10   -4.8597976E-11    1.5574525E-10    1.2701331E-11
    1.7750000E+01    0.0000000E+00   -3.8059194E-11   -2.2771766E-10   -4.8698326E-11    1.5594070E-10    1.2717447E-11
    1.7850000E+01    0.0000000E+00   -3.7937847E-11   -2.2811899E-10   -4.8798779E-11    1.5613471E-10    1.2733448E-11
    1.7950000E+01    0.0000000E+00   -3.7812759E-11   -2.2852068E-10   -4.8899336E-11    1.5632721E-10    1.2749328E-11
    1.8050000E+01    0.0000000E+00   -3.7683767E-11   -2.2892273E-10   -4.8999997E-11    1.5651813E-10    1.2765081E-11
    1.8150000E+01    0.0000000E+00   -3.7550688E-11   -2.2932512E-10   -4.9100761E-11    1.5670738E-10    1.2780699E-11
    1.8250000E+01    0.0000000E+00   -3.7413316E-11   -2.2972787E-10   -4.9201629E-11    1.5689487E-10    1.2796175E-11
    1.8350000E+01    0.0000000E+00   -3.7271410E-11   -2.3013097E-10   -4.9302601E-11    1.5708048E-10    1.2811501E-11
    1.8450000E+01    0.0000000E+00   -3.7124692E-11   -2.3053442E-10   -4.9403676E-11    1.5726409E-10    1.2826665E-11
    1.8550000E+01    0.0000000E+00   -3.6972832E-11   -2.3093823E-10   -4.9504855E-11    1.5744553E-10    1.2841655E-11
    1.8650000E+01    0.0000000E+00   -3.6815434E-11   -2.3134239E-10   -4.9606137E-11    1.5762464E-10    1.2856456E-11
    1.8750000E+01    0.0000000E+00   -3.6652011E-11   -2.3174690E-10   -4.9707522E-11    1.5780118E-10    1.2871051E-11
    1.8850000E+01    0.0000000E+00   -3.6481955E-11   -2.3215176E-10   -4.9809012E-11    1.5797488E-10    1.2885415E-11
    1.8950000E+01    0.0000000E+00   -3.6304486E-11   -2.3255698E-10   -4.9910605E-11    1.5814536E-10    1.2899521E-11
    1.9050000E+01    0.0000000E+00   -3.6118581E-11   -2.3296254E-10   -5.0012301E-11    1.5831215E-10    1.2913328E-11
    1.9150000E+01    0.0000000E+00   -3.5922851E-11   -2.3336846E-10   -5.0114101E-11    1.5847462E-10    1.2926786E-11
    1.9250000E+01    0.0000000E+00   -3.5715347E-11   -2.3377473E-10   -5.0216005E-11    1.5863186E-10    1.2939821E-11
    1.9350000E+01    0.0000000E+00   -3.5493212E-11   -2.3418135E-10   -5.0318012E-11    1.5878253E-10    1.2952324E-11
    1.9450000E+01    0.0000000E+00   -3.5252034E-11   -2.3458833E-10   -5.0420123E-11    1.5892461E-10    1.2964131E-11
    1.9550000E+01    0.0000000E+00   -3.4984535E-11   -2.3499565E-10   -5.0522337E-11    1.5905471E-10    1.2974966E-11
    1.9650000E+01    0.0000000E+00   -3.4677832E-11   -2.3540331E-10   -5.0624655E-11    1.5916686E-10    1.2984345E-11
    1.9750000E+01    0.0000000E+00   -3.4322580E-11   -2.3581132E-10   -5.0727077E-11    1.5925673E-10    1.2991917E-11
    1.9850000E+01    0.0000000E+00   -3.4695367E-11   -2.3621980E-10   -5.0829602E-11    1.5969090E-10    1.3027563E-11
    1.9950000E+01   -1.5412958E-14   -4.3614880E-11   -2.3663008E-10   -5.0932231E-11    1.6341641E-10    1.3330962E-11
