# Time          3.5000E+00
# Units: Mol/kgw
    Distance           H+               Na+              K+               Ca++             Mg++             Al+++            Fe+++            Fe++             Li7+             Li6+             SiO2(aq)         CO2(aq)          O2(aq)           Cl-          
    5.0000000E-02   -4.9441834E-05    2.7191376E-05    7.2831049E-06    2.8744408E-05    1.2239483E-05    6.8600155E-08    8.1345083E-17    5.9551952E-08    3.0583420E-08    2.4549995E-09    1.8057616E-05    5.4558033E-04    2.6718738E-04    6.7358372E-05
    1.5000000E-01   -8.3123957E-05    4.5642625E-05    1.2289526E-05    4.7986180E-05    2.0544111E-05    4.2963398E-08    1.3571038E-16    1.6166433E-07    5.0864230E-08    4.0778930E-09    3.0890859E-05    9.1020760E-04    4.4575650E-04    1.1237594E-04
    2.5000000E-01   -9.7460636E-05    5.3250828E-05    1.4434546E-05    5.5589828E-05    2.3967603E-05    3.5523300E-08    1.5708177E-16    2.8124614E-07    5.9266721E-08    4.7459395E-09    3.7004264E-05    1.0535452E-03    5.1595333E-04    1.3007267E-04
    3.5000000E-01   -9.2074967E-05    4.9907906E-05    1.3662372E-05    5.1550665E-05    2.2461643E-05    3.4366926E-08    1.4548256E-16    3.9240450E-07    5.5586278E-08    4.4442442E-09    3.6042823E-05    9.7574951E-04    4.7785438E-04    1.2046787E-04
    4.5000000E-01   -8.1462222E-05    4.3705740E-05    1.2114291E-05    4.4529386E-05    1.9668882E-05    3.4445052E-08    1.2545762E-16    4.8787766E-07    4.8747684E-08    3.8902729E-09    3.3090499E-05    8.4144251E-04    4.1208014E-04    1.0388607E-04
    5.5000000E-01   -7.4096614E-05    3.9346811E-05    1.1043509E-05    3.9523022E-05    1.7706083E-05    3.3724939E-08    1.1115693E-16    5.7187573E-07    4.3944985E-08    3.5009414E-09    3.1191937E-05    7.4552800E-04    3.6510787E-04    9.2044287E-05
    6.5000000E-01   -7.0928298E-05    3.7341530E-05    1.0591576E-05    3.7051438E-05    1.6802925E-05    3.2149000E-08    1.0404512E-16    6.5012542E-07    4.1743885E-08    3.3212360E-09    3.0733595E-05    6.9782914E-04    3.4174827E-04    8.6155296E-05
    7.5000000E-01   -7.0301281E-05    3.6756918E-05    1.0514464E-05    3.6104443E-05    1.6539377E-05    3.0253264E-08    1.0125540E-16    7.2618466E-07    4.1115450E-08    3.2682211E-09    3.1158090E-05    6.7911857E-04    3.3258514E-04    8.3845254E-05
    8.5000000E-01   -7.0782157E-05    3.6790345E-05    1.0600686E-05    3.5819298E-05    1.6554114E-05    2.8365696E-08    1.0034153E-16    8.0163673E-07    4.1173368E-08    3.2705731E-09    3.1970127E-05    6.7298922E-04    3.2958341E-04    8.3088513E-05
    9.5000000E-01   -7.1652526E-05    3.7040358E-05    1.0744227E-05    3.5765453E-05    1.6666414E-05    2.6594460E-08    1.0008300E-16    8.7704707E-07    4.1473927E-08    3.2925961E-09    3.2919518E-05    6.7125528E-04    3.2873424E-04    8.2874437E-05
    1.0500000E+00   -7.2640141E-05    3.7354996E-05    1.0904911E-05    3.5780117E-05    1.6807870E-05    2.4957710E-08    1.0001841E-16    9.5258656E-07    4.1849020E-08    3.3207601E-09    3.3911079E-05    6.7082209E-04    3.2852210E-04    8.2820955E-05
    1.1500000E+00   -7.3659984E-05    3.7686852E-05    1.1070195E-05    3.5812538E-05    1.6957140E-05    2.3448739E-08    1.0000393E-16    1.0283004E-06    4.2246130E-08    3.3508288E-09    3.4915015E-05    6.7072496E-04    3.2847453E-04    8.2808963E-05
    1.2500000E+00   -7.4689207E-05    3.8023206E-05    1.1236713E-05    3.5849106E-05    1.7108498E-05    2.2056366E-08    1.0000098E-16    1.1041992E-06    4.2651114E-08    3.3816517E-09    3.5923308E-05    6.7070516E-04    3.2846483E-04    8.2806519E-05
    1.3500000E+00   -7.5722376E-05    3.8361046E-05    1.1403668E-05    3.5886597E-05    1.7260588E-05    2.0769712E-08    1.0000043E-16    1.1802857E-06    4.3060582E-08    3.4129440E-09    3.6934050E-05    6.7070146E-04    3.2846302E-04    8.2806062E-05
    1.4500000E+00   -7.6758314E-05    3.8699731E-05    1.1570888E-05    3.5924328E-05    1.7413123E-05    1.9578978E-08    1.0000033E-16    1.2565603E-06    4.3473771E-08    3.4446331E-09    3.7946829E-05    6.7070082E-04    3.2846271E-04    8.2805983E-05
    1.5500000E+00   -7.7796773E-05    3.9039137E-05    1.1738343E-05    3.5962164E-05    1.7566048E-05    1.8475430E-08    1.0000032E-16    1.3330236E-06    4.3890500E-08    3.4766945E-09    3.8961561E-05    6.7070072E-04    3.2846266E-04    8.2805970E-05
    1.6500000E+00   -7.8837693E-05    3.9379245E-05    1.1906025E-05    3.6000082E-05    1.7719351E-05    1.7451278E-08    1.0000031E-16    1.4096757E-06    4.4310707E-08    3.5091142E-09    3.9978226E-05    6.7070070E-04    3.2846265E-04    8.2805968E-05
    1.7500000E+00   -7.9881050E-05    3.9720049E-05    1.2073935E-05    3.6038079E-05    1.7873034E-05    1.6499556E-08    1.0000031E-16    1.4865169E-06    4.4734352E-08    3.5418810E-09    4.0996817E-05    6.7070070E-04    3.2846265E-04    8.2805968E-05
    1.8500000E+00   -8.0926826E-05    4.0061552E-05    1.2242072E-05    3.6076153E-05    1.8027095E-05    1.5614022E-08    1.0000031E-16    1.5635474E-06    4.5161405E-08    3.5749853E-09    4.2017331E-05    6.7070070E-04    3.2846265E-04    8.2805968E-05
    1.9500000E+00   -8.1975006E-05    4.0403753E-05    1.2410437E-05    3.6114306E-05    1.8181535E-05    1.4789070E-08    1.0000031E-16    1.6407675E-06    4.5591840E-08    3.6084184E-09    4.3039762E-05    6.7070070E-04    3.2846265E-04    8.2805968E-05
    2.0500000E+00   -8.3025579E-05    4.0746654E-05    1.2579029E-05    3.6152536E-05    1.8336355E-05    1.4019657E-08    1.0000031E-16    1.7181774E-06    4.6025633E-08    3.6421726E-09    4.4064108E-05    6.7070070E-04    3.2846265E-04    8.2805968E-05
    2.1500000E+00   -8.4078532E-05    4.1090254E-05    1.2747850E-05    3.6190845E-05    1.8491555E-05    1.3301234E-08    1.0000031E-16    1.7957773E-06    4.6462763E-08    3.6762412E-09    4.5090366E-05    6.7070070E-04    3.2846265E-04    8.2805968E-05
    2.2500000E+00   -8.5133856E-05    4.1434555E-05    1.2916898E-05    3.6229231E-05    1.8647135E-05    1.2629694E-08    1.0000031E-16    1.8735676E-06    4.6903213E-08    3.7106179E-09    4.6118534E-05    6.7070070E-04    3.2846265E-04    8.2805968E-05
    2.3500000E+00   -8.6191543E-05    4.1779557E-05    1.3086175E-05    3.6267696E-05    1.8803097E-05    1.2001319E-08    1.0000031E-16    1.9515483E-06    4.7346967E-08    3.7452973E-09    4.7148609E-05    6.7070070E-04    3.2846265E-04    8.2805968E-05
    2.4500000E+00   -8.7251583E-05    4.2125262E-05    1.3255679E-05    3.6306239E-05    1.8959440E-05    1.1412739E-08    1.0000031E-16    2.0297199E-06    4.7794011E-08    3.7802745E-09    4.8180590E-05    6.7070070E-04    3.2846265E-04    8.2805968E-05
    2.5500000E+00   -8.8313972E-05    4.2471669E-05    1.3425413E-05    3.6344861E-05    1.9116165E-05    1.0860895E-08    1.0000031E-16    2.1080824E-06    4.8244332E-08    3.8155450E-09    4.9214476E-05    6.7070070E-04    3.2846265E-04    8.2805968E-05
    2.6500000E+00   -8.9378703E-05    4.2818780E-05    1.3595374E-05    3.6383561E-05    1.9273272E-05    1.0343005E-08    1.0000031E-16    2.1866361E-06    4.8697922E-08    3.8511050E-09    5.0250265E-05    6.7070070E-04    3.2846265E-04    8.2805968E-05
    2.7500000E+00   -9.0445770E-05    4.3166596E-05    1.3765565E-05    3.6422339E-05    1.9430763E-05    9.8565349E-09    1.0000031E-16    2.2653813E-06    4.9154770E-08    3.8869510E-09    5.1287956E-05    6.7070070E-04    3.2846265E-04    8.2805968E-05
    2.8500000E+00   -9.1515169E-05    4.3515116E-05    1.3935984E-05    3.6461196E-05    1.9588636E-05    9.3991729E-09    1.0000031E-16    2.3443182E-06    4.9614868E-08    3.9230797E-09    5.2327550E-05    6.7070070E-04    3.2846265E-04    8.2805968E-05
    2.9500000E+00   -9.2586897E-05    4.3864342E-05    1.4106632E-05    3.6500132E-05    1.9746894E-05    8.9688082E-09    1.0000031E-16    2.4234471E-06    5.0078211E-08    3.9594885E-09    5.3369045E-05    6.7070070E-04    3.2846265E-04    8.2805968E-05
    3.0500000E+00   -9.3660949E-05    4.4214274E-05    1.4277510E-05    3.6539146E-05    1.9905536E-05    8.5635100E-09    1.0000031E-16    2.5027681E-06    5.0544793E-08    3.9961749E-09    5.4412441E-05    6.7070070E-04    3.2846265E-04    8.2805968E-05
    3.1500000E+00   -9.4737323E-05    4.4564914E-05    1.4448616E-05    3.6578240E-05    2.0064563E-05    8.1815096E-09    1.0000031E-16    2.5822815E-06    5.1014609E-08    4.0331365E-09    5.5457739E-05    6.7070070E-04    3.2846265E-04    8.2805968E-05
    3.2500000E+00   -9.5816016E-05    4.4916262E-05    1.4619952E-05    3.6617412E-05    2.0223975E-05    7.8211854E-09    1.0000031E-16    2.6619876E-06    5.1487655E-08    4.0703715E-09    5.6504938E-05    6.7070070E-04    3.2846265E-04    8.2805968E-05
    3.3500000E+00   -9.6897027E-05    4.5268318E-05    1.4791517E-05    3.6656663E-05    2.0383773E-05    7.4810482E-09    1.0000031E-16    2.7418865E-06    5.1963929E-08    4.1078780E-09    5.7554037E-05    6.7070070E-04    3.2846265E-04    8.2805968E-05
    3.4500000E+00   -9.7980353E-05    4.5621083E-05    1.4963311E-05    3.6695993E-05    2.0543957E-05    7.1597293E-09    1.0000031E-16    2.8219785E-06    5.2443429E-08    4.1456546E-09    5.8605039E-05    6.7070070E-04    3.2846265E-04    8.2805968E-05
    3.5500000E+00   -9.9065993E-05    4.5974559E-05    1.5135335E-05    3.6735403E-05    2.0704528E-05    6.8559689E-09    1.0000031E-16    2.9022639E-06    5.2926152E-08    4.1836998E-09    5.9657942E-05    6.7070070E-04    3.2846265E-04    8.2805968E-05
    3.6500000E+00   -1.0015395E-04    4.6328745E-05    1.5307589E-05    3.6774892E-05    2.0865486E-05    6.5686061E-09    1.0000031E-16    2.9827428E-06    5.3412098E-08    4.2220125E-09    6.0712748E-05    6.7070070E-04    3.2846265E-04    8.2805968E-05
    3.7500000E+00   -1.0124421E-04    4.6683642E-05    1.5480072E-05    3.6814460E-05    2.1026831E-05    6.2965704E-09    1.0000031E-16    3.0634156E-06    5.3901266E-08    4.2605916E-09    6.1769456E-05    6.7070070E-04    3.2846265E-04    8.2805968E-05
    3.8500000E+00   -1.0233679E-04    4.7039252E-05    1.5652785E-05    3.6854107E-05    2.1188565E-05    6.0388733E-09    1.0000031E-16    3.1442823E-06    5.4393657E-08    4.2994362E-09    6.2828067E-05    6.7070070E-04    3.2846265E-04    8.2805968E-05
    3.9500000E+00   -1.0343167E-04    4.7395575E-05    1.5825727E-05    3.6893834E-05    2.1350687E-05    5.7946008E-09    1.0000031E-16    3.2253434E-06    5.4889272E-08    4.3385454E-09    6.3888583E-05    6.7070070E-04    3.2846265E-04    8.2805968E-05
    4.0500000E+00   -1.0452887E-04    4.7752611E-05    1.5998900E-05    3.6933640E-05    2.1513198E-05    5.5629078E-09    1.0000031E-16    3.3065989E-06    5.5388111E-08    4.3779186E-09    6.4951003E-05    6.7070070E-04    3.2846265E-04    8.2805968E-05
    4.1500000E+00   -1.0562838E-04    4.8110362E-05    1.6172302E-05    3.6973527E-05    2.1676098E-05    5.3430111E-09    1.0000031E-16    3.3880492E-06    5.5890175E-08    4.4175552E-09    6.6015328E-05    6.7070070E-04    3.2846265E-04    8.2805968E-05
    4.2500000E+00   -1.0673020E-04    4.8468827E-05    1.6345934E-05    3.7013492E-05    2.1839389E-05    5.1341850E-09    1.0000031E-16    3.4696944E-06    5.6395468E-08    4.4574548E-09    6.7081559E-05    6.7070070E-04    3.2846265E-04    8.2805968E-05
    4.3500000E+00   -1.0783433E-04    4.8828009E-05    1.6519796E-05    3.7053538E-05    2.2003070E-05    4.9357561E-09    1.0000031E-16    3.5515349E-06    5.6903990E-08    4.4976168E-09    6.8149697E-05    6.7070070E-04    3.2846265E-04    8.2805968E-05
    4.4500000E+00   -1.0894077E-04    4.9187907E-05    1.6693887E-05    3.7093664E-05    2.2167142E-05    4.7470989E-09    1.0000031E-16    3.6335708E-06    5.7415745E-08    4.5380411E-09    6.9219743E-05    6.7070070E-04    3.2846265E-04    8.2805968E-05
    4.5500000E+00   -1.1004953E-04    4.9548522E-05    1.6868209E-05    3.7133869E-05    2.2331605E-05    4.5676322E-09    1.0000031E-16    3.7158024E-06    5.7930735E-08    4.5787272E-09    7.0291697E-05    6.7070070E-04    3.2846265E-04    8.2805968E-05
    4.6500000E+00   -1.1116059E-04    4.9909855E-05    1.7042760E-05    3.7174155E-05    2.2496460E-05    4.3968152E-09    1.0000031E-16    3.7982298E-06    5.8448963E-08    4.6196752E-09    7.1365561E-05    6.7070070E-04    3.2846265E-04    8.2805968E-05
    4.7500000E+00   -1.1227397E-04    5.0271906E-05    1.7217541E-05    3.7214520E-05    2.2661707E-05    4.2341444E-09    1.0000031E-16    3.8808534E-06    5.8970434E-08    4.6608847E-09    7.2441335E-05    6.7070070E-04    3.2846265E-04    8.2805968E-05
    4.8500000E+00   -1.1338967E-04    5.0634677E-05    1.7392552E-05    3.7254966E-05    2.2827347E-05    4.0791507E-09    1.0000031E-16    3.9636734E-06    5.9495149E-08    4.7023558E-09    7.3519020E-05    6.7070070E-04    3.2846265E-04    8.2805968E-05
    4.9500000E+00   -1.1450768E-04    5.0998168E-05    1.7567793E-05    3.7295492E-05    2.2993380E-05    3.9313966E-09    1.0000031E-16    4.0466899E-06    6.0023115E-08    4.7440883E-09    7.4598617E-05    6.7070070E-04    3.2846265E-04    8.2805968E-05
    5.0500000E+00   -1.1562800E-04    5.1362379E-05    1.7743264E-05    3.7336099E-05    2.3159807E-05    3.7904738E-09    1.0000031E-16    4.1299034E-06    6.0554333E-08    4.7860825E-09    7.5680127E-05    6.7070070E-04    3.2846265E-04    8.2805968E-05
    5.1500000E+00   -1.1675065E-04    5.1727312E-05    1.7918964E-05    3.7376786E-05    2.3326628E-05    3.6560010E-09    1.0000031E-16    4.2133138E-06    6.1088810E-08    4.8283382E-09    7.6763551E-05    6.7070070E-04    3.2846265E-04    8.2805968E-05
    5.2500000E+00   -1.1787561E-04    5.2092967E-05    1.8094893E-05    3.7417553E-05    2.3493843E-05    3.5276218E-09    1.0000031E-16    4.2969216E-06    6.1626549E-08    4.8708557E-09    7.7848891E-05    6.7070070E-04    3.2846265E-04    8.2805968E-05
    5.3500000E+00   -1.1900289E-04    5.2459345E-05    1.8271053E-05    3.7458401E-05    2.3661454E-05    3.4050029E-09    1.0000031E-16    4.3807269E-06    6.2167556E-08    4.9136351E-09    7.8936146E-05    6.7070070E-04    3.2846265E-04    8.2805968E-05
    5.4500000E+00   -1.2013249E-04    5.2826447E-05    1.8447441E-05    3.7499330E-05    2.3829460E-05    3.2878324E-09    1.0000031E-16    4.4647300E-06    6.2711835E-08    4.9566765E-09    8.0025318E-05    6.7070070E-04    3.2846265E-04    8.2805968E-05
    5.5500000E+00   -1.2126442E-04    5.3194273E-05    1.8624059E-05    3.7540339E-05    2.3997862E-05    3.1758179E-09    1.0000031E-16    4.5489311E-06    6.3259391E-08    4.9999802E-09    8.1116407E-05    6.7070070E-04    3.2846265E-04    8.2805968E-05
    5.6500000E+00   -1.2239866E-04    5.3562824E-05    1.8800907E-05    3.7581429E-05    2.4166661E-05    3.0686858E-09    1.0000031E-16    4.6333304E-06    6.3810231E-08    5.0435465E-09    8.2209416E-05    6.7070070E-04    3.2846265E-04    8.2805968E-05
    5.7500000E+00   -1.2353524E-04    5.3932101E-05    1.8977983E-05    3.7622601E-05    2.4335856E-05    2.9661791E-09    1.0000031E-16    4.7179282E-06    6.4364358E-08    5.0873755E-09    8.3304344E-05    6.7070070E-04    3.2846265E-04    8.2805968E-05
    5.8500000E+00   -1.2467414E-04    5.4302104E-05    1.9155289E-05    3.7663853E-05    2.4505449E-05    2.8680568E-09    1.0000031E-16    4.8027247E-06    6.4921780E-08    5.1314677E-09    8.4401192E-05    6.7070070E-04    3.2846265E-04    8.2805968E-05
    5.9500000E+00   -1.2581536E-04    5.4672834E-05    1.9332823E-05    3.7705186E-05    2.4675440E-05    2.7740927E-09    1.0000031E-16    4.8877201E-06    6.5482502E-08    5.1758233E-09    8.5499962E-05    6.7070070E-04    3.2846265E-04    8.2805968E-05
    6.0500000E+00   -1.2695892E-04    5.5044293E-05    1.9510586E-05    3.7746600E-05    2.4845829E-05    2.6840741E-09    1.0000031E-16    4.9729147E-06    6.6046530E-08    5.2204427E-09    8.6600655E-05    6.7070070E-04    3.2846265E-04    8.2805968E-05
    6.1500000E+00   -1.2810481E-04    5.5416480E-05    1.9688577E-05    3.7788096E-05    2.5016617E-05    2.5978011E-09    1.0000031E-16    5.0583087E-06    6.6613870E-08    5.2653263E-09    8.7703271E-05    6.7070070E-04    3.2846265E-04    8.2805968E-05
    6.2500000E+00   -1.2925302E-04    5.5789396E-05    1.9866797E-05    3.7829673E-05    2.5187805E-05    2.5150857E-09    1.0000031E-16    5.1439023E-06    6.7184529E-08    5.3104745E-09    8.8807811E-05    6.7070070E-04    3.2846265E-04    8.2805968E-05
    6.3500000E+00   -1.3040358E-04    5.6163042E-05    2.0045245E-05    3.7871331E-05    2.5359392E-05    2.4357508E-09    1.0000031E-16    5.2296958E-06    6.7758513E-08    5.3558877E-09    8.9914276E-05    6.7070070E-04    3.2846265E-04    8.2805968E-05
    6.4500000E+00   -1.3155647E-04    5.6537419E-05    2.0223921E-05    3.7913071E-05    2.5531379E-05    2.3596297E-09    1.0000031E-16    5.3156894E-06    6.8335828E-08    5.4015663E-09    9.1022668E-05    6.7070070E-04    3.2846265E-04    8.2805968E-05
    6.5500000E+00   -1.3271169E-04    5.6912527E-05    2.0402824E-05    3.7954892E-05    2.5703767E-05    2.2865654E-09    1.0000031E-16    5.4018834E-06    6.8916483E-08    5.4475109E-09    9.2132985E-05    6.7070070E-04    3.2846265E-04    8.2805968E-05
    6.6500000E+00   -1.3386926E-04    5.7288368E-05    2.0581955E-05    3.7996795E-05    2.5876556E-05    2.2164098E-09    1.0000031E-16    5.4882779E-06    6.9500482E-08    5.4937218E-09    9.3245231E-05    6.7070070E-04    3.2846265E-04    8.2805968E-05
    6.7500000E+00   -1.3502916E-04    5.7664941E-05    2.0761313E-05    3.8038780E-05    2.6049746E-05    2.1490231E-09    1.0000031E-16    5.5748732E-06    7.0087835E-08    5.5401996E-09    9.4359405E-05    6.7070070E-04    3.2846265E-04    8.2805968E-05
    6.8500000E+00   -1.3619141E-04    5.8042248E-05    2.0940899E-05    3.8080847E-05    2.6223339E-05    2.0842735E-09    1.0000031E-16    5.6616695E-06    7.0678547E-08    5.5869448E-09    9.5475508E-05    6.7070070E-04    3.2846265E-04    8.2805968E-05
    6.9500000E+00   -1.3735600E-04    5.8420290E-05    2.1120711E-05    3.8122995E-05    2.6397334E-05    2.0220365E-09    1.0000031E-16    5.7486671E-06    7.1272626E-08    5.6339580E-09    9.6593541E-05    6.7070070E-04    3.2846265E-04    8.2805968E-05
    7.0500000E+00   -1.3852293E-04    5.8799066E-05    2.1300749E-05    3.8165225E-05    2.6571732E-05    1.9621944E-09    1.0000031E-16    5.8358662E-06    7.1870080E-08    5.6812396E-09    9.7713505E-05    6.7070070E-04    3.2846265E-04    8.2805968E-05
    7.1500000E+00   -1.3969222E-04    5.9178578E-05    2.1481013E-05    3.8207538E-05    2.6746534E-05    1.9046361E-09    1.0000031E-16    5.9232671E-06    7.2470917E-08    5.7287902E-09    9.8835400E-05    6.7070070E-04    3.2846265E-04    8.2805968E-05
    7.2500000E+00   -1.4086385E-04    5.9558827E-05    2.1661504E-05    3.8249932E-05    2.6921740E-05    1.8492565E-09    1.0000031E-16    6.0108699E-06    7.3075144E-08    5.7766105E-09    9.9959227E-05    6.7070070E-04    3.2846265E-04    8.2805968E-05
    7.3500000E+00   -1.4203783E-04    5.9939813E-05    2.1842219E-05    3.8292409E-05    2.7097350E-05    1.7959560E-09    1.0000031E-16    6.0986749E-06    7.3682769E-08    5.8247009E-09    1.0108499E-04    6.7070070E-04    3.2846265E-04    8.2805968E-05
    7.4500000E+00   -1.4321416E-04    6.0321536E-05    2.2023160E-05    3.8334968E-05    2.7273365E-05    1.7446405E-09    1.0000031E-16    6.1866824E-06    7.4293800E-08    5.8730622E-09    1.0221268E-04    6.7070070E-04    3.2846265E-04    8.2805968E-05
    7.5500000E+00   -1.4439284E-04    6.0703998E-05    2.2204325E-05    3.8377609E-05    2.7449785E-05    1.6952208E-09    1.0000031E-16    6.2748925E-06    7.4908246E-08    5.9216950E-09    1.0334231E-04    6.7070070E-04    3.2846265E-04    8.2805968E-05
    7.6500000E+00   -1.4557388E-04    6.1087200E-05    2.2385715E-05    3.8420333E-05    2.7626611E-05    1.6476123E-09    1.0000031E-16    6.3633055E-06    7.5526115E-08    5.9705998E-09    1.0447387E-04    6.7070070E-04    3.2846265E-04    8.2805968E-05
    7.7500000E+00   -1.4675728E-04    6.1471142E-05    2.2567329E-05    3.8463139E-05    2.7803843E-05    1.6017352E-09    1.0000031E-16    6.4519216E-06    7.6147416E-08    6.0197773E-09    1.0560737E-04    6.7070070E-04    3.2846265E-04    8.2805968E-05
    7.8500000E+00   -1.4794304E-04    6.1855824E-05    2.2749166E-05    3.8506028E-05    2.7981482E-05    1.5575132E-09    1.0000031E-16    6.5407412E-06    7.6772156E-08    6.0692283E-09    1.0674280E-04    6.7070070E-04    3.2846265E-04    8.2805968E-05
    7.9500000E+00   -1.4913115E-04    6.2241248E-05    2.2931226E-05    3.8548999E-05    2.8159529E-05    1.5148746E-09    1.0000031E-16    6.6297643E-06    7.7400346E-08    6.1189533E-09    1.0788017E-04    6.7070070E-04    3.2846265E-04    8.2805968E-05
    8.0500000E+00   -1.5032163E-04    6.2627414E-05    2.3113508E-05    3.8592053E-05    2.8337982E-05    1.4737507E-09    1.0000031E-16    6.7189912E-06    7.8031993E-08    6.1689531E-09    1.0901947E-04    6.7070070E-04    3.2846265E-04    8.2805968E-05
    8.1500000E+00   -1.5151447E-04    6.3014322E-05    2.3296013E-05    3.8635190E-05    2.8516845E-05    1.4340769E-09    1.0000031E-16    6.8084223E-06    7.8667108E-08    6.2192283E-09    1.1016071E-04    6.7070070E-04    3.2846265E-04    8.2805968E-05
    8.2500000E+00   -1.5270967E-04    6.3401975E-05    2.3478739E-05    3.8678410E-05    2.8696115E-05    1.3957912E-09    1.0000031E-16    6.8980576E-06    7.9305699E-08    6.2697798E-09    1.1130389E-04    6.7070070E-04    3.2846265E-04    8.2805968E-05
    8.3500000E+00   -1.5390725E-04    6.3790371E-05    2.3661687E-05    3.8721713E-05    2.8875795E-05    1.3588353E-09    1.0000031E-16    6.9878974E-06    7.9947776E-08    6.3206082E-09    1.1244901E-04    6.7070070E-04    3.2846265E-04    8.2805968E-05
    8.4500000E+00   -1.5510718E-04    6.4179513E-05    2.3844854E-05    3.8765099E-05    2.9055884E-05    1.3231533E-09    1.0000031E-16    7.0779421E-06    8.0593348E-08    6.3717142E-09    1.1359606E-04    6.7070070E-04    3.2846265E-04    8.2805968E-05
    8.5500000E+00   -1.5630949E-04    6.4569401E-05    2.4028242E-05    3.8808568E-05    2.9236383E-05    1.2886924E-09    1.0000031E-16    7.1681917E-06    8.1242426E-08    6.4230988E-09    1.1474505E-04    6.7070070E-04    3.2846265E-04    8.2805968E-05
    8.6500000E+00   -1.5751417E-04    6.4960035E-05    2.4211849E-05    3.8852121E-05    2.9417293E-05    1.2554020E-09    1.0000031E-16    7.2586465E-06    8.1895018E-08    6.4747625E-09    1.1589598E-04    6.7070070E-04    3.2846265E-04    8.2805968E-05
    8.7500000E+00   -1.5872122E-04    6.5351416E-05    2.4395675E-05    3.8895756E-05    2.9598614E-05    1.2232343E-09    1.0000031E-16    7.3493069E-06    8.2551136E-08    6.5267063E-09    1.1704885E-04    6.7070070E-04    3.2846265E-04    8.2805968E-05
    8.8500000E+00   -1.5993065E-04    6.5743545E-05    2.4579719E-05    3.8939475E-05    2.9780346E-05    1.1921435E-09    1.0000031E-16    7.4401729E-06    8.3210788E-08    6.5789309E-09    1.1820366E-04    6.7070070E-04    3.2846265E-04    8.2805968E-05
    8.9500000E+00   -1.6114245E-04    6.6136422E-05    2.4763980E-05    3.8983278E-05    2.9962490E-05    1.1620863E-09    1.0000031E-16    7.5312449E-06    8.3873987E-08    6.6314371E-09    1.1936041E-04    6.7070070E-04    3.2846265E-04    8.2805968E-05
    9.0500000E+00   -1.6235663E-04    6.6530049E-05    2.4948459E-05    3.9027164E-05    3.0145046E-05    1.1330211E-09    1.0000031E-16    7.6225230E-06    8.4540742E-08    6.6842258E-09    1.2051909E-04    6.7070070E-04    3.2846265E-04    8.2805968E-05
    9.1500000E+00   -1.6357319E-04    6.6924426E-05    2.5133153E-05    3.9071133E-05    3.0328015E-05    1.1049085E-09    1.0000031E-16    7.7140075E-06    8.5211064E-08    6.7372978E-09    1.2167971E-04    6.7070070E-04    3.2846265E-04    8.2805968E-05
    9.2500000E+00   -1.6479212E-04    6.7319554E-05    2.5318062E-05    3.9115187E-05    3.0511397E-05    1.0777108E-09    1.0000031E-16    7.8056987E-06    8.5884964E-08    6.7906541E-09    1.2284228E-04    6.7070070E-04    3.2846265E-04    8.2805968E-05
    9.3500000E+00   -1.6601344E-04    6.7715433E-05    2.5503186E-05    3.9159324E-05    3.0695193E-05    1.0513921E-09    1.0000031E-16    7.8975967E-06    8.6562453E-08    6.8442954E-09    1.2400678E-04    6.7070070E-04    3.2846265E-04    8.2805968E-05
    9.4500000E+00   -1.6723714E-04    6.8112064E-05    2.5688524E-05    3.9203545E-05    3.0879404E-05    1.0259182E-09    1.0000031E-16    7.9897018E-06    8.7243543E-08    6.8982226E-09    1.2517322E-04    6.7070070E-04    3.2846265E-04    8.2805968E-05
    9.5500000E+00   -1.6846323E-04    6.8509449E-05    2.5874075E-05    3.9247850E-05    3.1064029E-05    1.0012564E-09    1.0000031E-16    8.0820143E-06    8.7928244E-08    6.9524368E-09    1.2634159E-04    6.7070070E-04    3.2846265E-04    8.2805968E-05
    9.6500000E+00   -1.6969170E-04    6.8907586E-05    2.6059838E-05    3.9292239E-05    3.1249069E-05    9.7737548E-10    1.0000031E-16    8.1745343E-06    8.8616569E-08    7.0069387E-09    1.2751191E-04    6.7070070E-04    3.2846265E-04    8.2805968E-05
    9.7500000E+00   -1.7092255E-04    6.9306478E-05    2.6245813E-05    3.9336712E-05    3.1434524E-05    9.5424558E-10    1.0000031E-16    8.2672621E-06    8.9308529E-08    7.0617294E-09    1.2868416E-04    6.7070070E-04    3.2846265E-04    8.2805968E-05
    9.8500000E+00   -1.7215580E-04    6.9706126E-05    2.6431997E-05    3.9381269E-05    3.1620396E-05    9.3183827E-10    1.0000031E-16    8.3601980E-06    9.0004136E-08    7.1168097E-09    1.2985835E-04    6.7070070E-04    3.2846265E-04    8.2805968E-05
    9.9500000E+00   -1.7339143E-04    7.0106528E-05    2.6618392E-05    3.9425910E-05    3.1806684E-05    9.1012634E-10    1.0000031E-16    8.4533421E-06    9.0703403E-08    7.1721808E-09    1.3103448E-04    6.7070070E-04    3.2846265E-04    8.2805968E-05
    1.0050000E+01   -1.7462946E-04    7.0507688E-05    2.6804995E-05    3.9470636E-05    3.1993390E-05    8.8908377E-10    1.0000031E-16    8.5466948E-06    9.1406342E-08    7.2278435E-09    1.3221254E-04    6.7070070E-04    3.2846265E-04    8.2805968E-05
    1.0150000E+01   -1.7586987E-04    7.0909604E-05    2.6991805E-05    3.9515446E-05    3.2180512E-05    8.6868570E-10    1.0000031E-16    8.6402561E-06    9.2112965E-08    7.2837989E-09    1.3339254E-04    6.7070070E-04    3.2846265E-04    8.2805968E-05
    1.0250000E+01   -1.7711268E-04    7.1312279E-05    2.7178822E-05    3.9560341E-05    3.2368053E-05    8.4890835E-10    1.0000031E-16    8.7340264E-06    9.2823286E-08    7.3400480E-09    1.3457447E-04    6.7070070E-04    3.2846265E-04    8.2805968E-05
    1.0350000E+01   -1.7835789E-04    7.1715711E-05    2.7366045E-05    3.9605321E-05    3.2556012E-05    8.2972895E-10    1.0000031E-16    8.8280060E-06    9.3537318E-08    7.3965918E-09    1.3575834E-04    6.7070070E-04    3.2846265E-04    8.2805968E-05
    1.0450000E+01   -1.7960549E-04    7.2119904E-05    2.7553472E-05    3.9650385E-05    3.2744390E-05    8.1112572E-10    1.0000031E-16    8.9221949E-06    9.4255073E-08    7.4534314E-09    1.3694415E-04    6.7070070E-04    3.2846265E-04    8.2805968E-05
    1.0550000E+01   -1.8085548E-04    7.2524856E-05    2.7741102E-05    3.9695533E-05    3.2933187E-05    7.9307782E-10    1.0000031E-16    9.0165936E-06    9.4976565E-08    7.5105679E-09    1.3813188E-04    6.7070070E-04    3.2846265E-04    8.2805968E-05
    1.0650000E+01   -1.8210788E-04    7.2930569E-05    2.7928935E-05    3.9740767E-05    3.3122404E-05    7.7556529E-10    1.0000031E-16    9.1112021E-06    9.5701808E-08    7.5680024E-09    1.3932155E-04    6.7070070E-04    3.2846265E-04    8.2805968E-05
    1.0750000E+01   -1.8336267E-04    7.3337043E-05    2.8116969E-05    3.9786085E-05    3.3312041E-05    7.5856899E-10    1.0000031E-16    9.2060207E-06    9.6430817E-08    7.6257359E-09    1.4051315E-04    6.7070070E-04    3.2846265E-04    8.2805968E-05
    1.0850000E+01   -1.8461986E-04    7.3744280E-05    2.8305203E-05    3.9831489E-05    3.3502100E-05    7.4207062E-10    1.0000031E-16    9.3010498E-06    9.7163604E-08    7.6837697E-09    1.4170668E-04    6.7070070E-04    3.2846265E-04    8.2805968E-05
    1.0950000E+01   -1.8587946E-04    7.4152280E-05    2.8493635E-05    3.9876977E-05    3.3692579E-05    7.2605261E-10    1.0000031E-16    9.3962894E-06    9.7900185E-08    7.7421048E-09    1.4290214E-04    6.7070070E-04    3.2846265E-04    8.2805968E-05
    1.1050000E+01   -1.8714145E-04    7.4561043E-05    2.8682265E-05    3.9922551E-05    3.3883480E-05    7.1049812E-10    1.0000031E-16    9.4917399E-06    9.8640574E-08    7.8007424E-09    1.4409952E-04    6.7070070E-04    3.2846265E-04    8.2805968E-05
    1.1150000E+01   -1.8840585E-04    7.4970570E-05    2.8871090E-05    3.9968209E-05    3.4074803E-05    6.9539103E-10    1.0000031E-16    9.5874014E-06    9.9384786E-08    7.8596838E-09    1.4529884E-04    6.7070070E-04    3.2846265E-04    8.2805968E-05
    1.1250000E+01   -1.8967265E-04    7.5380863E-05    2.9060111E-05    4.0013953E-05    3.4266548E-05    6.8071585E-10    1.0000031E-16    9.6832742E-06    1.0013284E-07    7.9189302E-09    1.4650008E-04    6.7070070E-04    3.2846265E-04    8.2805968E-05
    1.1350000E+01   -1.9094186E-04    7.5791921E-05    2.9249325E-05    4.0059783E-05    3.4458717E-05    6.6645773E-10    1.0000031E-16    9.7793585E-06    1.0088474E-07    7.9784827E-09    1.4770324E-04    6.7070070E-04    3.2846265E-04    8.2805968E-05
    1.1450000E+01   -1.9221347E-04    7.6203745E-05    2.9438731E-05    4.0105698E-05    3.4651309E-05    6.5260243E-10    1.0000031E-16    9.8756547E-06    1.0164051E-07    8.0383427E-09    1.4890833E-04    6.7070070E-04    3.2846265E-04    8.2805968E-05
    1.1550000E+01   -1.9348749E-04    7.6616337E-05    2.9628327E-05    4.0151698E-05    3.4844326E-05    6.3913625E-10    1.0000031E-16    9.9721628E-06    1.0240017E-07    8.0985113E-09    1.5011534E-04    6.7070070E-04    3.2846265E-04    8.2805968E-05
    1.1650000E+01   -1.9476391E-04    7.7029697E-05    2.9818112E-05    4.0197784E-05    3.5037766E-05    6.2604608E-10    1.0000031E-16    1.0068883E-05    1.0316373E-07    8.1589900E-09    1.5132426E-04    6.7070070E-04    3.2846265E-04    8.2805968E-05
    1.1750000E+01   -1.9604274E-04    7.7443825E-05    3.0008085E-05    4.0243956E-05    3.5231632E-05    6.1331930E-10    1.0000031E-16    1.0165816E-05    1.0393121E-07    8.2197801E-09    1.5253511E-04    6.7070070E-04    3.2846265E-04    8.2805968E-05
    1.1850000E+01   -1.9732398E-04    7.7858723E-05    3.0198243E-05    4.0290214E-05    3.5425923E-05    6.0094380E-10    1.0000031E-16    1.0262961E-05    1.0470262E-07    8.2808827E-09    1.5374787E-04    6.7070070E-04    3.2846265E-04    8.2805968E-05
    1.1950000E+01   -1.9860763E-04    7.8274390E-05    3.0388586E-05    4.0336557E-05    3.5620640E-05    5.8890794E-10    1.0000031E-16    1.0360320E-05    1.0547799E-07    8.3422995E-09    1.5496255E-04    6.7070070E-04    3.2846265E-04    8.2805968E-05
    1.2050000E+01   -1.9989369E-04    7.8690829E-05    3.0579111E-05    4.0382986E-05    3.5815783E-05    5.7720054E-10    1.0000031E-16    1.0457892E-05    1.0625732E-07    8.4040317E-09    1.5617914E-04    6.7070070E-04    3.2846265E-04    8.2805968E-05
    1.2150000E+01   -2.0118215E-04    7.9108039E-05    3.0769817E-05    4.0429502E-05    3.6011353E-05    5.6581085E-10    1.0000031E-16    1.0555677E-05    1.0704064E-07    8.4660807E-09    1.5739764E-04    6.7070070E-04    3.2846265E-04    8.2805968E-05
    1.2250000E+01   -2.0247303E-04    7.9526021E-05    3.0960702E-05    4.0476103E-05    3.6207350E-05    5.5472854E-10    1.0000031E-16    1.0653675E-05    1.0782797E-07    8.5284480E-09    1.5861805E-04    6.7070070E-04    3.2846265E-04    8.2805968E-05
    1.2350000E+01   -2.0376632E-04    7.9944775E-05    3.1151764E-05    4.0522791E-05    3.6403775E-05    5.4394366E-10    1.0000031E-16    1.0751888E-05    1.0861932E-07    8.5911351E-09    1.5984036E-04    6.7070070E-04    3.2846265E-04    8.2805968E-05
    1.2450000E+01   -2.0506202E-04    8.0364304E-05    3.1343002E-05    4.0569564E-05    3.6600629E-05    5.3344666E-10    1.0000031E-16    1.0850314E-05    1.0941471E-07    8.6541435E-09    1.6106458E-04    6.7070070E-04    3.2846265E-04    8.2805968E-05
    1.2550000E+01   -2.0636013E-04    8.0784606E-05    3.1534413E-05    4.0616425E-05    3.6797911E-05    5.2322835E-10    1.0000031E-16    1.0948955E-05    1.1021416E-07    8.7174746E-09    1.6229070E-04    6.7070070E-04    3.2846265E-04    8.2805968E-05
    1.2650000E+01   -2.0766066E-04    8.1205684E-05    3.1725995E-05    4.0663371E-05    3.6995622E-05    5.1327987E-10    1.0000031E-16    1.1047811E-05    1.1101769E-07    8.7811300E-09    1.6351872E-04    6.7070070E-04    3.2846265E-04    8.2805968E-05
    1.2750000E+01   -2.0896359E-04    8.1627538E-05    3.1917747E-05    4.0710404E-05    3.7193762E-05    5.0359272E-10    1.0000031E-16    1.1146881E-05    1.1182532E-07    8.8451114E-09    1.6474864E-04    6.7070070E-04    3.2846265E-04    8.2805968E-05
    1.2850000E+01   -2.1026894E-04    8.2050168E-05    3.2109667E-05    4.0757524E-05    3.7392333E-05    4.9415868E-10    1.0000031E-16    1.1246166E-05    1.1263707E-07    8.9094202E-09    1.6598045E-04    6.7070070E-04    3.2846265E-04    8.2805968E-05
    1.2950000E+01   -2.1157670E-04    8.2473575E-05    3.2301751E-05    4.0804730E-05    3.7591334E-05    4.8496989E-10    1.0000031E-16    1.1345667E-05    1.1345296E-07    8.9740582E-09    1.6721415E-04    6.7070070E-04    3.2846265E-04    8.2805968E-05
    1.3050000E+01   -2.1288688E-04    8.2897760E-05    3.2493999E-05    4.0852023E-05    3.7790766E-05    4.7601872E-10    1.0000031E-16    1.1445383E-05    1.1427301E-07    9.0390269E-09    1.6844974E-04    6.7070070E-04    3.2846265E-04    8.2805968E-05
    1.3150000E+01   -2.1419946E-04    8.3322723E-05    3.2686408E-05    4.0899403E-05    3.7990630E-05    4.6729787E-10    1.0000031E-16    1.1545315E-05    1.1509725E-07    9.1043281E-09    1.6968722E-04    6.7070070E-04    3.2846265E-04    8.2805968E-05
    1.3250000E+01   -2.1551446E-04    8.3748466E-05    3.2878976E-05    4.0946869E-05    3.8190925E-05    4.5880027E-10    1.0000031E-16    1.1645463E-05    1.1592568E-07    9.1699635E-09    1.7092657E-04    6.7070070E-04    3.2846265E-04    8.2805968E-05
    1.3350000E+01   -2.1683187E-04    8.4174989E-05    3.3071699E-05    4.0994423E-05    3.8391653E-05    4.5051915E-10    1.0000031E-16    1.1745827E-05    1.1675835E-07    9.2359349E-09    1.7216781E-04    6.7070070E-04    3.2846265E-04    8.2805968E-05
    1.3450000E+01   -2.1815170E-04    8.4602293E-05    3.3264577E-05    4.1042064E-05    3.8592814E-05    4.4244795E-10    1.0000031E-16    1.1846407E-05    1.1759525E-07    9.3022440E-09    1.7341092E-04    6.7070070E-04    3.2846265E-04    8.2805968E-05
    1.3550000E+01   -2.1947393E-04    8.5030378E-05    3.3457606E-05    4.1089792E-05    3.8794409E-05    4.3458036E-10    1.0000031E-16    1.1947204E-05    1.1843643E-07    9.3688926E-09    1.7465590E-04    6.7070070E-04    3.2846265E-04    8.2805968E-05
    1.3650000E+01   -2.2079858E-04    8.5459245E-05    3.3650784E-05    4.1137607E-05    3.8996437E-05    4.2691029E-10    1.0000031E-16    1.2048218E-05    1.1928190E-07    9.4358827E-09    1.7590276E-04    6.7070070E-04    3.2846265E-04    8.2805968E-05
    1.3750000E+01   -2.2212564E-04    8.5888895E-05    3.3844108E-05    4.1185509E-05    3.9198899E-05    4.1943190E-10    1.0000031E-16    1.2149449E-05    1.2013169E-07    9.5032160E-09    1.7715147E-04    6.7070070E-04    3.2846265E-04    8.2805968E-05
    1.3850000E+01   -2.2345511E-04    8.6319329E-05    3.4037575E-05    4.1233499E-05    3.9401796E-05    4.1213951E-10    1.0000031E-16    1.2250898E-05    1.2098582E-07    9.5708945E-09    1.7840205E-04    6.7070070E-04    3.2846265E-04    8.2805968E-05
    1.3950000E+01   -2.2478700E-04    8.6750547E-05    3.4231184E-05    4.1281576E-05    3.9605128E-05    4.0502768E-10    1.0000031E-16    1.2352564E-05    1.2184431E-07    9.6389202E-09    1.7965448E-04    6.7070070E-04    3.2846265E-04    8.2805968E-05
    1.4050000E+01   -2.2612129E-04    8.7182550E-05    3.4424931E-05    4.1329740E-05    3.9808896E-05    3.9809115E-10    1.0000031E-16    1.2454448E-05    1.2270720E-07    9.7072951E-09    1.8090877E-04    6.7070070E-04    3.2846265E-04    8.2805968E-05
    1.4150000E+01   -2.2745799E-04    8.7615338E-05    3.4618813E-05    4.1377993E-05    4.0013100E-05    3.9132484E-10    1.0000031E-16    1.2556550E-05    1.2357449E-07    9.7760211E-09    1.8216490E-04    6.7070070E-04    3.2846265E-04    8.2805968E-05
    1.4250000E+01   -2.2879710E-04    8.8048914E-05    3.4812828E-05    4.1426332E-05    4.0217740E-05    3.8472387E-10    1.0000031E-16    1.2658870E-05    1.2444623E-07    9.8451003E-09    1.8342288E-04    6.7070070E-04    3.2846265E-04    8.2805968E-05
    1.4350000E+01   -2.3013863E-04    8.8483276E-05    3.5006972E-05    4.1474760E-05    4.0422818E-05    3.7828350E-10    1.0000031E-16    1.2761409E-05    1.2532244E-07    9.9145349E-09    1.8468270E-04    6.7070070E-04    3.2846265E-04    8.2805968E-05
    1.4450000E+01   -2.3148255E-04    8.8918426E-05    3.5201242E-05    4.1523276E-05    4.0628333E-05    3.7199919E-10    1.0000031E-16    1.2864167E-05    1.2620313E-07    9.9843270E-09    1.8594435E-04    6.7070070E-04    3.2846265E-04    8.2805968E-05
    1.4550000E+01   -2.3282889E-04    8.9354365E-05    3.5395635E-05    4.1571879E-05    4.0834286E-05    3.6586654E-10    1.0000031E-16    1.2967143E-05    1.2708835E-07    1.0054479E-08    1.8720783E-04    6.7070070E-04    3.2846265E-04    8.2805968E-05
    1.4650000E+01   -2.3417763E-04    8.9791093E-05    3.5590148E-05    4.1620570E-05    4.1040678E-05    3.5988131E-10    1.0000031E-16    1.3070339E-05    1.2797812E-07    1.0124992E-08    1.8847314E-04    6.7070070E-04    3.2846265E-04    8.2805968E-05
    1.4750000E+01   -2.3552878E-04    9.0228611E-05    3.5784778E-05    4.1669350E-05    4.1247508E-05    3.5403940E-10    1.0000031E-16    1.3173754E-05    1.2887246E-07    1.0195870E-08    1.8974026E-04    6.7070070E-04    3.2846265E-04    8.2805968E-05
    1.4850000E+01   -2.3688233E-04    9.0666920E-05    3.5979521E-05    4.1718218E-05    4.1454778E-05    3.4833686E-10    1.0000031E-16    1.3277389E-05    1.2977141E-07    1.0267115E-08    1.9100920E-04    6.7070070E-04    3.2846265E-04    8.2805968E-05
    1.4950000E+01   -2.3823828E-04    9.1106020E-05    3.6174374E-05    4.1767174E-05    4.1662488E-05    3.4276989E-10    1.0000031E-16    1.3381244E-05    1.3067500E-07    1.0338728E-08    1.9227995E-04    6.7070070E-04    3.2846265E-04    8.2805968E-05
    1.5050000E+01   -2.3959663E-04    9.1545912E-05    3.6369332E-05    4.1816218E-05    4.1870638E-05    3.3733481E-10    1.0000031E-16    1.3485319E-05    1.3158324E-07    1.0410712E-08    1.9355250E-04    6.7070070E-04    3.2846265E-04    8.2805968E-05
    1.5150000E+01   -2.4095739E-04    9.1986598E-05    3.6564394E-05    4.1865350E-05    4.2079229E-05    3.3202806E-10    1.0000031E-16    1.3589615E-05    1.3249619E-07    1.0483070E-08    1.9482685E-04    6.7070070E-04    3.2846265E-04    8.2805968E-05
    1.5250000E+01   -2.4232054E-04    9.2428077E-05    3.6759554E-05    4.1914572E-05    4.2288261E-05    3.2684623E-10    1.0000031E-16    1.3694131E-05    1.3341386E-07    1.0555805E-08    1.9610299E-04    6.7070070E-04    3.2846265E-04    8.2805968E-05
    1.5350000E+01   -2.4368609E-04    9.2870350E-05    3.6954809E-05    4.1963881E-05    4.2497735E-05    3.2178601E-10    1.0000031E-16    1.3798868E-05    1.3433629E-07    1.0628918E-08    1.9738091E-04    6.7070070E-04    3.2846265E-04    8.2805968E-05
    1.5450000E+01   -2.4505403E-04    9.3313418E-05    3.7150155E-05    4.2013280E-05    4.2707651E-05    3.1684423E-10    1.0000031E-16    1.3903826E-05    1.3526351E-07    1.0702413E-08    1.9866062E-04    6.7070070E-04    3.2846265E-04    8.2805968E-05
    1.5550000E+01   -2.4642437E-04    9.3757282E-05    3.7345588E-05    4.2062767E-05    4.2918010E-05    3.1201780E-10    1.0000031E-16    1.4009005E-05    1.3619555E-07    1.0776291E-08    1.9994209E-04    6.7070070E-04    3.2846265E-04    8.2805968E-05
    1.5650000E+01   -2.4779710E-04    9.4201942E-05    3.7541104E-05    4.2112342E-05    4.3128812E-05    3.0730378E-10    1.0000031E-16    1.4114406E-05    1.3713245E-07    1.0850556E-08    2.0122533E-04    6.7070070E-04    3.2846265E-04    8.2805968E-05
    1.5750000E+01   -2.4917222E-04    9.4647400E-05    3.7736699E-05    4.2162007E-05    4.3340057E-05    3.0269932E-10    1.0000031E-16    1.4220029E-05    1.3807425E-07    1.0925211E-08    2.0251033E-04    6.7070070E-04    3.2846265E-04    8.2805968E-05
    1.5850000E+01   -2.5054973E-04    9.5093655E-05    3.7932367E-05    4.2211761E-05    4.3551747E-05    2.9820166E-10    1.0000031E-16    1.4325873E-05    1.3902097E-07    1.1000258E-08    2.0379707E-04    6.7070070E-04    3.2846265E-04    8.2805968E-05
    1.5950000E+01   -2.5192963E-04    9.5540709E-05    3.8128106E-05    4.2261603E-05    4.3763881E-05    2.9380818E-10    1.0000031E-16    1.4431941E-05    1.3997265E-07    1.1075700E-08    2.0508557E-04    6.7070070E-04    3.2846265E-04    8.2805968E-05
    1.6050000E+01   -2.5331190E-04    9.5988562E-05    3.8323910E-05    4.2311535E-05    4.3976460E-05    2.8951633E-10    1.0000031E-16    1.4538230E-05    1.4092933E-07    1.1151541E-08    2.0637579E-04    6.7070070E-04    3.2846265E-04    8.2805968E-05
    1.6150000E+01   -2.5469656E-04    9.6437215E-05    3.8519774E-05    4.2361556E-05    4.4189485E-05    2.8532368E-10    1.0000031E-16    1.4644742E-05    1.4189105E-07    1.1227782E-08    2.0766775E-04    6.7070070E-04    3.2846265E-04    8.2805968E-05
    1.6250000E+01   -2.5608360E-04    9.6886669E-05    3.8715695E-05    4.2411666E-05    4.4402955E-05    2.8122790E-10    1.0000031E-16    1.4751478E-05    1.4285785E-07    1.1304428E-08    2.0896142E-04    6.7070070E-04    3.2846265E-04    8.2805968E-05
    1.6350000E+01   -2.5747301E-04    9.7336924E-05    3.8911666E-05    4.2461866E-05    4.4616872E-05    2.7722673E-10    1.0000031E-16    1.4858436E-05    1.4382976E-07    1.1381481E-08    2.1025681E-04    6.7070070E-04    3.2846265E-04    8.2805968E-05
    1.6450000E+01   -2.5886480E-04    9.7787982E-05    3.9107683E-05    4.2512155E-05    4.4831236E-05    2.7331804E-10    1.0000031E-16    1.4965618E-05    1.4480682E-07    1.1458945E-08    2.1155389E-04    6.7070070E-04    3.2846265E-04    8.2805968E-05
    1.6550000E+01   -2.6025896E-04    9.8239842E-05    3.9303740E-05    4.2562534E-05    4.5046047E-05    2.6949979E-10    1.0000031E-16    1.5073023E-05    1.4578908E-07    1.1536823E-08    2.1285267E-04    6.7070070E-04    3.2846265E-04    8.2805968E-05
    1.6650000E+01   -2.6165548E-04    9.8692506E-05    3.9499833E-05    4.2613002E-05    4.5261306E-05    2.6577004E-10    1.0000031E-16    1.5180653E-05    1.4677658E-07    1.1615118E-08    2.1415314E-04    6.7070070E-04    3.2846265E-04    8.2805968E-05
    1.6750000E+01   -2.6305437E-04    9.9145974E-05    3.9695955E-05    4.2663560E-05    4.5477013E-05    2.6212693E-10    1.0000031E-16    1.5288506E-05    1.4776935E-07    1.1693833E-08    2.1545528E-04    6.7070070E-04    3.2846265E-04    8.2805968E-05
    1.6850000E+01   -2.6445562E-04    9.9600248E-05    3.9892101E-05    4.2714207E-05    4.5693168E-05    2.5856874E-10    1.0000031E-16    1.5396584E-05    1.4876745E-07    1.1772973E-08    2.1675908E-04    6.7070070E-04    3.2846265E-04    8.2805968E-05
    1.6950000E+01   -2.6585922E-04    1.0005533E-04    4.0088266E-05    4.2764944E-05    4.5909774E-05    2.5509382E-10    1.0000031E-16    1.5504887E-05    1.4977092E-07    1.1852541E-08    2.1806454E-04    6.7070070E-04    3.2846265E-04    8.2805968E-05
    1.7050000E+01   -2.6726518E-04    1.0051121E-04    4.0284443E-05    4.2815772E-05    4.6126828E-05    2.5170064E-10    1.0000031E-16    1.5613414E-05    1.5077980E-07    1.1932540E-08    2.1937164E-04    6.7070070E-04    3.2846265E-04    8.2805968E-05
    1.7150000E+01   -2.6867349E-04    1.0096790E-04    4.0480625E-05    4.2866689E-05    4.6344333E-05    2.4838781E-10    1.0000031E-16    1.5722166E-05    1.5179415E-07    1.2012975E-08    2.2068037E-04    6.7070070E-04    3.2846265E-04    8.2805968E-05
    1.7250000E+01   -2.7008415E-04    1.0142540E-04    4.0676808E-05    4.2917696E-05    4.6562288E-05    2.4515403E-10    1.0000031E-16    1.5831144E-05    1.5281400E-07    1.2093848E-08    2.2199073E-04    6.7070070E-04    3.2846265E-04    8.2805968E-05
    1.7350000E+01   -2.7149714E-04    1.0188371E-04    4.0872984E-05    4.2968794E-05    4.6780695E-05    2.4199815E-10    1.0000031E-16    1.5940347E-05    1.5383942E-07    1.2175165E-08    2.2330270E-04    6.7070070E-04    3.2846265E-04    8.2805968E-05
    1.7450000E+01   -2.7291248E-04    1.0234283E-04    4.1069145E-05    4.3019982E-05    4.6999553E-05    2.3891916E-10    1.0000031E-16    1.6049776E-05    1.5487045E-07    1.2256930E-08    2.2461626E-04    6.7070070E-04    3.2846265E-04    8.2805968E-05
    1.7550000E+01   -2.7433014E-04    1.0280276E-04    4.1265287E-05    4.3071260E-05    4.7218863E-05    2.3591621E-10    1.0000031E-16    1.6159431E-05    1.5590715E-07    1.2339146E-08    2.2593141E-04    6.7070070E-04    3.2846265E-04    8.2805968E-05
    1.7650000E+01   -2.7575013E-04    1.0326350E-04    4.1461399E-05    4.3122628E-05    4.7438625E-05    2.3298861E-10    1.0000031E-16    1.6269313E-05    1.5694956E-07    1.2421819E-08    2.2724813E-04    6.7070070E-04    3.2846265E-04    8.2805968E-05
    1.7750000E+01   -2.7717245E-04    1.0372505E-04    4.1657477E-05    4.3174087E-05    4.7658841E-05    2.3013589E-10    1.0000031E-16    1.6379420E-05    1.5799776E-07    1.2504952E-08    2.2856641E-04    6.7070070E-04    3.2846265E-04    8.2805968E-05
    1.7850000E+01   -2.7859708E-04    1.0418741E-04    4.1853510E-05    4.3225636E-05    4.7879509E-05    2.2735781E-10    1.0000031E-16    1.6489755E-05    1.5905179E-07    1.2588551E-08    2.2988623E-04    6.7070070E-04    3.2846265E-04    8.2805968E-05
    1.7950000E+01   -2.8002402E-04    1.0465059E-04    4.2049492E-05    4.3277277E-05    4.8100632E-05    2.2465438E-10    1.0000031E-16    1.6600316E-05    1.6011171E-07    1.2672620E-08    2.3120759E-04    6.7070070E-04    3.2846265E-04    8.2805968E-05
    1.8050000E+01   -2.8145326E-04    1.0511458E-04    4.2245413E-05    4.3329007E-05    4.8322209E-05    2.2202595E-10    1.0000031E-16    1.6711104E-05    1.6117760E-07    1.2757164E-08    2.3253045E-04    6.7070070E-04    3.2846265E-04    8.2805968E-05
    1.8150000E+01   -2.8288480E-04    1.0557938E-04    4.2441265E-05    4.3380829E-05    4.8544241E-05    2.1947323E-10    1.0000031E-16    1.6822120E-05    1.6224952E-07    1.2842190E-08    2.3385481E-04    6.7070070E-04    3.2846265E-04    8.2805968E-05
    1.8250000E+01   -2.8431864E-04    1.0604500E-04    4.2637037E-05    4.3432741E-05    4.8766728E-05    2.1699742E-10    1.0000031E-16    1.6933364E-05    1.6332754E-07    1.2927702E-08    2.3518065E-04    6.7070070E-04    3.2846265E-04    8.2805968E-05
    1.8350000E+01   -2.8575475E-04    1.0651143E-04    4.2832719E-05    4.3484745E-05    4.8989670E-05    2.1460027E-10    1.0000031E-16    1.7044835E-05    1.6441173E-07    1.3013707E-08    2.3650795E-04    6.7070070E-04    3.2846265E-04    8.2805968E-05
    1.8450000E+01   -2.8719314E-04    1.0697868E-04    4.3028302E-05    4.3536839E-05    4.9213069E-05    2.1228427E-10    1.0000031E-16    1.7156535E-05    1.6550217E-07    1.3100210E-08    2.3783668E-04    6.7070070E-04    3.2846265E-04    8.2805968E-05
    1.8550000E+01   -2.8863379E-04    1.0744675E-04    4.3223772E-05    4.3589025E-05    4.9436925E-05    2.1005286E-10    1.0000031E-16    1.7268462E-05    1.6659894E-07    1.3187220E-08    2.3916684E-04    6.7070070E-04    3.2846265E-04    8.2805968E-05
    1.8650000E+01   -2.9007670E-04    1.0791563E-04    4.3419117E-05    4.3641301E-05    4.9661238E-05    2.0791069E-10    1.0000031E-16    1.7380619E-05    1.6770215E-07    1.3274742E-08    2.4049838E-04    6.7070070E-04    3.2846265E-04    8.2805968E-05
    1.8750000E+01   -2.9152185E-04    1.0838534E-04    4.3614323E-05    4.3693669E-05    4.9886008E-05    2.0586402E-10    1.0000031E-16    1.7493004E-05    1.6881188E-07    1.3362785E-08    2.4183130E-04    6.7070070E-04    3.2846265E-04    8.2805968E-05
    1.8850000E+01   -2.9296922E-04    1.0885586E-04    4.3809375E-05    4.3746128E-05    5.0111236E-05    2.0392138E-10    1.0000031E-16    1.7605618E-05    1.6992824E-07    1.3451359E-08    2.4316555E-04    6.7070070E-04    3.2846265E-04    8.2805968E-05
    1.8950000E+01   -2.9441881E-04    1.0932720E-04    4.4004255E-05    4.3798679E-05    5.0336923E-05    2.0209437E-10    1.0000031E-16    1.7718462E-05    1.7105136E-07    1.3540472E-08    2.4450110E-04    6.7070070E-04    3.2846265E-04    8.2805968E-05
    1.9050000E+01   -2.9587060E-04    1.0979937E-04    4.4198943E-05    4.3851321E-05    5.0563069E-05    2.0039912E-10    1.0000031E-16    1.7831534E-05    1.7218138E-07    1.3630136E-08    2.4583792E-04    6.7070070E-04    3.2846265E-04    8.2805968E-05
    1.9150000E+01   -2.9732457E-04    1.1027235E-04    4.4393416E-05    4.3904055E-05    5.0789674E-05    1.9885839E-10    1.0000031E-16    1.7944837E-05    1.7331846E-07    1.3720365E-08    2.4717596E-04    6.7070070E-04    3.2846265E-04    8.2805968E-05
    1.9250000E+01   -2.9878068E-04    1.1074616E-04    4.4587643E-05    4.3956880E-05    5.1016739E-05    1.9750529E-10    1.0000031E-16    1.8058370E-05    1.7446280E-07    1.3811174E-08    2.4851515E-04    6.7070070E-04    3.2846265E-04    8.2805968E-05
    1.9350000E+01   -3.0023891E-04    1.1122079E-04    4.4781590E-05    4.4009798E-05    5.1244265E-05    1.9638965E-10    1.0000031E-16    1.8172133E-05    1.7561465E-07    1.3902584E-08    2.4985544E-04    6.7070070E-04    3.2846265E-04    8.2805968E-05
    1.9450000E+01   -3.0169920E-04    1.1169624E-04    4.4975207E-05    4.4062807E-05    5.1472252E-05    1.9559008E-10    1.0000031E-16    1.8286126E-05    1.7677434E-07    1.3994621E-08    2.5119673E-04    6.7070070E-04    3.2846265E-04    8.2805968E-05
    1.9550000E+01   -3.0316148E-04    1.1217251E-04    4.5168425E-05    4.4115903E-05    5.1700694E-05    1.9523853E-10    1.0000030E-16    1.8400348E-05    1.7794229E-07    1.4087320E-08    2.5253886E-04    6.7070064E-04    3.2846262E-04    8.2805960E-05
    1.9650000E+01   -3.0462404E-04    1.1264900E-04    4.5360904E-05    4.4168858E-05    5.1929322E-05    1.9557702E-10    9.9999767E-17    1.8514702E-05    1.7911824E-07    1.4180662E-08    2.5388029E-04    6.7069703E-04    3.2846085E-04    8.2805515E-05
    1.9750000E+01   -3.0601882E-04    1.1310062E-04    4.5542409E-05    4.4211900E-05    5.2146564E-05    1.9714704E-10    9.9976641E-17    1.8625046E-05    1.8026296E-07    1.4271542E-08    2.5516409E-04    6.7054193E-04    3.2838489E-04    8.2786366E-05
    1.9850000E+01   -3.0598292E-04    1.1302378E-04    4.5510730E-05    4.4048818E-05    5.2120178E-05    2.0208809E-10    9.9487818E-17    1.8648270E-05    1.8056786E-07    1.4295933E-08    2.5525394E-04    6.6726340E-04    3.2677930E-04    8.2381592E-05
    1.9950000E+01   -4.5160965E-04    1.6670000E-04    6.7126873E-05    6.4729454E-05    7.6888893E-05    1.4428613E-10    1.4598074E-16    2.7568915E-05    2.6706202E-07    2.1144242E-08    3.7695663E-04    9.7909079E-04    4.7949071E-04    1.2088039E-04
