# Time          2.5000E+00
# Units: Mol/kgw
    Distance           H+               Na+              K+               Ca++             Mg++             Al+++            Fe+++            Fe++             Li7+             Li6+             SiO2(aq)         CO2(aq)          O2(aq)           Cl-          
    5.0000000E-02   -1.0753502E-04    5.9325675E-05    1.5891141E-05    6.2709906E-05    2.6703882E-05    3.6015505E-08    1.7746418E-16    1.3090098E-07    6.5961191E-08    5.2929674E-09    3.9294066E-05    1.1902498E-03    5.8290172E-04    1.4695047E-04
    1.5000000E-01   -1.1953362E-04    6.5538121E-05    1.7696010E-05    6.8700598E-05    2.9498683E-05    3.0837868E-08    1.9422513E-16    2.7961474E-07    7.2838445E-08    5.8363869E-09    4.4827143E-05    1.3026652E-03    6.3795500E-04    1.6082949E-04
    2.5000000E-01   -9.3036346E-05    5.0440997E-05    1.3804738E-05    5.2116542E-05    2.2701528E-05    3.4133610E-08    1.4708474E-16    3.9298512E-07    5.6172699E-08    4.4910574E-09    3.6389787E-05    9.8649531E-04    4.8311693E-04    1.2179456E-04
    3.5000000E-01   -7.5327040E-05    4.0314226E-05    1.1206291E-05    4.0943133E-05    1.8142200E-05    3.5961591E-08    1.1530838E-16    4.8065275E-07    4.4998604E-08    3.5891530E-09    3.0851192E-05    7.7337169E-04    3.7874377E-04    9.5481922E-05
    4.5000000E-01   -6.9498958E-05    3.6829938E-05    1.0361440E-05    3.6895479E-05    1.6573191E-05    3.4938543E-08    1.0373217E-16    5.5857284E-07    4.1161069E-08    3.2776565E-09    2.9446441E-05    6.9573021E-04    3.4072037E-04    8.5896159E-05
    5.5000000E-01   -6.8738380E-05    3.6173238E-05    1.0264701E-05    3.5874172E-05    1.6277121E-05    3.2901866E-08    1.0073279E-16    6.3399120E-07    4.0449338E-08    3.2177045E-09    2.9818707E-05    6.7561340E-04    3.3086855E-04    8.3412499E-05
    6.5000000E-01   -6.9393241E-05    3.6305030E-05    1.0376798E-05    3.5695538E-05    1.6336062E-05    3.0790538E-08    1.0012118E-16    7.0902647E-07    4.0612142E-08    3.2282606E-09    3.0689624E-05    6.7151134E-04    3.2885964E-04    8.2906051E-05
    7.5000000E-01   -7.0351719E-05    3.6605214E-05    1.0533550E-05    3.5696258E-05    1.6470869E-05    2.8816006E-08    1.0001758E-16    7.8414856E-07    4.0964346E-08    3.2542305E-09    3.1668512E-05    6.7081649E-04    3.2851935E-04    8.2820263E-05
    8.5000000E-01   -7.1365350E-05    3.6935321E-05    1.0698275E-05    3.5728294E-05    1.6619210E-05    2.6999072E-08    1.0000249E-16    8.5944259E-07    4.1352791E-08    3.2832852E-09    3.2667894E-05    6.7071532E-04    3.2846981E-04    8.2807773E-05
    9.5000000E-01   -7.2389418E-05    3.7270463E-05    1.0864376E-05    3.5765049E-05    1.6769881E-05    2.5328498E-08    1.0000056E-16    9.3492187E-07    4.1749867E-08    3.3131879E-09    3.3672011E-05    6.7070236E-04    3.2846346E-04    8.2806173E-05
    1.0500000E+00   -7.3417100E-05    3.7606862E-05    1.1030854E-05    3.5802485E-05    1.6921181E-05    2.3790294E-08    1.0000034E-16    1.0105884E-06    4.2151315E-08    3.3435803E-09    3.4678456E-05    6.7070087E-04    3.2846273E-04    8.2805989E-05
    1.1500000E+00   -7.4447463E-05    3.7944020E-05    1.1197575E-05    3.5840067E-05    1.7072886E-05    2.2371658E-08    1.0000032E-16    1.0864427E-06    4.2556513E-08    3.3743982E-09    3.5686902E-05    6.7070072E-04    3.2846266E-04    8.2805970E-05
    1.2500000E+00   -7.5480369E-05    3.8281879E-05    1.1364524E-05    3.5877735E-05    1.7224970E-05    2.1061220E-08    1.0000031E-16    1.1624850E-06    4.2965338E-08    3.4056189E-09    3.6697303E-05    6.7070070E-04    3.2846265E-04    8.2805968E-05
    1.3500000E+00   -7.6515781E-05    3.8620432E-05    1.1531700E-05    3.5915481E-05    1.7377431E-05    1.9848893E-08    1.0000031E-16    1.2387155E-06    4.3377731E-08    3.4372261E-09    3.7709647E-05    6.7070070E-04    3.2846265E-04    8.2805968E-05
    1.4500000E+00   -7.7553672E-05    3.8959681E-05    1.1699103E-05    3.5953304E-05    1.7530269E-05    1.8725703E-08    1.0000031E-16    1.3151346E-06    4.3793645E-08    3.4692060E-09    3.8723929E-05    6.7070070E-04    3.2846265E-04    8.2805968E-05
    1.5500000E+00   -7.8594021E-05    3.9299626E-05    1.1866732E-05    3.5991205E-05    1.7683485E-05    1.7683652E-08    1.0000031E-16    1.3917425E-06    4.4213040E-08    3.5015460E-09    3.9740142E-05    6.7070070E-04    3.2846265E-04    8.2805968E-05
    1.6500000E+00   -7.9636809E-05    3.9640268E-05    1.2034589E-05    3.6029184E-05    1.7837079E-05    1.6715591E-08    1.0000031E-16    1.4685394E-06    4.4635881E-08    3.5342352E-09    4.0758283E-05    6.7070070E-04    3.2846265E-04    8.2805968E-05
    1.7500000E+00   -8.0682020E-05    3.9981607E-05    1.2202673E-05    3.6067240E-05    1.7991051E-05    1.5815116E-08    1.0000031E-16    1.5455255E-06    4.5062137E-08    3.5672637E-09    4.1778347E-05    6.7070070E-04    3.2846265E-04    8.2805968E-05
    1.8500000E+00   -8.1729639E-05    4.0323645E-05    1.2370984E-05    3.6105374E-05    1.8145402E-05    1.4976482E-08    1.0000031E-16    1.6227012E-06    4.5491780E-08    3.6006227E-09    4.2800330E-05    6.7070070E-04    3.2846265E-04    8.2805968E-05
    1.9500000E+00   -8.2779652E-05    4.0666381E-05    1.2539524E-05    3.6143587E-05    1.8300133E-05    1.4194518E-08    1.0000031E-16    1.7000666E-06    4.5924787E-08    3.6343044E-09    4.3824228E-05    6.7070070E-04    3.2846265E-04    8.2805968E-05
    2.0500000E+00   -8.3832049E-05    4.1009817E-05    1.2708291E-05    3.6181877E-05    1.8455244E-05    1.3464567E-08    1.0000031E-16    1.7776221E-06    4.6361135E-08    3.6683017E-09    4.4850038E-05    6.7070070E-04    3.2846265E-04    8.2805968E-05
    2.1500000E+00   -8.4886819E-05    4.1353954E-05    1.2877286E-05    3.6220245E-05    1.8610735E-05    1.2782421E-08    1.0000031E-16    1.8553677E-06    4.6800808E-08    3.7026084E-09    4.5877759E-05    6.7070070E-04    3.2846265E-04    8.2805968E-05
    2.2500000E+00   -8.5943952E-05    4.1698792E-05    1.3046509E-05    3.6258692E-05    1.8766608E-05    1.2144277E-08    1.0000031E-16    1.9333038E-06    4.7243788E-08    3.7372188E-09    4.6907387E-05    6.7070070E-04    3.2846265E-04    8.2805968E-05
    2.3500000E+00   -8.7003443E-05    4.2044332E-05    1.3215960E-05    3.6297216E-05    1.8922861E-05    1.1546686E-08    1.0000031E-16    2.0114306E-06    4.7690061E-08    3.7721280E-09    4.7938922E-05    6.7070070E-04    3.2846265E-04    8.2805968E-05
    2.4500000E+00   -8.8065282E-05    4.2390575E-05    1.3385640E-05    3.6335819E-05    1.9079497E-05    1.0986521E-08    1.0000031E-16    2.0897484E-06    4.8139615E-08    3.8073313E-09    4.8972362E-05    6.7070070E-04    3.2846265E-04    8.2805968E-05
    2.5500000E+00   -8.9129464E-05    4.2737521E-05    1.3555548E-05    3.6374501E-05    1.9236515E-05    1.0460936E-08    1.0000031E-16    2.1682573E-06    4.8592439E-08    3.8428249E-09    5.0007705E-05    6.7070070E-04    3.2846265E-04    8.2805968E-05
    2.6500000E+00   -9.0195985E-05    4.3085171E-05    1.3725685E-05    3.6413261E-05    1.9393915E-05    9.9673420E-09    1.0000031E-16    2.2469577E-06    4.9048524E-08    3.8786052E-09    5.1044951E-05    6.7070070E-04    3.2846265E-04    8.2805968E-05
    2.7500000E+00   -9.1264838E-05    4.3433526E-05    1.3896051E-05    3.6452099E-05    1.9551699E-05    9.5033779E-09    1.0000031E-16    2.3258496E-06    4.9507861E-08    3.9146688E-09    5.2084099E-05    6.7070070E-04    3.2846265E-04    8.2805968E-05
    2.8500000E+00   -9.2336021E-05    4.3782587E-05    1.4066645E-05    3.6491017E-05    1.9709867E-05    9.0668876E-09    1.0000031E-16    2.4049335E-06    4.9970444E-08    3.9510130E-09    5.3125149E-05    6.7070070E-04    3.2846265E-04    8.2805968E-05
    2.9500000E+00   -9.3409528E-05    4.4132353E-05    1.4237469E-05    3.6530013E-05    1.9868419E-05    8.6558996E-09    1.0000031E-16    2.4842095E-06    5.0436267E-08    3.9876353E-09    5.4168100E-05    6.7070070E-04    3.2846265E-04    8.2805968E-05
    3.0500000E+00   -9.4485359E-05    4.4482827E-05    1.4408522E-05    3.6569088E-05    2.0027356E-05    8.2686091E-09    1.0000031E-16    2.5636778E-06    5.0905325E-08    4.0245332E-09    5.5212952E-05    6.7070070E-04    3.2846265E-04    8.2805968E-05
    3.1500000E+00   -9.5563509E-05    4.4834009E-05    1.4579804E-05    3.6608241E-05    2.0186677E-05    7.9033612E-09    1.0000031E-16    2.6433387E-06    5.1377614E-08    4.0617049E-09    5.6259705E-05    6.7070070E-04    3.2846265E-04    8.2805968E-05
    3.2500000E+00   -9.6643977E-05    4.5185899E-05    1.4751315E-05    3.6647474E-05    2.0346385E-05    7.5586371E-09    1.0000031E-16    2.7231924E-06    5.1853132E-08    4.0991485E-09    5.7308360E-05    6.7070070E-04    3.2846265E-04    8.2805968E-05
    3.3500000E+00   -9.7726761E-05    4.5538498E-05    1.4923056E-05    3.6686786E-05    2.0506478E-05    7.2330409E-09    1.0000031E-16    2.8032392E-06    5.2331875E-08    4.1368624E-09    5.8358916E-05    6.7070070E-04    3.2846265E-04    8.2805968E-05
    3.4500000E+00   -9.8811859E-05    4.5891807E-05    1.5095026E-05    3.6726177E-05    2.0666959E-05    6.9252881E-09    1.0000031E-16    2.8834793E-06    5.2813843E-08    4.1748453E-09    5.9411373E-05    6.7070070E-04    3.2846265E-04    8.2805968E-05
    3.5500000E+00   -9.9899270E-05    4.6245826E-05    1.5267226E-05    3.6765647E-05    2.0827826E-05    6.6341959E-09    1.0000031E-16    2.9639128E-06    5.3299033E-08    4.2130958E-09    6.0465733E-05    6.7070070E-04    3.2846265E-04    8.2805968E-05
    3.6500000E+00   -1.0098899E-04    4.6600557E-05    1.5439656E-05    3.6805196E-05    2.0989080E-05    6.3586732E-09    1.0000031E-16    3.0445401E-06    5.3787446E-08    4.2516129E-09    6.1521996E-05    6.7070070E-04    3.2846265E-04    8.2805968E-05
    3.7500000E+00   -1.0208103E-04    4.6956000E-05    1.5612315E-05    3.6844825E-05    2.1150723E-05    6.0977130E-09    1.0000031E-16    3.1253614E-06    5.4279082E-08    4.2903957E-09    6.2580161E-05    6.7070070E-04    3.2846265E-04    8.2805968E-05
    3.8500000E+00   -1.0317537E-04    4.7312156E-05    1.5785203E-05    3.6884533E-05    2.1312754E-05    5.8503846E-09    1.0000031E-16    3.2063769E-06    5.4773941E-08    4.3294432E-09    6.3640231E-05    6.7070070E-04    3.2846265E-04    8.2805968E-05
    3.9500000E+00   -1.0427203E-04    4.7669025E-05    1.5958322E-05    3.6924321E-05    2.1475174E-05    5.6158273E-09    1.0000031E-16    3.2875869E-06    5.5272024E-08    4.3687549E-09    6.4702204E-05    6.7070070E-04    3.2846265E-04    8.2805968E-05
    4.0500000E+00   -1.0537100E-04    4.8026608E-05    1.6131670E-05    3.6964189E-05    2.1637983E-05    5.3932439E-09    1.0000031E-16    3.3689915E-06    5.5773333E-08    4.4083301E-09    6.5766083E-05    6.7070070E-04    3.2846265E-04    8.2805968E-05
    4.1500000E+00   -1.0647228E-04    4.8384906E-05    1.6305249E-05    3.7004136E-05    2.1801182E-05    5.1818958E-09    1.0000031E-16    3.4505911E-06    5.6277868E-08    4.4481683E-09    6.6831868E-05    6.7070070E-04    3.2846265E-04    8.2805968E-05
    4.2500000E+00   -1.0757587E-04    4.8743919E-05    1.6479057E-05    3.7044163E-05    2.1964772E-05    4.9810976E-09    1.0000031E-16    3.5323858E-06    5.6785633E-08    4.4882691E-09    6.7899559E-05    6.7070070E-04    3.2846265E-04    8.2805968E-05
    4.3500000E+00   -1.0868177E-04    4.9103649E-05    1.6653094E-05    3.7084270E-05    2.2128752E-05    4.7902132E-09    1.0000031E-16    3.6143759E-06    5.7296630E-08    4.5286321E-09    6.8969158E-05    6.7070070E-04    3.2846265E-04    8.2805968E-05
    4.4500000E+00   -1.0978998E-04    4.9464096E-05    1.6827362E-05    3.7124456E-05    2.2293123E-05    4.6086513E-09    1.0000031E-16    3.6965616E-06    5.7810861E-08    4.5692571E-09    7.0040665E-05    6.7070070E-04    3.2846265E-04    8.2805968E-05
    4.5500000E+00   -1.1090050E-04    4.9825261E-05    1.7001860E-05    3.7164723E-05    2.2457886E-05    4.4358619E-09    1.0000031E-16    3.7789431E-06    5.8328330E-08    4.6101438E-09    7.1114081E-05    6.7070070E-04    3.2846265E-04    8.2805968E-05
    4.6500000E+00   -1.1201334E-04    5.0187144E-05    1.7176587E-05    3.7205070E-05    2.2623041E-05    4.2713331E-09    1.0000031E-16    3.8615207E-06    5.8849040E-08    4.6512922E-09    7.2189408E-05    6.7070070E-04    3.2846265E-04    8.2805968E-05
    4.7500000E+00   -1.1312849E-04    5.0549746E-05    1.7351545E-05    3.7245497E-05    2.2788589E-05    4.1145880E-09    1.0000031E-16    3.9442947E-06    5.9372995E-08    4.6927021E-09    7.3266645E-05    6.7070070E-04    3.2846265E-04    8.2805968E-05
    4.8500000E+00   -1.1424596E-04    5.0913068E-05    1.7526732E-05    3.7286004E-05    2.2954530E-05    3.9651820E-09    1.0000031E-16    4.0272652E-06    5.9900198E-08    4.7343735E-09    7.4345794E-05    6.7070070E-04    3.2846265E-04    8.2805968E-05
    4.9500000E+00   -1.1536574E-04    5.1277110E-05    1.7702148E-05    3.7326592E-05    2.3120865E-05    3.8227001E-09    1.0000031E-16    4.1104324E-06    6.0430654E-08    4.7763064E-09    7.5426856E-05    6.7070070E-04    3.2846265E-04    8.2805968E-05
    5.0500000E+00   -1.1648784E-04    5.1641874E-05    1.7877795E-05    3.7367260E-05    2.3287593E-05    3.6867549E-09    1.0000031E-16    4.1937967E-06    6.0964366E-08    4.8185009E-09    7.6509832E-05    6.7070070E-04    3.2846265E-04    8.2805968E-05
    5.1500000E+00   -1.1761226E-04    5.2007360E-05    1.8053671E-05    3.7408008E-05    2.3454717E-05    3.5569845E-09    1.0000031E-16    4.2773583E-06    6.1501340E-08    4.8609571E-09    7.7594723E-05    6.7070070E-04    3.2846265E-04    8.2805968E-05
    5.2500000E+00   -1.1873900E-04    5.2373569E-05    1.8229777E-05    3.7448838E-05    2.3622235E-05    3.4330502E-09    1.0000031E-16    4.3611173E-06    6.2041580E-08    4.9036752E-09    7.8681529E-05    6.7070070E-04    3.2846265E-04    8.2805968E-05
    5.3500000E+00   -1.1986806E-04    5.2740501E-05    1.8406112E-05    3.7489747E-05    2.3790148E-05    3.3146352E-09    1.0000031E-16    4.4450740E-06    6.2585092E-08    4.9466552E-09    7.9770252E-05    6.7070070E-04    3.2846265E-04    8.2805968E-05
    5.4500000E+00   -1.2099944E-04    5.3108157E-05    1.8582676E-05    3.7530738E-05    2.3958457E-05    3.2014429E-09    1.0000031E-16    4.5292287E-06    6.3131879E-08    4.9898975E-09    8.0860892E-05    6.7070070E-04    3.2846265E-04    8.2805968E-05
    5.5500000E+00   -1.2213314E-04    5.3476538E-05    1.8759470E-05    3.7571809E-05    2.4127163E-05    3.0931952E-09    1.0000031E-16    4.6135815E-06    6.3681948E-08    5.0334022E-09    8.1953451E-05    6.7070070E-04    3.2846265E-04    8.2805968E-05
    5.6500000E+00   -1.2326917E-04    5.3845645E-05    1.8936493E-05    3.7612961E-05    2.4296266E-05    2.9896315E-09    1.0000031E-16    4.6981328E-06    6.4235304E-08    5.0771697E-09    8.3047930E-05    6.7070070E-04    3.2846265E-04    8.2805968E-05
    5.7500000E+00   -1.2440752E-04    5.4215477E-05    1.9113745E-05    3.7654195E-05    2.4465765E-05    2.8905071E-09    1.0000031E-16    4.7828827E-06    6.4791953E-08    5.1212002E-09    8.4144328E-05    6.7070070E-04    3.2846265E-04    8.2805968E-05
    5.8500000E+00   -1.2554821E-04    5.4586037E-05    1.9291225E-05    3.7695509E-05    2.4635663E-05    2.7955925E-09    1.0000031E-16    4.8678315E-06    6.5351901E-08    5.1654941E-09    8.5242648E-05    6.7070070E-04    3.2846265E-04    8.2805968E-05
    5.9500000E+00   -1.2669122E-04    5.4957325E-05    1.9468935E-05    3.7736904E-05    2.4805959E-05    2.7046718E-09    1.0000031E-16    4.9529794E-06    6.5915153E-08    5.2100517E-09    8.6342891E-05    6.7070070E-04    3.2846265E-04    8.2805968E-05
    6.0500000E+00   -1.2783656E-04    5.5329341E-05    1.9646873E-05    3.7778381E-05    2.4976653E-05    2.6175424E-09    1.0000031E-16    5.0383267E-06    6.6481716E-08    5.2548733E-09    8.7445056E-05    6.7070070E-04    3.2846265E-04    8.2805968E-05
    6.1500000E+00   -1.2898423E-04    5.5702086E-05    1.9825039E-05    3.7819939E-05    2.5147747E-05    2.5340133E-09    1.0000031E-16    5.1238735E-06    6.7051596E-08    5.2999594E-09    8.8549146E-05    6.7070070E-04    3.2846265E-04    8.2805968E-05
    6.2500000E+00   -1.3013424E-04    5.6075561E-05    2.0003434E-05    3.7861578E-05    2.5319240E-05    2.4539051E-09    1.0000031E-16    5.2096202E-06    6.7624799E-08    5.3453105E-09    8.9655160E-05    6.7070070E-04    3.2846265E-04    8.2805968E-05
    6.3500000E+00   -1.3128658E-04    5.6449767E-05    2.0182057E-05    3.7903299E-05    2.5491134E-05    2.3770489E-09    1.0000031E-16    5.2955669E-06    6.8201333E-08    5.3909269E-09    9.0763100E-05    6.7070070E-04    3.2846265E-04    8.2805968E-05
    6.4500000E+00   -1.3244126E-04    5.6824704E-05    2.0360907E-05    3.7945101E-05    2.5663428E-05    2.3032852E-09    1.0000031E-16    5.3817139E-06    6.8781203E-08    5.4368090E-09    9.1872967E-05    6.7070070E-04    3.2846265E-04    8.2805968E-05
    6.5500000E+00   -1.3359827E-04    5.7200373E-05    2.0539985E-05    3.7986985E-05    2.5836123E-05    2.2324639E-09    1.0000031E-16    5.4680613E-06    6.9364418E-08    5.4829574E-09    9.2984761E-05    6.7070070E-04    3.2846265E-04    8.2805968E-05
    6.6500000E+00   -1.3475763E-04    5.7576774E-05    2.0719290E-05    3.8028950E-05    2.6009219E-05    2.1644435E-09    1.0000031E-16    5.5546096E-06    6.9950983E-08    5.5293726E-09    9.4098483E-05    6.7070070E-04    3.2846265E-04    8.2805968E-05
    6.7500000E+00   -1.3591933E-04    5.7953909E-05    2.0898822E-05    3.8070998E-05    2.6182718E-05    2.0990902E-09    1.0000031E-16    5.6413588E-06    7.0540906E-08    5.5760551E-09    9.5214134E-05    6.7070070E-04    3.2846265E-04    8.2805968E-05
    6.8500000E+00   -1.3708337E-04    5.8331778E-05    2.1078581E-05    3.8113127E-05    2.6356618E-05    2.0362780E-09    1.0000031E-16    5.7283092E-06    7.1134195E-08    5.6230053E-09    9.6331715E-05    6.7070070E-04    3.2846265E-04    8.2805968E-05
    6.9500000E+00   -1.3824975E-04    5.8710382E-05    2.1258567E-05    3.8155338E-05    2.6530922E-05    1.9758876E-09    1.0000031E-16    5.8154611E-06    7.1730857E-08    5.6702239E-09    9.7451227E-05    6.7070070E-04    3.2846265E-04    8.2805968E-05
    7.0500000E+00   -1.3941848E-04    5.9089722E-05    2.1438779E-05    3.8197631E-05    2.6705629E-05    1.9178064E-09    1.0000031E-16    5.9028147E-06    7.2330899E-08    5.7177114E-09    9.8572670E-05    6.7070070E-04    3.2846265E-04    8.2805968E-05
    7.1500000E+00   -1.4058957E-04    5.9469798E-05    2.1619216E-05    3.8240006E-05    2.6880740E-05    1.8619278E-09    1.0000031E-16    5.9903701E-06    7.2934330E-08    5.7654684E-09    9.9696045E-05    6.7070070E-04    3.2846265E-04    8.2805968E-05
    7.2500000E+00   -1.4176300E-04    5.9850611E-05    2.1799879E-05    3.8282464E-05    2.7056256E-05    1.8081511E-09    1.0000031E-16    6.0781278E-06    7.3541157E-08    5.8134954E-09    1.0082135E-04    6.7070070E-04    3.2846265E-04    8.2805968E-05
    7.3500000E+00   -1.4293878E-04    6.0232162E-05    2.1980768E-05    3.8325003E-05    2.7232176E-05    1.7563809E-09    1.0000031E-16    6.1660878E-06    7.4151388E-08    5.8617931E-09    1.0194859E-04    6.7070070E-04    3.2846265E-04    8.2805968E-05
    7.4500000E+00   -1.4411691E-04    6.0614451E-05    2.2161881E-05    3.8367625E-05    2.7408501E-05    1.7065268E-09    1.0000031E-16    6.2542504E-06    7.4765032E-08    5.9103621E-09    1.0307777E-04    6.7070070E-04    3.2846265E-04    8.2805968E-05
    7.5500000E+00   -1.4529740E-04    6.0997479E-05    2.2343218E-05    3.8410330E-05    2.7585232E-05    1.6585034E-09    1.0000031E-16    6.3426158E-06    7.5382097E-08    5.9592031E-09    1.0420888E-04    6.7070070E-04    3.2846265E-04    8.2805968E-05
    7.6500000E+00   -1.4648024E-04    6.1381247E-05    2.2524779E-05    3.8453116E-05    2.7762369E-05    1.6122295E-09    1.0000031E-16    6.4311844E-06    7.6002591E-08    6.0083165E-09    1.0534192E-04    6.7070070E-04    3.2846265E-04    8.2805968E-05
    7.7500000E+00   -1.4766545E-04    6.1765755E-05    2.2706564E-05    3.8495986E-05    2.7939912E-05    1.5676282E-09    1.0000031E-16    6.5199562E-06    7.6626524E-08    6.0577033E-09    1.0647690E-04    6.7070070E-04    3.2846265E-04    8.2805968E-05
    7.8500000E+00   -1.4885301E-04    6.2151005E-05    2.2888573E-05    3.8538938E-05    2.8117863E-05    1.5246266E-09    1.0000031E-16    6.6089316E-06    7.7253903E-08    6.1073639E-09    1.0761381E-04    6.7070070E-04    3.2846265E-04    8.2805968E-05
    7.9500000E+00   -1.5004293E-04    6.2536997E-05    2.3070803E-05    3.8581973E-05    2.8296222E-05    1.4831555E-09    1.0000031E-16    6.6981108E-06    7.7884738E-08    6.1572991E-09    1.0875266E-04    6.7070070E-04    3.2846265E-04    8.2805968E-05
    8.0500000E+00   -1.5123522E-04    6.2923732E-05    2.3253256E-05    3.8625090E-05    2.8474988E-05    1.4431492E-09    1.0000031E-16    6.7874940E-06    7.8519038E-08    6.2075097E-09    1.0989345E-04    6.7070070E-04    3.2846265E-04    8.2805968E-05
    8.1500000E+00   -1.5242987E-04    6.3311210E-05    2.3435931E-05    3.8668291E-05    2.8654163E-05    1.4045453E-09    1.0000031E-16    6.8770814E-06    7.9156812E-08    6.2579962E-09    1.1103618E-04    6.7070070E-04    3.2846265E-04    8.2805968E-05
    8.2500000E+00   -1.5362689E-04    6.3699432E-05    2.3618827E-05    3.8711574E-05    2.8833747E-05    1.3672845E-09    1.0000031E-16    6.9668733E-06    7.9798070E-08    6.3087596E-09    1.1218084E-04    6.7070070E-04    3.2846265E-04    8.2805968E-05
    8.3500000E+00   -1.5482627E-04    6.4088399E-05    2.3801943E-05    3.8754941E-05    2.9013740E-05    1.3313103E-09    1.0000031E-16    7.0568699E-06    8.0442820E-08    6.3598004E-09    1.1332744E-04    6.7070070E-04    3.2846265E-04    8.2805968E-05
    8.4500000E+00   -1.5602803E-04    6.4478112E-05    2.3985280E-05    3.8798390E-05    2.9194143E-05    1.2965693E-09    1.0000031E-16    7.1470715E-06    8.1091074E-08    6.4111195E-09    1.1447598E-04    6.7070070E-04    3.2846265E-04    8.2805968E-05
    8.5500000E+00   -1.5723215E-04    6.4868571E-05    2.4168836E-05    3.8841923E-05    2.9374957E-05    1.2630104E-09    1.0000031E-16    7.2374783E-06    8.1742840E-08    6.4627176E-09    1.1562646E-04    6.7070070E-04    3.2846265E-04    8.2805968E-05
    8.6500000E+00   -1.5843865E-04    6.5259777E-05    2.4352611E-05    3.8885539E-05    2.9556181E-05    1.2305851E-09    1.0000031E-16    7.3280904E-06    8.2398129E-08    6.5145955E-09    1.1677887E-04    6.7070070E-04    3.2846265E-04    8.2805968E-05
    8.7500000E+00   -1.5964751E-04    6.5651730E-05    2.4536604E-05    3.8929239E-05    2.9737816E-05    1.1992472E-09    1.0000031E-16    7.4189082E-06    8.3056951E-08    6.5667541E-09    1.1793322E-04    6.7070070E-04    3.2846265E-04    8.2805968E-05
    8.8500000E+00   -1.6085876E-04    6.6044433E-05    2.4720815E-05    3.8973022E-05    2.9919864E-05    1.1689528E-09    1.0000031E-16    7.5099319E-06    8.3719316E-08    6.6191941E-09    1.1908952E-04    6.7070070E-04    3.2846265E-04    8.2805968E-05
    8.9500000E+00   -1.6207238E-04    6.6437884E-05    2.4905243E-05    3.9016888E-05    3.0102323E-05    1.1396599E-09    1.0000031E-16    7.6011617E-06    8.4385234E-08    6.6719164E-09    1.2024775E-04    6.7070070E-04    3.2846265E-04    8.2805968E-05
    9.0500000E+00   -1.6328838E-04    6.6832085E-05    2.5089887E-05    3.9060838E-05    3.0285196E-05    1.1113287E-09    1.0000031E-16    7.6925979E-06    8.5054718E-08    6.7249218E-09    1.2140792E-04    6.7070070E-04    3.2846265E-04    8.2805968E-05
    9.1500000E+00   -1.6450676E-04    6.7227036E-05    2.5274746E-05    3.9104872E-05    3.0468481E-05    1.0839210E-09    1.0000031E-16    7.7842406E-06    8.5727776E-08    6.7782112E-09    1.2257003E-04    6.7070070E-04    3.2846265E-04    8.2805968E-05
    9.2500000E+00   -1.6572752E-04    6.7622739E-05    2.5459820E-05    3.9148989E-05    3.0652180E-05    1.0574005E-09    1.0000031E-16    7.8760901E-06    8.6404421E-08    6.8317854E-09    1.2373407E-04    6.7070070E-04    3.2846265E-04    8.2805968E-05
    9.3500000E+00   -1.6695066E-04    6.8019194E-05    2.5645109E-05    3.9193191E-05    3.0836293E-05    1.0317326E-09    1.0000031E-16    7.9681467E-06    8.7084664E-08    6.8856454E-09    1.2490006E-04    6.7070070E-04    3.2846265E-04    8.2805968E-05
    9.4500000E+00   -1.6817619E-04    6.8416402E-05    2.5830610E-05    3.9237476E-05    3.1020821E-05    1.0068843E-09    1.0000031E-16    8.0604106E-06    8.7768515E-08    6.9397921E-09    1.2606798E-04    6.7070070E-04    3.2846265E-04    8.2805968E-05
    9.5500000E+00   -1.6940410E-04    6.8814363E-05    2.6016324E-05    3.9281845E-05    3.1205764E-05    9.8282403E-10    1.0000031E-16    8.1528820E-06    8.8455988E-08    6.9942263E-09    1.2723785E-04    6.7070070E-04    3.2846265E-04    8.2805968E-05
    9.6500000E+00   -1.7063440E-04    6.9213078E-05    2.6202249E-05    3.9326298E-05    3.1391122E-05    9.5952161E-10    1.0000031E-16    8.2455611E-06    8.9147092E-08    7.0489491E-09    1.2840965E-04    6.7070070E-04    3.2846265E-04    8.2805968E-05
    9.7500000E+00   -1.7186708E-04    6.9612548E-05    2.6388385E-05    3.9370836E-05    3.1576896E-05    9.3694830E-10    1.0000031E-16    8.3384482E-06    8.9841841E-08    7.1039613E-09    1.2958338E-04    6.7070070E-04    3.2846265E-04    8.2805968E-05
    9.8500000E+00   -1.7310216E-04    7.0012774E-05    2.6574731E-05    3.9415458E-05    3.1763087E-05    9.1507658E-10    1.0000031E-16    8.4315435E-06    9.0540247E-08    7.1592639E-09    1.3075906E-04    6.7070070E-04    3.2846265E-04    8.2805968E-05
    9.9500000E+00   -1.7433962E-04    7.0413756E-05    2.6761286E-05    3.9460164E-05    3.1949694E-05    8.9388019E-10    1.0000031E-16    8.5248472E-06    9.1242322E-08    7.2148580E-09    1.3193667E-04    6.7070070E-04    3.2846265E-04    8.2805968E-05
    1.0050000E+01   -1.7557948E-04    7.0815495E-05    2.6948048E-05    3.9504954E-05    3.2136719E-05    8.7333398E-10    1.0000031E-16    8.6183597E-06    9.1948078E-08    7.2707445E-09    1.3311621E-04    6.7070070E-04    3.2846265E-04    8.2805968E-05
    1.0150000E+01   -1.7682173E-04    7.1217992E-05    2.7135017E-05    3.9549829E-05    3.2324162E-05    8.5341393E-10    1.0000031E-16    8.7120810E-06    9.2657528E-08    7.3269245E-09    1.3429769E-04    6.7070070E-04    3.2846265E-04    8.2805968E-05
    1.0250000E+01   -1.7806637E-04    7.1621247E-05    2.7322192E-05    3.9594789E-05    3.2512023E-05    8.3409705E-10    1.0000031E-16    8.8060115E-06    9.3370686E-08    7.3833989E-09    1.3548111E-04    6.7070070E-04    3.2846265E-04    8.2805968E-05
    1.0350000E+01   -1.7931341E-04    7.2025261E-05    2.7509572E-05    3.9639833E-05    3.2700303E-05    8.1536133E-10    1.0000031E-16    8.9001514E-06    9.4087565E-08    7.4401689E-09    1.3666646E-04    6.7070070E-04    3.2846265E-04    8.2805968E-05
    1.0450000E+01   -1.8056285E-04    7.2430035E-05    2.7697156E-05    3.9684961E-05    3.2889002E-05    7.9718571E-10    1.0000031E-16    8.9945008E-06    9.4808177E-08    7.4972355E-09    1.3785374E-04    6.7070070E-04    3.2846265E-04    8.2805968E-05
    1.0550000E+01   -1.8181468E-04    7.2835570E-05    2.7884942E-05    3.9730175E-05    3.3078120E-05    7.7955001E-10    1.0000031E-16    9.0890602E-06    9.5532537E-08    7.5545997E-09    1.3904296E-04    6.7070070E-04    3.2846265E-04    8.2805968E-05
    1.0650000E+01   -1.8306891E-04    7.3241866E-05    2.8072929E-05    3.9775474E-05    3.3267659E-05    7.6243494E-10    1.0000031E-16    9.1838296E-06    9.6260659E-08    7.6122628E-09    1.4023411E-04    6.7070070E-04    3.2846265E-04    8.2805968E-05
    1.0750000E+01   -1.8432554E-04    7.3648923E-05    2.8261116E-05    3.9820857E-05    3.3457619E-05    7.4582197E-10    1.0000031E-16    9.2788093E-06    9.6992556E-08    7.6702259E-09    1.4142719E-04    6.7070070E-04    3.2846265E-04    8.2805968E-05
    1.0850000E+01   -1.8558457E-04    7.4056744E-05    2.8449503E-05    3.9866326E-05    3.3647999E-05    7.2969339E-10    1.0000031E-16    9.3739995E-06    9.7728243E-08    7.7284900E-09    1.4262219E-04    6.7070070E-04    3.2846265E-04    8.2805968E-05
    1.0950000E+01   -1.8684601E-04    7.4465328E-05    2.8638087E-05    3.9911879E-05    3.3838801E-05    7.1403218E-10    1.0000031E-16    9.4694006E-06    9.8467735E-08    7.7870564E-09    1.4381913E-04    6.7070070E-04    3.2846265E-04    8.2805968E-05
    1.1050000E+01   -1.8810984E-04    7.4874676E-05    2.8826868E-05    3.9957518E-05    3.4030025E-05    6.9882206E-10    1.0000031E-16    9.5650126E-06    9.9211046E-08    7.8459262E-09    1.4501799E-04    6.7070070E-04    3.2846265E-04    8.2805968E-05
    1.1150000E+01   -1.8937608E-04    7.5284789E-05    2.9015843E-05    4.0003242E-05    3.4221672E-05    6.8404739E-10    1.0000031E-16    9.6608359E-06    9.9958192E-08    7.9051007E-09    1.4621878E-04    6.7070070E-04    3.2846265E-04    8.2805968E-05
    1.1250000E+01   -1.9064472E-04    7.5695668E-05    2.9205013E-05    4.0049052E-05    3.4413741E-05    6.6969318E-10    1.0000031E-16    9.7568707E-06    1.0070919E-07    7.9645811E-09    1.4742150E-04    6.7070070E-04    3.2846265E-04    8.2805968E-05
    1.1350000E+01   -1.9191577E-04    7.6107313E-05    2.9394374E-05    4.0094946E-05    3.4606234E-05    6.5574503E-10    1.0000031E-16    9.8531171E-06    1.0146405E-07    8.0243686E-09    1.4862613E-04    6.7070070E-04    3.2846265E-04    8.2805968E-05
    1.1450000E+01   -1.9318922E-04    7.6519725E-05    2.9583927E-05    4.0140927E-05    3.4799151E-05    6.4218915E-10    1.0000031E-16    9.9495756E-06    1.0222279E-07    8.0844645E-09    1.4983269E-04    6.7070070E-04    3.2846265E-04    8.2805968E-05
    1.1550000E+01   -1.9446508E-04    7.6932905E-05    2.9773668E-05    4.0186993E-05    3.4992492E-05    6.2901227E-10    1.0000031E-16    1.0046246E-05    1.0298543E-07    8.1448701E-09    1.5104117E-04    6.7070070E-04    3.2846265E-04    8.2805968E-05
    1.1650000E+01   -1.9574335E-04    7.7346853E-05    2.9963598E-05    4.0233144E-05    3.5186258E-05    6.1620166E-10    1.0000031E-16    1.0143129E-05    1.0375199E-07    8.2055867E-09    1.5225157E-04    6.7070070E-04    3.2846265E-04    8.2805968E-05
    1.1750000E+01   -1.9702403E-04    7.7761570E-05    3.0153714E-05    4.0279382E-05    3.5380450E-05    6.0374509E-10    1.0000031E-16    1.0240225E-05    1.0452247E-07    8.2666157E-09    1.5346389E-04    6.7070070E-04    3.2846265E-04    8.2805968E-05
    1.1850000E+01   -1.9830711E-04    7.8177057E-05    3.0344014E-05    4.0325705E-05    3.5575067E-05    5.9163083E-10    1.0000031E-16    1.0337533E-05    1.0529690E-07    8.3279584E-09    1.5467812E-04    6.7070070E-04    3.2846265E-04    8.2805968E-05
    1.1950000E+01   -1.9959261E-04    7.8593315E-05    3.0534497E-05    4.0372114E-05    3.5770110E-05    5.7984757E-10    1.0000031E-16    1.0435055E-05    1.0607530E-07    8.3896161E-09    1.5589426E-04    6.7070070E-04    3.2846265E-04    8.2805968E-05
    1.2050000E+01   -2.0088051E-04    7.9010343E-05    3.0725162E-05    4.0418609E-05    3.5965580E-05    5.6838448E-10    1.0000031E-16    1.0532790E-05    1.0685768E-07    8.4515904E-09    1.5711231E-04    6.7070070E-04    3.2846265E-04    8.2805968E-05
    1.2150000E+01   -2.0217082E-04    7.9428144E-05    3.0916006E-05    4.0465191E-05    3.6161477E-05    5.5723112E-10    1.0000031E-16    1.0630739E-05    1.0764406E-07    8.5138827E-09    1.5833228E-04    6.7070070E-04    3.2846265E-04    8.2805968E-05
    1.2250000E+01   -2.0346355E-04    7.9846718E-05    3.1107027E-05    4.0511858E-05    3.6357802E-05    5.4637746E-10    1.0000031E-16    1.0728901E-05    1.0843446E-07    8.5764943E-09    1.5955415E-04    6.7070070E-04    3.2846265E-04    8.2805968E-05
    1.2350000E+01   -2.0475868E-04    8.0266065E-05    3.1298225E-05    4.0558612E-05    3.6554555E-05    5.3581386E-10    1.0000031E-16    1.0827277E-05    1.0922890E-07    8.6394268E-09    1.6077792E-04    6.7070070E-04    3.2846265E-04    8.2805968E-05
    1.2450000E+01   -2.0605623E-04    8.0686186E-05    3.1489596E-05    4.0605452E-05    3.6751736E-05    5.2553103E-10    1.0000031E-16    1.0925868E-05    1.1002739E-07    8.7026818E-09    1.6200360E-04    6.7070070E-04    3.2846265E-04    8.2805968E-05
    1.2550000E+01   -2.0735619E-04    8.1107082E-05    3.1681139E-05    4.0652378E-05    3.6949347E-05    5.1552005E-10    1.0000031E-16    1.1024673E-05    1.1082996E-07    8.7662607E-09    1.6323118E-04    6.7070070E-04    3.2846265E-04    8.2805968E-05
    1.2650000E+01   -2.0865856E-04    8.1528754E-05    3.1872853E-05    4.0699391E-05    3.7147386E-05    5.0577233E-10    1.0000031E-16    1.1123693E-05    1.1163662E-07    8.8301651E-09    1.6446065E-04    6.7070070E-04    3.2846265E-04    8.2805968E-05
    1.2750000E+01   -2.0996335E-04    8.1951202E-05    3.2064734E-05    4.0746490E-05    3.7345856E-05    4.9627960E-10    1.0000031E-16    1.1222928E-05    1.1244740E-07    8.8943966E-09    1.6569202E-04    6.7070070E-04    3.2846265E-04    8.2805968E-05
    1.2850000E+01   -2.1127054E-04    8.2374427E-05    3.2256781E-05    4.0793676E-05    3.7544757E-05    4.8703389E-10    1.0000031E-16    1.1322378E-05    1.1326232E-07    8.9589568E-09    1.6692528E-04    6.7070070E-04    3.2846265E-04    8.2805968E-05
    1.2950000E+01   -2.1258015E-04    8.2798429E-05    3.2448992E-05    4.0840948E-05    3.7744088E-05    4.7802753E-10    1.0000031E-16    1.1422044E-05    1.1408139E-07    9.0238474E-09    1.6816043E-04    6.7070070E-04    3.2846265E-04    8.2805968E-05
    1.3050000E+01   -2.1389217E-04    8.3223210E-05    3.2641364E-05    4.0888308E-05    3.7943850E-05    4.6925315E-10    1.0000031E-16    1.1521925E-05    1.1490463E-07    9.0890701E-09    1.6939746E-04    6.7070070E-04    3.2846265E-04    8.2805968E-05
    1.3150000E+01   -2.1520661E-04    8.3648770E-05    3.2833895E-05    4.0935754E-05    3.8144045E-05    4.6070362E-10    1.0000031E-16    1.1622022E-05    1.1573207E-07    9.1546266E-09    1.7063638E-04    6.7070070E-04    3.2846265E-04    8.2805968E-05
    1.3250000E+01   -2.1652346E-04    8.4075110E-05    3.3026584E-05    4.0983287E-05    3.8344671E-05    4.5237209E-10    1.0000031E-16    1.1722336E-05    1.1656374E-07    9.2205186E-09    1.7187718E-04    6.7070070E-04    3.2846265E-04    8.2805968E-05
    1.3350000E+01   -2.1784272E-04    8.4502231E-05    3.3219426E-05    4.1030908E-05    3.8545731E-05    4.4425196E-10    1.0000031E-16    1.1822865E-05    1.1739964E-07    9.2867479E-09    1.7311985E-04    6.7070070E-04    3.2846265E-04    8.2805968E-05
    1.3450000E+01   -2.1916439E-04    8.4930133E-05    3.3412421E-05    4.1078615E-05    3.8747223E-05    4.3633687E-10    1.0000031E-16    1.1923612E-05    1.1823981E-07    9.3533163E-09    1.7436440E-04    6.7070070E-04    3.2846265E-04    8.2805968E-05
    1.3550000E+01   -2.2048847E-04    8.5358816E-05    3.3605565E-05    4.1126410E-05    3.8949150E-05    4.2862067E-10    1.0000031E-16    1.2024575E-05    1.1908427E-07    9.4202256E-09    1.7561082E-04    6.7070070E-04    3.2846265E-04    8.2805968E-05
    1.3650000E+01   -2.2181497E-04    8.5788283E-05    3.3798856E-05    4.1174292E-05    3.9151510E-05    4.2109744E-10    1.0000031E-16    1.2125755E-05    1.1993304E-07    9.4874778E-09    1.7685910E-04    6.7070070E-04    3.2846265E-04    8.2805968E-05
    1.3750000E+01   -2.2314388E-04    8.6218533E-05    3.3992292E-05    4.1222261E-05    3.9354305E-05    4.1376150E-10    1.0000031E-16    1.2227153E-05    1.2078614E-07    9.5550747E-09    1.7810924E-04    6.7070070E-04    3.2846265E-04    8.2805968E-05
    1.3850000E+01   -2.2447519E-04    8.6649567E-05    3.4185869E-05    4.1270317E-05    3.9557535E-05    4.0660733E-10    1.0000031E-16    1.2328768E-05    1.2164360E-07    9.6230183E-09    1.7936124E-04    6.7070070E-04    3.2846265E-04    8.2805968E-05
    1.3950000E+01   -2.2580892E-04    8.7081386E-05    3.4379585E-05    4.1318461E-05    3.9761201E-05    3.9962962E-10    1.0000031E-16    1.2430600E-05    1.2250544E-07    9.6913106E-09    1.8061510E-04    6.7070070E-04    3.2846265E-04    8.2805968E-05
    1.4050000E+01   -2.2714506E-04    8.7513990E-05    3.4573437E-05    4.1366693E-05    3.9965303E-05    3.9282327E-10    1.0000031E-16    1.2532651E-05    1.2337170E-07    9.7599535E-09    1.8187080E-04    6.7070070E-04    3.2846265E-04    8.2805968E-05
    1.4150000E+01   -2.2848361E-04    8.7947381E-05    3.4767422E-05    4.1415012E-05    4.0169841E-05    3.8618334E-10    1.0000031E-16    1.2634920E-05    1.2424238E-07    9.8289492E-09    1.8312835E-04    6.7070070E-04    3.2846265E-04    8.2805968E-05
    1.4250000E+01   -2.2982457E-04    8.8381559E-05    3.4961537E-05    4.1463420E-05    4.0374816E-05    3.7970505E-10    1.0000031E-16    1.2737408E-05    1.2511753E-07    9.8982997E-09    1.8438774E-04    6.7070070E-04    3.2846265E-04    8.2805968E-05
    1.4350000E+01   -2.3116793E-04    8.8816524E-05    3.5155779E-05    4.1511914E-05    4.0580229E-05    3.7338381E-10    1.0000031E-16    1.2840114E-05    1.2599717E-07    9.9680072E-09    1.8564896E-04    6.7070070E-04    3.2846265E-04    8.2805968E-05
    1.4450000E+01   -2.3251371E-04    8.9252278E-05    3.5350145E-05    4.1560497E-05    4.0786079E-05    3.6721520E-10    1.0000031E-16    1.2943040E-05    1.2688132E-07    1.0038074E-08    1.8691202E-04    6.7070070E-04    3.2846265E-04    8.2805968E-05
    1.4550000E+01   -2.3386189E-04    8.9688821E-05    3.5544631E-05    4.1609168E-05    4.0992368E-05    3.6119492E-10    1.0000031E-16    1.3046184E-05    1.2777001E-07    1.0108502E-08    1.8817690E-04    6.7070070E-04    3.2846265E-04    8.2805968E-05
    1.4650000E+01   -2.3521247E-04    9.0126154E-05    3.5739235E-05    4.1657927E-05    4.1199095E-05    3.5531886E-10    1.0000031E-16    1.3149548E-05    1.2866327E-07    1.0179293E-08    1.8944360E-04    6.7070070E-04    3.2846265E-04    8.2805968E-05
    1.4750000E+01   -2.3656546E-04    9.0564277E-05    3.5933953E-05    4.1706774E-05    4.1406262E-05    3.4958301E-10    1.0000031E-16    1.3253131E-05    1.2956112E-07    1.0250451E-08    1.9071212E-04    6.7070070E-04    3.2846265E-04    8.2805968E-05
    1.4850000E+01   -2.3792085E-04    9.1003192E-05    3.6128782E-05    4.1755709E-05    4.1613869E-05    3.4398354E-10    1.0000031E-16    1.3356935E-05    1.3046361E-07    1.0321977E-08    1.9198245E-04    6.7070070E-04    3.2846265E-04    8.2805968E-05
    1.4950000E+01   -2.3927864E-04    9.1442899E-05    3.6323718E-05    4.1804733E-05    4.1821916E-05    3.3851673E-10    1.0000031E-16    1.3460958E-05    1.3137076E-07    1.0393873E-08    1.9325458E-04    6.7070070E-04    3.2846265E-04    8.2805968E-05
    1.5050000E+01   -2.4063883E-04    9.1883398E-05    3.6518757E-05    4.1853845E-05    4.2030404E-05    3.3317900E-10    1.0000031E-16    1.3565202E-05    1.3228259E-07    1.0466143E-08    1.9452851E-04    6.7070070E-04    3.2846265E-04    8.2805968E-05
    1.5150000E+01   -2.4200143E-04    9.2324691E-05    3.6713896E-05    4.1903045E-05    4.2239332E-05    3.2796689E-10    1.0000031E-16    1.3669666E-05    1.3319914E-07    1.0538788E-08    1.9580423E-04    6.7070070E-04    3.2846265E-04    8.2805968E-05
    1.5250000E+01   -2.4336642E-04    9.2766778E-05    3.6909130E-05    4.1952334E-05    4.2448703E-05    3.2287707E-10    1.0000031E-16    1.3774351E-05    1.3412044E-07    1.0611812E-08    1.9708174E-04    6.7070070E-04    3.2846265E-04    8.2805968E-05
    1.5350000E+01   -2.4473380E-04    9.3209659E-05    3.7104457E-05    4.2001711E-05    4.2658515E-05    3.1790632E-10    1.0000031E-16    1.3879258E-05    1.3504653E-07    1.0685216E-08    1.9836103E-04    6.7070070E-04    3.2846265E-04    8.2805968E-05
    1.5450000E+01   -2.4610358E-04    9.3653337E-05    3.7299871E-05    4.2051178E-05    4.2868770E-05    3.1305154E-10    1.0000031E-16    1.3984385E-05    1.3597743E-07    1.0759003E-08    1.9964209E-04    6.7070070E-04    3.2846265E-04    8.2805968E-05
    1.5550000E+01   -2.4747575E-04    9.4097810E-05    3.7495370E-05    4.2100733E-05    4.3079468E-05    3.0830974E-10    1.0000031E-16    1.4089734E-05    1.3691317E-07    1.0833177E-08    2.0092492E-04    6.7070070E-04    3.2846265E-04    8.2805968E-05
    1.5650000E+01   -2.4885031E-04    9.4543081E-05    3.7690948E-05    4.2150376E-05    4.3290610E-05    3.0367803E-10    1.0000031E-16    1.4195305E-05    1.3785381E-07    1.0907739E-08    2.0220951E-04    6.7070070E-04    3.2846265E-04    8.2805968E-05
    1.5750000E+01   -2.5022727E-04    9.4989149E-05    3.7886602E-05    4.2200109E-05    4.3502195E-05    2.9915364E-10    1.0000031E-16    1.4301098E-05    1.3879936E-07    1.0982693E-08    2.0349585E-04    6.7070070E-04    3.2846265E-04    8.2805968E-05
    1.5850000E+01   -2.5160660E-04    9.5436016E-05    3.8082326E-05    4.2249931E-05    4.3714225E-05    2.9473389E-10    1.0000031E-16    1.4407112E-05    1.3974987E-07    1.1058042E-08    2.0478394E-04    6.7070070E-04    3.2846265E-04    8.2805968E-05
    1.5950000E+01   -2.5298832E-04    9.5883682E-05    3.8278117E-05    4.2299842E-05    4.3926700E-05    2.9041621E-10    1.0000031E-16    1.4513350E-05    1.4070536E-07    1.1133788E-08    2.0607376E-04    6.7070070E-04    3.2846265E-04    8.2805968E-05
    1.6050000E+01   -2.5437243E-04    9.6332147E-05    3.8473969E-05    4.2349842E-05    4.4139620E-05    2.8619813E-10    1.0000031E-16    1.4619810E-05    1.4166589E-07    1.1209934E-08    2.0736532E-04    6.7070070E-04    3.2846265E-04    8.2805968E-05
    1.6150000E+01   -2.5575891E-04    9.6781413E-05    3.8669878E-05    4.2399931E-05    4.4352986E-05    2.8207728E-10    1.0000031E-16    1.4726493E-05    1.4263148E-07    1.1286484E-08    2.0865859E-04    6.7070070E-04    3.2846265E-04    8.2805968E-05
    1.6250000E+01   -2.5714777E-04    9.7231481E-05    3.8865840E-05    4.2450110E-05    4.4566798E-05    2.7805136E-10    1.0000031E-16    1.4833399E-05    1.4360217E-07    1.1363440E-08    2.0995358E-04    6.7070070E-04    3.2846265E-04    8.2805968E-05
    1.6350000E+01   -2.5853900E-04    9.7682350E-05    3.9061848E-05    4.2500378E-05    4.4781057E-05    2.7411821E-10    1.0000031E-16    1.4940528E-05    1.4457801E-07    1.1440807E-08    2.1125027E-04    6.7070070E-04    3.2846265E-04    8.2805968E-05
    1.6450000E+01   -2.5993260E-04    9.8134022E-05    3.9257899E-05    4.2550736E-05    4.4995763E-05    2.7027574E-10    1.0000031E-16    1.5047881E-05    1.4555904E-07    1.1518586E-08    2.1254866E-04    6.7070070E-04    3.2846265E-04    8.2805968E-05
    1.6550000E+01   -2.6132857E-04    9.8586498E-05    3.9453985E-05    4.2601183E-05    4.5210917E-05    2.6652195E-10    1.0000031E-16    1.5155458E-05    1.4654529E-07    1.1596782E-08    2.1384873E-04    6.7070070E-04    3.2846265E-04    8.2805968E-05
    1.6650000E+01   -2.6272691E-04    9.9039777E-05    3.9650103E-05    4.2651719E-05    4.5426519E-05    2.6285495E-10    1.0000031E-16    1.5263259E-05    1.4753681E-07    1.1675398E-08    2.1515049E-04    6.7070070E-04    3.2846265E-04    8.2805968E-05
    1.6750000E+01   -2.6412761E-04    9.9493862E-05    3.9846247E-05    4.2702346E-05    4.5642569E-05    2.5927295E-10    1.0000031E-16    1.5371285E-05    1.4853365E-07    1.1754437E-08    2.1645390E-04    6.7070070E-04    3.2846265E-04    8.2805968E-05
    1.6850000E+01   -2.6553066E-04    9.9948752E-05    4.0042409E-05    4.2753062E-05    4.5859069E-05    2.5577425E-10    1.0000031E-16    1.5479535E-05    1.4953584E-07    1.1833903E-08    2.1775898E-04    6.7070070E-04    3.2846265E-04    8.2805968E-05
    1.6950000E+01   -2.6693607E-04    1.0040445E-04    4.0238586E-05    4.2803869E-05    4.6076018E-05    2.5235727E-10    1.0000031E-16    1.5588009E-05    1.5054343E-07    1.1913799E-08    2.1906570E-04    6.7070070E-04    3.2846265E-04    8.2805968E-05
    1.7050000E+01   -2.6834383E-04    1.0086095E-04    4.0434770E-05    4.2854765E-05    4.6293418E-05    2.4902051E-10    1.0000031E-16    1.5696709E-05    1.5155648E-07    1.1994130E-08    2.2037406E-04    6.7070070E-04    3.2846265E-04    8.2805968E-05
    1.7150000E+01   -2.6975394E-04    1.0131826E-04    4.0630956E-05    4.2905751E-05    4.6511267E-05    2.4576261E-10    1.0000031E-16    1.5805634E-05    1.5257503E-07    1.2074900E-08    2.2168404E-04    6.7070070E-04    3.2846265E-04    8.2805968E-05
    1.7250000E+01   -2.7116639E-04    1.0177638E-04    4.0827136E-05    4.2956827E-05    4.6729568E-05    2.4258232E-10    1.0000031E-16    1.5914784E-05    1.5359912E-07    1.2156111E-08    2.2299563E-04    6.7070070E-04    3.2846265E-04    8.2805968E-05
    1.7350000E+01   -2.7258118E-04    1.0223531E-04    4.1023304E-05    4.3007994E-05    4.6948320E-05    2.3947852E-10    1.0000031E-16    1.6024160E-05    1.5462882E-07    1.2237769E-08    2.2430883E-04    6.7070070E-04    3.2846265E-04    8.2805968E-05
    1.7450000E+01   -2.7399830E-04    1.0269505E-04    4.1219453E-05    4.3059251E-05    4.7167524E-05    2.3645024E-10    1.0000031E-16    1.6133762E-05    1.5566417E-07    1.2319878E-08    2.2562361E-04    6.7070070E-04    3.2846265E-04    8.2805968E-05
    1.7550000E+01   -2.7541775E-04    1.0315560E-04    4.1415575E-05    4.3110598E-05    4.7387181E-05    2.3349664E-10    1.0000031E-16    1.6243590E-05    1.5670522E-07    1.2402442E-08    2.2693997E-04    6.7070070E-04    3.2846265E-04    8.2805968E-05
    1.7650000E+01   -2.7683952E-04    1.0361696E-04    4.1611664E-05    4.3162036E-05    4.7607290E-05    2.3061710E-10    1.0000031E-16    1.6353645E-05    1.5775204E-07    1.2485466E-08    2.2825789E-04    6.7070070E-04    3.2846265E-04    8.2805968E-05
    1.7750000E+01   -2.7826361E-04    1.0407913E-04    4.1807711E-05    4.3213564E-05    4.7827852E-05    2.2781115E-10    1.0000031E-16    1.6463926E-05    1.5880468E-07    1.2568953E-08    2.2957736E-04    6.7070070E-04    3.2846265E-04    8.2805968E-05
    1.7850000E+01   -2.7969002E-04    1.0454211E-04    4.2003708E-05    4.3265183E-05    4.8048869E-05    2.2507857E-10    1.0000031E-16    1.6574434E-05    1.5986320E-07    1.2652910E-08    2.3089836E-04    6.7070070E-04    3.2846265E-04    8.2805968E-05
    1.7950000E+01   -2.8111872E-04    1.0500591E-04    4.2199647E-05    4.3316892E-05    4.8270339E-05    2.2241940E-10    1.0000031E-16    1.6685169E-05    1.6092767E-07    1.2737342E-08    2.3222088E-04    6.7070070E-04    3.2846265E-04    8.2805968E-05
    1.8050000E+01   -2.8254973E-04    1.0547052E-04    4.2395518E-05    4.3368692E-05    4.8492264E-05    2.1983401E-10    1.0000031E-16    1.6796132E-05    1.6199815E-07    1.2822253E-08    2.3354489E-04    6.7070070E-04    3.2846265E-04    8.2805968E-05
    1.8150000E+01   -2.8398303E-04    1.0593595E-04    4.2591312E-05    4.3420584E-05    4.8714644E-05    2.1732312E-10    1.0000031E-16    1.6907322E-05    1.6307472E-07    1.2907649E-08    2.3487039E-04    6.7070070E-04    3.2846265E-04    8.2805968E-05
    1.8250000E+01   -2.8541861E-04    1.0640219E-04    4.2787020E-05    4.3472566E-05    4.8937480E-05    2.1488793E-10    1.0000031E-16    1.7018740E-05    1.6415743E-07    1.2993536E-08    2.3619736E-04    6.7070070E-04    3.2846265E-04    8.2805968E-05
    1.8350000E+01   -2.8685647E-04    1.0686925E-04    4.2982629E-05    4.3524639E-05    4.9160772E-05    2.1253020E-10    1.0000031E-16    1.7130386E-05    1.6524638E-07    1.3079921E-08    2.3752576E-04    6.7070070E-04    3.2846265E-04    8.2805968E-05
    1.8450000E+01   -2.8829660E-04    1.0733713E-04    4.3178130E-05    4.3576803E-05    4.9384521E-05    2.1025243E-10    1.0000031E-16    1.7242260E-05    1.6634165E-07    1.3166809E-08    2.3885559E-04    6.7070070E-04    3.2846265E-04    8.2805968E-05
    1.8550000E+01   -2.8973898E-04    1.0780582E-04    4.3373509E-05    4.3629058E-05    4.9608726E-05    2.0805803E-10    1.0000031E-16    1.7354363E-05    1.6744331E-07    1.3254209E-08    2.4018682E-04    6.7070070E-04    3.2846265E-04    8.2805968E-05
    1.8650000E+01   -2.9118360E-04    1.0827533E-04    4.3568752E-05    4.3681405E-05    4.9833389E-05    2.0595162E-10    1.0000031E-16    1.7466695E-05    1.6855148E-07    1.3342128E-08    2.4151942E-04    6.7070070E-04    3.2846265E-04    8.2805968E-05
    1.8750000E+01   -2.9263046E-04    1.0874566E-04    4.3763845E-05    4.3733842E-05    5.0058510E-05    2.0393946E-10    1.0000031E-16    1.7579255E-05    1.6966626E-07    1.3430574E-08    2.4285337E-04    6.7070070E-04    3.2846265E-04    8.2805968E-05
    1.8850000E+01   -2.9407954E-04    1.0921681E-04    4.3958771E-05    4.3786372E-05    5.0284090E-05    2.0202997E-10    1.0000031E-16    1.7692045E-05    1.7078776E-07    1.3519558E-08    2.4418863E-04    6.7070070E-04    3.2846265E-04    8.2805968E-05
    1.8950000E+01   -2.9553082E-04    1.0968878E-04    4.4153510E-05    4.3838992E-05    5.0510128E-05    2.0023472E-10    1.0000031E-16    1.7805064E-05    1.7191612E-07    1.3609090E-08    2.4552516E-04    6.7070070E-04    3.2846265E-04    8.2805968E-05
    1.9050000E+01   -2.9698428E-04    1.1016158E-04    4.4348040E-05    4.3891705E-05    5.0736625E-05    1.9856967E-10    1.0000031E-16    1.7918313E-05    1.7305150E-07    1.3699183E-08    2.4686292E-04    6.7070070E-04    3.2846265E-04    8.2805968E-05
    1.9150000E+01   -2.9843990E-04    1.1063519E-04    4.4542333E-05    4.3944509E-05    5.0963583E-05    1.9705744E-10    1.0000031E-16    1.8031791E-05    1.7419408E-07    1.3789851E-08    2.4820187E-04    6.7070070E-04    3.2846265E-04    8.2805968E-05
    1.9250000E+01   -2.9989764E-04    1.1110963E-04    4.4736356E-05    4.3997404E-05    5.1191001E-05    1.9573084E-10    1.0000031E-16    1.8145500E-05    1.7534410E-07    1.3881115E-08    2.4954192E-04    6.7070070E-04    3.2846265E-04    8.2805968E-05
    1.9350000E+01   -3.0135746E-04    1.1158489E-04    4.4930065E-05    4.4050392E-05    5.1418879E-05    1.9463931E-10    1.0000031E-16    1.8259439E-05    1.7650185E-07    1.3972997E-08    2.5088300E-04    6.7070070E-04    3.2846265E-04    8.2805968E-05
    1.9450000E+01   -3.0281932E-04    1.1206097E-04    4.5123401E-05    4.4103471E-05    5.1647219E-05    1.9386080E-10    1.0000031E-16    1.8373609E-05    1.7766774E-07    1.4065530E-08    2.5222499E-04    6.7070070E-04    3.2846265E-04    8.2805968E-05
    1.9550000E+01   -3.0428306E-04    1.1253786E-04    4.5316268E-05    4.4156634E-05    5.1876010E-05    1.9352616E-10    1.0000030E-16    1.8488007E-05    1.7884230E-07    1.4158759E-08    2.5356767E-04    6.7070058E-04    3.2846259E-04    8.2805953E-05
    1.9650000E+01   -3.0574508E-04    1.1301427E-04    4.5508015E-05    4.4209381E-05    5.2104662E-05    1.9387653E-10    9.9999128E-17    1.8602419E-05    1.8002440E-07    1.4252595E-08    2.5490788E-04    6.7069275E-04    3.2845875E-04    8.2804986E-05
    1.9750000E+01   -3.0703586E-04    1.1342765E-04    4.5673291E-05    4.4237350E-05    5.2304328E-05    1.9551249E-10    9.9941809E-17    1.8706523E-05    1.8111513E-07    1.4339210E-08    2.5610397E-04    6.7030831E-04    3.2827048E-04    8.2757523E-05
    1.9850000E+01   -3.0247795E-04    1.1168098E-04    4.4969361E-05    4.3424788E-05    5.1507874E-05    2.0339176E-10    9.7987258E-17    1.8453909E-05    1.7874836E-07    1.4152072E-08    2.5242037E-04    6.5719917E-04    3.2185053E-04    8.1139043E-05
    1.9950000E+01   -2.4732894E-04    9.1240992E-05    3.6756989E-05    3.5328681E-05    4.2090928E-05    2.6262109E-10    7.9583877E-17    1.5116484E-05    1.4638630E-07    1.1589851E-08    2.0655345E-04    5.3376795E-04    2.6140249E-04    6.5899993E-05
