# Time          2.5000E+00
# Units: M^2 mineral/m^3 porous medium
    Distance        Quartz           K-Feldspar_Li    Oligoclase_Li    Biotite_Li       Kaolinite_Li7    Kaolinite_Li6
    5.0000000E-02    4.9999986E+01    2.7576263E+02    6.8455949E+02    2.0412211E+02    2.3021008E+05    1.8743101E+04
    1.5000000E-01    4.9999988E+01    2.7588111E+02    6.8597703E+02    2.0463291E+02    2.2956443E+05    1.8689755E+04
    2.5000000E-01    4.9999989E+01    2.7599979E+02    6.8739755E+02    2.0514489E+02    2.2892317E+05    1.8636862E+04
    3.5000000E-01    4.9999991E+01    2.7611866E+02    6.8882089E+02    2.0565799E+02    2.2827964E+05    1.8583861E+04
    4.5000000E-01    4.9999992E+01    2.7623769E+02    6.9024689E+02    2.0617215E+02    2.2763382E+05    1.8530743E+04
    5.5000000E-01    4.9999993E+01    2.7635689E+02    6.9167542E+02    2.0668733E+02    2.2698572E+05    1.8477501E+04
    6.5000000E-01    4.9999994E+01    2.7647624E+02    6.9310634E+02    2.0720347E+02    2.2633532E+05    1.8424127E+04
    7.5000000E-01    4.9999996E+01    2.7659574E+02    6.9453956E+02    2.0772055E+02    2.2568264E+05    1.8370616E+04
    8.5000000E-01    4.9999996E+01    2.7671538E+02    6.9597497E+02    2.0823852E+02    2.2502766E+05    1.8316963E+04
    9.5000000E-01    4.9999997E+01    2.7683515E+02    6.9741248E+02    2.0875736E+02    2.2437039E+05    1.8263162E+04
    1.0500000E+00    4.9999998E+01    2.7695506E+02    6.9885202E+02    2.0927704E+02    2.2371082E+05    1.8209211E+04
    1.1500000E+00    4.9999999E+01    2.7707508E+02    7.0029350E+02    2.0979753E+02    2.2304896E+05    1.8155104E+04
    1.2500000E+00    4.9999999E+01    2.7719522E+02    7.0173688E+02    2.1031880E+02    2.2238480E+05    1.8100838E+04
    1.3500000E+00    5.0000000E+01    2.7731548E+02    7.0318208E+02    2.1084085E+02    2.2171833E+05    1.8046411E+04
    1.4500000E+00    5.0000000E+01    2.7743584E+02    7.0462908E+02    2.1136365E+02    2.2104956E+05    1.7991819E+04
    1.5500000E+00    5.0000000E+01    2.7755632E+02    7.0607782E+02    2.1188719E+02    2.2037847E+05    1.7937059E+04
    1.6500000E+00    5.0000000E+01    2.7767689E+02    7.0752827E+02    2.1241145E+02    2.1970505E+05    1.7882128E+04
    1.7500000E+00    5.0000000E+01    2.7779757E+02    7.0898039E+02    2.1293643E+02    2.1902931E+05    1.7827025E+04
    1.8500000E+00    5.0000000E+01    2.7791835E+02    7.1043416E+02    2.1346212E+02    2.1835122E+05    1.7771746E+04
    1.9500000E+00    5.0000000E+01    2.7803923E+02    7.1188955E+02    2.1398850E+02    2.1767078E+05    1.7716289E+04
    2.0500000E+00    5.0000000E+01    2.7816019E+02    7.1334655E+02    2.1451557E+02    2.1698799E+05    1.7660653E+04
    2.1500000E+00    5.0000000E+01    2.7828126E+02    7.1480513E+02    2.1504332E+02    2.1630281E+05    1.7604834E+04
    2.2500000E+00    5.0000000E+01    2.7840241E+02    7.1626528E+02    2.1557174E+02    2.1561525E+05    1.7548831E+04
    2.3500000E+00    5.0000000E+01    2.7852365E+02    7.1772699E+02    2.1610084E+02    2.1492529E+05    1.7492642E+04
    2.4500000E+00    5.0000000E+01    2.7864498E+02    7.1919025E+02    2.1663061E+02    2.1423292E+05    1.7436264E+04
    2.5500000E+00    5.0000000E+01    2.7876640E+02    7.2065504E+02    2.1716105E+02    2.1353812E+05    1.7379697E+04
    2.6500000E+00    5.0000000E+01    2.7888790E+02    7.2212137E+02    2.1769214E+02    2.1284088E+05    1.7322937E+04
    2.7500000E+00    5.0000000E+01    2.7900949E+02    7.2358921E+02    2.1822390E+02    2.1214118E+05    1.7265984E+04
    2.8500000E+00    5.0000000E+01    2.7913116E+02    7.2505857E+02    2.1875632E+02    2.1143901E+05    1.7208834E+04
    2.9500000E+00    5.0000000E+01    2.7925292E+02    7.2652945E+02    2.1928939E+02    2.1073435E+05    1.7151487E+04
    3.0500000E+00    5.0000000E+01    2.7937475E+02    7.2800183E+02    2.1982312E+02    2.1002719E+05    1.7093941E+04
    3.1500000E+00    5.0000000E+01    2.7949667E+02    7.2947572E+02    2.2035750E+02    2.0931751E+05    1.7036194E+04
    3.2500000E+00    5.0000000E+01    2.7961866E+02    7.3095111E+02    2.2089253E+02    2.0860529E+05    1.6978243E+04
    3.3500000E+00    5.0000000E+01    2.7974074E+02    7.3242801E+02    2.2142822E+02    2.0789052E+05    1.6920089E+04
    3.4500000E+00    5.0000000E+01    2.7986289E+02    7.3390640E+02    2.2196456E+02    2.0717318E+05    1.6861728E+04
    3.5500000E+00    5.0000000E+01    2.7998512E+02    7.3538629E+02    2.2250155E+02    2.0645325E+05    1.6803159E+04
    3.6500000E+00    5.0000000E+01    2.8010742E+02    7.3686767E+02    2.2303920E+02    2.0573072E+05    1.6744380E+04
    3.7500000E+00    5.0000000E+01    2.8022981E+02    7.3835055E+02    2.2357749E+02    2.0500556E+05    1.6685390E+04
    3.8500000E+00    5.0000000E+01    2.8035226E+02    7.3983493E+02    2.2411643E+02    2.0427777E+05    1.6626188E+04
    3.9500000E+00    5.0000000E+01    2.8047479E+02    7.4132080E+02    2.2465603E+02    2.0354731E+05    1.6566770E+04
    4.0500000E+00    5.0000000E+01    2.8059740E+02    7.4280816E+02    2.2519627E+02    2.0281418E+05    1.6507136E+04
    4.1500000E+00    5.0000000E+01    2.8072007E+02    7.4429702E+02    2.2573716E+02    2.0207836E+05    1.6447285E+04
    4.2500000E+00    5.0000000E+01    2.8084282E+02    7.4578737E+02    2.2627871E+02    2.0133982E+05    1.6387213E+04
    4.3500000E+00    5.0000000E+01    2.8096564E+02    7.4727921E+02    2.2682090E+02    2.0059854E+05    1.6326921E+04
    4.4500000E+00    5.0000000E+01    2.8108853E+02    7.4877254E+02    2.2736374E+02    1.9985452E+05    1.6266405E+04
    4.5500000E+00    5.0000000E+01    2.8121149E+02    7.5026737E+02    2.2790723E+02    1.9910772E+05    1.6205665E+04
    4.6500000E+00    5.0000000E+01    2.8133452E+02    7.5176369E+02    2.2845138E+02    1.9835814E+05    1.6144698E+04
    4.7500000E+00    5.0000000E+01    2.8145761E+02    7.5326150E+02    2.2899617E+02    1.9760574E+05    1.6083503E+04
    4.8500000E+00    5.0000000E+01    2.8158077E+02    7.5476080E+02    2.2954161E+02    1.9685051E+05    1.6022079E+04
    4.9500000E+00    5.0000000E+01    2.8170400E+02    7.5626159E+02    2.3008770E+02    1.9609244E+05    1.5960422E+04
    5.0500000E+00    5.0000000E+01    2.8182730E+02    7.5776388E+02    2.3063444E+02    1.9533149E+05    1.5898533E+04
    5.1500000E+00    5.0000000E+01    2.8195066E+02    7.5926766E+02    2.3118183E+02    1.9456764E+05    1.5836408E+04
    5.2500000E+00    5.0000000E+01    2.8207408E+02    7.6077292E+02    2.3172986E+02    1.9380089E+05    1.5774047E+04
    5.3500000E+00    5.0000000E+01    2.8219756E+02    7.6227969E+02    2.3227855E+02    1.9303120E+05    1.5711447E+04
    5.4500000E+00    5.0000000E+01    2.8232111E+02    7.6378794E+02    2.3282789E+02    1.9225855E+05    1.5648606E+04
    5.5500000E+00    5.0000000E+01    2.8244472E+02    7.6529768E+02    2.3337788E+02    1.9148292E+05    1.5585524E+04
    5.6500000E+00    5.0000000E+01    2.8256839E+02    7.6680892E+02    2.3392851E+02    1.9070430E+05    1.5522197E+04
    5.7500000E+00    5.0000000E+01    2.8269212E+02    7.6832165E+02    2.3447980E+02    1.8992265E+05    1.5458624E+04
    5.8500000E+00    5.0000000E+01    2.8281591E+02    7.6983587E+02    2.3503173E+02    1.8913795E+05    1.5394803E+04
    5.9500000E+00    5.0000000E+01    2.8293975E+02    7.7135158E+02    2.3558432E+02    1.8835018E+05    1.5330732E+04
    6.0500000E+00    5.0000000E+01    2.8306366E+02    7.7286878E+02    2.3613755E+02    1.8755932E+05    1.5266409E+04
    6.1500000E+00    5.0000000E+01    2.8318761E+02    7.7438748E+02    2.3669143E+02    1.8676535E+05    1.5201833E+04
    6.2500000E+00    5.0000000E+01    2.8331163E+02    7.7590766E+02    2.3724597E+02    1.8596823E+05    1.5137000E+04
    6.3500000E+00    5.0000000E+01    2.8343570E+02    7.7742934E+02    2.3780115E+02    1.8516795E+05    1.5071910E+04
    6.4500000E+00    5.0000000E+01    2.8355982E+02    7.7895251E+02    2.3835698E+02    1.8436447E+05    1.5006560E+04
    6.5500000E+00    5.0000000E+01    2.8368399E+02    7.8047717E+02    2.3891346E+02    1.8355778E+05    1.4940948E+04
    6.6500000E+00    5.0000000E+01    2.8380821E+02    7.8200332E+02    2.3947059E+02    1.8274784E+05    1.4875072E+04
    6.7500000E+00    5.0000000E+01    2.8393249E+02    7.8353097E+02    2.4002837E+02    1.8193464E+05    1.4808929E+04
    6.8500000E+00    5.0000000E+01    2.8405681E+02    7.8506011E+02    2.4058680E+02    1.8111814E+05    1.4742519E+04
    6.9500000E+00    5.0000000E+01    2.8418118E+02    7.8659073E+02    2.4114588E+02    1.8029832E+05    1.4675837E+04
    7.0500000E+00    5.0000000E+01    2.8430560E+02    7.8812285E+02    2.4170561E+02    1.7947515E+05    1.4608882E+04
    7.1500000E+00    5.0000000E+01    2.8443006E+02    7.8965647E+02    2.4226598E+02    1.7864860E+05    1.4541653E+04
    7.2500000E+00    5.0000000E+01    2.8455457E+02    7.9119157E+02    2.4282701E+02    1.7781864E+05    1.4474145E+04
    7.3500000E+00    5.0000000E+01    2.8467913E+02    7.9272816E+02    2.4338869E+02    1.7698525E+05    1.4406358E+04
    7.4500000E+00    5.0000000E+01    2.8480372E+02    7.9426625E+02    2.4395101E+02    1.7614839E+05    1.4338288E+04
    7.5500000E+00    5.0000000E+01    2.8492836E+02    7.9580583E+02    2.4451399E+02    1.7530804E+05    1.4269934E+04
    7.6500000E+00    5.0000000E+01    2.8505304E+02    7.9734690E+02    2.4507761E+02    1.7446417E+05    1.4201292E+04
    7.7500000E+00    5.0000000E+01    2.8517775E+02    7.9888946E+02    2.4564188E+02    1.7361673E+05    1.4132360E+04
    7.8500000E+00    5.0000000E+01    2.8530251E+02    8.0043351E+02    2.4620681E+02    1.7276571E+05    1.4063136E+04
    7.9500000E+00    5.0000000E+01    2.8542730E+02    8.0197906E+02    2.4677238E+02    1.7191107E+05    1.3993617E+04
    8.0500000E+00    5.0000000E+01    2.8555212E+02    8.0352610E+02    2.4733860E+02    1.7105278E+05    1.3923801E+04
    8.1500000E+00    5.0000000E+01    2.8567698E+02    8.0507462E+02    2.4790547E+02    1.7019080E+05    1.3853683E+04
    8.2500000E+00    5.0000000E+01    2.8580188E+02    8.0662464E+02    2.4847299E+02    1.6932510E+05    1.3783263E+04
    8.3500000E+00    5.0000000E+01    2.8592680E+02    8.0817616E+02    2.4904116E+02    1.6845565E+05    1.3712537E+04
    8.4500000E+00    5.0000000E+01    2.8605176E+02    8.0972916E+02    2.4960998E+02    1.6758241E+05    1.3641502E+04
    8.5500000E+00    5.0000000E+01    2.8617674E+02    8.1128366E+02    2.5017945E+02    1.6670534E+05    1.3570155E+04
    8.6500000E+00    5.0000000E+01    2.8630175E+02    8.1283964E+02    2.5074957E+02    1.6582442E+05    1.3498493E+04
    8.7500000E+00    5.0000000E+01    2.8642679E+02    8.1439712E+02    2.5132034E+02    1.6493959E+05    1.3426514E+04
    8.8500000E+00    5.0000000E+01    2.8655185E+02    8.1595609E+02    2.5189175E+02    1.6405083E+05    1.3354214E+04
    8.9500000E+00    5.0000000E+01    2.8667693E+02    8.1751655E+02    2.5246382E+02    1.6315809E+05    1.3281590E+04
    9.0500000E+00    5.0000000E+01    2.8680204E+02    8.1907851E+02    2.5303653E+02    1.6226134E+05    1.3208638E+04
    9.1500000E+00    5.0000000E+01    2.8692716E+02    8.2064195E+02    2.5360990E+02    1.6136053E+05    1.3135356E+04
    9.2500000E+00    5.0000000E+01    2.8705230E+02    8.2220689E+02    2.5418391E+02    1.6045563E+05    1.3061740E+04
    9.3500000E+00    5.0000000E+01    2.8717746E+02    8.2377332E+02    2.5475858E+02    1.5954659E+05    1.2987787E+04
    9.4500000E+00    5.0000000E+01    2.8730264E+02    8.2534124E+02    2.5533389E+02    1.5863337E+05    1.2913494E+04
    9.5500000E+00    5.0000000E+01    2.8742783E+02    8.2691065E+02    2.5590985E+02    1.5771592E+05    1.2838856E+04
    9.6500000E+00    5.0000000E+01    2.8755303E+02    8.2848155E+02    2.5648647E+02    1.5679421E+05    1.2763870E+04
    9.7500000E+00    5.0000000E+01    2.8767824E+02    8.3005395E+02    2.5706373E+02    1.5586818E+05    1.2688532E+04
    9.8500000E+00    5.0000000E+01    2.8780345E+02    8.3162784E+02    2.5764164E+02    1.5493780E+05    1.2612839E+04
    9.9500000E+00    5.0000000E+01    2.8792868E+02    8.3320322E+02    2.5822020E+02    1.5400300E+05    1.2536787E+04
    1.0050000E+01    5.0000000E+01    2.8805390E+02    8.3478009E+02    2.5879941E+02    1.5306375E+05    1.2460371E+04
    1.0150000E+01    5.0000000E+01    2.8817913E+02    8.3635845E+02    2.5937927E+02    1.5212000E+05    1.2383589E+04
    1.0250000E+01    5.0000000E+01    2.8830436E+02    8.3793830E+02    2.5995978E+02    1.5117169E+05    1.2306434E+04
    1.0350000E+01    5.0000000E+01    2.8842959E+02    8.3951965E+02    2.6054094E+02    1.5021877E+05    1.2228905E+04
    1.0450000E+01    5.0000000E+01    2.8855482E+02    8.4110249E+02    2.6112274E+02    1.4926119E+05    1.2150995E+04
    1.0550000E+01    5.0000000E+01    2.8868004E+02    8.4268681E+02    2.6170520E+02    1.4829889E+05    1.2072701E+04
    1.0650000E+01    5.0000000E+01    2.8880525E+02    8.4427264E+02    2.6228831E+02    1.4733183E+05    1.1994018E+04
    1.0750000E+01    5.0000000E+01    2.8893045E+02    8.4585995E+02    2.6287206E+02    1.4635994E+05    1.1914942E+04
    1.0850000E+01    5.0000000E+01    2.8905564E+02    8.4744875E+02    2.6345647E+02    1.4538316E+05    1.1835468E+04
    1.0950000E+01    5.0000000E+01    2.8918081E+02    8.4903905E+02    2.6404152E+02    1.4440143E+05    1.1755590E+04
    1.1050000E+01    5.0000000E+01    2.8930597E+02    8.5063084E+02    2.6462723E+02    1.4341471E+05    1.1675304E+04
    1.1150000E+01    5.0000000E+01    2.8943111E+02    8.5222411E+02    2.6521358E+02    1.4242291E+05    1.1594606E+04
    1.1250000E+01    5.0000000E+01    2.8955623E+02    8.5381889E+02    2.6580058E+02    1.4142598E+05    1.1513488E+04
    1.1350000E+01    5.0000000E+01    2.8968132E+02    8.5541515E+02    2.6638824E+02    1.4042385E+05    1.1431948E+04
    1.1450000E+01    5.0000000E+01    2.8980639E+02    8.5701290E+02    2.6697654E+02    1.3941645E+05    1.1349978E+04
    1.1550000E+01    5.0000000E+01    2.8993143E+02    8.5861215E+02    2.6756549E+02    1.3840372E+05    1.1267573E+04
    1.1650000E+01    5.0000000E+01    2.9005643E+02    8.6021289E+02    2.6815509E+02    1.3738559E+05    1.1184727E+04
    1.1750000E+01    5.0000000E+01    2.9018141E+02    8.6181511E+02    2.6874534E+02    1.3636198E+05    1.1101435E+04
    1.1850000E+01    5.0000000E+01    2.9030634E+02    8.6341884E+02    2.6933624E+02    1.3533281E+05    1.1017690E+04
    1.1950000E+01    5.0000000E+01    2.9043124E+02    8.6502405E+02    2.6992779E+02    1.3429801E+05    1.0933486E+04
    1.2050000E+01    5.0000000E+01    2.9055609E+02    8.6663075E+02    2.7051999E+02    1.3325750E+05    1.0848817E+04
    1.2150000E+01    5.0000000E+01    2.9068090E+02    8.6823895E+02    2.7111283E+02    1.3221120E+05    1.0763676E+04
    1.2250000E+01    5.0000000E+01    2.9080567E+02    8.6984864E+02    2.7170633E+02    1.3115903E+05    1.0678056E+04
    1.2350000E+01    5.0000000E+01    2.9093038E+02    8.7145981E+02    2.7230048E+02    1.3010089E+05    1.0591950E+04
    1.2450000E+01    5.0000000E+01    2.9105503E+02    8.7307249E+02    2.7289527E+02    1.2903671E+05    1.0505351E+04
    1.2550000E+01    5.0000000E+01    2.9117963E+02    8.7468665E+02    2.7349072E+02    1.2796638E+05    1.0418252E+04
    1.2650000E+01    5.0000000E+01    2.9130417E+02    8.7630230E+02    2.7408681E+02    1.2688982E+05    1.0330644E+04
    1.2750000E+01    5.0000000E+01    2.9142864E+02    8.7791945E+02    2.7468356E+02    1.2580693E+05    1.0242521E+04
    1.2850000E+01    5.0000000E+01    2.9155305E+02    8.7953809E+02    2.7528095E+02    1.2471761E+05    1.0153873E+04
    1.2950000E+01    5.0000000E+01    2.9167739E+02    8.8115822E+02    2.7587899E+02    1.2362176E+05    1.0064692E+04
    1.3050000E+01    5.0000000E+01    2.9180165E+02    8.8277984E+02    2.7647769E+02    1.2251926E+05    9.9749705E+03
    1.3150000E+01    5.0000000E+01    2.9192584E+02    8.8440295E+02    2.7707703E+02    1.2141001E+05    9.8846986E+03
    1.3250000E+01    5.0000000E+01    2.9204995E+02    8.8602755E+02    2.7767702E+02    1.2029390E+05    9.7938673E+03
    1.3350000E+01    5.0000000E+01    2.9217397E+02    8.8765365E+02    2.7827766E+02    1.1917081E+05    9.7024670E+03
    1.3450000E+01    5.0000000E+01    2.9229790E+02    8.8928124E+02    2.7887895E+02    1.1804061E+05    9.6104878E+03
    1.3550000E+01    5.0000000E+01    2.9242175E+02    8.9091032E+02    2.7948089E+02    1.1690319E+05    9.5179196E+03
    1.3650000E+01    5.0000000E+01    2.9254550E+02    8.9254089E+02    2.8008348E+02    1.1575841E+05    9.4247517E+03
    1.3750000E+01    5.0000000E+01    2.9266914E+02    8.9417295E+02    2.8068672E+02    1.1460614E+05    9.3309732E+03
    1.3850000E+01    5.0000000E+01    2.9279269E+02    8.9580650E+02    2.8129061E+02    1.1344624E+05    9.2365728E+03
    1.3950000E+01    5.0000000E+01    2.9291613E+02    8.9744155E+02    2.8189514E+02    1.1227857E+05    9.1415386E+03
    1.4050000E+01    5.0000000E+01    2.9303945E+02    8.9907809E+02    2.8250033E+02    1.1110296E+05    9.0458585E+03
    1.4150000E+01    5.0000000E+01    2.9316266E+02    9.0071612E+02    2.8310617E+02    1.0991928E+05    8.9495198E+03
    1.4250000E+01    5.0000000E+01    2.9328575E+02    9.0235564E+02    2.8371265E+02    1.0872736E+05    8.8525094E+03
    1.4350000E+01    5.0000000E+01    2.9340872E+02    9.0399665E+02    2.8431979E+02    1.0752702E+05    8.7548134E+03
    1.4450000E+01    5.0000000E+01    2.9353156E+02    9.0563916E+02    2.8492757E+02    1.0631810E+05    8.6564178E+03
    1.4550000E+01    5.0000000E+01    2.9365426E+02    9.0728315E+02    2.8553601E+02    1.0510041E+05    8.5573076E+03
    1.4650000E+01    5.0000000E+01    2.9377683E+02    9.0892864E+02    2.8614509E+02    1.0387377E+05    8.4574675E+03
    1.4750000E+01    5.0000000E+01    2.9389925E+02    9.1057562E+02    2.8675482E+02    1.0263797E+05    8.3568813E+03
    1.4850000E+01    5.0000000E+01    2.9402153E+02    9.1222409E+02    2.8736520E+02    1.0139281E+05    8.2555322E+03
    1.4950000E+01    5.0000000E+01    2.9414365E+02    9.1387405E+02    2.8797624E+02    1.0013808E+05    8.1534027E+03
    1.5050000E+01    5.0000000E+01    2.9426562E+02    9.1552551E+02    2.8858792E+02    9.8873541E+04    8.0504744E+03
    1.5150000E+01    5.0000000E+01    2.9438742E+02    9.1717845E+02    2.8920025E+02    9.7598969E+04    7.9467282E+03
    1.5250000E+01    5.0000000E+01    2.9450906E+02    9.1883289E+02    2.8981323E+02    9.6314115E+04    7.8421440E+03
    1.5350000E+01    5.0000000E+01    2.9463053E+02    9.2048882E+02    2.9042686E+02    9.5018720E+04    7.7367007E+03
    1.5450000E+01    5.0000000E+01    2.9475181E+02    9.2214624E+02    2.9104114E+02    9.3712513E+04    7.6303763E+03
    1.5550000E+01    5.0000000E+01    2.9487291E+02    9.2380515E+02    2.9165606E+02    9.2395209E+04    7.5231475E+03
    1.5650000E+01    5.0000000E+01    2.9499383E+02    9.2546555E+02    2.9227164E+02    9.1066510E+04    7.4149900E+03
    1.5750000E+01    5.0000000E+01    2.9511454E+02    9.2712745E+02    2.9288787E+02    8.9726100E+04    7.3058781E+03
    1.5850000E+01    5.0000000E+01    2.9523506E+02    9.2879084E+02    2.9350474E+02    8.8373647E+04    7.1957848E+03
    1.5950000E+01    5.0000000E+01    2.9535537E+02    9.3045572E+02    2.9412227E+02    8.7008801E+04    7.0846816E+03
    1.6050000E+01    5.0000000E+01    2.9547547E+02    9.3212209E+02    2.9474045E+02    8.5631193E+04    6.9725382E+03
    1.6150000E+01    5.0000000E+01    2.9559534E+02    9.3378995E+02    2.9535927E+02    8.4240430E+04    6.8593229E+03
    1.6250000E+01    5.0000000E+01    2.9571499E+02    9.3545930E+02    2.9597875E+02    8.2836100E+04    6.7450018E+03
    1.6350000E+01    5.0000000E+01    2.9583441E+02    9.3713015E+02    2.9659887E+02    8.1417761E+04    6.6295392E+03
    1.6450000E+01    5.0000000E+01    2.9595359E+02    9.3880249E+02    2.9721964E+02    7.9984946E+04    6.5128969E+03
    1.6550000E+01    5.0000000E+01    2.9607253E+02    9.4047631E+02    2.9784106E+02    7.8537159E+04    6.3950344E+03
    1.6650000E+01    5.0000000E+01    2.9619121E+02    9.4215163E+02    2.9846314E+02    7.7073868E+04    6.2759086E+03
    1.6750000E+01    5.0000000E+01    2.9630963E+02    9.4382845E+02    2.9908586E+02    7.5594507E+04    6.1554732E+03
    1.6850000E+01    5.0000000E+01    2.9642779E+02    9.4550675E+02    2.9970923E+02    7.4098470E+04    6.0336789E+03
    1.6950000E+01    5.0000000E+01    2.9654567E+02    9.4718654E+02    3.0033325E+02    7.2585107E+04    5.9104726E+03
    1.7050000E+01    5.0000000E+01    2.9666327E+02    9.4886783E+02    3.0095792E+02    7.1053718E+04    5.7857975E+03
    1.7150000E+01    5.0000000E+01    2.9678058E+02    9.5055061E+02    3.0158324E+02    6.9503550E+04    5.6595922E+03
    1.7250000E+01    5.0000000E+01    2.9689759E+02    9.5223488E+02    3.0220921E+02    6.7933791E+04    5.5317904E+03
    1.7350000E+01    5.0000000E+01    2.9701429E+02    9.5392064E+02    3.0283582E+02    6.6343559E+04    5.4023203E+03
    1.7450000E+01    5.0000000E+01    2.9713068E+02    9.5560789E+02    3.0346309E+02    6.4731898E+04    5.2711040E+03
    1.7550000E+01    5.0000000E+01    2.9724674E+02    9.5729664E+02    3.0409101E+02    6.3097765E+04    5.1380567E+03
    1.7650000E+01    5.0000000E+01    2.9736247E+02    9.5898687E+02    3.0471958E+02    6.1440023E+04    5.0030855E+03
    1.7750000E+01    5.0000000E+01    2.9747786E+02    9.6067860E+02    3.0534879E+02    5.9757420E+04    4.8660887E+03
    1.7850000E+01    5.0000000E+01    2.9759290E+02    9.6237182E+02    3.0597866E+02    5.8048583E+04    4.7269542E+03
    1.7950000E+01    5.0000000E+01    2.9770757E+02    9.6406653E+02    3.0660917E+02    5.6311989E+04    4.5855581E+03
    1.8050000E+01    5.0000000E+01    2.9782187E+02    9.6576273E+02    3.0724034E+02    5.4545950E+04    4.4417627E+03
    1.8150000E+01    5.0000000E+01    2.9793579E+02    9.6746043E+02    3.0787215E+02    5.2748580E+04    4.2954145E+03
    1.8250000E+01    5.0000000E+01    2.9804931E+02    9.6915961E+02    3.0850461E+02    5.0917762E+04    4.1463410E+03
    1.8350000E+01    5.0000000E+01    2.9816243E+02    9.7086029E+02    3.0913772E+02    4.9051106E+04    3.9943474E+03
    1.8450000E+01    5.0000000E+01    2.9827512E+02    9.7256246E+02    3.0977149E+02    4.7145893E+04    3.8392124E+03
    1.8550000E+01    5.0000000E+01    2.9838738E+02    9.7426612E+02    3.1040590E+02    4.5199011E+04    3.6806823E+03
    1.8650000E+01    5.0000000E+01    2.9849919E+02    9.7597127E+02    3.1104096E+02    4.3206864E+04    3.5184642E+03
    1.8750000E+01    5.0000000E+01    2.9861054E+02    9.7767792E+02    3.1167667E+02    4.1165257E+04    3.3522164E+03
    1.8850000E+01    5.0000000E+01    2.9872141E+02    9.7938605E+02    3.1231303E+02    3.9069243E+04    3.1815359E+03
    1.8950000E+01    5.0000000E+01    2.9883178E+02    9.8109568E+02    3.1295004E+02    3.6912915E+04    3.0059414E+03
    1.9050000E+01    5.0000000E+01    2.9894163E+02    9.8280679E+02    3.1358770E+02    3.4689116E+04    2.8248499E+03
    1.9150000E+01    5.0000000E+01    2.9905093E+02    9.8451940E+02    3.1422600E+02    3.2389015E+04    2.6375419E+03
    1.9250000E+01    5.0000000E+01    2.9915967E+02    9.8623350E+02    3.1486496E+02    3.0001493E+04    2.4431117E+03
    1.9350000E+01    5.0000000E+01    2.9926780E+02    9.8794910E+02    3.1550457E+02    2.7512184E+04    2.2403887E+03
    1.9450000E+01    5.0000000E+01    2.9937528E+02    9.8966618E+02    3.1614482E+02    2.4901915E+04    2.0278111E+03
    1.9550000E+01    5.0000000E+01    2.9948207E+02    9.9138476E+02    3.1678573E+02    2.2144021E+04    1.8032062E+03
    1.9650000E+01    5.0000000E+01    2.9958808E+02    9.9310482E+02    3.1742728E+02    1.9199274E+04    1.5633779E+03
    1.9750000E+01    5.0000000E+01    2.9969321E+02    9.9482638E+02    3.1806949E+02    1.6005193E+04    1.3032347E+03
    1.9850000E+01    5.0000000E+01    2.9979727E+02    9.9654943E+02    3.1871234E+02    1.2449157E+04    1.0135986E+03
    1.9950000E+01    5.0000000E+01    2.9989988E+02    9.9827397E+02    3.1935585E+02    8.2771564E+03    6.7376240E+02
