# Time          5.0000E-02
# Units: Mol/m**3 Porous Medium/s
    Distance           Quartz           K-Feldspar_Li    Oligoclase_Li    Biotite_Li       Kaolinite_Li7    Kaolinite_Li6
    5.0000000E-02   -2.1628476E-14   -4.0115322E-11   -1.6226745E-10   -3.2554263E-11    1.1829246E-10    9.7829531E-12
    1.5000000E-01   -2.0248725E-14   -4.0132372E-11   -1.6260346E-10   -3.2635728E-11    1.1720992E-10    9.6773693E-12
    2.5000000E-01   -1.8865777E-14   -4.0149433E-11   -1.6294018E-10   -3.2717381E-11    1.1734335E-10    9.6740896E-12
    3.5000000E-01   -1.7479716E-14   -4.0166502E-11   -1.6327757E-10   -3.2799212E-11    1.1748873E-10    9.6733388E-12
    4.5000000E-01   -1.6090607E-14   -4.0183577E-11   -1.6361559E-10   -3.2881213E-11    1.1764348E-10    9.6747255E-12
    5.5000000E-01   -1.4698506E-14   -4.0200656E-11   -1.6395420E-10   -3.2963375E-11    1.1780622E-10    9.6779798E-12
    6.5000000E-01   -1.3303458E-14   -4.0217736E-11   -1.6429339E-10   -3.3045692E-11    1.1797582E-10    9.6828706E-12
    7.5000000E-01   -1.1905505E-14   -4.0234815E-11   -1.6463312E-10   -3.3128158E-11    1.1815132E-10    9.6891994E-12
    8.5000000E-01   -1.0504680E-14   -4.0251890E-11   -1.6497337E-10   -3.3210767E-11    1.1833194E-10    9.6967950E-12
    9.5000000E-01   -9.1010125E-15   -4.0268960E-11   -1.6531411E-10   -3.3293513E-11    1.1851703E-10    9.7055091E-12
    1.0500000E+00   -7.6945283E-15   -4.0286023E-11   -1.6565534E-10   -3.3376393E-11    1.1870601E-10    9.7152129E-12
    1.1500000E+00   -6.2852491E-15   -4.0303075E-11   -1.6599703E-10   -3.3459403E-11    1.1889843E-10    9.7257943E-12
    1.2500000E+00   -4.8731936E-15   -4.0320116E-11   -1.6633916E-10   -3.3542538E-11    1.1909387E-10    9.7371556E-12
    1.3500000E+00   -3.4583783E-15   -4.0337143E-11   -1.6668173E-10   -3.3625797E-11    1.1929200E-10    9.7492110E-12
    1.4500000E+00   -2.0408172E-15   -4.0354155E-11   -1.6702473E-10   -3.3709175E-11    1.1949252E-10    9.7618856E-12
    1.5500000E+00   -6.2052270E-16   -4.0371148E-11   -1.6736814E-10   -3.3792671E-11    1.1969518E-10    9.7751134E-12
    1.6500000E+00    0.0000000E+00   -4.0388122E-11   -1.6771195E-10   -3.3876283E-11    1.1989976E-10    9.7888363E-12
    1.7500000E+00    0.0000000E+00   -4.0405073E-11   -1.6805616E-10   -3.3960009E-11    1.2010607E-10    9.8030030E-12
    1.8500000E+00    0.0000000E+00   -4.0422001E-11   -1.6840076E-10   -3.4043848E-11    1.2031394E-10    9.8175684E-12
    1.9500000E+00    0.0000000E+00   -4.0438903E-11   -1.6874575E-10   -3.4127797E-11    1.2052323E-10    9.8324924E-12
    2.0500000E+00    0.0000000E+00   -4.0455777E-11   -1.6909111E-10   -3.4211856E-11    1.2073381E-10    9.8477396E-12
    2.1500000E+00    0.0000000E+00   -4.0472621E-11   -1.6943685E-10   -3.4296024E-11    1.2094557E-10    9.8632785E-12
    2.2500000E+00    0.0000000E+00   -4.0489432E-11   -1.6978296E-10   -3.4380300E-11    1.2115842E-10    9.8790811E-12
    2.3500000E+00    0.0000000E+00   -4.0506209E-11   -1.7012945E-10   -3.4464683E-11    1.2137226E-10    9.8951225E-12
    2.4500000E+00    0.0000000E+00   -4.0522950E-11   -1.7047630E-10   -3.4549173E-11    1.2158702E-10    9.9113806E-12
    2.5500000E+00    0.0000000E+00   -4.0539652E-11   -1.7082351E-10   -3.4633769E-11    1.2180263E-10    9.9278355E-12
    2.6500000E+00    0.0000000E+00   -4.0556313E-11   -1.7117109E-10   -3.4718470E-11    1.2201904E-10    9.9444697E-12
    2.7500000E+00    0.0000000E+00   -4.0572930E-11   -1.7151902E-10   -3.4803277E-11    1.2223618E-10    9.9612673E-12
    2.8500000E+00    0.0000000E+00   -4.0589502E-11   -1.7186732E-10   -3.4888189E-11    1.2245400E-10    9.9782142E-12
    2.9500000E+00    0.0000000E+00   -4.0606025E-11   -1.7221597E-10   -3.4973206E-11    1.2267248E-10    9.9952977E-12
    3.0500000E+00    0.0000000E+00   -4.0622497E-11   -1.7256499E-10   -3.5058327E-11    1.2289155E-10    1.0012506E-11
    3.1500000E+00    0.0000000E+00   -4.0638916E-11   -1.7291435E-10   -3.5143552E-11    1.2311120E-10    1.0029830E-11
    3.2500000E+00    0.0000000E+00   -4.0655279E-11   -1.7326408E-10   -3.5228882E-11    1.2333138E-10    1.0047259E-11
    3.3500000E+00    0.0000000E+00   -4.0671584E-11   -1.7361416E-10   -3.5314316E-11    1.2355208E-10    1.0064786E-11
    3.4500000E+00    0.0000000E+00   -4.0687827E-11   -1.7396460E-10   -3.5399854E-11    1.2377325E-10    1.0082403E-11
    3.5500000E+00    0.0000000E+00   -4.0704006E-11   -1.7431539E-10   -3.5485495E-11    1.2399489E-10    1.0100103E-11
    3.6500000E+00    0.0000000E+00   -4.0720118E-11   -1.7466654E-10   -3.5571241E-11    1.2421696E-10    1.0117881E-11
    3.7500000E+00    0.0000000E+00   -4.0736159E-11   -1.7501804E-10   -3.5657090E-11    1.2443945E-10    1.0135730E-11
    3.8500000E+00    0.0000000E+00   -4.0752128E-11   -1.7536989E-10   -3.5743043E-11    1.2466233E-10    1.0153646E-11
    3.9500000E+00    0.0000000E+00   -4.0768020E-11   -1.7572210E-10   -3.5829100E-11    1.2488560E-10    1.0171623E-11
    4.0500000E+00    0.0000000E+00   -4.0783833E-11   -1.7607466E-10   -3.5915260E-11    1.2510923E-10    1.0189659E-11
    4.1500000E+00    0.0000000E+00   -4.0799563E-11   -1.7642758E-10   -3.6001524E-11    1.2533322E-10    1.0207749E-11
    4.2500000E+00    0.0000000E+00   -4.0815207E-11   -1.7678085E-10   -3.6087892E-11    1.2555754E-10    1.0225890E-11
    4.3500000E+00    0.0000000E+00   -4.0830761E-11   -1.7713448E-10   -3.6174363E-11    1.2578219E-10    1.0244079E-11
    4.4500000E+00    0.0000000E+00   -4.0846223E-11   -1.7748845E-10   -3.6260938E-11    1.2600715E-10    1.0262313E-11
    4.5500000E+00    0.0000000E+00   -4.0861588E-11   -1.7784279E-10   -3.6347616E-11    1.2623241E-10    1.0280589E-11
    4.6500000E+00    0.0000000E+00   -4.0876852E-11   -1.7819747E-10   -3.6434398E-11    1.2645797E-10    1.0298905E-11
    4.7500000E+00    0.0000000E+00   -4.0892013E-11   -1.7855251E-10   -3.6521284E-11    1.2668382E-10    1.0317259E-11
    4.8500000E+00    0.0000000E+00   -4.0907065E-11   -1.7890790E-10   -3.6608273E-11    1.2690993E-10    1.0335649E-11
    4.9500000E+00    0.0000000E+00   -4.0922005E-11   -1.7926365E-10   -3.6695366E-11    1.2713632E-10    1.0354072E-11
    5.0500000E+00    0.0000000E+00   -4.0936829E-11   -1.7961975E-10   -3.6782562E-11    1.2736296E-10    1.0372528E-11
    5.1500000E+00    0.0000000E+00   -4.0951533E-11   -1.7997620E-10   -3.6869862E-11    1.2758986E-10    1.0391015E-11
    5.2500000E+00    0.0000000E+00   -4.0966113E-11   -1.8033301E-10   -3.6957266E-11    1.2781700E-10    1.0409530E-11
    5.3500000E+00    0.0000000E+00   -4.0980563E-11   -1.8069017E-10   -3.7044773E-11    1.2804438E-10    1.0428074E-11
    5.4500000E+00    0.0000000E+00   -4.0994880E-11   -1.8104769E-10   -3.7132384E-11    1.2827198E-10    1.0446645E-11
    5.5500000E+00    0.0000000E+00   -4.1009059E-11   -1.8140555E-10   -3.7220098E-11    1.2849982E-10    1.0465241E-11
    5.6500000E+00    0.0000000E+00   -4.1023095E-11   -1.8176378E-10   -3.7307916E-11    1.2872787E-10    1.0483861E-11
    5.7500000E+00    0.0000000E+00   -4.1036984E-11   -1.8212235E-10   -3.7395837E-11    1.2895613E-10    1.0502505E-11
    5.8500000E+00    0.0000000E+00   -4.1050720E-11   -1.8248128E-10   -3.7483862E-11    1.2918460E-10    1.0521171E-11
    5.9500000E+00    0.0000000E+00   -4.1064299E-11   -1.8284056E-10   -3.7571990E-11    1.2941328E-10    1.0539859E-11
    6.0500000E+00    0.0000000E+00   -4.1077715E-11   -1.8320020E-10   -3.7660222E-11    1.2964215E-10    1.0558568E-11
    6.1500000E+00    0.0000000E+00   -4.1090963E-11   -1.8356019E-10   -3.7748558E-11    1.2987121E-10    1.0577296E-11
    6.2500000E+00    0.0000000E+00   -4.1104038E-11   -1.8392053E-10   -3.7836997E-11    1.3010046E-10    1.0596044E-11
    6.3500000E+00    0.0000000E+00   -4.1116934E-11   -1.8428123E-10   -3.7925540E-11    1.3032989E-10    1.0614811E-11
    6.4500000E+00    0.0000000E+00   -4.1129645E-11   -1.8464228E-10   -3.8014186E-11    1.3055950E-10    1.0633595E-11
    6.5500000E+00    0.0000000E+00   -4.1142166E-11   -1.8500368E-10   -3.8102936E-11    1.3078928E-10    1.0652397E-11
    6.6500000E+00    0.0000000E+00   -4.1154491E-11   -1.8536544E-10   -3.8191790E-11    1.3101923E-10    1.0671215E-11
    6.7500000E+00    0.0000000E+00   -4.1166614E-11   -1.8572755E-10   -3.8280747E-11    1.3124934E-10    1.0690049E-11
    6.8500000E+00    0.0000000E+00   -4.1178527E-11   -1.8609001E-10   -3.8369807E-11    1.3147961E-10    1.0708899E-11
    6.9500000E+00    0.0000000E+00   -4.1190226E-11   -1.8645283E-10   -3.8458972E-11    1.3171004E-10    1.0727763E-11
    7.0500000E+00    0.0000000E+00   -4.1201704E-11   -1.8681600E-10   -3.8548239E-11    1.3194061E-10    1.0746642E-11
    7.1500000E+00    0.0000000E+00   -4.1212954E-11   -1.8717953E-10   -3.8637611E-11    1.3217133E-10    1.0765535E-11
    7.2500000E+00    0.0000000E+00   -4.1223969E-11   -1.8754341E-10   -3.8727086E-11    1.3240219E-10    1.0784441E-11
    7.3500000E+00    0.0000000E+00   -4.1234742E-11   -1.8790764E-10   -3.8816664E-11    1.3263319E-10    1.0803360E-11
    7.4500000E+00    0.0000000E+00   -4.1245266E-11   -1.8827222E-10   -3.8906346E-11    1.3286432E-10    1.0822292E-11
    7.5500000E+00    0.0000000E+00   -4.1255535E-11   -1.8863716E-10   -3.8996132E-11    1.3309558E-10    1.0841235E-11
    7.6500000E+00    0.0000000E+00   -4.1265539E-11   -1.8900246E-10   -3.9086021E-11    1.3332696E-10    1.0860190E-11
    7.7500000E+00    0.0000000E+00   -4.1275273E-11   -1.8936810E-10   -3.9176014E-11    1.3355846E-10    1.0879157E-11
    7.8500000E+00    0.0000000E+00   -4.1284728E-11   -1.8973410E-10   -3.9266110E-11    1.3379007E-10    1.0898133E-11
    7.9500000E+00    0.0000000E+00   -4.1293897E-11   -1.9010045E-10   -3.9356310E-11    1.3402179E-10    1.0917120E-11
    8.0500000E+00    0.0000000E+00   -4.1302770E-11   -1.9046716E-10   -3.9446613E-11    1.3425362E-10    1.0936117E-11
    8.1500000E+00    0.0000000E+00   -4.1311341E-11   -1.9083422E-10   -3.9537020E-11    1.3448555E-10    1.0955123E-11
    8.2500000E+00    0.0000000E+00   -4.1319600E-11   -1.9120164E-10   -3.9627531E-11    1.3471758E-10    1.0974137E-11
    8.3500000E+00    0.0000000E+00   -4.1327539E-11   -1.9156940E-10   -3.9718145E-11    1.3494969E-10    1.0993160E-11
    8.4500000E+00    0.0000000E+00   -4.1335149E-11   -1.9193752E-10   -3.9808863E-11    1.3518190E-10    1.1012192E-11
    8.5500000E+00    0.0000000E+00   -4.1342421E-11   -1.9230600E-10   -3.9899684E-11    1.3541418E-10    1.1031230E-11
    8.6500000E+00    0.0000000E+00   -4.1349345E-11   -1.9267483E-10   -3.9990609E-11    1.3564655E-10    1.1050276E-11
    8.7500000E+00    0.0000000E+00   -4.1355913E-11   -1.9304401E-10   -4.0081637E-11    1.3587898E-10    1.1069329E-11
    8.8500000E+00    0.0000000E+00   -4.1362115E-11   -1.9341354E-10   -4.0172769E-11    1.3611148E-10    1.1088388E-11
    8.9500000E+00    0.0000000E+00   -4.1367941E-11   -1.9378343E-10   -4.0264005E-11    1.3634405E-10    1.1107452E-11
    9.0500000E+00    0.0000000E+00   -4.1373380E-11   -1.9415367E-10   -4.0355344E-11    1.3657667E-10    1.1126523E-11
    9.1500000E+00    0.0000000E+00   -4.1378424E-11   -1.9452427E-10   -4.0446787E-11    1.3680934E-10    1.1145598E-11
    9.2500000E+00    0.0000000E+00   -4.1383060E-11   -1.9489522E-10   -4.0538333E-11    1.3704207E-10    1.1164677E-11
    9.3500000E+00    0.0000000E+00   -4.1387278E-11   -1.9526652E-10   -4.0629983E-11    1.3727483E-10    1.1183761E-11
    9.4500000E+00    0.0000000E+00   -4.1391068E-11   -1.9563818E-10   -4.0721737E-11    1.3750763E-10    1.1202848E-11
    9.5500000E+00    0.0000000E+00   -4.1394419E-11   -1.9601019E-10   -4.0813594E-11    1.3774045E-10    1.1221938E-11
    9.6500000E+00    0.0000000E+00   -4.1397318E-11   -1.9638255E-10   -4.0905554E-11    1.3797331E-10    1.1241031E-11
    9.7500000E+00    0.0000000E+00   -4.1399754E-11   -1.9675527E-10   -4.0997618E-11    1.3820618E-10    1.1260126E-11
    9.8500000E+00    0.0000000E+00   -4.1401716E-11   -1.9712834E-10   -4.1089786E-11    1.3843907E-10    1.1279223E-11
    9.9500000E+00    0.0000000E+00   -4.1403190E-11   -1.9750176E-10   -4.1182057E-11    1.3867196E-10    1.1298321E-11
    1.0050000E+01    0.0000000E+00   -4.1404166E-11   -1.9787554E-10   -4.1274432E-11    1.3890485E-10    1.1317419E-11
    1.0150000E+01    0.0000000E+00   -4.1404629E-11   -1.9824967E-10   -4.1366911E-11    1.3913774E-10    1.1336518E-11
    1.0250000E+01    0.0000000E+00   -4.1404567E-11   -1.9862416E-10   -4.1459493E-11    1.3937062E-10    1.1355617E-11
    1.0350000E+01    0.0000000E+00   -4.1403967E-11   -1.9899899E-10   -4.1552178E-11    1.3960348E-10    1.1374714E-11
    1.0450000E+01    0.0000000E+00   -4.1402816E-11   -1.9937419E-10   -4.1644967E-11    1.3983632E-10    1.1393811E-11
    1.0550000E+01    0.0000000E+00   -4.1401098E-11   -1.9974973E-10   -4.1737860E-11    1.4006913E-10    1.1412905E-11
    1.0650000E+01    0.0000000E+00   -4.1398802E-11   -2.0012563E-10   -4.1830856E-11    1.4030190E-10    1.1431997E-11
    1.0750000E+01    0.0000000E+00   -4.1395911E-11   -2.0050188E-10   -4.1923956E-11    1.4053462E-10    1.1451086E-11
    1.0850000E+01    0.0000000E+00   -4.1392411E-11   -2.0087849E-10   -4.2017160E-11    1.4076730E-10    1.1470171E-11
    1.0950000E+01    0.0000000E+00   -4.1388288E-11   -2.0125544E-10   -4.2110467E-11    1.4099991E-10    1.1489252E-11
    1.1050000E+01    0.0000000E+00   -4.1383525E-11   -2.0163276E-10   -4.2203877E-11    1.4123246E-10    1.1508328E-11
    1.1150000E+01    0.0000000E+00   -4.1378108E-11   -2.0201042E-10   -4.2297391E-11    1.4146494E-10    1.1527399E-11
    1.1250000E+01    0.0000000E+00   -4.1372020E-11   -2.0238844E-10   -4.2391009E-11    1.4169734E-10    1.1546464E-11
    1.1350000E+01    0.0000000E+00   -4.1365245E-11   -2.0276681E-10   -4.2484730E-11    1.4192965E-10    1.1565522E-11
    1.1450000E+01    0.0000000E+00   -4.1357767E-11   -2.0314554E-10   -4.2578555E-11    1.4216186E-10    1.1584573E-11
    1.1550000E+01    0.0000000E+00   -4.1349567E-11   -2.0352462E-10   -4.2672484E-11    1.4239397E-10    1.1603616E-11
    1.1650000E+01    0.0000000E+00   -4.1340630E-11   -2.0390405E-10   -4.2766516E-11    1.4262597E-10    1.1622650E-11
    1.1750000E+01    0.0000000E+00   -4.1330936E-11   -2.0428384E-10   -4.2860651E-11    1.4285784E-10    1.1641676E-11
    1.1850000E+01    0.0000000E+00   -4.1320469E-11   -2.0466398E-10   -4.2954891E-11    1.4308959E-10    1.1660691E-11
    1.1950000E+01    0.0000000E+00   -4.1309209E-11   -2.0504447E-10   -4.3049233E-11    1.4332120E-10    1.1679696E-11
    1.2050000E+01    0.0000000E+00   -4.1297138E-11   -2.0542532E-10   -4.3143680E-11    1.4355266E-10    1.1698689E-11
    1.2150000E+01    0.0000000E+00   -4.1284236E-11   -2.0580652E-10   -4.3238229E-11    1.4378397E-10    1.1717670E-11
    1.2250000E+01    0.0000000E+00   -4.1270484E-11   -2.0618808E-10   -4.3332883E-11    1.4401511E-10    1.1736638E-11
    1.2350000E+01    0.0000000E+00   -4.1255862E-11   -2.0656998E-10   -4.3427640E-11    1.4424608E-10    1.1755593E-11
    1.2450000E+01    0.0000000E+00   -4.1240348E-11   -2.0695224E-10   -4.3522501E-11    1.4447686E-10    1.1774534E-11
    1.2550000E+01    0.0000000E+00   -4.1223923E-11   -2.0733486E-10   -4.3617465E-11    1.4470745E-10    1.1793459E-11
    1.2650000E+01    0.0000000E+00   -4.1206564E-11   -2.0771783E-10   -4.3712532E-11    1.4493784E-10    1.1812368E-11
    1.2750000E+01    0.0000000E+00   -4.1188249E-11   -2.0810115E-10   -4.3807704E-11    1.4516801E-10    1.1831261E-11
    1.2850000E+01    0.0000000E+00   -4.1168957E-11   -2.0848482E-10   -4.3902979E-11    1.4539796E-10    1.1850136E-11
    1.2950000E+01    0.0000000E+00   -4.1148665E-11   -2.0886885E-10   -4.3998357E-11    1.4562767E-10    1.1868992E-11
    1.3050000E+01    0.0000000E+00   -4.1127349E-11   -2.0925323E-10   -4.4093839E-11    1.4585714E-10    1.1887829E-11
    1.3150000E+01    0.0000000E+00   -4.1104985E-11   -2.0963797E-10   -4.4189425E-11    1.4608635E-10    1.1906646E-11
    1.3250000E+01    0.0000000E+00   -4.1081549E-11   -2.1002305E-10   -4.4285114E-11    1.4631529E-10    1.1925441E-11
    1.3350000E+01    0.0000000E+00   -4.1057016E-11   -2.1040850E-10   -4.4380907E-11    1.4654395E-10    1.1944215E-11
    1.3450000E+01    0.0000000E+00   -4.1031361E-11   -2.1079429E-10   -4.4476803E-11    1.4677232E-10    1.1962965E-11
    1.3550000E+01    0.0000000E+00   -4.1004558E-11   -2.1118044E-10   -4.4572803E-11    1.4700038E-10    1.1981691E-11
    1.3650000E+01    0.0000000E+00   -4.0976580E-11   -2.1156694E-10   -4.4668906E-11    1.4722813E-10    1.2000393E-11
    1.3750000E+01    0.0000000E+00   -4.0947401E-11   -2.1195380E-10   -4.4765113E-11    1.4745555E-10    1.2019068E-11
    1.3850000E+01    0.0000000E+00   -4.0916991E-11   -2.1234101E-10   -4.4861424E-11    1.4768263E-10    1.2037716E-11
    1.3950000E+01    0.0000000E+00   -4.0885324E-11   -2.1272857E-10   -4.4957838E-11    1.4790935E-10    1.2056336E-11
    1.4050000E+01    0.0000000E+00   -4.0852370E-11   -2.1311648E-10   -4.5054356E-11    1.4813571E-10    1.2074927E-11
    1.4150000E+01    0.0000000E+00   -4.0818099E-11   -2.1350475E-10   -4.5150977E-11    1.4836168E-10    1.2093487E-11
    1.4250000E+01    0.0000000E+00   -4.0782482E-11   -2.1389337E-10   -4.5247702E-11    1.4858725E-10    1.2112016E-11
    1.4350000E+01    0.0000000E+00   -4.0745486E-11   -2.1428235E-10   -4.5344531E-11    1.4881242E-10    1.2130512E-11
    1.4450000E+01    0.0000000E+00   -4.0707081E-11   -2.1467168E-10   -4.5441463E-11    1.4903716E-10    1.2148975E-11
    1.4550000E+01    0.0000000E+00   -4.0667235E-11   -2.1506136E-10   -4.5538498E-11    1.4926146E-10    1.2167402E-11
    1.4650000E+01    0.0000000E+00   -4.0625912E-11   -2.1545140E-10   -4.5635638E-11    1.4948530E-10    1.2185793E-11
    1.4750000E+01    0.0000000E+00   -4.0583081E-11   -2.1584178E-10   -4.5732880E-11    1.4970867E-10    1.2204146E-11
    1.4850000E+01    0.0000000E+00   -4.0538705E-11   -2.1623253E-10   -4.5830227E-11    1.4993155E-10    1.2222461E-11
    1.4950000E+01    0.0000000E+00   -4.0492749E-11   -2.1662362E-10   -4.5927677E-11    1.5015393E-10    1.2240735E-11
    1.5050000E+01    0.0000000E+00   -4.0445176E-11   -2.1701507E-10   -4.6025230E-11    1.5037578E-10    1.2258968E-11
    1.5150000E+01    0.0000000E+00   -4.0395950E-11   -2.1740687E-10   -4.6122887E-11    1.5059710E-10    1.2277158E-11
    1.5250000E+01    0.0000000E+00   -4.0345030E-11   -2.1779903E-10   -4.6220648E-11    1.5081785E-10    1.2295303E-11
    1.5350000E+01    0.0000000E+00   -4.0292379E-11   -2.1819154E-10   -4.6318512E-11    1.5103804E-10    1.2313402E-11
    1.5450000E+01    0.0000000E+00   -4.0237954E-11   -2.1858440E-10   -4.6416480E-11    1.5125762E-10    1.2331454E-11
    1.5550000E+01    0.0000000E+00   -4.0181715E-11   -2.1897761E-10   -4.6514551E-11    1.5147660E-10    1.2349457E-11
    1.5650000E+01    0.0000000E+00   -4.0123619E-11   -2.1937118E-10   -4.6612726E-11    1.5169494E-10    1.2367409E-11
    1.5750000E+01    0.0000000E+00   -4.0063620E-11   -2.1976510E-10   -4.6711005E-11    1.5191263E-10    1.2385309E-11
    1.5850000E+01    0.0000000E+00   -4.0001674E-11   -2.2015938E-10   -4.6809387E-11    1.5212964E-10    1.2403155E-11
    1.5950000E+01    0.0000000E+00   -3.9937735E-11   -2.2055401E-10   -4.6907872E-11    1.5234595E-10    1.2420945E-11
    1.6050000E+01    0.0000000E+00   -3.9871752E-11   -2.2094899E-10   -4.7006462E-11    1.5256154E-10    1.2438678E-11
    1.6150000E+01    0.0000000E+00   -3.9803677E-11   -2.2134432E-10   -4.7105154E-11    1.5277639E-10    1.2456351E-11
    1.6250000E+01    0.0000000E+00   -3.9733458E-11   -2.2174001E-10   -4.7203951E-11    1.5299048E-10    1.2473963E-11
    1.6350000E+01    0.0000000E+00   -3.9661041E-11   -2.2213605E-10   -4.7302851E-11    1.5320377E-10    1.2491512E-11
    1.6450000E+01    0.0000000E+00   -3.9586371E-11   -2.2253245E-10   -4.7401854E-11    1.5341624E-10    1.2508995E-11
    1.6550000E+01    0.0000000E+00   -3.9509390E-11   -2.2292920E-10   -4.7500961E-11    1.5362787E-10    1.2526411E-11
    1.6650000E+01    0.0000000E+00   -3.9430038E-11   -2.2332630E-10   -4.7600172E-11    1.5383863E-10    1.2543756E-11
    1.6750000E+01    0.0000000E+00   -3.9348252E-11   -2.2372375E-10   -4.7699486E-11    1.5404849E-10    1.2561030E-11
    1.6850000E+01    0.0000000E+00   -3.9263968E-11   -2.2412156E-10   -4.7798904E-11    1.5425741E-10    1.2578229E-11
    1.6950000E+01    0.0000000E+00   -3.9177115E-11   -2.2451972E-10   -4.7898426E-11    1.5446537E-10    1.2595350E-11
    1.7050000E+01    0.0000000E+00   -3.9087623E-11   -2.2491823E-10   -4.7998051E-11    1.5467234E-10    1.2612392E-11
    1.7150000E+01    0.0000000E+00   -3.8995415E-11   -2.2531710E-10   -4.8097779E-11    1.5487827E-10    1.2629351E-11
    1.7250000E+01    0.0000000E+00   -3.8900410E-11   -2.2571632E-10   -4.8197611E-11    1.5508313E-10    1.2646224E-11
    1.7350000E+01    0.0000000E+00   -3.8802523E-11   -2.2611589E-10   -4.8297547E-11    1.5528688E-10    1.2663008E-11
    1.7450000E+01    0.0000000E+00   -3.8701663E-11   -2.2651581E-10   -4.8397586E-11    1.5548948E-10    1.2679699E-11
    1.7550000E+01    0.0000000E+00   -3.8597731E-11   -2.2691609E-10   -4.8497729E-11    1.5569089E-10    1.2696295E-11
    1.7650000E+01    0.0000000E+00   -3.8490621E-11   -2.2731672E-10   -4.8597976E-11    1.5589104E-10    1.2712790E-11
    1.7750000E+01    0.0000000E+00   -3.8380219E-11   -2.2771771E-10   -4.8698326E-11    1.5608990E-10    1.2729181E-11
    1.7850000E+01    0.0000000E+00   -3.8266399E-11   -2.2811905E-10   -4.8798779E-11    1.5628740E-10    1.2745463E-11
    1.7950000E+01    0.0000000E+00   -3.8149021E-11   -2.2852074E-10   -4.8899336E-11    1.5648347E-10    1.2761631E-11
    1.8050000E+01    0.0000000E+00   -3.8027931E-11   -2.2892278E-10   -4.8999997E-11    1.5667805E-10    1.2777678E-11
    1.8150000E+01    0.0000000E+00   -3.7902956E-11   -2.2932518E-10   -4.9100761E-11    1.5687106E-10    1.2793599E-11
    1.8250000E+01    0.0000000E+00   -3.7773898E-11   -2.2972793E-10   -4.9201629E-11    1.5706240E-10    1.2809385E-11
    1.8350000E+01    0.0000000E+00   -3.7640531E-11   -2.3013103E-10   -4.9302601E-11    1.5725196E-10    1.2825029E-11
    1.8450000E+01    0.0000000E+00   -3.7502590E-11   -2.3053448E-10   -4.9403676E-11    1.5743963E-10    1.2840520E-11
    1.8550000E+01    0.0000000E+00   -3.7359761E-11   -2.3093829E-10   -4.9504855E-11    1.5762527E-10    1.2855847E-11
    1.8650000E+01    0.0000000E+00   -3.7211670E-11   -2.3134245E-10   -4.9606137E-11    1.5780868E-10    1.2870995E-11
    1.8750000E+01    0.0000000E+00   -3.7057855E-11   -2.3174696E-10   -4.9707522E-11    1.5798967E-10    1.2885947E-11
    1.8850000E+01    0.0000000E+00   -3.6897739E-11   -2.3215183E-10   -4.9809012E-11    1.5816796E-10    1.2900682E-11
    1.8950000E+01    0.0000000E+00   -3.6730585E-11   -2.3255704E-10   -4.9910605E-11    1.5834321E-10    1.2915171E-11
    1.9050000E+01    0.0000000E+00   -3.6555422E-11   -2.3296261E-10   -5.0012301E-11    1.5851497E-10    1.2929378E-11
    1.9150000E+01    0.0000000E+00   -3.6370935E-11   -2.3336853E-10   -5.0114101E-11    1.5868263E-10    1.2943253E-11
    1.9250000E+01    0.0000000E+00   -3.6175279E-11   -2.3377481E-10   -5.0216005E-11    1.5884533E-10    1.2956726E-11
    1.9350000E+01    0.0000000E+00   -3.5965750E-11   -2.3418143E-10   -5.0318012E-11    1.5900182E-10    1.2969696E-11
    1.9450000E+01    0.0000000E+00   -3.5738170E-11   -2.3458840E-10   -5.0420123E-11    1.5915014E-10    1.2982004E-11
    1.9550000E+01    0.0000000E+00   -3.5485646E-11   -2.3499573E-10   -5.0522337E-11    1.5928710E-10    1.2993388E-11
    1.9650000E+01    0.0000000E+00   -3.5195745E-11   -2.3540340E-10   -5.0624655E-11    1.5940691E-10    1.3003380E-11
    1.9750000E+01    0.0000000E+00   -3.4843039E-11   -2.3581141E-10   -5.0727077E-11    1.5949773E-10    1.3011013E-11
    1.9850000E+01    0.0000000E+00   -3.4364309E-11   -2.3621975E-10   -5.0829602E-11    1.5953010E-10    1.3013889E-11
    1.9950000E+01    0.0000000E+00   -3.3536778E-11   -2.3662838E-10   -5.0932231E-11    1.5939996E-10    1.3003523E-11
