# Time          5.0000E-02
# Units: Dimensionless (Log10(Q/Keq)
    Distance           Quartz           K-Feldspar_Li    Oligoclase_Li    Biotite_Li       Kaolinite_Li7    Kaolinite_Li6
    5.0000000E-02   -2.2917983E-01   -4.4411238E+00   -8.6110733E+00   -3.1816036E+01    5.9473478E-03   -9.9920539E-03
    1.5000000E-01   -2.1033839E-01   -4.3886858E+00   -8.5657334E+00   -3.1406377E+01    5.9066873E-03   -1.0043190E-02
    2.5000000E-01   -1.9223951E-01   -4.3378862E+00   -8.5217847E+00   -3.1126650E+01    5.9317048E-03   -1.0027504E-02
    3.5000000E-01   -1.7482648E-01   -4.2886398E+00   -8.4791605E+00   -3.0900776E+01    5.9575718E-03   -1.0009951E-02
    4.5000000E-01   -1.5804868E-01   -4.2408410E+00   -8.4377690E+00   -3.0705087E+01    5.9841557E-03   -9.9907790E-03
    5.5000000E-01   -1.4186085E-01   -4.1943951E+00   -8.3975279E+00   -3.0529037E+01    6.0113882E-03   -9.9701567E-03
    6.5000000E-01   -1.2622234E-01   -4.1492165E+00   -8.3583632E+00   -3.0366981E+01    6.0392137E-03   -9.9482290E-03
    7.5000000E-01   -1.1109655E-01   -4.1052278E+00   -8.3202079E+00   -3.0215524E+01    6.0675867E-03   -9.9251205E-03
    8.5000000E-01   -9.6450353E-02   -4.0623589E+00   -8.2830014E+00   -3.0072460E+01    6.0964694E-03   -9.9009388E-03
    9.5000000E-01   -8.2253735E-02   -4.0205457E+00   -8.2466885E+00   -2.9936262E+01    6.1258311E-03   -9.8757769E-03
    1.0500000E+00   -6.8479382E-02   -3.9797299E+00   -8.2112188E+00   -2.9805832E+01    6.1556460E-03   -9.8497153E-03
    1.1500000E+00   -5.5102381E-02   -3.9398578E+00   -8.1765463E+00   -2.9680343E+01    6.1858932E-03   -9.8228239E-03
    1.2500000E+00   -4.2099947E-02   -3.9008802E+00   -8.1426286E+00   -2.9559159E+01    6.2165551E-03   -9.7951632E-03
    1.3500000E+00   -2.9451188E-02   -3.8627520E+00   -8.1094271E+00   -2.9441779E+01    6.2476177E-03   -9.7667859E-03
    1.4500000E+00   -1.7136903E-02   -3.8254312E+00   -8.0769058E+00   -2.9327797E+01    6.2790691E-03   -9.7377376E-03
    1.5500000E+00   -5.1394043E-03   -3.7888791E+00   -8.0450317E+00   -2.9216879E+01    6.3108998E-03   -9.7080581E-03
    1.6500000E+00    6.5576541E-03   -3.7530600E+00   -8.0137740E+00   -2.9108749E+01    6.3431023E-03   -9.6777819E-03
    1.7500000E+00    1.7969388E-02   -3.7179404E+00   -7.9831044E+00   -2.9003171E+01    6.3756706E-03   -9.6469387E-03
    1.8500000E+00    2.9109791E-02   -3.6834893E+00   -7.9529965E+00   -2.8899945E+01    6.4085999E-03   -9.6155546E-03
    1.9500000E+00    3.9991855E-02   -3.6496779E+00   -7.9234255E+00   -2.8798898E+01    6.4418867E-03   -9.5836518E-03
    2.0500000E+00    5.0627666E-02   -3.6164791E+00   -7.8943686E+00   -2.8699880E+01    6.4755288E-03   -9.5512496E-03
    2.1500000E+00    6.1028482E-02   -3.5838677E+00   -7.8658043E+00   -2.8602757E+01    6.5095244E-03   -9.5183646E-03
    2.2500000E+00    7.1204810E-02   -3.5518199E+00   -7.8377125E+00   -2.8507412E+01    6.5438729E-03   -9.4850108E-03
    2.3500000E+00    8.1166469E-02   -3.5203137E+00   -7.8100744E+00   -2.8413742E+01    6.5785742E-03   -9.4512003E-03
    2.4500000E+00    9.0922650E-02   -3.4893280E+00   -7.7828724E+00   -2.8321652E+01    6.6136287E-03   -9.4169431E-03
    2.5500000E+00    1.0048197E-01   -3.4588432E+00   -7.7560896E+00   -2.8231057E+01    6.6490377E-03   -9.3822476E-03
    2.6500000E+00    1.0985251E-01   -3.4288409E+00   -7.7297106E+00   -2.8141882E+01    6.6848026E-03   -9.3471208E-03
    2.7500000E+00    1.1904187E-01   -3.3993034E+00   -7.7037206E+00   -2.8054057E+01    6.7209256E-03   -9.3115682E-03
    2.8500000E+00    1.2805719E-01   -3.3702144E+00   -7.6781056E+00   -2.7967518E+01    6.7574091E-03   -9.2755940E-03
    2.9500000E+00    1.3690523E-01   -3.3415581E+00   -7.6528524E+00   -2.7882207E+01    6.7942558E-03   -9.2392017E-03
    3.0500000E+00    1.4559231E-01   -3.3133198E+00   -7.6279487E+00   -2.7798070E+01    6.8314689E-03   -9.2023935E-03
    3.1500000E+00    1.5412446E-01   -3.2854855E+00   -7.6033826E+00   -2.7715057E+01    6.8690519E-03   -9.1651709E-03
    3.2500000E+00    1.6250732E-01   -3.2580418E+00   -7.5791428E+00   -2.7633124E+01    6.9070085E-03   -9.1275343E-03
    3.3500000E+00    1.7074628E-01   -3.2309761E+00   -7.5552189E+00   -2.7552226E+01    6.9453428E-03   -9.0894839E-03
    3.4500000E+00    1.7884640E-01   -3.2042764E+00   -7.5316006E+00   -2.7472324E+01    6.9840590E-03   -9.0510186E-03
    3.5500000E+00    1.8681250E-01   -3.1779313E+00   -7.5082784E+00   -2.7393382E+01    7.0231617E-03   -9.0121373E-03
    3.6500000E+00    1.9464916E-01   -3.1519298E+00   -7.4852432E+00   -2.7315365E+01    7.0626556E-03   -8.9728380E-03
    3.7500000E+00    2.0236071E-01   -3.1262615E+00   -7.4624862E+00   -2.7238239E+01    7.1025458E-03   -8.9331182E-03
    3.8500000E+00    2.0995128E-01   -3.1009166E+00   -7.4399991E+00   -2.7161974E+01    7.1428375E-03   -8.8929749E-03
    3.9500000E+00    2.1742480E-01   -3.0758856E+00   -7.4177741E+00   -2.7086542E+01    7.1835361E-03   -8.8524049E-03
    4.0500000E+00    2.2478499E-01   -3.0511594E+00   -7.3958034E+00   -2.7011915E+01    7.2246473E-03   -8.8114044E-03
    4.1500000E+00    2.3203543E-01   -3.0267293E+00   -7.3740800E+00   -2.6938067E+01    7.2661770E-03   -8.7699691E-03
    4.2500000E+00    2.3917951E-01   -3.0025872E+00   -7.3525969E+00   -2.6864975E+01    7.3081312E-03   -8.7280946E-03
    4.3500000E+00    2.4622046E-01   -2.9787250E+00   -7.3313474E+00   -2.6792615E+01    7.3505162E-03   -8.6857758E-03
    4.4500000E+00    2.5316138E-01   -2.9551352E+00   -7.3103251E+00   -2.6720965E+01    7.3933385E-03   -8.6430077E-03
    4.5500000E+00    2.6000524E-01   -2.9318104E+00   -7.2895241E+00   -2.6650005E+01    7.4366047E-03   -8.5997845E-03
    4.6500000E+00    2.6675485E-01   -2.9087438E+00   -7.2689385E+00   -2.6579714E+01    7.4803218E-03   -8.5561005E-03
    4.7500000E+00    2.7341292E-01   -2.8859284E+00   -7.2485626E+00   -2.6510074E+01    7.5244969E-03   -8.5119494E-03
    4.8500000E+00    2.7998205E-01   -2.8633580E+00   -7.2283910E+00   -2.6441067E+01    7.5691371E-03   -8.4673248E-03
    4.9500000E+00    2.8646471E-01   -2.8410263E+00   -7.2084187E+00   -2.6372675E+01    7.6142502E-03   -8.4222199E-03
    5.0500000E+00    2.9286328E-01   -2.8189273E+00   -7.1886406E+00   -2.6304883E+01    7.6598438E-03   -8.3766276E-03
    5.1500000E+00    2.9918006E-01   -2.7970552E+00   -7.1690518E+00   -2.6237674E+01    7.7059258E-03   -8.3305407E-03
    5.2500000E+00    3.0541722E-01   -2.7754046E+00   -7.1496479E+00   -2.6171033E+01    7.7525044E-03   -8.2839515E-03
    5.3500000E+00    3.1157687E-01   -2.7539702E+00   -7.1304244E+00   -2.6104947E+01    7.7995881E-03   -8.2368521E-03
    5.4500000E+00    3.1766103E-01   -2.7327467E+00   -7.1113769E+00   -2.6039400E+01    7.8471854E-03   -8.1892344E-03
    5.5500000E+00    3.2367165E-01   -2.7117292E+00   -7.0925014E+00   -2.5974381E+01    7.8953051E-03   -8.1410899E-03
    5.6500000E+00    3.2961059E-01   -2.6909129E+00   -7.0737938E+00   -2.5909875E+01    7.9439565E-03   -8.0924099E-03
    5.7500000E+00    3.3547966E-01   -2.6702932E+00   -7.0552503E+00   -2.5845871E+01    7.9931488E-03   -8.0431854E-03
    5.8500000E+00    3.4128058E-01   -2.6498657E+00   -7.0368673E+00   -2.5782357E+01    8.0428917E-03   -7.9934071E-03
    5.9500000E+00    3.4701501E-01   -2.6296261E+00   -7.0186410E+00   -2.5719322E+01    8.0931951E-03   -7.9430654E-03
    6.0500000E+00    3.5268457E-01   -2.6095701E+00   -7.0005681E+00   -2.5656753E+01    8.1440689E-03   -7.8921504E-03
    6.1500000E+00    3.5829081E-01   -2.5896938E+00   -6.9826452E+00   -2.5594642E+01    8.1955238E-03   -7.8406520E-03
    6.2500000E+00    3.6383522E-01   -2.5699932E+00   -6.9648690E+00   -2.5532977E+01    8.2475703E-03   -7.7885597E-03
    6.3500000E+00    3.6931923E-01   -2.5504646E+00   -6.9472364E+00   -2.5471749E+01    8.3002194E-03   -7.7358627E-03
    6.4500000E+00    3.7474425E-01   -2.5311043E+00   -6.9297443E+00   -2.5410948E+01    8.3534825E-03   -7.6825498E-03
    6.5500000E+00    3.8011161E-01   -2.5119088E+00   -6.9123898E+00   -2.5350565E+01    8.4073711E-03   -7.6286098E-03
    6.6500000E+00    3.8542262E-01   -2.4928747E+00   -6.8951701E+00   -2.5290591E+01    8.4618972E-03   -7.5740307E-03
    6.7500000E+00    3.9067852E-01   -2.4739986E+00   -6.8780823E+00   -2.5231017E+01    8.5170729E-03   -7.5188005E-03
    6.8500000E+00    3.9588053E-01   -2.4552774E+00   -6.8611239E+00   -2.5171835E+01    8.5729110E-03   -7.4629067E-03
    6.9500000E+00    4.0102982E-01   -2.4367078E+00   -6.8442921E+00   -2.5113037E+01    8.6294243E-03   -7.4063365E-03
    7.0500000E+00    4.0612752E-01   -2.4182869E+00   -6.8275845E+00   -2.5054615E+01    8.6866261E-03   -7.3490766E-03
    7.1500000E+00    4.1117474E-01   -2.4000117E+00   -6.8109985E+00   -2.4996560E+01    8.7445301E-03   -7.2911135E-03
    7.2500000E+00    4.1617254E-01   -2.3818793E+00   -6.7945319E+00   -2.4938867E+01    8.8031504E-03   -7.2324333E-03
    7.3500000E+00    4.2112195E-01   -2.3638870E+00   -6.7781823E+00   -2.4881527E+01    8.8625016E-03   -7.1730214E-03
    7.4500000E+00    4.2602396E-01   -2.3460321E+00   -6.7619474E+00   -2.4824534E+01    8.9225984E-03   -7.1128630E-03
    7.5500000E+00    4.3087954E-01   -2.3283120E+00   -6.7458250E+00   -2.4767881E+01    8.9834562E-03   -7.0519430E-03
    7.6500000E+00    4.3568963E-01   -2.3107241E+00   -6.7298131E+00   -2.4711561E+01    9.0450908E-03   -6.9902455E-03
    7.7500000E+00    4.4045514E-01   -2.2932659E+00   -6.7139095E+00   -2.4655567E+01    9.1075184E-03   -6.9277544E-03
    7.8500000E+00    4.4517694E-01   -2.2759350E+00   -6.6981123E+00   -2.4599895E+01    9.1707558E-03   -6.8644531E-03
    7.9500000E+00    4.4985590E-01   -2.2587290E+00   -6.6824194E+00   -2.4544536E+01    9.2348202E-03   -6.8003242E-03
    8.0500000E+00    4.5449285E-01   -2.2416458E+00   -6.6668291E+00   -2.4489487E+01    9.2997294E-03   -6.7353501E-03
    8.1500000E+00    4.5908858E-01   -2.2246830E+00   -6.6513393E+00   -2.4434739E+01    9.3655016E-03   -6.6695126E-03
    8.2500000E+00    4.6364389E-01   -2.2078385E+00   -6.6359483E+00   -2.4380290E+01    9.4321557E-03   -6.6027928E-03
    8.3500000E+00    4.6815953E-01   -2.1911102E+00   -6.6206543E+00   -2.4326131E+01    9.4997111E-03   -6.5351714E-03
    8.4500000E+00    4.7263625E-01   -2.1744960E+00   -6.6054556E+00   -2.4272259E+01    9.5681879E-03   -6.4666283E-03
    8.5500000E+00    4.7707476E-01   -2.1579939E+00   -6.5903506E+00   -2.4218669E+01    9.6376067E-03   -6.3971429E-03
    8.6500000E+00    4.8147575E-01   -2.1416020E+00   -6.5753375E+00   -2.4165354E+01    9.7079889E-03   -6.3266938E-03
    8.7500000E+00    4.8583991E-01   -2.1253184E+00   -6.5604148E+00   -2.4112310E+01    9.7793564E-03   -6.2552592E-03
    8.8500000E+00    4.9016791E-01   -2.1091411E+00   -6.5455809E+00   -2.4059532E+01    9.8517320E-03   -6.1828163E-03
    8.9500000E+00    4.9446037E-01   -2.0930684E+00   -6.5308344E+00   -2.4007017E+01    9.9251391E-03   -6.1093417E-03
    9.0500000E+00    4.9871793E-01   -2.0770986E+00   -6.5161736E+00   -2.3954757E+01    9.9996019E-03   -6.0348111E-03
    9.1500000E+00    5.0294119E-01   -2.0612298E+00   -6.5015972E+00   -2.3902751E+01    1.0075145E-02   -5.9591997E-03
    9.2500000E+00    5.0713075E-01   -2.0454604E+00   -6.4871038E+00   -2.3850992E+01    1.0151796E-02   -5.8824815E-03
    9.3500000E+00    5.1128719E-01   -2.0297888E+00   -6.4726919E+00   -2.3799477E+01    1.0229579E-02   -5.8046298E-03
    9.4500000E+00    5.1541106E-01   -2.0142133E+00   -6.4583602E+00   -2.3748201E+01    1.0308524E-02   -5.7256170E-03
    9.5500000E+00    5.1950291E-01   -1.9987324E+00   -6.4441073E+00   -2.3697161E+01    1.0388658E-02   -5.6454146E-03
    9.6500000E+00    5.2356329E-01   -1.9833445E+00   -6.4299321E+00   -2.3646352E+01    1.0470011E-02   -5.5639929E-03
    9.7500000E+00    5.2759270E-01   -1.9680482E+00   -6.4158332E+00   -2.3595770E+01    1.0552613E-02   -5.4813214E-03
    9.8500000E+00    5.3159165E-01   -1.9528419E+00   -6.4018093E+00   -2.3545412E+01    1.0636498E-02   -5.3973685E-03
    9.9500000E+00    5.3556064E-01   -1.9377242E+00   -6.3878593E+00   -2.3495274E+01    1.0721696E-02   -5.3121012E-03
    1.0050000E+01    5.3950016E-01   -1.9226938E+00   -6.3739819E+00   -2.3445351E+01    1.0808243E-02   -5.2254856E-03
    1.0150000E+01    5.4341066E-01   -1.9077492E+00   -6.3601761E+00   -2.3395641E+01    1.0896173E-02   -5.1374865E-03
    1.0250000E+01    5.4729261E-01   -1.8928891E+00   -6.3464406E+00   -2.3346140E+01    1.0985523E-02   -5.0480673E-03
    1.0350000E+01    5.5114646E-01   -1.8781122E+00   -6.3327744E+00   -2.3296844E+01    1.1076331E-02   -4.9571902E-03
    1.0450000E+01    5.5497264E-01   -1.8634171E+00   -6.3191763E+00   -2.3247749E+01    1.1168636E-02   -4.8648159E-03
    1.0550000E+01    5.5877159E-01   -1.8488027E+00   -6.3056453E+00   -2.3198854E+01    1.1262479E-02   -4.7709035E-03
    1.0650000E+01    5.6254371E-01   -1.8342677E+00   -6.2921803E+00   -2.3150154E+01    1.1357902E-02   -4.6754108E-03
    1.0750000E+01    5.6628941E-01   -1.8198109E+00   -6.2787803E+00   -2.3101645E+01    1.1454949E-02   -4.5782937E-03
    1.0850000E+01    5.7000909E-01   -1.8054311E+00   -6.2654443E+00   -2.3053326E+01    1.1553667E-02   -4.4795065E-03
    1.0950000E+01    5.7370314E-01   -1.7911271E+00   -6.2521713E+00   -2.3005192E+01    1.1654102E-02   -4.3790018E-03
    1.1050000E+01    5.7737193E-01   -1.7768977E+00   -6.2389602E+00   -2.2957241E+01    1.1756304E-02   -4.2767299E-03
    1.1150000E+01    5.8101585E-01   -1.7627420E+00   -6.2258103E+00   -2.2909470E+01    1.1860325E-02   -4.1726397E-03
    1.1250000E+01    5.8463523E-01   -1.7486587E+00   -6.2127204E+00   -2.2861875E+01    1.1966217E-02   -4.0666774E-03
    1.1350000E+01    5.8823046E-01   -1.7346468E+00   -6.1996898E+00   -2.2814455E+01    1.2074037E-02   -3.9587874E-03
    1.1450000E+01    5.9180185E-01   -1.7207052E+00   -6.1867174E+00   -2.2767205E+01    1.2183843E-02   -3.8489116E-03
    1.1550000E+01    5.9534977E-01   -1.7068330E+00   -6.1738024E+00   -2.2720124E+01    1.2295695E-02   -3.7369894E-03
    1.1650000E+01    5.9887453E-01   -1.6930290E+00   -6.1609440E+00   -2.2673208E+01    1.2409656E-02   -3.6229578E-03
    1.1750000E+01    6.0237646E-01   -1.6792923E+00   -6.1481412E+00   -2.2626455E+01    1.2525793E-02   -3.5067509E-03
    1.1850000E+01    6.0585587E-01   -1.6656219E+00   -6.1353932E+00   -2.2579862E+01    1.2644173E-02   -3.3882998E-03
    1.1950000E+01    6.0931308E-01   -1.6520168E+00   -6.1226991E+00   -2.2533426E+01    1.2764870E-02   -3.2675328E-03
    1.2050000E+01    6.1274838E-01   -1.6384761E+00   -6.1100582E+00   -2.2487146E+01    1.2887957E-02   -3.1443749E-03
    1.2150000E+01    6.1616208E-01   -1.6249989E+00   -6.0974696E+00   -2.2441018E+01    1.3013514E-02   -3.0187475E-03
    1.2250000E+01    6.1955445E-01   -1.6115842E+00   -6.0849326E+00   -2.2395039E+01    1.3141622E-02   -2.8905687E-03
    1.2350000E+01    6.2292580E-01   -1.5982311E+00   -6.0724463E+00   -2.2349209E+01    1.3272367E-02   -2.7597524E-03
    1.2450000E+01    6.2627638E-01   -1.5849387E+00   -6.0600100E+00   -2.2303523E+01    1.3405840E-02   -2.6262088E-03
    1.2550000E+01    6.2960649E-01   -1.5717062E+00   -6.0476229E+00   -2.2257980E+01    1.3542134E-02   -2.4898434E-03
    1.2650000E+01    6.3291637E-01   -1.5585327E+00   -6.0352843E+00   -2.2212577E+01    1.3681349E-02   -2.3505574E-03
    1.2750000E+01    6.3620629E-01   -1.5454173E+00   -6.0229933E+00   -2.2167312E+01    1.3823588E-02   -2.2082471E-03
    1.2850000E+01    6.3947651E-01   -1.5323593E+00   -6.0107494E+00   -2.2122183E+01    1.3968960E-02   -2.0628035E-03
    1.2950000E+01    6.4272728E-01   -1.5193577E+00   -5.9985516E+00   -2.2077187E+01    1.4117580E-02   -1.9141122E-03
    1.3050000E+01    6.4595884E-01   -1.5064119E+00   -5.9863994E+00   -2.2032323E+01    1.4269568E-02   -1.7620527E-03
    1.3150000E+01    6.4917142E-01   -1.4935208E+00   -5.9742920E+00   -2.1987587E+01    1.4425050E-02   -1.6064985E-03
    1.3250000E+01    6.5236528E-01   -1.4806839E+00   -5.9622287E+00   -2.1942979E+01    1.4584160E-02   -1.4473163E-03
    1.3350000E+01    6.5554063E-01   -1.4679002E+00   -5.9502088E+00   -2.1898495E+01    1.4747039E-02   -1.2843656E-03
    1.3450000E+01    6.5869770E-01   -1.4551691E+00   -5.9382316E+00   -2.1854134E+01    1.4913834E-02   -1.1174983E-03
    1.3550000E+01    6.6183671E-01   -1.4424897E+00   -5.9262965E+00   -2.1809893E+01    1.5084701E-02   -9.4655813E-04
    1.3650000E+01    6.6495788E-01   -1.4298613E+00   -5.9144026E+00   -2.1765771E+01    1.5259807E-02   -7.7137991E-04
    1.3750000E+01    6.6806142E-01   -1.4172831E+00   -5.9025494E+00   -2.1721765E+01    1.5439325E-02   -5.9178918E-04
    1.3850000E+01    6.7114754E-01   -1.4047544E+00   -5.8907363E+00   -2.1677873E+01    1.5623440E-02   -4.0760132E-04
    1.3950000E+01    6.7421644E-01   -1.3922745E+00   -5.8789624E+00   -2.1634094E+01    1.5812347E-02   -2.1862085E-04
    1.4050000E+01    6.7726833E-01   -1.3798425E+00   -5.8672272E+00   -2.1590425E+01    1.6006254E-02   -2.4640550E-05
    1.4150000E+01    6.8030339E-01   -1.3674579E+00   -5.8555299E+00   -2.1546865E+01    1.6205380E-02    1.7455938E-04
    1.4250000E+01    6.8332183E-01   -1.3551198E+00   -5.8438700E+00   -2.1503411E+01    1.6409960E-02    3.7921236E-04
    1.4350000E+01    6.8632382E-01   -1.3428276E+00   -5.8322467E+00   -2.1460062E+01    1.6620240E-02    5.8956652E-04
    1.4450000E+01    6.8930956E-01   -1.3305804E+00   -5.8206593E+00   -2.1416815E+01    1.6836485E-02    8.0588590E-04
    1.4550000E+01    6.9227923E-01   -1.3183777E+00   -5.8091073E+00   -2.1373669E+01    1.7058976E-02    1.0284517E-03
    1.4650000E+01    6.9523299E-01   -1.3062186E+00   -5.7975899E+00   -2.1330622E+01    1.7288014E-02    1.2575640E-03
    1.4750000E+01    6.9817104E-01   -1.2941025E+00   -5.7861065E+00   -2.1287672E+01    1.7523918E-02    1.4935430E-03
    1.4850000E+01    7.0109354E-01   -1.2820287E+00   -5.7746564E+00   -2.1244817E+01    1.7767031E-02    1.7367310E-03
    1.4950000E+01    7.0400065E-01   -1.2699963E+00   -5.7632388E+00   -2.1202055E+01    1.8017719E-02    1.9874945E-03
    1.5050000E+01    7.0689254E-01   -1.2580048E+00   -5.7518532E+00   -2.1159385E+01    1.8276375E-02    2.2462261E-03
    1.5150000E+01    7.0976937E-01   -1.2460533E+00   -5.7404987E+00   -2.1116804E+01    1.8543420E-02    2.5133472E-03
    1.5250000E+01    7.1263131E-01   -1.2341411E+00   -5.7291748E+00   -2.1074311E+01    1.8819307E-02    2.7893109E-03
    1.5350000E+01    7.1547850E-01   -1.2222674E+00   -5.7178806E+00   -2.1031904E+01    1.9104524E-02    3.0746043E-03
    1.5450000E+01    7.1831110E-01   -1.2104316E+00   -5.7066154E+00   -2.0989581E+01    1.9399596E-02    3.3697529E-03
    1.5550000E+01    7.2112926E-01   -1.1986328E+00   -5.6953785E+00   -2.0947340E+01    1.9705090E-02    3.6753238E-03
    1.5650000E+01    7.2393313E-01   -1.1868702E+00   -5.6841690E+00   -2.0905179E+01    2.0021619E-02    3.9919301E-03
    1.5750000E+01    7.2672284E-01   -1.1751431E+00   -5.6729863E+00   -2.0863097E+01    2.0349847E-02    4.3202362E-03
    1.5850000E+01    7.2949854E-01   -1.1634506E+00   -5.6618294E+00   -2.0821092E+01    2.0690496E-02    4.6609629E-03
    1.5950000E+01    7.3226037E-01   -1.1517919E+00   -5.6506975E+00   -2.0779161E+01    2.1044348E-02    5.0148938E-03
    1.6050000E+01    7.3500847E-01   -1.1401660E+00   -5.6395898E+00   -2.0737303E+01    2.1412258E-02    5.3828825E-03
    1.6150000E+01    7.3774296E-01   -1.1285721E+00   -5.6285053E+00   -2.0695516E+01    2.1795157E-02    5.7658608E-03
    1.6250000E+01    7.4046398E-01   -1.1170093E+00   -5.6174430E+00   -2.0653798E+01    2.2194065E-02    6.1648481E-03
    1.6350000E+01    7.4317166E-01   -1.1054765E+00   -5.6064020E+00   -2.0612147E+01    2.2610099E-02    6.5809619E-03
    1.6450000E+01    7.4586612E-01   -1.0939727E+00   -5.5953811E+00   -2.0570561E+01    2.3044487E-02    7.0154305E-03
    1.6550000E+01    7.4854749E-01   -1.0824969E+00   -5.5843792E+00   -2.0529037E+01    2.3498583E-02    7.4696072E-03
    1.6650000E+01    7.5121588E-01   -1.0710478E+00   -5.5733952E+00   -2.0487575E+01    2.3973882E-02    7.9449873E-03
    1.6750000E+01    7.5387142E-01   -1.0596242E+00   -5.5624277E+00   -2.0446171E+01    2.4472040E-02    8.4432271E-03
    1.6850000E+01    7.5651422E-01   -1.0482249E+00   -5.5514753E+00   -2.0404823E+01    2.4994898E-02    8.9661671E-03
    1.6950000E+01    7.5914439E-01   -1.0368484E+00   -5.5405366E+00   -2.0363529E+01    2.5544507E-02    9.5158588E-03
    1.7050000E+01    7.6176205E-01   -1.0254932E+00   -5.5296099E+00   -2.0322286E+01    2.6123162E-02    1.0094597E-02
    1.7150000E+01    7.6436731E-01   -1.0141576E+00   -5.5186934E+00   -2.0281093E+01    2.6733438E-02    1.0704956E-02
    1.7250000E+01    7.6696027E-01   -1.0028399E+00   -5.5077853E+00   -2.0239945E+01    2.7378236E-02    1.1349837E-02
    1.7350000E+01    7.6954103E-01   -9.9153791E-01   -5.4968833E+00   -2.0198841E+01    2.8060838E-02    1.2032524E-02
    1.7450000E+01    7.7210971E-01   -9.8024955E-01   -5.4859850E+00   -2.0157776E+01    2.8784973E-02    1.2756744E-02
    1.7550000E+01    7.7466640E-01   -9.6897231E-01   -5.4750877E+00   -2.0116749E+01    2.9554897E-02    1.3526753E-02
    1.7650000E+01    7.7721120E-01   -9.5770342E-01   -5.4641885E+00   -2.0075754E+01    3.0375492E-02    1.4347434E-02
    1.7750000E+01    7.7974420E-01   -9.4643972E-01   -5.4532840E+00   -2.0034788E+01    3.1252390E-02    1.5224419E-02
    1.7850000E+01    7.8226550E-01   -9.3517763E-01   -5.4423700E+00   -1.9993847E+01    3.2192123E-02    1.6164239E-02
    1.7950000E+01    7.8477519E-01   -9.2391301E-01   -5.4314423E+00   -1.9952925E+01    3.3202318E-02    1.7174522E-02
    1.8050000E+01    7.8727335E-01   -9.1264107E-01   -5.4204954E+00   -1.9912017E+01    3.4291942E-02    1.8264234E-02
    1.8150000E+01    7.8976008E-01   -9.0135620E-01   -5.4095233E+00   -1.9871117E+01    3.5471616E-02    1.9443997E-02
    1.8250000E+01    7.9223545E-01   -8.9005177E-01   -5.3985186E+00   -1.9830217E+01    3.6754026E-02    2.0726497E-02
    1.8350000E+01    7.9469955E-01   -8.7871983E-01   -5.3874727E+00   -1.9789308E+01    3.8154464E-02    2.2127025E-02
    1.8450000E+01    7.9715246E-01   -8.6735081E-01   -5.3763749E+00   -1.9748381E+01    3.9691553E-02    2.3664205E-02
    1.8550000E+01    7.9959423E-01   -8.5593296E-01   -5.3652124E+00   -1.9707422E+01    4.1388230E-02    2.5360975E-02
    1.8650000E+01    8.0202496E-01   -8.4445173E-01   -5.3539690E+00   -1.9666417E+01    4.3273111E-02    2.7245948E-02
    1.8750000E+01    8.0444469E-01   -8.3288877E-01   -5.3426247E+00   -1.9625346E+01    4.5382412E-02    2.9355343E-02
    1.8850000E+01    8.0685350E-01   -8.2122053E-01   -5.3311534E+00   -1.9584186E+01    4.7762739E-02    3.1735764E-02
    1.8950000E+01    8.0925143E-01   -8.0941625E-01   -5.3195212E+00   -1.9542905E+01    5.0475207E-02    3.4448328E-02
    1.9050000E+01    8.1163852E-01   -7.9743475E-01   -5.3076827E+00   -1.9501463E+01    5.3601765E-02    3.7574982E-02
    1.9150000E+01    8.1401482E-01   -7.8521947E-01   -5.2955756E+00   -1.9459802E+01    5.7255203E-02    4.1228518E-02
    1.9250000E+01    8.1638035E-01   -7.7269014E-01   -5.2831114E+00   -1.9417844E+01    6.1595708E-02    4.5569121E-02
    1.9350000E+01    8.1873509E-01   -7.5972844E-01   -5.2701597E+00   -1.9375471E+01    6.6859676E-02    5.0833189E-02
    1.9450000E+01    8.2107902E-01   -7.4615124E-01   -5.2565187E+00   -1.9332502E+01    7.3413131E-02    5.7386746E-02
    1.9550000E+01    8.2341204E-01   -7.3165695E-01   -5.2418561E+00   -1.9288641E+01    8.1859034E-02    6.5832753E-02
    1.9650000E+01    8.2573398E-01   -7.1570562E-01   -5.2255770E+00   -1.9243355E+01    9.3276985E-02    7.7250810E-02
    1.9750000E+01    8.2804444E-01   -6.9720859E-01   -5.2064824E+00   -1.9195575E+01    1.0984373E-01    9.3817668E-02
    1.9850000E+01    8.3034163E-01   -6.7352711E-01   -5.1816659E+00   -1.9142717E+01    1.3684197E-01    1.2081602E-01
    1.9950000E+01    8.3257885E-01   -6.3581625E-01   -5.1413660E+00   -1.9076658E+01    1.9233700E-01    1.7631117E-01
