# Time          1.5000E+00
# Units: Mol/kgw
    Distance           H+               Na+              K+               Ca++             Mg++             Al+++            Fe+++            Fe++             Li7+             Li6+             SiO2(aq)         CO2(aq)          O2(aq)           Cl-          
    5.0000000E-02   -5.9017690E-05    3.2498838E-05    8.7033761E-06    3.4360501E-05    1.4628513E-05    5.9581952E-08    9.7240153E-17    6.9887670E-08    3.6401586E-08    2.9217016E-09    2.1546272E-05    6.5218834E-04    3.1939658E-04    8.0520397E-05
    1.5000000E-01   -6.1549851E-05    3.3685399E-05    9.0949660E-06    3.5312911E-05    1.5161789E-05    5.3905602E-08    9.9834679E-17    1.4323432E-07    3.7694024E-08    3.0205071E-09    2.3073510E-05    6.6958979E-04    3.2791860E-04    8.2668813E-05
    2.5000000E-01   -6.2640147E-05    3.4066634E-05    9.2728956E-06    3.5405167E-05    1.5332607E-05    4.9741417E-08    9.9992075E-17    2.1691732E-07    3.8106676E-08    3.0490658E-09    2.4091133E-05    6.7064544E-04    3.2843559E-04    8.2799146E-05
    3.5000000E-01   -6.3645108E-05    3.4399098E-05    9.4379238E-06    3.5444726E-05    1.5481532E-05    4.6037992E-08    9.9999957E-17    2.9079268E-07    3.8470213E-08    3.0740929E-09    2.5079543E-05    6.7069831E-04    3.2846148E-04    8.2805673E-05
    4.5000000E-01   -6.4648836E-05    3.4729751E-05    9.6025132E-06    3.5481699E-05    1.5629704E-05    4.2693442E-08    1.0000030E-16    3.6485309E-07    3.8835993E-08    3.0996710E-09    2.6068538E-05    6.7070061E-04    3.2846260E-04    8.2805957E-05
    5.5000000E-01   -6.5655485E-05    3.5060979E-05    9.7672972E-06    3.5518632E-05    1.5778197E-05    3.9663061E-08    1.0000031E-16    4.3909858E-07    3.9206399E-08    3.1259515E-09    2.7059596E-05    6.7070070E-04    3.2846265E-04    8.2805968E-05
    6.5000000E-01   -6.6665140E-05    3.5392887E-05    9.9323040E-06    3.5555637E-05    1.5927059E-05    3.6910322E-08    1.0000031E-16    5.1352946E-07    3.9581342E-08    3.1528914E-09    2.8052749E-05    6.7070070E-04    3.2846265E-04    8.2805968E-05
    7.5000000E-01   -6.7677716E-05    3.5725482E-05    1.0097535E-05    3.5592719E-05    1.6076292E-05    3.4403833E-08    1.0000031E-16    5.8814609E-07    3.9960648E-08    3.1804453E-09    2.9047972E-05    6.7070070E-04    3.2846265E-04    8.2805968E-05
    8.5000000E-01   -6.8693135E-05    3.6058765E-05    1.0262990E-05    3.5629877E-05    1.6225898E-05    3.2116448E-08    1.0000031E-16    6.6294878E-07    4.0344167E-08    3.2085731E-09    3.0045240E-05    6.7070070E-04    3.2846265E-04    8.2805968E-05
    9.5000000E-01   -6.9711331E-05    3.6392735E-05    1.0428671E-05    3.5667112E-05    1.6375876E-05    3.0024593E-08    1.0000031E-16    7.3793784E-07    4.0731770E-08    3.2372394E-09    3.1044533E-05    6.7070070E-04    3.2846265E-04    8.2805968E-05
    1.0500000E+00   -7.0732245E-05    3.6727395E-05    1.0594576E-05    3.5704423E-05    1.6526227E-05    2.8107720E-08    1.0000031E-16    8.1311358E-07    4.1123344E-08    3.2664130E-09    3.2045832E-05    6.7070070E-04    3.2846265E-04    8.2805968E-05
    1.1500000E+00   -7.1755825E-05    3.7062746E-05    1.0760707E-05    3.5741812E-05    1.6676953E-05    2.6347855E-08    1.0000031E-16    8.8847628E-07    4.1518792E-08    3.2960664E-09    3.3049121E-05    6.7070070E-04    3.2846265E-04    8.2805968E-05
    1.2500000E+00   -7.2782027E-05    3.7398787E-05    1.0927063E-05    3.5779278E-05    1.6828052E-05    2.4729224E-08    1.0000031E-16    9.6402624E-07    4.1918030E-08    3.3261752E-09    3.4054387E-05    6.7070070E-04    3.2846265E-04    8.2805968E-05
    1.3500000E+00   -7.3810813E-05    3.7735521E-05    1.1093645E-05    3.5816821E-05    1.6979527E-05    2.3237938E-08    1.0000031E-16    1.0397637E-06    4.2320984E-08    3.3567178E-09    3.5061618E-05    6.7070070E-04    3.2846265E-04    8.2805968E-05
    1.4500000E+00   -7.4842149E-05    3.8072947E-05    1.1260453E-05    3.5854441E-05    1.7131378E-05    2.1861731E-08    1.0000031E-16    1.1156890E-06    4.2727590E-08    3.3876750E-09    3.6070805E-05    6.7070070E-04    3.2846265E-04    8.2805968E-05
    1.5500000E+00   -7.5876005E-05    3.8411068E-05    1.1427488E-05    3.5892138E-05    1.7283605E-05    2.0589741E-08    1.0000031E-16    1.1918023E-06    4.3137791E-08    3.4190298E-09    3.7081939E-05    6.7070070E-04    3.2846265E-04    8.2805968E-05
    1.6500000E+00   -7.6912354E-05    3.8749882E-05    1.1594749E-05    3.5929913E-05    1.7436208E-05    1.9412323E-08    1.0000031E-16    1.2681040E-06    4.3551539E-08    3.4507672E-09    3.8095013E-05    6.7070070E-04    3.2846265E-04    8.2805968E-05
    1.7500000E+00   -7.7951174E-05    3.9089393E-05    1.1762237E-05    3.5967766E-05    1.7589189E-05    1.8320890E-08    1.0000031E-16    1.3445943E-06    4.3968791E-08    3.4828735E-09    3.9110022E-05    6.7070070E-04    3.2846265E-04    8.2805968E-05
    1.8500000E+00   -7.8992443E-05    3.9429599E-05    1.1929952E-05    3.6005696E-05    1.7742547E-05    1.7307780E-08    1.0000031E-16    1.4212734E-06    4.4389507E-08    3.5153369E-09    4.0126962E-05    6.7070070E-04    3.2846265E-04    8.2805968E-05
    1.9500000E+00   -8.0036146E-05    3.9770502E-05    1.2097894E-05    3.6043704E-05    1.7896283E-05    1.6366141E-08    1.0000031E-16    1.4981415E-06    4.4813656E-08    3.5481466E-09    4.1145826E-05    6.7070070E-04    3.2846265E-04    8.2805968E-05
    2.0500000E+00   -8.1082264E-05    4.0112103E-05    1.2266064E-05    3.6081789E-05    1.8050398E-05    1.5489829E-08    1.0000031E-16    1.5751990E-06    4.5241207E-08    3.5812930E-09    4.2166611E-05    6.7070070E-04    3.2846265E-04    8.2805968E-05
    2.1500000E+00   -8.2130785E-05    4.0454403E-05    1.2434461E-05    3.6119953E-05    1.8204892E-05    1.4673326E-08    1.0000031E-16    1.6524461E-06    4.5672135E-08    3.6147678E-09    4.3189313E-05    6.7070070E-04    3.2846265E-04    8.2805968E-05
    2.2500000E+00   -8.3181695E-05    4.0797402E-05    1.2603085E-05    3.6158194E-05    1.8359766E-05    1.3911664E-08    1.0000031E-16    1.7298830E-06    4.6106417E-08    3.6485631E-09    4.4213929E-05    6.7070070E-04    3.2846265E-04    8.2805968E-05
    2.3500000E+00   -8.4234985E-05    4.1141100E-05    1.2771938E-05    3.6196514E-05    1.8515020E-05    1.3200362E-08    1.0000031E-16    1.8075100E-06    4.6544033E-08    3.6826723E-09    4.5240456E-05    6.7070070E-04    3.2846265E-04    8.2805968E-05
    2.4500000E+00   -8.5290644E-05    4.1485500E-05    1.2941018E-05    3.6234911E-05    1.8670655E-05    1.2535374E-08    1.0000031E-16    1.8853273E-06    4.6984966E-08    3.7170892E-09    4.6268892E-05    6.7070070E-04    3.2846265E-04    8.2805968E-05
    2.5500000E+00   -8.6348664E-05    4.1830601E-05    1.3110327E-05    3.6273387E-05    1.8826670E-05    1.1913035E-08    1.0000031E-16    1.9633351E-06    4.7429199E-08    3.7518085E-09    4.7299235E-05    6.7070070E-04    3.2846265E-04    8.2805968E-05
    2.6500000E+00   -8.7409037E-05    4.2176404E-05    1.3279864E-05    3.6311941E-05    1.8983067E-05    1.1330024E-08    1.0000031E-16    2.0415337E-06    4.7876720E-08    3.7868251E-09    4.8331484E-05    6.7070070E-04    3.2846265E-04    8.2805968E-05
    2.7500000E+00   -8.8471757E-05    4.2522910E-05    1.3449629E-05    3.6350574E-05    1.9139847E-05    1.0783324E-08    1.0000031E-16    2.1199233E-06    4.8327517E-08    3.8221349E-09    4.9365637E-05    6.7070070E-04    3.2846265E-04    8.2805968E-05
    2.8500000E+00   -8.9536818E-05    4.2870119E-05    1.3619623E-05    3.6389284E-05    1.9297008E-05    1.0270191E-08    1.0000031E-16    2.1985042E-06    4.8781580E-08    3.8577338E-09    5.0401693E-05    6.7070070E-04    3.2846265E-04    8.2805968E-05
    2.9500000E+00   -9.0604215E-05    4.3218033E-05    1.3789846E-05    3.6428074E-05    1.9454553E-05    9.7881243E-09    1.0000031E-16    2.2772765E-06    4.9238899E-08    3.8936184E-09    5.1439651E-05    6.7070070E-04    3.2846265E-04    8.2805968E-05
    3.0500000E+00   -9.1673943E-05    4.3566653E-05    1.3960297E-05    3.6466942E-05    1.9612481E-05    9.3348444E-09    1.0000031E-16    2.3562406E-06    4.9699468E-08    3.9297857E-09    5.2479511E-05    6.7070070E-04    3.2846265E-04    8.2805968E-05
    3.1500000E+00   -9.2745998E-05    4.3915977E-05    1.4130978E-05    3.6505889E-05    1.9770793E-05    8.9082676E-09    1.0000031E-16    2.4353966E-06    5.0163281E-08    3.9662328E-09    5.3521273E-05    6.7070070E-04    3.2846265E-04    8.2805968E-05
    3.2500000E+00   -9.3820378E-05    4.4266009E-05    1.4301887E-05    3.6544914E-05    1.9929490E-05    8.5064879E-09    1.0000031E-16    2.5147449E-06    5.0630330E-08    4.0029572E-09    5.4564936E-05    6.7070070E-04    3.2846265E-04    8.2805968E-05
    3.3500000E+00   -9.4897079E-05    4.4616748E-05    1.4473026E-05    3.6584019E-05    2.0088571E-05    8.1277592E-09    1.0000031E-16    2.5942855E-06    5.1100613E-08    4.0399569E-09    5.5610500E-05    6.7070070E-04    3.2846265E-04    8.2805968E-05
    3.4500000E+00   -9.5976099E-05    4.4968194E-05    1.4644393E-05    3.6623202E-05    2.0248038E-05    7.7704802E-09    1.0000031E-16    2.6740189E-06    5.1574126E-08    4.0772297E-09    5.6657965E-05    6.7070070E-04    3.2846265E-04    8.2805968E-05
    3.5500000E+00   -9.7057436E-05    4.5320349E-05    1.4815991E-05    3.6662464E-05    2.0407890E-05    7.4331802E-09    1.0000031E-16    2.7539451E-06    5.2050866E-08    4.1147740E-09    5.7707331E-05    6.7070070E-04    3.2846265E-04    8.2805968E-05
    3.6500000E+00   -9.8141088E-05    4.5673214E-05    1.4987817E-05    3.6701806E-05    2.0568129E-05    7.1145070E-09    1.0000031E-16    2.8340645E-06    5.2530831E-08    4.1525882E-09    5.8758599E-05    6.7070070E-04    3.2846265E-04    8.2805968E-05
    3.7500000E+00   -9.9227054E-05    4.6026789E-05    1.5159873E-05    3.6741226E-05    2.0728754E-05    6.8132160E-09    1.0000031E-16    2.9143772E-06    5.3014019E-08    4.1906710E-09    5.9811768E-05    6.7070070E-04    3.2846265E-04    8.2805968E-05
    3.8500000E+00   -1.0031533E-04    4.6381075E-05    1.5332159E-05    3.6780726E-05    2.0889767E-05    6.5281603E-09    1.0000031E-16    2.9948835E-06    5.3500430E-08    4.2290212E-09    6.0866840E-05    6.7070070E-04    3.2846265E-04    8.2805968E-05
    3.9500000E+00   -1.0140592E-04    4.6736072E-05    1.5504674E-05    3.6820305E-05    2.1051167E-05    6.2582816E-09    1.0000031E-16    3.0755837E-06    5.3990063E-08    4.2676377E-09    6.1923815E-05    6.7070070E-04    3.2846265E-04    8.2805968E-05
    4.0500000E+00   -1.0249882E-04    4.7091781E-05    1.5677419E-05    3.6859964E-05    2.1212956E-05    6.0026030E-09    1.0000031E-16    3.1564779E-06    5.4482919E-08    4.3065197E-09    6.2982693E-05    6.7070070E-04    3.2846265E-04    8.2805968E-05
    4.1500000E+00   -1.0359404E-04    4.7448204E-05    1.5850394E-05    3.6899702E-05    2.1375133E-05    5.7602211E-09    1.0000031E-16    3.2375664E-06    5.4978998E-08    4.3456663E-09    6.4043474E-05    6.7070070E-04    3.2846265E-04    8.2805968E-05
    4.2500000E+00   -1.0469156E-04    4.7805340E-05    1.6023598E-05    3.6939519E-05    2.1537699E-05    5.5302999E-09    1.0000031E-16    3.3188495E-06    5.5478302E-08    4.3850768E-09    6.5106161E-05    6.7070070E-04    3.2846265E-04    8.2805968E-05
    4.3500000E+00   -1.0579139E-04    4.8163190E-05    1.6197033E-05    3.6979417E-05    2.1700655E-05    5.3120653E-09    1.0000031E-16    3.4003273E-06    5.5980832E-08    4.4247507E-09    6.6170753E-05    6.7070070E-04    3.2846265E-04    8.2805968E-05
    4.4500000E+00   -1.0689354E-04    4.8521756E-05    1.6370697E-05    3.7019393E-05    2.1864000E-05    5.1047993E-09    1.0000031E-16    3.4820001E-06    5.6486589E-08    4.4646876E-09    6.7237250E-05    6.7070070E-04    3.2846265E-04    8.2805968E-05
    4.5500000E+00   -1.0799799E-04    4.8881038E-05    1.6544591E-05    3.7059450E-05    2.2027736E-05    4.9078360E-09    1.0000031E-16    3.5638682E-06    5.6995577E-08    4.5048869E-09    6.8305655E-05    6.7070070E-04    3.2846265E-04    8.2805968E-05
    4.6500000E+00   -1.0910476E-04    4.9241036E-05    1.6718715E-05    3.7099587E-05    2.2191863E-05    4.7205566E-09    1.0000031E-16    3.6459317E-06    5.7507798E-08    4.5453485E-09    6.9375968E-05    6.7070070E-04    3.2846265E-04    8.2805968E-05
    4.7500000E+00   -1.1021384E-04    4.9601751E-05    1.6893068E-05    3.7139804E-05    2.2356382E-05    4.5423860E-09    1.0000031E-16    3.7281910E-06    5.8023254E-08    4.5860719E-09    7.0448189E-05    6.7070070E-04    3.2846265E-04    8.2805968E-05
    4.8500000E+00   -1.1132523E-04    4.9963184E-05    1.7067652E-05    3.7180100E-05    2.2521292E-05    4.3727891E-09    1.0000031E-16    3.8106461E-06    5.8541949E-08    4.6270571E-09    7.1522319E-05    6.7070070E-04    3.2846265E-04    8.2805968E-05
    4.9500000E+00   -1.1243894E-04    5.0325336E-05    1.7242465E-05    3.7220477E-05    2.2686595E-05    4.2112676E-09    1.0000031E-16    3.8932975E-06    5.9063886E-08    4.6683040E-09    7.2598360E-05    6.7070070E-04    3.2846265E-04    8.2805968E-05
    5.0500000E+00   -1.1355496E-04    5.0688208E-05    1.7417508E-05    3.7260934E-05    2.2852290E-05    4.0573571E-09    1.0000031E-16    3.9761452E-06    5.9589069E-08    4.7098124E-09    7.3676312E-05    6.7070070E-04    3.2846265E-04    8.2805968E-05
    5.1500000E+00   -1.1467329E-04    5.1051799E-05    1.7592781E-05    3.7301472E-05    2.3018379E-05    3.9106247E-09    1.0000031E-16    4.0591895E-06    6.0117503E-08    4.7515824E-09    7.4756177E-05    6.7070070E-04    3.2846265E-04    8.2805968E-05
    5.2500000E+00   -1.1579394E-04    5.1416111E-05    1.7768283E-05    3.7342089E-05    2.3184862E-05    3.7706662E-09    1.0000031E-16    4.1424308E-06    6.0649190E-08    4.7936139E-09    7.5837954E-05    6.7070070E-04    3.2846265E-04    8.2805968E-05
    5.3500000E+00   -1.1691691E-04    5.1781145E-05    1.7944015E-05    3.7382787E-05    2.3351738E-05    3.6371040E-09    1.0000031E-16    4.2258691E-06    6.1184136E-08    4.8359071E-09    7.6921646E-05    6.7070070E-04    3.2846265E-04    8.2805968E-05
    5.4500000E+00   -1.1804220E-04    5.2146901E-05    1.8119977E-05    3.7423566E-05    2.3519010E-05    3.5095852E-09    1.0000031E-16    4.3095048E-06    6.1722345E-08    4.8784621E-09    7.8007253E-05    6.7070070E-04    3.2846265E-04    8.2805968E-05
    5.5500000E+00   -1.1916981E-04    5.2513381E-05    1.8296168E-05    3.7464425E-05    2.3686676E-05    3.3877797E-09    1.0000031E-16    4.3933380E-06    6.2263823E-08    4.9212789E-09    7.9094775E-05    6.7070070E-04    3.2846265E-04    8.2805968E-05
    5.6500000E+00   -1.2029974E-04    5.2880583E-05    1.8472589E-05    3.7505365E-05    2.3854738E-05    3.2713786E-09    1.0000031E-16    4.4773690E-06    6.2808573E-08    4.9643579E-09    8.0184215E-05    6.7070070E-04    3.2846265E-04    8.2805968E-05
    5.7500000E+00   -1.2143199E-04    5.3248511E-05    1.8649239E-05    3.7546386E-05    2.4023196E-05    3.1600925E-09    1.0000031E-16    4.5615981E-06    6.3356601E-08    5.0076992E-09    8.1275572E-05    6.7070070E-04    3.2846265E-04    8.2805968E-05
    5.8500000E+00   -1.2256656E-04    5.3617163E-05    1.8826118E-05    3.7587488E-05    2.4192051E-05    3.0536501E-09    1.0000031E-16    4.6460254E-06    6.3907914E-08    5.0513031E-09    8.2368849E-05    6.7070070E-04    3.2846265E-04    8.2805968E-05
    5.9500000E+00   -1.2370346E-04    5.3986541E-05    1.9003226E-05    3.7628670E-05    2.4361302E-05    2.9517969E-09    1.0000031E-16    4.7306512E-06    6.4462515E-08    5.0951699E-09    8.3464045E-05    6.7070070E-04    3.2846265E-04    8.2805968E-05
    6.0500000E+00   -1.2484269E-04    5.4356646E-05    1.9180564E-05    3.7669934E-05    2.4530952E-05    2.8542941E-09    1.0000031E-16    4.8154758E-06    6.5020411E-08    5.1392999E-09    8.4561161E-05    6.7070070E-04    3.2846265E-04    8.2805968E-05
    6.1500000E+00   -1.2598424E-04    5.4727478E-05    1.9358130E-05    3.7711278E-05    2.4700999E-05    2.7609176E-09    1.0000031E-16    4.9004993E-06    6.5581608E-08    5.1836933E-09    8.5660200E-05    6.7070070E-04    3.2846265E-04    8.2805968E-05
    6.2500000E+00   -1.2712812E-04    5.5099038E-05    1.9535924E-05    3.7752704E-05    2.4871444E-05    2.6714566E-09    1.0000031E-16    4.9857220E-06    6.6146113E-08    5.2283506E-09    8.6761161E-05    6.7070070E-04    3.2846265E-04    8.2805968E-05
    6.3500000E+00   -1.2827434E-04    5.5471327E-05    1.9713947E-05    3.7794211E-05    2.5042288E-05    2.5857131E-09    1.0000031E-16    5.0711442E-06    6.6713930E-08    5.2732722E-09    8.7864045E-05    6.7070070E-04    3.2846265E-04    8.2805968E-05
    6.4500000E+00   -1.2942288E-04    5.5844345E-05    1.9892199E-05    3.7835799E-05    2.5213532E-05    2.5035005E-09    1.0000031E-16    5.1567660E-06    6.7285067E-08    5.3184584E-09    8.8968853E-05    6.7070070E-04    3.2846265E-04    8.2805968E-05
    6.5500000E+00   -1.3057376E-04    5.6218093E-05    2.0070678E-05    3.7877469E-05    2.5385175E-05    2.4246434E-09    1.0000031E-16    5.2425877E-06    6.7859529E-08    5.3639097E-09    9.0075587E-05    6.7070070E-04    3.2846265E-04    8.2805968E-05
    6.6500000E+00   -1.3172698E-04    5.6592572E-05    2.0249386E-05    3.7919220E-05    2.5557219E-05    2.3489767E-09    1.0000031E-16    5.3286096E-06    6.8437325E-08    5.4096265E-09    9.1184247E-05    6.7070070E-04    3.2846265E-04    8.2805968E-05
    6.7500000E+00   -1.3288254E-04    5.6967782E-05    2.0428321E-05    3.7961053E-05    2.5729664E-05    2.2763446E-09    1.0000031E-16    5.4148318E-06    6.9018460E-08    5.4556093E-09    9.2294833E-05    6.7070070E-04    3.2846265E-04    8.2805968E-05
    6.8500000E+00   -1.3404043E-04    5.7343725E-05    2.0607483E-05    3.8002967E-05    2.5902509E-05    2.2066002E-09    1.0000031E-16    5.5012546E-06    6.9602942E-08    5.5018585E-09    9.3407348E-05    6.7070070E-04    3.2846265E-04    8.2805968E-05
    6.9500000E+00   -1.3520066E-04    5.7720401E-05    2.0786873E-05    3.8044964E-05    2.6075757E-05    2.1396050E-09    1.0000031E-16    5.5878783E-06    7.0190777E-08    5.5483747E-09    9.4521790E-05    6.7070070E-04    3.2846265E-04    8.2805968E-05
    7.0500000E+00   -1.3636324E-04    5.8097811E-05    2.0966490E-05    3.8087041E-05    2.6249406E-05    2.0752283E-09    1.0000031E-16    5.6747030E-06    7.0781973E-08    5.5951584E-09    9.5638162E-05    6.7070070E-04    3.2846265E-04    8.2805968E-05
    7.1500000E+00   -1.3752815E-04    5.8475955E-05    2.1146333E-05    3.8129201E-05    2.6423458E-05    2.0133466E-09    1.0000031E-16    5.7617290E-06    7.1376538E-08    5.6422101E-09    9.6756464E-05    6.7070070E-04    3.2846265E-04    8.2805968E-05
    7.2500000E+00   -1.3869542E-04    5.8854834E-05    2.1326403E-05    3.8171443E-05    2.6597913E-05    1.9538433E-09    1.0000031E-16    5.8489565E-06    7.1974478E-08    5.6895304E-09    9.7876697E-05    6.7070070E-04    3.2846265E-04    8.2805968E-05
    7.3500000E+00   -1.3986503E-04    5.9234448E-05    2.1506698E-05    3.8213767E-05    2.6772772E-05    1.8966080E-09    1.0000031E-16    5.9363859E-06    7.2575802E-08    5.7371197E-09    9.8998861E-05    6.7070070E-04    3.2846265E-04    8.2805968E-05
    7.4500000E+00   -1.4103699E-04    5.9614800E-05    2.1687220E-05    3.8256173E-05    2.6948034E-05    1.8415365E-09    1.0000031E-16    6.0240172E-06    7.3180518E-08    5.7849788E-09    1.0012296E-04    6.7070070E-04    3.2846265E-04    8.2805968E-05
    7.5500000E+00   -1.4221130E-04    5.9995889E-05    2.1867966E-05    3.8298661E-05    2.7123701E-05    1.7885301E-09    1.0000031E-16    6.1118507E-06    7.3788633E-08    5.8331082E-09    1.0124899E-04    6.7070070E-04    3.2846265E-04    8.2805968E-05
    7.6500000E+00   -1.4338796E-04    6.0377715E-05    2.2048938E-05    3.8341231E-05    2.7299773E-05    1.7374954E-09    1.0000031E-16    6.1998867E-06    7.4400155E-08    5.8815085E-09    1.0237695E-04    6.7070070E-04    3.2846265E-04    8.2805968E-05
    7.7500000E+00   -1.4456698E-04    6.0760281E-05    2.2230134E-05    3.8383884E-05    2.7476251E-05    1.6883439E-09    1.0000031E-16    6.2881254E-06    7.5015093E-08    5.9301804E-09    1.0350684E-04    6.7070070E-04    3.2846265E-04    8.2805968E-05
    7.8500000E+00   -1.4574835E-04    6.1143585E-05    2.2411555E-05    3.8426619E-05    2.7653134E-05    1.6409917E-09    1.0000031E-16    6.3765671E-06    7.5633455E-08    5.9791244E-09    1.0463868E-04    6.7070070E-04    3.2846265E-04    8.2805968E-05
    7.9500000E+00   -1.4693208E-04    6.1527630E-05    2.2593199E-05    3.8469437E-05    2.7830424E-05    1.5953595E-09    1.0000031E-16    6.4652119E-06    7.6255251E-08    6.0283412E-09    1.0577244E-04    6.7070070E-04    3.2846265E-04    8.2805968E-05
    8.0500000E+00   -1.4811816E-04    6.1912416E-05    2.2775067E-05    3.8512337E-05    2.8008120E-05    1.5513718E-09    1.0000031E-16    6.5540601E-06    7.6880487E-08    6.0778316E-09    1.0690814E-04    6.7070070E-04    3.2846265E-04    8.2805968E-05
    8.1500000E+00   -1.4930661E-04    6.2297943E-05    2.2957158E-05    3.8555320E-05    2.8186224E-05    1.5089571E-09    1.0000031E-16    6.6431119E-06    7.7509174E-08    6.1275961E-09    1.0804578E-04    6.7070070E-04    3.2846265E-04    8.2805968E-05
    8.2500000E+00   -1.5049742E-04    6.2684213E-05    2.3139471E-05    3.8598386E-05    2.8364735E-05    1.4680476E-09    1.0000031E-16    6.7323676E-06    7.8141320E-08    6.1776355E-09    1.0918535E-04    6.7070070E-04    3.2846265E-04    8.2805968E-05
    8.3500000E+00   -1.5169059E-04    6.3071225E-05    2.3322006E-05    3.8641534E-05    2.8543655E-05    1.4285790E-09    1.0000031E-16    6.8218274E-06    7.8776935E-08    6.2279505E-09    1.1032687E-04    6.7070070E-04    3.2846265E-04    8.2805968E-05
    8.4500000E+00   -1.5288612E-04    6.3458982E-05    2.3504763E-05    3.8684766E-05    2.8722983E-05    1.3904898E-09    1.0000031E-16    6.9114915E-06    7.9416027E-08    6.2785417E-09    1.1147031E-04    6.7070070E-04    3.2846265E-04    8.2805968E-05
    8.5500000E+00   -1.5408403E-04    6.3847482E-05    2.3687740E-05    3.8728080E-05    2.8902720E-05    1.3537221E-09    1.0000031E-16    7.0013602E-06    8.0058607E-08    6.3294101E-09    1.1261570E-04    6.7070070E-04    3.2846265E-04    8.2805968E-05
    8.6500000E+00   -1.5528430E-04    6.4236728E-05    2.3870938E-05    3.8771478E-05    2.9082867E-05    1.3182204E-09    1.0000031E-16    7.0914337E-06    8.0704683E-08    6.3805562E-09    1.1376302E-04    6.7070070E-04    3.2846265E-04    8.2805968E-05
    8.7500000E+00   -1.5648694E-04    6.4626720E-05    2.4054356E-05    3.8814959E-05    2.9263424E-05    1.2839323E-09    1.0000031E-16    7.1817122E-06    8.1354266E-08    6.4319809E-09    1.1491228E-04    6.7070070E-04    3.2846265E-04    8.2805968E-05
    8.8500000E+00   -1.5769195E-04    6.5017458E-05    2.4237993E-05    3.8858523E-05    2.9444392E-05    1.2508077E-09    1.0000031E-16    7.2721960E-06    8.2007366E-08    6.4836849E-09    1.1606348E-04    6.7070070E-04    3.2846265E-04    8.2805968E-05
    8.9500000E+00   -1.5889933E-04    6.5408943E-05    2.4421849E-05    3.8902170E-05    2.9625771E-05    1.2187989E-09    1.0000031E-16    7.3628853E-06    8.2663992E-08    6.5356691E-09    1.1721662E-04    6.7070070E-04    3.2846265E-04    8.2805968E-05
    9.0500000E+00   -1.6010909E-04    6.5801176E-05    2.4605923E-05    3.8945901E-05    2.9807561E-05    1.1878606E-09    1.0000031E-16    7.4537803E-06    8.3324155E-08    6.5879342E-09    1.1837170E-04    6.7070070E-04    3.2846265E-04    8.2805968E-05
    9.1500000E+00   -1.6132122E-04    6.6194158E-05    2.4790214E-05    3.8989715E-05    2.9989763E-05    1.1579497E-09    1.0000031E-16    7.5448813E-06    8.3987865E-08    6.6404811E-09    1.1952871E-04    6.7070070E-04    3.2846265E-04    8.2805968E-05
    9.2500000E+00   -1.6253573E-04    6.6587890E-05    2.4974721E-05    3.9033612E-05    3.0172377E-05    1.1290251E-09    1.0000031E-16    7.6361885E-06    8.4655134E-08    6.6933106E-09    1.2068767E-04    6.7070070E-04    3.2846265E-04    8.2805968E-05
    9.3500000E+00   -1.6375262E-04    6.6982371E-05    2.5159445E-05    3.9077594E-05    3.0355404E-05    1.1010474E-09    1.0000031E-16    7.7277021E-06    8.5325971E-08    6.7464235E-09    1.2184856E-04    6.7070070E-04    3.2846265E-04    8.2805968E-05
    9.4500000E+00   -1.6497189E-04    6.7377604E-05    2.5344384E-05    3.9121659E-05    3.0538845E-05    1.0739793E-09    1.0000031E-16    7.8194224E-06    8.6000387E-08    6.7998208E-09    1.2301139E-04    6.7070070E-04    3.2846265E-04    8.2805968E-05
    9.5500000E+00   -1.6619354E-04    6.7773588E-05    2.5529537E-05    3.9165808E-05    3.0722699E-05    1.0477852E-09    1.0000031E-16    7.9113496E-06    8.6678395E-08    6.8535033E-09    1.2417616E-04    6.7070070E-04    3.2846265E-04    8.2805968E-05
    9.6500000E+00   -1.6741758E-04    6.8170324E-05    2.5714904E-05    3.9210040E-05    3.0906968E-05    1.0224311E-09    1.0000031E-16    8.0034839E-06    8.7360004E-08    6.9074719E-09    1.2534287E-04    6.7070070E-04    3.2846265E-04    8.2805968E-05
    9.7500000E+00   -1.6864400E-04    6.8567813E-05    2.5900484E-05    3.9254357E-05    3.1091651E-05    9.9788438E-10    1.0000031E-16    8.0958255E-06    8.8045227E-08    6.9617274E-09    1.2651151E-04    6.7070070E-04    3.2846265E-04    8.2805968E-05
    9.8500000E+00   -1.6987280E-04    6.8966056E-05    2.6086275E-05    3.9298758E-05    3.1276750E-05    9.7411414E-10    1.0000031E-16    8.1883748E-06    8.8734075E-08    7.0162710E-09    1.2768210E-04    6.7070070E-04    3.2846265E-04    8.2805968E-05
    9.9500000E+00   -1.7110399E-04    6.9365053E-05    2.6272278E-05    3.9343242E-05    3.1462264E-05    9.5109075E-10    1.0000031E-16    8.2811319E-06    8.9426561E-08    7.0711034E-09    1.2885462E-04    6.7070070E-04    3.2846265E-04    8.2805968E-05
    1.0050000E+01   -1.7233757E-04    6.9764806E-05    2.6458492E-05    3.9387811E-05    3.1648194E-05    9.2878594E-10    1.0000031E-16    8.3740971E-06    9.0122695E-08    7.1262256E-09    1.3002908E-04    6.7070070E-04    3.2846265E-04    8.2805968E-05
    1.0150000E+01   -1.7357354E-04    7.0165314E-05    2.6644914E-05    3.9432465E-05    3.1834541E-05    9.0717267E-10    1.0000031E-16    8.4672705E-06    9.0822491E-08    7.1816387E-09    1.3120547E-04    6.7070070E-04    3.2846265E-04    8.2805968E-05
    1.0250000E+01   -1.7481190E-04    7.0566579E-05    2.6831545E-05    3.9477202E-05    3.2021305E-05    8.8622511E-10    1.0000031E-16    8.5606525E-06    9.1525961E-08    7.2373436E-09    1.3238380E-04    6.7070070E-04    3.2846265E-04    8.2805968E-05
    1.0350000E+01   -1.7605265E-04    7.0968601E-05    2.7018384E-05    3.9522024E-05    3.2208487E-05    8.6591854E-10    1.0000031E-16    8.6542433E-06    9.2233117E-08    7.2933413E-09    1.3356407E-04    6.7070070E-04    3.2846265E-04    8.2805968E-05
    1.0450000E+01   -1.7729579E-04    7.1371381E-05    2.7205428E-05    3.9566931E-05    3.2396086E-05    8.4622933E-10    1.0000031E-16    8.7480430E-06    9.2943972E-08    7.3496329E-09    1.3474627E-04    6.7070070E-04    3.2846265E-04    8.2805968E-05
    1.0550000E+01   -1.7854133E-04    7.1774920E-05    2.7392679E-05    3.9611922E-05    3.2584104E-05    8.2713489E-10    1.0000031E-16    8.8420520E-06    9.3658541E-08    7.4062194E-09    1.3593041E-04    6.7070070E-04    3.2846265E-04    8.2805968E-05
    1.0650000E+01   -1.7978927E-04    7.2179218E-05    2.7580133E-05    3.9656998E-05    3.2772541E-05    8.0861355E-10    1.0000031E-16    8.9362704E-06    9.4376834E-08    7.4631018E-09    1.3711648E-04    6.7070070E-04    3.2846265E-04    8.2805968E-05
    1.0750000E+01   -1.8103960E-04    7.2584276E-05    2.7767791E-05    3.9702158E-05    3.2961397E-05    7.9064462E-10    1.0000031E-16    9.0306986E-06    9.5098868E-08    7.5202812E-09    1.3830448E-04    6.7070070E-04    3.2846265E-04    8.2805968E-05
    1.0850000E+01   -1.8229233E-04    7.2990095E-05    2.7955651E-05    3.9747403E-05    3.3150673E-05    7.7320824E-10    1.0000031E-16    9.1253366E-06    9.5824654E-08    7.5777588E-09    1.3949442E-04    6.7070070E-04    3.2846265E-04    8.2805968E-05
    1.0950000E+01   -1.8354745E-04    7.3396676E-05    2.8143711E-05    3.9792734E-05    3.3340370E-05    7.5628543E-10    1.0000031E-16    9.2201849E-06    9.6554207E-08    7.6355357E-09    1.4068628E-04    6.7070070E-04    3.2846265E-04    8.2805968E-05
    1.1050000E+01   -1.8480498E-04    7.3804019E-05    2.8331971E-05    3.9838149E-05    3.3530487E-05    7.3985796E-10    1.0000031E-16    9.3152435E-06    9.7287542E-08    7.6936129E-09    1.4188008E-04    6.7070070E-04    3.2846265E-04    8.2805968E-05
    1.1150000E+01   -1.8606491E-04    7.4212125E-05    2.8520430E-05    3.9883649E-05    3.3721026E-05    7.2390840E-10    1.0000031E-16    9.4105128E-06    9.8024672E-08    7.7519917E-09    1.4307580E-04    6.7070070E-04    3.2846265E-04    8.2805968E-05
    1.1250000E+01   -1.8732724E-04    7.4620994E-05    2.8709086E-05    3.9929235E-05    3.3911986E-05    7.0842001E-10    1.0000031E-16    9.5059929E-06    9.8765612E-08    7.8106732E-09    1.4427346E-04    6.7070070E-04    3.2846265E-04    8.2805968E-05
    1.1350000E+01   -1.8859197E-04    7.5030628E-05    2.8897938E-05    3.9974905E-05    3.4103368E-05    6.9337675E-10    1.0000031E-16    9.6016841E-06    9.9510378E-08    7.8696586E-09    1.4547304E-04    6.7070070E-04    3.2846265E-04    8.2805968E-05
    1.1450000E+01   -1.8985911E-04    7.5441027E-05    2.9086984E-05    4.0020661E-05    3.4295173E-05    6.7876324E-10    1.0000031E-16    9.6975867E-06    1.0025898E-07    7.9289492E-09    1.4667454E-04    6.7070070E-04    3.2846265E-04    8.2805968E-05
    1.1550000E+01   -1.9112865E-04    7.5852192E-05    2.9276224E-05    4.0066503E-05    3.4487402E-05    6.6456473E-10    1.0000031E-16    9.7937008E-06    1.0101145E-07    7.9885461E-09    1.4787797E-04    6.7070070E-04    3.2846265E-04    8.2805968E-05
    1.1650000E+01   -1.9240060E-04    7.6264123E-05    2.9465655E-05    4.0112429E-05    3.4680053E-05    6.5076703E-10    1.0000031E-16    9.8900267E-06    1.0176778E-07    8.0484507E-09    1.4908332E-04    6.7070070E-04    3.2846265E-04    8.2805968E-05
    1.1750000E+01   -1.9367495E-04    7.6676822E-05    2.9655276E-05    4.0158442E-05    3.4873129E-05    6.3735657E-10    1.0000031E-16    9.9865647E-06    1.0252800E-07    8.1086641E-09    1.5029059E-04    6.7070070E-04    3.2846265E-04    8.2805968E-05
    1.1850000E+01   -1.9495171E-04    7.7090289E-05    2.9845086E-05    4.0204540E-05    3.5066630E-05    6.2432028E-10    1.0000031E-16    1.0083315E-05    1.0329213E-07    8.1691878E-09    1.5149979E-04    6.7070070E-04    3.2846265E-04    8.2805968E-05
    1.1950000E+01   -1.9623088E-04    7.7504524E-05    3.0035083E-05    4.0250723E-05    3.5260555E-05    6.1164564E-10    1.0000031E-16    1.0180278E-05    1.0406018E-07    8.2300230E-09    1.5271090E-04    6.7070070E-04    3.2846265E-04    8.2805968E-05
    1.2050000E+01   -1.9751245E-04    7.7919529E-05    3.0225266E-05    4.0296993E-05    3.5454906E-05    5.9932059E-10    1.0000031E-16    1.0277453E-05    1.0483216E-07    8.2911711E-09    1.5392392E-04    6.7070070E-04    3.2846265E-04    8.2805968E-05
    1.2150000E+01   -1.9879644E-04    7.8335304E-05    3.0415632E-05    4.0343348E-05    3.5649683E-05    5.8733358E-10    1.0000031E-16    1.0374841E-05    1.0560810E-07    8.3526335E-09    1.5513886E-04    6.7070070E-04    3.2846265E-04    8.2805968E-05
    1.2250000E+01   -2.0008283E-04    7.8751850E-05    3.0606181E-05    4.0389790E-05    3.5844886E-05    5.7567348E-10    1.0000031E-16    1.0472443E-05    1.0638801E-07    8.4144115E-09    1.5635572E-04    6.7070070E-04    3.2846265E-04    8.2805968E-05
    1.2350000E+01   -2.0137163E-04    7.9169167E-05    3.0796911E-05    4.0436317E-05    3.6040516E-05    5.6432962E-10    1.0000031E-16    1.0570258E-05    1.0717191E-07    8.4765065E-09    1.5757448E-04    6.7070070E-04    3.2846265E-04    8.2805968E-05
    1.2450000E+01   -2.0266285E-04    7.9587256E-05    3.0987819E-05    4.0482930E-05    3.6236573E-05    5.5329170E-10    1.0000031E-16    1.0668287E-05    1.0795982E-07    8.5389201E-09    1.5879515E-04    6.7070070E-04    3.2846265E-04    8.2805968E-05
    1.2550000E+01   -2.0395647E-04    8.0006119E-05    3.1178904E-05    4.0529630E-05    3.6433059E-05    5.4254986E-10    1.0000031E-16    1.0766529E-05    1.0875175E-07    8.6016537E-09    1.6001773E-04    6.7070070E-04    3.2846265E-04    8.2805968E-05
    1.2650000E+01   -2.0525251E-04    8.0425755E-05    3.1370164E-05    4.0576416E-05    3.6629972E-05    5.3209460E-10    1.0000031E-16    1.0864986E-05    1.0954773E-07    8.6647088E-09    1.6124221E-04    6.7070070E-04    3.2846265E-04    8.2805968E-05
    1.2750000E+01   -2.0655095E-04    8.0846166E-05    3.1561597E-05    4.0623288E-05    3.6827314E-05    5.2191676E-10    1.0000031E-16    1.0963657E-05    1.1034777E-07    8.7280869E-09    1.6246859E-04    6.7070070E-04    3.2846265E-04    8.2805968E-05
    1.2850000E+01   -2.0785181E-04    8.1267351E-05    3.1753201E-05    4.0670246E-05    3.7025085E-05    5.1200756E-10    1.0000031E-16    1.1062543E-05    1.1115190E-07    8.7917895E-09    1.6369687E-04    6.7070070E-04    3.2846265E-04    8.2805968E-05
    1.2950000E+01   -2.0915509E-04    8.1689313E-05    3.1944975E-05    4.0717292E-05    3.7223286E-05    5.0235853E-10    1.0000031E-16    1.1161643E-05    1.1196012E-07    8.8558183E-09    1.6492705E-04    6.7070070E-04    3.2846265E-04    8.2805968E-05
    1.3050000E+01   -2.1046077E-04    8.2112051E-05    3.2136916E-05    4.0764423E-05    3.7421918E-05    4.9296152E-10    1.0000031E-16    1.1260959E-05    1.1277247E-07    8.9201749E-09    1.6615912E-04    6.7070070E-04    3.2846265E-04    8.2805968E-05
    1.3150000E+01   -2.1176887E-04    8.2535566E-05    3.2329021E-05    4.0811642E-05    3.7620979E-05    4.8380869E-10    1.0000031E-16    1.1360490E-05    1.1358897E-07    8.9848608E-09    1.6739308E-04    6.7070070E-04    3.2846265E-04    8.2805968E-05
    1.3250000E+01   -2.1307937E-04    8.2959860E-05    3.2521289E-05    4.0858947E-05    3.7820472E-05    4.7489247E-10    1.0000031E-16    1.1460236E-05    1.1440963E-07    9.0498777E-09    1.6862893E-04    6.7070070E-04    3.2846265E-04    8.2805968E-05
    1.3350000E+01   -2.1439230E-04    8.3384932E-05    3.2713718E-05    4.0906338E-05    3.8020396E-05    4.6620559E-10    1.0000031E-16    1.1560198E-05    1.1523447E-07    9.1152274E-09    1.6986666E-04    6.7070070E-04    3.2846265E-04    8.2805968E-05
    1.3450000E+01   -2.1570763E-04    8.3810783E-05    3.2906305E-05    4.0953817E-05    3.8220753E-05    4.5774104E-10    1.0000031E-16    1.1660376E-05    1.1606352E-07    9.1809116E-09    1.7110627E-04    6.7070070E-04    3.2846265E-04    8.2805968E-05
    1.3550000E+01   -2.1702538E-04    8.4237414E-05    3.3099048E-05    4.1001383E-05    3.8421541E-05    4.4949207E-10    1.0000031E-16    1.1760771E-05    1.1689680E-07    9.2469320E-09    1.7234777E-04    6.7070070E-04    3.2846265E-04    8.2805968E-05
    1.3650000E+01   -2.1834554E-04    8.4664827E-05    3.3291945E-05    4.1049036E-05    3.8622763E-05    4.4145217E-10    1.0000031E-16    1.1861382E-05    1.1773432E-07    9.3132904E-09    1.7359113E-04    6.7070070E-04    3.2846265E-04    8.2805968E-05
    1.3750000E+01   -2.1966811E-04    8.5093021E-05    3.3484992E-05    4.1096776E-05    3.8824418E-05    4.3361506E-10    1.0000031E-16    1.1962209E-05    1.1857613E-07    9.3799887E-09    1.7483637E-04    6.7070070E-04    3.2846265E-04    8.2805968E-05
    1.3850000E+01   -2.2099309E-04    8.5521997E-05    3.3678188E-05    4.1144603E-05    3.9026507E-05    4.2597470E-10    1.0000031E-16    1.2063254E-05    1.1942222E-07    9.4470286E-09    1.7608348E-04    6.7070070E-04    3.2846265E-04    8.2805968E-05
    1.3950000E+01   -2.2232049E-04    8.5951756E-05    3.3871530E-05    4.1192517E-05    3.9229030E-05    4.1852527E-10    1.0000031E-16    1.2164515E-05    1.2027264E-07    9.5144121E-09    1.7733245E-04    6.7070070E-04    3.2846265E-04    8.2805968E-05
    1.4050000E+01   -2.2365029E-04    8.6382298E-05    3.4065015E-05    4.1240519E-05    3.9431988E-05    4.1126114E-10    1.0000031E-16    1.2265994E-05    1.2112741E-07    9.5821411E-09    1.7858328E-04    6.7070070E-04    3.2846265E-04    8.2805968E-05
    1.4150000E+01   -2.2498251E-04    8.6813626E-05    3.4258640E-05    4.1288608E-05    3.9635382E-05    4.0417689E-10    1.0000031E-16    1.2367691E-05    1.2198654E-07    9.6502176E-09    1.7983597E-04    6.7070070E-04    3.2846265E-04    8.2805968E-05
    1.4250000E+01   -2.2631714E-04    8.7245738E-05    3.4452404E-05    4.1336785E-05    3.9839211E-05    3.9726729E-10    1.0000031E-16    1.2469605E-05    1.2285006E-07    9.7186436E-09    1.8109050E-04    6.7070070E-04    3.2846265E-04    8.2805968E-05
    1.4350000E+01   -2.2765417E-04    8.7678636E-05    3.4646301E-05    4.1385050E-05    4.0043476E-05    3.9052731E-10    1.0000031E-16    1.2571738E-05    1.2371801E-07    9.7874210E-09    1.8234689E-04    6.7070070E-04    3.2846265E-04    8.2805968E-05
    1.4450000E+01   -2.2899362E-04    8.8112321E-05    3.4840331E-05    4.1433402E-05    4.0248178E-05    3.8395209E-10    1.0000031E-16    1.2674089E-05    1.2459039E-07    9.8565521E-09    1.8360512E-04    6.7070070E-04    3.2846265E-04    8.2805968E-05
    1.4550000E+01   -2.3033547E-04    8.8546792E-05    3.5034490E-05    4.1481842E-05    4.0453317E-05    3.7753693E-10    1.0000031E-16    1.2776658E-05    1.2546725E-07    9.9260388E-09    1.8486518E-04    6.7070070E-04    3.2846265E-04    8.2805968E-05
    1.4650000E+01   -2.3167974E-04    8.8982052E-05    3.5228774E-05    4.1530369E-05    4.0658893E-05    3.7127731E-10    1.0000031E-16    1.2879447E-05    1.2634861E-07    9.9958833E-09    1.8612708E-04    6.7070070E-04    3.2846265E-04    8.2805968E-05
    1.4750000E+01   -2.3302640E-04    8.9418101E-05    3.5423181E-05    4.1578985E-05    4.0864908E-05    3.6516886E-10    1.0000031E-16    1.2982454E-05    1.2723449E-07    1.0066088E-08    1.8739081E-04    6.7070070E-04    3.2846265E-04    8.2805968E-05
    1.4850000E+01   -2.3437548E-04    8.9854939E-05    3.5617708E-05    4.1627689E-05    4.1071361E-05    3.5920738E-10    1.0000031E-16    1.3085681E-05    1.2812493E-07    1.0136655E-08    1.8865637E-04    6.7070070E-04    3.2846265E-04    8.2805968E-05
    1.4950000E+01   -2.3572696E-04    9.0292567E-05    3.5812350E-05    4.1676481E-05    4.1278253E-05    3.5338880E-10    1.0000031E-16    1.3189127E-05    1.2901994E-07    1.0207586E-08    1.8992374E-04    6.7070070E-04    3.2846265E-04    8.2805968E-05
    1.5050000E+01   -2.3708084E-04    9.0730985E-05    3.6007105E-05    4.1725360E-05    4.1485585E-05    3.4770920E-10    1.0000031E-16    1.3292792E-05    1.2991957E-07    1.0278884E-08    1.9119292E-04    6.7070070E-04    3.2846265E-04    8.2805968E-05
    1.5150000E+01   -2.3843712E-04    9.1170196E-05    3.6201969E-05    4.1774329E-05    4.1693356E-05    3.4216480E-10    1.0000031E-16    1.3396678E-05    1.3082384E-07    1.0350552E-08    1.9246391E-04    6.7070070E-04    3.2846265E-04    8.2805968E-05
    1.5250000E+01   -2.3979581E-04    9.1610198E-05    3.6396939E-05    4.1823385E-05    4.1901568E-05    3.3675197E-10    1.0000031E-16    1.3500784E-05    1.3173277E-07    1.0422591E-08    1.9373671E-04    6.7070070E-04    3.2846265E-04    8.2805968E-05
    1.5350000E+01   -2.4115690E-04    9.2050994E-05    3.6592010E-05    4.1872530E-05    4.2110221E-05    3.3146717E-10    1.0000031E-16    1.3605111E-05    1.3264641E-07    1.0495004E-08    1.9501130E-04    6.7070070E-04    3.2846265E-04    8.2805968E-05
    1.5450000E+01   -2.4252038E-04    9.2492583E-05    3.6787180E-05    4.1921763E-05    4.2319315E-05    3.2630703E-10    1.0000031E-16    1.3709658E-05    1.3356478E-07    1.0567794E-08    1.9628768E-04    6.7070070E-04    3.2846265E-04    8.2805968E-05
    1.5550000E+01   -2.4388626E-04    9.2934967E-05    3.6982444E-05    4.1971085E-05    4.2528851E-05    3.2126827E-10    1.0000031E-16    1.3814426E-05    1.3448791E-07    1.0640963E-08    1.9756584E-04    6.7070070E-04    3.2846265E-04    8.2805968E-05
    1.5650000E+01   -2.4525454E-04    9.3378146E-05    3.7177798E-05    4.2020496E-05    4.2738829E-05    3.1634775E-10    1.0000031E-16    1.3919415E-05    1.3541584E-07    1.0714514E-08    1.9884578E-04    6.7070070E-04    3.2846265E-04    8.2805968E-05
    1.5750000E+01   -2.4662520E-04    9.3822120E-05    3.7373239E-05    4.2069995E-05    4.2949250E-05    3.1154243E-10    1.0000031E-16    1.4024625E-05    1.3634859E-07    1.0788450E-08    2.0012750E-04    6.7070070E-04    3.2846265E-04    8.2805968E-05
    1.5850000E+01   -2.4799826E-04    9.4266891E-05    3.7568761E-05    4.2119584E-05    4.3160114E-05    3.0684939E-10    1.0000031E-16    1.4130057E-05    1.3728621E-07    1.0862772E-08    2.0141097E-04    6.7070070E-04    3.2846265E-04    8.2805968E-05
    1.5950000E+01   -2.4937371E-04    9.4712460E-05    3.7764362E-05    4.2169261E-05    4.3371422E-05    3.0226584E-10    1.0000031E-16    1.4235711E-05    1.3822873E-07    1.0937485E-08    2.0269620E-04    6.7070070E-04    3.2846265E-04    8.2805968E-05
    1.6050000E+01   -2.5075155E-04    9.5158826E-05    3.7960036E-05    4.2219027E-05    4.3583174E-05    2.9778905E-10    1.0000031E-16    1.4341587E-05    1.3917618E-07    1.1012590E-08    2.0398318E-04    6.7070070E-04    3.2846265E-04    8.2805968E-05
    1.6150000E+01   -2.5213177E-04    9.5605991E-05    3.8155779E-05    4.2268882E-05    4.3795370E-05    2.9341645E-10    1.0000031E-16    1.4447685E-05    1.4012860E-07    1.1088091E-08    2.0527191E-04    6.7070070E-04    3.2846265E-04    8.2805968E-05
    1.6250000E+01   -2.5351438E-04    9.6053955E-05    3.8351586E-05    4.2318826E-05    4.4008012E-05    2.8914554E-10    1.0000031E-16    1.4554006E-05    1.4108603E-07    1.1163991E-08    2.0656236E-04    6.7070070E-04    3.2846265E-04    8.2805968E-05
    1.6350000E+01   -2.5489936E-04    9.6502720E-05    3.8547453E-05    4.2368859E-05    4.4221099E-05    2.8497395E-10    1.0000031E-16    1.4660549E-05    1.4204850E-07    1.1240292E-08    2.0785455E-04    6.7070070E-04    3.2846265E-04    8.2805968E-05
    1.6450000E+01   -2.5628673E-04    9.6952285E-05    3.8743376E-05    4.2418982E-05    4.4434632E-05    2.8089938E-10    1.0000031E-16    1.4767316E-05    1.4301605E-07    1.1316998E-08    2.0914845E-04    6.7070070E-04    3.2846265E-04    8.2805968E-05
    1.6550000E+01   -2.5767647E-04    9.7402652E-05    3.8939347E-05    4.2469194E-05    4.4648611E-05    2.7691966E-10    1.0000031E-16    1.4874306E-05    1.4398873E-07    1.1394112E-08    2.1044406E-04    6.7070070E-04    3.2846265E-04    8.2805968E-05
    1.6650000E+01   -2.5906858E-04    9.7853821E-05    3.9135364E-05    4.2519495E-05    4.4863038E-05    2.7303273E-10    1.0000031E-16    1.4981519E-05    1.4496656E-07    1.1471637E-08    2.1174137E-04    6.7070070E-04    3.2846265E-04    8.2805968E-05
    1.6750000E+01   -2.6046306E-04    9.8305793E-05    3.9331420E-05    4.2569886E-05    4.5077911E-05    2.6923662E-10    1.0000031E-16    1.5088956E-05    1.4594960E-07    1.1549577E-08    2.1304037E-04    6.7070070E-04    3.2846265E-04    8.2805968E-05
    1.6850000E+01   -2.6185991E-04    9.8758568E-05    3.9527511E-05    4.2620367E-05    4.5293233E-05    2.6552946E-10    1.0000031E-16    1.5196617E-05    1.4693788E-07    1.1627935E-08    2.1434105E-04    6.7070070E-04    3.2846265E-04    8.2805968E-05
    1.6950000E+01   -2.6325912E-04    9.9212148E-05    3.9723630E-05    4.2670937E-05    4.5509003E-05    2.6190952E-10    1.0000031E-16    1.5304501E-05    1.4793145E-07    1.1706714E-08    2.1564341E-04    6.7070070E-04    3.2846265E-04    8.2805968E-05
    1.7050000E+01   -2.6466069E-04    9.9666533E-05    3.9919772E-05    4.2721597E-05    4.5725222E-05    2.5837515E-10    1.0000031E-16    1.5412611E-05    1.4893035E-07    1.1785918E-08    2.1694743E-04    6.7070070E-04    3.2846265E-04    8.2805968E-05
    1.7150000E+01   -2.6606462E-04    1.0012172E-04    4.0115931E-05    4.2772347E-05    4.5941890E-05    2.5492486E-10    1.0000031E-16    1.5520945E-05    1.4993463E-07    1.1865550E-08    2.1825310E-04    6.7070070E-04    3.2846265E-04    8.2805968E-05
    1.7250000E+01   -2.6747090E-04    1.0057772E-04    4.0312101E-05    4.2823187E-05    4.6159007E-05    2.5155725E-10    1.0000031E-16    1.5629504E-05    1.5094434E-07    1.1945615E-08    2.1956042E-04    6.7070070E-04    3.2846265E-04    8.2805968E-05
    1.7350000E+01   -2.6887952E-04    1.0103453E-04    4.0508275E-05    4.2874117E-05    4.6376575E-05    2.4827109E-10    1.0000031E-16    1.5738288E-05    1.5195951E-07    1.2026116E-08    2.2086936E-04    6.7070070E-04    3.2846265E-04    8.2805968E-05
    1.7450000E+01   -2.7029050E-04    1.0149214E-04    4.0704448E-05    4.2925137E-05    4.6594594E-05    2.4506527E-10    1.0000031E-16    1.5847297E-05    1.5298021E-07    1.2107057E-08    2.2217992E-04    6.7070070E-04    3.2846265E-04    8.2805968E-05
    1.7550000E+01   -2.7170381E-04    1.0195056E-04    4.0900612E-05    4.2976247E-05    4.6813064E-05    2.4193886E-10    1.0000031E-16    1.5956532E-05    1.5400648E-07    1.2188442E-08    2.2349209E-04    6.7070070E-04    3.2846265E-04    8.2805968E-05
    1.7650000E+01   -2.7311946E-04    1.0240979E-04    4.1096761E-05    4.3027447E-05    4.7031985E-05    2.3889111E-10    1.0000031E-16    1.6065992E-05    1.5503838E-07    1.2270275E-08    2.2480586E-04    6.7070070E-04    3.2846265E-04    8.2805968E-05
    1.7750000E+01   -2.7453744E-04    1.0286983E-04    4.1292888E-05    4.3078738E-05    4.7251358E-05    2.3592148E-10    1.0000031E-16    1.6175679E-05    1.5607595E-07    1.2352562E-08    2.2612120E-04    6.7070070E-04    3.2846265E-04    8.2805968E-05
    1.7850000E+01   -2.7595774E-04    1.0333068E-04    4.1488984E-05    4.3130119E-05    4.7471184E-05    2.3302966E-10    1.0000031E-16    1.6285592E-05    1.5711926E-07    1.2435305E-08    2.2743812E-04    6.7070070E-04    3.2846265E-04    8.2805968E-05
    1.7950000E+01   -2.7738037E-04    1.0379235E-04    4.1685043E-05    4.3181590E-05    4.7691463E-05    2.3021562E-10    1.0000031E-16    1.6395731E-05    1.5816836E-07    1.2518511E-08    2.2875658E-04    6.7070070E-04    3.2846265E-04    8.2805968E-05
    1.8050000E+01   -2.7880531E-04    1.0425482E-04    4.1881055E-05    4.3233152E-05    4.7912195E-05    2.2747966E-10    1.0000031E-16    1.6506098E-05    1.5922331E-07    1.2602183E-08    2.3007659E-04    6.7070070E-04    3.2846265E-04    8.2805968E-05
    1.8150000E+01   -2.8023255E-04    1.0471811E-04    4.2077014E-05    4.3284805E-05    4.8133381E-05    2.2482245E-10    1.0000031E-16    1.6616691E-05    1.6028417E-07    1.2686327E-08    2.3139812E-04    6.7070070E-04    3.2846265E-04    8.2805968E-05
    1.8250000E+01   -2.8166210E-04    1.0518221E-04    4.2272908E-05    4.3336548E-05    4.8355022E-05    2.2224517E-10    1.0000031E-16    1.6727511E-05    1.6135102E-07    1.2770948E-08    2.3272116E-04    6.7070070E-04    3.2846265E-04    8.2805968E-05
    1.8350000E+01   -2.8309395E-04    1.0564713E-04    4.2468730E-05    4.3388382E-05    4.8577117E-05    2.1974956E-10    1.0000031E-16    1.6838559E-05    1.6242392E-07    1.2856052E-08    2.3404569E-04    6.7070070E-04    3.2846265E-04    8.2805968E-05
    1.8450000E+01   -2.8452808E-04    1.0611286E-04    4.2664469E-05    4.3440307E-05    4.8799668E-05    2.1733813E-10    1.0000031E-16    1.6949834E-05    1.6350294E-07    1.2941645E-08    2.3537169E-04    6.7070070E-04    3.2846265E-04    8.2805968E-05
    1.8550000E+01   -2.8596448E-04    1.0657941E-04    4.2860115E-05    4.3492323E-05    4.9022675E-05    2.1501434E-10    1.0000031E-16    1.7061337E-05    1.6458816E-07    1.3027732E-08    2.3669914E-04    6.7070070E-04    3.2846265E-04    8.2805968E-05
    1.8650000E+01   -2.8740316E-04    1.0704677E-04    4.3055655E-05    4.3544430E-05    4.9246137E-05    2.1278289E-10    1.0000031E-16    1.7173069E-05    1.6567967E-07    1.3114321E-08    2.3802802E-04    6.7070070E-04    3.2846265E-04    8.2805968E-05
    1.8750000E+01   -2.8884410E-04    1.0751495E-04    4.3251077E-05    4.3596629E-05    4.9470057E-05    2.1065016E-10    1.0000031E-16    1.7285028E-05    1.6677756E-07    1.3201419E-08    2.3935831E-04    6.7070070E-04    3.2846265E-04    8.2805968E-05
    1.8850000E+01   -2.9028728E-04    1.0798395E-04    4.3446367E-05    4.3648918E-05    4.9694434E-05    2.0862480E-10    1.0000031E-16    1.7397217E-05    1.6788191E-07    1.3289034E-08    2.4068997E-04    6.7070070E-04    3.2846265E-04    8.2805968E-05
    1.8950000E+01   -2.9173270E-04    1.0845377E-04    4.3641510E-05    4.3701298E-05    4.9919268E-05    2.0671865E-10    1.0000031E-16    1.7509634E-05    1.6899286E-07    1.3377175E-08    2.4202299E-04    6.7070070E-04    3.2846265E-04    8.2805968E-05
    1.9050000E+01   -2.9318034E-04    1.0892440E-04    4.3836487E-05    4.3753770E-05    5.0144561E-05    2.0494811E-10    1.0000031E-16    1.7622280E-05    1.7011051E-07    1.3465851E-08    2.4335732E-04    6.7070070E-04    3.2846265E-04    8.2805968E-05
    1.9150000E+01   -2.9463017E-04    1.0939586E-04    4.4031278E-05    4.3806334E-05    5.0370312E-05    2.0333642E-10    1.0000031E-16    1.7735156E-05    1.7123501E-07    1.3555076E-08    2.4469292E-04    6.7070070E-04    3.2846265E-04    8.2805968E-05
    1.9250000E+01   -2.9608219E-04    1.0986814E-04    4.4225858E-05    4.3858989E-05    5.0596522E-05    2.0191737E-10    1.0000031E-16    1.7848261E-05    1.7236654E-07    1.3644861E-08    2.4602975E-04    6.7070070E-04    3.2846265E-04    8.2805968E-05
    1.9350000E+01   -2.9753635E-04    1.1034124E-04    4.4420196E-05    4.3911735E-05    5.0823191E-05    2.0074184E-10    1.0000031E-16    1.7961596E-05    1.7350531E-07    1.3735226E-08    2.4736775E-04    6.7070070E-04    3.2846265E-04    8.2805968E-05
    1.9450000E+01   -2.9899263E-04    1.1081516E-04    4.4614252E-05    4.3964573E-05    5.1050321E-05    1.9989011E-10    1.0000031E-16    1.8075161E-05    1.7465159E-07    1.3826192E-08    2.4870684E-04    6.7070070E-04    3.2846265E-04    8.2805968E-05
    1.9550000E+01   -3.0045096E-04    1.1128990E-04    4.4807969E-05    4.4017503E-05    5.1277911E-05    1.9949692E-10    1.0000031E-16    1.8188956E-05    1.7580576E-07    1.3917789E-08    2.5004690E-04    6.7070070E-04    3.2846265E-04    8.2805968E-05
    1.9650000E+01   -3.0191128E-04    1.1176547E-04    4.5001263E-05    4.4070525E-05    5.1505962E-05    1.9980851E-10    1.0000031E-16    1.8302981E-05    1.7696840E-07    1.4010065E-08    2.5138777E-04    6.7070070E-04    3.2846265E-04    8.2805968E-05
    1.9750000E+01   -3.0337343E-04    1.1224186E-04    4.5193991E-05    4.4123639E-05    5.1734474E-05    2.0133358E-10    1.0000032E-16    1.8417237E-05    1.7814044E-07    1.4103095E-08    2.5272916E-04    6.7070071E-04    3.2846265E-04    8.2805970E-05
    1.9850000E+01   -3.0484436E-04    1.1272177E-04    4.5386951E-05    4.4177951E-05    5.1964687E-05    2.0534432E-10    1.0000287E-16    1.8532153E-05    1.7932796E-07    1.4197366E-08    2.5407648E-04    6.7071781E-04    3.2847103E-04    8.2808081E-05
    1.9950000E+01   -3.1486883E-04    1.1636452E-04    4.6851406E-05    4.5470471E-05    5.3653122E-05    2.1062151E-10    1.0280704E-16    1.9167461E-05    1.8556621E-07    1.4691532E-08    2.6255160E-04    6.8952535E-04    3.3768165E-04    8.5130094E-05
