# Time          1.7500E+00
# Units: Mol/kgw
    Distance           H+               Na+              K+               Ca++             Mg++             Al+++            Fe+++            Fe++             Li7+             Li6+             SiO2(aq)         CO2(aq)          O2(aq)           Cl-          
    5.0000000E-02   -5.3616515E-05    2.9507747E-05    7.9023356E-06    3.1198105E-05    1.3282150E-05    6.4299297E-08    8.8290590E-17    6.3446745E-08    3.3120007E-08    2.6584793E-09    1.9573355E-05    5.9216375E-04    2.9000070E-04    7.3109648E-05
    1.5000000E-01   -6.0678540E-05    3.3223041E-05    8.9643305E-06    3.4851951E-05    1.4953747E-05    5.4832343E-08    9.8539467E-17    1.3570606E-07    3.7186594E-08    2.9802486E-09    2.2699675E-05    6.6090282E-04    3.2366433E-04    8.1596303E-05
    2.5000000E-01   -6.2458174E-05    3.3988821E-05    9.2442555E-06    3.5354868E-05    1.5297663E-05    5.0188847E-08    9.9860394E-17    2.0925551E-07    3.8021622E-08    3.0427115E-09    2.3960956E-05    6.6976226E-04    3.2800307E-04    8.2690107E-05
    3.5000000E-01   -6.3534564E-05    3.4361219E-05    9.4198738E-06    3.5437123E-05    1.5464558E-05    4.6408627E-08    9.9989267E-17    2.8310200E-07    3.8428672E-08    3.0711927E-09    2.4974537E-05    6.7062661E-04    3.2842636E-04    8.2796820E-05
    4.5000000E-01   -6.4543868E-05    3.4695092E-05    9.5853134E-06    3.5477602E-05    1.5614173E-05    4.3026529E-08    9.9999564E-17    3.5714249E-07    3.8797575E-08    3.0969830E-09    2.5965400E-05    6.7069567E-04    3.2846018E-04    8.2805347E-05
    5.5000000E-01   -6.5550609E-05    3.5026477E-05    9.7501349E-06    3.5514771E-05    1.5762731E-05    3.9965091E-08    1.0000027E-16    4.3136866E-07    3.9167752E-08    3.1232104E-09    2.6956383E-05    6.7070040E-04    3.2846250E-04    8.2805931E-05
    6.5000000E-01   -6.6559980E-05    3.5358329E-05    9.9151220E-06    3.5551784E-05    1.5911560E-05    3.7184976E-08    1.0000031E-16    5.0578024E-07    3.9542247E-08    3.1500835E-09    2.7949328E-05    6.7070068E-04    3.2846264E-04    8.2805966E-05
    7.5000000E-01   -6.7572257E-05    3.5690853E-05    1.0080330E-05    3.5588858E-05    1.6060755E-05    3.4654177E-08    1.0000031E-16    5.8037753E-07    3.9921109E-08    3.1775742E-09    2.8944337E-05    6.7070070E-04    3.2846265E-04    8.2805968E-05
    8.5000000E-01   -6.8587384E-05    3.6024064E-05    1.0245762E-05    3.5626008E-05    1.6210322E-05    3.2345133E-08    1.0000031E-16    6.5516085E-07    4.0304198E-08    3.2056427E-09    2.9941394E-05    6.7070070E-04    3.2846265E-04    8.2805968E-05
    9.5000000E-01   -6.9605294E-05    3.6357963E-05    1.0411419E-05    3.5663235E-05    1.6360261E-05    3.0233924E-08    1.0000031E-16    7.3013050E-07    4.0691383E-08    3.2342534E-09    3.0940477E-05    6.7070070E-04    3.2846265E-04    8.2805968E-05
    1.0500000E+00   -7.0625927E-05    3.6692551E-05    1.0577301E-05    3.5700539E-05    1.6510574E-05    2.8299710E-08    1.0000031E-16    8.0528680E-07    4.1082549E-08    3.2633746E-09    3.1941567E-05    6.7070070E-04    3.2846265E-04    8.2805968E-05
    1.1500000E+00   -7.1649232E-05    3.7027830E-05    1.0743408E-05    3.5737919E-05    1.6661260E-05    2.6524268E-08    1.0000031E-16    8.8063004E-07    4.1477599E-08    3.2929783E-09    3.2944650E-05    6.7070070E-04    3.2846265E-04    8.2805968E-05
    1.2500000E+00   -7.2675163E-05    3.7363799E-05    1.0909741E-05    3.5775377E-05    1.6812321E-05    2.4891609E-08    1.0000031E-16    9.5616050E-07    4.1876447E-08    3.3230400E-09    3.3949711E-05    6.7070070E-04    3.2846265E-04    8.2805968E-05
    1.3500000E+00   -7.3703682E-05    3.7700461E-05    1.1076299E-05    3.5812912E-05    1.6963757E-05    2.3387662E-08    1.0000031E-16    1.0318785E-06    4.2279018E-08    3.3535376E-09    3.4956738E-05    6.7070070E-04    3.2846265E-04    8.2805968E-05
    1.4500000E+00   -7.4734754E-05    3.8037815E-05    1.1243084E-05    3.5850524E-05    1.7115568E-05    2.2000001E-08    1.0000031E-16    1.1077842E-06    4.2685247E-08    3.3844519E-09    3.5965722E-05    6.7070070E-04    3.2846265E-04    8.2805968E-05
    1.5500000E+00   -7.5768348E-05    3.8375863E-05    1.1410095E-05    3.5888213E-05    1.7267756E-05    2.0717630E-08    1.0000031E-16    1.1838779E-06    4.3095077E-08    3.4157655E-09    3.6976653E-05    6.7070070E-04    3.2846265E-04    8.2805968E-05
    1.6500000E+00   -7.6804439E-05    3.8714605E-05    1.1577333E-05    3.5925980E-05    1.7420320E-05    1.9530783E-08    1.0000031E-16    1.2601600E-06    4.3508459E-08    3.4474632E-09    3.7989526E-05    6.7070070E-04    3.2846265E-04    8.2805968E-05
    1.7500000E+00   -7.7843003E-05    3.9054043E-05    1.1744797E-05    3.5963825E-05    1.7573261E-05    1.8430769E-08    1.0000031E-16    1.3366306E-06    4.3925348E-08    3.4795312E-09    3.9004334E-05    6.7070070E-04    3.2846265E-04    8.2805968E-05
    1.8500000E+00   -7.8884019E-05    3.9394177E-05    1.1912489E-05    3.6001747E-05    1.7726580E-05    1.7409838E-08    1.0000031E-16    1.4132900E-06    4.4345707E-08    3.5119576E-09    4.0021073E-05    6.7070070E-04    3.2846265E-04    8.2805968E-05
    1.9500000E+00   -7.9927468E-05    3.9735008E-05    1.2080407E-05    3.6039746E-05    1.7880277E-05    1.6461055E-08    1.0000031E-16    1.4901385E-06    4.4769500E-08    3.5447313E-09    4.1039737E-05    6.7070070E-04    3.2846265E-04    8.2805968E-05
    2.0500000E+00   -8.0973336E-05    4.0076536E-05    1.2248553E-05    3.6077824E-05    1.8034353E-05    1.5578209E-08    1.0000031E-16    1.5671763E-06    4.5196699E-08    3.5778429E-09    4.2060322E-05    6.7070070E-04    3.2846265E-04    8.2805968E-05
    2.1500000E+00   -8.2021607E-05    4.0418763E-05    1.2416926E-05    3.6115979E-05    1.8188807E-05    1.4755719E-08    1.0000031E-16    1.6444037E-06    4.5627277E-08    3.6112835E-09    4.3082825E-05    6.7070070E-04    3.2846265E-04    8.2805968E-05
    2.2500000E+00   -8.3072270E-05    4.0761689E-05    1.2585527E-05    3.6154213E-05    1.8343642E-05    1.3988564E-08    1.0000031E-16    1.7218208E-06    4.6061211E-08    3.6450456E-09    4.4107242E-05    6.7070070E-04    3.2846265E-04    8.2805968E-05
    2.3500000E+00   -8.4125312E-05    4.1105315E-05    1.2754356E-05    3.6192524E-05    1.8498856E-05    1.3272215E-08    1.0000031E-16    1.7994280E-06    4.6498482E-08    3.6791221E-09    4.5133570E-05    6.7070070E-04    3.2846265E-04    8.2805968E-05
    2.4500000E+00   -8.5180725E-05    4.1449641E-05    1.2923412E-05    3.6230913E-05    1.8654451E-05    1.2602582E-08    1.0000031E-16    1.8772254E-06    4.6939070E-08    3.7135071E-09    4.6161807E-05    6.7070070E-04    3.2846265E-04    8.2805968E-05
    2.5500000E+00   -8.6238500E-05    4.1794669E-05    1.3092697E-05    3.6269381E-05    1.8810427E-05    1.1975963E-08    1.0000031E-16    1.9552134E-06    4.7382961E-08    3.7481949E-09    4.7191952E-05    6.7070070E-04    3.2846265E-04    8.2805968E-05
    2.6500000E+00   -8.7298628E-05    4.2140399E-05    1.3262210E-05    3.6307927E-05    1.8966784E-05    1.1389003E-08    1.0000031E-16    2.0333921E-06    4.7830140E-08    3.7831807E-09    4.8224002E-05    6.7070070E-04    3.2846265E-04    8.2805968E-05
    2.7500000E+00   -8.8361104E-05    4.2486832E-05    1.3431952E-05    3.6346551E-05    1.9123524E-05    1.0838654E-08    1.0000031E-16    2.1117619E-06    4.8280597E-08    3.8184599E-09    4.9257957E-05    6.7070070E-04    3.2846265E-04    8.2805968E-05
    2.8500000E+00   -8.9425922E-05    4.2833968E-05    1.3601922E-05    3.6385254E-05    1.9280646E-05    1.0322146E-08    1.0000031E-16    2.1903228E-06    4.8734321E-08    3.8540288E-09    5.0293815E-05    6.7070070E-04    3.2846265E-04    8.2805968E-05
    2.9500000E+00   -9.0493076E-05    4.3181809E-05    1.3772121E-05    3.6424035E-05    1.9438150E-05    9.8369551E-09    1.0000031E-16    2.2690752E-06    4.9191302E-08    3.8898837E-09    5.1331576E-05    6.7070070E-04    3.2846265E-04    8.2805968E-05
    3.0500000E+00   -9.1562561E-05    4.3530355E-05    1.3942548E-05    3.6462895E-05    1.9596039E-05    9.3807783E-09    1.0000031E-16    2.3480193E-06    4.9651533E-08    3.9260216E-09    5.2371238E-05    6.7070070E-04    3.2846265E-04    8.2805968E-05
    3.1500000E+00   -9.2634375E-05    4.3879606E-05    1.4113205E-05    3.6501834E-05    1.9754311E-05    8.9515129E-09    1.0000031E-16    2.4271554E-06    5.0115008E-08    3.9624396E-09    5.3412802E-05    6.7070070E-04    3.2846265E-04    8.2805968E-05
    3.2500000E+00   -9.3708513E-05    4.4229564E-05    1.4284091E-05    3.6540851E-05    1.9912967E-05    8.5472352E-09    1.0000031E-16    2.5064836E-06    5.0581721E-08    3.9991352E-09    5.4456267E-05    6.7070070E-04    3.2846265E-04    8.2805968E-05
    3.3500000E+00   -9.4784972E-05    4.4580229E-05    1.4455205E-05    3.6579947E-05    2.0072009E-05    8.1661834E-09    1.0000031E-16    2.5860043E-06    5.1051668E-08    4.0361062E-09    5.5501633E-05    6.7070070E-04    3.2846265E-04    8.2805968E-05
    3.4500000E+00   -9.5863751E-05    4.4931602E-05    1.4626549E-05    3.6619122E-05    2.0231435E-05    7.8067416E-09    1.0000031E-16    2.6657175E-06    5.1524845E-08    4.0733506E-09    5.6548900E-05    6.7070070E-04    3.2846265E-04    8.2805968E-05
    3.5500000E+00   -9.6944847E-05    4.5283683E-05    1.4798123E-05    3.6658376E-05    2.0391247E-05    7.4674263E-09    1.0000031E-16    2.7456237E-06    5.2001250E-08    4.1108667E-09    5.7598068E-05    6.7070070E-04    3.2846265E-04    8.2805968E-05
    3.6500000E+00   -9.8028258E-05    4.5636474E-05    1.4969925E-05    3.6697709E-05    2.0551446E-05    7.1468733E-09    1.0000031E-16    2.8257229E-06    5.2480879E-08    4.1486528E-09    5.8649138E-05    6.7070070E-04    3.2846265E-04    8.2805968E-05
    3.7500000E+00   -9.9113983E-05    4.5989975E-05    1.5141958E-05    3.6737122E-05    2.0712031E-05    6.8438274E-09    1.0000031E-16    2.9060155E-06    5.2963732E-08    4.1867077E-09    5.9702110E-05    6.7070070E-04    3.2846265E-04    8.2805968E-05
    3.8500000E+00   -1.0020202E-04    4.6344187E-05    1.5314219E-05    3.6776613E-05    2.0873003E-05    6.5571319E-09    1.0000031E-16    2.9865017E-06    5.3449808E-08    4.2250301E-09    6.0756983E-05    6.7070070E-04    3.2846265E-04    8.2805968E-05
    3.9500000E+00   -1.0129237E-04    4.6699110E-05    1.5486711E-05    3.6816184E-05    2.1034363E-05    6.2857198E-09    1.0000031E-16    3.0671817E-06    5.3939106E-08    4.2636189E-09    6.1813760E-05    6.7070070E-04    3.2846265E-04    8.2805968E-05
    4.0500000E+00   -1.0238503E-04    4.7054745E-05    1.5659432E-05    3.6855834E-05    2.1196111E-05    6.0286058E-09    1.0000031E-16    3.1480557E-06    5.4431626E-08    4.3024732E-09    6.2872440E-05    6.7070070E-04    3.2846265E-04    8.2805968E-05
    4.1500000E+00   -1.0348000E-04    4.7411093E-05    1.5832383E-05    3.6895564E-05    2.1358248E-05    5.7848793E-09    1.0000031E-16    3.2291240E-06    5.4927370E-08    4.3415923E-09    6.3933023E-05    6.7070070E-04    3.2846265E-04    8.2805968E-05
    4.2500000E+00   -1.0457729E-04    4.7768155E-05    1.6005563E-05    3.6935373E-05    2.1520774E-05    5.5536976E-09    1.0000031E-16    3.3103868E-06    5.5426339E-08    4.3809754E-09    6.4995511E-05    6.7070070E-04    3.2846265E-04    8.2805968E-05
    4.3500000E+00   -1.0567688E-04    4.8125931E-05    1.6178973E-05    3.6975262E-05    2.1683689E-05    5.3342804E-09    1.0000031E-16    3.3918443E-06    5.5928533E-08    4.4206219E-09    6.6059905E-05    6.7070070E-04    3.2846265E-04    8.2805968E-05
    4.4500000E+00   -1.0677878E-04    4.8484422E-05    1.6352614E-05    3.7015231E-05    2.1846994E-05    5.1259042E-09    1.0000031E-16    3.4734968E-06    5.6433954E-08    4.4605314E-09    6.7126204E-05    6.7070070E-04    3.2846265E-04    8.2805968E-05
    4.5500000E+00   -1.0788300E-04    4.8843629E-05    1.6526484E-05    3.7055280E-05    2.2010689E-05    4.9278976E-09    1.0000031E-16    3.5553446E-06    5.6942606E-08    4.5007034E-09    6.8194410E-05    6.7070070E-04    3.2846265E-04    8.2805968E-05
    4.6500000E+00   -1.0898953E-04    4.9203553E-05    1.6700583E-05    3.7095408E-05    2.2174775E-05    4.7396373E-09    1.0000031E-16    3.6373877E-06    5.7454490E-08    4.5411376E-09    6.9264524E-05    6.7070070E-04    3.2846265E-04    8.2805968E-05
    4.7500000E+00   -1.1009836E-04    4.9564193E-05    1.6874913E-05    3.7135616E-05    2.2339253E-05    4.5605437E-09    1.0000031E-16    3.7196266E-06    5.7969609E-08    4.5818338E-09    7.0336547E-05    6.7070070E-04    3.2846265E-04    8.2805968E-05
    4.8500000E+00   -1.1120952E-04    4.9925552E-05    1.7049473E-05    3.7175905E-05    2.2504123E-05    4.3900777E-09    1.0000031E-16    3.8020614E-06    5.8487967E-08    4.6227918E-09    7.1410478E-05    6.7070070E-04    3.2846265E-04    8.2805968E-05
    4.9500000E+00   -1.1232298E-04    5.0287629E-05    1.7224262E-05    3.7216273E-05    2.2669385E-05    4.2277374E-09    1.0000031E-16    3.8846923E-06    5.9009567E-08    4.6640114E-09    7.2486320E-05    6.7070070E-04    3.2846265E-04    8.2805968E-05
    5.0500000E+00   -1.1343876E-04    5.0650426E-05    1.7399281E-05    3.7256722E-05    2.2835039E-05    4.0730550E-09    1.0000031E-16    3.9675195E-06    5.9534413E-08    4.7054926E-09    7.3564073E-05    6.7070070E-04    3.2846265E-04    8.2805968E-05
    5.1500000E+00   -1.1455685E-04    5.1013942E-05    1.7574530E-05    3.7297251E-05    2.3001087E-05    3.9255944E-09    1.0000031E-16    4.0505434E-06    6.0062508E-08    4.7472353E-09    7.4643739E-05    6.7070070E-04    3.2846265E-04    8.2805968E-05
    5.2500000E+00   -1.1567726E-04    5.1378179E-05    1.7750009E-05    3.7337860E-05    2.3167528E-05    3.7849484E-09    1.0000031E-16    4.1337641E-06    6.0593856E-08    4.7892396E-09    7.5725317E-05    6.7070070E-04    3.2846265E-04    8.2805968E-05
    5.3500000E+00   -1.1679999E-04    5.1743138E-05    1.7925717E-05    3.7378550E-05    2.3334364E-05    3.6507369E-09    1.0000031E-16    4.2171819E-06    6.1128463E-08    4.8315056E-09    7.6808809E-05    6.7070070E-04    3.2846265E-04    8.2805968E-05
    5.4500000E+00   -1.1792504E-04    5.2108819E-05    1.8101655E-05    3.7419320E-05    2.3501594E-05    3.5226044E-09    1.0000031E-16    4.3007971E-06    6.1666333E-08    4.8740333E-09    7.7894217E-05    6.7070070E-04    3.2846265E-04    8.2805968E-05
    5.5500000E+00   -1.1905240E-04    5.2475223E-05    1.8277822E-05    3.7460171E-05    2.3669219E-05    3.4002187E-09    1.0000031E-16    4.3846097E-06    6.2207470E-08    4.9168229E-09    7.8981540E-05    6.7070070E-04    3.2846265E-04    8.2805968E-05
    5.6500000E+00   -1.2018209E-04    5.2842350E-05    1.8454219E-05    3.7501103E-05    2.3837240E-05    3.2832686E-09    1.0000031E-16    4.4686201E-06    6.2751879E-08    4.9598746E-09    8.0070780E-05    6.7070070E-04    3.2846265E-04    8.2805968E-05
    5.7500000E+00   -1.2131410E-04    5.3210202E-05    1.8630845E-05    3.7542115E-05    2.4005657E-05    3.1714626E-09    1.0000031E-16    4.5528286E-06    6.3299567E-08    5.0031886E-09    8.1161938E-05    6.7070070E-04    3.2846265E-04    8.2805968E-05
    5.8500000E+00   -1.2244843E-04    5.3578779E-05    1.8807700E-05    3.7583208E-05    2.4174471E-05    3.0645278E-09    1.0000031E-16    4.6372353E-06    6.3850537E-08    5.0467652E-09    8.2255014E-05    6.7070070E-04    3.2846265E-04    8.2805968E-05
    5.9500000E+00   -1.2358509E-04    5.3948082E-05    1.8984784E-05    3.7624382E-05    2.4343681E-05    2.9622080E-09    1.0000031E-16    4.7218404E-06    6.4404796E-08    5.0906046E-09    8.3350010E-05    6.7070070E-04    3.2846265E-04    8.2805968E-05
    6.0500000E+00   -1.2472407E-04    5.4318111E-05    1.9162098E-05    3.7665637E-05    2.4513289E-05    2.8642629E-09    1.0000031E-16    4.8066443E-06    6.4962349E-08    5.1347072E-09    8.4446927E-05    6.7070070E-04    3.2846265E-04    8.2805968E-05
    6.1500000E+00   -1.2586538E-04    5.4688867E-05    1.9339640E-05    3.7706973E-05    2.4683294E-05    2.7704666E-09    1.0000031E-16    4.8916471E-06    6.5523203E-08    5.1790732E-09    8.5545765E-05    6.7070070E-04    3.2846265E-04    8.2805968E-05
    6.2500000E+00   -1.2700902E-04    5.5060351E-05    1.9517411E-05    3.7748391E-05    2.4853698E-05    2.6806072E-09    1.0000031E-16    4.9768491E-06    6.6087363E-08    5.2237030E-09    8.6646526E-05    6.7070070E-04    3.2846265E-04    8.2805968E-05
    6.3500000E+00   -1.2815499E-04    5.5432564E-05    1.9695410E-05    3.7789889E-05    2.5024501E-05    2.5944853E-09    1.0000031E-16    5.0622505E-06    6.6654835E-08    5.2685971E-09    8.7749210E-05    6.7070070E-04    3.2846265E-04    8.2805968E-05
    6.4500000E+00   -1.2930330E-04    5.5805506E-05    1.9873638E-05    3.7831469E-05    2.5195703E-05    2.5119133E-09    1.0000031E-16    5.1478515E-06    6.7225626E-08    5.3137557E-09    8.8853818E-05    6.7070070E-04    3.2846265E-04    8.2805968E-05
    6.5500000E+00   -1.3045394E-04    5.6179178E-05    2.0052094E-05    3.7873130E-05    2.5367305E-05    2.4327146E-09    1.0000031E-16    5.2336524E-06    6.7799743E-08    5.3591794E-09    8.9960351E-05    6.7070070E-04    3.2846265E-04    8.2805968E-05
    6.6500000E+00   -1.3160691E-04    5.6553581E-05    2.0230777E-05    3.7914873E-05    2.5539307E-05    2.3567230E-09    1.0000031E-16    5.3196534E-06    6.8377191E-08    5.4048686E-09    9.1068810E-05    6.7070070E-04    3.2846265E-04    8.2805968E-05
    6.7500000E+00   -1.3276222E-04    5.6928716E-05    2.0409689E-05    3.7956697E-05    2.5711710E-05    2.2837818E-09    1.0000031E-16    5.4058548E-06    6.8957979E-08    5.4508237E-09    9.2179196E-05    6.7070070E-04    3.2846265E-04    8.2805968E-05
    6.8500000E+00   -1.3391987E-04    5.7304582E-05    2.0588828E-05    3.7998603E-05    2.5884513E-05    2.2137432E-09    1.0000031E-16    5.4922567E-06    6.9542112E-08    5.4970452E-09    9.3291510E-05    6.7070070E-04    3.2846265E-04    8.2805968E-05
    6.9500000E+00   -1.3507986E-04    5.7681182E-05    2.0768194E-05    3.8040591E-05    2.6057719E-05    2.1464678E-09    1.0000031E-16    5.5788594E-06    7.0129598E-08    5.5435336E-09    9.4405752E-05    6.7070070E-04    3.2846265E-04    8.2805968E-05
    7.0500000E+00   -1.3624219E-04    5.8058515E-05    2.0947787E-05    3.8082660E-05    2.6231326E-05    2.0818243E-09    1.0000031E-16    5.6656632E-06    7.0720445E-08    5.5902894E-09    9.5521923E-05    6.7070070E-04    3.2846265E-04    8.2805968E-05
    7.1500000E+00   -1.3740686E-04    5.8436582E-05    2.1127606E-05    3.8124812E-05    2.6405337E-05    2.0196882E-09    1.0000031E-16    5.7526683E-06    7.1314659E-08    5.6373132E-09    9.6640024E-05    6.7070070E-04    3.2846265E-04    8.2805968E-05
    7.2500000E+00   -1.3857388E-04    5.8815385E-05    2.1307652E-05    3.8167045E-05    2.6579750E-05    1.9599424E-09    1.0000031E-16    5.8398748E-06    7.1912248E-08    5.6846055E-09    9.7760055E-05    6.7070070E-04    3.2846265E-04    8.2805968E-05
    7.3500000E+00   -1.3974325E-04    5.9194923E-05    2.1487924E-05    3.8209360E-05    2.6754566E-05    1.9024758E-09    1.0000031E-16    5.9272831E-06    7.2513219E-08    5.7321669E-09    9.8882018E-05    6.7070070E-04    3.2846265E-04    8.2805968E-05
    7.4500000E+00   -1.4091497E-04    5.9575198E-05    2.1668422E-05    3.8251757E-05    2.6929787E-05    1.8471836E-09    1.0000031E-16    6.0148934E-06    7.3117582E-08    5.7799979E-09    1.0000591E-04    6.7070070E-04    3.2846265E-04    8.2805968E-05
    7.5500000E+00   -1.4208903E-04    5.9956210E-05    2.1849145E-05    3.8294237E-05    2.7105412E-05    1.7939665E-09    1.0000031E-16    6.1027059E-06    7.3725343E-08    5.8280991E-09    1.0113174E-04    6.7070070E-04    3.2846265E-04    8.2805968E-05
    7.6500000E+00   -1.4326545E-04    6.0337959E-05    2.2030094E-05    3.8336799E-05    2.7281442E-05    1.7427306E-09    1.0000031E-16    6.1907208E-06    7.4336510E-08    5.8764712E-09    1.0225950E-04    6.7070070E-04    3.2846265E-04    8.2805968E-05
    7.7500000E+00   -1.4444422E-04    6.0720448E-05    2.2211267E-05    3.8379443E-05    2.7457877E-05    1.6933868E-09    1.0000031E-16    6.2789384E-06    7.4951093E-08    5.9251148E-09    1.0338920E-04    6.7070070E-04    3.2846265E-04    8.2805968E-05
    7.8500000E+00   -1.4562535E-04    6.1103676E-05    2.2392664E-05    3.8422170E-05    2.7634718E-05    1.6458510E-09    1.0000031E-16    6.3673589E-06    7.5569098E-08    5.9740305E-09    1.0452083E-04    6.7070070E-04    3.2846265E-04    8.2805968E-05
    7.9500000E+00   -1.4680883E-04    6.1487644E-05    2.2574285E-05    3.8464979E-05    2.7811965E-05    1.6000432E-09    1.0000031E-16    6.4559826E-06    7.6190536E-08    6.0232189E-09    1.0565439E-04    6.7070070E-04    3.2846265E-04    8.2805968E-05
    8.0500000E+00   -1.4799467E-04    6.1872352E-05    2.2756130E-05    3.8507870E-05    2.7989619E-05    1.5558875E-09    1.0000031E-16    6.5448096E-06    7.6815414E-08    6.0726808E-09    1.0678989E-04    6.7070070E-04    3.2846265E-04    8.2805968E-05
    8.1500000E+00   -1.4918287E-04    6.2257802E-05    2.2938197E-05    3.8550845E-05    2.8167680E-05    1.5133122E-09    1.0000031E-16    6.6338402E-06    7.7443742E-08    6.1224168E-09    1.0792733E-04    6.7070070E-04    3.2846265E-04    8.2805968E-05
    8.2500000E+00   -1.5037343E-04    6.2643994E-05    2.3120487E-05    3.8593902E-05    2.8346149E-05    1.4722490E-09    1.0000031E-16    6.7230747E-06    7.8075528E-08    6.1724275E-09    1.0906670E-04    6.7070070E-04    3.2846265E-04    8.2805968E-05
    8.3500000E+00   -1.5156636E-04    6.3030930E-05    2.3302999E-05    3.8637042E-05    2.8525026E-05    1.4326331E-09    1.0000031E-16    6.8125132E-06    7.8710781E-08    6.2227138E-09    1.1020801E-04    6.7070070E-04    3.2846265E-04    8.2805968E-05
    8.4500000E+00   -1.5276164E-04    6.3418608E-05    2.3485733E-05    3.8680265E-05    2.8704312E-05    1.3944030E-09    1.0000031E-16    6.9021561E-06    7.9349512E-08    6.2732764E-09    1.1135125E-04    6.7070070E-04    3.2846265E-04    8.2805968E-05
    8.5500000E+00   -1.5395930E-04    6.3807031E-05    2.3668687E-05    3.8723571E-05    2.8884007E-05    1.3575002E-09    1.0000031E-16    6.9920035E-06    7.9991728E-08    6.3241158E-09    1.1249644E-04    6.7070070E-04    3.2846265E-04    8.2805968E-05
    8.6500000E+00   -1.5515932E-04    6.4196200E-05    2.3851862E-05    3.8766959E-05    2.9064111E-05    1.3218692E-09    1.0000031E-16    7.0820557E-06    8.0637441E-08    6.3752330E-09    1.1364356E-04    6.7070070E-04    3.2846265E-04    8.2805968E-05
    8.7500000E+00   -1.5636172E-04    6.4586113E-05    2.4035257E-05    3.8810432E-05    2.9244626E-05    1.2874570E-09    1.0000031E-16    7.1723128E-06    8.1286659E-08    6.4266287E-09    1.1479262E-04    6.7070070E-04    3.2846265E-04    8.2805968E-05
    8.8500000E+00   -1.5756648E-04    6.4976774E-05    2.4218871E-05    3.8853987E-05    2.9425550E-05    1.2542134E-09    1.0000031E-16    7.2627752E-06    8.1939392E-08    6.4783037E-09    1.1594362E-04    6.7070070E-04    3.2846265E-04    8.2805968E-05
    8.9500000E+00   -1.5877362E-04    6.5368181E-05    2.4402704E-05    3.8897625E-05    2.9606886E-05    1.2220905E-09    1.0000031E-16    7.3534431E-06    8.2595651E-08    6.5302587E-09    1.1709655E-04    6.7070070E-04    3.2846265E-04    8.2805968E-05
    9.0500000E+00   -1.5998313E-04    6.5760337E-05    2.4586755E-05    3.8941347E-05    2.9788633E-05    1.1910428E-09    1.0000031E-16    7.4443167E-06    8.3255446E-08    6.5824946E-09    1.1825143E-04    6.7070070E-04    3.2846265E-04    8.2805968E-05
    9.1500000E+00   -1.6119502E-04    6.6153241E-05    2.4771024E-05    3.8985153E-05    2.9970793E-05    1.1610268E-09    1.0000031E-16    7.5353963E-06    8.3918787E-08    6.6350121E-09    1.1940824E-04    6.7070070E-04    3.2846265E-04    8.2805968E-05
    9.2500000E+00   -1.6240928E-04    6.6546894E-05    2.4955509E-05    3.9029042E-05    3.0153364E-05    1.1320012E-09    1.0000031E-16    7.6266820E-06    8.4585685E-08    6.6878122E-09    1.2056699E-04    6.7070070E-04    3.2846265E-04    8.2805968E-05
    9.3500000E+00   -1.6362592E-04    6.6941298E-05    2.5140210E-05    3.9073014E-05    3.0336348E-05    1.1039267E-09    1.0000031E-16    7.7181741E-06    8.5256150E-08    6.7408956E-09    1.2172768E-04    6.7070070E-04    3.2846265E-04    8.2805968E-05
    9.4500000E+00   -1.6484494E-04    6.7336452E-05    2.5325126E-05    3.9117071E-05    3.0519746E-05    1.0767655E-09    1.0000031E-16    7.8098728E-06    8.5930194E-08    6.7942633E-09    1.2289031E-04    6.7070070E-04    3.2846265E-04    8.2805968E-05
    9.5500000E+00   -1.6606635E-04    6.7732358E-05    2.5510257E-05    3.9161211E-05    3.0703557E-05    1.0504820E-09    1.0000031E-16    7.9017785E-06    8.6607828E-08    6.8479161E-09    1.2405488E-04    6.7070070E-04    3.2846265E-04    8.2805968E-05
    9.6500000E+00   -1.6729013E-04    6.8129016E-05    2.5695602E-05    3.9205435E-05    3.0887782E-05    1.0250419E-09    1.0000031E-16    7.9938912E-06    8.7289062E-08    6.9018548E-09    1.2522139E-04    6.7070070E-04    3.2846265E-04    8.2805968E-05
    9.7500000E+00   -1.6851630E-04    6.8526426E-05    2.5881159E-05    3.9249743E-05    3.1072423E-05    1.0004125E-09    1.0000031E-16    8.0862113E-06    8.7973909E-08    6.9560805E-09    1.2638983E-04    6.7070070E-04    3.2846265E-04    8.2805968E-05
    9.8500000E+00   -1.6974486E-04    6.8924591E-05    2.6066929E-05    3.9294135E-05    3.1257478E-05    9.7656278E-10    1.0000031E-16    8.1787389E-06    8.8662380E-08    7.0105941E-09    1.2756021E-04    6.7070070E-04    3.2846265E-04    8.2805968E-05
    9.9500000E+00   -1.7097580E-04    6.9323510E-05    2.6252910E-05    3.9338611E-05    3.1442949E-05    9.5346292E-10    1.0000031E-16    8.2714744E-06    8.9354486E-08    7.0653964E-09    1.2873253E-04    6.7070070E-04    3.2846265E-04    8.2805968E-05
    1.0050000E+01   -1.7220913E-04    6.9723183E-05    2.6439101E-05    3.9383171E-05    3.1628836E-05    9.3108453E-10    1.0000031E-16    8.3644179E-06    9.0050241E-08    7.1204885E-09    1.2990679E-04    6.7070070E-04    3.2846265E-04    8.2805968E-05
    1.0150000E+01   -1.7344485E-04    7.0123613E-05    2.6625502E-05    3.9427815E-05    3.1815139E-05    9.0940044E-10    1.0000031E-16    8.4575696E-06    9.0749656E-08    7.1758713E-09    1.3108298E-04    6.7070070E-04    3.2846265E-04    8.2805968E-05
    1.0250000E+01   -1.7468296E-04    7.0524799E-05    2.6812112E-05    3.9472544E-05    3.2001860E-05    8.8838470E-10    1.0000031E-16    8.5509299E-06    9.1452743E-08    7.2315458E-09    1.3226111E-04    6.7070070E-04    3.2846265E-04    8.2805968E-05
    1.0350000E+01   -1.7592346E-04    7.0926742E-05    2.6998928E-05    3.9517357E-05    3.2188998E-05    8.6801247E-10    1.0000031E-16    8.6444989E-06    9.2159515E-08    7.2875130E-09    1.3344118E-04    6.7070070E-04    3.2846265E-04    8.2805968E-05
    1.0450000E+01   -1.7716636E-04    7.1329443E-05    2.7185952E-05    3.9562255E-05    3.2376554E-05    8.4826003E-10    1.0000031E-16    8.7382769E-06    9.2869986E-08    7.3437740E-09    1.3462318E-04    6.7070070E-04    3.2846265E-04    8.2805968E-05
    1.0550000E+01   -1.7841165E-04    7.1732903E-05    2.7373180E-05    3.9607237E-05    3.2564528E-05    8.2910465E-10    1.0000031E-16    8.8322641E-06    9.3584167E-08    7.4003298E-09    1.3580711E-04    6.7070070E-04    3.2846265E-04    8.2805968E-05
    1.0650000E+01   -1.7965933E-04    7.2137122E-05    2.7560614E-05    3.9652304E-05    3.2752922E-05    8.1052460E-10    1.0000031E-16    8.9264608E-06    9.4302073E-08    7.4571814E-09    1.3699298E-04    6.7070070E-04    3.2846265E-04    8.2805968E-05
    1.0750000E+01   -1.8090941E-04    7.2542101E-05    2.7748250E-05    3.9697456E-05    3.2941734E-05    7.9249906E-10    1.0000031E-16    9.0208671E-06    9.5023717E-08    7.5143299E-09    1.3818078E-04    6.7070070E-04    3.2846265E-04    8.2805968E-05
    1.0850000E+01   -1.8216189E-04    7.2947841E-05    2.7936089E-05    3.9742692E-05    3.3130967E-05    7.7500811E-10    1.0000031E-16    9.1154833E-06    9.5749112E-08    7.5717765E-09    1.3937052E-04    6.7070070E-04    3.2846265E-04    8.2805968E-05
    1.0950000E+01   -1.8341677E-04    7.3354342E-05    2.8124129E-05    3.9788014E-05    3.3320619E-05    7.5803267E-10    1.0000031E-16    9.2103096E-06    9.6478273E-08    7.6295222E-09    1.4056218E-04    6.7070070E-04    3.2846265E-04    8.2805968E-05
    1.1050000E+01   -1.8467405E-04    7.3761606E-05    2.8312368E-05    3.9833420E-05    3.3510693E-05    7.4155443E-10    1.0000031E-16    9.3053463E-06    9.7211214E-08    7.6875681E-09    1.4175578E-04    6.7070070E-04    3.2846265E-04    8.2805968E-05
    1.1150000E+01   -1.8593373E-04    7.4169632E-05    2.8500806E-05    3.9878912E-05    3.3701187E-05    7.2555589E-10    1.0000031E-16    9.4005937E-06    9.7947949E-08    7.7459155E-09    1.4295130E-04    6.7070070E-04    3.2846265E-04    8.2805968E-05
    1.1250000E+01   -1.8719581E-04    7.4578422E-05    2.8689442E-05    3.9924488E-05    3.3892104E-05    7.1002023E-10    1.0000031E-16    9.4960518E-06    9.8688493E-08    7.8045655E-09    1.4414875E-04    6.7070070E-04    3.2846265E-04    8.2805968E-05
    1.1350000E+01   -1.8846029E-04    7.4987977E-05    2.8878273E-05    3.9970150E-05    3.4083442E-05    6.9493134E-10    1.0000031E-16    9.5917211E-06    9.9432861E-08    7.8635193E-09    1.4534813E-04    6.7070070E-04    3.2846265E-04    8.2805968E-05
    1.1450000E+01   -1.8972718E-04    7.5398296E-05    2.9067299E-05    4.0015897E-05    3.4275203E-05    6.8027378E-10    1.0000031E-16    9.6876016E-06    1.0018107E-07    7.9227781E-09    1.4654944E-04    6.7070070E-04    3.2846265E-04    8.2805968E-05
    1.1550000E+01   -1.9099647E-04    7.5809381E-05    2.9256518E-05    4.0061730E-05    3.4467387E-05    6.6603272E-10    1.0000031E-16    9.7836937E-06    1.0093313E-07    7.9823431E-09    1.4775266E-04    6.7070070E-04    3.2846265E-04    8.2805968E-05
    1.1650000E+01   -1.9226816E-04    7.6221233E-05    2.9445929E-05    4.0107648E-05    3.4659995E-05    6.5219394E-10    1.0000031E-16    9.8799976E-06    1.0168906E-07    8.0422156E-09    1.4895782E-04    6.7070070E-04    3.2846265E-04    8.2805968E-05
    1.1750000E+01   -1.9354226E-04    7.6633852E-05    2.9635531E-05    4.0153651E-05    3.4853027E-05    6.3874378E-10    1.0000031E-16    9.9765134E-06    1.0244888E-07    8.1023969E-09    1.5016489E-04    6.7070070E-04    3.2846265E-04    8.2805968E-05
    1.1850000E+01   -1.9481877E-04    7.7047238E-05    2.9825321E-05    4.0199740E-05    3.5046483E-05    6.2566913E-10    1.0000031E-16    1.0073242E-05    1.0321260E-07    8.1628883E-09    1.5137388E-04    6.7070070E-04    3.2846265E-04    8.2805968E-05
    1.1950000E+01   -1.9609769E-04    7.7461394E-05    3.0015299E-05    4.0245915E-05    3.5240364E-05    6.1295741E-10    1.0000031E-16    1.0170182E-05    1.0398024E-07    8.2236911E-09    1.5258479E-04    6.7070070E-04    3.2846265E-04    8.2805968E-05
    1.2050000E+01   -1.9737901E-04    7.7876318E-05    3.0205462E-05    4.0292175E-05    3.5434671E-05    6.0059652E-10    1.0000031E-16    1.0267335E-05    1.0475181E-07    8.2848066E-09    1.5379762E-04    6.7070070E-04    3.2846265E-04    8.2805968E-05
    1.2150000E+01   -1.9866275E-04    7.8292013E-05    3.0395810E-05    4.0338522E-05    3.5629403E-05    5.8857485E-10    1.0000031E-16    1.0364702E-05    1.0552734E-07    8.3462362E-09    1.5501236E-04    6.7070070E-04    3.2846265E-04    8.2805968E-05
    1.2250000E+01   -1.9994889E-04    7.8708478E-05    3.0586339E-05    4.0384954E-05    3.5824562E-05    5.7688124E-10    1.0000031E-16    1.0462281E-05    1.0630683E-07    8.4079814E-09    1.5622901E-04    6.7070070E-04    3.2846265E-04    8.2805968E-05
    1.2350000E+01   -2.0123744E-04    7.9125715E-05    3.0777050E-05    4.0431472E-05    3.6020148E-05    5.6550495E-10    1.0000031E-16    1.0560074E-05    1.0709032E-07    8.4700435E-09    1.5744758E-04    6.7070070E-04    3.2846265E-04    8.2805968E-05
    1.2450000E+01   -2.0252840E-04    7.9543724E-05    3.0967939E-05    4.0478077E-05    3.6216160E-05    5.5443567E-10    1.0000031E-16    1.0658080E-05    1.0787781E-07    8.5324239E-09    1.5866805E-04    6.7070070E-04    3.2846265E-04    8.2805968E-05
    1.2550000E+01   -2.0382178E-04    7.9962506E-05    3.1159006E-05    4.0524767E-05    3.6412601E-05    5.4366348E-10    1.0000031E-16    1.0756301E-05    1.0866932E-07    8.5951242E-09    1.5989043E-04    6.7070070E-04    3.2846265E-04    8.2805968E-05
    1.2650000E+01   -2.0511756E-04    8.0382062E-05    3.1350248E-05    4.0571544E-05    3.6609470E-05    5.3317884E-10    1.0000031E-16    1.0854735E-05    1.0946488E-07    8.6581458E-09    1.6111471E-04    6.7070070E-04    3.2846265E-04    8.2805968E-05
    1.2750000E+01   -2.0641576E-04    8.0802392E-05    3.1541663E-05    4.0618407E-05    3.6806767E-05    5.2297257E-10    1.0000031E-16    1.0953384E-05    1.1026450E-07    8.7214902E-09    1.6234089E-04    6.7070070E-04    3.2846265E-04    8.2805968E-05
    1.2850000E+01   -2.0771637E-04    8.1223497E-05    3.1733250E-05    4.0665357E-05    3.7004494E-05    5.1303584E-10    1.0000031E-16    1.1052247E-05    1.1106820E-07    8.7851591E-09    1.6356898E-04    6.7070070E-04    3.2846265E-04    8.2805968E-05
    1.2950000E+01   -2.0901939E-04    8.1645378E-05    3.1925006E-05    4.0712393E-05    3.7202650E-05    5.0336015E-10    1.0000031E-16    1.1151325E-05    1.1187600E-07    8.8491539E-09    1.6479896E-04    6.7070070E-04    3.2846265E-04    8.2805968E-05
    1.3050000E+01   -2.1032482E-04    8.2068035E-05    3.2116929E-05    4.0759516E-05    3.7401237E-05    4.9393731E-10    1.0000031E-16    1.1250618E-05    1.1268792E-07    8.9134763E-09    1.6603083E-04    6.7070070E-04    3.2846265E-04    8.2805968E-05
    1.3150000E+01   -2.1163267E-04    8.2491469E-05    3.2309017E-05    4.0806725E-05    3.7600254E-05    4.8475946E-10    1.0000031E-16    1.1350127E-05    1.1350398E-07    8.9781280E-09    1.6726459E-04    6.7070070E-04    3.2846265E-04    8.2805968E-05
    1.3250000E+01   -2.1294292E-04    8.2915682E-05    3.2501268E-05    4.0854021E-05    3.7799701E-05    4.7581900E-10    1.0000031E-16    1.1449851E-05    1.1432421E-07    9.0431105E-09    1.6850025E-04    6.7070070E-04    3.2846265E-04    8.2805968E-05
    1.3350000E+01   -2.1425559E-04    8.3340672E-05    3.2693681E-05    4.0901404E-05    3.7999581E-05    4.6710863E-10    1.0000031E-16    1.1549790E-05    1.1514861E-07    9.1084255E-09    1.6973778E-04    6.7070070E-04    3.2846265E-04    8.2805968E-05
    1.3450000E+01   -2.1557068E-04    8.3766443E-05    3.2886251E-05    4.0948874E-05    3.8199892E-05    4.5862132E-10    1.0000031E-16    1.1649946E-05    1.1597723E-07    9.1740749E-09    1.7097720E-04    6.7070070E-04    3.2846265E-04    8.2805968E-05
    1.3550000E+01   -2.1688817E-04    8.4192993E-05    3.3078978E-05    4.0996430E-05    3.8400636E-05    4.5035027E-10    1.0000031E-16    1.1750318E-05    1.1681006E-07    9.2400603E-09    1.7221850E-04    6.7070070E-04    3.2846265E-04    8.2805968E-05
    1.3650000E+01   -2.1820808E-04    8.4620324E-05    3.3271858E-05    4.1044074E-05    3.8601812E-05    4.4228897E-10    1.0000031E-16    1.1850906E-05    1.1764715E-07    9.3063835E-09    1.7346167E-04    6.7070070E-04    3.2846265E-04    8.2805968E-05
    1.3750000E+01   -2.1953040E-04    8.5048436E-05    3.3464890E-05    4.1091805E-05    3.8803422E-05    4.3443111E-10    1.0000031E-16    1.1951711E-05    1.1848851E-07    9.3730464E-09    1.7470671E-04    6.7070070E-04    3.2846265E-04    8.2805968E-05
    1.3850000E+01   -2.2085513E-04    8.5477331E-05    3.3658071E-05    4.1139623E-05    3.9005466E-05    4.2677063E-10    1.0000031E-16    1.2052733E-05    1.1933416E-07    9.4400507E-09    1.7595362E-04    6.7070070E-04    3.2846265E-04    8.2805968E-05
    1.3950000E+01   -2.2218228E-04    8.5907009E-05    3.3851397E-05    4.1187528E-05    3.9207944E-05    4.1930167E-10    1.0000031E-16    1.2153972E-05    1.2018413E-07    9.5073985E-09    1.7720240E-04    6.7070070E-04    3.2846265E-04    8.2805968E-05
    1.4050000E+01   -2.2351183E-04    8.6337470E-05    3.4044867E-05    4.1235521E-05    3.9410857E-05    4.1201860E-10    1.0000031E-16    1.2255428E-05    1.2103844E-07    9.5750915E-09    1.7845304E-04    6.7070070E-04    3.2846265E-04    8.2805968E-05
    1.4150000E+01   -2.2484380E-04    8.6768715E-05    3.4238478E-05    4.1283601E-05    3.9614205E-05    4.0491597E-10    1.0000031E-16    1.2357102E-05    1.2189711E-07    9.6431318E-09    1.7970553E-04    6.7070070E-04    3.2846265E-04    8.2805968E-05
    1.4250000E+01   -2.2617817E-04    8.7200746E-05    3.4432227E-05    4.1331769E-05    3.9817989E-05    3.9798853E-10    1.0000031E-16    1.2458994E-05    1.2276018E-07    9.7115214E-09    1.8095987E-04    6.7070070E-04    3.2846265E-04    8.2805968E-05
    1.4350000E+01   -2.2751496E-04    8.7633562E-05    3.4626111E-05    4.1380024E-05    4.0022208E-05    3.9123124E-10    1.0000031E-16    1.2561104E-05    1.2362767E-07    9.7802623E-09    1.8221607E-04    6.7070070E-04    3.2846265E-04    8.2805968E-05
    1.4450000E+01   -2.2885415E-04    8.8067165E-05    3.4820127E-05    4.1428367E-05    4.0226865E-05    3.8463920E-10    1.0000031E-16    1.2663432E-05    1.2449959E-07    9.8493565E-09    1.8347410E-04    6.7070070E-04    3.2846265E-04    8.2805968E-05
    1.4550000E+01   -2.3019576E-04    8.8501554E-05    3.5014272E-05    4.1476798E-05    4.0431958E-05    3.7820772E-10    1.0000031E-16    1.2765979E-05    1.2537598E-07    9.9188062E-09    1.8473398E-04    6.7070070E-04    3.2846265E-04    8.2805968E-05
    1.4650000E+01   -2.3153977E-04    8.8936732E-05    3.5208543E-05    4.1525317E-05    4.0637489E-05    3.7193225E-10    1.0000031E-16    1.2868745E-05    1.2625687E-07    9.9886135E-09    1.8599569E-04    6.7070070E-04    3.2846265E-04    8.2805968E-05
    1.4750000E+01   -2.3288619E-04    8.9372699E-05    3.5402937E-05    4.1573923E-05    4.0843458E-05    3.6580841E-10    1.0000031E-16    1.2971729E-05    1.2714228E-07    1.0058781E-08    1.8725923E-04    6.7070070E-04    3.2846265E-04    8.2805968E-05
    1.4850000E+01   -2.3423501E-04    8.9809454E-05    3.5597451E-05    4.1622618E-05    4.1049866E-05    3.5983197E-10    1.0000031E-16    1.3074933E-05    1.2803225E-07    1.0129310E-08    1.8852459E-04    6.7070070E-04    3.2846265E-04    8.2805968E-05
    1.4950000E+01   -2.3558624E-04    9.0247000E-05    3.5792082E-05    4.1671400E-05    4.1256712E-05    3.5399886E-10    1.0000031E-16    1.3178356E-05    1.2892679E-07    1.0200203E-08    1.8979177E-04    6.7070070E-04    3.2846265E-04    8.2805968E-05
    1.5050000E+01   -2.3693987E-04    9.0685337E-05    3.5986825E-05    4.1720271E-05    4.1463998E-05    3.4830514E-10    1.0000031E-16    1.3281999E-05    1.2982593E-07    1.0271463E-08    1.9106077E-04    6.7070070E-04    3.2846265E-04    8.2805968E-05
    1.5150000E+01   -2.3829591E-04    9.1124464E-05    3.6181677E-05    4.1769230E-05    4.1671724E-05    3.4274703E-10    1.0000031E-16    1.3385862E-05    1.3072971E-07    1.0343092E-08    1.9233157E-04    6.7070070E-04    3.2846265E-04    8.2805968E-05
    1.5250000E+01   -2.3965434E-04    9.1564385E-05    3.6376636E-05    4.1818277E-05    4.1879890E-05    3.3732086E-10    1.0000031E-16    1.3489945E-05    1.3163816E-07    1.0415093E-08    1.9360418E-04    6.7070070E-04    3.2846265E-04    8.2805968E-05
    1.5350000E+01   -2.4101518E-04    9.2005098E-05    3.6571697E-05    4.1867413E-05    4.2088497E-05    3.3202311E-10    1.0000031E-16    1.3594248E-05    1.3255131E-07    1.0487467E-08    1.9487858E-04    6.7070070E-04    3.2846265E-04    8.2805968E-05
    1.5450000E+01   -2.4237841E-04    9.2446604E-05    3.6766856E-05    4.1916637E-05    4.2297545E-05    3.2685037E-10    1.0000031E-16    1.3698772E-05    1.3346919E-07    1.0560218E-08    1.9615478E-04    6.7070070E-04    3.2846265E-04    8.2805968E-05
    1.5550000E+01   -2.4374404E-04    9.2888905E-05    3.6962111E-05    4.1965950E-05    4.2507035E-05    3.2179936E-10    1.0000031E-16    1.3803517E-05    1.3439182E-07    1.0633347E-08    1.9743275E-04    6.7070070E-04    3.2846265E-04    8.2805968E-05
    1.5650000E+01   -2.4511207E-04    9.3332001E-05    3.7157455E-05    4.2015351E-05    4.2716967E-05    3.1686692E-10    1.0000031E-16    1.3908483E-05    1.3531925E-07    1.0706858E-08    1.9871251E-04    6.7070070E-04    3.2846265E-04    8.2805968E-05
    1.5750000E+01   -2.4648249E-04    9.3775893E-05    3.7352887E-05    4.2064841E-05    4.2927342E-05    3.1205002E-10    1.0000031E-16    1.4013671E-05    1.3625151E-07    1.0780754E-08    1.9999404E-04    6.7070070E-04    3.2846265E-04    8.2805968E-05
    1.5850000E+01   -2.4785530E-04    9.4220581E-05    3.7548401E-05    4.2114420E-05    4.3138160E-05    3.0734572E-10    1.0000031E-16    1.4119080E-05    1.3718862E-07    1.0855036E-08    2.0127733E-04    6.7070070E-04    3.2846265E-04    8.2805968E-05
    1.5950000E+01   -2.4923050E-04    9.4666066E-05    3.7743993E-05    4.2164088E-05    4.3349421E-05    3.0275120E-10    1.0000031E-16    1.4224711E-05    1.3813063E-07    1.0929708E-08    2.0256238E-04    6.7070070E-04    3.2846265E-04    8.2805968E-05
    1.6050000E+01   -2.5060809E-04    9.5112349E-05    3.7939660E-05    4.2213845E-05    4.3561127E-05    2.9826375E-10    1.0000031E-16    1.4330563E-05    1.3907757E-07    1.1004772E-08    2.0384918E-04    6.7070070E-04    3.2846265E-04    8.2805968E-05
    1.6150000E+01   -2.5198806E-04    9.5559431E-05    3.8135395E-05    4.2263691E-05    4.3773277E-05    2.9388078E-10    1.0000031E-16    1.4436638E-05    1.4002947E-07    1.1080232E-08    2.0513772E-04    6.7070070E-04    3.2846265E-04    8.2805968E-05
    1.6250000E+01   -2.5337042E-04    9.6007312E-05    3.8331196E-05    4.2313626E-05    4.3985872E-05    2.8959978E-10    1.0000031E-16    1.4542936E-05    1.4098637E-07    1.1156090E-08    2.0642799E-04    6.7070070E-04    3.2846265E-04    8.2805968E-05
    1.6350000E+01   -2.5475516E-04    9.6455993E-05    3.8527057E-05    4.2363650E-05    4.4198913E-05    2.8541836E-10    1.0000031E-16    1.4649456E-05    1.4194832E-07    1.1232350E-08    2.0772000E-04    6.7070070E-04    3.2846265E-04    8.2805968E-05
    1.6450000E+01   -2.5614227E-04    9.6905475E-05    3.8722973E-05    4.2413763E-05    4.4412399E-05    2.8133423E-10    1.0000031E-16    1.4756200E-05    1.4291534E-07    1.1309014E-08    2.0901372E-04    6.7070070E-04    3.2846265E-04    8.2805968E-05
    1.6550000E+01   -2.5753176E-04    9.7355759E-05    3.8918940E-05    4.2463966E-05    4.4626332E-05    2.7734522E-10    1.0000031E-16    1.4863166E-05    1.4388748E-07    1.1386086E-08    2.1030915E-04    6.7070070E-04    3.2846265E-04    8.2805968E-05
    1.6650000E+01   -2.5892363E-04    9.7806844E-05    3.9114952E-05    4.2514258E-05    4.4840712E-05    2.7344923E-10    1.0000031E-16    1.4970356E-05    1.4486478E-07    1.1463568E-08    2.1160628E-04    6.7070070E-04    3.2846265E-04    8.2805968E-05
    1.6750000E+01   -2.6031786E-04    9.8258732E-05    3.9311004E-05    4.2564640E-05    4.5055539E-05    2.6964430E-10    1.0000031E-16    1.5077770E-05    1.4584728E-07    1.1541465E-08    2.1290511E-04    6.7070070E-04    3.2846265E-04    8.2805968E-05
    1.6850000E+01   -2.6171446E-04    9.8711424E-05    3.9507091E-05    4.2615111E-05    4.5270814E-05    2.6592857E-10    1.0000031E-16    1.5185407E-05    1.4683501E-07    1.1619779E-08    2.1420562E-04    6.7070070E-04    3.2846265E-04    8.2805968E-05
    1.6950000E+01   -2.6311343E-04    9.9164921E-05    3.9703207E-05    4.2665672E-05    4.5486537E-05    2.6230027E-10    1.0000031E-16    1.5293269E-05    1.4782803E-07    1.1698514E-08    2.1550780E-04    6.7070070E-04    3.2846265E-04    8.2805968E-05
    1.7050000E+01   -2.6451475E-04    9.9619222E-05    3.9899347E-05    4.2716323E-05    4.5702709E-05    2.5875778E-10    1.0000031E-16    1.5401355E-05    1.4882638E-07    1.1777674E-08    2.1681165E-04    6.7070070E-04    3.2846265E-04    8.2805968E-05
    1.7150000E+01   -2.6591844E-04    1.0007433E-04    4.0095504E-05    4.2767063E-05    4.5919331E-05    2.5529957E-10    1.0000031E-16    1.5509665E-05    1.4983010E-07    1.1857261E-08    2.1811715E-04    6.7070070E-04    3.2846265E-04    8.2805968E-05
    1.7250000E+01   -2.6732447E-04    1.0053024E-04    4.0291672E-05    4.2817894E-05    4.6136401E-05    2.5192426E-10    1.0000031E-16    1.5618201E-05    1.5083924E-07    1.1937281E-08    2.1942429E-04    6.7070070E-04    3.2846265E-04    8.2805968E-05
    1.7350000E+01   -2.6873285E-04    1.0098696E-04    4.0487846E-05    4.2868814E-05    4.6353922E-05    2.4863060E-10    1.0000031E-16    1.5726961E-05    1.5185385E-07    1.2017736E-08    2.2073306E-04    6.7070070E-04    3.2846265E-04    8.2805968E-05
    1.7450000E+01   -2.7014358E-04    1.0144449E-04    4.0684019E-05    4.2919824E-05    4.6571894E-05    2.4541748E-10    1.0000031E-16    1.5835947E-05    1.5287397E-07    1.2098632E-08    2.2204346E-04    6.7070070E-04    3.2846265E-04    8.2805968E-05
    1.7550000E+01   -2.7155665E-04    1.0190283E-04    4.0880185E-05    4.2970925E-05    4.6790317E-05    2.4228397E-10    1.0000031E-16    1.5945158E-05    1.5389966E-07    1.2179971E-08    2.2335546E-04    6.7070070E-04    3.2846265E-04    8.2805968E-05
    1.7650000E+01   -2.7297206E-04    1.0236197E-04    4.1076335E-05    4.3022116E-05    4.7009191E-05    2.3922931E-10    1.0000031E-16    1.6054596E-05    1.5493097E-07    1.2261757E-08    2.2466906E-04    6.7070070E-04    3.2846265E-04    8.2805968E-05
    1.7750000E+01   -2.7438979E-04    1.0282193E-04    4.1272464E-05    4.3073397E-05    4.7228517E-05    2.3625295E-10    1.0000031E-16    1.6164259E-05    1.5596795E-07    1.2343997E-08    2.2598424E-04    6.7070070E-04    3.2846265E-04    8.2805968E-05
    1.7850000E+01   -2.7580986E-04    1.0328270E-04    4.1468563E-05    4.3124769E-05    4.7448296E-05    2.3335459E-10    1.0000031E-16    1.6274148E-05    1.5701066E-07    1.2426693E-08    2.2730099E-04    6.7070070E-04    3.2846265E-04    8.2805968E-05
    1.7950000E+01   -2.7723224E-04    1.0374428E-04    4.1664626E-05    4.3176231E-05    4.7668528E-05    2.3053418E-10    1.0000031E-16    1.6384264E-05    1.5805916E-07    1.2509850E-08    2.2861930E-04    6.7070070E-04    3.2846265E-04    8.2805968E-05
    1.8050000E+01   -2.7865694E-04    1.0420667E-04    4.1860643E-05    4.3227783E-05    4.7889213E-05    2.2779203E-10    1.0000031E-16    1.6494606E-05    1.5911350E-07    1.2593474E-08    2.2993914E-04    6.7070070E-04    3.2846265E-04    8.2805968E-05
    1.8150000E+01   -2.8008394E-04    1.0466987E-04    4.2056607E-05    4.3279427E-05    4.8110352E-05    2.2512881E-10    1.0000031E-16    1.6605176E-05    1.6017375E-07    1.2677569E-08    2.3126052E-04    6.7070070E-04    3.2846265E-04    8.2805968E-05
    1.8250000E+01   -2.8151325E-04    1.0513389E-04    4.2252508E-05    4.3331161E-05    4.8331945E-05    2.2254569E-10    1.0000031E-16    1.6715972E-05    1.6123998E-07    1.2762140E-08    2.3258340E-04    6.7070070E-04    3.2846265E-04    8.2805968E-05
    1.8350000E+01   -2.8294486E-04    1.0559872E-04    4.2448338E-05    4.3382985E-05    4.8553993E-05    2.2004443E-10    1.0000031E-16    1.6826997E-05    1.6231225E-07    1.2847194E-08    2.3390777E-04    6.7070070E-04    3.2846265E-04    8.2805968E-05
    1.8450000E+01   -2.8437875E-04    1.0606437E-04    4.2644085E-05    4.3434901E-05    4.8776496E-05    2.1762751E-10    1.0000031E-16    1.6938248E-05    1.6339063E-07    1.2932736E-08    2.3523362E-04    6.7070070E-04    3.2846265E-04    8.2805968E-05
    1.8550000E+01   -2.8581492E-04    1.0653083E-04    4.2839740E-05    4.3486907E-05    4.8999456E-05    2.1529841E-10    1.0000031E-16    1.7049728E-05    1.6447521E-07    1.3018771E-08    2.3656092E-04    6.7070070E-04    3.2846265E-04    8.2805968E-05
    1.8650000E+01   -2.8725336E-04    1.0699811E-04    4.3035291E-05    4.3539005E-05    4.9222871E-05    2.1306182E-10    1.0000031E-16    1.7161435E-05    1.6556606E-07    1.3105308E-08    2.3788965E-04    6.7070070E-04    3.2846265E-04    8.2805968E-05
    1.8750000E+01   -2.8869406E-04    1.0746620E-04    4.3230726E-05    4.3591194E-05    4.9446743E-05    2.1092415E-10    1.0000031E-16    1.7273371E-05    1.6666328E-07    1.3192353E-08    2.3921979E-04    6.7070070E-04    3.2846265E-04    8.2805968E-05
    1.8850000E+01   -2.9013701E-04    1.0793512E-04    4.3426029E-05    4.3643473E-05    4.9671072E-05    2.0889403E-10    1.0000031E-16    1.7385536E-05    1.6776697E-07    1.3279915E-08    2.4055131E-04    6.7070070E-04    3.2846265E-04    8.2805968E-05
    1.8950000E+01   -2.9158220E-04    1.0840485E-04    4.3621187E-05    4.3695844E-05    4.9895859E-05    2.0698331E-10    1.0000031E-16    1.7497929E-05    1.6887722E-07    1.3368001E-08    2.4188418E-04    6.7070070E-04    3.2846265E-04    8.2805968E-05
    1.9050000E+01   -2.9302960E-04    1.0887540E-04    4.3816182E-05    4.3748307E-05    5.0121103E-05    2.0520844E-10    1.0000031E-16    1.7610552E-05    1.6999418E-07    1.3456622E-08    2.4321838E-04    6.7070070E-04    3.2846265E-04    8.2805968E-05
    1.9150000E+01   -2.9447921E-04    1.0934677E-04    4.4010992E-05    4.3800861E-05    5.0346807E-05    2.0359267E-10    1.0000031E-16    1.7723403E-05    1.7111797E-07    1.3545789E-08    2.4455385E-04    6.7070070E-04    3.2846265E-04    8.2805968E-05
    1.9250000E+01   -2.9593100E-04    1.0981896E-04    4.4205594E-05    4.3853506E-05    5.0572969E-05    2.0216982E-10    1.0000031E-16    1.7836485E-05    1.7224877E-07    1.3635516E-08    2.4589055E-04    6.7070070E-04    3.2846265E-04    8.2805968E-05
    1.9350000E+01   -2.9738494E-04    1.1029198E-04    4.4399957E-05    4.3906243E-05    5.0799591E-05    2.0099083E-10    1.0000031E-16    1.7949795E-05    1.7338678E-07    1.3725821E-08    2.4722843E-04    6.7070070E-04    3.2846265E-04    8.2805968E-05
    1.9450000E+01   -2.9884100E-04    1.1076581E-04    4.4594041E-05    4.3959072E-05    5.1026673E-05    2.0013607E-10    1.0000031E-16    1.8063336E-05    1.7453229E-07    1.3816724E-08    2.4856740E-04    6.7070070E-04    3.2846265E-04    8.2805968E-05
    1.9550000E+01   -3.0029912E-04    1.1124047E-04    4.4787793E-05    4.4011992E-05    5.1254215E-05    1.9974046E-10    1.0000031E-16    1.8177107E-05    1.7568564E-07    1.3908256E-08    2.4990736E-04    6.7070070E-04    3.2846265E-04    8.2805968E-05
    1.9650000E+01   -3.0175922E-04    1.1171595E-04    4.4981130E-05    4.4065004E-05    5.1482218E-05    2.0005049E-10    1.0000031E-16    1.8291109E-05    1.7684740E-07    1.4000462E-08    2.5124814E-04    6.7070070E-04    3.2846265E-04    8.2805968E-05
    1.9750000E+01   -3.0322122E-04    1.1219227E-04    4.5173921E-05    4.4118115E-05    5.1710688E-05    2.0157545E-10    1.0000033E-16    1.8405343E-05    1.7801850E-07    1.4093417E-08    2.5258951E-04    6.7070080E-04    3.2846270E-04    8.2805981E-05
    1.9850000E+01   -3.0472950E-04    1.1268595E-04    4.5372546E-05    4.4177827E-05    5.1947243E-05    2.0556368E-10    1.0001511E-16    1.8522520E-05    1.7922698E-07    1.4189345E-08    2.5396811E-04    6.7079991E-04    3.2851124E-04    8.2818217E-05
    1.9950000E+01   -3.4451005E-04    1.2732590E-04    5.1264508E-05    4.9768120E-05    5.8706206E-05    1.9261669E-10    1.1253685E-16    2.0969134E-05    2.0300210E-07    1.6071932E-08    2.8725448E-04    7.5478306E-04    3.6964035E-04    9.3186934E-05
