# Time          2.2500E+00
# Units: Volume % (m^3 mineral/m^3 porous medium)
    Distance        Quartz           K-Feldspar_Li    Oligoclase_Li    Biotite_Li       Kaolinite_Li7    Kaolinite_Li6
    5.0000000E-02    2.9999987E+01    2.0269525E+01    1.6424422E+01    4.0754051E+00    8.6988612E+00    7.0930846E-01
    1.5000000E-01    2.9999989E+01    2.0282592E+01    1.6475469E+01    4.0907139E+00    8.6622876E+00    7.0628211E-01
    2.5000000E-01    2.9999990E+01    2.0295682E+01    1.6526677E+01    4.1060772E+00    8.6260139E+00    7.0328570E-01
    3.5000000E-01    2.9999992E+01    2.0308796E+01    1.6578039E+01    4.1214932E+00    8.5896627E+00    7.0028745E-01
    4.5000000E-01    2.9999993E+01    2.0321931E+01    1.6629551E+01    4.1369605E+00    8.5532339E+00    6.9728688E-01
    5.5000000E-01    2.9999994E+01    2.0335088E+01    1.6681208E+01    4.1524777E+00    8.5167279E+00    6.9428358E-01
    6.5000000E-01    2.9999995E+01    2.0348264E+01    1.6733004E+01    4.1680435E+00    8.4801453E+00    6.9127721E-01
    7.5000000E-01    2.9999996E+01    2.0361459E+01    1.6784938E+01    4.1836569E+00    8.4434866E+00    6.8826748E-01
    8.5000000E-01    2.9999997E+01    2.0374673E+01    1.6837004E+01    4.1993168E+00    8.4067524E+00    6.8525415E-01
    9.5000000E-01    2.9999998E+01    2.0387904E+01    1.6889201E+01    4.2150224E+00    8.3699434E+00    6.8223698E-01
    1.0500000E+00    2.9999998E+01    2.0401152E+01    1.6941524E+01    4.2307729E+00    8.3330601E+00    6.7921579E-01
    1.1500000E+00    2.9999999E+01    2.0414417E+01    1.6993973E+01    4.2465677E+00    8.2961030E+00    6.7619040E-01
    1.2500000E+00    2.9999999E+01    2.0427697E+01    1.7046545E+01    4.2624061E+00    8.2590726E+00    6.7316067E-01
    1.3500000E+00    3.0000000E+01    2.0440993E+01    1.7099238E+01    4.2782875E+00    8.2219693E+00    6.7012646E-01
    1.4500000E+00    3.0000000E+01    2.0454304E+01    1.7152050E+01    4.2942117E+00    8.1847934E+00    6.6708765E-01
    1.5500000E+00    3.0000000E+01    2.0467630E+01    1.7204980E+01    4.3101780E+00    8.1475453E+00    6.6404414E-01
    1.6500000E+00    3.0000000E+01    2.0480970E+01    1.7258027E+01    4.3261863E+00    8.1102253E+00    6.6099582E-01
    1.7500000E+00    3.0000000E+01    2.0494325E+01    1.7311190E+01    4.3422362E+00    8.0728335E+00    6.5794260E-01
    1.8500000E+00    3.0000000E+01    2.0507693E+01    1.7364468E+01    4.3583275E+00    8.0353701E+00    6.5488440E-01
    1.9500000E+00    3.0000000E+01    2.0521075E+01    1.7417860E+01    4.3744599E+00    7.9978353E+00    6.5182114E-01
    2.0500000E+00    3.0000000E+01    2.0534470E+01    1.7471365E+01    4.3906334E+00    7.9602291E+00    6.4875276E-01
    2.1500000E+00    3.0000000E+01    2.0547879E+01    1.7524983E+01    4.4068477E+00    7.9225516E+00    6.4567919E-01
    2.2500000E+00    3.0000000E+01    2.0561300E+01    1.7578714E+01    4.4231028E+00    7.8848029E+00    6.4260037E-01
    2.3500000E+00    3.0000000E+01    2.0574734E+01    1.7632557E+01    4.4393985E+00    7.8469829E+00    6.3951624E-01
    2.4500000E+00    3.0000000E+01    2.0588181E+01    1.7686513E+01    4.4557349E+00    7.8090916E+00    6.3642676E-01
    2.5500000E+00    3.0000000E+01    2.0601641E+01    1.7740579E+01    4.4721118E+00    7.7711289E+00    6.3333188E-01
    2.6500000E+00    3.0000000E+01    2.0615113E+01    1.7794758E+01    4.4885292E+00    7.7330950E+00    6.3023154E-01
    2.7500000E+00    3.0000000E+01    2.0628597E+01    1.7849047E+01    4.5049871E+00    7.6949896E+00    6.2712571E-01
    2.8500000E+00    3.0000000E+01    2.0642093E+01    1.7903448E+01    4.5214855E+00    7.6568127E+00    6.2401436E-01
    2.9500000E+00    3.0000000E+01    2.0655602E+01    1.7957961E+01    4.5380243E+00    7.6185643E+00    6.2089744E-01
    3.0500000E+00    3.0000000E+01    2.0669123E+01    1.8012584E+01    4.5546037E+00    7.5802442E+00    6.1777492E-01
    3.1500000E+00    3.0000000E+01    2.0682655E+01    1.8067319E+01    4.5712236E+00    7.5418524E+00    6.1464677E-01
    3.2500000E+00    3.0000000E+01    2.0696199E+01    1.8122165E+01    4.5878839E+00    7.5033888E+00    6.1151296E-01
    3.3500000E+00    3.0000000E+01    2.0709755E+01    1.8177122E+01    4.6045849E+00    7.4648533E+00    6.0837346E-01
    3.4500000E+00    3.0000000E+01    2.0723323E+01    1.8232190E+01    4.6213264E+00    7.4262458E+00    6.0522825E-01
    3.5500000E+00    3.0000000E+01    2.0736902E+01    1.8287370E+01    4.6381086E+00    7.3875662E+00    6.0207730E-01
    3.6500000E+00    3.0000000E+01    2.0750493E+01    1.8342662E+01    4.6549314E+00    7.3488144E+00    5.9892059E-01
    3.7500000E+00    3.0000000E+01    2.0764095E+01    1.8398065E+01    4.6717949E+00    7.3099904E+00    5.9575810E-01
    3.8500000E+00    3.0000000E+01    2.0777708E+01    1.8453579E+01    4.6886991E+00    7.2710940E+00    5.9258981E-01
    3.9500000E+00    3.0000000E+01    2.0791333E+01    1.8509205E+01    4.7056441E+00    7.2321251E+00    5.8941570E-01
    4.0500000E+00    3.0000000E+01    2.0804968E+01    1.8564943E+01    4.7226299E+00    7.1930837E+00    5.8623576E-01
    4.1500000E+00    3.0000000E+01    2.0818615E+01    1.8620793E+01    4.7396566E+00    7.1539697E+00    5.8304997E-01
    4.2500000E+00    3.0000000E+01    2.0832272E+01    1.8676755E+01    4.7567242E+00    7.1147831E+00    5.7985831E-01
    4.3500000E+00    3.0000000E+01    2.0845941E+01    1.8732829E+01    4.7738327E+00    7.0755236E+00    5.7666077E-01
    4.4500000E+00    3.0000000E+01    2.0859620E+01    1.8789015E+01    4.7909822E+00    7.0361913E+00    5.7345734E-01
    4.5500000E+00    3.0000000E+01    2.0873310E+01    1.8845313E+01    4.8081728E+00    6.9967861E+00    5.7024800E-01
    4.6500000E+00    3.0000000E+01    2.0887011E+01    1.8901724E+01    4.8254045E+00    6.9573079E+00    5.6703275E-01
    4.7500000E+00    3.0000000E+01    2.0900722E+01    1.8958247E+01    4.8426773E+00    6.9177566E+00    5.6381156E-01
    4.8500000E+00    3.0000000E+01    2.0914444E+01    1.9014883E+01    4.8599914E+00    6.8781322E+00    5.6058444E-01
    4.9500000E+00    3.0000000E+01    2.0928176E+01    1.9071632E+01    4.8773466E+00    6.8384346E+00    5.5735137E-01
    5.0500000E+00    3.0000000E+01    2.0941919E+01    1.9128494E+01    4.8947432E+00    6.7986638E+00    5.5411234E-01
    5.1500000E+00    3.0000000E+01    2.0955671E+01    1.9185468E+01    4.9121811E+00    6.7588197E+00    5.5086735E-01
    5.2500000E+00    3.0000000E+01    2.0969434E+01    1.9242556E+01    4.9296604E+00    6.7189021E+00    5.4761638E-01
    5.3500000E+00    3.0000000E+01    2.0983207E+01    1.9299756E+01    4.9471811E+00    6.6789112E+00    5.4435943E-01
    5.4500000E+00    3.0000000E+01    2.0996990E+01    1.9357071E+01    4.9647433E+00    6.6388468E+00    5.4109649E-01
    5.5500000E+00    3.0000000E+01    2.1010782E+01    1.9414498E+01    4.9823471E+00    6.5987088E+00    5.3782755E-01
    5.6500000E+00    3.0000000E+01    2.1024585E+01    1.9472039E+01    4.9999924E+00    6.5584973E+00    5.3455261E-01
    5.7500000E+00    3.0000000E+01    2.1038397E+01    1.9529694E+01    5.0176794E+00    6.5182121E+00    5.3127166E-01
    5.8500000E+00    3.0000000E+01    2.1052218E+01    1.9587462E+01    5.0354080E+00    6.4778532E+00    5.2798470E-01
    5.9500000E+00    3.0000000E+01    2.1066049E+01    1.9645344E+01    5.0531784E+00    6.4374206E+00    5.2469171E-01
    6.0500000E+00    3.0000000E+01    2.1079890E+01    1.9703340E+01    5.0709905E+00    6.3969143E+00    5.2139270E-01
    6.1500000E+00    3.0000000E+01    2.1093740E+01    1.9761450E+01    5.0888445E+00    6.3563341E+00    5.1808766E-01
    6.2500000E+00    3.0000000E+01    2.1107598E+01    1.9819675E+01    5.1067404E+00    6.3156801E+00    5.1477658E-01
    6.3500000E+00    3.0000000E+01    2.1121466E+01    1.9878014E+01    5.1246782E+00    6.2749521E+00    5.1145946E-01
    6.4500000E+00    3.0000000E+01    2.1135343E+01    1.9936467E+01    5.1426579E+00    6.2341502E+00    5.0813629E-01
    6.5500000E+00    3.0000000E+01    2.1149229E+01    1.9995034E+01    5.1606797E+00    6.1932744E+00    5.0480708E-01
    6.6500000E+00    3.0000000E+01    2.1163124E+01    2.0053717E+01    5.1787436E+00    6.1523245E+00    5.0147181E-01
    6.7500000E+00    3.0000000E+01    2.1177027E+01    2.0112514E+01    5.1968496E+00    6.1113006E+00    4.9813048E-01
    6.8500000E+00    3.0000000E+01    2.1190939E+01    2.0171426E+01    5.2149977E+00    6.0702026E+00    4.9478310E-01
    6.9500000E+00    3.0000000E+01    2.1204859E+01    2.0230452E+01    5.2331881E+00    6.0290306E+00    4.9142964E-01
    7.0500000E+00    3.0000000E+01    2.1218788E+01    2.0289594E+01    5.2514208E+00    5.9877843E+00    4.8807012E-01
    7.1500000E+00    3.0000000E+01    2.1232725E+01    2.0348852E+01    5.2696958E+00    5.9464639E+00    4.8470453E-01
    7.2500000E+00    3.0000000E+01    2.1246670E+01    2.0408224E+01    5.2880131E+00    5.9050693E+00    4.8133287E-01
    7.3500000E+00    3.0000000E+01    2.1260622E+01    2.0467712E+01    5.3063729E+00    5.8636005E+00    4.7795512E-01
    7.4500000E+00    3.0000000E+01    2.1274583E+01    2.0527315E+01    5.3247751E+00    5.8220574E+00    4.7457130E-01
    7.5500000E+00    3.0000000E+01    2.1288551E+01    2.0587034E+01    5.3432198E+00    5.7804401E+00    4.7118140E-01
    7.6500000E+00    3.0000000E+01    2.1302527E+01    2.0646869E+01    5.3617072E+00    5.7387484E+00    4.6778541E-01
    7.7500000E+00    3.0000000E+01    2.1316511E+01    2.0706820E+01    5.3802371E+00    5.6969824E+00    4.6438333E-01
    7.8500000E+00    3.0000000E+01    2.1330501E+01    2.0766886E+01    5.3988097E+00    5.6551421E+00    4.6097517E-01
    7.9500000E+00    3.0000000E+01    2.1344499E+01    2.0827069E+01    5.4174250E+00    5.6132275E+00    4.5756091E-01
    8.0500000E+00    3.0000000E+01    2.1358504E+01    2.0887368E+01    5.4360831E+00    5.5712384E+00    4.5414057E-01
    8.1500000E+00    3.0000000E+01    2.1372516E+01    2.0947784E+01    5.4547839E+00    5.5291750E+00    4.5071412E-01
    8.2500000E+00    3.0000000E+01    2.1386534E+01    2.1008315E+01    5.4735277E+00    5.4870372E+00    4.4728159E-01
    8.3500000E+00    3.0000000E+01    2.1400559E+01    2.1068963E+01    5.4923143E+00    5.4448250E+00    4.4384295E-01
    8.4500000E+00    3.0000000E+01    2.1414591E+01    2.1129728E+01    5.5111439E+00    5.4025383E+00    4.4039822E-01
    8.5500000E+00    3.0000000E+01    2.1428629E+01    2.1190610E+01    5.5300165E+00    5.3601772E+00    4.3694739E-01
    8.6500000E+00    3.0000000E+01    2.1442673E+01    2.1251609E+01    5.5489322E+00    5.3177417E+00    4.3349045E-01
    8.7500000E+00    3.0000000E+01    2.1456722E+01    2.1312724E+01    5.5678910E+00    5.2752317E+00    4.3002742E-01
    8.8500000E+00    3.0000000E+01    2.1470778E+01    2.1373957E+01    5.5868929E+00    5.2326472E+00    4.2655828E-01
    8.9500000E+00    3.0000000E+01    2.1484840E+01    2.1435307E+01    5.6059380E+00    5.1899883E+00    4.2308304E-01
    9.0500000E+00    3.0000000E+01    2.1498906E+01    2.1496774E+01    5.6250264E+00    5.1472549E+00    4.1960170E-01
    9.1500000E+00    3.0000000E+01    2.1512979E+01    2.1558359E+01    5.6441581E+00    5.1044471E+00    4.1611425E-01
    9.2500000E+00    3.0000000E+01    2.1527056E+01    2.1620061E+01    5.6633332E+00    5.0615648E+00    4.1262071E-01
    9.3500000E+00    3.0000000E+01    2.1541138E+01    2.1681881E+01    5.6825516E+00    5.0186081E+00    4.0912105E-01
    9.4500000E+00    3.0000000E+01    2.1555225E+01    2.1743818E+01    5.7018135E+00    4.9755769E+00    4.0561530E-01
    9.5500000E+00    3.0000000E+01    2.1569316E+01    2.1805874E+01    5.7211189E+00    4.9324712E+00    4.0210344E-01
    9.6500000E+00    3.0000000E+01    2.1583412E+01    2.1868047E+01    5.7404678E+00    4.8892912E+00    3.9858548E-01
    9.7500000E+00    3.0000000E+01    2.1597512E+01    2.1930339E+01    5.7598604E+00    4.8460367E+00    3.9506142E-01
    9.8500000E+00    3.0000000E+01    2.1611616E+01    2.1992749E+01    5.7792965E+00    4.8027078E+00    3.9153126E-01
    9.9500000E+00    3.0000000E+01    2.1625724E+01    2.2055277E+01    5.7987764E+00    4.7593044E+00    3.8799500E-01
    1.0050000E+01    3.0000000E+01    2.1639835E+01    2.2117923E+01    5.8183000E+00    4.7158267E+00    3.8445264E-01
    1.0150000E+01    3.0000000E+01    2.1653950E+01    2.2180689E+01    5.8378674E+00    4.6722747E+00    3.8090418E-01
    1.0250000E+01    3.0000000E+01    2.1668068E+01    2.2243573E+01    5.8574787E+00    4.6286483E+00    3.7734963E-01
    1.0350000E+01    3.0000000E+01    2.1682188E+01    2.2306575E+01    5.8771338E+00    4.5849476E+00    3.7378898E-01
    1.0450000E+01    3.0000000E+01    2.1696312E+01    2.2369697E+01    5.8968329E+00    4.5411726E+00    3.7022224E-01
    1.0550000E+01    3.0000000E+01    2.1710437E+01    2.2432937E+01    5.9165760E+00    4.4973233E+00    3.6664941E-01
    1.0650000E+01    3.0000000E+01    2.1724565E+01    2.2496297E+01    5.9363631E+00    4.4533997E+00    3.6307049E-01
    1.0750000E+01    3.0000000E+01    2.1738695E+01    2.2559776E+01    5.9561943E+00    4.4094020E+00    3.5948548E-01
    1.0850000E+01    3.0000000E+01    2.1752827E+01    2.2623374E+01    5.9760696E+00    4.3653301E+00    3.5589439E-01
    1.0950000E+01    3.0000000E+01    2.1766960E+01    2.2687092E+01    5.9959892E+00    4.3211840E+00    3.5229722E-01
    1.1050000E+01    3.0000000E+01    2.1781094E+01    2.2750929E+01    6.0159529E+00    4.2769639E+00    3.4869398E-01
    1.1150000E+01    3.0000000E+01    2.1795229E+01    2.2814886E+01    6.0359610E+00    4.2326696E+00    3.4508465E-01
    1.1250000E+01    3.0000000E+01    2.1809364E+01    2.2878963E+01    6.0560133E+00    4.1883014E+00    3.4146926E-01
    1.1350000E+01    3.0000000E+01    2.1823500E+01    2.2943160E+01    6.0761101E+00    4.1438592E+00    3.3784780E-01
    1.1450000E+01    3.0000000E+01    2.1837637E+01    2.3007476E+01    6.0962513E+00    4.0993430E+00    3.3422027E-01
    1.1550000E+01    3.0000000E+01    2.1851772E+01    2.3071913E+01    6.1164370E+00    4.0547530E+00    3.3058669E-01
    1.1650000E+01    3.0000000E+01    2.1865908E+01    2.3136470E+01    6.1366672E+00    4.0100892E+00    3.2694705E-01
    1.1750000E+01    3.0000000E+01    2.1880042E+01    2.3201148E+01    6.1569419E+00    3.9653515E+00    3.2330135E-01
    1.1850000E+01    3.0000000E+01    2.1894176E+01    2.3265945E+01    6.1772614E+00    3.9205402E+00    3.1964961E-01
    1.1950000E+01    3.0000000E+01    2.1908308E+01    2.3330864E+01    6.1976254E+00    3.8756552E+00    3.1599183E-01
    1.2050000E+01    3.0000000E+01    2.1922438E+01    2.3395903E+01    6.2180342E+00    3.8306967E+00    3.1232801E-01
    1.2150000E+01    3.0000000E+01    2.1936566E+01    2.3461063E+01    6.2384878E+00    3.7856646E+00    3.0865816E-01
    1.2250000E+01    3.0000000E+01    2.1950692E+01    2.3526344E+01    6.2589862E+00    3.7405590E+00    3.0498228E-01
    1.2350000E+01    3.0000000E+01    2.1964815E+01    2.3591746E+01    6.2795295E+00    3.6953801E+00    3.0130038E-01
    1.2450000E+01    3.0000000E+01    2.1978935E+01    2.3657269E+01    6.3001177E+00    3.6501279E+00    2.9761246E-01
    1.2550000E+01    3.0000000E+01    2.1993052E+01    2.3722913E+01    6.3207509E+00    3.6048025E+00    2.9391854E-01
    1.2650000E+01    3.0000000E+01    2.2007164E+01    2.3788679E+01    6.3414291E+00    3.5594039E+00    2.9021861E-01
    1.2750000E+01    3.0000000E+01    2.2021273E+01    2.3854566E+01    6.3621524E+00    3.5139322E+00    2.8651269E-01
    1.2850000E+01    3.0000000E+01    2.2035377E+01    2.3920575E+01    6.3829208E+00    3.4683876E+00    2.8280078E-01
    1.2950000E+01    3.0000000E+01    2.2049476E+01    2.3986705E+01    6.4037343E+00    3.4227701E+00    2.7908289E-01
    1.3050000E+01    3.0000000E+01    2.2063569E+01    2.4052957E+01    6.4245931E+00    3.3770799E+00    2.7535902E-01
    1.3150000E+01    3.0000000E+01    2.2077657E+01    2.4119331E+01    6.4454971E+00    3.3313169E+00    2.7162918E-01
    1.3250000E+01    3.0000000E+01    2.2091739E+01    2.4185828E+01    6.4664465E+00    3.2854814E+00    2.6789339E-01
    1.3350000E+01    3.0000000E+01    2.2105814E+01    2.4252446E+01    6.4874412E+00    3.2395733E+00    2.6415165E-01
    1.3450000E+01    3.0000000E+01    2.2119882E+01    2.4319187E+01    6.5084813E+00    3.1935929E+00    2.6040397E-01
    1.3550000E+01    3.0000000E+01    2.2133943E+01    2.4386050E+01    6.5295669E+00    3.1475403E+00    2.5665035E-01
    1.3650000E+01    3.0000000E+01    2.2147996E+01    2.4453035E+01    6.5506980E+00    3.1014155E+00    2.5289081E-01
    1.3750000E+01    3.0000000E+01    2.2162041E+01    2.4520143E+01    6.5718747E+00    3.0552186E+00    2.4912536E-01
    1.3850000E+01    3.0000000E+01    2.2176077E+01    2.4587374E+01    6.5930970E+00    3.0089499E+00    2.4535400E-01
    1.3950000E+01    3.0000000E+01    2.2190103E+01    2.4654727E+01    6.6143649E+00    2.9626094E+00    2.4157675E-01
    1.4050000E+01    3.0000000E+01    2.2204120E+01    2.4722204E+01    6.6356785E+00    2.9161972E+00    2.3779361E-01
    1.4150000E+01    3.0000000E+01    2.2218127E+01    2.4789804E+01    6.6570379E+00    2.8697135E+00    2.3400461E-01
    1.4250000E+01    3.0000000E+01    2.2232123E+01    2.4857526E+01    6.6784431E+00    2.8231584E+00    2.3020974E-01
    1.4350000E+01    3.0000000E+01    2.2246108E+01    2.4925372E+01    6.6998942E+00    2.7765322E+00    2.2640901E-01
    1.4450000E+01    3.0000000E+01    2.2260081E+01    2.4993342E+01    6.7213912E+00    2.7298348E+00    2.2260245E-01
    1.4550000E+01    3.0000000E+01    2.2274042E+01    2.5061435E+01    6.7429341E+00    2.6830665E+00    2.1879007E-01
    1.4650000E+01    3.0000000E+01    2.2287990E+01    2.5129651E+01    6.7645230E+00    2.6362274E+00    2.1497187E-01
    1.4750000E+01    3.0000000E+01    2.2301924E+01    2.5197991E+01    6.7861580E+00    2.5893177E+00    2.1114786E-01
    1.4850000E+01    3.0000000E+01    2.2315845E+01    2.5266455E+01    6.8078391E+00    2.5423375E+00    2.0731807E-01
    1.4950000E+01    3.0000000E+01    2.2329752E+01    2.5335043E+01    6.8295663E+00    2.4952871E+00    2.0348250E-01
    1.5050000E+01    3.0000000E+01    2.2343643E+01    2.5403755E+01    6.8513397E+00    2.4481665E+00    1.9964118E-01
    1.5150000E+01    3.0000000E+01    2.2357519E+01    2.5472591E+01    6.8731594E+00    2.4009760E+00    1.9579410E-01
    1.5250000E+01    3.0000000E+01    2.2371378E+01    2.5541552E+01    6.8950254E+00    2.3537158E+00    1.9194129E-01
    1.5350000E+01    3.0000000E+01    2.2385221E+01    2.5610637E+01    6.9169377E+00    2.3063860E+00    1.8808277E-01
    1.5450000E+01    3.0000000E+01    2.2399046E+01    2.5679846E+01    6.9388964E+00    2.2589869E+00    1.8421854E-01
    1.5550000E+01    3.0000000E+01    2.2412853E+01    2.5749180E+01    6.9609015E+00    2.2115185E+00    1.8034863E-01
    1.5650000E+01    3.0000000E+01    2.2426642E+01    2.5818639E+01    6.9829532E+00    2.1639813E+00    1.7647305E-01
    1.5750000E+01    3.0000000E+01    2.2440411E+01    2.5888222E+01    7.0050514E+00    2.1163753E+00    1.7259182E-01
    1.5850000E+01    3.0000000E+01    2.2454160E+01    2.5957931E+01    7.0271962E+00    2.0687007E+00    1.6870496E-01
    1.5950000E+01    3.0000000E+01    2.2467888E+01    2.6027764E+01    7.0493876E+00    2.0209579E+00    1.6481247E-01
    1.6050000E+01    3.0000000E+01    2.2481594E+01    2.6097723E+01    7.0716257E+00    1.9731470E+00    1.6091439E-01
    1.6150000E+01    3.0000000E+01    2.2495278E+01    2.6167807E+01    7.0939106E+00    1.9252683E+00    1.5701073E-01
    1.6250000E+01    3.0000000E+01    2.2508940E+01    2.6238016E+01    7.1162422E+00    1.8773219E+00    1.5310151E-01
    1.6350000E+01    3.0000000E+01    2.2522577E+01    2.6308351E+01    7.1386207E+00    1.8293083E+00    1.4918675E-01
    1.6450000E+01    3.0000000E+01    2.2536190E+01    2.6378812E+01    7.1610461E+00    1.7812275E+00    1.4526648E-01
    1.6550000E+01    3.0000000E+01    2.2549778E+01    2.6449398E+01    7.1835184E+00    1.7330799E+00    1.4134070E-01
    1.6650000E+01    3.0000000E+01    2.2563339E+01    2.6520110E+01    7.2060377E+00    1.6848658E+00    1.3740945E-01
    1.6750000E+01    3.0000000E+01    2.2576874E+01    2.6590948E+01    7.2286040E+00    1.6365854E+00    1.3347274E-01
    1.6850000E+01    3.0000000E+01    2.2590380E+01    2.6661912E+01    7.2512174E+00    1.5882391E+00    1.2953061E-01
    1.6950000E+01    3.0000000E+01    2.2603858E+01    2.6733003E+01    7.2738779E+00    1.5398271E+00    1.2558307E-01
    1.7050000E+01    3.0000000E+01    2.2617307E+01    2.6804219E+01    7.2965856E+00    1.4913497E+00    1.2163015E-01
    1.7150000E+01    3.0000000E+01    2.2630725E+01    2.6875562E+01    7.3193406E+00    1.4428073E+00    1.1767187E-01
    1.7250000E+01    3.0000000E+01    2.2644111E+01    2.6947032E+01    7.3421428E+00    1.3942002E+00    1.1370826E-01
    1.7350000E+01    3.0000000E+01    2.2657465E+01    2.7018628E+01    7.3649924E+00    1.3455287E+00    1.0973936E-01
    1.7450000E+01    3.0000000E+01    2.2670785E+01    2.7090351E+01    7.3878893E+00    1.2967932E+00    1.0576518E-01
    1.7550000E+01    3.0000000E+01    2.2684071E+01    2.7162201E+01    7.4108337E+00    1.2479941E+00    1.0178575E-01
    1.7650000E+01    3.0000000E+01    2.2697322E+01    2.7234177E+01    7.4338255E+00    1.1991317E+00    9.7801114E-02
    1.7750000E+01    3.0000000E+01    2.2710536E+01    2.7306281E+01    7.4568649E+00    1.1502064E+00    9.3811296E-02
    1.7850000E+01    3.0000000E+01    2.2723712E+01    2.7378512E+01    7.4799518E+00    1.1012186E+00    8.9816329E-02
    1.7950000E+01    3.0000000E+01    2.2736849E+01    2.7450871E+01    7.5030864E+00    1.0521689E+00    8.5816249E-02
    1.8050000E+01    3.0000000E+01    2.2749946E+01    2.7523356E+01    7.5262686E+00    1.0030575E+00    8.1811091E-02
    1.8150000E+01    3.0000000E+01    2.2763001E+01    2.7595970E+01    7.5494985E+00    9.5388505E-01    7.7800894E-02
    1.8250000E+01    3.0000000E+01    2.2776014E+01    2.7668710E+01    7.5727763E+00    9.0465198E-01    7.3785698E-02
    1.8350000E+01    3.0000000E+01    2.2788982E+01    2.7741579E+01    7.5961018E+00    8.5535884E-01    6.9765544E-02
    1.8450000E+01    3.0000000E+01    2.2801904E+01    2.7814576E+01    7.6194752E+00    8.0600616E-01    6.5740479E-02
    1.8550000E+01    3.0000000E+01    2.2814780E+01    2.7887700E+01    7.6428966E+00    7.5659457E-01    6.1710549E-02
    1.8650000E+01    3.0000000E+01    2.2827606E+01    2.7960953E+01    7.6663658E+00    7.0712468E-01    5.7675807E-02
    1.8750000E+01    3.0000000E+01    2.2840382E+01    2.8034333E+01    7.6898832E+00    6.5759721E-01    5.3636309E-02
    1.8850000E+01    3.0000000E+01    2.2853104E+01    2.8107842E+01    7.7134485E+00    6.0801292E-01    4.9592117E-02
    1.8950000E+01    3.0000000E+01    2.2865772E+01    2.8181480E+01    7.7370620E+00    5.5837265E-01    4.5543299E-02
    1.9050000E+01    3.0000000E+01    2.2878383E+01    2.8255246E+01    7.7607237E+00    5.0867737E-01    4.1489932E-02
    1.9150000E+01    3.0000000E+01    2.2890933E+01    2.8329141E+01    7.7844335E+00    4.5892816E-01    3.7432105E-02
    1.9250000E+01    3.0000000E+01    2.2903420E+01    2.8403164E+01    7.8081917E+00    4.0912631E-01    3.3369922E-02
    1.9350000E+01    3.0000000E+01    2.2915840E+01    2.8477316E+01    7.8319981E+00    3.5927339E-01    2.9303509E-02
    1.9450000E+01    3.0000000E+01    2.2928188E+01    2.8551598E+01    7.8558529E+00    3.0937135E-01    2.5233025E-02
    1.9550000E+01    3.0000000E+01    2.2940458E+01    2.8626008E+01    7.8797561E+00    2.5942274E-01    2.1158677E-02
    1.9650000E+01    3.0000000E+01    2.2952641E+01    2.8700548E+01    7.9037078E+00    2.0943113E-01    1.7080755E-02
    1.9750000E+01    3.0000000E+01    2.2964725E+01    2.8775216E+01    7.9277080E+00    1.5940192E-01    1.2999697E-02
    1.9850000E+01    3.0000000E+01    2.2976687E+01    2.8850015E+01    7.9517567E+00    1.0934419E-01    8.9162421E-03
    1.9950000E+01    3.0000000E+01    2.2988486E+01    2.8924943E+01    7.9758540E+00    5.9276284E-02    4.8318834E-03
