# Time          2.5000E+00
# Units: Weight % Component
    Distance           H+               Na+              K+               Ca++             Mg++             Al+++            Fe+++            Fe++             Li7+             Li6+             SiO2(aq)         CO2(aq)          O2(aq)           Cl-          
    5.0000000E-02   -1.0997992E+00    1.5964064E+00    3.9533442E+00    3.1028142E-01    6.2478507E-01    7.4336741E+00    0.0000000E+00    7.1780234E-01    9.5906929E-03    7.8003724E-04    7.4771096E+01    0.0000000E+00    0.0000000E+00    0.0000000E+00
    1.5000000E-01   -1.0998664E+00    1.6005312E+00    3.9553883E+00    3.1108312E-01    6.2680428E-01    7.4295933E+00    0.0000000E+00    7.2012216E-01    9.5871897E-03    7.7972437E-04    7.4770220E+01    0.0000000E+00    0.0000000E+00    0.0000000E+00
    2.5000000E-01   -1.0999407E+00    1.6046559E+00    3.9574129E+00    3.1188480E-01    6.2882524E-01    7.4255784E+00    0.0000000E+00    7.2244401E-01    9.5838321E-03    7.7942603E-04    7.4769183E+01    0.0000000E+00    0.0000000E+00    0.0000000E+00
    3.5000000E-01   -1.1000158E+00    1.6087880E+00    3.9594381E+00    3.1268793E-01    6.3085090E-01    7.4215614E+00    0.0000000E+00    7.2477125E-01    9.5804856E-03    7.7913076E-04    7.4768129E+01    0.0000000E+00    0.0000000E+00    0.0000000E+00
    4.5000000E-01   -1.1000916E+00    1.6129273E+00    3.9614637E+00    3.1349244E-01    6.3288108E-01    7.4175422E+00    0.0000000E+00    7.2710368E-01    9.5771494E-03    7.7883825E-04    7.4767061E+01    0.0000000E+00    0.0000000E+00    0.0000000E+00
    5.5000000E-01   -1.1001680E+00    1.6170732E+00    3.9634898E+00    3.1429827E-01    6.3491560E-01    7.4135205E+00    0.0000000E+00    7.2944109E-01    9.5738228E-03    7.7854824E-04    7.4765978E+01    0.0000000E+00    0.0000000E+00    0.0000000E+00
    6.5000000E-01   -1.1002450E+00    1.6212257E+00    3.9655164E+00    3.1510534E-01    6.3695430E-01    7.4094961E+00    0.0000000E+00    7.3178332E-01    9.5705052E-03    7.7826050E-04    7.4764883E+01    0.0000000E+00    0.0000000E+00    0.0000000E+00
    7.5000000E-01   -1.1003225E+00    1.6253842E+00    3.9675436E+00    3.1591361E-01    6.3899706E-01    7.4054691E+00    0.0000000E+00    7.3413019E-01    9.5671963E-03    7.7797482E-04    7.4763776E+01    0.0000000E+00    0.0000000E+00    0.0000000E+00
    8.5000000E-01   -1.1004006E+00    1.6295487E+00    3.9695711E+00    3.1672303E-01    6.4104373E-01    7.4014392E+00    0.0000000E+00    7.3648157E-01    9.5638957E-03    7.7769104E-04    7.4762659E+01    0.0000000E+00    0.0000000E+00    0.0000000E+00
    9.5000000E-01   -1.1004791E+00    1.6337188E+00    3.9715992E+00    3.1753354E-01    6.4309420E-01    7.3974065E+00    0.0000000E+00    7.3883731E-01    9.5606030E-03    7.7740899E-04    7.4761531E+01    0.0000000E+00    0.0000000E+00    0.0000000E+00
    1.0500000E+00   -1.1005580E+00    1.6378944E+00    3.9736276E+00    3.1834511E-01    6.4514837E-01    7.3933708E+00    0.0000000E+00    7.4119731E-01    9.5573180E-03    7.7712854E-04    7.4760394E+01    0.0000000E+00    0.0000000E+00    0.0000000E+00
    1.1500000E+00   -1.1006374E+00    1.6420751E+00    3.9756565E+00    3.1915770E-01    6.4720615E-01    7.3893321E+00    0.0000000E+00    7.4356145E-01    9.5540405E-03    7.7684958E-04    7.4759248E+01    0.0000000E+00    0.0000000E+00    0.0000000E+00
    1.2500000E+00   -1.1007171E+00    1.6462610E+00    3.9776857E+00    3.1997127E-01    6.4926746E-01    7.3852905E+00    0.0000000E+00    7.4592964E-01    9.5507703E-03    7.7657198E-04    7.4758094E+01    0.0000000E+00    0.0000000E+00    0.0000000E+00
    1.3500000E+00   -1.1007972E+00    1.6504518E+00    3.9797153E+00    3.2078581E-01    6.5133221E-01    7.3812459E+00    0.0000000E+00    7.4830179E-01    9.5475073E-03    7.7629567E-04    7.4756932E+01    0.0000000E+00    0.0000000E+00    0.0000000E+00
    1.4500000E+00   -1.1008777E+00    1.6546474E+00    3.9817453E+00    3.2160127E-01    6.5340036E-01    7.3771982E+00    0.0000000E+00    7.5067784E-01    9.5442514E-03    7.7602056E-04    7.4755762E+01    0.0000000E+00    0.0000000E+00    0.0000000E+00
    1.5500000E+00   -1.1009585E+00    1.6588477E+00    3.9837755E+00    3.2241765E-01    6.5547183E-01    7.3731475E+00    0.0000000E+00    7.5305771E-01    9.5410023E-03    7.7574657E-04    7.4754585E+01    0.0000000E+00    0.0000000E+00    0.0000000E+00
    1.6500000E+00   -1.1010396E+00    1.6630525E+00    3.9858061E+00    3.2323491E-01    6.5754658E-01    7.3690938E+00    0.0000000E+00    7.5544135E-01    9.5377601E-03    7.7547364E-04    7.4753401E+01    0.0000000E+00    0.0000000E+00    0.0000000E+00
    1.7500000E+00   -1.1011210E+00    1.6672619E+00    3.9878369E+00    3.2405305E-01    6.5962457E-01    7.3650369E+00    0.0000000E+00    7.5782870E-01    9.5345247E-03    7.7520170E-04    7.4752210E+01    0.0000000E+00    0.0000000E+00    0.0000000E+00
    1.8500000E+00   -1.1012027E+00    1.6714756E+00    3.9898680E+00    3.2487204E-01    6.6170575E-01    7.3609770E+00    0.0000000E+00    7.6021973E-01    9.5312959E-03    7.7493072E-04    7.4751013E+01    0.0000000E+00    0.0000000E+00    0.0000000E+00
    1.9500000E+00   -1.1012847E+00    1.6756936E+00    3.9918994E+00    3.2569187E-01    6.6379009E-01    7.3569140E+00    0.0000000E+00    7.6261438E-01    9.5280738E-03    7.7466063E-04    7.4749810E+01    0.0000000E+00    0.0000000E+00    0.0000000E+00
    2.0500000E+00   -1.1013670E+00    1.6799159E+00    3.9939309E+00    3.2651253E-01    6.6587756E-01    7.3528479E+00    0.0000000E+00    7.6501263E-01    9.5248582E-03    7.7439140E-04    7.4748600E+01    0.0000000E+00    0.0000000E+00    0.0000000E+00
    2.1500000E+00   -1.1014495E+00    1.6841425E+00    3.9959627E+00    3.2733401E-01    6.6796813E-01    7.3487787E+00    0.0000000E+00    7.6741445E-01    9.5216491E-03    7.7412299E-04    7.4747385E+01    0.0000000E+00    0.0000000E+00    0.0000000E+00
    2.2500000E+00   -1.1015323E+00    1.6883732E+00    3.9979947E+00    3.2815629E-01    6.7006178E-01    7.3447064E+00    0.0000000E+00    7.6981980E-01    9.5184465E-03    7.7385537E-04    7.4746164E+01    0.0000000E+00    0.0000000E+00    0.0000000E+00
    2.3500000E+00   -1.1016154E+00    1.6926080E+00    4.0000269E+00    3.2897938E-01    6.7215850E-01    7.3406309E+00    0.0000000E+00    7.7222867E-01    9.5152503E-03    7.7358851E-04    7.4744937E+01    0.0000000E+00    0.0000000E+00    0.0000000E+00
    2.4500000E+00   -1.1016987E+00    1.6968469E+00    4.0020593E+00    3.2980326E-01    6.7425825E-01    7.3365523E+00    0.0000000E+00    7.7464103E-01    9.5120606E-03    7.7332238E-04    7.4743705E+01    0.0000000E+00    0.0000000E+00    0.0000000E+00
    2.5500000E+00   -1.1017823E+00    1.7010898E+00    4.0040918E+00    3.3062793E-01    6.7636103E-01    7.3324705E+00    0.0000000E+00    7.7705687E-01    9.5088773E-03    7.7305695E-04    7.4742467E+01    0.0000000E+00    0.0000000E+00    0.0000000E+00
    2.6500000E+00   -1.1018661E+00    1.7053368E+00    4.0061245E+00    3.3145338E-01    6.7846683E-01    7.3283856E+00    0.0000000E+00    7.7947617E-01    9.5057003E-03    7.7279221E-04    7.4741224E+01    0.0000000E+00    0.0000000E+00    0.0000000E+00
    2.7500000E+00   -1.1019501E+00    1.7095877E+00    4.0081573E+00    3.3227961E-01    6.8057562E-01    7.3242976E+00    0.0000000E+00    7.8189892E-01    9.5025296E-03    7.7252814E-04    7.4739976E+01    0.0000000E+00    0.0000000E+00    0.0000000E+00
    2.8500000E+00   -1.1020344E+00    1.7138427E+00    4.0101902E+00    3.3310661E-01    6.8268740E-01    7.3202063E+00    0.0000000E+00    7.8432510E-01    9.4993654E-03    7.7226472E-04    7.4738723E+01    0.0000000E+00    0.0000000E+00    0.0000000E+00
    2.9500000E+00   -1.1021189E+00    1.7181015E+00    4.0122233E+00    3.3393437E-01    6.8480216E-01    7.3161119E+00    0.0000000E+00    7.8675470E-01    9.4962074E-03    7.7200194E-04    7.4737465E+01    0.0000000E+00    0.0000000E+00    0.0000000E+00
    3.0500000E+00   -1.1022037E+00    1.7223644E+00    4.0142564E+00    3.3476290E-01    6.8691989E-01    7.3120144E+00    0.0000000E+00    7.8918772E-01    9.4930558E-03    7.7173977E-04    7.4736202E+01    0.0000000E+00    0.0000000E+00    0.0000000E+00
    3.1500000E+00   -1.1022886E+00    1.7266311E+00    4.0162897E+00    3.3559220E-01    6.8904058E-01    7.3079136E+00    0.0000000E+00    7.9162413E-01    9.4899105E-03    7.7147822E-04    7.4734934E+01    0.0000000E+00    0.0000000E+00    0.0000000E+00
    3.2500000E+00   -1.1023738E+00    1.7309017E+00    4.0183230E+00    3.3642225E-01    6.9116422E-01    7.3038097E+00    0.0000000E+00    7.9406394E-01    9.4867715E-03    7.7121726E-04    7.4733660E+01    0.0000000E+00    0.0000000E+00    0.0000000E+00
    3.3500000E+00   -1.1024592E+00    1.7351762E+00    4.0203564E+00    3.3725305E-01    6.9329081E-01    7.2997026E+00    0.0000000E+00    7.9650713E-01    9.4836388E-03    7.7095690E-04    7.4732383E+01    0.0000000E+00    0.0000000E+00    0.0000000E+00
    3.4500000E+00   -1.1025449E+00    1.7394546E+00    4.0223899E+00    3.3808461E-01    6.9542034E-01    7.2955923E+00    0.0000000E+00    7.9895371E-01    9.4805124E-03    7.7069711E-04    7.4731100E+01    0.0000000E+00    0.0000000E+00    0.0000000E+00
    3.5500000E+00   -1.1026307E+00    1.7437369E+00    4.0244234E+00    3.3891692E-01    6.9755280E-01    7.2914789E+00    0.0000000E+00    8.0140365E-01    9.4773924E-03    7.7043790E-04    7.4729812E+01    0.0000000E+00    0.0000000E+00    0.0000000E+00
    3.6500000E+00   -1.1027168E+00    1.7480230E+00    4.0264569E+00    3.3974997E-01    6.9968819E-01    7.2873622E+00    0.0000000E+00    8.0385695E-01    9.4742787E-03    7.7017925E-04    7.4728520E+01    0.0000000E+00    0.0000000E+00    0.0000000E+00
    3.7500000E+00   -1.1028030E+00    1.7523129E+00    4.0284905E+00    3.4058377E-01    7.0182650E-01    7.2832424E+00    0.0000000E+00    8.0631361E-01    9.4711714E-03    7.6992116E-04    7.4727223E+01    0.0000000E+00    0.0000000E+00    0.0000000E+00
    3.8500000E+00   -1.1028895E+00    1.7566066E+00    4.0305241E+00    3.4141831E-01    7.0396773E-01    7.2791194E+00    0.0000000E+00    8.0877363E-01    9.4680703E-03    7.6966363E-04    7.4725922E+01    0.0000000E+00    0.0000000E+00    0.0000000E+00
    3.9500000E+00   -1.1029762E+00    1.7609042E+00    4.0325576E+00    3.4225360E-01    7.0611187E-01    7.2749932E+00    0.0000000E+00    8.1123698E-01    9.4649757E-03    7.6940665E-04    7.4724616E+01    0.0000000E+00    0.0000000E+00    0.0000000E+00
    4.0500000E+00   -1.1030631E+00    1.7652055E+00    4.0345912E+00    3.4308962E-01    7.0825892E-01    7.2708639E+00    0.0000000E+00    8.1370368E-01    9.4618874E-03    7.6915021E-04    7.4723305E+01    0.0000000E+00    0.0000000E+00    0.0000000E+00
    4.1500000E+00   -1.1031503E+00    1.7695107E+00    4.0366247E+00    3.4392637E-01    7.1040887E-01    7.2667314E+00    0.0000000E+00    8.1617371E-01    9.4588055E-03    7.6889432E-04    7.4721989E+01    0.0000000E+00    0.0000000E+00    0.0000000E+00
    4.2500000E+00   -1.1032376E+00    1.7738196E+00    4.0386581E+00    3.4476387E-01    7.1256171E-01    7.2625958E+00    0.0000000E+00    8.1864706E-01    9.4557300E-03    7.6863897E-04    7.4720669E+01    0.0000000E+00    0.0000000E+00    0.0000000E+00
    4.3500000E+00   -1.1033251E+00    1.7781323E+00    4.0406915E+00    3.4560209E-01    7.1471744E-01    7.2584569E+00    0.0000000E+00    8.2112374E-01    9.4526609E-03    7.6838416E-04    7.4719345E+01    0.0000000E+00    0.0000000E+00    0.0000000E+00
    4.4500000E+00   -1.1034129E+00    1.7824487E+00    4.0427248E+00    3.4644104E-01    7.1687606E-01    7.2543150E+00    0.0000000E+00    8.2360373E-01    9.4495982E-03    7.6812989E-04    7.4718016E+01    0.0000000E+00    0.0000000E+00    0.0000000E+00
    4.5500000E+00   -1.1035008E+00    1.7867689E+00    4.0447581E+00    3.4728072E-01    7.1903756E-01    7.2501699E+00    0.0000000E+00    8.2608703E-01    9.4465420E-03    7.6787615E-04    7.4716683E+01    0.0000000E+00    0.0000000E+00    0.0000000E+00
    4.6500000E+00   -1.1035890E+00    1.7910928E+00    4.0467912E+00    3.4812113E-01    7.2120193E-01    7.2460217E+00    0.0000000E+00    8.2857363E-01    9.4434923E-03    7.6762294E-04    7.4715345E+01    0.0000000E+00    0.0000000E+00    0.0000000E+00
    4.7500000E+00   -1.1036773E+00    1.7954204E+00    4.0488242E+00    3.4896226E-01    7.2336918E-01    7.2418703E+00    0.0000000E+00    8.3106354E-01    9.4404490E-03    7.6737027E-04    7.4714002E+01    0.0000000E+00    0.0000000E+00    0.0000000E+00
    4.8500000E+00   -1.1037659E+00    1.7997518E+00    4.0508571E+00    3.4980411E-01    7.2553929E-01    7.2377159E+00    0.0000000E+00    8.3355673E-01    9.4374123E-03    7.6711813E-04    7.4712655E+01    0.0000000E+00    0.0000000E+00    0.0000000E+00
    4.9500000E+00   -1.1038547E+00    1.8040869E+00    4.0528898E+00    3.5064669E-01    7.2771226E-01    7.2335583E+00    0.0000000E+00    8.3605321E-01    9.4343821E-03    7.6686652E-04    7.4711304E+01    0.0000000E+00    0.0000000E+00    0.0000000E+00
    5.0500000E+00   -1.1039437E+00    1.8084256E+00    4.0549224E+00    3.5148998E-01    7.2988809E-01    7.2293977E+00    0.0000000E+00    8.3855297E-01    9.4313584E-03    7.6661544E-04    7.4709948E+01    0.0000000E+00    0.0000000E+00    0.0000000E+00
    5.1500000E+00   -1.1040328E+00    1.8127680E+00    4.0569548E+00    3.5233398E-01    7.3206676E-01    7.2252339E+00    0.0000000E+00    8.4105601E-01    9.4283413E-03    7.6636489E-04    7.4708588E+01    0.0000000E+00    0.0000000E+00    0.0000000E+00
    5.2500000E+00   -1.1041222E+00    1.8171141E+00    4.0589870E+00    3.5317870E-01    7.3424829E-01    7.2210671E+00    0.0000000E+00    8.4356231E-01    9.4253308E-03    7.6611488E-04    7.4707223E+01    0.0000000E+00    0.0000000E+00    0.0000000E+00
    5.3500000E+00   -1.1042118E+00    1.8214639E+00    4.0610189E+00    3.5402413E-01    7.3643265E-01    7.2168972E+00    0.0000000E+00    8.4607188E-01    9.4223269E-03    7.6586540E-04    7.4705854E+01    0.0000000E+00    0.0000000E+00    0.0000000E+00
    5.4500000E+00   -1.1043016E+00    1.8258173E+00    4.0630507E+00    3.5487027E-01    7.3861985E-01    7.2127243E+00    0.0000000E+00    8.4858471E-01    9.4193297E-03    7.6561645E-04    7.4704481E+01    0.0000000E+00    0.0000000E+00    0.0000000E+00
    5.5500000E+00   -1.1043915E+00    1.8301744E+00    4.0650822E+00    3.5571712E-01    7.4080988E-01    7.2085483E+00    0.0000000E+00    8.5110079E-01    9.4163392E-03    7.6536804E-04    7.4703103E+01    0.0000000E+00    0.0000000E+00    0.0000000E+00
    5.6500000E+00   -1.1044817E+00    1.8345350E+00    4.0671134E+00    3.5656467E-01    7.4300273E-01    7.2043693E+00    0.0000000E+00    8.5362011E-01    9.4133553E-03    7.6512016E-04    7.4701721E+01    0.0000000E+00    0.0000000E+00    0.0000000E+00
    5.7500000E+00   -1.1045721E+00    1.8388993E+00    4.0691444E+00    3.5741292E-01    7.4519841E-01    7.2001872E+00    0.0000000E+00    8.5614268E-01    9.4103782E-03    7.6487282E-04    7.4700334E+01    0.0000000E+00    0.0000000E+00    0.0000000E+00
    5.8500000E+00   -1.1046627E+00    1.8432672E+00    4.0711751E+00    3.5826188E-01    7.4739690E-01    7.1960022E+00    0.0000000E+00    8.5866848E-01    9.4074078E-03    7.6462602E-04    7.4698943E+01    0.0000000E+00    0.0000000E+00    0.0000000E+00
    5.9500000E+00   -1.1047535E+00    1.8476387E+00    4.0732054E+00    3.5911154E-01    7.4959820E-01    7.1918142E+00    0.0000000E+00    8.6119751E-01    9.4044443E-03    7.6437975E-04    7.4697548E+01    0.0000000E+00    0.0000000E+00    0.0000000E+00
    6.0500000E+00   -1.1048445E+00    1.8520138E+00    4.0752355E+00    3.5996189E-01    7.5180231E-01    7.1876232E+00    0.0000000E+00    8.6372976E-01    9.4014875E-03    7.6413403E-04    7.4696148E+01    0.0000000E+00    0.0000000E+00    0.0000000E+00
    6.1500000E+00   -1.1049356E+00    1.8563925E+00    4.0772651E+00    3.6081294E-01    7.5400921E-01    7.1834292E+00    0.0000000E+00    8.6626522E-01    9.3985376E-03    7.6388885E-04    7.4694744E+01    0.0000000E+00    0.0000000E+00    0.0000000E+00
    6.2500000E+00   -1.1050270E+00    1.8607747E+00    4.0792944E+00    3.6166467E-01    7.5621891E-01    7.1792322E+00    0.0000000E+00    8.6880390E-01    9.3955945E-03    7.6364421E-04    7.4693336E+01    0.0000000E+00    0.0000000E+00    0.0000000E+00
    6.3500000E+00   -1.1051186E+00    1.8651605E+00    4.0813234E+00    3.6251711E-01    7.5843140E-01    7.1750324E+00    0.0000000E+00    8.7134578E-01    9.3926583E-03    7.6340012E-04    7.4691923E+01    0.0000000E+00    0.0000000E+00    0.0000000E+00
    6.4500000E+00   -1.1052104E+00    1.8695498E+00    4.0833519E+00    3.6337022E-01    7.6064668E-01    7.1708296E+00    0.0000000E+00    8.7389087E-01    9.3897291E-03    7.6315658E-04    7.4690506E+01    0.0000000E+00    0.0000000E+00    0.0000000E+00
    6.5500000E+00   -1.1053023E+00    1.8739427E+00    4.0853800E+00    3.6422403E-01    7.6286473E-01    7.1666238E+00    0.0000000E+00    8.7643914E-01    9.3868068E-03    7.6291359E-04    7.4689084E+01    0.0000000E+00    0.0000000E+00    0.0000000E+00
    6.6500000E+00   -1.1053945E+00    1.8783390E+00    4.0874077E+00    3.6507852E-01    7.6508556E-01    7.1624152E+00    0.0000000E+00    8.7899060E-01    9.3838916E-03    7.6267115E-04    7.4687659E+01    0.0000000E+00    0.0000000E+00    0.0000000E+00
    6.7500000E+00   -1.1054869E+00    1.8827389E+00    4.0894349E+00    3.6593369E-01    7.6730916E-01    7.1582037E+00    0.0000000E+00    8.8154525E-01    9.3809833E-03    7.6242926E-04    7.4686229E+01    0.0000000E+00    0.0000000E+00    0.0000000E+00
    6.8500000E+00   -1.1055795E+00    1.8871423E+00    4.0914616E+00    3.6678954E-01    7.6953552E-01    7.1539893E+00    0.0000000E+00    8.8410306E-01    9.3780822E-03    7.6218793E-04    7.4684794E+01    0.0000000E+00    0.0000000E+00    0.0000000E+00
    6.9500000E+00   -1.1056722E+00    1.8915492E+00    4.0934878E+00    3.6764607E-01    7.7176463E-01    7.1497721E+00    0.0000000E+00    8.8666405E-01    9.3751881E-03    7.6194716E-04    7.4683355E+01    0.0000000E+00    0.0000000E+00    0.0000000E+00
    7.0500000E+00   -1.1057652E+00    1.8959595E+00    4.0955135E+00    3.6850328E-01    7.7399651E-01    7.1455520E+00    0.0000000E+00    8.8922820E-01    9.3723011E-03    7.6170695E-04    7.4681912E+01    0.0000000E+00    0.0000000E+00    0.0000000E+00
    7.1500000E+00   -1.1058584E+00    1.9003733E+00    4.0975387E+00    3.6936116E-01    7.7623113E-01    7.1413291E+00    0.0000000E+00    8.9179551E-01    9.3694214E-03    7.6146731E-04    7.4680465E+01    0.0000000E+00    0.0000000E+00    0.0000000E+00
    7.2500000E+00   -1.1059517E+00    1.9047906E+00    4.0995633E+00    3.7021971E-01    7.7846849E-01    7.1371034E+00    0.0000000E+00    8.9436597E-01    9.3665488E-03    7.6122823E-04    7.4679013E+01    0.0000000E+00    0.0000000E+00    0.0000000E+00
    7.3500000E+00   -1.1060453E+00    1.9092113E+00    4.1015874E+00    3.7107893E-01    7.8070859E-01    7.1328749E+00    0.0000000E+00    8.9693957E-01    9.3636834E-03    7.6098972E-04    7.4677557E+01    0.0000000E+00    0.0000000E+00    0.0000000E+00
    7.4500000E+00   -1.1061391E+00    1.9136355E+00    4.1036108E+00    3.7193882E-01    7.8295143E-01    7.1286436E+00    0.0000000E+00    8.9951632E-01    9.3608253E-03    7.6075179E-04    7.4676097E+01    0.0000000E+00    0.0000000E+00    0.0000000E+00
    7.5500000E+00   -1.1062330E+00    1.9180631E+00    4.1056336E+00    3.7279938E-01    7.8519699E-01    7.1244095E+00    0.0000000E+00    9.0209620E-01    9.3579746E-03    7.6051442E-04    7.4674632E+01    0.0000000E+00    0.0000000E+00    0.0000000E+00
    7.6500000E+00   -1.1063272E+00    1.9224941E+00    4.1076558E+00    3.7366060E-01    7.8744527E-01    7.1201727E+00    0.0000000E+00    9.0467920E-01    9.3551311E-03    7.6027764E-04    7.4673163E+01    0.0000000E+00    0.0000000E+00    0.0000000E+00
    7.7500000E+00   -1.1064215E+00    1.9269285E+00    4.1096772E+00    3.7452248E-01    7.8969627E-01    7.1159331E+00    0.0000000E+00    9.0726533E-01    9.3522951E-03    7.6004144E-04    7.4671690E+01    0.0000000E+00    0.0000000E+00    0.0000000E+00
    7.8500000E+00   -1.1065161E+00    1.9313662E+00    4.1116981E+00    3.7538502E-01    7.9194998E-01    7.1116909E+00    0.0000000E+00    9.0985457E-01    9.3494665E-03    7.5980582E-04    7.4670213E+01    0.0000000E+00    0.0000000E+00    0.0000000E+00
    7.9500000E+00   -1.1066108E+00    1.9358074E+00    4.1137182E+00    3.7624821E-01    7.9420640E-01    7.1074459E+00    0.0000000E+00    9.1244692E-01    9.3466453E-03    7.5957078E-04    7.4668731E+01    0.0000000E+00    0.0000000E+00    0.0000000E+00
    8.0500000E+00   -1.1067058E+00    1.9402520E+00    4.1157375E+00    3.7711207E-01    7.9646552E-01    7.1031982E+00    0.0000000E+00    9.1504237E-01    9.3438317E-03    7.5933634E-04    7.4667245E+01    0.0000000E+00    0.0000000E+00    0.0000000E+00
    8.1500000E+00   -1.1068009E+00    1.9446999E+00    4.1177561E+00    3.7797657E-01    7.9872733E-01    7.0989479E+00    0.0000000E+00    9.1764093E-01    9.3410256E-03    7.5910249E-04    7.4665754E+01    0.0000000E+00    0.0000000E+00    0.0000000E+00
    8.2500000E+00   -1.1068963E+00    1.9491511E+00    4.1197740E+00    3.7884173E-01    8.0099184E-01    7.0946949E+00    0.0000000E+00    9.2024257E-01    9.3382270E-03    7.5886923E-04    7.4664259E+01    0.0000000E+00    0.0000000E+00    0.0000000E+00
    8.3500000E+00   -1.1069918E+00    1.9536057E+00    4.1217910E+00    3.7970754E-01    8.0325903E-01    7.0904393E+00    0.0000000E+00    9.2284730E-01    9.3354361E-03    7.5863658E-04    7.4662760E+01    0.0000000E+00    0.0000000E+00    0.0000000E+00
    8.4500000E+00   -1.1070876E+00    1.9580636E+00    4.1238072E+00    3.8057399E-01    8.0552891E-01    7.0861811E+00    0.0000000E+00    9.2545511E-01    9.3326529E-03    7.5840453E-04    7.4661257E+01    0.0000000E+00    0.0000000E+00    0.0000000E+00
    8.5500000E+00   -1.1071835E+00    1.9625249E+00    4.1258225E+00    3.8144109E-01    8.0780146E-01    7.0819202E+00    0.0000000E+00    9.2806599E-01    9.3298774E-03    7.5817308E-04    7.4659749E+01    0.0000000E+00    0.0000000E+00    0.0000000E+00
    8.6500000E+00   -1.1072796E+00    1.9669895E+00    4.1278370E+00    3.8230883E-01    8.1007668E-01    7.0776568E+00    0.0000000E+00    9.3067994E-01    9.3271096E-03    7.5794224E-04    7.4658237E+01    0.0000000E+00    0.0000000E+00    0.0000000E+00
    8.7500000E+00   -1.1073760E+00    1.9714573E+00    4.1298505E+00    3.8317721E-01    8.1235456E-01    7.0733908E+00    0.0000000E+00    9.3329696E-01    9.3243497E-03    7.5771202E-04    7.4656721E+01    0.0000000E+00    0.0000000E+00    0.0000000E+00
    8.8500000E+00   -1.1074725E+00    1.9759285E+00    4.1318631E+00    3.8404624E-01    8.1463510E-01    7.0691222E+00    0.0000000E+00    9.3591703E-01    9.3215976E-03    7.5748241E-04    7.4655200E+01    0.0000000E+00    0.0000000E+00    0.0000000E+00
    8.9500000E+00   -1.1075693E+00    1.9804029E+00    4.1338748E+00    3.8491589E-01    8.1691830E-01    7.0648511E+00    0.0000000E+00    9.3854015E-01    9.3188533E-03    7.5725342E-04    7.4653675E+01    0.0000000E+00    0.0000000E+00    0.0000000E+00
    9.0500000E+00   -1.1076662E+00    1.9848806E+00    4.1358855E+00    3.8578619E-01    8.1920415E-01    7.0605775E+00    0.0000000E+00    9.4116631E-01    9.3161171E-03    7.5702506E-04    7.4652146E+01    0.0000000E+00    0.0000000E+00    0.0000000E+00
    9.1500000E+00   -1.1077633E+00    1.9893615E+00    4.1378952E+00    3.8665712E-01    8.2149265E-01    7.0563014E+00    0.0000000E+00    9.4379551E-01    9.3133888E-03    7.5679733E-04    7.4650612E+01    0.0000000E+00    0.0000000E+00    0.0000000E+00
    9.2500000E+00   -1.1078607E+00    1.9938457E+00    4.1399038E+00    3.8752868E-01    8.2378378E-01    7.0520229E+00    0.0000000E+00    9.4642775E-01    9.3106685E-03    7.5657023E-04    7.4649074E+01    0.0000000E+00    0.0000000E+00    0.0000000E+00
    9.3500000E+00   -1.1079582E+00    1.9983331E+00    4.1419114E+00    3.8840087E-01    8.2607755E-01    7.0477418E+00    0.0000000E+00    9.4906301E-01    9.3079564E-03    7.5634376E-04    7.4647532E+01    0.0000000E+00    0.0000000E+00    0.0000000E+00
    9.4500000E+00   -1.1080559E+00    2.0028238E+00    4.1439178E+00    3.8927368E-01    8.2837395E-01    7.0434584E+00    0.0000000E+00    9.5170129E-01    9.3052523E-03    7.5611793E-04    7.4645985E+01    0.0000000E+00    0.0000000E+00    0.0000000E+00
    9.5500000E+00   -1.1081538E+00    2.0073177E+00    4.1459232E+00    3.9014712E-01    8.3067297E-01    7.0391725E+00    0.0000000E+00    9.5434259E-01    9.3025565E-03    7.5589275E-04    7.4644434E+01    0.0000000E+00    0.0000000E+00    0.0000000E+00
    9.6500000E+00   -1.1082520E+00    2.0118148E+00    4.1479274E+00    3.9102119E-01    8.3297461E-01    7.0348841E+00    0.0000000E+00    9.5698690E-01    9.2998689E-03    7.5566822E-04    7.4642879E+01    0.0000000E+00    0.0000000E+00    0.0000000E+00
    9.7500000E+00   -1.1083503E+00    2.0163151E+00    4.1499304E+00    3.9189587E-01    8.3527887E-01    7.0305935E+00    0.0000000E+00    9.5963421E-01    9.2971895E-03    7.5544434E-04    7.4641320E+01    0.0000000E+00    0.0000000E+00    0.0000000E+00
    9.8500000E+00   -1.1084488E+00    2.0208185E+00    4.1519322E+00    3.9277118E-01    8.3758573E-01    7.0263004E+00    0.0000000E+00    9.6228452E-01    9.2945186E-03    7.5522111E-04    7.4639756E+01    0.0000000E+00    0.0000000E+00    0.0000000E+00
    9.9500000E+00   -1.1085476E+00    2.0253252E+00    4.1539328E+00    3.9364711E-01    8.3989520E-01    7.0220050E+00    0.0000000E+00    9.6493782E-01    9.2918560E-03    7.5499855E-04    7.4638188E+01    0.0000000E+00    0.0000000E+00    0.0000000E+00
    1.0050000E+01   -1.1086465E+00    2.0298350E+00    4.1559321E+00    3.9452365E-01    8.4220727E-01    7.0177072E+00    0.0000000E+00    9.6759411E-01    9.2892019E-03    7.5477665E-04    7.4636615E+01    0.0000000E+00    0.0000000E+00    0.0000000E+00
    1.0150000E+01   -1.1087456E+00    2.0343480E+00    4.1579300E+00    3.9540080E-01    8.4452194E-01    7.0134072E+00    0.0000000E+00    9.7025338E-01    9.2865563E-03    7.5455542E-04    7.4635038E+01    0.0000000E+00    0.0000000E+00    0.0000000E+00
    1.0250000E+01   -1.1088450E+00    2.0388641E+00    4.1599267E+00    3.9627857E-01    8.4683919E-01    7.0091049E+00    0.0000000E+00    9.7291562E-01    9.2839192E-03    7.5433487E-04    7.4633457E+01    0.0000000E+00    0.0000000E+00    0.0000000E+00
    1.0350000E+01   -1.1089445E+00    2.0433834E+00    4.1619219E+00    3.9715694E-01    8.4915903E-01    7.0048003E+00    0.0000000E+00    9.7558083E-01    9.2812908E-03    7.5411499E-04    7.4631871E+01    0.0000000E+00    0.0000000E+00    0.0000000E+00
    1.0450000E+01   -1.1090442E+00    2.0479058E+00    4.1639158E+00    3.9803593E-01    8.5148145E-01    7.0004934E+00    0.0000000E+00    9.7824901E-01    9.2786711E-03    7.5389580E-04    7.4630282E+01    0.0000000E+00    0.0000000E+00    0.0000000E+00
    1.0550000E+01   -1.1091442E+00    2.0524313E+00    4.1659082E+00    3.9891552E-01    8.5380644E-01    6.9961843E+00    0.0000000E+00    9.8092015E-01    9.2760601E-03    7.5367730E-04    7.4628687E+01    0.0000000E+00    0.0000000E+00    0.0000000E+00
    1.0650000E+01   -1.1092443E+00    2.0569600E+00    4.1678991E+00    3.9979572E-01    8.5613401E-01    6.9918730E+00    0.0000000E+00    9.8359424E-01    9.2734579E-03    7.5345950E-04    7.4627089E+01    0.0000000E+00    0.0000000E+00    0.0000000E+00
    1.0750000E+01   -1.1093447E+00    2.0614917E+00    4.1698886E+00    4.0067652E-01    8.5846413E-01    6.9875595E+00    0.0000000E+00    9.8627127E-01    9.2708646E-03    7.5324239E-04    7.4625486E+01    0.0000000E+00    0.0000000E+00    0.0000000E+00
    1.0850000E+01   -1.1094452E+00    2.0660265E+00    4.1718765E+00    4.0155792E-01    8.6079682E-01    6.9832439E+00    0.0000000E+00    9.8895125E-01    9.2682802E-03    7.5302599E-04    7.4623878E+01    0.0000000E+00    0.0000000E+00    0.0000000E+00
    1.0950000E+01   -1.1095460E+00    2.0705645E+00    4.1738628E+00    4.0243992E-01    8.6313207E-01    6.9789261E+00    0.0000000E+00    9.9163416E-01    9.2657049E-03    7.5281030E-04    7.4622267E+01    0.0000000E+00    0.0000000E+00    0.0000000E+00
    1.1050000E+01   -1.1096469E+00    2.0751055E+00    4.1758474E+00    4.0332252E-01    8.6546987E-01    6.9746062E+00    0.0000000E+00    9.9432001E-01    9.2631385E-03    7.5259532E-04    7.4620651E+01    0.0000000E+00    0.0000000E+00    0.0000000E+00
    1.1150000E+01   -1.1097481E+00    2.0796495E+00    4.1778305E+00    4.0420571E-01    8.6781021E-01    6.9702842E+00    0.0000000E+00    9.9700878E-01    9.2605814E-03    7.5238106E-04    7.4619030E+01    0.0000000E+00    0.0000000E+00    0.0000000E+00
    1.1250000E+01   -1.1098494E+00    2.0841966E+00    4.1798118E+00    4.0508950E-01    8.7015309E-01    6.9659601E+00    0.0000000E+00    9.9970047E-01    9.2580334E-03    7.5216753E-04    7.4617405E+01    0.0000000E+00    0.0000000E+00    0.0000000E+00
    1.1350000E+01   -1.1099510E+00    2.0887468E+00    4.1817914E+00    4.0597389E-01    8.7249852E-01    6.9616339E+00    0.0000000E+00    1.0023951E+00    9.2554947E-03    7.5195473E-04    7.4615776E+01    0.0000000E+00    0.0000000E+00    0.0000000E+00
    1.1450000E+01   -1.1100528E+00    2.0933000E+00    4.1837692E+00    4.0685886E-01    8.7484647E-01    6.9573057E+00    0.0000000E+00    1.0050926E+00    9.2529653E-03    7.5174266E-04    7.4614142E+01    0.0000000E+00    0.0000000E+00    0.0000000E+00
    1.1550000E+01   -1.1101548E+00    2.0978563E+00    4.1857452E+00    4.0774442E-01    8.7719695E-01    6.9529755E+00    0.0000000E+00    1.0077930E+00    9.2504453E-03    7.5153134E-04    7.4612504E+01    0.0000000E+00    0.0000000E+00    0.0000000E+00
    1.1650000E+01   -1.1102570E+00    2.1024155E+00    4.1877193E+00    4.0863057E-01    8.7954996E-01    6.9486433E+00    0.0000000E+00    1.0104963E+00    9.2479348E-03    7.5132077E-04    7.4610862E+01    0.0000000E+00    0.0000000E+00    0.0000000E+00
    1.1750000E+01   -1.1103594E+00    2.1069778E+00    4.1896916E+00    4.0951731E-01    8.8190549E-01    6.9443091E+00    0.0000000E+00    1.0132025E+00    9.2454339E-03    7.5111095E-04    7.4609215E+01    0.0000000E+00    0.0000000E+00    0.0000000E+00
    1.1850000E+01   -1.1104620E+00    2.1115431E+00    4.1916619E+00    4.1040463E-01    8.8426353E-01    6.9399730E+00    0.0000000E+00    1.0159116E+00    9.2429426E-03    7.5090190E-04    7.4607564E+01    0.0000000E+00    0.0000000E+00    0.0000000E+00
    1.1950000E+01   -1.1105648E+00    2.1161114E+00    4.1936302E+00    4.1129253E-01    8.8662408E-01    6.9356349E+00    0.0000000E+00    1.0186236E+00    9.2404610E-03    7.5069361E-04    7.4605908E+01    0.0000000E+00    0.0000000E+00    0.0000000E+00
    1.2050000E+01   -1.1106678E+00    2.1206827E+00    4.1955965E+00    4.1218102E-01    8.8898713E-01    6.9312950E+00    0.0000000E+00    1.0213385E+00    9.2379892E-03    7.5048609E-04    7.4604248E+01    0.0000000E+00    0.0000000E+00    0.0000000E+00
    1.2150000E+01   -1.1107710E+00    2.1252570E+00    4.1975607E+00    4.1307008E-01    8.9135269E-01    6.9269532E+00    0.0000000E+00    1.0240562E+00    9.2355273E-03    7.5027936E-04    7.4602584E+01    0.0000000E+00    0.0000000E+00    0.0000000E+00
    1.2250000E+01   -1.1108744E+00    2.1298342E+00    4.1995228E+00    4.1395973E-01    8.9372074E-01    6.9226095E+00    0.0000000E+00    1.0267768E+00    9.2330753E-03    7.5007341E-04    7.4600915E+01    0.0000000E+00    0.0000000E+00    0.0000000E+00
    1.2350000E+01   -1.1109781E+00    2.1344144E+00    4.2014827E+00    4.1484995E-01    8.9609129E-01    6.9182640E+00    0.0000000E+00    1.0295003E+00    9.2306333E-03    7.4986825E-04    7.4599241E+01    0.0000000E+00    0.0000000E+00    0.0000000E+00
    1.2450000E+01   -1.1110819E+00    2.1389976E+00    4.2034404E+00    4.1574074E-01    8.9846432E-01    6.9139167E+00    0.0000000E+00    1.0322266E+00    9.2282014E-03    7.4966390E-04    7.4597564E+01    0.0000000E+00    0.0000000E+00    0.0000000E+00
    1.2550000E+01   -1.1111860E+00    2.1435837E+00    4.2053959E+00    4.1663211E-01    9.0083984E-01    6.9095676E+00    0.0000000E+00    1.0349558E+00    9.2257798E-03    7.4946035E-04    7.4595881E+01    0.0000000E+00    0.0000000E+00    0.0000000E+00
    1.2650000E+01   -1.1112903E+00    2.1481727E+00    4.2073491E+00    4.1752405E-01    9.0321784E-01    6.9052167E+00    0.0000000E+00    1.0376879E+00    9.2233684E-03    7.4925761E-04    7.4594195E+01    0.0000000E+00    0.0000000E+00    0.0000000E+00
    1.2750000E+01   -1.1113948E+00    2.1527647E+00    4.2092998E+00    4.1841657E-01    9.0559832E-01    6.9008641E+00    0.0000000E+00    1.0404227E+00    9.2209674E-03    7.4905570E-04    7.4592503E+01    0.0000000E+00    0.0000000E+00    0.0000000E+00
    1.2850000E+01   -1.1114995E+00    2.1573597E+00    4.2112482E+00    4.1930965E-01    9.0798127E-01    6.8965098E+00    0.0000000E+00    1.0431605E+00    9.2185769E-03    7.4885461E-04    7.4590808E+01    0.0000000E+00    0.0000000E+00    0.0000000E+00
    1.2950000E+01   -1.1116044E+00    2.1619575E+00    4.2131941E+00    4.2020330E-01    9.1036668E-01    6.8921539E+00    0.0000000E+00    1.0459010E+00    9.2161969E-03    7.4865436E-04    7.4589107E+01    0.0000000E+00    0.0000000E+00    0.0000000E+00
    1.3050000E+01   -1.1117095E+00    2.1665583E+00    4.2151376E+00    4.2109751E-01    9.1275456E-01    6.8877962E+00    0.0000000E+00    1.0486444E+00    9.2138275E-03    7.4845495E-04    7.4587403E+01    0.0000000E+00    0.0000000E+00    0.0000000E+00
    1.3150000E+01   -1.1118149E+00    2.1711620E+00    4.2170784E+00    4.2199230E-01    9.1514490E-01    6.8834370E+00    0.0000000E+00    1.0513906E+00    9.2114689E-03    7.4825639E-04    7.4585693E+01    0.0000000E+00    0.0000000E+00    0.0000000E+00
    1.3250000E+01   -1.1119205E+00    2.1757686E+00    4.2190166E+00    4.2288764E-01    9.1753770E-01    6.8790761E+00    0.0000000E+00    1.0541396E+00    9.2091211E-03    7.4805869E-04    7.4583980E+01    0.0000000E+00    0.0000000E+00    0.0000000E+00
    1.3350000E+01   -1.1120262E+00    2.1803780E+00    4.2209522E+00    4.2378355E-01    9.1993295E-01    6.8747137E+00    0.0000000E+00    1.0568915E+00    9.2067843E-03    7.4786185E-04    7.4582261E+01    0.0000000E+00    0.0000000E+00    0.0000000E+00
    1.3450000E+01   -1.1121322E+00    2.1849904E+00    4.2228850E+00    4.2468002E-01    9.2233065E-01    6.8703497E+00    0.0000000E+00    1.0596462E+00    9.2044585E-03    7.4766590E-04    7.4580538E+01    0.0000000E+00    0.0000000E+00    0.0000000E+00
    1.3550000E+01   -1.1122384E+00    2.1896057E+00    4.2248150E+00    4.2557705E-01    9.2473079E-01    6.8659842E+00    0.0000000E+00    1.0624036E+00    9.2021438E-03    7.4747082E-04    7.4578811E+01    0.0000000E+00    0.0000000E+00    0.0000000E+00
    1.3650000E+01   -1.1123449E+00    2.1942238E+00    4.2267422E+00    4.2647464E-01    9.2713337E-01    6.8616172E+00    0.0000000E+00    1.0651639E+00    9.1998404E-03    7.4727663E-04    7.4577079E+01    0.0000000E+00    0.0000000E+00    0.0000000E+00
    1.3750000E+01   -1.1124515E+00    2.1988448E+00    4.2286665E+00    4.2737279E-01    9.2953840E-01    6.8572487E+00    0.0000000E+00    1.0679270E+00    9.1975483E-03    7.4708334E-04    7.4575343E+01    0.0000000E+00    0.0000000E+00    0.0000000E+00
    1.3850000E+01   -1.1125584E+00    2.2034686E+00    4.2305878E+00    4.2827150E-01    9.3194585E-01    6.8528788E+00    0.0000000E+00    1.0706929E+00    9.1952676E-03    7.4689096E-04    7.4573602E+01    0.0000000E+00    0.0000000E+00    0.0000000E+00
    1.3950000E+01   -1.1126655E+00    2.2080954E+00    4.2325061E+00    4.2917076E-01    9.3435574E-01    6.8485075E+00    0.0000000E+00    1.0734615E+00    9.1929985E-03    7.4669950E-04    7.4571856E+01    0.0000000E+00    0.0000000E+00    0.0000000E+00
    1.4050000E+01   -1.1127728E+00    2.2127249E+00    4.2344213E+00    4.3007058E-01    9.3676806E-01    6.8441347E+00    0.0000000E+00    1.0762330E+00    9.1907410E-03    7.4650896E-04    7.4570106E+01    0.0000000E+00    0.0000000E+00    0.0000000E+00
    1.4150000E+01   -1.1128804E+00    2.2173574E+00    4.2363334E+00    4.3097095E-01    9.3918280E-01    6.8397607E+00    0.0000000E+00    1.0790072E+00    9.1884954E-03    7.4631936E-04    7.4568351E+01    0.0000000E+00    0.0000000E+00    0.0000000E+00
    1.4250000E+01   -1.1129881E+00    2.2219926E+00    4.2382422E+00    4.3187187E-01    9.4159996E-01    6.8353853E+00    0.0000000E+00    1.0817843E+00    9.1862616E-03    7.4613070E-04    7.4566591E+01    0.0000000E+00    0.0000000E+00    0.0000000E+00
    1.4350000E+01   -1.1130961E+00    2.2266308E+00    4.2401478E+00    4.3277334E-01    9.4401954E-01    6.8310086E+00    0.0000000E+00    1.0845641E+00    9.1840398E-03    7.4594299E-04    7.4564827E+01    0.0000000E+00    0.0000000E+00    0.0000000E+00
    1.4450000E+01   -1.1132043E+00    2.2312717E+00    4.2420501E+00    4.3367537E-01    9.4644153E-01    6.8266306E+00    0.0000000E+00    1.0873466E+00    9.1818301E-03    7.4575624E-04    7.4563058E+01    0.0000000E+00    0.0000000E+00    0.0000000E+00
    1.4550000E+01   -1.1133128E+00    2.2359155E+00    4.2439489E+00    4.3457794E-01    9.4886593E-01    6.8222514E+00    0.0000000E+00    1.0901320E+00    9.1796327E-03    7.4557047E-04    7.4561285E+01    0.0000000E+00    0.0000000E+00    0.0000000E+00
    1.4650000E+01   -1.1134214E+00    2.2405621E+00    4.2458442E+00    4.3548106E-01    9.5129275E-01    6.8178710E+00    0.0000000E+00    1.0929201E+00    9.1774476E-03    7.4538568E-04    7.4559506E+01    0.0000000E+00    0.0000000E+00    0.0000000E+00
    1.4750000E+01   -1.1135303E+00    2.2452115E+00    4.2477361E+00    4.3638473E-01    9.5372197E-01    6.8134894E+00    0.0000000E+00    1.0957110E+00    9.1752750E-03    7.4520188E-04    7.4557724E+01    0.0000000E+00    0.0000000E+00    0.0000000E+00
    1.4850000E+01   -1.1136395E+00    2.2498637E+00    4.2496242E+00    4.3728895E-01    9.5615359E-01    6.8091067E+00    0.0000000E+00    1.0985046E+00    9.1731150E-03    7.4501908E-04    7.4555936E+01    0.0000000E+00    0.0000000E+00    0.0000000E+00
    1.4950000E+01   -1.1137488E+00    2.2545187E+00    4.2515087E+00    4.3819372E-01    9.5858761E-01    6.8047228E+00    0.0000000E+00    1.1013010E+00    9.1709678E-03    7.4483730E-04    7.4554144E+01    0.0000000E+00    0.0000000E+00    0.0000000E+00
    1.5050000E+01   -1.1138584E+00    2.2591766E+00    4.2533895E+00    4.3909902E-01    9.6102403E-01    6.8003379E+00    0.0000000E+00    1.1041002E+00    9.1688334E-03    7.4465653E-04    7.4552347E+01    0.0000000E+00    0.0000000E+00    0.0000000E+00
    1.5150000E+01   -1.1139682E+00    2.2638372E+00    4.2552664E+00    4.4000488E-01    9.6346284E-01    6.7959519E+00    0.0000000E+00    1.1069021E+00    9.1667121E-03    7.4447680E-04    7.4550545E+01    0.0000000E+00    0.0000000E+00    0.0000000E+00
    1.5250000E+01   -1.1140783E+00    2.2685007E+00    4.2571394E+00    4.4091128E-01    9.6590405E-01    6.7915649E+00    0.0000000E+00    1.1097067E+00    9.1646038E-03    7.4429812E-04    7.4548738E+01    0.0000000E+00    0.0000000E+00    0.0000000E+00
    1.5350000E+01   -1.1141886E+00    2.2731669E+00    4.2590084E+00    4.4181822E-01    9.6834764E-01    6.7871769E+00    0.0000000E+00    1.1125141E+00    9.1625089E-03    7.4412049E-04    7.4546927E+01    0.0000000E+00    0.0000000E+00    0.0000000E+00
    1.5450000E+01   -1.1142991E+00    2.2778359E+00    4.2608733E+00    4.4272571E-01    9.7079363E-01    6.7827880E+00    0.0000000E+00    1.1153242E+00    9.1604273E-03    7.4394393E-04    7.4545111E+01    0.0000000E+00    0.0000000E+00    0.0000000E+00
    1.5550000E+01   -1.1144099E+00    2.2825078E+00    4.2627341E+00    4.4363373E-01    9.7324200E-01    6.7783981E+00    0.0000000E+00    1.1181371E+00    9.1583593E-03    7.4376844E-04    7.4543290E+01    0.0000000E+00    0.0000000E+00    0.0000000E+00
    1.5650000E+01   -1.1145209E+00    2.2871824E+00    4.2645906E+00    4.4454230E-01    9.7569275E-01    6.7740073E+00    0.0000000E+00    1.1209527E+00    9.1563050E-03    7.4359405E-04    7.4541464E+01    0.0000000E+00    0.0000000E+00    0.0000000E+00
    1.5750000E+01   -1.1146322E+00    2.2918598E+00    4.2664429E+00    4.4545141E-01    9.7814588E-01    6.7696157E+00    0.0000000E+00    1.1237711E+00    9.1542646E-03    7.4342076E-04    7.4539634E+01    0.0000000E+00    0.0000000E+00    0.0000000E+00
    1.5850000E+01   -1.1147437E+00    2.2965400E+00    4.2682907E+00    4.4636107E-01    9.8060139E-01    6.7652233E+00    0.0000000E+00    1.1265922E+00    9.1522381E-03    7.4324858E-04    7.4537798E+01    0.0000000E+00    0.0000000E+00    0.0000000E+00
    1.5950000E+01   -1.1148554E+00    2.3012229E+00    4.2701341E+00    4.4727126E-01    9.8305928E-01    6.7608300E+00    0.0000000E+00    1.1294160E+00    9.1502259E-03    7.4307753E-04    7.4535958E+01    0.0000000E+00    0.0000000E+00    0.0000000E+00
    1.6050000E+01   -1.1149674E+00    2.3059087E+00    4.2719729E+00    4.4818199E-01    9.8551955E-01    6.7564361E+00    0.0000000E+00    1.1322425E+00    9.1482279E-03    7.4290762E-04    7.4534113E+01    0.0000000E+00    0.0000000E+00    0.0000000E+00
    1.6150000E+01   -1.1150796E+00    2.3105972E+00    4.2738070E+00    4.4909327E-01    9.8798219E-01    6.7520414E+00    0.0000000E+00    1.1350718E+00    9.1462444E-03    7.4273887E-04    7.4532263E+01    0.0000000E+00    0.0000000E+00    0.0000000E+00
    1.6250000E+01   -1.1151921E+00    2.3152885E+00    4.2756364E+00    4.5000508E-01    9.9044720E-01    6.7476460E+00    0.0000000E+00    1.1379038E+00    9.1442755E-03    7.4257127E-04    7.4530407E+01    0.0000000E+00    0.0000000E+00    0.0000000E+00
    1.6350000E+01   -1.1153048E+00    2.3199826E+00    4.2774610E+00    4.5091743E-01    9.9291458E-01    6.7432500E+00    0.0000000E+00    1.1407385E+00    9.1423215E-03    7.4240486E-04    7.4528547E+01    0.0000000E+00    0.0000000E+00    0.0000000E+00
    1.6450000E+01   -1.1154178E+00    2.3246794E+00    4.2792806E+00    4.5183032E-01    9.9538433E-01    6.7388534E+00    0.0000000E+00    1.1435760E+00    9.1403824E-03    7.4223964E-04    7.4526682E+01    0.0000000E+00    0.0000000E+00    0.0000000E+00
    1.6550000E+01   -1.1155310E+00    2.3293791E+00    4.2810952E+00    4.5274375E-01    9.9785646E-01    6.7344563E+00    0.0000000E+00    1.1464162E+00    9.1384584E-03    7.4207563E-04    7.4524812E+01    0.0000000E+00    0.0000000E+00    0.0000000E+00
    1.6650000E+01   -1.1156445E+00    2.3340815E+00    4.2829046E+00    4.5365772E-01    1.0003309E+00    6.7300586E+00    0.0000000E+00    1.1492590E+00    9.1365498E-03    7.4191284E-04    7.4522937E+01    0.0000000E+00    0.0000000E+00    0.0000000E+00
    1.6750000E+01   -1.1157582E+00    2.3387867E+00    4.2847088E+00    4.5457223E-01    1.0028078E+00    6.7256604E+00    0.0000000E+00    1.1521047E+00    9.1346567E-03    7.4175128E-04    7.4521057E+01    0.0000000E+00    0.0000000E+00    0.0000000E+00
    1.6850000E+01   -1.1158722E+00    2.3434946E+00    4.2865077E+00    4.5548728E-01    1.0052870E+00    6.7212618E+00    0.0000000E+00    1.1549530E+00    9.1327792E-03    7.4159098E-04    7.4519172E+01    0.0000000E+00    0.0000000E+00    0.0000000E+00
    1.6950000E+01   -1.1159865E+00    2.3482053E+00    4.2883011E+00    4.5640287E-01    1.0077686E+00    6.7168628E+00    0.0000000E+00    1.1578040E+00    9.1309177E-03    7.4143194E-04    7.4517281E+01    0.0000000E+00    0.0000000E+00    0.0000000E+00
    1.7050000E+01   -1.1161010E+00    2.3529189E+00    4.2900889E+00    4.5731900E-01    1.0102526E+00    6.7124634E+00    0.0000000E+00    1.1606578E+00    9.1290722E-03    7.4127419E-04    7.4515386E+01    0.0000000E+00    0.0000000E+00    0.0000000E+00
    1.7150000E+01   -1.1162158E+00    2.3576352E+00    4.2918711E+00    4.5823567E-01    1.0127389E+00    6.7080637E+00    0.0000000E+00    1.1635143E+00    9.1272431E-03    7.4111773E-04    7.4513485E+01    0.0000000E+00    0.0000000E+00    0.0000000E+00
    1.7250000E+01   -1.1163309E+00    2.3623542E+00    4.2936475E+00    4.5915289E-01    1.0152276E+00    6.7036637E+00    0.0000000E+00    1.1663735E+00    9.1254304E-03    7.4096259E-04    7.4511580E+01    0.0000000E+00    0.0000000E+00    0.0000000E+00
    1.7350000E+01   -1.1164462E+00    2.3670761E+00    4.2954181E+00    4.6007064E-01    1.0177186E+00    6.6992634E+00    0.0000000E+00    1.1692354E+00    9.1236344E-03    7.4080878E-04    7.4509669E+01    0.0000000E+00    0.0000000E+00    0.0000000E+00
    1.7450000E+01   -1.1165618E+00    2.3718007E+00    4.2971825E+00    4.6098893E-01    1.0202120E+00    6.6948630E+00    0.0000000E+00    1.1721000E+00    9.1218553E-03    7.4065632E-04    7.4507753E+01    0.0000000E+00    0.0000000E+00    0.0000000E+00
    1.7550000E+01   -1.1166776E+00    2.3765282E+00    4.2989409E+00    4.6190777E-01    1.0227078E+00    6.6904625E+00    0.0000000E+00    1.1749673E+00    9.1200933E-03    7.4050523E-04    7.4505831E+01    0.0000000E+00    0.0000000E+00    0.0000000E+00
    1.7650000E+01   -1.1167938E+00    2.3812584E+00    4.3006930E+00    4.6282715E-01    1.0252059E+00    6.6860618E+00    0.0000000E+00    1.1778374E+00    9.1183487E-03    7.4035553E-04    7.4503904E+01    0.0000000E+00    0.0000000E+00    0.0000000E+00
    1.7750000E+01   -1.1169102E+00    2.3859915E+00    4.3024387E+00    4.6374708E-01    1.0277065E+00    6.6816611E+00    0.0000000E+00    1.1807102E+00    9.1166217E-03    7.4020723E-04    7.4501972E+01    0.0000000E+00    0.0000000E+00    0.0000000E+00
    1.7850000E+01   -1.1170269E+00    2.3907273E+00    4.3041778E+00    4.6466755E-01    1.0302093E+00    6.6772604E+00    0.0000000E+00    1.1835857E+00    9.1149126E-03    7.4006036E-04    7.4500035E+01    0.0000000E+00    0.0000000E+00    0.0000000E+00
    1.7950000E+01   -1.1171438E+00    2.3954660E+00    4.3059103E+00    4.6558856E-01    1.0327146E+00    6.6728597E+00    0.0000000E+00    1.1864639E+00    9.1132216E-03    7.3991493E-04    7.4498092E+01    0.0000000E+00    0.0000000E+00    0.0000000E+00
    1.8050000E+01   -1.1172611E+00    2.4002075E+00    4.3076359E+00    4.6651013E-01    1.0352222E+00    6.6684591E+00    0.0000000E+00    1.1893449E+00    9.1115489E-03    7.3977097E-04    7.4496144E+01    0.0000000E+00    0.0000000E+00    0.0000000E+00
    1.8150000E+01   -1.1173786E+00    2.4049518E+00    4.3093545E+00    4.6743224E-01    1.0377322E+00    6.6640587E+00    0.0000000E+00    1.1922286E+00    9.1098949E-03    7.3962850E-04    7.4494190E+01    0.0000000E+00    0.0000000E+00    0.0000000E+00
    1.8250000E+01   -1.1174965E+00    2.4096989E+00    4.3110660E+00    4.6835491E-01    1.0402446E+00    6.6596585E+00    0.0000000E+00    1.1951150E+00    9.1082598E-03    7.3948755E-04    7.4492231E+01    0.0000000E+00    0.0000000E+00    0.0000000E+00
    1.8350000E+01   -1.1176146E+00    2.4144489E+00    4.3127702E+00    4.6927813E-01    1.0427594E+00    6.6552586E+00    0.0000000E+00    1.1980042E+00    9.1066440E-03    7.3934813E-04    7.4490266E+01    0.0000000E+00    0.0000000E+00    0.0000000E+00
    1.8450000E+01   -1.1177330E+00    2.4192017E+00    4.3144669E+00    4.7020190E-01    1.0452765E+00    6.6508590E+00    0.0000000E+00    1.2008961E+00    9.1050477E-03    7.3921028E-04    7.4488296E+01    0.0000000E+00    0.0000000E+00    0.0000000E+00
    1.8550000E+01   -1.1178517E+00    2.4239574E+00    4.3161560E+00    4.7112623E-01    1.0477960E+00    6.6464598E+00    0.0000000E+00    1.2037907E+00    9.1034714E-03    7.3907401E-04    7.4486320E+01    0.0000000E+00    0.0000000E+00    0.0000000E+00
    1.8650000E+01   -1.1179708E+00    2.4287160E+00    4.3178371E+00    4.7205112E-01    1.0503180E+00    6.6420610E+00    0.0000000E+00    1.2066881E+00    9.1019153E-03    7.3893938E-04    7.4484338E+01    0.0000000E+00    0.0000000E+00    0.0000000E+00
    1.8750000E+01   -1.1180901E+00    2.4334775E+00    4.3195102E+00    4.7297657E-01    1.0528423E+00    6.6376628E+00    0.0000000E+00    1.2095882E+00    9.1003799E-03    7.3880639E-04    7.4482351E+01    0.0000000E+00    0.0000000E+00    0.0000000E+00
    1.8850000E+01   -1.1182098E+00    2.4382419E+00    4.3211749E+00    4.7390259E-01    1.0553690E+00    6.6332652E+00    0.0000000E+00    1.2124912E+00    9.0988656E-03    7.3867509E-04    7.4480357E+01    0.0000000E+00    0.0000000E+00    0.0000000E+00
    1.8950000E+01   -1.1183297E+00    2.4430092E+00    4.3228310E+00    4.7482918E-01    1.0578982E+00    6.6288684E+00    0.0000000E+00    1.2153968E+00    9.0973728E-03    7.3854552E-04    7.4478358E+01    0.0000000E+00    0.0000000E+00    0.0000000E+00
    1.9050000E+01   -1.1184500E+00    2.4477795E+00    4.3244782E+00    4.7575635E-01    1.0604298E+00    6.6244723E+00    0.0000000E+00    1.2183053E+00    9.0959022E-03    7.3841772E-04    7.4476353E+01    0.0000000E+00    0.0000000E+00    0.0000000E+00
    1.9150000E+01   -1.1185707E+00    2.4525528E+00    4.3261162E+00    4.7668410E-01    1.0629638E+00    6.6200771E+00    0.0000000E+00    1.2212166E+00    9.0944542E-03    7.3829174E-04    7.4474342E+01    0.0000000E+00    0.0000000E+00    0.0000000E+00
    1.9250000E+01   -1.1186916E+00    2.4573291E+00    4.3277446E+00    4.7761243E-01    1.0655002E+00    6.6156829E+00    0.0000000E+00    1.2241307E+00    9.0930297E-03    7.3816763E-04    7.4472325E+01    0.0000000E+00    0.0000000E+00    0.0000000E+00
    1.9350000E+01   -1.1188129E+00    2.4621085E+00    4.3293629E+00    4.7854136E-01    1.0680392E+00    6.6112899E+00    0.0000000E+00    1.2270476E+00    9.0916294E-03    7.3804547E-04    7.4470301E+01    0.0000000E+00    0.0000000E+00    0.0000000E+00
    1.9450000E+01   -1.1189346E+00    2.4668910E+00    4.3309706E+00    4.7947090E-01    1.0705806E+00    6.6068982E+00    0.0000000E+00    1.2299674E+00    9.0902545E-03    7.3792534E-04    7.4468271E+01    0.0000000E+00    0.0000000E+00    0.0000000E+00
    1.9550000E+01   -1.1190566E+00    2.4716767E+00    4.3325668E+00    4.8040106E-01    1.0731246E+00    6.6025082E+00    0.0000000E+00    1.2328901E+00    9.0889063E-03    7.3780736E-04    7.4466235E+01    0.0000000E+00    0.0000000E+00    0.0000000E+00
    1.9650000E+01   -1.1191791E+00    2.4764657E+00    4.3341505E+00    4.8133187E-01    1.0756711E+00    6.5981200E+00    0.0000000E+00    1.2358158E+00    9.0875868E-03    7.3769168E-04    7.4464191E+01    0.0000000E+00    0.0000000E+00    0.0000000E+00
    1.9750000E+01   -1.1193019E+00    2.4812582E+00    4.3357202E+00    4.8226336E-01    1.0782203E+00    6.5937343E+00    0.0000000E+00    1.2387445E+00    9.0862989E-03    7.3757854E-04    7.4462140E+01    0.0000000E+00    0.0000000E+00    0.0000000E+00
    1.9850000E+01   -1.1194253E+00    2.4860546E+00    4.3372731E+00    4.8319558E-01    1.0807723E+00    6.5893518E+00    0.0000000E+00    1.2416764E+00    9.0850475E-03    7.3746833E-04    7.4460081E+01    0.0000000E+00    0.0000000E+00    0.0000000E+00
    1.9950000E+01   -1.1195492E+00    2.4908553E+00    4.3388037E+00    4.8412866E-01    1.0833273E+00    6.5849742E+00    0.0000000E+00    1.2446118E+00    9.0838424E-03    7.3736188E-04    7.4458012E+01    0.0000000E+00    0.0000000E+00    0.0000000E+00
